ARM GAS  C:\Users\User\AppData\Local\Temp\ccN1pwDL.s 			page 1


   1              		.cpu cortex-m7
   2              		.eabi_attribute 20, 1
   3              		.eabi_attribute 21, 1
   4              		.eabi_attribute 23, 3
   5              		.eabi_attribute 24, 1
   6              		.eabi_attribute 25, 1
   7              		.eabi_attribute 26, 1
   8              		.eabi_attribute 30, 2
   9              		.eabi_attribute 34, 1
  10              		.eabi_attribute 18, 4
  11              		.file	"chmemcore.c"
  12              		.text
  13              	.Ltext0:
  14              		.section	.gnu.lto_.profile.9e80c033,"",%progbits
  15 0000 789C6365 		.ascii	"x\234ce`b`a```d\320V\007\000\000\375\000_"
  15      60626061 
  15      60606064 
  15      D0560700 
  15      00FD005F 
  16              		.text
  17              		.section	.gnu.lto_.icf.9e80c033,"",%progbits
  18 0000 789C6365 		.ascii	"x\234ce`bPc@\0006\206\243\013O\037\345f\334\373\360"
  18      60625063 
  18      40003686 
  18      A30B4F1F 
  18      E566DCFB 
  19 0015 5D3B2B33 		.ascii	"];+3\230d\2357\343\321R>\266\223+\337>\346f\277>\345"
  19      98649D37 
  19      E3D1523E 
  19      B6932BDF 
  19      3EE666BF 
  20 002b F5621606 		.ascii	"\365b\026\006\000n\233\022\220"
  20      006E9B12 
  20      90
  21              		.text
  22              		.section	.gnu.lto_.jmpfuncs.9e80c033,"",%progbits
  23 0000 789C6365 		.ascii	"x\234ce`b\020c@\000\026 febdd\256\257g\203P\354@\021"
  23      60621063 
  23      40001620 
  23      66656264 
  23      64AEAF67 
  24 0019 0017A902 		.ascii	"\000\027\251\002>"
  24      3E
  25              		.text
  26              		.section	.gnu.lto_.inline.9e80c033,"",%progbits
  27 0000 789C6365 		.ascii	"x\234ce`b\250`@\000\026\006\006V\026F\006&\226\005\362"
  27      6062A860 
  27      40001606 
  27      06561646 
  27      06269605 
  28 0015 0C6C0BE4 		.ascii	"\014l\013\344\231@b\254\014\202\002\214L\214\012\214"
  28      994062AC 
  28      0C82028C 
  28      4C8C0A8C 
  29 0025 40368860 		.ascii	"@6\210`\021\2310\223\021\"\313\366A\217\207\201\351"
  29      11993093 
  29      1122CBF6 
ARM GAS  C:\Users\User\AppData\Local\Temp\ccN1pwDL.s 			page 2


  29      418F8781 
  29      E9
  30 0036 023F0B48 		.ascii	"\002?\013H\035\033\203\260\020#\023X\011X1\213\304\206"
  30      1D1B83B0 
  30      10231358 
  30      0958318B 
  30      C486
  31 0048 1D68EA38 		.ascii	"\035h\3528@\352\330\031\330X\201V\000\305\340V0\000"
  31      40EAD819 
  31      D8588156 
  31      00C5E056 
  31      3000
  32 005a 0012AD0D 		.ascii	"\000\022\255\015z"
  32      7A
  33              		.text
  34              		.section	.gnu.lto_.pureconst.9e80c033,"",%progbits
  35 0000 789C6365 		.ascii	"x\234ce`b\340b```a\220`\225`\333\305\310\316\002\000"
  35      6062E062 
  35      60606061 
  35      90609560 
  35      DBC5C8CE 
  36 0016 05CE0117 		.ascii	"\005\316\001\027"
  37              		.text
  38              		.section	.gnu.lto__core_init.9e80c033,"",%progbits
  39 0000 789C6365 		.ascii	"x\234ce`bPeb`(e``\220\006bFf\006F\246\011\347\030\030"
  39      60625065 
  39      62602865 
  39      60609006 
  39      62466606 
  40 001a 1A399818 		.ascii	"\0329\230\030\031A\214\006\016F\206z&\306z\306~\346"
  40      19418C06 
  40      0E46867A 
  40      26C67AC6 
  40      7EE6
  41 002c E9CC8C87 		.ascii	"\351\314\214\207\332\237\355d\322\\\336\000\004\007"
  41      DA9FED64 
  41      D25CDE00 
  41      0407
  42 003a A6EF636B 		.ascii	"\246\357ckkh\225\230\317\314\3000\023\210A\200q9\243"
  42      6B689598 
  42      CFCCC030 
  42      13884180 
  42      7139A3
  43 004d 260350D9 		.ascii	"&\003P\331\327\256\317Oy\231\243\031A\354\005\373\017"
  43      D7AECF4F 
  43      7999A319 
  43      41EC05FB 
  43      0F
  44 005e 9DE7575D 		.ascii	"\235\347W]\334\360\000\250\345\332,\221I\015\013f4\260"
  44      DCF000A8 
  44      E5DA2C91 
  44      490D0B66 
  44      34B0
  45 0070 CC676664 		.ascii	"\314gfd\\\301\310\014\325\007b2\200\324^\177\262e##"
  45      5CC1C80C 
  45      D5076232 
  45      80D45E7F 
ARM GAS  C:\Users\User\AppData\Local\Temp\ccN1pwDL.s 			page 3


  45      B2652323 
  46 0084 730658DF 		.ascii	"s\006X\337\275\235\3536\262A\365\235\222jl8\324\250"
  46      BD9DEB36 
  46      B241F59D 
  46      926A6C38 
  46      D4A8
  47 0096 00D2B50A 		.ascii	"\000\322\265\012\241k\025T\327\243\215\377\246\362\262"
  47      A16B1554 
  47      D7A38DFF 
  47      A6F2B2
  48 00a5 B130AE66 		.ascii	"\2610\256fTe\\\311\250\012q\015\343\032F6F \275\376"
  48      54655CC9 
  48      A80A710D 
  48      E31A4636 
  48      4620BDFE 
  49 00b9 12E38186 		.ascii	"\022\343\201\206\177\377\333\033\016\374\223\\\277\345"
  49      7FFFDB1B 
  49      0EFC935C 
  49      BFE5
  50 00c7 BE200B03 		.ascii	"\276 \013\003C\027P\036\344\265nf&\020\315\374\222\261"
  50      4317501E 
  50      E4B56E66 
  50      2610CDFC 
  50      92B1
  51 00d9 E957FBDD 		.ascii	"\351W\373\335\2559 -@\343\246\265\036:\317\336\307<"
  51      AD39202D 
  51      40E3A6B5 
  51      1E3ACFDE 
  51      C73C
  52 00eb 9F9909EC 		.ascii	"\237\231\011\354\216\235;\337\334f\257\377\333\300\001"
  52      8E9D3BDF 
  52      DC66AFFF 
  52      DBC001
  53 00fa 14580C32 		.ascii	"\024X\0142\031(\366\352\314\325#\\\363\031\3472\316"
  53      1928F6EA 
  53      CCD5235C 
  53      F319E732 
  53      CE
  54 010b 6766665C 		.ascii	"gff\\\007\014\234\265\2142@+\3273\316gD6\200\005\335"
  54      070C9CB5 
  54      8C32402B 
  54      D733CE67 
  54      44368005 
  55 0120 0096C5CC 		.ascii	"\000\226\305\314\214\350\00602n\004\032\260\001d\000"
  55      8CE80630 
  55      326E041A 
  55      B0016400 
  56 0130 28B47EFD 		.ascii	"(\264~\375\274\312\003T\334\321\320\260\240\014d\302"
  56      BCCA0354 
  56      DCD1D0B0 
  56      A00C64C2 
  57 0140 26A09940 		.ascii	"&\240\231@\24373\3263\200\335\371\026\356NT\2071a:l"
  57      A33733D6 
  57      3380DDF9 
  57      16EE4E54 
  57      8731613A 
  58 0155 0BDC615B 		.ascii	"\013\334a[!\016Cu\0113\246K\266\341s\311v\210Kv\000"
ARM GAS  C:\Users\User\AppData\Local\Temp\ccN1pwDL.s 			page 4


  58      210E4375 
  58      0933A64B 
  58      B6E173C9 
  58      76884B76 
  59 016a 5DF296B1 		.ascii	"]\362\226\261i\301\357^F\220C\300Q\321\005\364\0260"
  59      69C1EF5E 
  59      469043C0 
  59      51D105F4 
  59      1630
  60 017c 24816E88 		.ascii	"$\201n\210p\266\212I\316\310L\312\214q\006\221\301%"
  60      70B68A49 
  60      CEC84CCA 
  60      8C710691 
  60      C125
  61 018e A52999F9 		.ascii	"\245)\231\371\206\346e\306\361\345\231y)\371\345\305"
  61      86E665C6 
  61      F1E59979 
  61      29F9E5C5 
  62 019e C8E21095 		.ascii	"\310\342\020\225\371\305\206\346f\372\371\305\372\311"
  62      F9C586E6 
  62      66FAF9C5 
  62      FAC9
  63 01ac F9B9B9F9 		.ascii	"\371\271\271\371y@VNf\222~qQ\262~rFnjnr~Q\252^2\003"
  63      7940564E 
  63      66927E71 
  63      51B27E72 
  63      466E6A6E 
  64 01c7 4F7C7C46 		.ascii	"O||FjbA|j^J|</\224\223\224X\234\032\037\017\000\002"
  64      6A62417C 
  64      6A5E4A7C 
  64      3C2F9493 
  64      94589C1A 
  65 01df E4E6FD   		.ascii	"\344\346\375"
  66              		.text
  67              		.section	.gnu.lto_chCoreAllocAlignedI.9e80c033,"",%progbits
  68 0000 789C8D53 		.ascii	"x\234\215S]H\024Q\024\276g\356\235\235e\327\335\365"
  68      5D481451 
  68      14BE67EE 
  68      9D9D65D7 
  68      DDF5
  69 0012 8720C8C0 		.ascii	"\207 \310\300\207D|q\221~\204^}\351\275\227\"\241r5"
  69      87447C71 
  69      917E845E 
  69      7DE9BD97 
  69      22A17235 
  70 0026 1D709D70 		.ascii	"\035p\235p+!\002GWWL*\203Z+\\\226\222P3S\373\325\007"
  70      2B210247 
  70      57574C2A 
  70      835A2B5C 
  70      96925033 
  71 003e 71C90825 		.ascii	"q\311\010%\373\223\0041\004\351\177-\243\242\2400\327"
  71      FB930431 
  71      04E97F2D 
  71      A3A2A030 
  71      D7
  72 004f CEB9B399 		.ascii	"\316\271\263\231?/\015\314\231{\277{\276s\277\363\335"
  72      3F2F0DCC 
ARM GAS  C:\Users\User\AppData\Local\Temp\ccN1pwDL.s 			page 5


  72      997BBF7B 
  72      BE73BFF3 
  72      DD
  73 0060 3B2A53D8 		.ascii	";*S\330\014g\254\2141\266\035_P\031(-O\030\253\265+"
  73      0C67AC8C 
  73      31B61D5F 
  73      5019282D 
  73      4F18ABB5 
  74 0075 8AF8A031 		.ascii	"\212\370\2401\323\301;\0372f\246p\020\026.\000h`\332"
  74      D3C13B1F 
  74      3266A670 
  74      10162E00 
  74      6860DA
  75 0088 81D5285C 		.ascii	"\201\325(\\@\015\234\341\255\034\236\327\367\265\361"
  75      400D9CE1 
  75      AD1C9ED7 
  75      F7B5F1
  76 0097 D33CCA19 		.ascii	"\323<\312\031\010\234~}|\351\265\233\246\000Y\264:\367"
  76      089C7E7D 
  76      7CE9B59B 
  76      A60059B4 
  76      3AF7
  77 00a9 BEDE99DB 		.ascii	"\276\336\231\333a\232uf\254u@k\0156\354\212r\205]\304"
  77      619A7566 
  77      AC75406B 
  77      0D36EC8A 
  77      72855DC4 
  78 00bd EC4EC884 		.ascii	"\354N\310\204\016\310\244\315\273 \027s\257\324N>r\361"
  78      0EC8A4CD 
  78      BB201773 
  78      AFD44E3E 
  78      72F1
  79 00cf 7DC070DC 		.ascii	"}\300p\334\3303\024w\347\\\225\274\027\347\270\271%"
  79      D8331477 
  79      E75C95BC 
  79      17E7B8B9 
  79      25
  80 00e0 CA395C03 		.ascii	"\3129\\\003\276\222\210\020\203n\310\301\364\226\205"
  80      BE928810 
  80      836EC8C1 
  80      F49685
  81 00ef C5598D1F 		.ascii	"\305Y\215\037\220\324\340\345\351a\221\244\216\207%"
  81      90D4E0E5 
  81      E96191A4 
  81      8E8725
  82 00fe 55C0F5B5 		.ascii	"U\300\365\265T\301\240\007r(\177<\326\324\353\340\207"
  82      54C1A007 
  82      72287F3C 
  82      D6D4EBE0 
  82      87
  83 010f 24373111 		.ascii	"$71\021\377\242f\267K\356\347\310\306\263As\324\024"
  83      FFA266B7 
  83      4BEEE7C8 
  83      C6B34173 
  83      D414
  84 0121 51AEC28D 		.ascii	"Q\256\302\215\325|z0\375U\177\342\274\313&\240\027\262"
  84      D57C7A30 
ARM GAS  C:\Users\User\AppData\Local\Temp\ccN1pwDL.s 			page 6


  84      FD557FE2 
  84      BCCB26A0 
  84      17B2
  85 0133 DBD14CCC 		.ascii	"\333\321L\314\300f\372\300\006\370!\260w\002bfb\251"
  85      C066FAC0 
  85      06F821B0 
  85      77026266 
  85      62A9
  86 0145 D18CBDDB 		.ascii	"\321\214\275\333\374\363\373b\332\006\300\235\025\264"
  86      FCF3FB62 
  86      DA06C09D 
  86      15B4
  87 0153 06B7463B 		.ascii	"\006\267F;Q\273JRl\0244\012v\331\220\003\207\252\223"
  87      51BB4A52 
  87      6C14340A 
  87      76D99003 
  87      87AA93
  88 0166 E629145C 		.ascii	"\346)\024\\\024\334\024<\214\252\246\322r\032\315\323"
  88      14DC143C 
  88      8CAAA6D2 
  88      721ACDD3 
  89 0176 2964D094 		.ascii	")d\320\224\261\223\2709\235O3\332\213_\036\207`8\324"
  89      B193B839 
  89      9D4F33DA 
  89      8B5F1E87 
  89      6038D4
  90 0189 33544E7A 		.ascii	"3TNz\"\\\215p\036\301\246%\012\026F0613\332\325-\017"
  90      225C8D70 
  90      1EC1A625 
  90      0A164630 
  90      363133DA 
  91 01a0 50C0123E 		.ascii	"P\300\022>\036\350\307\006\343P7\3657OC.\021\177\207"
  91      1EE8C706 
  91      E35037F5 
  91      374F432E 
  91      117F87
  92 01b3 9AB885D8 		.ascii	"\232\270\205\330%Yco\241.K\366\213\242\021%V8\376q\304"
  92      2559636F 
  92      A12E4BF6 
  92      8BA21125 
  92      5638FE71 
  93 01c8 616539B0 		.ascii	"ae9\260x\270\341\376S\215\212\333\244\277\203\203\237"
  93      78B8E1FE 
  93      538D8ADB 
  93      A4BF8383 
  93      9F
  94 01d9 5E6A358B 		.ascii	"^j5\213\246\035\201v\016\322\304\271\361\311\007\216"
  94      A61D8176 
  94      0ED2C4B9 
  94      F1C9078E 
  95 01e9 2844807C 		.ascii	"(D\200|\276\205\327\352&\031\014\267!\012T\360[cR\206"
  95      BE85D7EA 
  95      26190CB7 
  95      210A54F0 
  95      5B635286 
  96 01fd 132BAED2 		.ascii	"\023+\256\322\237\"{r\256\302\\\010'\033@\275I\320-"
  96      9F227B72 
ARM GAS  C:\Users\User\AppData\Local\Temp\ccN1pwDL.s 			page 7


  96      AEC25C08 
  96      271B40BD 
  96      49D02D
  97 0210 7B7059D5 		.ascii	"{pY\325\366Z\230\007\341\177\372\321U\204,\375\363A"
  97      F65A9807 
  97      E17FFAD1 
  97      55842CFD 
  97      F341
  98 0222 9B9592BA 		.ascii	"\233\225\222\272N\260\262^\360\235e\301w\327\012N\303"
  98      4EB0B25E 
  98      F09D65C1 
  98      77D70A4E 
  98      C3
  99 0233 12A4E342 		.ascii	"\022\244\343B\350\227j!\351\022t\2637P?5\262m\331\313"
  99      E8976A21 
  99      E91274B3 
  99      37503F35 
  99      B26DD9CB 
 100 0247 74799F9A 		.ascii	"ty\237\232\321e\374\345\350\340\332B\247\206OX\313\031"
 100      D165FCE5 
 100      E8E0DA42 
 100      A7864F58 
 100      CB19
 101 0259 52AA65ED 		.ascii	"R\252e\355\330&\302\376\307\306{\313\252\006P\025V\221"
 101      D826C2FE 
 101      C7C67BCB 
 101      AA065015 
 101      5691
 102 026b F585BC18 		.ascii	"\365\205\274\030\363\240\260\010\221\330\017\000\310"
 102      F3A0B008 
 102      91D80F00 
 102      C8
 103 0278 CB54A617 		.ascii	"\313T\246\027f1\305\303\247\023\317\000\257\021P\026"
 103      6631C5C3 
 103      A713CF00 
 103      AF115016 
 104 0288 76BAA770 		.ascii	"v\272\247pg\221\257\\/\326\213\012)\356>r\264D7\362"
 104      6791AF5C 
 104      2FD68B0A 
 104      29EE3E72 
 104      B44437F2 
 105 029c 0B8E6DDD 		.ascii	"\013\216m\335_\255W\226\030\325\201\225\270\225i\004"
 105      5FAD5796 
 105      18D58195 
 105      B8956904 
 106 02ac F20B7678 		.ascii	"\362\013vx\215\200\327g\370\375F%\216*\364bo\240\312"
 106      8D80D767 
 106      F8FD4625 
 106      8E2AF462 
 106      6FA0CA
 107 02bf E7F595FB 		.ascii	"\347\365\225\373K\375>\243\2524\317\307D@?^\252\036"
 107      4BFD3EA3 
 107      AA34CFC7 
 107      44403F5E 
 107      AA1E
 108 02d1 ACD0CB2A 		.ascii	"\254\320\313*\341\360\037\352\234Rm"
 108      E1F01FEA 
ARM GAS  C:\Users\User\AppData\Local\Temp\ccN1pwDL.s 			page 8


 108      9C526D
 109              		.text
 110              		.section	.gnu.lto_chCoreAllocAligned.9e80c033,"",%progbits
 111 0000 789CA554 		.ascii	"x\234\245T]L\233e\024~\317\367~\375Z\012\005\306\215"
 111      5D4C9B65 
 111      147ECFF7 
 111      7EFD5A0A 
 111      05C68D
 112 0013 26725112 		.ascii	"&rQ\022\011#1\324\305)\211\361\306p\243\027x1n4\222"
 112      092331D4 
 112      C52989F1 
 112      C670A317 
 112      78316E34 
 113 0028 3028DDDA 		.ascii	"0(\335\332\204R\322\002\333\214\011\337(\003\221\351"
 113      8452D202 
 113      DB8C09DF 
 113      280391E9 
 114 0038 669CFC4C 		.ascii	"f\234\374L\232\316-f\340d\260\316\271\341\370\351\200"
 114      9ACE2D66 
 114      E064B0CE 
 114      B9E1F8E9 
 114      80
 115 0049 4D909F6D 		.ascii	"M\220\237m\004\014a\232\340\220l\260_\247f3\270\316"
 115      040C619A 
 115      E0906CB0 
 115      5FA76633 
 115      B8CE
 116 005b 73DEAF74 		.ascii	"s\336\257t\205\0225\241\027o\277\367\274\3479?\317\371"
 116      851235A1 
 116      176FBFF7 
 116      BCE7393F 
 116      CFF9
 117 006d D13189ED 		.ascii	"\3211\211\355\3203\326\010\214\275\314\030\003\035\003"
 117      D033D608 
 117      8CBDCC18 
 117      031D03
 118 007c E9E00463 		.ascii	"\351\340\004c{\015\222$\337\3243\325\310\333.1\246&"
 118      7B0D9224 
 118      DFD433D5 
 118      C8DB2E31 
 118      A626
 119 008e 709035B9 		.ascii	"p\2205\271\014@\037\252\001X\225\304e\250\202\003\274"
 119      0C401FAA 
 119      015895C4 
 119      65A88203 
 119      BC
 120 009f 89C3D59A 		.ascii	"\211\303\325\232\256V\3761\367s\0062^\177\033?<\237"
 120      AE56FE31 
 120      F7730632 
 120      5E7F1B3F 
 120      3C9F
 121 00b1 48570033 		.ascii	"HW\0003\275.\335\250\211\317<\256\252\325j\260)`l\362"
 121      BD2EDDA8 
 121      89CF3CAE 
 121      AAD56AB0 
 121      29606CF2 
 122 00c5 EE7BC3CF 		.ascii	"\356{\303\317%\326\202\332m\220\012\307!\225\234\267"
ARM GAS  C:\Users\User\AppData\Local\Temp\ccN1pwDL.s 			page 9


 122      25D682DA 
 122      6D900AC7 
 122      21959CB7 
 123 00d5 4326EA1E 		.ascii	"C&\352\036\335;=j\342\357\002\303\357\272\216\336\305"
 123      DD3B3D6A 
 123      E2EF02C3 
 123      EFBA8EDE 
 123      C5
 124 00e6 C48C2F05 		.ascii	"\304\214/\005n\354\020W\237\367s\016_\001\217\006\242"
 124      6EEC1057 
 124      9FF7730E 
 124      5F018F06 
 124      A2
 125 00f7 88C109C8 		.ascii	"\210\301\011\310@\365\203\313\217\347\364|\273\200z"
 125      40F583CB 
 125      8FE7F47C 
 125      BB807A
 126 0106 BF98ED97 		.ascii	"\277\230\355\227\303\320\241F\001\225\341\353\265P\231"
 126      C3D0A146 
 126      0195E1EB 
 126      B55099
 127 0115 41076490 		.ascii	"A\007d\220\376X\260\276\323\310w\010\354O\037\204\316"
 127      FE58B0BE 
 127      D3C87708 
 127      EC4F1F84 
 127      CE
 128 0126 CAE9C704 		.ascii	"\312\351\307\004\366\307\366\224O\274\352\260*c\300"
 128      F6C7F694 
 128      4FBCEAB0 
 128      2A63C0
 129 0135 7072359E 		.ascii	"pr5\236~\250~\375T\3503\223\"C'\244SJ\230I\027(\310"
 129      7EA87EFD 
 129      54E83393 
 129      224327A4 
 129      534A9849 
 130 014c A8846F8D 		.ascii	"\250\204o\2157\037\205\364aS\023\355\211-j\260\306\274"
 130      371F85F4 
 130      615313ED 
 130      892D6AB0 
 130      C6BC
 131 015e 4E12F483 		.ascii	"N\022\364\203S\220\216\210\320\344\342}]\030q\327\367"
 131      53908E88 
 131      D0E4E27D 
 131      5D1871D7 
 131      F7
 132 016f EC8A73DD 		.ascii	"\354\212s\335z\316!\000\351\235\223\020TCO\352\320~"
 132      7ACE2100 
 132      E99D9310 
 132      54434FEA 
 132      D07E
 133 0181 E6BD3FA6 		.ascii	"\346\275?\246R\236\221\200\350@\34613\231r\324\321\241"
 133      529E9180 
 133      E840E631 
 133      339972D4 
 133      D1A1
 134 0193 D0A1174E 		.ascii	"\320\241\027N\014\370\251\213\243\273\221\216x:\022"
 134      0CF8A98B 
ARM GAS  C:\Users\User\AppData\Local\Temp\ccN1pwDL.s 			page 10


 134      A3BB918E 
 134      783A12
 135 01a2 E8300983 		.ascii	"\3500\011\203\211\364\234D\367d:6\3215\205Q\275\330"
 135      89F49C44 
 135      F7643A36 
 135      D1358551 
 135      BDD8
 136 01b4 87981D55 		.ascii	"\207\230\035U\277\001/\370\317\027@\"\002n\364\324M"
 136      BF012FF8 
 136      CF174022 
 136      026EF4D4 
 136      4D
 137 01c5 01B70BEE 		.ascii	"\001\267\013\356\316\364\3154\033\303\341?\364m>\354"
 137      CEF4CD34 
 137      1BC3E13F 
 137      F46D3EEC 
 138 01d5 1DDDAF1E 		.ascii	"\035\335\257\036\251N\366s\005N\257\223\3007\"\347\272"
 138      A94EF673 
 138      054EAF93 
 138      C03722E7 
 138      BA
 139 01e6 45B557A6 		.ascii	"E\265W\246vQ\300\014g\360m\011\252\257\337k\355\232"
 139      7651C00C 
 139      67F06D09 
 139      AAAFDF6B 
 139      ED9A
 140 01f8 8408BD35 		.ascii	"\204\010\2755*\376\202\237\2363\012v[8\2605O\363\343"
 140      2AFE829F 
 140      9E330A76 
 140      5B38B035 
 140      4FF3E3
 141 020b E60206DF 		.ascii	"\346\002\006\337\322\233\264\366\355w\337\346\3179\371"
 141      D29BB4F6 
 141      ED77DFE6 
 141      CF39F9
 142 021a 62709614 		.ascii	"bp\226\024xT\331\030\234\003\005#\351\246\232\001[\246"
 142      7854D918 
 142      9C030523 
 142      E9A69A01 
 142      5BA6
 143 022c AA1DF507 		.ascii	"\252\035\365\007\036\031\323\366s\277\332\214\325\322"
 143      1E19D3F6 
 143      73BFDA8C 
 143      D5D2
 144 023a 9376C7FC 		.ascii	"\223v\307\374y\325 #\007\360\035\244\211\262\337\277"
 144      79D52023 
 144      07F01DA4 
 144      89B2DFBF 
 145 024a 3D754D42 		.ascii	"=uMB\011\234\007Y\004\315\240G4\177[\337\340BB\332\201"
 145      099C0759 
 145      04CDA047 
 145      347F5BDF 
 145      E04242DA 
 146 025f 30DA40BA 		.ascii	"0\332@\272\017N\006\246\343\005\272\227\320\320\007"
 146      0F4E06A6 
 146      E305BA97 
 146      D0D007
ARM GAS  C:\Users\User\AppData\Local\Temp\ccN1pwDL.s 			page 11


 147 026e 325B806A 		.ascii	"2[\200j\263 \200\321\347\\}\253N\364\015\026\310\207"
 147      B32080D1 
 147      E75C7DAB 
 147      4EF40D16 
 147      C887
 148 0280 19D02BDD 		.ascii	"\031\320+\335\021<2?pK\212\351\241\230n\026|\366\023"
 148      113C323F 
 148      704B8AE9 
 148      A1986E16 
 148      7CF613
 149 0293 9AB345F0 		.ascii	"\232\263E\3606\326v\364\332\327\360p\267\335H\032\344"
 149      36D676F4 
 149      DAD7F070 
 149      B7DD481A 
 149      E4
 150 02a4 234CA31C 		.ascii	"#L\243\034\335\300\001\022\007\005\033\027@\361q\031"
 150      DDC00112 
 150      07051B17 
 150      40F17119 
 151 02b4 0389B6A6 		.ascii	"\003\211\266\246Iu\370\200\240\237\207\333O\210\211"
 151      4975F880 
 151      A09F87DB 
 151      4F8889
 152 02c3 97E109FE 		.ascii	"\227\341\011\376\222`\000cX\204\352\231Z\320\364\224"
 152      92600063 
 152      5884EA99 
 152      5AD0F494 
 153 02d3 30F4EFDA 		.ascii	"0\364\357\332z\256I\364\002\254h\271]X\311UO\250\306"
 153      7AAE49F4 
 153      02AC68B9 
 153      5D58C955 
 153      4FA8C6
 154 02e6 C55B8346 		.ascii	"\305[\203FM\313@c\263o\340\262\236\214\307\211:ww\337"
 154      4DCB4063 
 154      B36FE0B2 
 154      9E8CC789 
 154      3A7777DF 
 155 02fa BEA6AF7A 		.ascii	"\276\246\257z\254\032Pp\214kS\26746=d\364\203\017h6"
 155      AC1A5070 
 155      8C6B53B7 
 155      34363D64 
 155      F4830F68 
 156 030f 86700F0D 		.ascii	"\206p\017\015\212\022\\\004?\220\301\007u\3410\342\320"
 156      8A125C04 
 156      3F90C107 
 156      75E130E2 
 156      D0
 157 0320 A2964158 		.ascii	"\242\226AX`\304\270P\274J\026\217\342p\002\030oX\230"
 157      60C4B850 
 157      BC4A168F 
 157      E2700218 
 157      6F5898
 158 0333 207288D7 		.ascii	" r\210\327\254\275\243\311L(~\032\177\200\3427i\361"
 158      ACBDA3C9 
 158      4C287E1A 
 158      7F80E237 
 158      69F1
ARM GAS  C:\Users\User\AppData\Local\Temp\ccN1pwDL.s 			page 12


 159 0345 DFF12A9A 		.ascii	"\337\361*\232JbL\300\020\033\360\245H\300\337\257\015"
 159      4A624CC0 
 159      101BF0A5 
 159      48C0DFAF 
 159      0D
 160 0356 38094D50 		.ascii	"8\011MP\034\315\265\177\3514I\262\020&\260_\241ffpk"
 160      1CCDB57F 
 160      E93449B2 
 160      1026B05F 
 160      A1666670 
 161 036b 84CB6451 		.ascii	"\204\313dQ\362\006d\031w4GDk\355G\375\357k\317\233D"
 161      F2066419 
 161      77344744 
 161      6BED47FD 
 161      EF6BCF9B 
 162 0380 A81AB523 		.ascii	"\250\032\265#\317\221\354\377\3208\034\211j\004\243"
 162      CF91ECFF 
 162      D0381C89 
 162      6A04A3
 163 038f 422BC2BE 		.ascii	"B+\302\276\034\236\365\352#\017\017Ez\224E:\224:*\352"
 163      1C9EF5EA 
 163      230F0F45 
 163      7A94453A 
 163      943A2AEA 
 164 03a3 165875EB 		.ascii	"\026Xu\353\324n\322:\253\301\367\037\253\341\007\261"
 164      D46ED23A 
 164      ABC1F71F 
 164      ABE107B1 
 165 03b3 1A229D40 		.ascii	"\032\"\235@\3239\372o\253\241ge5\350VM\367\030\365s"
 165      D339FA6F 
 165      ABA16765 
 165      35E8564D 
 165      F718F573 
 166 03c7 CCAE78CD 		.ascii	"\314\256x\315\301`\234\224\225\330]\261\325\307\311"
 166      C1609C94 
 166      95D85DB1 
 166      D5C7C9
 167 03d6 398389D8 		.ascii	"9\203\211\330]qYL\307\225\250]\021\362\377\322\027\277"
 167      5D71594C 
 167      C795A85D 
 167      11F2FFD2 
 167      17BF
 168 03e8 B2064605 		.ascii	"\262\006F\005yW\305\032X;\363\223\221\231'\343\354\016"
 168      7957C51A 
 168      583BF393 
 168      919927E3 
 168      EC0E
 169 03fa CE7C43DB 		.ascii	"\316|C\333E\205b\366\361\024\314\370OH\201\254Tivy\016"
 169      458562F6 
 169      F114CCF8 
 169      4F4881AC 
 169      54697679 
 170 040f A937F1D9 		.ascii	"\2517\361\331\320\025\300\215\013\304>Zy;\347\325|\253"
 170      D015C08D 
 170      0BC43E5A 
 170      793BE7D5 
 170      7CAB
ARM GAS  C:\Users\User\AppData\Local\Temp\ccN1pwDL.s 			page 13


 171 0421 DD51E4C8 		.ascii	"\335Q\344\310\317\2413\257\274\242\330\341\332\222]"
 171      CFA133AF 
 171      BCA2D8E1 
 171      DA925D
 172 0430 F952C12E 		.ascii	"\371R\301.Gi\261k\227'Z\256i\272<[\262_\261\270<\026"
 172      4769B16B 
 172      97275AAE 
 172      69BA3C5B 
 172      B25FB1B8 
 173 0446 ABCBE974 		.ascii	"\253\313\351t\225\342W\211\243\310\342q[-V\273\323\346"
 173      95E25789 
 173      A3C8E271 
 173      5B2D56BB 
 173      D3E6
 174 0458 B4BADCB6 		.ascii	"\264\272\334\266,+\223=\216\367l\272\302\022\307\316"
 174      2C2B933D 
 174      8EF76CBA 
 174      C212C7CE 
 175 0468 5228D355 		.ascii	"R(\323U\026\226T\330\3627\356\253\314\345.\367X^\337"
 175      169654D8 
 175      F237EEAB 
 175      CCE52EF7 
 175      585EDF
 176 047b 969B93BB 		.ascii	"\226\233\223\273\033\335\221\257\202\312lg\226\235m"
 176      1BDD91AF 
 176      82CA6C67 
 176      969D6D
 177 048a DFB871DB 		.ascii	"\337\270q\333\356rKNn\336\233y\026G\251\265\244\242"
 177      EE724B4E 
 177      6EDE9B79 
 177      1647A9B5 
 177      A4A2
 178 049c D866B13A 		.ascii	"\330f\261:=\016O\301N\253\025\035\274\265\001\007\356"
 178      3D0E4FC1 
 178      4EAB151D 
 178      BCB50107 
 178      EE
 179 04ad F2A726ED 		.ascii	"\362\247&\355\236=\0364\227\234\233\267\315\\T\350\261"
 179      9E3D1E34 
 179      979C9BB7 
 179      CD5C54E8 
 179      B1
 180 04be 95B91D2F 		.ascii	"\225\271\035/\230\323_d\222\233\351\221>\227{\017\373"
 180      98D35F64 
 180      929BE991 
 180      3E977B0F 
 180      FB
 181 04cf 071119DB 		.ascii	"\007\021\031\333\324"
 181      D4
 182              		.text
 183              		.section	.gnu.lto_chCoreGetStatusX.9e80c033,"",%progbits
 184 0000 789C6550 		.ascii	"x\234eP\273J\003Q\020\235\331\273\233\215\202\371\001"
 184      BB4A0351 
 184      109DD9BB 
 184      9B8D82F9 
 184      01
 185 0011 53D8A631 		.ascii	"S\330\2461\004\301\200m:[\033\221\200\220M \013\306"
ARM GAS  C:\Users\User\AppData\Local\Temp\ccN1pwDL.s 			page 14


 185      04C1806D 
 185      3A5B1B91 
 185      80904D20 
 185      0BC6
 186 0023 85444D99 		.ascii	"\205DM\231k|\004\025\324\306\304W\330\"E\214o\355,\204"
 186      6B7C0415 
 186      D4C6C457 
 186      D822458C 
 186      6FED2C84 
 187 0037 20DAF906 		.ascii	" \332\371\006+;\255\"Z(\226\2328\303\006\021S\354\334"
 187      2B3BAD22 
 187      5A28969A 
 187      38C30611 
 187      53ECDC
 188 004a 39E79E7B 		.ascii	"9\347\236{\316\314j\240@\036\001\206\000\240\223>\024"
 188      CECC6AA0 
 188      401E0186 
 188      00A0933E 
 188      14
 189 005b 80CAF235 		.ascii	"\200\312\3625\300\244[A\344F\272\0212\012fpI\024\004"
 189      C0A45B41 
 189      E446BA11 
 189      320A6670 
 189      491404
 190 006e DE4D1F6E 		.ascii	"\336M\037n\212Ea\223L%\370~\265\376\354a\210\330EpC"
 190      8A456193 
 190      4C25F87E 
 190      B5FEEC61 
 190      88D84570 
 191 0083 DECFE9BE 		.ascii	"\336\317\351\276\262\224YY-|\266\257\036\337\3126[("
 191      B2945959 
 191      2D7CB6AF 
 191      1EDFCA36 
 191      5B28
 192 0095 B046F22D 		.ascii	"\260F\362-\364b\031\275\234QA\037\220\372\351\250\276"
 192      F46219BD 
 192      9C51411F 
 192      90FAE9A8 
 192      BE
 193 00a6 D2E152F9 		.ascii	"\322\341R\371\226\310mt\321\034pp\217UYo\344d\365\253"
 193      96C86D74 
 193      D11C7070 
 193      8F55596F 
 193      E464F5AB 
 194 00ba 848D7EB7 		.ascii	"\204\215~\267\002\266\020\202\212\252r\247q\347\342"
 194      02B61082 
 194      8AAA72A7 
 194      71E7E2
 195 00c9 A2033BC3 		.ascii	"\242\003;\303<=\3461\027\010\320)j\230\315\327N/<\354"
 195      3C3DE631 
 195      1708D029 
 195      6A98CDD7 
 195      4E2F3CEC 
 196 00dd 57140AC5 		.ascii	"W\024\012\305\344g\316nt\236QCN=9y}\3243\337\322MD\211"
 196      E467CE6E 
 196      749E5143 
 196      4E3D3979 
ARM GAS  C:\Users\User\AppData\Local\Temp\ccN1pwDL.s 			page 15


 196      7DD433DF 
 197 00f5 93897BB9 		.ascii	"\223\211{\271|8o\267\261\210\224\200\273\264\353\016"
 197      7C386FB7 
 197      B1889480 
 197      BBB4EB0E 
 198 0105 0F8A7B68 		.ascii	"\017\212{h#\220\341G\016\035;A\216L\344\333\034\254"
 198      2390E147 
 198      0E1D3B41 
 198      8E4CE4DB 
 198      1CAC
 199 0117 B6F861AB 		.ascii	"\266\370a\253\337\376\257\337\301\177?\215,\210\230"
 199      DFFEAFDF 
 199      C17F3F8D 
 199      2C8898
 200 0126 5A9D6D12 		.ascii	"Z\235m\022N\206\346\210*\302!u\342\341\015\263]MH3\323"
 200      4E86E688 
 200      2AC22175 
 200      E2E10DB3 
 200      5D4D4833 
 201 013b DAC8EBD2 		.ascii	"\332\310\353\322\017\030\014\365\205\215\270\0311\303"
 201      0F180CF5 
 201      858DB819 
 201      31C3
 202 0149 21AE0363 		.ascii	"!\256\003c\343Q\323\012\004'z\206\323\346h\324J\247"
 202      E351D30A 
 202      04277A86 
 202      D3E668D4 
 202      4AA7
 203 015b FEF28ED2 		.ascii	"\376\362\216\322J\005\202\275~+\3457\254D\302\032\245"
 203      4A0582BD 
 203      7E2BE537 
 203      AC44C21A 
 203      A5
 204 016c 6EC48CF8 		.ascii	"n\304\214\370SI\303o\304\023\261\204a%c\335\006\374"
 204      5349C36F 
 204      C413B184 
 204      612563DD 
 204      06FC
 205 017e 0077509D 		.ascii	"\000wP\235\253"
 205      AB
 206              		.text
 207              		.section	.gnu.lto_.symbol_nodes.9e80c033,"",%progbits
 208 0000 789C55CB 		.ascii	"x\234U\313[\015\200@\020C\321\333\231\214\017\202\023"
 208      5B0D8040 
 208      1043D1DB 
 208      998C0F82 
 208      13
 209 0011 FCE06156 		.ascii	"\374\340aV\002z\020\201\035\336\204%|m\177\232\234\264"
 209      027A1081 
 209      1DDE8425 
 209      7C6D7F9A 
 209      9CB4
 210 0023 81315263 		.ascii	"\2011Rc\273\022\246\005j\315e\200XE\351\301\343\226"
 210      BB12A605 
 210      6ACD6580 
 210      5845E9C1 
 210      E396
ARM GAS  C:\Users\User\AppData\Local\Temp\ccN1pwDL.s 			page 16


 211 0035 BA3A894D 		.ascii	"\272:\211M\366\303#\377\300\016\245\232\217\235Jk\345"
 211      F6C323FF 
 211      C00EA59A 
 211      8F9D4A6B 
 211      E5
 212 0046 527A23BC 		.ascii	"Rz#\274^r\031^"
 212      5E72195E 
 213              		.text
 214              		.section	.gnu.lto_.refs.9e80c033,"",%progbits
 215 0000 789C05C1 		.ascii	"x\234\005\301\261\021\300 \000\003\261\177\033H\221"
 215      B111C020 
 215      0003B17F 
 215      1B4891
 216 000f A3A1618A 		.ascii	"\243\241a\212\354\277^\244I\370\200\201\232h\223\221"
 216      ECBF5EA4 
 216      49F88081 
 216      9A689391 
 217 001f 4E5C74EB 		.ascii	"N\\t\353\351\302\227\036\275y\250X~\026\333\000\326"
 217      E9C2971E 
 217      BD79A858 
 217      7E16DB00 
 217      D6
 218              		.text
 219              		.section	.gnu.lto_.decls.9e80c033,"",%progbits
 220 0000 789CBD56 		.ascii	"x\234\275V]P\024W\026\3563=\314\30003R\304\332\362\201"
 220      5D501457 
 220      16EE333D 
 220      CCC03033 
 220      52C4DAF2 
 221 0015 ADA5A84A 		.ascii	"\255\245\250J\341>\004$TI\262\017[q\251\335h\325\032"
 221      E13E0424 
 221      5449B20F 
 221      5B71A9DD 
 221      68D51A
 222 0028 53614DE5 		.ascii	"SaM\345a\266z\207a\"S\201\031\227\031b\330\2274 .\205"
 222      61B67A87 
 222      61225381 
 222      19971962 
 222      D8973420 
 223 003e 488851A3 		.ascii	"H\210Q\243ht\024\213\200\200 \260\022\177\320\001\205"
 223      6874148B 
 223      808020B0 
 223      127FD001 
 223      85
 224 004f 2882F213 		.ascii	"(\202\362\023\300_@\203\260\"\022~4\010H\330s\357\355"
 224      C05F4083 
 224      B022127E 
 224      340848D8 
 224      73EFED
 225 0062 A1DB11DC 		.ascii	"\241\333\021\334\007k\267\2133\364=}\356\367}\347\334"
 225      076BB78B 
 225      33F43D7D 
 225      EEF77DE7 
 225      DC
 226 0073 D3F7B61F 		.ascii	"\323\367\266\037\247\342\276\013\344\270\011\236\343"
 226      A7E2BE0B 
 226      E4B8099E 
ARM GAS  C:\Users\User\AppData\Local\Temp\ccN1pwDL.s 			page 17


 226      E3
 227 0080 B281E3E6 		.ascii	"\262\201\343\346\361\362\3438\256\234\223/5\332q\264"
 227      F1F2E338 
 227      AE9C932F 
 227      35DA71B4 
 228 0090 D36867D1 		.ascii	"\323hg\321\316K\276f\264V\264kh\355\334\363\327_\021"
 228      CE4BBE66 
 228      B456B46B 
 228      68EDDCF3 
 228      D75F11
 229 00a3 8BE07C88 		.ascii	"\213\340|\210\326\202\326\201v\031\255Sz\016\022\346"
 229      D682D681 
 229      7619AD53 
 229      7A0E12E6 
 230 00b3 7FC349C5 		.ascii	"\177\303I\305@-\376\017F[\216\266\021\255\026m\203\204"
 230      402DFE0F 
 230      465B8EB6 
 230      11AD166D 
 230      8384
 231 00c5 D7A1C023 		.ascii	"\327\241\300#\3720\015\356\236\204y\315\007+\015\203"
 231      FA300DEE 
 231      9E8479CD 
 231      072B0D83 
 232 00d5 742FC17A 		.ascii	"t/\301z\2006\2026\256\300\325J9O\242=A\233\225x\346"
 232      80368236 
 232      AEC0D54A 
 232      394FA23D 
 232      419B9578 
 233 00ea D0E6D154 		.ascii	"\320\346\321TKp}\216\\\032\005W\255\304\361\276\217"
 233      4B707D8E 
 233      5C1A0557 
 233      ADC4F1BE 
 233      8F
 234 00fb E6F312C6 		.ascii	"\346\363\022\3065\011Gy}\315\303\311\035\027\353T\275"
 234      35094779 
 234      7DCDC3C9 
 234      1D17EB54 
 234      BD
 235 010c 701B3006 		.ascii	"p\0330\006\202\330,`\277@\215\016\347\275\027\000\365"
 235      82D82C60 
 235      BF408D0E 
 235      E7BD1700 
 235      F5
 236 011d A357457F 		.ascii	"\243WE\177Y u\201w\2064VIC\225\004I\377\244\311\240"
 236      59207581 
 236      77863456 
 236      49439504 
 236      49FFA4C9 
 237 0132 40648F19 		.ascii	"@d\217\031\223\367b\332\331\015\235\346\235\015*\231"
 237      93F762DA 
 237      D90D9DE6 
 237      9D0D2A99 
 238 0142 00403941 		.ascii	"\000@9A\001\310dK\317\027\364qrr\340\315~|_\313\240"
 238      01C8644B 
 238      CF17F471 
 238      7272E0CD 
 238      7E7C5FCB 
ARM GAS  C:\Users\User\AppData\Local\Temp\ccN1pwDL.s 			page 18


 239 0157 AE0FEE10 		.ascii	"\256\017\356\020\257\373\035\240\276\341\023\267\017"
 239      AFFB1DA0 
 239      BEE113B7 
 239      0F
 240 0164 1B791590 		.ascii	"\033y\025\220\373\276\351\342?E\224\211\354\362\377"
 240      FBBEE9E2 
 240      3F459489 
 240      ECF2FF
 241 0173 B55CB6C6 		.ascii	"\265\\\266\306\371)\317\262<\036\202u\240\302a\307X"
 241      F929CFB2 
 241      3C1E8275 
 241      A0C261C7 
 241      58
 242 0184 CB378138 		.ascii	"\3137\2018\\\256\203 \034>M\357\252\327\255\330Cge\212"
 242      5CAE8320 
 242      1C3E4DEF 
 242      AAD7ADD8 
 242      4367658A 
 243 0198 412AF8F0 		.ascii	"A*\370\360WP\006!P\012!H^\016+\3607^\315\220\356\270"
 243      57500621 
 243      500A2148 
 243      5E0E2BF0 
 243      375ECD90 
 244 01ae BFADD684 		.ascii	"\277\255\326\204\271Ew\277\350\231\272\027~\267J\024"
 244      B94577BF 
 244      E899BA17 
 244      7EB74A14 
 245 01be B3709A9A 		.ascii	"\263p\232\232\204A\011\360p\014\"\210d\274\305\337b"
 245      844109F0 
 245      700C2288 
 245      64BCC5DF 
 245      62
 246 01cf E803F816 		.ascii	"\350\003\370\026z1\241\343\020\206\323+;\262/\033y\007"
 246      7A31A1E3 
 246      1086D32B 
 246      3BB22F1B 
 246      7907
 247 01e1 557BBC6C 		.ascii	"U{\274l\266R\247&\013\271AG\360\011\372\245\222R\036"
 247      B652A726 
 247      0BB94147 
 247      F009FAA5 
 247      92521E
 248 01f4 85A183D4 		.ascii	"\205\241\203\324f\031\272*FNM\033\230\213D\034\235\376"
 248      6619BA2A 
 248      464E4D1B 
 248      988B441C 
 248      9DFE
 249 0206 A956CF67 		.ascii	"\251V\317g\002\035\264o\255<\300\263\264\324\244<\255"
 249      021DB46F 
 249      AD3CC0B3 
 249      B4D4A43C 
 249      AD
 250 0217 053F1A59 		.ascii	"\005?\032YZ\241_\363\252\366\272Gw\375a\245\256\210"
 250      5AA15FF3 
 250      AAF6BA47 
 250      77FD61A5 
 250      AE88
ARM GAS  C:\Users\User\AppData\Local\Temp\ccN1pwDL.s 			page 19


 251 0229 E4E5E929 		.ascii	"\344\345\351)\011;\323+\212\241P\013:\250\226\205n "
 251      093BD32B 
 251      8AA1500B 
 251      3AA89685 
 251      6E20
 252 023b 6F40B628 		.ascii	"o@\266(f\210\371\231b\300Z\016\376\205\231\327`\346"
 252      6688F999 
 252      62C05A0E 
 252      FE8599D7 
 252      60E6
 253 024d 70125612 		.ascii	"p\022V\022V\022\007U\350<\201Nd\031\030\333\373\320"
 253      56120755 
 253      E83C814E 
 253      641918DB 
 253      FBD0
 254 025f 406513A4 		.ascii	"@e\023\244J\240\302\177(o,\362S\226p\243^Q\302S\264"
 254      4AA0C27F 
 254      286F2CF2 
 254      539670A3 
 254      5E51C253 
 255 0274 84DF8154 		.ascii	"\204\337\201T\303\216]{gtX\303~R\303\214\230qV\303\014"
 255      C38E5D7B 
 255      677458C3 
 255      7E52C38C 
 255      987156C3 
 256 0289 3589830A 		.ascii	"5\211\203\012YZ\205o\015O\323\032N\344\024\216\030\370"
 256      595A856F 
 256      0D4FD31A 
 256      4EE4148E 
 256      18F8
 257 029b 3CB6E4B9 		.ascii	"<\266\344\271\363;\335\313$\254\346\337\356\023=\031"
 257      F33BDDCB 
 257      24ACE6DF 
 257      EE133D19 
 258 02ab A8404591 		.ascii	"\250@E\221\316\310Hg|\221\316R\244\212\361\312\375Z"
 258      CEC84867 
 258      7C91CE52 
 258      A48AF1CA 
 258      FD5A
 259 02bd FE3043DA 		.ascii	"\3760C\332]_\221\256U\246@\322\223s8\367\\\033|\321"
 259      5D5F91AE 
 259      55A640D2 
 259      937338F7 
 259      5C1B7CD1 
 260 02d1 D0E5E6A5 		.ascii	"\320\345\346\2456\350.\015\3722S,\306in\025\011\203"
 260      36E82E0D 
 260      FA32532C 
 260      C6696E15 
 260      0983
 261 02e3 3A99B8CE 		.ascii	":\231\270\316\227\370<%\036\336\376\244Z\305W1\342\212"
 261      97F83C25 
 261      1EDEFEA4 
 261      5AC55731 
 261      E28A
 262 02f5 AC81127F 		.ascii	"\254\201\022\177\\\266\020\\tP\254x\010[\361\032\317"
 262      5CB6105C 
 262      7450AC78 
ARM GAS  C:\Users\User\AppData\Local\Temp\ccN1pwDL.s 			page 20


 262      085BF11A 
 262      CF
 263 0306 64B99A3F 		.ascii	"d\271\232?McU'k\006\012t\013k:t=\"\353\237$\335F\224"
 263      4D635527 
 263      6B060A74 
 263      0B6B3A74 
 263      3D22EB9F 
 264 031e 7A41660D 		.ascii	"zAf\015YX\323\261#\"\277\202\203\350\020X\205+z\021"
 264      5958D3B1 
 264      2322BF82 
 264      83E81058 
 264      852B7A11 
 265 0332 5734445A 		.ascii	"W4DZ\321\006\314\254\236\255h\311\241\342\213\006\276"
 265      D106CCAC 
 265      9EAD68C9 
 265      A1E28B06 
 265      BE
 266 0343 99A70CFB 		.ascii	"\231\247\014\373v\327\327\030\345\256\231\011\253\316"
 266      76D7D718 
 266      E5AE9909 
 266      ABCE
 267 0351 220C9790 		.ascii	"\"\014\227\220\241If@\302\305)\276_\234\242sv\347\270"
 267      A1496640 
 267      C2C529BE 
 267      5F9CA273 
 267      76E7B8
 268 0364 4A9FB3D0 		.ascii	"J\237\263\320f\024\317\333i\034\\\006\275\364\246\016"
 268      6614CFDB 
 268      691C5C06 
 268      BDF4A60E 
 269 0374 E7794EE8 		.ascii	"\347yN\350_/\024\305\006\362~\375\246\004{#\200<\006"
 269      5F2F14C5 
 269      06F27EFD 
 269      A6047B23 
 269      803C06
 270 0387 0F23574C 		.ascii	"\017#WL\362\320\3326\303\3538\255g\240\346\004\360-"
 270      F2D0DA36 
 270      C3EB38AD 
 270      67A0E604 
 270      F02D
 271 0399 6A5AB143 		.ascii	"jZ\261C\215]Y\001\301\371$\201|\322\361\204\214n&-\020"
 271      8D5D5901 
 271      C1F92481 
 271      7CD2F184 
 271      8C6E262D 
 272 03ae BCB025DC 		.ascii	"\274\260%\334\352>r#\020\211\3721\313\253\005\313w\212"
 272      EA3E7223 
 272      1089FA31 
 272      CBAB05CB 
 272      778A
 273 03c0 EE15E439 		.ascii	"\356\025\3449\\!\250$\230\336@+\205\037\337}\343+\236"
 273      5C21A824 
 273      98DE402B 
 273      851FDF7D 
 273      E32B9E
 274 03d3 BFC9E0AB 		.ascii	"\277\311\340\253\016\345\246\253%\211M{\203wf\212k\251"
 274      0EE5A6AB 
ARM GAS  C:\Users\User\AppData\Local\Temp\ccN1pwDL.s 			page 21


 274      25894D7B 
 274      8377668A 
 274      6BA9
 275 03e5 C2AB2F28 		.ascii	"\302\253/(\274J!\256Q\210'9\223\367\015\374]\0061\271"
 275      BC4A21AE 
 275      51882739 
 275      93F70DFC 
 275      5D0631B9 
 276 03f9 ADB2CE4F 		.ascii	"\255\262\316O\"\357V\220\267y\311\351\015\264\323\231"
 276      22EF5690 
 276      B779C9E9 
 276      0DB4D399 
 277 0409 F57D5D3B 		.ascii	"\365}];\014\312\332\0212\231\244\203\325\216\374\307"
 277      0CCADA11 
 277      3299A483 
 277      D58EFCC7 
 278 0419 E0C28EFB 		.ascii	"\340\302\216\373\"(\203\011\254\034\334)\005w\322\340"
 278      22288309 
 278      AC1CDC29 
 278      0577D2E0 
 279 0429 07DD673B 		.ascii	"\007\335g;x~\224i\032\177\366Mm\000\333L\226\343p\256"
 279      787E9469 
 279      1A7FF64D 
 279      6D00DB4C 
 279      96E370AE 
 280 043d 2F3F5FCB 		.ascii	"/?_\3136\0237\351\312\303\255\223{t\3743\026\373\370"
 280      361337E9 
 280      CAC3AD93 
 280      7B74FC33 
 280      16FBF8
 281 0450 D4B61923 		.ascii	"\324\266\031#\213}\015\207\245\331\323\242Q\227M\013"
 281      8B7D0D87 
 281      A5D9D3A2 
 281      51974D0B 
 282 0460 4E498395 		.ascii	"NI\203\225\213{\203T\037\"C\340:\353\205\256\247u3z"
 282      8B7B8354 
 282      1F2243E0 
 282      3AEB85AE 
 282      A775337A 
 283 0474 3ECB8F20 		.ascii	">\313\217 \251\373\013'\036j`e\010\200\016\255\310\273"
 283      A9FB0B27 
 283      1E6A6065 
 283      08800EAD 
 283      C8BB
 284 0486 7773B8C9 		.ascii	"ws\270\311\353\340\246T\016\274\012D\204\037\373\234"
 284      EBE0A654 
 284      0EBC0A44 
 284      841FFB9C 
 285 0496 B8176BBB 		.ascii	"\270\027k\273[\330vw(O/\362\336F\242\002\321\237z\310"
 285      5BD87677 
 285      284F2FF2 
 285      DE46A202 
 285      D19F7AC8 
 286 04aa 527BB697 		.ascii	"R{\266\227\371+\373\201`wc\\\027\325\327G\272\202\251"
 286      F92BFB81 
 286      6077635C 
 286      17D5D747 
ARM GAS  C:\Users\User\AppData\Local\Temp\ccN1pwDL.s 			page 22


 286      BA82A9
 287 04bd 24D1F9AD 		.ascii	"$\321\371\255\207\367\007\350$\216\354\227r`tK\325\300"
 287      87F707E8 
 287      248EEC97 
 287      7260744B 
 287      D5C0
 288 04cf B05E89DD 		.ascii	"\260^\211\335\3772\354\306\341l\3672\\\3676\017\266"
 288      FF32ECC6 
 288      E16CF732 
 288      5CF7360F 
 288      B6
 289 04e0 CE414DBA 		.ascii	"\316AM\272\333\223\036\012wq\205z\260wpwS\314\374\001"
 289      DB931E0A 
 289      7771857A 
 289      B0777077 
 289      53CCFC01 
 290 04f4 3D7FC153 		.ascii	"=\177\301S\373\036\355\001\357\301\020\376\342\301\020"
 290      FB1EED01 
 290      EFC110FE 
 290      E2C110
 291 0503 CEB6898E 		.ascii	"\316\266\211\216/&\216j\371\034?\366\0227\3674\250\025"
 291      2F268E6A 
 291      F91C3FF6 
 291      1237F734 
 291      A815
 292 0515 DBC4EFF7 		.ascii	"\333\304\357\367M\020qC\250\355\276\374\022\207/\271"
 292      4D107143 
 292      A8EDBEFC 
 292      12872FB9 
 293 0525 F50F62AA 		.ascii	"\365\017b\252\341\322[<\200\316\037\245\215\342\350"
 293      E1D25B3C 
 293      80CE1FA5 
 293      8DE2E8
 294 0534 974734FC 		.ascii	"\227G4\374n\306\321t\356\326u5\350V.\0120\274\010\300"
 294      6EC6D174 
 294      EED67535 
 294      E8562E0A 
 294      30BC08C0 
 295 0548 C28ED244 		.ascii	"\302\216\322Dw\224\007(\346\337\262\230!Z#\342E\242"
 295      77940728 
 295      E6DFB298 
 295      215A23E2 
 295      45A2
 296 055a 9C939DBD 		.ascii	"\234\223\235\275\352%\033\352\241\267\241VQU\271\217"
 296      EA251BEA 
 296      A1B7A156 
 296      5155B98F 
 297 056a DAF7EA7D 		.ascii	"\332\367\352}\227W\336\270G\350\022<d\3608 G\330l\371"
 297      9757DEB8 
 297      47E8123C 
 297      64F03820 
 297      47D86CF9 
 298 057e 69A97D35 		.ascii	"i\251}58\234\252p_5,\3116\352e{\304\212\3608'kJ:t\265"
 298      389CAA70 
 298      5F352CC9 
 298      36EA657B 
 298      C48AF038 
ARM GAS  C:\Users\User\AppData\Local\Temp\ccN1pwDL.s 			page 23


 299 0598 382C1E3C 		.ascii	"8,\036<\220\247g\357\311[\244\327\332\312\232\014\276"
 299      90A767EF 
 299      C95BA4D7 
 299      DACA9A0C 
 299      BE
 300 05a9 62C610EC 		.ascii	"b\306\020\354'\0126N\305\21421\343TLn\326\261t-\177"
 300      270A364E 
 300      C58C3231 
 300      E3544C6E 
 300      D6B1742D 
 301 05be 9016152E 		.ascii	"\220\026\025.\357*\332\245\307s\305\203\347\312\205"
 301      EF2ADAA5 
 301      C773C583 
 301      E7CA85
 302 05cd 727EB474 		.ascii	"r~\264t\233\330\206\347\312Z\372\031\002\023r\271&|"
 302      9BD886E7 
 302      CA5AFA19 
 302      021372B9 
 302      267C
 303 05df 0F96497A 		.ascii	"\017\226Iz\260\024M=\335n\344\247\030X\326\334D\277"
 303      B0144D3D 
 303      DD6EE4A7 
 303      1858D6DC 
 303      44BF
 304 05f1 5102BB72 		.ascii	"Q\002\273r\211?V= \212\2703l\005\366\265\362XF{\354"
 304      893F563D 
 304      208AB833 
 304      6C05F6B5 
 304      F258467B 
 305 0606 8BF684A2 		.ascii	"\213\366\204\242\365\0146$\360\275\032\012v\254\374"
 305      F50C3624 
 305      F0BD1A0A 
 305      76ACFC
 306 0615 60A5911F 		.ascii	"`\245\221\037a\203\355\015\027\016h\360\033\000\246"
 306      6183ED0D 
 306      170E68F0 
 306      1B00A6
 307 0624 E81B8A9E 		.ascii	"\350\033\212\236\206\351\276 \372Q@\226\225}\314\\\254"
 307      86E9BE20 
 307      FA514096 
 307      957DCC5C 
 307      AC
 308 0635 2C9D332E 		.ascii	",\2353.\371Y5C\317\323i\3577\301\340\376=\225\201\222"
 308      F9593543 
 308      CFD369EF 
 308      37C1E0FE 
 308      3D958192 
 309 0649 D69E3E3E 		.ascii	"\326\236>>\257\2447Wt\247\213\357\\R\221H\370\331\253"
 309      AFA43757 
 309      74A78BEF 
 309      5C529148 
 309      F8D9AB
 310 065c 159EA2FA 		.ascii	"\025\236\242\372\237}\345\316R\271m\243gr\003\371[Z"
 310      9F7DE5CE 
 310      52B96DA3 
 310      677203F9 
 310      5B5A
ARM GAS  C:\Users\User\AppData\Local\Temp\ccN1pwDL.s 			page 24


 311 066e 2AB1786B 		.ascii	"*\261xk\336\274F\002\374\276\234\317\331q\205\001\256"
 311      DEBC4602 
 311      FCBE9CCF 
 311      D9718501 
 311      AE
 312 067f A5B93F93 		.ascii	"\245\271?\223s\177\346\0136G\301\372\017\015}e\340\207"
 312      737FE60B 
 312      3647C1FA 
 312      0F0D7D65 
 312      E087
 313 0691 18D89573 		.ascii	"\030\330\225s\205]~r%o\372T\362\027\031\355\027_\264"
 313      855D7E72 
 313      256FFA54 
 313      F21719ED 
 313      175FB4
 314 06a4 7908E374 		.ascii	"y\010\343t\202\305\221b\025lv\233\313\377\335\3676\206"
 314      82C59162 
 314      156C769B 
 314      CBFFDDF7 
 314      3686
 315 06b6 C6464571 		.ascii	"\306FEq\037\305\376\316dI\264\305\333L\261\3447\316"
 315      1FC5FECE 
 315      6449B4C5 
 315      DB4CB1E4 
 315      37CE
 316 06c8 959A6073 		.ascii	"\225\232`sD\305|\032-l\261\331\023\034[\234J?\213t8"
 316      44C57C1A 
 316      2D6CB1D9 
 316      131C5B9C 
 316      4A3F8B74 
 317 06dd A3625647 		.ascii	"\243bVG:\234\221\026Gr\262\303\216wI\266\370Hg\212%"
 317      3A9C9116 
 317      4772B2C3 
 317      8E7749B6 
 317      F848678A 
 318 06f2 D292986C 		.ascii	"\322\222\230lM&\034\021\026\3565Kb,\336\255IJrX\326"
 318      4D261C11 
 318      16EE354B 
 318      622CDEAD 
 318      494A7258 
 319 0707 24D936D9 		.ascii	"$\3316\331\255\011\3534N\333?\254\202+\003,^R\372\353"
 319      AD09EB34 
 319      4EDB3FAC 
 319      822B032C 
 319      5E52FAEB 
 320 071b 7C9154E1 		.ascii	"|\221T\3417\271\034\216$\247i\223=5\224\336\205\232"
 320      37B91C8E 
 320      24A76993 
 320      3D3594DE 
 320      859A
 321 072d 539243AD 		.ascii	"S\222C\255\311\361\326\204\004k\202iuDt\350\233\253"
 321      C9F1D684 
 321      046B8269 
 321      754474E8 
 321      9BAB
 322 073f A262FE1E 		.ascii	"\242b\376\036eB\025\246M\026\213\011\237\277aw\330\255"
 322      654215A6 
ARM GAS  C:\Users\User\AppData\Local\Temp\ccN1pwDL.s 			page 25


 322      4D168B09 
 322      9FBF6177 
 322      D8AD
 323 0751 6F58CDC8 		.ascii	"oX\315\310\200\001\021Q&\233\335\222\224\232`59]8\353"
 323      80011151 
 323      269BDD92 
 323      949A6035 
 323      395D38EB 
 324 0765 E388442E 		.ascii	"\343\210D.\370EyA\314\365\256\325\025\3472\273R\235"
 324      F8457941 
 324      CCF5AED5 
 324      15E732BB 
 324      529D
 325 0777 1F69EDD6 		.ascii	"\037i\355\326\317\\\230Q\200 \244\332\354\256\267\004"
 325      CF5C9851 
 325      8020A4DA 
 325      ECAEB704 
 326 0787 D7D6FF8D 		.ascii	"\327\326\377\215\362\347\025{\265&\233\021\313n5\011"
 326      F2E7157B 
 326      B5269B11 
 326      CB6E3509 
 327 0797 A8D89C9A 		.ascii	"\250\330\234\232\344\022\\i\233\255N\324\256\225\324"
 327      E4125C69 
 327      9BAD4ED4 
 327      AE95D4
 328 07a6 A4FD1FC5 		.ascii	"\244\375\037\3058\323\234&\001\253\207\314\250\300 "
 328      38D39C26 
 328      01AB87CC 
 328      A8C020
 329 07b5 088956F3 		.ascii	"\010\211V\363f!\336\354\264\012\202\306jO\3002\351%"
 329      6621DEEC 
 329      B40A82C6 
 329      6A4FC032 
 329      E925
 330 07c7 278E0401 		.ascii	"'\216\004\001#>N\265["
 330      233E4EB5 
 330      5B
 331 07d0 042162F5 		.ascii	"\004!b\365\333oG\373{GjK\2429E\307\352\031\375\246\340"
 331      DB6F47FB 
 331      7B476A4B 
 331      A23945C7 
 331      EA19FDA6 
 332 07e5 F2F7DE04 		.ascii	"\362\367\336\004X\022\343\322\234\177vX>y\357\025:2"
 332      5812E3D2 
 332      9C7F7658 
 332      3E79EF15 
 332      3A32
 333 07f7 C5152909 		.ascii	"\305\025)\011\306^D\311(5`\263#\305%\340*\177bz\365"
 333      C65E44C9 
 333      283560B3 
 333      23C525E0 
 333      2A7F627A 
 334 080c 562758CE 		.ascii	"V'X\316\3105\037\254\217]\377\0312\320\327\351\323\230"
 334      C8351FAC 
 334      8F5DFF19 
 334      32D0D7E9 
 334      D398
ARM GAS  C:\Users\User\AppData\Local\Temp\ccN1pwDL.s 			page 26


 335 081e 645611A7 		.ascii	"dV\021\247\325%\374aM\334\037\337\377`\235\301\234\264"
 335      D525FC61 
 335      4DDC1FDF 
 335      FF609DC1 
 335      9CB4
 336 0830 C59CE6C4 		.ascii	"\305\234\346\304W-\011W\360o\257N\214\215\030\031\273"
 336      572D0957 
 336      F06FAF4E 
 336      8C8D1819 
 336      BB
 337 0841 3E6E5D9C 		.ascii	">n]\234\234_\262\323\346\024\260\337\221<\220\026o\243"
 337      9C5FB2D3 
 337      E614B0DF 
 337      913C9016 
 337      6FA3
 338 0853 9D641948 		.ascii	"\235d\031H\363M\245\367\377\001\367\002\374\237"
 338      F34DA5F7 
 338      FF01F702 
 338      FC9F
 339              		.text
 340              		.section	.gnu.lto_.symtab.9e80c033,"",%progbits
 341 0000 5F636F72 		.ascii	"_core_init\000"
 341      655F696E 
 341      697400
 342 000b 00       		.ascii	"\000"
 343 000c 00       		.ascii	"\000"
 344 000d 00       		.ascii	"\000"
 345 000e 00000000 		.ascii	"\000\000\000\000\000\000\000\000"
 345      00000000 
 346 0016 AE000000 		.ascii	"\256\000\000\000"
 347 001a 6368436F 		.ascii	"chCoreAllocAlignedI\000"
 347      7265416C 
 347      6C6F6341 
 347      6C69676E 
 347      65644900 
 348 002e 00       		.ascii	"\000"
 349 002f 00       		.ascii	"\000"
 350 0030 00       		.ascii	"\000"
 351 0031 00000000 		.ascii	"\000\000\000\000\000\000\000\000"
 351      00000000 
 352 0039 BA000000 		.ascii	"\272\000\000\000"
 353 003d 6368436F 		.ascii	"chCoreAllocAligned\000"
 353      7265416C 
 353      6C6F6341 
 353      6C69676E 
 353      656400
 354 0050 00       		.ascii	"\000"
 355 0051 00       		.ascii	"\000"
 356 0052 00       		.ascii	"\000"
 357 0053 00000000 		.ascii	"\000\000\000\000\000\000\000\000"
 357      00000000 
 358 005b BC000000 		.ascii	"\274\000\000\000"
 359 005f 6368436F 		.ascii	"chCoreGetStatusX\000"
 359      72654765 
 359      74537461 
 359      74757358 
 359      00
ARM GAS  C:\Users\User\AppData\Local\Temp\ccN1pwDL.s 			page 27


 360 0070 00       		.ascii	"\000"
 361 0071 00       		.ascii	"\000"
 362 0072 00       		.ascii	"\000"
 363 0073 00000000 		.ascii	"\000\000\000\000\000\000\000\000"
 363      00000000 
 364 007b BF000000 		.ascii	"\277\000\000\000"
 365 007f 5F5F6865 		.ascii	"__heap_base__\000"
 365      61705F62 
 365      6173655F 
 365      5F00
 366 008d 00       		.ascii	"\000"
 367 008e 02       		.ascii	"\002"
 368 008f 00       		.ascii	"\000"
 369 0090 00000000 		.ascii	"\000\000\000\000\000\000\000\000"
 369      00000000 
 370 0098 CD000000 		.ascii	"\315\000\000\000"
 371 009c 5F5F6865 		.ascii	"__heap_end__\000"
 371      61705F65 
 371      6E645F5F 
 371      00
 372 00a9 00       		.ascii	"\000"
 373 00aa 02       		.ascii	"\002"
 374 00ab 00       		.ascii	"\000"
 375 00ac 00000000 		.ascii	"\000\000\000\000\000\000\000\000"
 375      00000000 
 376 00b4 D1000000 		.ascii	"\321\000\000\000"
 377              		.text
 378              		.section	.gnu.lto_.opts,"",%progbits
 379 0000 272D666D 		.ascii	"'-fmath-errno' '-fsigned-zeros' '-ftrapping-math' '"
 379      6174682D 
 379      6572726E 
 379      6F272027 
 379      2D667369 
 380 0033 2D666E6F 		.ascii	"-fno-trapv' '-fno-openmp' '-fno-openacc' '-mcpu=cor"
 380      2D747261 
 380      70762720 
 380      272D666E 
 380      6F2D6F70 
 381 0066 7465782D 		.ascii	"tex-m7' '-mno-thumb-interwork' '-mthumb' '-ggdb' '-"
 381      6D372720 
 381      272D6D6E 
 381      6F2D7468 
 381      756D622D 
 382 0099 4F322720 		.ascii	"O2' '-fomit-frame-pointer' '-falign-functions=16' '"
 382      272D666F 
 382      6D69742D 
 382      6672616D 
 382      652D706F 
 383 00cc 2D666675 		.ascii	"-ffunction-sections' '-fdata-sections' '-fno-common"
 383      6E637469 
 383      6F6E2D73 
 383      65637469 
 383      6F6E7327 
 384 00ff 2720272D 		.ascii	"' '-flto'\000"
 384      666C746F 
 384      2700
 385              		.text
ARM GAS  C:\Users\User\AppData\Local\Temp\ccN1pwDL.s 			page 28


 386              		.comm	__gnu_lto_v1,1,1
 387              		.comm	__gnu_lto_slim,1,1
 388              		.ident	"GCC: (GNU Tools for ARM Embedded Processors 6-2017-q1-update) 6.3.1 20170215 (release) [AR
ARM GAS  C:\Users\User\AppData\Local\Temp\ccN1pwDL.s 			page 29


DEFINED SYMBOLS
                            *ABS*:00000000 chmemcore.c
                            *COM*:00000001 __gnu_lto_v1
                            *COM*:00000001 __gnu_lto_slim

NO UNDEFINED SYMBOLS
