ARM GAS  C:\Users\User\AppData\Local\Temp\ccVER4Vu.s 			page 1


   1              		.cpu cortex-m7
   2              		.eabi_attribute 20, 1
   3              		.eabi_attribute 21, 1
   4              		.eabi_attribute 23, 3
   5              		.eabi_attribute 24, 1
   6              		.eabi_attribute 25, 1
   7              		.eabi_attribute 26, 1
   8              		.eabi_attribute 30, 2
   9              		.eabi_attribute 34, 1
  10              		.eabi_attribute 18, 4
  11              		.file	"hal_st.c"
  12              		.text
  13              	.Ltext0:
  14              		.section	.gnu.lto_.profile.d754333a,"",%progbits
  15 0000 789C6365 		.ascii	"x\234ce`b`a```d\220\342\001\000\000\300\0003"
  15      60626061 
  15      60606064 
  15      90E20100 
  15      00C00033 
  16              		.text
  17              		.section	.gnu.lto_.icf.d754333a,"",%progbits
  18 0000 789C6365 		.ascii	"x\234ce`bP`@\000V\206\205??\354\345a|\177c\371J\026"
  18      60625060 
  18      40005686 
  18      853F3FEC 
  18      E5617C7F 
  19 0018 A67D171E 		.ascii	"\246}\027\036\254ga~\177\256\367/;\313\211\217\213\026"
  19      AC67617E 
  19      7FAEF72F 
  19      3BCB898F 
  19      8B16
  20 002a F0320000 		.ascii	"\3602\000\000\0217\020\034"
  20      1137101C 
  21              		.text
  22              		.section	.gnu.lto_.jmpfuncs.d754333a,"",%progbits
  23 0000 789C6365 		.ascii	"x\234ce`b\020c@\000V\020\301\010\004\365L\014\014\314"
  23      60621063 
  23      40005610 
  23      C10804F5 
  23      4C0C0CCC 
  24 0014 209A0528 		.ascii	" \232\005(\000\000\016\012\0011"
  24      00000E0A 
  24      0131
  25              		.text
  26              		.section	.gnu.lto_.inline.d754333a,"",%progbits
  27 0000 789C6365 		.ascii	"x\234ce`b\310g@\000V\006\006\026\036F\240 \003\003\333"
  27      6062C867 
  27      40005606 
  27      06161E46 
  27      A0200303 
  28 0015 027910C5 		.ascii	"\002y\020\305\300\310\005\"\030\330X\031\031\031\004"
  28      C0C80522 
  28      18D85819 
  28      191904
  29 0024 18191898 		.ascii	"\030\031\030\230\330>\350\301%\231\030X\230\201\312"
  29      D83EE8C1 
  29      25991858 
ARM GAS  C:\Users\User\AppData\Local\Temp\ccVER4Vu.s 			page 2


  29      9881CA
  30 0033 992EF0C3 		.ascii	"\231.\360\303\205\230ABP\245\310\342,\230J\031\000\312"
  30      85984142 
  30      50A5C8E2 
  30      2C984A19 
  30      00CA
  31 0045 39089E   		.ascii	"9\010\236"
  32              		.text
  33              		.section	.gnu.lto_.pureconst.d754333a,"",%progbits
  34 0000 789C6365 		.ascii	"x\234ce`b\340f```e\220`\224b\222b\226b\221\002\000\004"
  34      6062E066 
  34      60606065 
  34      90609462 
  34      92629662 
  35 0018 1000A2   		.ascii	"\020\000\242"
  36              		.text
  37              		.section	.gnu.lto_stInit.d754333a,"",%progbits
  38 0000 789C6365 		.ascii	"x\234ce`bX\314\300\300\340\007\304\322@\314\310\314"
  38      606258CC 
  38      C0C0E007 
  38      C4D240CC 
  38      C8CC
  39 0012 C0C834E1 		.ascii	"\300\3104\341\034\003C#\007\023##\210\321\300\301\310"
  39      1C034323 
  39      07132323 
  39      88D1C0C1 
  39      C8
  40 0023 50CFC458 		.ascii	"P\317\304X\317\330\317<\235\231\361P\373\263\235L\232"
  40      CFD8CF3C 
  40      9D99F150 
  40      FBB39D4C 
  40      9A
  41 0034 CB1B80E0 		.ascii	"\313\033\200\340\300\364\037\222\015+\0160\316gf`\230"
  41      C0F41F92 
  41      0D2B0E30 
  41      CE676660 
  41      98
  42 0045 09C420C0 		.ascii	"\011\304 \300\270\234Q\223\001\250\354\321\306\177S"
  42      B89C5193 
  42      01A8ECD1 
  42      C67F53
  43 0054 79D95820 		.ascii	"y\331X \342\214+\030\331\030\201\364\372K\214\007\032"
  43      E28C2B18 
  43      D91881F4 
  43      FA4B8C07 
  43      1A
  44 0065 FEFD6F6F 		.ascii	"\376\375oo8pg\021\343\177V\240T\027\020\203\354\350"
  44      38706711 
  44      E37F56A0 
  44      54171083 
  44      ECE8
  45 0077 666602D1 		.ascii	"ff\002\321\314\257\031\233\027\374\226\006\251\007\031"
  45      CCAF199B 
  45      17FC9606 
  45      A90719
  46 0086 B273E79B 		.ascii	"\262s\347\233\333\354\365\177\0338\34633\316d\006\232"
  46      DBECF57F 
ARM GAS  C:\Users\User\AppData\Local\Temp\ccVER4Vu.s 			page 3


  46      1B38E633 
  46      33CE6406 
  46      9A
  47 0097 C0B892B1 		.ascii	"\300\270\222\261\236a>P\355[\306\246\005\377\271\301"
  47      9E613E50 
  47      ED5BC6A6 
  47      05FFB9C1 
  48 00a7 EA40A00B 		.ascii	"\352@\240\013(\011\324\316\304\300\340\343l\025\223"
  48      2809D4CE 
  48      C4C0E0E3 
  48      6C1593
  49 00b6 9C919994 		.ascii	"\234\221\231\224\031\343\014\"\203KJS2\363\015\315\313"
  49      19E30C22 
  49      834B4A53 
  49      32F30DCD 
  49      CB
  50 00c7 8CE3CB33 		.ascii	"\214\343\3133\363R\362\313\213\221\305!*\363\213\015"
  50      F352F2CB 
  50      8B91C521 
  50      2AF38B0D 
  51 00d7 CDCDF4F3 		.ascii	"\315\315\364\363\213\3653\022s\364\213\213\222At|q\211"
  51      8BF53312 
  51      73F48B8B 
  51      9241747C 
  51      7189
  52 00e9 5E320300 		.ascii	"^2\003\000\227\332S\305"
  52      97DA53C5 
  53              		.text
  54              		.section	.gnu.lto_stStartAlarm.d754333a,"",%progbits
  55 0000 789CA552 		.ascii	"x\234\245RKH\224Q\024\276\337\275\343?\303\364\260E"
  55      4B489451 
  55      14BEDFBD 
  55      E33FC3F4 
  55      B045
  56 0012 8BA05944 		.ascii	"\213\240YD b\013\177&!\241\255\021\004J\013\2056\202"
  56      20620B7F 
  56      2621A1AD 
  56      11044A0B 
  56      853682
  57 0025 E8183860 		.ascii	"\350\0308`M\370O\272\313\353\244Ic\257M3\316b\372\205"
  57      4DF84FBA 
  57      CBEBA449 
  57      63AF4D33 
  57      CE62FA85 
  58 0039 29D4319F 		.ascii	")\3241\237=\324\262\370\231\2126\345\210-\012J\210@"
  58      3DD4B2F8 
  58      998A36E5 
  58      882D0A4A 
  58      8840
  59 004b 29281093 		.ascii	")(\020\223$\002\247s\357La\273\250\013\367q\316\375"
  59      2402A773 
  59      EF4C61BB 
  59      A80BF771 
  59      CEFD
  60 005d CE77BE73 		.ascii	"\316w\276s\357)b\234e9c\217\031c{iB0\360k\363\214uy"
  60      EF29629C 
  60      6539638F 
ARM GAS  C:\Users\User\AppData\Local\Temp\ccVER4Vu.s 			page 4


  60      19637B69 
  60      4230F06B 
  61 0075 38A00ED2 		.ascii	"8\240\016\322\003\326\311\321\211\253\".\220\351]\231"
  61      03D6C9D1 
  61      89AB222E 
  61      90E95D99 
  62 0085 E5658392 		.ascii	"\345e\203\222\206\023\2371.\310\236=\266`,AS\015\014"
  62      86139F31 
  62      2EC89E3D 
  62      B6602C41 
  62      530D0C
  63 0098 A28C50CF 		.ascii	"\242\214P\317r\033N\361\025a\013\200\223\271\270\372"
  63      721B4EF1 
  63      15610B80 
  63      93B9B8FA 
  64 00a8 22B94D99 		.ascii	"\"\271M\231\034\273\310\374\221\236xW,\216\203\321y"
  64      1CBBC8FC 
  64      919E7857 
  64      2C8E83D1 
  64      79
  65 00b9 ED86B3BF 		.ascii	"\355\206\263\277\364\226\224\021\351|>/\344n[\010\244"
  65      F4969411 
  65      E97C3E2F 
  65      E46E5B08 
  65      A4
  66 00ca 21880FC3 		.ascii	"!\210\017\303\360a\010>F.\206\021\224*\370\207\311\315"
  66      F061083E 
  66      462E8611 
  66      942AF887 
  66      C9CD
  67 00dc EB3B0C57 		.ascii	"\353;\014W\352WJ\334\206\001\332\307\027\341\310\315"
  67      EA574ADC 
  67      8601DAC7 
  67      17E1C8CD 
  68 00ec 5CAF74D6 		.ascii	"\\\257t\326o\342\325Q7i\247\010A\261.\306\242\204T\225"
  68      6FE2D551 
  68      3769A708 
  68      41B12EC6 
  68      A2845495 
  69 0100 F409AE76 		.ascii	"\364\011\256v\261\014\256\270.:\321\247^qB\313x\375"
  69      B10CAEB8 
  69      2E3AD1A7 
  69      5E7142CB 
  69      78FD
  70 0112 3619F796 		.ascii	"6\031\367\226\244\264\216\225\304\366~\351D\366))\243"
  70      A4B48E95 
  70      C4F67EE9 
  70      44F62929 
  70      A3
  71 0123 7F4AD125 		.ascii	"\177J\321%\216\241$IL\237\020Y\353\315N\277\031\011"
  71      8EA12449 
  71      4C9F1059 
  71      EBCD4EBF 
  71      1909
  72 0135 FFD6D59D 		.ascii	"\377\326\325\235\177\226\005C(\220\026\227\020\330\242"
  72      7F960543 
  72      28901697 
ARM GAS  C:\Users\User\AppData\Local\Temp\ccVER4Vu.s 			page 5


  72      10D8A2
  73 0144 9B611C06 		.ascii	"\233a\034\006QL\300H\012\221g\311\304\276\317=Y\212"
  73      514CC048 
  73      0A9167C9 
  73      C4BECF3D 
  73      598A
  74 0156 B8959390 		.ascii	"\270\225\223\220\261\236L\326\255\336\252H\007\316\217"
  74      B19E4CD6 
  74      ADDEAA48 
  74      07CE8F
  75 0165 6EAC7AF3 		.ascii	"n\254z\363\246\"w\221+5\366\355\271\307F\022\26600E"
  75      A6227791 
  75      2B35F6ED 
  75      B9C74612 
  75      B6303045 
  76 0179 CA269532 		.ascii	"\312&\2252\272H\277\\\377\3526Gew\227\0348g\0137\356"
  76      BA48BF5C 
  76      FFEA3647 
  76      6577971C 
  76      38670B37 
  77 018e C0463F15 		.ascii	"\300F?\025\257\263\022 \027\233\\2\374\343\0320E\341"
  77      AFB31220 
  77      179B5C32 
  77      FCE31A30 
  77      45E1
  78 01a0 1EDC8589 		.ascii	"\036\334\205\211\003\276\002\002\367\340'YJ\323\372"
  78      03BE0202 
  78      F7E02759 
  78      4AD3FA
  79 01af C7B99E9D 		.ascii	"\307\271\236\235\005E\177\233\317\203\373:\037\012l"
  79      05457F9B 
  79      CF83FB3A 
  79      1F0A6C
  80 01be D330B7D6 		.ascii	"\3230\267\326Cm\204\031\212\324\354\217\376\201}V\263"
  80      436D8419 
  80      8AD4EC8F 
  80      FE817D56 
  80      B3
  81 01cf F302FB03 		.ascii	"\363\002\373\003\315>g_\032\366\346\3319\036R\3442\""
  81      CD3E675F 
  81      1AF6E6D9 
  81      391E52E4 
  81      3222
  82 01e1 EFFB8602 		.ascii	"\357\373\206\002\272/\324\037\260/\210\014\014^\206"
  82      BA2FD41F 
  82      B02F880C 
  82      0C5E86
  83 01f0 72E8EF8B 		.ascii	"r\350\357\213\222>j\002j\371\352\252\303\365\201\226"
  83      923E6A02 
  83      6AF9EAAA 
  83      C3F58196 
  84 0200 6053B0BE 		.ascii	"`S\260\276J\255\265\341\263\315\301\220\277\262\275"
  84      4AADB5E1 
  84      B3CDC190 
  84      BFB2BD
  85 020f A2A12378 		.ascii	"\242\241#x\2729\324am\365\347\221!\313_y\310\014YfK"
  85      BA39D461 
ARM GAS  C:\Users\User\AppData\Local\Temp\ccVER4Vu.s 			page 6


  85      6DF5E791 
  85      21CB5F79 
  85      C80C5966 
  86 0224 63AB69B5 		.ascii	"c\253i\265\005\324\336`\205\313\003\314\335\330d\205"
  86      05D4DE60 
  86      85CB03CC 
  86      DDD86485 
  87 0234 83A74EBA 		.ascii	"\203\247N\272\324\322\364\237\314gBma\313\254\255\253"
  87      D4D2F49F 
  87      CC67426D 
  87      61CBACAD 
  87      AB
  88 0245 A9386856 		.ascii	"\2518hVW\0371\353\216\325\264\373\013\271\032Z[\233"
  88      571F31EB 
  88      8ED5B4FB 
  88      0BB91A5A 
  88      5B9B
  89 0257 CB5BD84F 		.ascii	"\313[\330O\015\232,\377"
  89      0D9A2CFF 
  90              		.text
  91              		.section	.gnu.lto_stStopAlarm.d754333a,"",%progbits
  92 0000 789CA550 		.ascii	"x\234\245P\277KBQ\024>\337\273\366\222\240=(Z\232\\"
  92      BF4B4251 
  92      143EDFBB 
  92      F692A03D 
  92      285A9A5C 
  93 0014 BC5890D0 		.ascii	"\274X\220\320\320b\004\201N6\012R:\370@z\341\263\034"
  93      D0620481 
  93      4E360A52 
  93      3AF8407A 
  93      E1B31C
  94 0027 7D862558 		.ascii	"}\206%XTK?\034\342\015\016\366\303\03786\004bAS\005"
  94      544B3F1C 
  94      E20D0EF6 
  94      C31F3836 
  94      04624153 
  95 003c FD05E150 		.ascii	"\375\005\341P4\004ARA\220\335\373\214p\357\300\271\347"
  95      34044152 
  95      4190DDFB 
  95      8C70EFC0 
  95      B9E7
  96 004e DEEF7CF7 		.ascii	"\336\357|\367\373\316\275}\244\020\007Q\235\210\206"
  96      FBCEBD7D 
  96      A4100751 
  96      9D8886
  97 005d 45821194 		.ascii	"E\202\021\224\335[\242\214S\001\344\306t\202\322\012"
  97      DD5BA28C 
  97      5301E4C6 
  97      7482D20A 
  98 006d D2D86107 		.ascii	"\322\330a\007\014\315\334\343\271\342*\231\"\032\007"
  98      0CCDDCE3 
  98      B9E22A99 
  98      221A07
  99 007c 6D75C35C 		.ascii	"mu\303\\\037\262\030QA\244\014\224\340\"Ak\325\277\367"
  99      1FB21851 
  99      41A40C94 
  99      E022416B 
ARM GAS  C:\Users\User\AppData\Local\Temp\ccVER4Vu.s 			page 7


  99      D5BFF7
 100 008f 06554717 		.ascii	"\006UG\027\3071TaA\265{4\314\357N\316l\\\025\3615+Z"
 100      C7315461 
 100      41B57B34 
 100      CCEF4ECE 
 100      6C5C15F1 
 101 00a6 7991D263 		.ascii	"y\221\322c\223)\262\262g4\333\237\326\345S\253\357O"
 101      9329B2B2 
 101      6734DB9F 
 101      D6E553AB 
 101      EF4F
 102 00b8 23DBB5FA 		.ascii	"#\333\265\372T\231\255S`\350\325\307\011Tap\012U\200"
 102      5499AD53 
 102      60E8D5C7 
 102      09546170 
 102      0A5580
 103 00cb FBEBCDBB 		.ascii	"\373\353\315\273\376mf1\330\234\333\312\307\353@\367"
 103      FE6D6631 
 103      D89CDBCA 
 103      C7EB40F7 
 104 00db 28351C02 		.ascii	"(5\034\002*V\337\257\235\026\216`1\005e\214\340\014"
 104      2A56DFAF 
 104      9D168E60 
 104      3105658C 
 104      E00C
 105 00ed 2324B9A7 		.ascii	"#$\271\2477\355\267~^1\263\031\363\241\2635Z\236\266"
 105      37EDB77E 
 105      5E31B319 
 105      F3A1B335 
 105      5A9EB6
 106 0100 18430516 		.ascii	"\030C\005\026\016\305\204\266\011\252\340\275\036b\016"
 106      0EC584B6 
 106      09AAE0BD 
 106      1E620E
 107 010f D4C4ED17 		.ascii	"\324\304\355\027\254=l^\214\311\331\354\037\310\213"
 107      AC3D6C5E 
 107      8CC9D9EC 
 107      1FC88B
 108 011e 86788A42 		.ascii	"\206x\212B\344\367M\205\"1mQ\013\371\344\032L\256D5"
 108      E4F74D85 
 108      22316D51 
 108      0BF9E41A 
 108      4CAE4435 
 109 0132 DDE35D9D 		.ascii	"\335\343]\235\010\247\264\245\250\2362z\361.S7<\336"
 109      08A7B4A5 
 109      A89E327A 
 109      F12E5337 
 109      3CDE
 110 0144 49AE1B3C 		.ascii	"I\256\033<\266\020\347F\"\"k\330H\272#\264\370O\261"
 110      B610E746 
 110      22226BD8 
 110      48BA23B4 
 110      F84FB1
 111 0157 653D9134 		.ascii	"e=\2214xp>01\316\375\376\031>?\027X\365\374\312\207"
 111      78703E30 
 111      31CEFDFE 
 111      193E3F17 
ARM GAS  C:\Users\User\AppData\Local\Temp\ccVER4Vu.s 			page 8


 111      58F5FCCA 
 112 016c E3F1A83B 		.ascii	"\343\361\250;F?d\253\247\013"
 112      463F64AB 
 112      A70B
 113              		.text
 114              		.section	.gnu.lto_stSetAlarm.d754333a,"",%progbits
 115 0000 789CA552 		.ascii	"x\234\245RMh\023A\024\236o'\311\206\250T\320\203`\016"
 115      4D681341 
 115      149E6F27 
 115      C986A854 
 115      D083600E 
 116 0014 2294520F 		.ascii	"\"\224R\017]b\301\202\327\012\"\244xh\301K!4\211\220"
 116      5D62C182 
 116      D70A22A4 
 116      7868C14B 
 116      21348990 
 117 0028 4034D28D 		.ascii	"@4\322\215\355\315N\327\326`\012\325\213I{X\267\020"
 117      EDCD4ED7 
 117      D6600AD5 
 117      8B497B58 
 117      B710
 118 003a A51ACD5F 		.ascii	"\245\032\315_UT\024Y\342\337E[\350E\241\021D\254\340"
 118      55541459 
 118      E2DF455B 
 118      E845A111 
 118      44ACE0
 119 004d 4128F527 		.ascii	"A(\365'\210\320\370fS\245\236\035\230y\363\336|\357"
 119      88D0F866 
 119      53A59E1D 
 119      9879F3DE 
 119      7CEF
 120 005f 7BDF7B8C 		.ascii	"{\337{\214\233)l\227\302\330\023\306\330^\332\340\014"
 120      9B296C97 
 120      C2D813C6 
 120      D85EDAE0 
 120      0C
 121 0070 CAE545C6 		.ascii	"\312\345E\306\306\275\012 /\302\0136\246`\014\227x\216"
 121      C6BD0A20 
 121      2FC20B36 
 121      A6600C97 
 121      788E
 122 0082 A396FEF4 		.ascii	"\243\226\376\364P\351\234\027\264\354\\E\275 &\367X"
 122      50E99C17 
 122      B4EC5C45 
 122      BD2026F7 
 122      58
 123 0093 9CB159DA 		.ascii	"\234\261Y\332ra\036\235\204z\336l\330m\323\334\342\200"
 123      72611E9D 
 123      847ADE6C 
 123      D86DD3DC 
 123      E280
 124 00a5 42EEF2DA 		.ascii	"B\356\362\332+s\233t\025\354$\367W\241Ro\343\307\301"
 124      2B739B74 
 124      15EC24F7 
 124      57A1526F 
 124      E3C7C1
 125 00b8 E8BE7ED5 		.ascii	"\350\276~\325\336\337q]\010C\330\365\363\\\354\2668"
ARM GAS  C:\Users\User\AppData\Local\Temp\ccVER4Vu.s 			page 9


 125      DEDF715D 
 125      0843D8F5 
 125      F35CECB6 
 125      38
 126 00c9 47019CF8 		.ascii	"G\001\234\370p\023~\334\200\237Q\210\341\026:$\374C"
 126      70137EDC 
 126      809F5188 
 126      E1163A24 
 126      FC43
 127 00db 75E3CA0E 		.ascii	"u\343\312\016\217+\377\247$n\303\003\262\345e\330b\243"
 127      8F2BFFA7 
 127      246EC303 
 127      B2E565D8 
 127      62A3
 128 00ed 9916F6C7 		.ascii	"\231\026\366\307kxt\324M\332)\203S\256\213\261\014!"
 128      6B7874D4 
 128      4DDA2983 
 128      53AE8BB1 
 128      0C21
 129 00ff 6527535C 		.ascii	"e'S\\\221\226\257B\221\\\027\355\3143\037?\341\310x"
 129      9196AF42 
 129      915C17ED 
 129      CC331F3F 
 129      E1C878
 130 0112 B362E67C 		.ascii	"\263b\346|\355yG\307\013s\373\214\260\215}RJ\361_)N"
 130      ED7947C7 
 130      0B73FB8C 
 130      B08D7D52 
 130      4AF15F29 
 131 0127 8B25B49B 		.ascii	"\213%\264\233\304\364\031\306zz\351\376\333R\352\257"
 131      C4F419C6 
 131      7A7AE9FE 
 131      DB52EAAF 
 132 0137 AE89D658 		.ascii	"\256\211\326X\036\250\\\202\034q\263\034[t3\224\341"
 132      1EA85C82 
 132      1C71B31C 
 132      5B743394 
 132      E1
 133 0148 218A0A3C 		.ascii	"!\212\012<&\347-\226Z\366\347\343\247\337\015U\006\011"
 133      26E72D96 
 133      5AF6E7E3 
 133      A7DF0D55 
 133      0609
 134 015a 999DAC2D 		.ascii	"\231\235\254-\251rVn'q\261\330X\363\265\\I\356\242P"
 134      A972566E 
 134      2771B1D8 
 134      58F3B55C 
 134      49EEA250 
 135 016e BEF4E3A5 		.ascii	"\276\364\343\245\327\202\011\213{\260@\312\252R\031"
 135      D782098B 
 135      7BB040CA 
 135      AA5219
 136 017d 3D145E7F 		.ascii	"=\024^\177\373\252jE11.\346\316Y\\\305\035X\230\241"
 136      FBAA6A45 
 136      31312EE6 
 136      CE595CC5 
 136      1D5898A1 
ARM GAS  C:\Users\User\AppData\Local\Temp\ccVER4Vu.s 			page 10


 137 0191 E69DAA04 		.ascii	"\346\235\252\004hf\253\357<\201\262\003X\240t/\356B"
 137      6866ABEF 
 137      3C81B203 
 137      58A0742F 
 137      EE42
 138 01a3 C301FF26 		.ascii	"\303\001\377&\002\367\020 Yl\025\306\373\251z\304\231"
 138      02F71020 
 138      596C15C6 
 138      FBA97AC4 
 138      99
 139 01b4 ADEC837D 		.ascii	"\255\354\203}\2011\327\230\206\0148#\310PS4H\3726\301"
 139      8131D798 
 139      860C3823 
 139      C8505334 
 139      48FA36C1 
 140 01c8 DEC38391 		.ascii	"\336\303\203\221X<\034\037\354\225g\177\352l4\236\014"
 140      583C1C1F 
 140      EC95677F 
 140      EA6C349E 
 140      0C
 141 01d9 F48C7487 		.ascii	"\364\214t\207F\343\247\243\311Q}k\274\205L\352\201\236"
 141      46E3A7A3 
 141      C9517D6B 
 141      BC854CEA 
 141      819E
 142 01eb 435A52D7 		.ascii	"CZR\327bC\011M\037\216H\033\322S]\021\246\016\205\365"
 142      6243094D 
 142      1F8E481B 
 142      D2535D11 
 142      A60E85F5 
 143 01ff 54FCD449 		.ascii	"T\374\324I\227<\302\377\311|&9\234\322\265\376\201\276"
 143      973CC2FF 
 143      C97C2639 
 143      9CD2B5FE 
 143      81BE
 144 0211 EE835A30 		.ascii	"\356\203Z0xD\0338\3267\022\330\254\025J$\242]1\366\033"
 144      78441B38 
 144      D63712D8 
 144      AC154A24 
 144      A25D31F6 
 145 0226 29C5EFAB 		.ascii	")\305\357\253"
 146              		.text
 147              		.section	.gnu.lto_stGetAlarm.d754333a,"",%progbits
 148 0000 789CA590 		.ascii	"x\234\245\220OH\024a\030\306\337g\336\335\231\251\210"
 148      4F481461 
 148      18C6DF67 
 148      DEDD99A9 
 148      88
 149 0011 3ADBD2DD 		.ascii	":\333\322\335\016\016\223\240\320\325 \202\365\244G"
 149      0E0E93A0 
 149      D0D52082 
 149      F5A447
 150 0020 61C9DDC3 		.ascii	"a\311\335\303.,M8\233\036\375\\\014\373\207J\240\253"
 150      2E2C4D38 
 150      9B1EFD5C 
 150      0CFB874A 
 150      A0AB
ARM GAS  C:\Users\User\AppData\Local\Temp\ccVER4Vu.s 			page 11


 151 0032 C432C10A 		.ascii	"\3042\301\012\376\251u\334k\207\030\214\350R\026\336"
 151      FEA975DC 
 151      6B87188C 
 151      E85216DE 
 152 0042 03112F1E 		.ascii	"\003\021/\036\202E%\023\303\351\375v%\274\367\301\367"
 152      82452513 
 152      C3E9FD76 
 152      25BCF7C1 
 152      F7
 153 0053 E77DF9F1 		.ascii	"\347}\371\361\274\317\363%\311\240\247 j\020\321\015"
 153      BCCFF325 
 153      C9A0A720 
 153      6A10D10D 
 154 0063 D9608231 		.ascii	"\331`\2021\273E4a\033\200~(\0334n`\0343\\a|\212\217"
 154      BB453461 
 154      1B807E28 
 154      1B346E60 
 154      1C335C61 
 155 007a A36BD31C 		.ascii	"\243k\323\034hL\312\355\346\227\352\025]\002\327\245"
 155      684CCAED 
 155      E697EA15 
 155      5D02D7A5 
 156 008a 5C5B0A0F 		.ascii	"\\[\012\017\354\316e\245\312*\2524\255\327\033\337U"
 156      ECCE65A5 
 156      CA2AAA34 
 156      ADD71BDF 
 156      55
 157 009b 32608316 		.ascii	"2`\203\026\005_A\012\313H\351\031\253\350$\241w\033"
 157      055F410A 
 157      CB48E919 
 157      ABE824A1 
 157      771B
 158 00ad 677357CD 		.ascii	"gsW\315D\215I\003\322_\203)V(\334F\244\316\342)\025"
 158      448D4903 
 158      D25F8329 
 158      5628DC46 
 158      A4CEE229 
 159 00c2 EDD5707A 		.ascii	"\355\325pz/aP\300\314r$\210\236\013\250]\275\020U\271"
 159      2F6150C0 
 159      CC722488 
 159      9E0BA85D 
 159      BD1055B9 
 160 00d6 791F9B1F 		.ascii	"y\037\233\037N\202\217\361\356\245\177\202\223JVT\371"
 160      4E828FF1 
 160      EEA57F82 
 160      934A5654 
 160      F9
 161 00e7 6D75B414 		.ascii	"mu\264\024\027\031\027\206\021\336\302\224Q\357`VY'"
 161      17191786 
 161      11DEC294 
 161      51EF6056 
 161      5927
 162 00f9 987FB2F9 		.ascii	"\230\177\262\371\315\322\011\222-l\253~\334\274\334"
 162      CDD20992 
 162      2D6CAB7E 
 162      DCBCDC
 163 0108 2EB54C42 		.ascii	".\265LBZ\265\365_\237\355\000U\004lb]R\324u\012\235"
ARM GAS  C:\Users\User\AppData\Local\Temp\ccVER4Vu.s 			page 12


 163      5AB5F55F 
 163      9FED0055 
 163      046C625D 
 163      52D4750A 
 164 011d F6EBD1A1 		.ascii	"\366\353\321\241\345\324\325\344\204\332\211_\336\014"
 164      E5D4D5E4 
 164      84DA895F 
 164      DE0C
 165 012b 5F096121 		.ascii	"_\011a!D\200\005q\331\032$T<\337\370a\272\241\246\336"
 165      44800571 
 165      D91A2454 
 165      3CDFF861 
 165      BAA1A6DE 
 166 013f BC3702B6 		.ascii	"\2747\002\266\261\001\007\267R\347\004\032pi\037\345"
 166      B10107B7 
 166      52E7041A 
 166      70691FE5 
 167 014f 83A9556E 		.ascii	"\203\251Un\273b1F?Q\336y\366\207u\000\351\310\247Hr"
 167      BB623146 
 167      3F51DE79 
 167      F6877500 
 167      E9C8A748 
 168 0164 E8C40651 		.ascii	"\350\304\006Q\272\357\316P6_\030.\014\365\351s\240\364"
 168      BAEFCE50 
 168      365F182E 
 168      0CF5E973 
 168      A0F4
 169 0176 3857F0DC 		.ascii	"8W\360\334\336\321\356\314X\341a\316\033\363/\366\333"
 169      DED1EECC 
 169      58E161CE 
 169      1BF32FF6 
 169      DB
 170 0187 A4E7BBBD 		.ascii	"\244\347\273\275=\216\347;\371\007E\307\037\311\352"
 170      3D8EE73B 
 170      F90745C7 
 170      1FC9EA
 171 0196 3BE397BA 		.ascii	";\343\227\272\2624\374\237b\217\274\221\222\357\014"
 171      B234FC9F 
 171      628FBC91 
 171      92EF0C
 172 01a5 0CF677DF 		.ascii	"\014\366w\337v\322\351\273\316\340\375\376Q\367\\>S"
 172      76D2E9BB 
 172      CEE0FDFE 
 172      51F75C3E 
 172      53
 173 01b6 2CE6BAF2 		.ascii	",\346\272\362\364\027\231\262\303'"
 173      F41799B2 
 173      C327
 174              		.text
 175              		.section	.gnu.lto_.symbol_nodes.d754333a,"",%progbits
 176 0000 789C55C8 		.ascii	"x\234U\310K\015\200@\014\006\341\351\277\254/\020\305"
 176      4B0D8040 
 176      0C06E1E9 
 176      BFAC2F10 
 176      C5
 177 0011 B92B0101 		.ascii	"\271+\001\001<\023T \002\015(!4\334:\227I\276\212\030"
 177      3C135420 
ARM GAS  C:\Users\User\AppData\Local\Temp\ccVER4Vu.s 			page 13


 177      020D2821 
 177      34DC3A97 
 177      49BE8A18 
 178 0025 8934CB61 		.ascii	"\2114\313a\272!v\265!d\221[\226U\256,\233\274d\331\345"
 178      BA2176B5 
 178      2164915B 
 178      9655AE2C 
 178      9BBC64D9 
 179 003a 5D123BE4 		.ascii	"]\022;\344\365\027h\255\207B\345|^\343\003\325E\035"
 179      F51768AD 
 179      8742E57C 
 179      5EE303D5 
 179      451D
 180 004c 35       		.ascii	"5"
 181              		.text
 182              		.section	.gnu.lto_.refs.d754333a,"",%progbits
 183 0000 789C6365 		.ascii	"x\234ce`b`d\000\002\000\000I\000\011"
 183      60626064 
 183      00020000 
 183      490009
 184              		.text
 185              		.section	.gnu.lto_.decls.d754333a,"",%progbits
 186 0000 789CBD57 		.ascii	"x\234\275WkP\024W\026\356\323w@\030@\315\350\272n\255"
 186      6B501457 
 186      16EED377 
 186      401840CD 
 186      E8BA6EAD 
 187 0014 5B4BA588 		.ascii	"[K\245\210P[\025\020Liv\177\244L\306l\222\252\230l\015"
 187      505B1510 
 187      4C69767F 
 187      A44CC66C 
 187      92AA986C 
 188 0029 6E6A7FB0 		.ascii	"nj\177\2605\205@\"U<\\gL*\265?\3222$A$*QP0*\210 \012"
 188      35854022 
 188      553C5C67 
 188      4C2AB53F 
 188      D2322441 
 189 0046 2A484411 		.ascii	"*HD\021\225\021t\202<\\\202\017D\024\320D\343+H\210"
 189      95117482 
 189      3C5C820F 
 189      4414D044 
 189      E32B4888 
 190 005a 0A42CCEC 		.ascii	"\012B\314\354\271\217\246\333v\310\356V*\3335\247\347"
 190      B98FA6DB 
 190      76C8EE56 
 190      2ADB35A7 
 190      E7
 191 006b 9E7BBFF3 		.ascii	"\236{\277\363\235s\317\271\267o\267\237$K%\026I:E$\251"
 191      9D73CFB9 
 191      B76FB79F 
 191      244B2516 
 191      493A4524 
 192 0080 0A24C98B 		.ascii	"\012$\311\213\227\277$I{$\355\242\372^\224\243(\015"
 192      97BF2449 
 192      7B24EDA2 
 192      FA5E94A3 
 192      280D
ARM GAS  C:\Users\User\AppData\Local\Temp\ccVER4Vu.s 			page 14


 193 0092 28C7514E 		.ascii	"(\307QN\240x\244'\257\277#\007RIo\241\234\322\361\310"
 193      A078A427 
 193      AFBF2307 
 193      52496FA1 
 193      9CD2F1C8 
 194 00a6 82C397CD 		.ascii	"\202\303\227\315?\321&P\330`(\322t\224\303(\341(\277"
 194      3FD12650 
 194      D86028D2 
 194      7494C328 
 194      E128BF
 195 00b9 C2B1E928 		.ascii	"\302\261\351(\327\260\335%q\356\247P\227Q\374\200\363"
 195      D7B0DD25 
 195      71EEA750 
 195      9751FC80 
 195      F3
 196 00ca D2B87E8D 		.ascii	"\322\270~\215m\374I\263\341q\356\017P7\011n\225\213"
 196      6DFC49B3 
 196      E171EE0F 
 196      5037096E 
 196      958B
 197 00dc F250986A 		.ascii	"\362P\230jO\347\024a\260\243\227\353\177\210\013\324"
 197      4FE71461 
 197      B0A397EB 
 197      7F880BD4 
 198 00ec B8447EFE 		.ascii	"\270D~\376 \342\2111\360\256\022\234F\276\331\377\201"
 198      20E28931 
 198      F0AE129C 
 198      46BED9FF 
 198      81
 199 00fd 93E6FB39 		.ascii	"\223\346\3739\3019\317\300\271\221@\355''\216\312\275"
 199      C139CFC0 
 199      B99140ED 
 199      27278ECA 
 199      BD
 200 010e 7009100B 		.ascii	"p\011\020\013SY/\000\277\003\023\246z\325\013\200\365"
 200      53592F00 
 200      BF0313A6 
 200      7AD50B80 
 200      F5
 201 011f 63AF2C09 		.ascii	"c\257,\011R\265\013T\013\241\313B\225\005%\373\011c"
 201      52B50B54 
 201      0BA1CB42 
 201      950525FB 
 201      0963
 202 0131 D031F261 		.ascii	"\3201\362a\356I\275\370\034x\203\231\251\326 k\016\000"
 202      EE49BDF8 
 202      1C788399 
 202      A9D6206B 
 202      0E00
 203 0143 F4063A42 		.ascii	"\364\006:B\036\266\030\037\217O\322&\007\352\354\277"
 203      1EB6181F 
 203      8F4FD226 
 203      07EAECBF 
 204 0153 2B68BB6E 		.ascii	"+h\273n\356\203\313\264\267h\001\260\276\217\367\017"
 204      EE83CBB4 
 204      B76801B0 
 204      BE8FF70F 
ARM GAS  C:\Users\User\AppData\Local\Temp\ccVER4Vu.s 			page 15


 205 0163 F4F9115C 		.ascii	"\364\371\021\\&\330\356{X\376\347\310J\205_\001\277"
 205      26D8EE7B 
 205      58FEE7C8 
 205      4A855F01 
 205      BF
 206 0174 D1D276D2 		.ascii	"\321\322v\322;\354\236\262\206\200\305\0142\252\235"
 206      3BEC9EB2 
 206      8680C50C 
 206      32AA9D
 207 0183 836D5B82 		.ascii	"\203m[\202P\235n\206\251\250\216\254<w\334<3\237Y\271"
 207      509D6E86 
 207      A9A88EAC 
 207      3C77DC3C 
 207      339F59B9 
 208 0197 94A932BC 		.ascii	"\224\2512\2745\003*a\026T\300,t\276\007f\342}\211\211"
 208      35032A61 
 208      1654C02C 
 208      74BE0766 
 208      E27D8989 
 209 01ab 33B933D6 		.ascii	"3\2713\326\357\231\364t\221R\324\257\270\2732~\237\357"
 209      EF99F474 
 209      9152D4AF 
 209      B8BB327E 
 209      9FEF
 210 01bd 52CAD12A 		.ascii	"R\312\321*\224\242`\027\020\330\015\2214bl\342\275\034"
 210      94A26017 
 210      10D80D91 
 210      34626CE2 
 210      BD1C
 211 01cf FA007642 		.ascii	"\372\000vB/\316g/<\215\326\256\312\213\331~\304\316"
 211      2FCE672F 
 211      3C8DD6AE 
 211      CA8BD97E 
 211      C4CE
 212 01e1 822D1D1D 		.ascii	"\202-\035\035\033$\030\304l3x\275\004;\366\335\251{"
 212      1B2418C4 
 212      6C3378BD 
 212      043BF6DD 
 212      A97B
 213 01f3 18C23BE8 		.ascii	"\030\302;\350xC\353\251\262`\222B\333\362\272\342\212"
 213      7843EBA9 
 213      B2609242 
 213      DBF2BAE2 
 213      8A
 214 0204 D581608E 		.ascii	"\325\201`\216\310R\224\014\032\243_\2044\036!|\016\021"
 214      C852940C 
 214      1AA35F84 
 214      341E217C 
 214      0E11
 215 0216 D4867A86 		.ascii	"\324\206z\206j\354\254\302\3162:\027\267w\353\354\215"
 215      6AECACC2 
 215      CE323A17 
 215      B777EBEC 
 215      8D
 216 0227 1F2B8A0C 		.ascii	"\037+\212\0145`\206\375Zt\263\315|2\307r{\256\233\311"
 216      356086FD 
 216      5A74B3CD 
ARM GAS  C:\Users\User\AppData\Local\Temp\ccVER4Vu.s 			page 16


 216      7C32C772 
 216      7BAE9BC9 
 217 023b 23603E7E 		.ascii	"#`>~p\345\3375A\204\231\233\0167\307\234\370\220\232"
 217      70E5DF35 
 217      4184999B 
 217      0E37C79C 
 217      F8909A
 218 024e 1E44D303 		.ascii	"\036D\323\003\232)2\341\237\3178j}\304\201N\326\036"
 218      9A2932E1 
 218      9FCF386A 
 218      7DC4814E 
 218      D61E
 219 0260 E8F9610A 		.ascii	"\350\371a\012Q\010sR\276e\363\267\376\343N\272n>W\306"
 219      51087352 
 219      BE65F3B7 
 219      FEE34EBA 
 219      6E3E57C6 
 220 0274 9C1C4627 		.ascii	"\234\034F'\2074'\007'vR\347\333\311\236\343\356\266"
 220      87342707 
 220      277652E7 
 220      DBC99EE3 
 220      EEB6
 221 0286 1013DD14 		.ascii	"\020\023\335\024\224\012\213E\373\\\336\254\311\023"
 221      940A8B45 
 221      FB5CDEAC 
 221      C913
 222 0294 96F5082B 		.ascii	"\226\365\010+k=\210\272\272\272s\253\265\272\206_\331"
 222      6B3D88BA 
 222      BABA73AB 
 222      B5BA865F 
 222      D9
 223 02a5 AF281899 		.ascii	"\257(\030\231b\2428\330\247\205\266\317X\330\243\254"
 223      62A238D8 
 223      A785B6CF 
 223      58D8A3AC 
 224 02b5 B0A7C6F6 		.ascii	"\260\247\306\366O&\275l\216ps\244\334\023,\250:\177"
 224      4F26BD6C 
 224      8E7073A4 
 224      DC132CA8 
 224      3A7F
 225 02c7 5BA0B871 		.ascii	"[\240\270q\0268G\272B\216iD\307\214D\015\214\350\323"
 225      163847BA 
 225      428E6944 
 225      C78C440D 
 225      8CE8D3
 226 02da 9AE16D7E 		.ascii	"\232\341m~\344\026g\032\375\246\265\321_05\376n\234"
 226      E416671A 
 226      FDA6B5D1 
 226      5F3035FE 
 226      6E9C
 227 02ec 8986E4D6 		.ascii	"\211\206\344\326\230\334F\246\343\214\251\362^\307\376"
 227      98DC46A6 
 227      E38CA9F2 
 227      5EC7FE
 228 02fb 10729F33 		.ascii	"\020r\2373\225W\224*A\372\\\3204i\311hzl\215\367\224"
 228      9557942A 
 228      41FA5CD0 
ARM GAS  C:\Users\User\AppData\Local\Temp\ccVER4Vu.s 			page 17


 228      3469C968 
 228      7A6C8DF7 
 229 0310 9654A86E 		.ascii	"\226T\250n=\333f\344\252k\034Q\320\250\371m4\372=\301"
 229      3DDB66E4 
 229      AA6B1C51 
 229      D0A8F96D 
 229      34FA3DC1 
 230 0324 FC7E9773 		.ascii	"\374~\227s\267\010\353mb~\267\325\254Y\033\202T\375"
 230      B708EB6D 
 230      627EB7D5 
 230      AC591B82 
 230      54FD
 231 0336 58ED6F56 		.ascii	"X\355oV\2211\227'G)\006\266\251\340\244Fu\222R\321\206"
 231      91319727 
 231      472906B6 
 231      A9E0A446 
 231      759252D1 
 232 034b 87517C99 		.ascii	"\207Q|\231Y\365\031\341\333\325D\031\333\013\277\232"
 232      59F519E1 
 232      DBD54419 
 232      DB0BBF9A 
 233 035b CCB76B28 		.ascii	"\314\267k(\335\345#]\275\301\301\331tu\254s)\201\257"
 233      DDE5235D 
 233      BDC1C1D9 
 233      7475AC73 
 233      2981AF
 234 036e 32B2669C 		.ascii	"2\262f\234\313\027l.\247 X\245\305&\342\017^\311k\010"
 234      CB176C2E 
 234      A72058A5 
 234      C526E20F 
 234      5EC96B08 
 235 0382 E46C1768 		.ascii	"\344l\027hL\205\365\367Z\374\270\036@\207\007*\016\206"
 235      4C85F5F7 
 235      5AFCB81E 
 235      4087072A 
 235      0E86
 236 0394 7076371D 		.ascii	"pv7\035>s\27583\230\017wP\275\351\374\027\203&r\227"
 236      3E73BD38 
 236      33980F77 
 236      50BDE9FC 
 236      17832672 
 237 03a9 CFE772F3 		.ascii	"\317\347r\363\256\012\032Y8\335\264^\357\024\335\266"
 237      AE0A1A59 
 237      38DDB45E 
 237      EF14DDB6 
 238 03b9 0DE7DBB6 		.ascii	"\015\347\333\266s\355\320\216I\344>\203\313\005-]\215"
 238      73EDD08E 
 238      49E43E83 
 238      CB052D5D 
 238      8D
 239 03ca DA9EF26E 		.ascii	"\332\236\362n}\241`\210&\362\014&\377Km\366\341\343"
 239      7DA16088 
 239      26F20C26 
 239      FF4B6DF6 
 239      E1E3
 240 03dc AB9DCD47 		.ascii	"\253\235\315G\032\237\014t\342j\017\027\253\275\003"
 240      1A9F0C74 
ARM GAS  C:\Users\User\AppData\Local\Temp\ccVER4Vu.s 			page 18


 240      E26A0F17 
 240      ABBD03
 241 03eb 3BFFC557 		.ascii	";\377\305W\373\256\035\271\333\375\211\342\307|x\216"
 241      FBAE1DB9 
 241      DBFD89E2 
 241      C77C788E 
 242 03fb F55C30A9 		.ascii	"\365\\0\251\317\006#\301y\037\004\352\006\177\332\303"
 242      CF0623C1 
 242      791F04EA 
 242      067FDAC3 
 243 040b F6DE390C 		.ascii	"\366\3369\014\346\254\026\314\031\020\017\207\254\312"
 243      E6AC16CC 
 243      19100F87 
 243      ACCA
 244 0419 354DC49C 		.ascii	"5M\304\234E\327\313\177\303\212\026mmc\355~d\025\013"
 244      45D7CB7F 
 244      C38A166D 
 244      6D63ED7E 
 244      64150B
 245 042c 0B569F3C 		.ascii	"\013V\237<\340\0215l\246\372\206\303M\365A$\207\017"
 245      E011356C 
 245      A6FA86C3 
 245      4DF54124 
 245      870F
 246 043e 7E957DB5 		.ascii	"~\225}\265\311\237\344rE-\200E\024`[\317\375\026 y|"
 246      C99FE472 
 246      452D8045 
 246      14605BCF 
 246      FD162079 
 247 0453 B0FEE011 		.ascii	"\260\376\340\021\217(\326\034\335\223\333\302\237\334"
 247      8F28D61C 
 247      DD93DBC2 
 247      9FDC
 248 0461 B5D74F79 		.ascii	"\265\327Oy\314\274v\012\240~\264\363\322\002R\310-\033"
 248      CCBC760A 
 248      A07EB4F3 
 248      D20252C8 
 248      2D1B
 249 0473 87AA768A 		.ascii	"\207\252v\212:\322\247kV\301P\307\024:\035E\254\032"
 249      3AD2A76B 
 249      56C150C7 
 249      143A1D45 
 249      AC1A
 250 0485 1AD8F8A2 		.ascii	"\032\330\370\242\371\212\316\032\242f\301U>\225\356"
 250      F98ACE1A 
 250      A266C155 
 250      3E95EE
 251 0494 919317FD 		.ascii	"\221\223\027\375,\353\030\032+fbY\352Gx\037\203\177"
 251      2CEB181A 
 251      2B666259 
 251      EA47781F 
 251      837F
 252 04a6 0D16D588 		.ascii	"\015\026\325\210\035/y\003\223\365\340\256\237\002\357"
 252      1D2F7903 
 252      93F5E0AE 
 252      9F02EF
 253 04b5 2D29DD68 		.ascii	"-)\335h&[y\220\233\277\277|S\254\315\010T\313\036\324"
ARM GAS  C:\Users\User\AppData\Local\Temp\ccVER4Vu.s 			page 19


 253      265B7990 
 253      9BBFBF7C 
 253      53ACCD08 
 253      54CB1ED4 
 254 04c9 BB02C876 		.ascii	"\273\002\310v>\266\376\330\226\366I\244\214+\352\036"
 254      3EB6FED8 
 254      96F649A4 
 254      8C2BEA1E 
 255 04d9 B0F03D90 		.ascii	"\260\360=\220\321\365\022\331\315G\032r?\275\014d/W"
 255      D1F512D9 
 255      CD471A72 
 255      3FBD0C64 
 255      2F57
 256 04eb 0632AFF5 		.ascii	"\0062\257\365\213\374\314D5\257\365v8\251\341C?67\205"
 256      8BFCCC44 
 256      35AFF576 
 256      38A9E143 
 256      3F363785 
 257 04ff 933ADEF6 		.ascii	"\223:\336\366\324\226\357\004\322\300\225\241B\317m"
 257      D496EF04 
 257      D2C095A1 
 257      42CF6D
 258 050e 3369E24A 		.ascii	"3i\342JQ\347g\207\002\210\207+e#\371x\004\265r\345l"
 258      51E76787 
 258      0288872B 
 258      6523F978 
 258      04B572E5 
 259 0523 DDB9AC20 		.ascii	"\335\271\254 \322\301\225\254\352\352MA\344,W2\352\273"
 259      D2C195AC 
 259      EAEA4D41 
 259      E42C5732 
 259      EABB
 260 0535 73C5E9DA 		.ascii	"s\305\351\332O\365\257K\277.\012\024U\361G=\273\263"
 260      4FF5AF4B 
 260      BF2E0A14 
 260      55F1473D 
 260      BBB3
 261 0547 6D18C805 		.ascii	"m\030\310\005\016\316\256=\323k\232\260\016\017\325"
 261      0ECEAE3D 
 261      D36B9AB0 
 261      0E0FD5
 262 0556 3ACC6165 		.ascii	":\314ae\310;\232w`\262\261\014m\210ne\350Q\226\331\207"
 262      C83B9A77 
 262      60B2B10C 
 262      6D886E65 
 262      E85196D9 
 263 056b 6A663BAE 		.ascii	"jf;\256\225\224\232\214u\230\010=\343n\366\361\373!"
 263      95949A8C 
 263      7598083D 
 263      E36EF6F1 
 263      FB21
 264 057d 10161636 		.ascii	"\020\026\0266-LwE\260\373v%\323\245\270\357\326\223"
 264      2D4C7745 
 264      B0FB7625 
 264      D3A5B8EF 
 264      D693
 265 058f 1B7B4EE7 		.ascii	"\033{N\347(E\215\300\2500\315\340\205i\332>\270\304"
ARM GAS  C:\Users\User\AppData\Local\Temp\ccVER4Vu.s 			page 20


 265      28458DC0 
 265      A830CDE0 
 265      8569DA3E 
 265      B8C4
 266 05a1 789BE95D 		.ascii	"x\233\351]\342&W\323\360)\235I\030\374\264\021\336\376"
 266      E22657D3 
 266      F0299D49 
 266      18FCB411 
 266      DEFE
 267 05b3 04BC4507 		.ascii	"\004\274E\007\3571\302\273\031<\232\242s\305\234\026"
 267      EF31C2BB 
 267      193C9AA2 
 267      73C59C16 
 268 05c3 982418C6 		.ascii	"\230$\030\306\361\007l\210\242q\017B\216\034\001+\345"
 268      F1076C88 
 268      A2710F42 
 268      8E1C012B 
 268      E5
 269 05d4 305050B2 		.ascii	"0PP\262P>D\311@Y\207\222\211\262\032\345#\224U(\237"
 269      503E44C9 
 269      40598792 
 269      89B21AE5 
 269      23945528 
 270 05e9 A0AC41F9 		.ascii	"\240\254A\371\030%\027\345\007\010\203\037Q\262\261"
 270      182517E5 
 270      0708831F 
 270      51B2B1
 271 05f8 ED427984 		.ascii	"\355By\204\355\265r\030{\032\363\030/\246h1\3363\306"
 271      EDB57218 
 271      7B1AF318 
 271      2FA66831 
 271      DE33C6
 272 060b 18659C51 		.ascii	"\030e\234Q\247\016}\337':Z\003\017\351\300\337\031\301"
 272      A70E7DDF 
 272      273A5A03 
 272      0FE9C0DF 
 272      19C1
 273 061d 7D60405F 		.ascii	"}`@_\324%\353\202\357\334\352\320\215\251\032\372\256"
 273      D425EB82 
 273      EFDCEAD0 
 273      8DA91AFA 
 273      AE
 274 062e 11FDAD11 		.ascii	"\021\375\255\021}K\027\311\220\021\335\372D\335:u\344"
 274      7D4B17C9 
 274      9011DDFA 
 274      44DD3A75 
 274      E4
 275 063f 778CF05B 		.ascii	"w\214\360[F\362!\035\372\272\021\335kD_\325\205\362"
 275      46F2211D 
 275      FABA11DD 
 275      6B445FD5 
 275      85F2
 276 0651 BDEF50F4 		.ascii	"\275\357P\364I\321q\337\366\035\311c\201\353rx\321\367"
 276      49D171DF 
 276      F61DC963 
 276      81EB7278 
 276      D1F7
ARM GAS  C:\Users\User\AppData\Local\Temp\ccVER4Vu.s 			page 21


 277 0663 827B6C7D 		.ascii	"\202{l}\352\330\007|'\221\303\371\231r\372\216e\245"
 277      EAD8077C 
 277      2791C3F9 
 277      9972FA8E 
 277      65A5
 278 0675 A2008549 		.ascii	"\242\000\205I\342<\321\326\321\365o-\353]J\363\034F"
 278      E23CD1D6 
 278      D1F56F2D 
 278      EB5D4AF3 
 278      1C46
 279 0687 76D348F6 		.ascii	"v\323H\366\315\023\025\321\271\276\341\033=\036\351"
 279      CD1315D1 
 279      B9BEE11B 
 279      3D1EE9
 280 0696 4A84A7AD 		.ascii	"J\204\247\255d\3601\260\300\210\200\253[\037Z\214\344"
 280      64F031B0 
 280      C08880AB 
 280      5B1F5A8C 
 280      E4
 281 06a7 A3BA1C0F 		.ascii	"\243\272\034\017\372^xz\362\321TN~\015\311\257\010\270"
 281      FA5E787A 
 281      F2D1544E 
 281      7E0DC9AF 
 281      08B8
 282 06b9 FA7C1705 		.ascii	"\372|\027\005\344p\372\206\320v\276|2i\360ggs\343\326"
 282      E470FA86 
 282      D076BE7C 
 282      3269F067 
 282      6773E3D6 
 283 06cd 230578FE 		.ascii	"#\005x\376O\343\351y0\340\217\237%\260A\236\006\237"
 283      4FE3E979 
 283      30E08F9F 
 283      25B0419E 
 283      069F
 284 06df CAE3072E 		.ascii	"\312\343\007.M\226\357\035\016\353qc\377\322\233\234"
 284      4D96EF1D 
 284      0EEB7163 
 284      FFD29B9C 
 285 06ef 9E0C37D7 		.ascii	"\236\0147\327^\221\365/T4B\355\231\234'\007\263w3\374"
 285      5E91F52F 
 285      543442ED 
 285      999C2707 
 285      B37733FC 
 286 0703 477071CD 		.ascii	"Gpq\315\275\302\020\322\352\317\317\361\363-=\200\257"
 286      BDC210D2 
 286      EACFCFF1 
 286      F32D3D80 
 286      AF
 287 0714 77EE7EF6 		.ascii	"w\356~\366zW\367a+>-W*\013^e\357\250\371\332$\261\371"
 287      7A57F761 
 287      2B3E2D57 
 287      2A0B5E65 
 287      EFA8F9DA 
 288 072b F8BBE246 		.ascii	"\370\273\342F\231\276\350\345\257\316\307\243\247\227"
 288      99BEE8E5 
 288      AFCEC7A3 
 288      A797
ARM GAS  C:\Users\User\AppData\Local\Temp\ccVER4Vu.s 			page 22


 289 0739 9395DCAA 		.ascii	"\223\225\334\252k\022G}\010\252\227\266o(5\361S\344"
 289      6B12477D 
 289      08AA97B6 
 289      6F2835F1 
 289      53E4
 290 074b 061D2E6E 		.ascii	"\006\035.n\377>\337L\356p\354\330\215\015\335\300\261"
 290      FF3EDF4C 
 290      EE70ECD8 
 290      8D0DDDC0 
 290      B1
 291 075c 34A8A63B 		.ascii	"4\250\246;\237\017O|\270o\221\305\241\362\231\314N\225"
 291      9F0F4F7C 
 291      B86F91C5 
 291      A1F299CC 
 291      4E95
 292 076e 73234747 		.ascii	"s#GG\203\311}\306d\352/\031\272\215_$\263\000\314(e"
 292      83C97DC6 
 292      64EA2F19 
 292      BA8D5F24 
 292      B300CC28 
 293 0783 EAC7A304 		.ascii	"\352\307\243\004\305\262\031\266\312D\375\370.T\220"
 293      C5B219B6 
 293      CA44FDF8 
 293      2E5490
 294 0792 7EF003DA 		.ascii	"~\360\003\332\315\337\325\006\267+d\246\004s\331Y\005"
 294      CDDFD506 
 294      B72B64A6 
 294      0473D959 
 294      05
 295 07a3 DBB03CC5 		.ascii	"\333\260<\305\314\317vy\026\024\241\243B,5\355A\207"
 295      CCCF7679 
 295      1614A1A3 
 295      422C35ED 
 295      4187
 296 07b5 873AEA36 		.ascii	"\207:\3526\007i\007\0230\356B\304\025\3104\276\022\331"
 296      07690713 
 296      30EE42C4 
 296      15C834BE 
 296      12D9
 297 07c7 A24649D1 		.ascii	"\242FI\321\353\332\2137\007"
 297      EBDA8B37 
 297      07
 298 07d0 9A858FAC 		.ascii	"\232\205\217\254\237\364\201\350\232\356\2176\005\352"
 298      9FF481E8 
 298      9AEE8F36 
 298      05EA
 299 07de B977FC14 		.ascii	"\271w\374\024\367\221\306\301J\362L\211\322\341\306"
 299      F791C6C1 
 299      4AF24C89 
 299      D2E1C6
 300 07ed CF9CC6F0 		.ascii	"\317\234\306\360\352\014\267\342Z\000\245\262\0056c"
 300      EA0CB7E2 
 300      5A00A5B2 
 300      053663
 301 07fc B1F05B46 		.ascii	"\261\360[Fg\272\011{\026\313\022\224\311\317\320\217"
 301      67BA097B 
 301      16CB1294 
ARM GAS  C:\Users\User\AppData\Local\Temp\ccVER4Vu.s 			page 23


 301      C9CFD08F 
 302 080c 026F5D51 		.ascii	"\002o]Q\010\031\345\351\377(;\243\332_\253{\273Vw\372"
 302      0819E5E9 
 302      FF283BA3 
 302      DA5FAB7B 
 302      BB5677FA 
 303 0820 2EBE53AB 		.ascii	".\276S\253\373Nc\335\313Y\335\033n\356(4\221\234I\234"
 303      FB4E63DD 
 303      CB59DD1B 
 303      6EEE2834 
 303      919C499C 
 304 0834 6C77C7BE 		.ascii	"lw\307\276I\202\254%\222\177\345\024\363\257\234]\032"
 304      4982AC25 
 304      927FE514 
 304      F3AF9C5D 
 304      1A
 305 0845 D32E23D3 		.ascii	"\323.#\323n\306t\313SV\031B\266p\246\256\356\314:\261"
 305      6EC674CB 
 305      53561942 
 305      B670A6AE 
 305      EECC3AB1 
 306 0859 2A82742F 		.ascii	"*\202t/\376\323\305\213\377\243\301\216G\342\215\320"
 306      FED3C58B 
 306      FFA3C18E 
 306      47E28DD0 
 307 0869 8CEAE18C 		.ascii	"\214\352\341\214\252>\277\011\027\315>u\321\354\345"
 307      AA3EBF09 
 307      17CD3E75 
 307      D1ECE5
 308 0878 79EE5EF3 		.ascii	"y\356^\363\340\222\311X\303=\230\254J\226\254*\226\347"
 308      E092C958 
 308      C33D98AC 
 308      4A96AC2A 
 308      96E7
 309 088a 7D6A9E9B 		.ascii	"}j\236\233\272\357\035\0111VeB\364\206C\303Y\362xU\346"
 309      BAEF1D09 
 309      31566542 
 309      F48643C3 
 309      59F27855 
 310 089f 89AA548B 		.ascii	"\211\252T\213\252\340\347\234\316\264BTe?\253J\355\306"
 310      AAE0E79C 
 310      CEB44254 
 310      653FAB4A 
 310      EDC6
 311 08b1 BC174805 		.ascii	"\274\027H\005\237}\323\246\232FY+\312\243\322\323jQ"
 311      9F7DD3A6 
 311      9A46592B 
 311      CAA3D2D3 
 311      6A51
 312 08c3 E8875B8D 		.ascii	"\350\207[\215\226\312\032c*?g\251\034\033\360\346\232"
 312      96CA1A63 
 312      2A3F67A9 
 312      1C1BF0E6 
 312      9A
 313 08d4 C8114E36 		.ascii	"\310\021N6\232\223Q\025<\036\322\013\206\220N<\026\322"
 313      9A935115 
 313      3C1ED20B 
ARM GAS  C:\Users\User\AppData\Local\Temp\ccVER4Vu.s 			page 24


 313      86904E3C 
 313      16D2
 314 08e6 011152AD 		.ascii	"\001\021R\255\374\214\344\357p\276\226\226\354\014x"
 314      FC8CE4EF 
 314      70BE9696 
 314      EC0C78
 315 08f5 E58DBF86 		.ascii	"\345\215\277\206Z\243\243\245\327\255\177\212KX\232"
 315      5AA3A3A5 
 315      D7AD7F8A 
 315      4B589A
 316 0904 BC2439CE 		.ascii	"\274$9\316J\357\261\316\025\211\311\351\321\363\337"
 316      4AEFB1CE 
 316      1589C9E9 
 316      D1F3DF
 317 0913 9D6B7F2F 		.ascii	"\235k\177/9-1\375=\207\276\237#\323\035\321\363\347"
 317      392D31FD 
 317      3D87BE9F 
 317      23D31DD1 
 317      F3E7
 318 0925 45A53BA2 		.ascii	"E\245;\242\226\306\247D9\226'\320\177\273\303\031\231"
 318      96C6A744 
 318      399627D0 
 318      7FBBC319 
 318      99
 319 0936 20053B9C 		.ascii	" \005;\234\261\316\370\345\316\027S\342\227\247\232"
 319      B1CEF8E5 
 319      CE1753E2 
 319      97A79A
 320 0945 EDF615C9 		.ascii	"\355\366\025\311i\316\350yvg&$\250^\330\335\361\244"
 320      69CEE879 
 320      76672624 
 320      A85ED8DD 
 320      F1A4
 321 0957 175D7F9C 		.ascii	"\027]\177\2343==\305\021\367N\332\212P\326\012E\262"
 321      333D3DC5 
 321      11F74EDA 
 321      8A50D60A 
 321      45B2
 322 0969 D0A4D425 		.ascii	"\320\244\324%I\211\211I\211q\363\"\347\206\306\314\211"
 322      49898949 
 322      8971F322 
 322      E786C6CC 
 322      89
 323 097a 9EFF8FE8 		.ascii	"\236\377\217\3508\354\1776-=-\351\331\244xdNNKHY\221"
 323      38EC7F36 
 323      2D3D2DE9 
 323      D9A47864 
 323      4E4E4B48 
 324 0990 9814971A 		.ascii	"\230\024\227\032\217\\iIq\366\304\244\267\343W\2448"
 324      8F5C6949 
 324      71F6C4A4 
 324      B7E357A4 
 324      38
 325 09a1 EDCEF797 		.ascii	"\355\316\367\227%9\"\227J\001j8\357\377\037\243q\274"
 325      25392297 
 325      4A016A38 
 325      EFFF1FA3 
ARM GAS  C:\Users\User\AppData\Local\Temp\ccVER4Vu.s 			page 25


 325      71BC
 326 09b3 EF88C3E4 		.ascii	"\357\210\303\344$\242k\014!\020Ugrj\222\335\031\373"
 326      24A26B0C 
 326      21105567 
 326      726A92DD 
 326      19FB
 327 09c5 33F2BEDC 		.ascii	"3\362\276\334\031%\350\243\022\226RF1\301 \232\376\364"
 327      1925E8A3 
 327      12965246 
 327      31C1209A 
 327      FEF4
 328 09d7 653CFBD8 		.ascii	"e<\373\330Nr\252\315WD\023\021\366\224\224D{2.\201%"
 328      4E72AACD 
 328      57441311 
 328      F6949444 
 328      7B322E81 
 329 09ec 3FB3F2CB 		.ascii	"?\263\362\313\322\227;\035Q\261\213\027\315\215\211"
 329      D2973B1D 
 329      51B18B17 
 329      CD8D89
 330 09fb 7AFDF585 		.ascii	"z\375\365\205Q\213_[\364n\264X\013\324\011\006\344g"
 330      518B5F5B 
 330      F46EB458 
 330      0BD40906 
 330      E467
 331 0a0d B52EB2CD 		.ascii	"\265.\262\315\025\013an\214\335\031\2406\3447m\246\205"
 331      150B616E 
 331      8CDD19A0 
 331      36E4376D 
 331      A685
 332 0a1f 8B5EB491 		.ascii	"\213^\264\221\205V\233\351\245\205\213m\304j\265\021"
 332      85569BE9 
 332      A5858B6D 
 332      C46AB511 
 333 0a2f 1BCA8B36 		.ascii	"\033\312\2136\033\371K\254\225X\337Xl\262Z_\2661\216"
 333      1BF94BAC 
 333      9558DF58 
 333      6CB25A5F 
 333      B6318E
 334 0a42 18768F26 		.ascii	"\030v\217&/\277b\223c\321\362\265\227m\246\330E\210"
 334      2FBF6293 
 334      63D1F2B5 
 334      976DA6D8 
 334      4588
 335 0a54 B6DA6250 		.ascii	"\266\332bP\242\021\3717[\374/2!\2073\225\006\234\234"
 335      A211F937 
 335      5BFC2F32 
 335      21873395 
 335      069C9C
 336 0a67 CA132C14 		.ascii	"\312\023,\024\273\323\"R\351\240\013\336\036O\263\033"
 336      BBD32252 
 336      E9A00BDE 
 336      1E4FB31B 
 337 0a77 62B7BFBD 		.ascii	"b\267\277\275\"-\301n\217\234\377\374\363\321\001\252"
 337      222DC16E 
 337      8F9CFFFC 
 337      F3D101AA 
ARM GAS  C:\Users\User\AppData\Local\Temp\ccVER4Vu.s 			page 26


 338 0a87 664A581A 		.ascii	"fJX\032\277\374\251qx\3722\216\236\252\366$\3712\177"
 338      BFFCA971 
 338      78FA328E 
 338      9EAAF624 
 338      F9327F
 339 0a9a 5E1D7EC7 		.ascii	"^\035~\307\327\360\037c\376\015Z\024\262\201"
 339      D7F01F63 
 339      FE0D5A14 
 339      B281
 340              		.text
 341              		.section	.gnu.lto_.symtab.d754333a,"",%progbits
 342 0000 7374496E 		.ascii	"stInit\000"
 342      697400
 343 0007 00       		.ascii	"\000"
 344 0008 00       		.ascii	"\000"
 345 0009 00       		.ascii	"\000"
 346 000a 00000000 		.ascii	"\000\000\000\000\000\000\000\000"
 346      00000000 
 347 0012 AE000000 		.ascii	"\256\000\000\000"
 348 0016 73745374 		.ascii	"stStartAlarm\000"
 348      61727441 
 348      6C61726D 
 348      00
 349 0023 00       		.ascii	"\000"
 350 0024 00       		.ascii	"\000"
 351 0025 00       		.ascii	"\000"
 352 0026 00000000 		.ascii	"\000\000\000\000\000\000\000\000"
 352      00000000 
 353 002e BD000000 		.ascii	"\275\000\000\000"
 354 0032 73745374 		.ascii	"stStopAlarm\000"
 354      6F70416C 
 354      61726D00 
 355 003e 00       		.ascii	"\000"
 356 003f 00       		.ascii	"\000"
 357 0040 00       		.ascii	"\000"
 358 0041 00000000 		.ascii	"\000\000\000\000\000\000\000\000"
 358      00000000 
 359 0049 BF000000 		.ascii	"\277\000\000\000"
 360 004d 73745365 		.ascii	"stSetAlarm\000"
 360      74416C61 
 360      726D00
 361 0058 00       		.ascii	"\000"
 362 0059 00       		.ascii	"\000"
 363 005a 00       		.ascii	"\000"
 364 005b 00000000 		.ascii	"\000\000\000\000\000\000\000\000"
 364      00000000 
 365 0063 C1000000 		.ascii	"\301\000\000\000"
 366 0067 73744765 		.ascii	"stGetAlarm\000"
 366      74416C61 
 366      726D00
 367 0072 00       		.ascii	"\000"
 368 0073 00       		.ascii	"\000"
 369 0074 00       		.ascii	"\000"
 370 0075 00000000 		.ascii	"\000\000\000\000\000\000\000\000"
 370      00000000 
 371 007d C4000000 		.ascii	"\304\000\000\000"
 372 0081 73745F6C 		.ascii	"st_lld_init\000"
ARM GAS  C:\Users\User\AppData\Local\Temp\ccVER4Vu.s 			page 27


 372      6C645F69 
 372      6E697400 
 373 008d 00       		.ascii	"\000"
 374 008e 02       		.ascii	"\002"
 375 008f 00       		.ascii	"\000"
 376 0090 00000000 		.ascii	"\000\000\000\000\000\000\000\000"
 376      00000000 
 377 0098 C6000000 		.ascii	"\306\000\000\000"
 378              		.text
 379              		.section	.gnu.lto_.opts,"",%progbits
 380 0000 272D666D 		.ascii	"'-fmath-errno' '-fsigned-zeros' '-ftrapping-math' '"
 380      6174682D 
 380      6572726E 
 380      6F272027 
 380      2D667369 
 381 0033 2D666E6F 		.ascii	"-fno-trapv' '-fno-openmp' '-fno-openacc' '-mcpu=cor"
 381      2D747261 
 381      70762720 
 381      272D666E 
 381      6F2D6F70 
 382 0066 7465782D 		.ascii	"tex-m7' '-mno-thumb-interwork' '-mthumb' '-ggdb' '-"
 382      6D372720 
 382      272D6D6E 
 382      6F2D7468 
 382      756D622D 
 383 0099 4F322720 		.ascii	"O2' '-fomit-frame-pointer' '-falign-functions=16' '"
 383      272D666F 
 383      6D69742D 
 383      6672616D 
 383      652D706F 
 384 00cc 2D666675 		.ascii	"-ffunction-sections' '-fdata-sections' '-fno-common"
 384      6E637469 
 384      6F6E2D73 
 384      65637469 
 384      6F6E7327 
 385 00ff 2720272D 		.ascii	"' '-flto'\000"
 385      666C746F 
 385      2700
 386              		.text
 387              		.comm	__gnu_lto_v1,1,1
 388              		.comm	__gnu_lto_slim,1,1
 389              		.ident	"GCC: (GNU Tools for ARM Embedded Processors 6-2017-q1-update) 6.3.1 20170215 (release) [AR
ARM GAS  C:\Users\User\AppData\Local\Temp\ccVER4Vu.s 			page 28


DEFINED SYMBOLS
                            *ABS*:00000000 hal_st.c
                            *COM*:00000001 __gnu_lto_v1
                            *COM*:00000001 __gnu_lto_slim

NO UNDEFINED SYMBOLS
