ARM GAS  C:\Users\User\AppData\Local\Temp\ccQ7h4mC.s 			page 1


   1              		.cpu cortex-m7
   2              		.eabi_attribute 20, 1
   3              		.eabi_attribute 21, 1
   4              		.eabi_attribute 23, 3
   5              		.eabi_attribute 24, 1
   6              		.eabi_attribute 25, 1
   7              		.eabi_attribute 26, 1
   8              		.eabi_attribute 30, 2
   9              		.eabi_attribute 34, 1
  10              		.eabi_attribute 18, 4
  11              		.file	"nvic.c"
  12              		.text
  13              	.Ltext0:
  14              		.section	.gnu.lto_.profile.d7541acd,"",%progbits
  15 0000 789C6365 		.ascii	"x\234ce`b`a```d\220\022\003\000\000\312\000="
  15      60626061 
  15      60606064 
  15      90120300 
  15      00CA003D 
  16              		.text
  17              		.section	.gnu.lto_.icf.d7541acd,"",%progbits
  18 0000 789C6365 		.ascii	"x\234ce`b\220b@\000\026\206\027\337\372'q3~\336ur'\033"
  18      60629062 
  18      40001686 
  18      17DFFA27 
  18      71337EDE 
  19 0018 D385E635 		.ascii	"\323\205\3465\217\270\231;\356\375hab\000\000\253P\014"
  19      8FB8993B 
  19      EEFD6861 
  19      620000AB 
  19      500C
  20 002a 3B       		.ascii	";"
  21              		.text
  22              		.section	.gnu.lto_.jmpfuncs.d7541acd,"",%progbits
  23 0000 789C6365 		.ascii	"x\234ce`b\220b@\000\026\006&FF\346\372zF \250g\202\260"
  23      60629062 
  23      40001606 
  23      264646E6 
  23      FA7A4620 
  24 0018 99416C06 		.ascii	"\231Al\006\000)\250\003:"
  24      0029A803 
  24      3A
  25              		.text
  26              		.section	.gnu.lto_.inline.d7541acd,"",%progbits
  27 0000 789C4D8C 		.ascii	"x\234M\214\321\021\2000\014B!M\323\350\217#\324\011"
  27      D1118030 
  27      0C42214D 
  27      D3E88F23 
  27      D409
  28 0012 5CD2453A 		.ascii	"\\\322E:\222\2438\202\261\236U>\270\343\036\220!\330"
  28      92A33882 
  28      B19E553E 
  28      B8E31E90 
  28      21D8
  29 0024 F1498179 		.ascii	"\361I\201y\242pe\204\333\324\316\015\326\252@\216E\021"
  29      A2706584 
  29      DBD4CE0D 
ARM GAS  C:\Users\User\AppData\Local\Temp\ccQ7h4mC.s 			page 2


  29      D6AA408E 
  29      4511
  30 0036 C9833808 		.ascii	"\311\2038\010/d\257$m\365\251\004\325~\"\310J\366\227"
  30      2F64AF24 
  30      6DF5A904 
  30      D57E22C8 
  30      4AF697
  31 0049 14BBDF41 		.ascii	"\024\273\337A(\241\330;\035pLq\001\226\277\015\245"
  31      28A1D83B 
  31      1D704C71 
  31      0196BF0D 
  31      A5
  32              		.text
  33              		.section	.gnu.lto_.pureconst.d7541acd,"",%progbits
  34 0000 789C6365 		.ascii	"x\234ce`b\340d```a\220b\224b\222b\226\002\000\002\321"
  34      6062E064 
  34      60606061 
  34      90629462 
  34      92629602 
  35 0017 0083     		.ascii	"\000\203"
  36              		.text
  37              		.section	.gnu.lto_nvicEnableVector.d7541acd,"",%progbits
  38 0000 789C9D53 		.ascii	"x\234\235SMHTQ\024\276\337;3\363ft\234\326\321\220."
  38      4D485451 
  38      14BEDF3B 
  38      33F36674 
  38      9CD6D190 
  39 0015 0271D363 		.ascii	"\002q\323c\010\022\332\325@;7\265\013Cj\\8\220\363\304"
  39      0812DAD5 
  39      403B37B5 
  39      0B436A5C 
  39      3890F3C4 
  40 0029 316DE775 		.ascii	"1m\347u\264\221,J\312\237\214\2067\201\345_:jVj\005"
  40      B4912C4A 
  40      CA9F8C86 
  40      3781E55F 
  40      3A6A566A 
  41 003e C320C42C 		.ascii	"\303 \304,,\012wA\213&\212Y\0306\264h\241\326\271\357"
  41      2C0A7741 
  41      8B268A59 
  41      1836B468 
  41      A1D6B9EF 
  42 0052 0D24548B 		.ascii	"\015$T\213\272p\177\3169\337w\316\371\356}\317-4q\202"
  42      BA707FCE 
  42      39DF77CE 
  42      F9EE7DCF 
  42      2D347182 
  43 0066 84880821 		.ascii	"\204\210\010!\016\360\004\011h\203\257\204\350\361j"
  43      0EF00409 
  43      6883AF84 
  43      E8F16A
  44 0075 803A482F 		.ascii	"\200:H/D\267\206n\334\240QB\256\377\323\212V7!ydGK\373"
  44      44B7866E 
  44      DCA05142 
  44      AEFFD38A 
  44      56372179 
  45 008d E5641616 		.ascii	"\345d\026\026\323\307x\252\201\011\3241\352M\337\374"
ARM GAS  C:\Users\User\AppData\Local\Temp\ccQ7h4mC.s 			page 3


  45      D3C778AA 
  45      8109D431 
  45      EA4DDFFC 
  46 009d 5DBA4E16 		.ascii	"]\272N\026\001.6\277\256\337)\004\224\251\241\206\315"
  46      012E36BF 
  46      AEDF2904 
  46      94A9A186 
  46      CD
  47 00ae 1D393412 		.ascii	"\03594\022\240\263\020|\036\313\015\277\253\252\275"
  47      A0B3107C 
  47      1ECB0DBF 
  47      ABAABD
  48 00bd 2F654266 		.ascii	"/eBf\327\206H\036\262\2100\015\342\204\230B\020\223"
  48      D786481E 
  48      B288300D 
  48      E2849842 
  48      1093
  49 00cf 080A7609 		.ascii	"\010\012v\011\314\240\226\3413\211\317\233DM6\365J~"
  49      CCA096E1 
  49      3389CF9B 
  49      444D36F5 
  49      4A7E
  50 00e1 A7A097A9 		.ascii	"\247\240\227\251\037\207\313\324\207\177\240\316\242"
  50      1F87CBD4 
  50      877FA0CE 
  50      A2
  51 00ee 56E13F2C 		.ascii	"V\341?,\354\016Wy\\N\257\230\203\007\274g\336\"+w\177"
  51      EC0E5779 
  51      5C4EAF98 
  51      8307BC67 
  51      DE222B77 
  52 0103 F4CBECC6 		.ascii	"\364\313\354\306\003\214\236\364\003\012\2561\321Ej"
  52      038C9EF4 
  52      030AAE31 
  52      D1456A
  53 0112 714355D6 		.ascii	"qCU\326\371\350\366\252\305\307\213G\210\001\316\241"
  53      F9E8F6AA 
  53      C5C78B47 
  53      8801CEA1 
  54 0122 2EE72A69 		.ascii	".\347*ij\247\"\022\245\376\235L\205J\233\"-E\020E\364"
  54      6AA72212 
  54      A5FE9D4C 
  54      854A9B22 
  54      2D451045 
  55 0137 6E25E138 		.ascii	"n%\3418\210}{\257\305\003\0272\334^\021\271\221|\265"
  55      887D7BAF 
  55      C5031732 
  55      DC5E11B9 
  55      917CB5
  56 014a C27074E4 		.ascii	"\302pt\344r\356\265\256\242\272-o\351\336\227\357~\307"
  56      72EEB5AE 
  56      A2BA2D6F 
  56      E9DE97EF 
  56      7EC7
  57 015c 94B95E19 		.ascii	"\224\271^\031`\327\315\315\322r\300B\252\207o?}\320"
  57      60D7CDCD 
  57      D272C042 
ARM GAS  C:\Users\User\AppData\Local\Temp\ccQ7h4mC.s 			page 4


  57      AA876F3F 
  57      7DD0
  58 016e 222F1658 		.ascii	"\"/\026X\347<'R\204\365\367\213\203\373\214Y\331\327"
  58      E73C2752 
  58      84F5F78B 
  58      83FB8C59 
  58      D9D7
  59 0180 236B2CF2 		.ascii	"#k,\362a\021\026n\333\357\242\262M\177\233\244PF\005"
  59      6111166E 
  59      DBEFA2B2 
  59      4D7F9BA4 
  59      504605
  60 0193 D3318B2A 		.ascii	"\3231\213*\360\010F\212\334\366\233-!\304-\252\206K"
  60      F008468A 
  60      DCF69B2D 
  60      21C42DAA 
  60      864B
  61 01a5 C9D442BA 		.ascii	"\311\324B\272\334\263\316a&\346\307W\267\375N\317n<"
  61      DCB3CE61 
  61      26E6C757 
  61      B7FD4ECF 
  61      6E3C
  62 01b7 B67BEEDD 		.ascii	"\266{\356\335NN\371\034\220\327\001\335\032\237[\251"
  62      4E4EF91C 
  62      90D701DD 
  62      1A9F5BA9 
  63 01c7 522037AA 		.ascii	"R 7\252\361\304\001m%\363\272\003\362\251\372k/\223"
  63      F1C4016D 
  63      25F3BA03 
  63      F2A9FA6B 
  63      2F93
  64 01d9 5E270DF0 		.ascii	"^'\015\360\024A\246:\352\215\262\372\177\321V\211e["
  64      1441A63A 
  64      EA8DB2FA 
  64      7FD15689 
  64      655B
  65 01eb 1B7ED7D6 		.ascii	"\033~\327\326i\221\037+J\233nk[U\332|v\251\342@\241"
  65      69911F2B 
  65      4A9B6E6B 
  65      5B55DA7C 
  65      76A9E240 
  66 0200 F2BF8A3D 		.ascii	"\362\277\212=\263\213i\177)\366\374W\261\027N\261M$"
  66      B38B697F 
  66      29F6FC57 
  66      B1174EB1 
  66      4D24
  67 0212 D2996BF6 		.ascii	"\322\231k\3665\332?\305\0007\312\037\011'8\023>\326"
  67      35DA3FC5 
  67      0037CA1F 
  67      09273813 
  67      3ED6
  68 0224 1869899E 		.ascii	"\030i\211\236\2176\206\325z\272\343bs\324\014\325w\036"
  68      8F3686D5 
  68      7ABAE362 
  68      73D40CD5 
  68      771E
  69 0236 69EA8AC6 		.ascii	"i\352\212\306\232\315\256\370^\277\2034\343\241\372"
ARM GAS  C:\Users\User\AppData\Local\Temp\ccQ7h4mC.s 			page 5


  69      9ACDAEF8 
  69      5EBF8334 
  69      E3A1FA
  70 0245 A3861937 		.ascii	"\243\206\0317Z\316]0\332\314\366\216\270\0211[[\315"
  70      5ACE5D30 
  70      DACCF68E 
  70      B811315B 
  70      5BCD
  71 0257 9871FC54 		.ascii	"\230q\374TC\270\341\222\021\353\214F\016G\004b\256\266"
  71      43B8E192 
  71      11EB8C46 
  71      0E470462 
  71      AEB6
  72 0269 F6A8F913 		.ascii	"\366\250\371\023\270\262)\332"
  72      B8B229DA 
  73              		.text
  74              		.section	.gnu.lto_nvicDisableVector.d7541acd,"",%progbits
  75 0000 789C9592 		.ascii	"x\234\225\222Mh\023Q\020\307\337\177g\223lm\223^\005"
  75      4D681351 
  75      10C7DF7F 
  75      67936C6D 
  75      935E05
  76 0013 83F62094 		.ascii	"\203\366 \224^\\\202`\301\233\004\274\365\2427\251\212"
  76      5E5C8260 
  76      C19B04BC 
  76      F5A237A9 
  76      8A
  77 0024 A64217EC 		.ascii	"\246B\027\354\256\230\232z\353K?R\250\250E\333\324\212"
  77      AE989A7A 
  77      EB4B3F52 
  77      A8A845DB 
  77      D48A
  78 0036 6123449A 		.ascii	"a#D\232\266\266\351G\324\326S\010\202\004\214\242\340"
  78      B6B6E947 
  78      D4D65308 
  78      82048CA2 
  78      E0
  79 0047 49F06045 		.ascii	"I\360`E\364P\251\245\007\017\265:o\327C\301\223\017"
  79      F450A9A5 
  79      070FB53A 
  79      6FD743C1 
  79      930F
  80 0059 DEC7BCFD 		.ascii	"\336\307\274\375\315\374g\346m@h\342\222&\3049!\304"
  80      CDFC67E6 
  80      6D4068E2 
  80      9226C439 
  80      21C4
  81 006b 019E2001 		.ascii	"\001\236 \001m\354\265\020iC\003\324A\032\020\375\032"
  81      6DECB510 
  81      694303D4 
  81      411A10FD 
  81      1A
  82 007c FA719B26 		.ascii	"\372q\233&\011\325\221/kZ\333\264\344Q\231,\0073rx\277"
  82      09D5912F 
  82      6B5ADBB4 
  82      E451992C 
  82      07337278 
ARM GAS  C:\Users\User\AppData\Local\Temp\ccQ7h4mC.s 			page 6


  83 0091 4B424CF1 		.ascii	"KBL\361T\003\323hc\352\355\320\342\003\272E.\001:\233"
  83      5403D368 
  83      63EAEDD0 
  83      E203BA45 
  83      2E013A9B 
  84 00a5 3FEAF7D7 		.ascii	"?\352\367\327#\312\324\320\302\346/9\236\215\320Y\010"
  84      23CAD4D0 
  84      C2E62F39 
  84      9E8DD059 
  84      08
  85 00b6 3E4F5527 		.ascii	">OU'>\204[\037I9 +\257\306I\036v\2110\013\342\200\230"
  85      3E845B1F 
  85      4939202B 
  85      AFC6491E 
  85      7689300B 
  86 00cd 41144544 		.ascii	"A\024ED\005_\011\314\241U\361\237\226v'\302A\335\027"
  86      055F09CC 
  86      A155F19F 
  86      967627C2 
  86      41DD17
  87 00e0 C46304C1 		.ascii	"\304c\004\301{\351\035*r\367\367\210\254|.\340\375I"
  87      7BE91D2A 
  87      72F7F788 
  87      AC7C2EE0 
  87      FD49
  88 00f2 0350B8C6 		.ascii	"\003P\270\306\216:\251E\347% \304(\373\250\212n\220"
  88      8E3AA945 
  88      E72520C4 
  88      28FBA88A 
  88      6E90
  89 0104 A676FA86 		.ascii	"\246v\372\206\301\255L}%\017\025'GZ\216\300\012\265"
  89      C1AD4C7D 
  89      250F1527 
  89      475A8EC0 
  89      0AB5
  90 0116 C2F39D26 		.ascii	"\302\363\235&\225l\000\001\314\263<c;\231\231\006\037"
  90      956C0001 
  90      CCB33C63 
  90      3B999906 
  90      1F
  91 0127 221FBA5B 		.ascii	"\"\037\272[XX\013+H\307!,\370\320f\246\026\362!Us\371"
  91      58580B2B 
  91      48C7212C 
  91      F8D066A6 
  91      16F22155 
  92 013d C5CB8CE1 		.ascii	"\305\313\214\341\207\001J\210\262+C\325l\315T\014\003"
  92      87014A88 
  92      B22B43D5 
  92      6CCD540C 
  92      03
  93 014e D9E1EA9B 		.ascii	"\331\341\352\233\220\002\202^#\312\017\277\377l\362"
  93      9002825E 
  93      23CA0FBF 
  93      FF6CF2
  94 015d 4D591D94 		.ascii	"MY\035\224\021\276\272\263\261\265\032q\221Ks\263\363"
  94      11BEBAB3 
  94      B1B51A71 
ARM GAS  C:\Users\User\AppData\Local\Temp\ccQ7h4mC.s 			page 7


  94      914B73B3 
  94      F3
  95 016e 075D0A61 		.ascii	"\007]\012a\211;\262\310j\312\241\376qy\254\331\234\227"
  95      893BB2C8 
  95      6ACAA1FE 
  95      7179ACD9 
  95      9C97
  96 0180 4369D9E2 		.ascii	"Ci\331\342\222\201e\270\270\347=\203\2126\273]\244X"
  96      928165B8 
  96      B8E73D83 
  96      8A36BB5D 
  96      A458
  97 0192 497DCCA7 		.ascii	"I}\314\247\\j\300\012L\256\320{\2422b\234\242Jf\373"
  97      5C6AC00A 
  97      4CAED07B 
  97      A232629C 
  97      A24A66FB 
  98 01a6 6B713DF4 		.ascii	"kq=\3647\235\377\021\333\207'\236\030\376\025\263]j"
  98      379DFF11 
  98      DB87279E 
  98      18FE15B3 
  98      5D6A
  99 01b8 C4532506 		.ascii	"\304S%\006O\354\031b{km\204\300*\307\334\300@~\356\246"
  99      4FEC1962 
  99      7B6B6D84 
  99      C02AC7DC 
  99      C0407EEE 
 100 01cd D778EFBF 		.ascii	"\327x\357\277\031e\234\237\204\023<\023?\336\231\350"
 100      19659C9F 
 100      84133C13 
 100      3FDE99E8 
 101 01dd B62E5A9D 		.ascii	"\266.Z\235q\265\236\356\275\326e9\261\366\324\321\363"
 101      71B59EEE 
 101      BDD66539 
 101      B1F6D4D1 
 101      F3
 102 01ee 7D96DDE5 		.ascii	"}\226\335\345\364%\367\336\373\244\223\214\265\0373"
 102      F425F7DE 
 102      FBA4938C 
 102      B51F33
 103 01fd 9DA4D97D 		.ascii	"\235\244\331}\341\262y\305\271\332\2334\023NO\217c\233"
 103      E1B279C5 
 103      B9DA9B34 
 103      134E4F8F 
 103      639B
 104 020f 274E75C4 		.ascii	"'Nu\304;\256\233v\312J\034I\010\330\177\000\340s\344"
 104      3BAE9B76 
 104      CA4A1C49 
 104      08D87F00 
 104      E073E4
 105 0222 C9       		.ascii	"\311"
 106              		.text
 107              		.section	.gnu.lto_nvicSetSystemHandlerPriority.d7541acd,"",%progbits
 108 0000 789C6D51 		.ascii	"x\234mQMh\023Q\020\236o'\311\256\202=\027\355\241\007"
 108      4D681351 
 108      109E6F27 
 108      C9AE823D 
ARM GAS  C:\Users\User\AppData\Local\Temp\ccQ7h4mC.s 			page 8


 108      17EDA107 
 109 0014 21F4D225 		.ascii	"!\364\322%\010\026\274I\316\275\350M*R\223B\026\332"
 109      0816BC49 
 109      CEBDE84D 
 109      2A529342 
 109      16DA
 110 0026 6C496AEB 		.ascii	"lIj\353\255o\223\266\301\012U\3244U\014\033(Rm\215i"
 110      AD6F93B6 
 110      C10A55D4 
 110      34550C1B 
 110      28526D8D 
 111 003b D54BB048 		.ascii	"\325K\260H\310\311\034T\364\330\223ZQ\002\006\374\351"
 111      C8C91C54 
 111      F4D8935A 
 111      510206FC 
 111      E9
 112 004c D5EABC6D 		.ascii	"\325\352\274m\204\036|\360~f\346\373\346\3157\023&\203"
 112      841E7CF0 
 112      7E66E6FB 
 112      E6CD3713 
 112      2683
 113 005e 3A207288 		.ascii	": r\210\350\204l0\301\270\371\206\310\263\014@?\224"
 113      E8846C30 
 113      C1B8F986 
 113      C8B30C40 
 113      3F94
 114 0070 059A3530 		.ascii	"\005\23250\213\033\\b4\013_\352\306\300\232\222\325"
 114      8B1B5C62 
 114      340B5FEA 
 114      C6C09A92 
 114      D5
 115 0081 28ED4516 		.ascii	"(\355E\026\324|\257\317Dwe\353\2055\014\010\352\335"
 115      D47CAFCF 
 115      447765EB 
 115      85350C08 
 115      EADD
 116 0093 DCE67D5E 		.ascii	"\334\346}^b\237\201\220\230?^\337\333\355\321\246\201"
 116      629F8190 
 116      983F5EDF 
 116      DBEDD1A6 
 116      81
 117 00a4 7E31F3B7 		.ascii	"~1\363\267_n[|\021$\357\216jy\221\350\003\245r\252\361"
 117      5F6E5B7C 
 117      1124EF8E 
 117      6A7991E8 
 117      03A572AA 
 118 00b9 B9C8EAA4 		.ascii	"\271\310\352\244\317\214u\260$\304#\364\341!\372H\\"
 118      CF8C75B0 
 118      24C423F4 
 118      E121FA48 
 118      5C
 119 00ca 840D4405 		.ascii	"\204\015D\005\276\221\373\332a\036\013\250\327Z\277"
 119      BE91FBDA 
 119      611E0BA8 
 119      D75ABF
 120 00d9 77CD2E75 		.ascii	"w\315.u\257\324\245>\376\017\265\212\250\306\177\332"
 120      AFD4A53E 
ARM GAS  C:\Users\User\AppData\Local\Temp\ccQ7h4mC.s 			page 9


 120      FE0FB58A 
 120      A8C67FDA 
 121 00e9 DA2F1E8B 		.ascii	"\332/\036\213\204V\377\225\213'\210\210r\252\275GC\355"
 121      8456FF95 
 121      8B278888 
 121      72AABD47 
 121      43ED
 122 00fb FF294801 		.ascii	"\377)H\001\275;\277,\023\320\014C\270!\326G\030\372"
 122      BD3BBF2C 
 122      13D00C43 
 122      B821D647 
 122      18FA
 123 010d 73A24521 		.ascii	"s\242E!\351\206\\gC\337\334F\356g\241Z\377\000\235\250"
 123      E9865C67 
 123      43DFDC46 
 123      EE67A15A 
 123      FF009DA8 
 124 0121 CC469941 		.ascii	"\314F\231Am\344\277/t\035,\276\303\275\010#\204\232"
 124      6DE4BF2F 
 124      741D2CBE 
 124      C3BD0823 
 124      849A
 125 0133 D4D44673 		.ascii	"\324\324Fs\2715\2501\022]\236o\2765u4\022h\362\352\333"
 125      B935A831 
 125      125D9E6F 
 125      BE357534 
 125      1268F2EA 
 126 0148 77C207A6 		.ascii	"w\302\007\246\332\311\253\036\315_\311}\264|\224=iy"
 126      DAC9AB1E 
 126      CD5FC97D 
 126      B47C943D 
 126      6979
 127 015a E5B8CF26 		.ascii	"\345\270\317&\266D\334\246$\322\204o\305W\353G\355\252"
 127      B644DCA6 
 127      24D2846F 
 127      C557EB47 
 127      EDAA
 128 016c 9AF354BF 		.ascii	"\232\363T\277\317\026\236\302\307J0\014\011\256\336"
 128      CF169EC2 
 128      C74A300C 
 128      09AEDE
 129 017b 2AC76335 		.ascii	"*\307c5\035\253d|>\202g\260\313\034\016\346\364\034"
 129      1DAB647C 
 129      3E8267B0 
 129      CB1C0EE6 
 129      F41C
 130 018d 31A95046 		.ascii	"1\251PF\237\253\274X\012\012\016\346\267(\032D\233A"
 130      9FABBC58 
 130      0A0A0EE6 
 130      B7281A44 
 130      9B41
 131 019f 74217E66 		.ascii	"t!~f$\221r.;#q}\236\237\272\222t\334\330\320\364\251"
 131      2491722E 
 131      3B23717D 
 131      9E9FBA92 
 131      74DCD8D0 
 132 01b5 4B334E3A 		.ascii	"K3N:\351\316d\017\373\017\220n66t\332v\263vjt\334\236"
ARM GAS  C:\Users\User\AppData\Local\Temp\ccQ7h4mC.s 			page 10


 132      E9CE640F 
 132      FB0F906E 
 132      363674DA 
 132      76B3766A 
 133 01cc 74335359 		.ascii	"t3SY;\341NL\270i\373\354\271\341\370\360U;=\355$\006"
 133      3BE14E4C 
 133      B869FBEC 
 133      B9E1F8F0 
 133      553B3DED 
 134 01e2 1364A646 		.ascii	"\023d\246F\323\311\361\261Lh2\343\270\177\001b\365\300"
 134      D3C9F1B1 
 134      4C6832E3 
 134      B87F0162 
 134      F5C0
 135 01f4 A7       		.ascii	"\247"
 136              		.text
 137              		.section	.gnu.lto_nvicClearPending.d7541acd,"",%progbits
 138 0000 789C4D51 		.ascii	"x\234MQML\023Q\020\236og\267-\011\255W\023\033\345`"
 138      4D4C1351 
 138      109E6F67 
 138      B72D09AD 
 138      57131BE5 
 139 0015 4288099B 		.ascii	"B\210\011\233\306D\022o\246\007N\\\364fP\243\345\300"
 139      C644126F 
 139      A6074E5C 
 139      F46650A3 
 139      E5C0
 140 0027 26D23516 		.ascii	"&\3225\026\2137^\013\264\021\023!\012E\214\315\326X"
 140      8B375E0B 
 140      B4111321 
 140      0A458CCD 
 140      D658
 141 0039 C38F4201 		.ascii	"\303\217B\001=\010^\232\215\027\016h\360\252\361\240"
 141      3D085E9A 
 141      8D170E68 
 141      F0AAF1A0 
 142 0049 89890708 		.ascii	"\211\211\007\0106\036<\0002\257\353\301\227\274\331"
 142      361E3C00 
 142      32AFEBC1 
 142      97BCD9
 143 0058 996FBFF9 		.ascii	"\231o\277\371f\336\214E\006\355\202\350*\021\235\220"
 143      66DE8C45 
 143      06ED82E8 
 143      2A119D90 
 144 0068 0B261893 		.ascii	"\013&\030\223\037\210r\021\003\320\216\212\200\206\015"
 144      1F887211 
 144      03D08E8A 
 144      80860D
 145 0077 0C638267 		.ascii	"\014c\202g\030~\361\307\272\3211\247\344\324g6\302\005"
 145      187EF1C7 
 145      BAD131A7 
 145      E4D46736 
 145      C205
 146 0089 3576DC63 		.ascii	"5v\334c\242Y\271\372`\016\035\302\332\036]y\312\017"
 146      A259B9FA 
 146      600E1DC2 
 146      DA1E5D79 
ARM GAS  C:\Users\User\AppData\Local\Temp\ccQ7h4mC.s 			page 11


 146      CA0F
 147 009b D863C094 		.ascii	"\330c\300\224\360\327\326\223\3571\035\032h\223\360"
 147      F0D7D693 
 147      EF311D1A 
 147      6893F0
 148 00aa 404D9562 		.ascii	"@M\225b|\005$\376\254?\3759\332\376B\251\274\252\277"
 148      7C0524FE 
 148      AC3FFD39 
 148      DAFE42A9 
 148      BCAABF
 149 00bd 9F6275DA 		.ascii	"\237bu\332c\306\"X\004\261\2008\346\021'\201\010/\321"
 149      63C62258 
 149      04B18038 
 149      E6112781 
 149      082FD1
 150 00d0 AEF9DF56 		.ascii	"\256\371\337V\017\247\243!3(\210W\010I\357T\373\204"
 150      0FA7A321 
 150      33288857 
 150      0849EF54 
 150      FB84
 151 00e2 BA3AFC5B 		.ascii	"\272:\374[T\365/UlwG\000M7$\321dmL1\226\245=\242qI\324"
 151      54F52F55 
 151      6C774700 
 151      4D3724D1 
 151      646D4C31 
 152 00fd CFBACF86 		.ascii	"\317\272\317\206\376\362O\2144\012\007\357*\320be6\312"
 152      FEF24F8C 
 152      340A07EF 
 152      2AD06265 
 152      36CA
 153 010f 0C29B359 		.ascii	"\014)\263Y\335\330o\325\035[\260\260$=\010m\277p\257"
 153      DDD86FD5 
 153      1D5BB0B0 
 153      243D086D 
 153      BF70AF
 154 0122 25207140 		.ascii	"% q@zT]^\217j\222\211SX\016H{\205\205p@2q&.T\001\363"
 154      7A545D5E 
 154      8F6A9289 
 154      53580E48 
 154      7B858570 
 155 013e 8DE23F75 		.ascii	"\215\342?uK`\001\374\322f\247\006D\2434\346\177\014"
 155      4B6001FC 
 155      D266A706 
 155      44A334E6 
 155      7F0C
 156 0150 6B8D5073 		.ascii	"k\215Ps\034o\236\355\376i\015B\345\217\250\230@\017"
 156      1C6F9EED 
 156      FE690D42 
 156      E58FA898 
 156      400F
 157 0162 771A6F63 		.ascii	"w\032oc\036\3129\031y\345\244\307a\254\310\\jRN'l}]"
 157      1ECA3919 
 157      79E5A4C7 
 157      61ACC85C 
 157      6A524E27 
 158 0179 9B3C662F 		.ascii	"\233<f/\251\321\234j\3638\202Uxx\334\\\206V[\374=\317"
 158      A9D19C6A 
ARM GAS  C:\Users\User\AppData\Local\Temp\ccQ7h4mC.s 			page 12


 158      F3388255 
 158      7878DC5C 
 158      86565BFC 
 159 018f 899AFE59 		.ascii	"\211\232\376Y\311z\334\2025\330\362\304\346\242^#!\375"
 159      C97ADC82 
 159      35D8F2C4 
 159      E6A25E23 
 159      21FD
 160 01a1 D00EF295 		.ascii	"\320\016\362\225\347\023\315\366\232\013\034g\350\261"
 160      E713CDF6 
 160      9A0B1C67 
 160      E8B1
 161 01af 08E772F2 		.ascii	"\010\347r\362|o\252\337\271\341\364&\265\2754x\247\317"
 161      7C6FAADF 
 161      B9E1F426 
 161      B5BD3478 
 161      A7CF
 162 01c1 71135DD9 		.ascii	"q\023]\331\263\327\206\234t\237;\224\371\037\017\230"
 162      B3D7869C 
 162      749F3B94 
 162      F91F0F98 
 163 01d1 6E26D175 		.ascii	"n&\321u\316v3v\377\365\233\366-\367\366`\306N\271\003"
 163      CE763376 
 163      FFF59BF6 
 163      2DF7F660 
 163      C64EB903 
 164 01e5 036EDABE 		.ascii	"\003n\332\276p\261'\331s\327Ng\235Tg\212\220>\002}\316"
 164      70B127D9 
 164      73D74E67 
 164      9D54678A 
 164      903E027D 
 165 01fa BC73     		.ascii	"\274s"
 166              		.text
 167              		.section	.gnu.lto_.symbol_nodes.d7541acd,"",%progbits
 168 0000 789C6365 		.ascii	"x\234ce`b\360b\000\002\2469L\365\014\014\023\31610\000"
 168      6062F062 
 168      0002A639 
 168      4CF50C0C 
 168      13CE3130 
 169 0015 A95D0D8E 		.ascii	"\251]\015\216@\221\271L\365\214\250\"\363\230\352\231"
 169      4091B94C 
 169      F58CA822 
 169      F398EA99 
 170 0025 5045E633 		.ascii	"PE\3463\3253\243\2100\000\000\276\274\022:"
 170      D533A388 
 170      300000BE 
 170      BC123A
 171              		.text
 172              		.section	.gnu.lto_.refs.d7541acd,"",%progbits
 173 0000 789C6365 		.ascii	"x\234ce`b`d\000\002\000\000I\000\011"
 173      60626064 
 173      00020000 
 173      490009
 174              		.text
 175              		.section	.gnu.lto_.decls.d7541acd,"",%progbits
 176 0000 789CDD59 		.ascii	"x\234\335Y{PT\331\231\357\323\247\033\232\026\320 5"
 176      7B5054D9 
ARM GAS  C:\Users\User\AppData\Local\Temp\ccQ7h4mC.s 			page 13


 176      99EFD3A7 
 176      1B9A16D0 
 176      2035
 177 0012 99CD925D 		.ascii	"\231\315\222]wbj\250\335DD\223\321\332\332\252\025\033"
 177      77626AA8 
 177      DD444493 
 177      D1DADAAA 
 177      151B
 178 0024 5DA91A13 		.ascii	"]\251\032\023\012\324lmYE9H\")\205D0\023\223\335\231"
 178      0AD46C6D 
 178      59453948 
 178      22298544 
 178      301393DD 
 179 0039 46407928 		.ascii	"F@y(\202\202\330<\024A\036\012\010\010\002\012h\213"
 179      8282D83C 
 179      14411E0A 
 179      0808020A 
 179      688B
 180 004b 0A88828A 		.ascii	"\012\210\202\212\202\202\274\005DD\207\207/\020a\277"
 180      8282BC05 
 180      44448787 
 180      2F1061BF 
 181 005b F3B8F4E1 		.ascii	"\363\270\364\341\322mM\325n\355\037\333\305w\357\375"
 181      D26D4DD5 
 181      6EED1FDB 
 181      C577EFFD 
 182 006b CEF9DDEF 		.ascii	"\316\371\335\357\374\316\367}\347uQ+\224\2123?Q(\206"
 182      FCCEF77D 
 182      E775512B 
 182      948A333F 
 182      512886
 183 007e B142711C 		.ascii	"\261Bq\034)\0243\360S+\024\212|\205\351\247\002\271"
 183      291433F0 
 183      532B148A 
 183      7C85E9A7 
 183      02B9
 184 0090 047219C4 		.ascii	"\004r\031\304\010R\255\230\377\333\003\357\332\301}"
 184      0852AD98 
 184      FFDB03EF 
 184      DAC17D
 185 009f 0B880388 		.ascii	"\013\210\003\210#H1\210\023\310\347 \277&e\200Y\014"
 185      23483188 
 185      13C8E720 
 185      BF266580 
 185      590C
 186 00b1 F2189EDB 		.ascii	"\362\030\236\333@\236\203\014\201@\323\012%\224\333"
 186      409E830C 
 186      8140D30A 
 186      2594DB
 187 00c0 80588320 		.ascii	"\200X\203 \336\236\374\367_Pak\246\015\271}\311\256"
 187      DE9EFCF7 
 187      5F50616B 
 187      A60DB97D 
 187      C9AE
 188 00d2 D48E1244 		.ascii	"\324\216\022D\203X\033\210\367C\376\013\201\012\255"
 188      83581B88 
 188      F743FE0B 
ARM GAS  C:\Users\User\AppData\Local\Temp\ccQ7h4mC.s 			page 14


 188      810AAD
 189 00e1 05FEC476 		.ascii	"\005\376\304v9\324\227\202|\215\230Mb'\231\3333r\275"
 189      39D49782 
 189      7C8D984D 
 189      622799DB 
 189      3372BD
 190 00f4 16CDB519 		.ascii	"\026\315\265\031n\301&\341\353i\206/y\335\206\3334\347"
 190      6EC126E1 
 190      EB69862F 
 190      79DD86DB 
 190      34E7
 191 0106 E3448C4A 		.ascii	"\343D\214J\017]\257Rv\242v\004}B\213h)B\354\212\250"
 191      0F5DAF52 
 191      76A27604 
 191      7D428B68 
 191      2942EC8A 
 192 011b 507546FA 		.ascii	"PuF\372!D\313\241T\251\340\206\245\"$\275\301u%W\225"
 192      2144CBA1 
 192      54A9E086 
 192      A52224BD 
 192      C1752557 
 193 0130 DC24FDE3 		.ascii	"\334$\375\343/#\301\"\253f-I?\306\235=\320\327\244\267"
 193      2F23C122 
 193      AB662D49 
 193      3FC69D3D 
 193      D0D7A4B7 
 194 0144 91D2D400 		.ascii	"\221\322\324\000B\342\013\202AF\233\327\317\362S\230"
 194      42E20B82 
 194      41469BD7 
 194      CFF25398 
 195 0154 3A87A4DE 		.ascii	":\207\244\336\217\032n\017h\273P\007)M[\203hY\362\203"
 195      8F1A6E0F 
 195      68BB5007 
 195      294D5B83 
 195      6859F283 
 196 0168 DE0C2586 		.ascii	"\336\014%\206\320\302s\327D\316\372eyz\366\323\374\223"
 196      D0C273D7 
 196      44CEFA65 
 196      797AF6D3 
 196      FC93
 197 017a C96D1D75 		.ascii	"\311m\035ugrq\014F\237k\021is!\024\025\014_\234\260"
 197      6772710C 
 197      469F6B11 
 197      69732114 
 197      150C5F9C 
 198 018f 634504D1 		.ascii	"cE\004\321tx\354\2645v\242\317\367\302\012S\010\332"
 198      7478ECB4 
 198      3576A2CF 
 198      F7C20A53 
 198      08DA
 199 01a1 418B54A4 		.ascii	"A\213T\244\325\206\244'\366\240:j\321\222D\2544\324"
 199      D586A427 
 199      F6A03A6A 
 199      D19244AC 
 199      34D4
 200 01b3 3FAC5621 		.ascii	"?\254V!gm\026i\3048\363\352\363\270\003z\275\022\025"
 200      676D1669 
ARM GAS  C:\Users\User\AppData\Local\Temp\ccQ7h4mC.s 			page 15


 200      C438F3EA 
 200      F3B8037A 
 200      BD1215
 201 01c6 212DCA47 		.ascii	"!-\312G\030\235E\313\010\345\317I\340#\364\372}\372"
 201      189D45CB 
 201      08E5CF49 
 201      E023F4FA 
 201      7DFA
 202 01d8 D850BDCD 		.ascii	"\330P\275\315\006\005*@N\350\034rR\240B\344L\032%8\224"
 202      06052A40 
 202      4EE81C72 
 202      52A042E4 
 202      4C1A2538 
 203 01ed 0785B950 		.ascii	"\007\205\271P\010\255\2349\035\227n\205\363\021a\240"
 203      08AD9C39 
 203      1D976E85 
 203      F31161A0 
 204 01fd ACB9FCF8 		.ascii	"\254\271\374\370\221\012i\235\315\032(1c\200\221y{\356"
 204      910A699D 
 204      CD1A2831 
 204      63809179 
 204      7BEE
 205 020f B39A7042 		.ascii	"\263\232pB\246\030\310\2347\221\001n\314\017\325\023"
 205      A618C89C 
 205      3791016E 
 205      CC0FD513 
 206 021f 5D8B5424 		.ascii	"]\213T$u\010\340+\025)\212\312\2749\211g\313. Zxc\346"
 206      7508E02B 
 206      15298ACA 
 206      BC398967 
 206      CB2E205A 
 207 0236 AD7121F3 		.ascii	"\255q!\363\200\2228g\344v\352\002\346\201E\240\336\272"
 207      80923867 
 207      E476EA02 
 207      E68145A0 
 207      DEBA
 208 0248 37F6D0F6 		.ascii	"7\366\320\366\323c\324\313\241\372EJ\264\345\023T\016"
 208      D363D4CB 
 208      A1FA454A 
 208      B4E51354 
 208      0E
 209 0259 44CA8088 		.ascii	"D\312\200\210\002]D\237\302\265\024\251X\223S\217B\206"
 209      025D449F 
 209      C2B514A9 
 209      5893538F 
 209      4286
 210 026b AD3E4BD3 		.ascii	"\255>K\323\247u\353\215\265\215K\237\236\327\353\201"
 210      A775EB8D 
 210      B58D4B9F 
 210      9ED7EB81 
 211 027b A25E4570 		.ascii	"\242^Ep\350\214\211#<\3025\007u!\224\215:!\003.\241"
 211      E88C8923 
 211      3CC23507 
 211      7521948D 
 211      3A21032E 
 212 0290 CFE0F5E6 		.ascii	"\317\340\365\346\316\252\021\214\2431\262@\377za\356"
 212      CEAA118C 
ARM GAS  C:\Users\User\AppData\Local\Temp\ccQ7h4mC.s 			page 16


 212      A331B240 
 212      FF7A61EE 
 213 02a0 077B8B5C 		.ascii	"\007{\213\\\252(\227J\211\313\261\363\005\323J\316\245"
 213      AA28974A 
 213      89CBB1F3 
 213      05D34ACE 
 213      A5
 214 02b1 E96F0C7A 		.ascii	"\351o\014z\343>=\361\026\240P\205\211I\205\234\311e"
 214      E33E3DF1 
 214      16A05085 
 214      8949859C 
 214      C965
 215 02c3 CAA4E8DD 		.ascii	"\312\244\350\335\363P\214S\031\223\254\347\223\027m"
 215      F3508C53 
 215      1993ACE7 
 215      93176D
 216 02d2 254B7F3B 		.ascii	"%K\177;k\211\364\351\212\311\322\025\271%#\265T\225"
 216      6B89F4E9 
 216      8AC9D215 
 216      B92523B5 
 216      5495
 217 02e4 9DE8812F 		.ascii	"\235\350\201/1C\025\345mo5\334\320\320\217\347P\272"
 217      314315E5 
 217      6D6F35DC 
 217      D0D08FE7 
 217      50BA
 218 02f6 6A327455 		.ascii	"j2tUn\250\232\032\312k>Ya\313\302\244w\"\231z\365@\011"
 218      6EA89A1A 
 218      CA6B3E59 
 218      61CBC2A4 
 218      7722997A 
 219 030d D747AC41 		.ascii	"\327G\254A\217\317\177R\206\230\036\353\010\372`sv\222"
 219      8FCF7F52 
 219      86981EEB 
 219      08FA6073 
 219      7692
 220 031f 1D8BA3FE 		.ascii	"\035\213\243\376\024\202\202\324\251\2510\025\276\305"
 220      148282D4 
 220      A9A93015 
 220      BEC5
 221 032d A8F4B44C 		.ascii	"\250\364\264L\337\342i\037\252&\303\240\364\331\221"
 221      DFE2691F 
 221      AA26C3A0 
 221      F4D991
 222 033c 05DA08E2 		.ascii	"\005\332\010\342Y\232\202\244BJB\005\272Ir\012\2718"
 222      599A82A4 
 222      424A4205 
 222      BA49720A 
 222      B938
 223 034e A13A96BF 		.ascii	"\241:\226\277\343\217\257\246i\035b)Z\257_\242\2421"
 223      E38FAFA6 
 223      691D6229 
 223      5AAF5FA2 
 223      A231
 224 0360 AA01F80D 		.ascii	"\252\001\370\015\012\257G\016\322K\004\335\227\331\227"
 224      0AAF470E 
 224      D24B04DD 
ARM GAS  C:\Users\User\AppData\Local\Temp\ccQ7h4mC.s 			page 17


 224      97D997
 225 036f 66C3995B 		.ascii	"f\303\231[\201\276?\2567\303\2363'\304\356\306\035<"
 225      81BE3FAE 
 225      37C39E33 
 225      27C4EEC6 
 225      1D3C
 226 0381 AAE24CC9 		.ascii	"\252\342L\311h\215y\030\367\257\270\231\361|Tt\264P"
 226      688D7918 
 226      F7AFB899 
 226      F17C5474 
 226      B450
 227 0393 CDB0DF11 		.ascii	"\315\260\337\021\354\350tf\202\225E\236w%\236w\030\317"
 227      ECE87466 
 227      8295459E 
 227      77259E77 
 227      18CF
 228 03a5 82F0BE33 		.ascii	"\202\360\2763\032x\333\011\246\002$\314\003Nl\036(1"
 228      1A78DB09 
 228      A60224CC 
 228      034E6C1E 
 228      2831
 229 03b7 8EE7ABF0 		.ascii	"\216\347\253\360#\332\222\262\264\244/I+\014\365O\312"
 229      23DA92B2 
 229      B4A42F49 
 229      2B0CF54F 
 229      CA
 230 03c8 F5FA45A8 		.ascii	"\365\372E\250\031:v\337\024\033\247\331\221>\222\256"
 230      193A76DF 
 230      141BA7D9 
 230      913E92AE 
 231 03d8 C79F2AD0 		.ascii	"\307\237*\320J'\264\034\206\351\003\030\246N|\2306\001"
 231      4A27B41C 
 231      86E90318 
 231      A64E7C98 
 231      3601
 232 03ea 9D7B7C9C 		.ascii	"\235{|\234\237\314\271n\207{Y\003\206\204\253%\366\263"
 232      9FCCB96E 
 232      877B5903 
 232      8684AB25 
 232      F6B3
 233 03fc 0DC0F02D 		.ascii	"\015\300\360-\246\303\367\021\264\320bj\241\031Yh\342"
 233      A6C3F711 
 233      B4D0626A 
 233      A1195968 
 233      E2
 234 040d A1F926C6 		.ascii	"\241\371&\306\373+\313\254L\241@\324^\003\324\337\246"
 234      FB2BCBAC 
 234      4CA140D4 
 234      5E03D4DF 
 234      A6
 235 041e 1E69A5A1 		.ascii	"\036i\245\241\270+\205\"-\3170lM\334\027\372\375\254"
 235      B82B8522 
 235      2DCF306C 
 235      4DDC17FA 
 235      FDAC
 236 0430 77E9C387 		.ascii	"w\351\303\207\254E\353m\037\263^\332\025\037\311S2\215"
 236      AC45EB6D 
ARM GAS  C:\Users\User\AppData\Local\Temp\ccQ7h4mC.s 			page 18


 236      1FB35EDA 
 236      151FC953 
 236      328D
 237 0442 4CA6973A 		.ascii	"L\246\227:F\215\013\230\336M\334?1|\274Y\303\003m\017"
 237      468D0B98 
 237      DE4DDC3F 
 237      317CBC59 
 237      C3036D0F 
 238 0456 FAB5F194 		.ascii	"\372\265\361\224Q[<\304\307\373\343\252\010\036\351"
 238      515B3CC4 
 238      C7FBE3AA 
 238      081EE9
 239 0465 55A0EE1B 		.ascii	"U\240\356\033*J\266\261\030\350\036)\320\335\214g\370"
 239      2A4AB6B1 
 239      18E81E29 
 239      D0DD8C67 
 239      F8
 240 0476 406ABB52 		.ascii	"@j\273R\236\220\235\000\357\240\360^\312\263G\342\231"
 240      9E909D00 
 240      EFA0F05E 
 240      CAB347E2 
 240      99
 241 0487 F862E247 		.ascii	"\370b\342G<\037\3059\337\201\316\371\350\334\340\225"
 241      3C1FC539 
 241      DF81CEF9 
 241      E8DCE095 
 242 0497 142D6749 		.ascii	"\024-gI&\304k\367\223s\255\361+\306\362UT\370[>n\310"
 242      26C46BF7 
 242      9373ADF1 
 242      2BC6F255 
 242      54F85B3E 
 243 04ad A07B78AA 		.ascii	"\240{x\252\377\235\326\"\313A\211\345S\3062*%=\325J"
 243      FF9DD622 
 243      CB4189E5 
 243      53C6322A 
 243      253DD54A 
 244 04c1 CEB21FE0 		.ascii	"\316\262\037\340}\024\376\214\262\034\224XF\344\305"
 244      7D14FE8C 
 244      B21C9458 
 244      46E4C5
 245 04d0 5CC32C56 		.ascii	"\\\303,V\337gU\2007n\246\225\032\346\014\313\241\217"
 245      DF675580 
 245      376EA695 
 245      1AE60CCB 
 245      A18F
 246 04e2 D97F5BFA 		.ascii	"\331\177[\372\3761\357v\032&\036\257h\215\343\353@\267"
 246      FE31EF76 
 246      1A261EAF 
 246      688DE3EB 
 246      40B7
 247 04f4 386C1DF9 		.ascii	"8l\035\371\260\015\031,<\200\361\004\363\303xbx\244"
 247      B00D192C 
 247      3C80F104 
 247      F3C37862 
 247      78A4
 248 0506 86817F08 		.ascii	"\206\201\177\010j]r\312\337Yt\303\250\344\206\021F\363"
 248      6A5D72CA 
ARM GAS  C:\Users\User\AppData\Local\Temp\ccQ7h4mC.s 			page 19


 248      DF5974C3 
 248      A8E48611 
 248      46F3
 249 0518 72E3E372 		.ascii	"r\343\343r\033\271\033^\002\374\005\205\217Q\232\243"
 249      1BB91B5E 
 249      02FC0585 
 249      8F519AA3 
 250 0528 12CD92AA 		.ascii	"\022\315\222\252\321Li\366 4\373s{3\2648TEi\2345F\327"
 250      D14C69F6 
 250      2034FB73 
 250      7B33B438 
 250      5445699C 
 251 053f F170A491 		.ascii	"\361p\244\221X\315$\217\244\332\342\010V)\005\322\201"
 251      58CD248F 
 251      A4DAE208 
 251      562905D2 
 251      81
 252 0550 07F2CEB3 		.ascii	"\007\362\316\263\322\"%>\302*?t\305\306Z\3637Inv\265"
 252      D222253E 
 252      C22A3F74 
 252      C5C65AF3 
 252      37496E76 
 253 0565 3617D9E2 		.ascii	"6\027\331\342DVY:p\263Fz\223TF\026\364F\253q\032\253"
 253      4456593A 
 253      70B3467A 
 253      93544616 
 253      F446AB71 
 254 057b ECE9781A 		.ascii	"\354\351x\032e\2173\231R[\263\357\367\270\200=\337z"
 254      658F3399 
 254      525BB3EF 
 254      F7B8803D 
 254      DF7A
 255 058d 12F633F6 		.ascii	"\022\3663\366R\030\231\240o\234.:\211\231\377\322h\372"
 255      521899A0 
 255      6F9C2E3A 
 255      8999FFD2 
 255      68FA
 256 059f 175F8D0A 		.ascii	"\027_\215\012]\210K(x\341\265\236\354d\015Z\312\177"
 256      5D884B28 
 256      78E1B59E 
 256      EC640D5A 
 256      CA7F
 257 05b1 8BC9C579 		.ascii	"\213\311\305yi\272>,Do\274s\030_\276S\257\327w\033\021"
 257      69BA3E2C 
 257      446FBC73 
 257      185FBE53 
 257      AFD7771B 
 258 05c6 7A8C1C50 		.ascii	"z\214\034P#\314\016Q\312\305\263\343\016\335\242~r%"
 258      23CC0E51 
 258      CAC5B3E3 
 258      0EDDA27E 
 258      7225
 259 05d8 DB55F646 		.ascii	"\333U\366F\365_\341\022\206\321s@\277\343h)\356\350"
 259      F55FE112 
 259      86D17340 
 259      BFE36829 
 259      EEE8
ARM GAS  C:\Users\User\AppData\Local\Temp\ccQ7h4mC.s 			page 20


 260 05ea ED1C7428 		.ascii	"\355\034t(\240\377\323@\321$;B\224\014=\233Z\327D4\231"
 260      A0FFD340 
 260      D1243B42 
 260      940C3D9B 
 260      5AD74434 
 261 05ff A886FEC2 		.ascii	"\250\206\376\302lCX\320\007n[\012\026O,\001]\377W\023"
 261      6C4358D0 
 261      076E5B0A 
 261      164F2C01 
 261      5DFF5713 
 262 0613 FA8D1CFD 		.ascii	"\372\215\034\375Z\316\273\367/&\336\323r\336.2\360\230"
 262      5ACEBBF7 
 262      2F26DED3 
 262      72DE2E32 
 262      F098
 263 0625 009E9283 		.ascii	"\000\236\222\203\337\313M7\011.y%G\217\233\320q<\015"
 263      DFCB4D37 
 263      092E7925 
 263      478F9BD0 
 263      713C0D
 264 0638 D7A81490 		.ascii	"\327\250\024\220%N\260N\220*\202\206\321\205\016+\235"
 264      254EB04E 
 264      902A8286 
 264      D1850E2B 
 264      9D
 265 0649 D101E552 		.ascii	"\321\001\345R\024\016\022\001\022\003\022\012\262\037"
 265      140E1201 
 265      1203120A 
 265      B21F
 266 0657 2412241A 		.ascii	"$\022$\032\344\020H,\310>\220\203 a\312\245t+\312\034"
 266      E410482C 
 266      C83E9083 
 266      2061CAA5 
 266      742BCA1C 
 267 066b D22638E4 		.ascii	"\322&8\344;\271C\206\345\356\233\344hXAQ-GK\353*\272"
 267      3BB94386 
 267      E5EE9BE4 
 267      68584151 
 267      2D474BEB 
 268 0681 3ECF7D42 		.ascii	">\317}B\037\007\344}|2\317\266\020\310I9\223\011\023"
 268      1F07E47D 
 268      7C32CFB6 
 268      10C84939 
 268      930913
 269 0694 9AAD4F2D 		.ascii	"\232\255O-\223\016!z=\"(\005_\233L\235z\371\336\361"
 269      930E217A 
 269      3D222805 
 269      5F9B4C9D 
 269      7AF9DEF1 
 270 06a8 885E5FB7 		.ascii	"\210^_\267\234L\254\260Oa\266\244\351\026\016,\263\266"
 270      9C4CACB0 
 270      4F61B6A4 
 270      E9160E2C 
 270      B3B6
 271 06ba 20EBA75B 		.ascii	" \353\247[\272\256#lP\32350\244\362d\343\002\344\274"
 271      BAAE236C 
 271      50D33530 
ARM GAS  C:\Users\User\AppData\Local\Temp\ccQ7h4mC.s 			page 21


 271      A4F264E3 
 271      02E4BC
 272 06cd 98B5D138 		.ascii	"\230\265\3218\245\201\255;:\012/\307)gW@\322\242\371"
 272      A581AD3B 
 272      3A0A2FC7 
 272      29675740 
 272      D2A2F9
 273 06e0 B8A02310 		.ascii	"\270\240#\020\216\377\215\320\220\301\032S4fo\0335\273"
 273      8EFF8DD0 
 273      90C11A53 
 273      34666F1B 
 273      35BB
 274 06f2 E7A62C4C 		.ascii	"\347\246,LsV\274\322\226\036I\340\016\340\232\230\216"
 274      7356BCD2 
 274      961E49E0 
 274      0EE09A98 
 274      8E
 275 0703 78BE36E5 		.ascii	"x\2766\345\220\335R\343\223kQ|aK#zG\344K7\234A\273\210"
 275      90DD52E3 
 275      936B517C 
 275      614B237A 
 275      47E44B37 
 276 071b A24AEF77 		.ascii	"\242J\357w\252,\316\205\307\225|.t\241Sa\337\235\302"
 276      AA2CCE85 
 276      C7957C2E 
 276      74A15361 
 276      DF9DC2
 277 072e E2857C2A 		.ascii	"\342\205|*\014\225\246B\023\332\240t\220\336!\350\336"
 277      0C95A642 
 277      13DAA074 
 277      90DE21E8 
 277      DE
 278 073f 94DE163B 		.ascii	"\224\336\026;\234\317\332\011\313\357\350\344\213\355"
 278      9CCFDA09 
 278      CBEFE8E4 
 278      8BED
 279 074d 71C2213C 		.ascii	"q\302!<\273\273\006\341\022V\371v\177g;\306\027\231"
 279      BBBB06E1 
 279      1256F976 
 279      7F673BC6 
 279      1799
 280 075f 7266B438 		.ascii	"rf\2648\224\263\215%\310\221\270\204\250\205\330\310"
 280      94B38D25 
 280      C891B884 
 280      A885D8C8 
 281 076f 2A5352DF 		.ascii	"*SR\337\377\010\327\262\347\263\035\271\027\370T\373"
 281      FF08D7B2 
 281      E7B31DB9 
 281      17F854FB 
 282 077f 8E2C8C2F 		.ascii	"\216,\214/\303\372\273\371\213\237\202ZX\031\366\202"
 282      C3FABBF9 
 282      8B9F825A 
 282      5819F682 
 283 078f 9F8D8C64 		.ascii	"\237\215\214d>\233\312\031\370\0047\262Wo\236\2764\305"
 283      3E9BCA19 
 283      F80437B2 
 283      576F9EBE 
ARM GAS  C:\Users\User\AppData\Local\Temp\ccQ7h4mC.s 			page 22


 283      34C5
 284 07a1 D990265E 		.ascii	"\331\220&^\034\211\030\262\263\350\204,\311\011\231"
 284      1C8918B2 
 284      B3E8842C 
 284      C90999
 285 07b0 4AB66E1D 		.ascii	"J\266n\035\351\317\266\227/\010\031\020\364t%\201gS"
 285      E9CFB697 
 285      2F081910 
 285      F4742581 
 285      6753
 286 07c2 2F64495E 		.ascii	"/dI^x\222qc\314\212o\037\011\313"
 286      78927163 
 286      CC8A6F1F 
 286      09CB
 287 07d0 FDF78EFE 		.ascii	"\375\367\216\376=~\304h\234x\220\032\241\306]L\2312"
 287      3D7EC468 
 287      9C78901A 
 287      A1C65D4C 
 287      9932
 288 07e2 C41AF98E 		.ascii	"\304\032\371\216x\220\000\223\252\015;\360 \253\033"
 288      78900093 
 288      AA0D3BF0 
 288      20AB1B
 289 07f1 18EF7B82 		.ascii	"\030\357{\202\360K\246\264\014uv\361U\244\233\000\007"
 289      F04BA6B4 
 289      0C7576F1 
 289      55A49B00 
 289      07
 290 0802 EF673E55 		.ascii	"\357g>U\3437\034\231PQ\245\301\323Li\216\277\235\250"
 290      E3371C99 
 290      5051A5C1 
 290      D34C698E 
 290      BF9DA8
 291 0815 62C84704 		.ascii	"b\310G\0049\235\2339m\203\303\254h\345\220\341~\232"
 291      399D9B39 
 291      6D83C3AC 
 291      68E590E1 
 291      7E9A
 292 0827 3D3EC894 		.ascii	"=>\310\224\2147E%|u\275K\2203\325o\037\331\341xV\371"
 292      8C374525 
 292      7C75BD4B 
 292      9033D56F 
 292      1FD9E178 
 293 083d F4416EA8 		.ascii	"\364An\250\025>\301\224\013Y\305g9\262\216 _\030F\036"
 293      153EC194 
 293      0B59C567 
 293      39B28E20 
 293      5F18461E 
 294 0851 2CC459AC 		.ascii	",\304Y\2542m:.}\201\264\011\210\370>\233\200\232\236"
 294      326D3A2E 
 294      7D81B409 
 294      88F83E9B 
 294      809A9E
 295 0864 8C241E44 		.ascii	"\214$\036D#1\367\246\322\010m\3451s\206\375\325\007"
 295      2331F7A6 
 295      D2086DE5 
 295      317386FD 
ARM GAS  C:\Users\User\AppData\Local\Temp\ccQ7h4mC.s 			page 23


 295      D507
 296 0876 ACF079A6 		.ascii	"\254\360y\246\034\016\355\374\206\001\377\005\264\203"
 296      1C0EEDFC 
 296      8601FF05 
 296      B483
 297 0884 C7B363AD 		.ascii	"\307\263c\255Xt\273\311:\373\241=dZ\311\252\311^\355"
 297      5874BBC9 
 297      3AFBA13D 
 297      645AC9AA 
 297      C95EED
 298 0897 FDBECE18 		.ascii	"\375\276\316\030\313\0215J\021\275\302\"z'36T%\217\350"
 298      CB11354A 
 298      11BDC222 
 298      7A273336 
 298      54258FE8 
 299 08ab 65886815 		.ascii	"e\210h\025\215\350U\032Q\243\024\321\274\206\332v\356"
 299      8DE8551A 
 299      51A314D1 
 299      BC86DA76 
 299      EE
 300 08bc FF089258 		.ascii	"\377\010\222X\371\225/\"y\027^\221\205;\252\266\257"
 300      F9952F22 
 300      79175E91 
 300      853BAAB6 
 300      AF
 301 08cd 60215F49 		.ascii	"`!_I\311n#w\177k*\337|\264\223\367\237\225_i\321X\344"
 301      C96E2377 
 301      7F6B2ADF 
 301      7CB493F7 
 301      9F955F69 
 302 08e4 562371BB 		.ascii	"V#q\273\301\270%=\270\036n-\347v\035\270]\243\334j)"
 302      C1B8253D 
 302      B81E6E2D 
 302      E7761DB8 
 302      5DA3DC6A 
 303 08f9 B71A89DB 		.ascii	"\267\032\211\333\320\353\376\031\015.g\036K)9\372{|"
 303      D0EBFE19 
 303      0D2E671E 
 303      4B2939FA 
 303      7B7C
 304 090b 993DE78D 		.ascii	"\231=\347\215\306e\"|\203)\021=\007\356\363\015\303"
 304      C665227C 
 304      8329113D 
 304      07EEF30D 
 304      C3
 305 091c 3BBA6F8E 		.ascii	";\272o\216\216k\260\307\267Ye\315\261\344\004\033|\227"
 305      8E6BB0C7 
 305      B75965CD 
 305      B1E4041B 
 305      7C97
 306 092e 2933CF5A 		.ascii	")3\317Z3x\337F\350g\216\251\3242\256;\012\333\022G\276"
 306      3378DF46 
 306      E8678EA9 
 306      D432AE3B 
 306      0ADB1247 
 307 0943 2DE9894A 		.ascii	"-\351\211JND\270\205\275;\025]e\260|\370i\222\372y\216"
 307      4E44B885 
ARM GAS  C:\Users\User\AppData\Local\Temp\ccQ7h4mC.s 			page 24


 307      BD3B155D 
 307      65B07CF8 
 307      6992FA79 
 308 0958 25C24458 		.ascii	"%\302DXY7\222\367\363.\364\363\016\355\347}\332\317"
 308      593792F7 
 308      F32EF4F3 
 308      0EEDE77D 
 308      DACF
 309 096a 26A99F91 		.ascii	"&\251\237\221\315\355\347\347\240/*?\202\276?p*\214"
 309      CDEDE7E7 
 309      A02F2A3F 
 309      82BE3F70 
 309      2A8C
 310 097c 0FF7BBF4 		.ascii	"\017\367\273\364\213\012\377h\340\300>\032H\373'G\276"
 310      8B0AFF68 
 310      E0C03E1A 
 310      48FB2747 
 310      BE
 311 098d 7F1A3F1C 		.ascii	"\177\032?\034\333\211p'\353E\365Xa6\177\227\344Y\204"
 311      DB897027 
 311      EB45F558 
 311      61367F97 
 311      E45984
 312 09a0 61ECEE42 		.ascii	"a\354\356B\213\235j\223:\325\312\202\327\372\356F\233"
 312      8B9D6A93 
 312      3AD5CA82 
 312      D7FAEE46 
 312      9B
 313 09b1 5ADEA987 		.ascii	"Z\336\251\207@\263\205\322|Li\266I4;\213\015\003\326"
 313      40B385D2 
 313      7C4C69B6 
 313      49343B8B 
 313      0D03D6
 314 09c4 F24E5944 		.ascii	"\362NYDG\337\270P\303\323\260\216\350\357K\316\237U"
 314      47DFB850 
 314      C3D3B08E 
 314      E8EF4BCE 
 314      9F55
 315 09d6 E37E3E9E 		.ascii	"\343~>\236\223s\2124x\230)e/s\313\354\370\030\243)U"
 315      93738A34 
 315      78982965 
 315      2F73CBEC 
 315      F818A329 
 316 09eb F1AA9EAF 		.ascii	"\361\252\236\257\017\032\241\332\221WW\037\316X\203"
 316      0F1AA1DA 
 316      9157571F 
 316      CE5883
 317 09fa C7ADBEC7 		.ascii	"\307\255\276\307\362\320'uw9\355mBU\302\205y\023c/\360"
 317      F2D02775 
 317      7739ED6D 
 317      4255C285 
 317      7913632F 
 318 0a0f EFA1FCFB 		.ascii	"\357\241\374\373)\377>\211\377\271\327\343\227\264\362"
 318      29FF3E89 
 318      FFB9D7E3 
 318      97B4F2
 319 0a1e DE5A44E7 		.ascii	"\336ZD\347\014\244\304\3600\254\006\365\370\304\251"
ARM GAS  C:\Users\User\AppData\Local\Temp\ccQ7h4mC.s 			page 25


 319      0CA4C4F0 
 319      30AC06F5 
 319      F8C4A9
 320 0a2d 213B3CC9 		.ascii	"!;<\311H\276x9U`\217g\230RQVY\303;\267\234\014\276\274"
 320      48BE7839 
 320      55608F67 
 320      98525156 
 320      59C33BB7 
 321 0a45 AB8D0B70 		.ascii	"\253\215\013p\2305\313\310\330\223\30568\212)\311\343"
 321      9835CBC8 
 321      D893C536 
 321      388A29C9 
 321      E3
 322 0a56 1DCF782A 		.ascii	"\035\317x*;\223^g\2348b\203\017\263\272\231\330\010"
 322      3B935E67 
 322      9C386283 
 322      0FB3BA99 
 322      D808
 323 0a68 83358E67 		.ascii	"\2035\216gJ|c|\306\002l`\312\373\301\370V>K\333\012"
 323      4A7C637C 
 323      C6026C60 
 323      CAFBC1F8 
 323      563E4BDB 
 324 0a7d A710477E 		.ascii	"\247\020G~\0121f\307\377\003>\311\240\017[\303.r\350"
 324      0A3166C7 
 324      FF033EC9 
 324      A00F5BC3 
 324      2E72E8
 325 0a90 0250636F 		.ascii	"\002Pcou\375\273EO\276\226<\371\212%N}\335\355C*\371"
 325      75FDBB45 
 325      4FBE963C 
 325      F98A254E 
 325      7DDDED43 
 326 0aa6 39790C9C 		.ascii	"9y\014\2343J\235\363\206:\347\265\344\234\014C\350\244"
 326      334A9DF3 
 326      863AE7B5 
 326      E49C0C43 
 326      E8A4
 327 0ab8 5A7EEEB5 		.ascii	"Z~\356\265\210\256jj_\203O3\216\257\033\333{\020\316"
 327      88AE6A6A 
 327      5F834F33 
 327      8EAF1BDB 
 327      7B10CE
 328 0acb 614AD8AD 		.ascii	"aJ\330\255\233\331\3268\217)\303g\032\352`\356eJ\337"
 328      9BD9D638 
 328      8F29C367 
 328      1AEA60EE 
 328      654ADF
 329 0ade C06439C6 		.ascii	"\300d9\306eL\311\032N?d\203+\231R\233\1773\221\037\303"
 329      654CC91A 
 329      4E3F6483 
 329      2B99529B 
 329      7F33911F 
 330 0af3 F2C8523A 		.ascii	"\362\310R:\325~\345;[\356\220\177$\313\335\355+\015"
 330      D57EE53B 
 330      5BEE907F 
 330      24CBDDED 
ARM GAS  C:\Users\User\AppData\Local\Temp\ccQ7h4mC.s 			page 26


 330      2B0D
 331 0b05 B6B89A82 		.ascii	"\266\270\232\202\177\221\225\230Wn={\212\370\330o1\273"
 331      7F919598 
 331      576E3D7B 
 331      8AF8D86F 
 331      31BB
 332 0b17 394B3A3B 		.ascii	"9K:;\012LG\343\263\347\365\372H+z\0308\003\233\260L"
 332      0A4C47E3 
 332      B3E7F5FA 
 332      482B7A18 
 332      38039BB0 
 333 0b2c 2C1C0672 		.ascii	",\034\006rho\013\020\333D\306\303\013c\021\230\035\036"
 333      686F0B10 
 333      DB44C6C3 
 333      0B631198 
 333      1D1E
 334 0b3e 486E75CA 		.ascii	"Hnu\312\361\035s\360t\323\031\305\361\260\225A\027\344"
 334      F11D73F0 
 334      74D319C5 
 334      F1B09541 
 334      17E4
 335 0b50 F89279F6 		.ascii	"\370\222y\366\333\242\004\373\025r\374\2459x\322\201"
 335      DBA204FB 
 335      1572FCA5 
 335      3978D281 
 336 0b60 C96F4C67 		.ascii	"\311oLg\231)9\334E\216\036\212\304&\370M9\234\235!\346"
 336      992939DC 
 336      458E1E8A 
 336      C426F84D 
 336      399C9D21 
 337 0b75 E0BF35C1 		.ascii	"\340\2775\301G\344\360\276y\360\266h\301|\201\034\177"
 337      47E4F0BE 
 337      79F0B668 
 337      C17C811C 
 337      7F
 338 0b86 6E1EF9EA 		.ascii	"n\036\371\352\010\001?,\307\017)e\347\266!\321|\236"
 338      08013F2C 
 338      C70F2965 
 338      E7B621D1 
 338      7C9E
 339 0b98 1C9E3BCF 		.ascii	"\034\236;\317|\275\210?/\307\027\315\247#\342\213\315"
 339      7CBD883F 
 339      2FC717CD 
 339      A723E28B 
 339      CD
 340 0ba9 E3453A07 		.ascii	"\343E:\007\005x\222\034~L\016\237\024\341z,\203'\310"
 340      0578921C 
 340      7E4C0E9F 
 340      14E17A2C 
 340      8327C8
 341 0bbc E16382EB 		.ascii	"\341c\202\353\277\223\033\177!GW\013\350\367rt\217\210"
 341      BF931B7F 
 341      2147570B 
 341      E8F77274 
 341      8F88
 342 0bce A649FC8D 		.ascii	"\246I\374\215)\307>\230M\032\361D\033\205\331\271\011"
 342      29C73E98 
ARM GAS  C:\Users\User\AppData\Local\Temp\ccQ7h4mC.s 			page 27


 342      4D1AF144 
 342      1B85D9B9 
 342      09
 343 0bdf 362DF4AC 		.ascii	"6-\364\254C\320\322V\206\237\262D/6\211A}&\267\376T"
 343      43D0D256 
 343      869FB244 
 343      2F368941 
 343      7D26B7FE 
 344 0bf4 CE65481C 		.ascii	"\316eH\034P]\346\007\224x\032\027\307S-\222\301\313"
 344      505DE607 
 344      94781A17 
 344      C7532D92 
 344      C1CB
 345 0c06 E68DBFFA 		.ascii	"\346\215\277\372H\001\377A\216o\234\227\003\275b\224"
 345      4801FF41 
 345      8E6F9C97 
 345      03BD6294 
 346 0c16 52E47492 		.ascii	"R\344t\222\347\341\233\004\307O\310\341-\363\202*\216"
 346      E7E19B04 
 346      C74FC8E1 
 346      2DF3822A 
 346      8E
 347 0c27 BF3A39BC 		.ascii	"\277:9\274Z\336\331\352\203\334\365p\002@\2479\\:\027"
 347      5ADED9EA 
 347      83DCF570 
 347      0240A739 
 347      5C3A17
 348 0c3a A05373AC 		.ascii	"\240Ss\254\223\343\360\267p\011\201\303\017\240\307"
 348      93E3F0B7 
 348      700981C3 
 348      0FA0C7
 349 0c49 395A9AB3 		.ascii	"9Z\232\263\371QB\340\322+f{\276\371\321$\246\257\320"
 349      F95142E0 
 349      D22B667B 
 349      BEF9D124 
 349      A6AFD0
 350 0c5c D197E6F3 		.ascii	"\321\227\346\363q\216_D?\236\224\343O\314\037\253\202"
 350      718E5F44 
 350      3F9E94E3 
 350      4FCC1FAB 
 350      82
 351 0c6d F949F309 		.ascii	"\371I\363\011<\007.&\331s\3633\2078\255\366\212\323"
 351      3C072E26 
 351      D973F333 
 351      8738ADF6 
 351      8AD3
 352 0c7f 6AB91C5F 		.ascii	"j\271\034_&O\312\246H\001\336 \207\337\232\007\027\255"
 352      264FCAA6 
 352      4801DE20 
 352      87DF9A07 
 352      17AD
 353 0c91 579A9FB4 		.ascii	"W\232\237\264\005W\266\011}}g>g\030w\361\033\300\014"
 353      0557B609 
 353      7D7D673E 
 353      671877F1 
 353      1BC00C
 354 0ca4 04729AD6 		.ascii	"\004r\232\326\0218\371\000\220\207\235Q\034^\212\302"
ARM GAS  C:\Users\User\AppData\Local\Temp\ccQ7h4mC.s 			page 28


 354      1138F900 
 354      90879D51 
 354      1C5E8AC2 
 355 0cb4 4162414E 		.ascii	"AbAN\202\034\0079\015\222\014r\000\3440H*H$H\032\310"
 355      821C0739 
 355      0D920C72 
 355      00E43048 
 355      2A482448 
 356 0cca 51900290 		.ascii	"Q\220\002\220\"\220x\220} Y \305 \307@\322A\316\201"
 356      22907890 
 356      7D205920 
 356      C520C740 
 356      D241CE81 
 357 0cde 9C01D90F 		.ascii	"\234\001\331\017b\000)\0049\013r\004$\003$\014\344\024"
 357      62002904 
 357      390B7204 
 357      2403240C 
 357      E414
 358 0cf0 4802480E 		.ascii	"H\002H\016H(\310A\220h\220\022\220\010\220\024\220("
 358      4828C841 
 358      90689012 
 358      90089014 
 358      9028
 359 0d02 90F32021 		.ascii	"\220\363 ! I \271 '@\362A\022A\016\201d\203\304`\351"
 359      204920B9 
 359      202740F2 
 359      4112410E 
 359      816483C4 
 360 0d18 7B513CE4 		.ascii	"{Q<\344\357d\004\317\371v\310\342G\334;\322\226\025"
 360      EF6404CF 
 360      F976C8E2 
 360      47DC3BD2 
 360      9615
 361 0d2a 35CB87C8 		.ascii	"5\313\207\310\330Aa|'\232\237\204\305\304\031\213\022"
 361      D841617C 
 361      279A9F84 
 361      C5C4198B 
 361      12
 362 0d3b 12A7D4FC 		.ascii	"\022\247\324\374z,D\266WL\204z\363\013\2468\015\213"
 362      7A2C44B6 
 362      574C847A 
 362      F30BA638 
 362      0D8B
 363 0d4d D643E4F0 		.ascii	"\326C\344\360'rx\2758H\322\314\017\022\341\223\324\300"
 363      277278BD 
 363      3848D2CC 
 363      0F12E193 
 363      D4C0
 364 0d5f 34FB2405 		.ascii	"4\373$\005\250\271\237\244\210\255\316\203\342N&\325"
 364      A8B99FA4 
 364      88ADCE83 
 364      E24E26D5 
 365 0d6f FCCC25F4 		.ascii	"\374\314%\364\254M\354\331m\363)>gm\027G\334\240\371"
 365      AC4DECD9 
 365      6DF3293E 
 365      676D1747 
 365      DCA0F9
ARM GAS  C:\Users\User\AppData\Local\Temp\ccQ7h4mC.s 			page 29


 366 0d82 697DCEC6 		.ascii	"i}\316\306'\222\307\021\316\223\364\303\037\301K\247"
 366      2792C711 
 366      CE93F4C3 
 366      1FC14BA7 
 367 0d92 4C3ED5CD 		.ascii	"L>\325\315\216P2yIq\037\000\374\023n_\332\274\243\356"
 367      8E503279 
 367      49711F00 
 367      FC136E5F 
 367      DABCA3EE 
 368 0da6 7933A938 		.ascii	"y3\2518{\2355\277os5Y\257\226\330<\000\353\3678\\:\335"
 368      7B9D35BF 
 368      6F733559 
 368      AF96D83C 
 368      00EBF738 
 369 0dbd F1EFEE82 		.ascii	"\361\357\356\202\365&\321z\241\371\215\214\364}\257"
 369      F526D17A 
 369      A1F98D8C 
 369      F47DAF
 370 0dcc B12BA151 		.ascii	"\261+\241Q\205\353\350~Ty\257\347\31515Z\354ln\344\242"
 370      85EBE87E 
 370      5479AFE7 
 370      CD31355A 
 370      EC6C6EE4 
 371 0de1 3218B0FF 		.ascii	"2\030\260\377_\007/\313\320\232C8\224dh)\364\362\002"
 371      5F072FCB 
 371      D09A4338 
 371      94646829 
 371      F4F202
 372 0df4 9EFDA249 		.ascii	"\236\375\242I\022\226\372\352\301\203\326Cj\361\243"
 372      1296FAEA 
 372      C183D643 
 372      6AF1A3
 373 0e03 63A9E057 		.ascii	"c\251\340W\005*\307\354\243#\334\311\307\206\320C\207"
 373      052AC7EC 
 373      A323DCC9 
 373      C786D043 
 373      87
 374 0e14 31BEC74E 		.ascii	"1\276\307N\005\351\203\0157\371!\354\307\344;\324\321"
 374      05E9830D 
 374      37F921EC 
 374      C7E43BD4 
 374      D1
 375 0e25 E118C40E 		.ascii	"\341\030\304\016\005\203\344\200}\252a\374\230\026w"
 375      0583E480 
 375      7DAA61FC 
 375      981677
 376 0e34 316C79D5 		.ascii	"1ly\325\213\025\014J\376\015q\357DR/\262xL\272\214\371"
 376      8B150C4A 
 376      FE0D71EF 
 376      44522FB2 
 376      784CBA8C 
 377 0e49 31A90AD3 		.ascii	"1\251\012\323cR\363\273\252I[<H\015\251\2723\306\236"
 377      6352F3BB 
 377      AA495B3C 
 377      480DA9BA 
 377      33C69E
 378 0e5c 5B216727 		.ascii	"[!g'\204\264 \264\213\360\323@\372b-\272\2021\037\200"
ARM GAS  C:\Users\User\AppData\Local\Temp\ccQ7h4mC.s 			page 30


 378      84B420B4 
 378      8BF0D340 
 378      FA622DBA 
 378      82311F80 
 379 0e70 8A243D98 		.ascii	"\212$=\230\037\371\226\024\233\373\317\245\021b]M\333"
 379      1FF99614 
 379      9BFBCFA5 
 379      11625D4D 
 379      DB
 380 0e81 B9869DD0 		.ascii	"\271\206\235\320Uh(I\257\241%\344\233\343\333\254L\215"
 380      55682849 
 380      AFA125E4 
 380      9BE3DBAC 
 380      4C8D
 381 0e93 78D222B6 		.ascii	"x\322\"\266+\000w\011\023~\327\261\203\304\222\240c"
 381      2B007709 
 381      137ED7B1 
 381      83C492A0 
 381      63
 382 0ea4 1B4EB1FF 		.ascii	"\033N\261\377\012\2226\">\332\006\240\217u%uhE\3337"
 382      0A923622 
 382      3EDA06A0 
 382      8F752575 
 382      6845DB37 
 383 0eb8 3E663BFD 		.ascii	">f;\375v\377\000\376i\206\376\256Qo\274\326\270<y\237"
 383      76FF00FE 
 383      6986FEAE 
 383      516FBCD6 
 383      B83C799F 
 384 0ecc 511FBA06 		.ascii	"Q\037\272\006\325`\007T\011\2414\242\317\204W/B\311"
 384      D5600754 
 384      09A134A2 
 384      CF84572F 
 384      42C9
 385 0ede 26A502D5 		.ascii	"&\245\002\325\342\237*\026\005\374\311\337w]\300\266"
 385      E29F2A16 
 385      05FCC9DF 
 385      775DC0B6 
 386 0eee AF76FA6D 		.ascii	"\257v\372m\361\363\015\016\334\255\371\267_m^\242su"
 386      F1F30D0E 
 386      DCADF9B7 
 386      5F6D5EA2 
 386      7375
 387 0f00 55687D7C 		.ascii	"Uh}|\366\370\007\004\257\\\341\023\034\206|\377y\253"
 387      F6F80704 
 387      AF5CE113 
 387      1C867CFF 
 387      79AB
 388 0f12 EF0EFFAF 		.ascii	"\357\016\377\257\374\3315(x\317v\377@\327U\177Z\351"
 388      FCD93528 
 388      78CF76FF 
 388      40D7557F 
 388      5AE9
 389 0f24 F3B57FC0 		.ascii	"\363\265\177\300\366\300\257\203\304\362\255\301\201"
 389      F6C0AF83 
 389      C4F2ADC1 
 389      81
ARM GAS  C:\Users\User\AppData\Local\Temp\ccQ7h4mC.s 			page 31


 390 0f31 813B83B6 		.ascii	"\201;\203\266\376.`\317\022\372\264d\333\356]K\374v"
 390      FE2E60CF 
 390      12FAB464 
 390      DBEE5D4B 
 390      FC76
 391 0f43 7DE5B77D 		.ascii	"}\345\267}\273\337\366\255_,[\271d\305r\327U\177t\335"
 391      BBDFF6AD 
 391      5F2C5BB9 
 391      64C572D7 
 391      557F74DD 
 392 0f57 0AE53F0F 		.ascii	"\012\345?\017\010\014\360\373\271\3376\260\354\037\340"
 392      080CF0FB 
 392      B9DF36B0 
 392      EC1FE0
 393 0f66 BB73CF76 		.ascii	"\273s\317v\277\255\273\266\201\255\000\277\255>\333"
 393      BFADBBB6 
 393      81AD00BF 
 393      AD3EDB
 394 0f75 FD7EBB6D 		.ascii	"\375~\273m\317\316`\237\340\275\177\360\013Z\266C\241"
 394      CFCE609F 
 394      E0BD7FF0 
 394      0B5AB643 
 394      A1
 395 0f86 91E8ECFD 		.ascii	"\221\350\354\375?d\023\2647h\253OP\360vh\032(\374\207"
 395      3F6413B4 
 395      3768AB4F 
 395      50F07668 
 395      1A28FC87 
 396 0f9a 4E6A5947 		.ascii	"NjYG\256\336"
 396      AEDE
 397 0fa0 F35B16CA 		.ascii	"\363[\026\312\03120\310u\325\027.\201A.;\266\355t\371"
 397      193230C8 
 397      75D5172E 
 397      81412E3B 
 397      B6ED74F9 
 398 0fb4 43E0EEE0 		.ascii	"C\340\356\340 \027\337\300]\273\002\003\\\334\2746\352"
 398      2017DFC0 
 398      5DBB0203 
 398      5CDCBC36 
 398      EA
 399 0fc5 36FED985 		.ascii	"6\376\331\205\004`\231\257\342\007\344\356\356\037d"
 399      046099AF 
 399      E207E4EE 
 399      EE1F64
 400 0fd4 8A841329 		.ascii	"\212\204\023)\361\366\013\366\336\033\024\354\267k\303"
 400      F1F60BF6 
 400      DE1B14EC 
 400      B76BC3
 401 0fe3 B680ED3B 		.ascii	"\266\200\355;\375v{\356\366\017\334\355\037\274\227"
 401      FD767BEE 
 401      F60FDCED 
 401      1FBC97
 402 0ff2 C64DB7D3 		.ascii	"\306M\267\323o\333nO\277\000`\367;\033"
 402      6FDB6E4F 
 402      BF0060F7 
 402      3B1B
 403 1000 AF75DEEB 		.ascii	"\257u\336\353\274\266\254s\377\245\322\303\323\206\305"
ARM GAS  C:\Users\User\AppData\Local\Temp\ccQ7h4mC.s 			page 32


 403      BCB6AC73 
 403      FFA5D2C3 
 403      D386C5
 404 100f 6EB54FB0 		.ascii	"n\265O\2605\277\317V\377B\345\341\266\326kV]\251\362"
 404      35BFCF56 
 404      FF42E5E1 
 404      B6D66B56 
 404      5DA9F2
 405 1022 D0799AD4 		.ascii	"\320y\232\324\025*\017oO/\215\027\323\\\241r\235\251"
 405      152A0F6F 
 405      4F2F8D17 
 405      D35CA172 
 405      9DA9
 406 1034 723954AE 		.ascii	"r9T\256\363Ryo\362\360\362\371\0378\202w\337\357\317"
 406      F352796F 
 406      F2F0F2F9 
 406      1F388277 
 406      DFEFCF
 407 1047 C12EBA8D 		.ascii	"\301.\272\215\336\036\336.\334\327P\261\333\317\307"
 407      DE1EDE2E 
 407      DCD750B1 
 407      DBCFC7
 408 1056 77D72A70 		.ascii	"w\327*p\264\315\257\266x\350|6A\344g[_m\345\266a\255"
 408      B4CDAFB6 
 408      78E87C36 
 408      41E4675B 
 408      5F6DE5B6 
 409 106c B7CE4BA5 		.ascii	"\267\316K\245s\323y\221gO\270\271o\322m\204\233\007"
 409      73D37991 
 409      674FB8B9 
 409      6FD26D84 
 409      9B07
 410 107e BDCD4257 		.ascii	"\275\315BWY\271\353t\036\336\277\321\220\333\306-n:"
 410      59B9EB74 
 410      1EDEBFD1 
 410      90DBC62D 
 410      6E3A
 411 1090 353C78FF 		.ascii	"5<x\377\306\032\256D\343\367\315P\352AK)\306\332\203"
 411      C61AAE44 
 411      E3F7CD50 
 411      EA414B29 
 411      C6DA83
 412 10a3 DE37CF5A 		.ascii	"\3367\317Z\371\202\224\270}\371\345f\365\306-\353\275"
 412      F98294B8 
 412      7DF9E566 
 412      F5C62DEB 
 412      BD
 413 10b4 56D0AB2B 		.ascii	"V\320\253+\275.W\353<\011\011\235\267\367\272/\341\246"
 413      BD2E57EB 
 413      3C09099D 
 413      B7F7BA2F 
 413      E1A6
 414 10c6 F3F670F7 		.ascii	"\363\366p\367\302\272M^j\335\227\360d\355\341\356\343"
 414      C2BA4D5E 
 414      6ADD97F0 
 414      64EDE1EE 
 414      E3
ARM GAS  C:\Users\User\AppData\Local\Temp\ccQ7h4mC.s 			page 33


 415 10d7 E1ED06B4 		.ascii	"\341\355\006\264\334}6\256\24777vsg7\317\365^*\267\365"
 415      DC7D36AE 
 415      A7373776 
 415      736737CF 
 415      F55E2AB7 
 416 10ec DE5EAAB5 		.ascii	"\336^\252\265\353\335\274\324\0337\302U\345N\364\015"
 416      EBDDBCD4 
 416      1B37C255 
 416      E54EF40D 
 417 10fc E4A2838B 		.ascii	"\344\242\203\213\332{\203\016\036\2757x\202]\235\027"
 417      DA7B830E 
 417      1EBD3778 
 417      825D9D17 
 418 110c 867EABDD 		.ascii	"\206~\253\335<\274\240\367[6\375\332\013\302\002\020"
 418      3CBCA0F7 
 418      5B36FDDA 
 418      0BC20210 
 419 111c 9DE7660F 		.ascii	"\235\347f\017w\265\333Z\200k\274uk\251\267\354||~\273"
 419      77B5DB5A 
 419      806BBC75 
 419      6BA9B7EC 
 419      7C7C7EBB 
 420 1130 27C0D7C7 		.ascii	"'\300\327\307g\331\252\325\253\277\320H\232\312w\307"
 420      67D9AAD5 
 420      ABBFD048 
 420      9ACA77C7 
 421 1140 B6DDFF0D 		.ascii	"\266\335\377\015n\300\"\315"
 421      6EC022CD 
 422              		.text
 423              		.section	.gnu.lto_.symtab.d7541acd,"",%progbits
 424 0000 6E766963 		.ascii	"nvicEnableVector\000"
 424      456E6162 
 424      6C655665 
 424      63746F72 
 424      00
 425 0011 00       		.ascii	"\000"
 426 0012 00       		.ascii	"\000"
 427 0013 00       		.ascii	"\000"
 428 0014 00000000 		.ascii	"\000\000\000\000\000\000\000\000"
 428      00000000 
 429 001c BA000000 		.ascii	"\272\000\000\000"
 430 0020 6E766963 		.ascii	"nvicDisableVector\000"
 430      44697361 
 430      626C6556 
 430      6563746F 
 430      7200
 431 0032 00       		.ascii	"\000"
 432 0033 00       		.ascii	"\000"
 433 0034 00       		.ascii	"\000"
 434 0035 00000000 		.ascii	"\000\000\000\000\000\000\000\000"
 434      00000000 
 435 003d BE000000 		.ascii	"\276\000\000\000"
 436 0041 6E766963 		.ascii	"nvicSetSystemHandlerPriority\000"
 436      53657453 
 436      79737465 
 436      6D48616E 
 436      646C6572 
ARM GAS  C:\Users\User\AppData\Local\Temp\ccQ7h4mC.s 			page 34


 437 005e 00       		.ascii	"\000"
 438 005f 00       		.ascii	"\000"
 439 0060 00       		.ascii	"\000"
 440 0061 00000000 		.ascii	"\000\000\000\000\000\000\000\000"
 440      00000000 
 441 0069 C0000000 		.ascii	"\300\000\000\000"
 442 006d 6E766963 		.ascii	"nvicClearPending\000"
 442      436C6561 
 442      7250656E 
 442      64696E67 
 442      00
 443 007e 00       		.ascii	"\000"
 444 007f 00       		.ascii	"\000"
 445 0080 00       		.ascii	"\000"
 446 0081 00000000 		.ascii	"\000\000\000\000\000\000\000\000"
 446      00000000 
 447 0089 C2000000 		.ascii	"\302\000\000\000"
 448              		.text
 449              		.section	.gnu.lto_.opts,"",%progbits
 450 0000 272D666D 		.ascii	"'-fmath-errno' '-fsigned-zeros' '-ftrapping-math' '"
 450      6174682D 
 450      6572726E 
 450      6F272027 
 450      2D667369 
 451 0033 2D666E6F 		.ascii	"-fno-trapv' '-fno-openmp' '-fno-openacc' '-mcpu=cor"
 451      2D747261 
 451      70762720 
 451      272D666E 
 451      6F2D6F70 
 452 0066 7465782D 		.ascii	"tex-m7' '-mno-thumb-interwork' '-mthumb' '-ggdb' '-"
 452      6D372720 
 452      272D6D6E 
 452      6F2D7468 
 452      756D622D 
 453 0099 4F322720 		.ascii	"O2' '-fomit-frame-pointer' '-falign-functions=16' '"
 453      272D666F 
 453      6D69742D 
 453      6672616D 
 453      652D706F 
 454 00cc 2D666675 		.ascii	"-ffunction-sections' '-fdata-sections' '-fno-common"
 454      6E637469 
 454      6F6E2D73 
 454      65637469 
 454      6F6E7327 
 455 00ff 2720272D 		.ascii	"' '-flto'\000"
 455      666C746F 
 455      2700
 456              		.text
 457              		.comm	__gnu_lto_v1,1,1
 458              		.comm	__gnu_lto_slim,1,1
 459              		.ident	"GCC: (GNU Tools for ARM Embedded Processors 6-2017-q1-update) 6.3.1 20170215 (release) [AR
ARM GAS  C:\Users\User\AppData\Local\Temp\ccQ7h4mC.s 			page 35


DEFINED SYMBOLS
                            *ABS*:00000000 nvic.c
                            *COM*:00000001 __gnu_lto_v1
                            *COM*:00000001 __gnu_lto_slim

NO UNDEFINED SYMBOLS
