ARM GAS  C:\Users\User\AppData\Local\Temp\ccL08odc.s 			page 1


   1              		.cpu cortex-m7
   2              		.eabi_attribute 20, 1
   3              		.eabi_attribute 21, 1
   4              		.eabi_attribute 23, 3
   5              		.eabi_attribute 24, 1
   6              		.eabi_attribute 25, 1
   7              		.eabi_attribute 26, 1
   8              		.eabi_attribute 30, 2
   9              		.eabi_attribute 34, 1
  10              		.eabi_attribute 18, 4
  11              		.file	"chcore_v7m.c"
  12              		.text
  13              	.Ltext0:
  14              		.section	.gnu.lto_.profile.9e80d711,"",%progbits
  15 0000 789C6365 		.ascii	"x\234ce`b`a```d0\224\001\000\000\376\000Z"
  15      60626061 
  15      60606064 
  15      30940100 
  15      00FE005A 
  16              		.text
  17              		.section	.gnu.lto_.icf.9e80d711,"",%progbits
  18 0000 789C6365 		.ascii	"x\234ce`b\020a@\000f\206\345K\256\264s3\367\276\273"
  18      60621061 
  18      40006686 
  18      E54BAEB4 
  18      7333F7BE 
  19 0015 BF9687E5 		.ascii	"\277\226\207\345\363\206\025\213\330\030\000^5\010\335"
  19      F386158B 
  19      D818005E 
  19      3508DD
  20              		.text
  21              		.section	.gnu.lto_.jmpfuncs.9e80d711,"",%progbits
  22 0000 789C6365 		.ascii	"x\234ce`b\340e@\000f(\301\002\242\001\002|\000\037"
  22      6062E065 
  22      40006628 
  22      C102A201 
  22      027C001F 
  23              		.text
  24              		.section	.gnu.lto_.inline.9e80d711,"",%progbits
  25 0000 789C6365 		.ascii	"x\234ce`bpc@\000f\006\006~1F\006&\221\013=\214\014l"
  25      60627063 
  25      40006606 
  25      067E3146 
  25      0626910B 
  26 0018 0BE49940 		.ascii	"\013\344\231@\202L\334`\031N\016\240\004\317\203X\270"
  26      824CDC60 
  26      194E0EA0 
  26      04CF8358 
  26      B8
  27 0029 380B0317 		.ascii	"8\013\003\0277HhN$\\\210\221\013D\002\000\021\202\006"
  27      3748684E 
  27      245C8891 
  27      0B440200 
  27      118206
  28 003c D4       		.ascii	"\324"
  29              		.text
  30              		.section	.gnu.lto_.pureconst.9e80d711,"",%progbits
ARM GAS  C:\Users\User\AppData\Local\Temp\ccL08odc.s 			page 2


  31 0000 789C6365 		.ascii	"x\234ce`b\340b```f\330\305\310\274\213\221e\027#\000"
  31      6062E062 
  31      60606066 
  31      D8C5C8BC 
  31      8B916517 
  32 0016 0C46024D 		.ascii	"\014F\002M"
  33              		.text
  34              		.section	.gnu.lto__port_irq_epilogue.part.0.9e80d711,"",%progbits
  35 0000 789CA554 		.ascii	"x\234\245T]L\034U\024\276g\356\314\356\262,\220\020"
  35      5D4C1C55 
  35      14BE67EE 
  35      CCEEB22C 
  35      9010
  36 0012 1F34E9C3 		.ascii	"\0374\351\303\362@\232&M\307\246\211\030\243\017\206"
  36      F2409A26 
  36      4DC7A689 
  36      18A30F86 
  37 0022 C444938D 		.ascii	"\304D\223\215\206}%A\035h\331X\230\315\356\322\362\306"
  37      867D2541 
  37      1D68D958 
  37      98CDEED2 
  37      F2C6
  38 0034 EDC216B2 		.ascii	"\355\302\026\262\350j\252l\331\312fh\033\203\255\"\205"
  38      E86AAA6C 
  38      D9CA6668 
  38      1B83AD22 
  38      85
  39 0045 5A15E8CF 		.ascii	"Z\025\350\317\226\237\322\226ZR\253\230\320\306T\330"
  39      969FD296 
  39      5A52AB98 
  39      D0C654D8 
  40 0055 365A8AB1 		.ascii	"6Z\212\261\204\250\251\001<\347\316\"\250mbt\222\271"
  40      84A8A901 
  40      3CE7CE22 
  40      A86D6274 
  40      92B9
  41 0067 77EEB9E7 		.ascii	"w\356\271\347;\347\334\357;w4\246\260g5\306\000\030"
  41      3BE7DCEF 
  41      3B7734A6 
  41      B06735C6 
  41      0018
  42 0079 7B81E1EC 		.ascii	"{\201\341\354d\340x\347*~8@\221\263\242\360\266\315"
  42      64E078E7 
  42      2A7E3840 
  42      91B3A2F0 
  42      B6CD
  43 008b 4CB8551A 		.ascii	"L\270U\032=\0344\262\356s\251k\037\032\000}\010\027"
  43      3D1C34B2 
  43      EE73A96B 
  43      1F1A007D 
  43      0817
  44 009d B02687C2 		.ascii	"\260&\207\302U\015\232\340m~\220\303H\353\235AeK\217"
  44      550D9AE0 
  44      6D7E90C3 
  44      48EB9D41 
  44      654B8F
  45 00b0 C0277370 		.ascii	"\300'sp\311\271_\304\036\2678c)|\351\201\036\330\302"
ARM GAS  C:\Users\User\AppData\Local\Temp\ccL08odc.s 			page 3


  45      C9B95FC4 
  45      1EB73863 
  45      297CE981 
  45      1ED8C2
  46 00c3 D06DB67F 		.ascii	"\320m\266\177\245\243\300\241\332v\370\020\3632F\360"
  46      A5A3C0A1 
  46      DA76F810 
  46      F33246F0 
  47 00d3 6B2D27BA 		.ascii	"k-'\272x\202[\034@\305\345\375/\017\315\025\322R\001"
  47      78825B1C 
  47      40C5E5FD 
  47      2F0FCD15 
  47      D25201
  48 00e6 2F2EEFB4 		.ascii	"/.\357\264\217\237u\362*\240\010\231\017NMC\351Q!\242"
  48      8F9F75F2 
  48      2AA00899 
  48      0F4E4D43 
  48      E95121A2 
  49 00fa 22F36BD7 		.ascii	"\"\363k\327\323\307g\262B\034h\003\213s\370\0108\306"
  49      D3C767B2 
  49      421C6803 
  49      8B73F808 
  49      38C6
  50 010c 85E3B009 		.ascii	"\205\343\260\011\216\301&;\357\307P\212\2407\337Z^*"
  50      8EC1263B 
  50      EFC7508A 
  50      A037DF5A 
  50      5E2A
  51 011e 22D00159 		.ascii	"\"\320\001Y]\2629vQ\250\010a\377\360\357\225\376\361"
  51      5DB23976 
  51      51A80861 
  51      FFF0EF95 
  51      FEF1
  52 0130 4BD92345 		.ascii	"K\331#E|\002d\306\237Vn\306=\271\214\277X\305\3576\013"
  52      7C0264C6 
  52      9F566EC6 
  52      3DB98CBF 
  52      58C5EF36 
  53 0145 0956E193 		.ascii	"\011V\341\223\207\344\353\203\322\276\257@\210\225\325"
  53      87E4EB83 
  53      D2BEAF40 
  53      8895D5
  54 0154 56216676 		.ascii	"V!fv\024{@\326\240\310\035.G\225Y\\\323pp0\026G\036"
  54      147B40D6 
  54      A0C81D2E 
  54      4795595C 
  54      D3707030 
  55 016b 88D0382E 		.ascii	"\210\3208.p\346\355\\\221\363]\3307;\234\370\3712\254"
  55      70E6ED5C 
  55      91F35DD8 
  55      373B9CF8 
  55      F932AC
  56 017e 73465049 		.ascii	"sFPI\031['\262\305\346\273\313\375\022\203\023\340H"
  56      195B27B2 
  56      C5E6BBCB 
  56      FD128313 
  56      E048
ARM GAS  C:\Users\User\AppData\Local\Temp\ccL08odc.s 			page 4


  57 0190 71D84032 		.ascii	"q\330@2\345e\320O\000\030\300\021\251\276B\361\222\211"
  57      E565D04F 
  57      0018C011 
  57      A9BE42F1 
  57      9289
  58 01a2 A4A596CC 		.ascii	"\244\245\226\314\200%:\275\026w\022by66\227\247*\350"
  58      80253ABD 
  58      16771262 
  58      79363697 
  58      A72AE8
  59 01b5 78124A64 		.ascii	"x\022Jd\374\013\263'\207\034h\201OAMcX\006\247@e\267"
  59      FC0BB327 
  59      871C6881 
  59      4F414D63 
  59      5806A740 
  60 01cb 217A4B96 		.ascii	"!zK\226E\001)>m\221\261=1^L\025\310\234\354G\210.\266"
  60      4501293E 
  60      6D91B13D 
  60      315E4C15 
  60      C89CEC47 
  61 01e2 1EE36448 		.ascii	"\036\343dHs%\347\343\225\373}\204Q\320\243\271k\177"
  61      7325E7E3 
  61      95FB7D84 
  61      51D0A3B9 
  61      6B7F
  62 01f4 EFF56ADB 		.ascii	"\357\365j\333\205\243\011s^\377~,\251\331Mpkuu\265\010"
  62      85A30973 
  62      5EFF7E2C 
  62      A9D94D70 
  62      6B7575B5 
  63 0209 3E4356FF 		.ascii	">CV\377\212\344\024{\351\207t\314M6\304d{\026;\362\010"
  63      8AE4147B 
  63      E98774CC 
  63      4D36C464 
  63      7B163BF2 
  64 021e A3DA1834 		.ascii	"\243\332\0304}=um2\337\2024\366\204\013\003\303\347"
  64      7D3D756D 
  64      32DF8234 
  64      F6840B03 
  64      C3E7
  65 0230 A40DDAEF 		.ascii	"\244\015\332\357\035\036x\337\241\367\022e\335;-\236"
  65      1D1E78DF 
  65      A1F71265 
  65      DD3B2D9E 
  66 0240 075F8005 		.ascii	"\007_\200\005\235\262Aa\020t\352\302\333\017\246d07"
  66      9DB24161 
  66      1074EAC2 
  66      DB0FA664 
  66      3037
  67 0252 2A883D3E 		.ascii	"*\210=>\204Hy\2263\337<fW\252R\011k%!bb>\233v\361\357"
  67      84487996 
  67      33DF3C66 
  67      57AA5209 
  67      6B252162 
  68 026c EC4699CF 		.ascii	"\354F\231\317\336\037\315\3175\312\264\345I\211L\213"
  68      DE1FCDCF 
  68      35CAB4E5 
ARM GAS  C:\Users\User\AppData\Local\Temp\ccL08odc.s 			page 5


  68      49894C8B 
  69 027c 97FA72F8 		.ascii	"\227\372r\370!}r\232N\243\262\273\020E\235;'\341\357"
  69      217D729A 
  69      4EA3B2BB 
  69      10459D3B 
  69      27E1EF
  70 028f 924EBB35 		.ascii	"\222N\2735\362\311\311\252l\274;pFJz\226.\017\260\005"
  70      F2C9C9AA 
  70      6CBC3B70 
  70      464A7A96 
  70      2E0FB005 
  71 02a3 821EB106 		.ascii	"\202\036\261\006~s\227\374\236\2234\237\274{\347\206"
  71      7E7397FC 
  71      9E93349F 
  71      BC7BE786 
  72 02b3 854B4A7A 		.ascii	"\205KJz.'\351\315CC\357\271I\322\014I\252\342\316yy"
  72      2E27E9CD 
  72      4343EFB9 
  72      49D20C49 
  72      AAE2CE79 
  73 02c8 D98EF647 		.ascii	"\331\216\366G\257xJV6\366\303\325D\364\260G\202G\010"
  73      AF784A56 
  73      36F6C3D5 
  73      44F4B047 
  73      824708
  74 02db 0CA3B6F6 		.ascii	"\014\243\266\366\266\020T\026\233\207\346\356s\035O"
  74      B6105416 
  74      9B87E6EE 
  74      731D4F
  75 02ea D8AC6808 		.ascii	"\330\254h\010\031\034\274w\303\331\264,\\\026\367\244"
  75      191CBC77 
  75      C3D9B42C 
  75      5C16F7A4 
  76 02fa 90240663 		.ascii	"\220$\006c\320\204M^\300\262\320rct\014\326]\223\261"
  76      D0844D5E 
  76      C0B2D072 
  76      63740CD6 
  76      5D93B1
  77 030d 912927D1 		.ascii	"\221)'\321L\007\030\3171\322\216\230\266\315\034\351"
  77      4C0718CF 
  77      31D28E98 
  77      B6CD1CE9 
  78 031d 7ED09AFE 		.ascii	"~\320\232\376\266\033r\004\377\0331\353I\314\013RL "
  78      B61B7204 
  78      FF1B31EB 
  78      49CC0B52 
  78      4C20
  79 032f 6E27A498 		.ascii	"n'\244\230k\005\265\241\307\"\302\013S\362\314\027\261"
  79      6B05B5A1 
  79      C722C20B 
  79      53F2CC17 
  79      B1
  80 0340 2ACAA6FE 		.ascii	"*\312\246\376\231m\341?d\273\264\236\355\362\243\262"
  80      996DE13F 
  80      64BBB49E 
  80      EDF2A3B2 
  81 0350 D18F7632 		.ascii	"\321\217v2\227M\223\267z\001\024\373w\030G(\032pUY\376"
ARM GAS  C:\Users\User\AppData\Local\Temp\ccL08odc.s 			page 6


  81      974D93B7 
  81      7A0114FB 
  81      77184728 
  81      1A705559 
  82 0365 4CA5511B 		.ascii	"L\245Q\033x=PYN\243?\322P\0350\267\227\355\331Q\265"
  82      783D5059 
  82      4EA33FD2 
  82      501D30B7 
  82      97EDD951 
  83 037a 37505F6D 		.ascii	"7P_m\356\015o\264\333\236fx{\331S\272\031\326\015\263"
  83      EE0D6FB4 
  83      DB9E6678 
  83      7BD953BA 
  83      19D60DB3 
  84 038e AECEACD7 		.ascii	"\256\316\254\327\203f(\022\326\237\257\360\225\373\032"
  84      83662812 
  84      D69FAFF0 
  84      95FB1A
  85 039d 75A3D630 		.ascii	"u\243\3260C5U{\312\352\266\031\314\021\252\0117\354"
  85      4335557B 
  85      CAEAB619 
  85      CC11AA09 
  85      37EC
  86 03af 8EBCFAFF 		.ascii	"\216\274\372\377s\3244F\364r\237\377E\277\036\2507v"
  86      73D43446 
  86      F4729FFF 
  86      45BF1EA8 
  86      3776
  87 03c1 3754D7E8 		.ascii	"7T\327\350F]8\020\256\332e\030\333j\231jD\032\203\005"
  87      465D3810 
  87      AEDA6518 
  87      DB6A996A 
  87      441A8305 
  88 03d5 BE0ABFB7 		.ascii	"\276\012\277\267\364\311\255\336`8\350f\374\271\020"
  88      F4C9ADDE 
  88      6038E866 
  88      FCB910
  89 03e4 2B8C98C1 		.ascii	"+\214\230\301\227w\276\0222\015\177\3445\343\215\002"
  89      9777BE12 
  89      320D7FE4 
  89      35E38D02 
  90 03f4 9FBF8236 		.ascii	"\237\277\2026\267\242\227\233)!\306\303A\366\007\375"
  90      B7A2979B 
  90      2921C6C3 
  90      41F607FD 
  91 0404 B405B8   		.ascii	"\264\005\270"
  92              		.text
  93              		.section	.gnu.lto_SVC_Handler.9e80d711,"",%progbits
  94 0000 789CB593 		.ascii	"x\234\265\223_lSu\024\307\317\371\375nok\327!\341\315"
  94      5F6C5375 
  94      14C7CFF9 
  94      FD6E6F6B 
  94      D721E1CD 
  95 0014 B8983666 		.ascii	"\270\2306f\211$\204BL\034!\361\301\354E\037\032\315"
  95      89248442 
  95      4C1C21F1 
  95      C1EC451F 
ARM GAS  C:\Users\User\AppData\Local\Temp\ccL08odc.s 			page 7


  95      1ACD
  96 0026 FABA648E 		.ascii	"\372\272d\216\273\312\032\327\335\246\267\033\363\301"
  96      BBCA1AD7 
  96      DDA6B71B 
  96      F3C1
  97 0034 70E986D5 		.ascii	"p\351\206\325\315L\2032\272\205\246\0121L&\260?Ne`\255"
  97      CD4C8332 
  97      BA85A60A 
  97      314C26B0 
  97      3F4E6560 
  98 0049 9B6C4CFE 		.ascii	"\233lL\376\030\011\020C\010\352\376`\034\361\017<\020"
  98      18091043 
  98      08EAFE60 
  98      1CF10F3C 
  98      10
  99 005a 13A57ACE 		.ascii	"\023\245z\316\357^M\031$>\030\233\364\266\277s\276\347"
  99      EF5E4D19 
  99      243E189B 
  99      F4B6BF73 
  99      BEE7
 100 006c DFE7FCAE 		.ascii	"\337\347\374\256\007\004\354\325\000^F\200\207\001\000"
 100      0704ECD5 
 100      005E4680 
 100      870100
 101 007b 25A078F3 		.ascii	"%\240x\363<\300.\237@\344?\266\017a\247\300\235\370"
 101      3CC02E9F 
 101      40E43FB6 
 101      0F61A7C0 
 101      9DF8
 102 008d 86DC2771 		.ascii	"\206\334'q:{\375\270X\177\310\246Oi\337\037\017\331"
 102      3A7BFDB8 
 102      587FC8A6 
 102      4F69DF1F 
 102      0FD9
 103 009f C3252C48 		.ascii	"\303%,H\200A\372\362\007\017\341z \331\327=\243\373"
 103      8041FAF2 
 103      070FE17A 
 103      20D9D73D 
 103      A3FB
 104 00b1 65BF2C48 		.ascii	"e\277,HD\215\2167\317\015-\256\341\243\300 \035{\347"
 104      448D8E37 
 104      CF0D2DAE 
 104      E1A3C020 
 104      1D7BE7
 105 00c4 970E3C28 		.ascii	"\227\016<(\233\220\225?\227\257\366\006j\017\332v\306"
 105      9B90953F 
 105      97AFF606 
 105      6A0FDA76 
 105      C6
 106 00d5 2ECDE61E 		.ascii	".\315\346\036\331\323m\237\266\265\202\224x\030%e\305"
 106      D9D36D9F 
 106      B6B58294 
 106      78182565 
 106      C5
 107 00e6 F7B10687 		.ascii	"\367\261\006\207\261Fe'\371\302Xyo\265\256\341\010\326"
 107      B1466527 
 107      F9C25879 
ARM GAS  C:\Users\User\AppData\Local\Temp\ccL08odc.s 			page 8


 107      6FB5AEE1 
 107      08D6
 108 00f8 3A45F103 		.ascii	":E\361\003\324\251w\301\026\362_\357;U\364\312\026\225"
 108      D4A977C1 
 108      16F25FEF 
 108      3B55F4CA 
 108      1695
 109 010a BAF4DEE4 		.ascii	"\272\364\336\344etS\177\233\337r\370\312\222m\357y\225"
 109      6574537F 
 109      9BDF72F8 
 109      CA926DEF 
 109      7995
 110 011c FAD5F0C8 		.ascii	"\372\325\360\310\275\311\361(\326\036\273\200%\273\374"
 110      BDC9F128 
 110      D61EBB80 
 110      25BBFC
 111 012b 679666AB 		.ascii	"g\226f\253\311\316]\033\022^\001\234X\252\247\006\005"
 111      C9CE5D1B 
 111      125E019C 
 111      58AAA706 
 111      05
 112 013c E9F12821 		.ascii	"\351\361(!@/\025g<}R\360\257\\\301]\013\277\364\377"
 112      402F1567 
 112      3C7D52F0 
 112      AF5CC15D 
 112      0BBFF4FF 
 113 0150 FA25FED3 		.ascii	"\372%\376\323d\217\003iT\177Z59(\261r\000N\202\307P"
 113      648F0369 
 113      547F5A35 
 113      3928B172 
 113      004E82C7 
 114 0165 A7C2A3F4 		.ascii	"\247\302\243\364\244\021\316r\350@\377@A\013]\301\202"
 114      A411CE72 
 114      E840FF40 
 114      410B5DC1 
 114      82
 115 0176 9D0B16A4 		.ascii	"\235\013\026\244\316\021w\026v/>\240\011\022\216aHA"
 115      CE117716 
 115      762F3EA0 
 115      09128E61 
 115      4841
 116 0188 985D9898 		.ascii	"\230]\230\230\322\311\202\343\250\345\245\207<\023\250"
 116      D2C982E3 
 116      A8E5A587 
 116      3C13A8
 117 0197 C13266BE 		.ascii	"\3012f\276S\035pB\316\317.6\366\345\272\327)L\252\361"
 117      531D7042 
 117      CECF2E36 
 117      F6E5BAD7 
 117      294CAAF1 
 118 01ab 1F31732B 		.ascii	"\0371s+\373\232dC^\012W\023T\376\021\216\021\244\350"
 118      FB9A6443 
 118      5E0A5713 
 118      54FE118E 
 118      11A4E8
 119 01be DEFFCAB9 		.ascii	"\336\377\312\271\211\032G\"\311T\271B\304 ~H\314\356"
 119      891A4722 
ARM GAS  C:\Users\User\AppData\Local\Temp\ccL08odc.s 			page 9


 119      C954B942 
 119      C4207E48 
 119      CCEE
 120 01d0 8E924EDE 		.ascii	"\216\222N\336;\023\001'Jc\323\337\022\012\237\273\261"
 120      3B130127 
 120      4A63D3DF 
 120      120A9FBB 
 120      B1
 121 01e1 94F7C96B 		.ascii	"\224\367\311k\250\030\334X\2729S\345.\346\366\366A\273"
 121      A818DC58 
 121      BA3953E5 
 121      2EE6F6F6 
 121      41BB
 122 01f3 D413E4A5 		.ascii	"\324\023\344\245L\336g)\037qr\015V0CtsgV\323}\253\250"
 122      4CDE6729 
 122      1F71720D 
 122      56304374 
 122      736756D3 
 123 020a B3C4052C 		.ascii	"\263\304\005,*\000\003~\254\340~\302\327\003\341'\216"
 123      2A00037E 
 123      ACE07EC2 
 123      D703E127 
 123      8E
 124 021b 3C5018FF 		.ascii	"<P\030\377\315\037\372\335\205\353e\365\221\305\023"
 124      CD1FFADD 
 124      85EB65F5 
 124      91C513
 125 022a B64FC13D 		.ascii	"\266O\301=\356\302\275:4\365\266\237\341N1\\z5\360\204"
 125      EEC2BD3A 
 125      34F5B69F 
 125      E14E315C 
 125      7A35F084 
 126 023e BAC307C7 		.ascii	"\272\303\007\3072g\003\241r\345f\316\367g\336\015\250"
 126      326703A1 
 126      72E566CE 
 126      F767DE0D 
 126      A8
 127 024f E0931C8C 		.ascii	"\340\223\034\214\237:[p\260p[tR=\375p2{\021eF\250\351"
 127      9F3A5B70 
 127      B0705B74 
 127      523DFD70 
 127      327B1165 
 128 0266 278BDFE4 		.ascii	"'\213\337\344\374\356\364s\363\217\345\273\317\274n"
 128      FCEEF473 
 128      F38FE5BB 
 128      CFBC6E
 129 0275 BF9359CB 		.ascii	"\277\223Y\313\004\212\367!\360\231\272\327\003\273\247"
 129      048AF721 
 129      F099BAD7 
 129      03BBA7
 130 0284 BFF2327E 		.ascii	"\277\3622~\215\246)\221\317!2z\341\036\"\027u\227\206"
 130      8DA62991 
 130      CF21327A 
 130      E11E2217 
 130      759786
 131 0297 8455AE99 		.ascii	"\204U\256\231\371-\303\224\375svj\253\235+y\311\245"
 131      F92DC394 
ARM GAS  C:\Users\User\AppData\Local\Temp\ccL08odc.s 			page 10


 131      FD73766A 
 131      AB9D2B79 
 131      C9A5
 132 02a9 00A7D9ED 		.ascii	"\000\247\331\355\271\213\344\214\"\371\205CrY\374\033"
 132      B98BE48C 
 132      22F98543 
 132      7259FC1B 
 133 02b9 C9532EC9 		.ascii	"\311S.\311r\341\373b\025\223\234EM\365\0148\247P\016"
 133      72E1FB62 
 133      15939C45 
 133      4DF50C38 
 133      A7500E
 134 02cc 17679603 		.ascii	"\027g\226\003\241\333\302\211\366\261\366\326\321\361"
 134      A1DBC289 
 134      F6B1F6D6 
 134      D1F1
 135 02da 4B552AFA 		.ascii	"KU*\372\264B9\357\242T\363\003\255\217\256\361\310\243"
 135      B44239EF 
 135      A254F303 
 135      AD8FAEF1 
 135      C8A3
 136 02ec 3C98A2D2 		.ascii	"<\230\242\322K/\023\275u\244o\254\337\332h\264\306\267"
 136      4B2F13BD 
 136      75A46FAC 
 136      DFDA68B4 
 136      C6B7
 137 02fe C51BEBF9 		.ascii	"\305\033\353\371\031Mw\264\304\315\315u\235\2177\355"
 137      194D77B4 
 137      C4CDCD75 
 137      9D8F37ED 
 138 030e 88B7B798 		.ascii	"\210\267\267\230;\254J\273\2434\255\315uO\204M+l\230"
 138      3BAC4ABB 
 138      A334ADCD 
 138      754F844D 
 138      2B6C98
 139 0321 8984D91E 		.ascii	"\211\204\331\036N\232\251\264\025~\252!R\037\351\012"
 139      4E9AA9B4 
 139      157EAA21 
 139      521FE90A 
 140 0331 1BAD8699 		.ascii	"\033\255\206\231\2125u\326%6\032\240\031\351\256\244"
 140      8A3575D6 
 140      25361AA0 
 140      19E9AEA4 
 141 0341 9E8A591D 		.ascii	"\236\212Y\035m\351\347\377{\241XW:\\\037\211>\023\015"
 141      6DE9E7FF 
 141      7BA15857 
 141      3A5C1F89 
 141      3E130D
 142 0354 C7DB8DB6 		.ascii	"\307\333\215\266\216\226X\330HXq\253i\273all\205\352"
 142      8E9658D8 
 142      485871AB 
 142      69BB616C 
 142      6C85EA
 143 0367 48433458 		.ascii	"HC4X\273iC0i%\375 \237L\301\232\264\231|\366\205\347"
 143      BB694330 
 143      6925FD20 
 143      9F4CC19A 
ARM GAS  C:\Users\User\AppData\Local\Temp\ccL08odc.s 			page 11


 143      B4997CF6 
 144 037d 52A6114D 		.ascii	"R\246\021M7\033/VG\242\015\354\334@*?\210\024H+\011"
 144      371B2F56 
 144      47A20DEC 
 144      DC402A3F 
 144      8814482B 
 145 0392 9ECEE6B6 		.ascii	"\236\316\346\266\216\330\377H\241\025\326r\335m\315"
 145      8ED8FF48 
 145      A115D672 
 145      DD6DCD
 146 03a1 562C998A 		.ascii	"V,\231\212sm\360&b\0113\365\022\374\005ek\361_"
 146      736DF026 
 146      620933F5 
 146      12FC0565 
 146      6BF15F
 147              		.text
 148              		.section	.gnu.lto__port_irq_epilogue.9e80d711,"",%progbits
 149 0000 789CB553 		.ascii	"x\234\265SKHTa\024>\347\376\367\316Lc\211+i\341b\\\010"
 149      4B485461 
 149      143EE7FE 
 149      F7CE4C63 
 149      892B69E1 
 150 0017 09D24D8A 		.ascii	"\011\322M\212&\202\202p\025\341F\267\202\331u\310\001"
 150      26828270 
 150      15E146B7 
 150      82D975C8 
 150      01
 151 0028 C72B336A 		.ascii	"\307+3j\265\362\237\361\005\032\025\224\371\310\341"
 151      B5F29FF1 
 151      051A1594 
 151      F9C8E1
 152 0037 862E34CD 		.ascii	"\206.4\315G\246\331\330\250\223\026\004\275H\014$Wj"
 152      47A6D9D8 
 152      A8931604 
 152      BD480C24 
 152      576A
 153 0049 169AD283 		.ascii	"\026\232\322\203\026\012\246\235\377\216\212\214P\213"
 153      160AA69D 
 153      FF8E8A8C 
 153      508B
 154 0057 E887B977 		.ascii	"\350\207\271w\3169\337\177\276\363\370\256\002\022\314"
 154      CE39DF7F 
 154      BEF3F8AE 
 154      0212CC
 155 0066 3180D308 		.ascii	"1\200\323\010p\012\000\320\002(\335x\003\340\267I\022"
 155      700A00D0 
 155      0228DD78 
 155      03E0B749 
 155      12
 156 0077 9B4A046E 		.ascii	"\233J\004n\227\303N\340\373\031*\302\215r\364\355\267"
 156      97C34EE0 
 156      FB192AC2 
 156      8D72F4ED 
 156      B7
 157 0088 2988E20F 		.ascii	")\210\342\017\267!\224KLV\260\034\257\263\006\206\343"
 157      B721944B 
 157      4C56B01C 
ARM GAS  C:\Users\User\AppData\Local\Temp\ccL08odc.s 			page 12


 157      AFB30686 
 157      E3
 158 0099 359F4252 		.ascii	"5\237BRj;\247\023i\370i\255\346U\007\015\"h\242\237"
 158      6A3BA713 
 158      69F869AD 
 158      E655070D 
 158      2268A29F 
 159 00ad 38D88EA9 		.ascii	"8\330\216\251@\260\271\007\033\365\007,r\324\217\035"
 159      40B0B907 
 159      1BF5072C 
 159      72D48F1D 
 160 00bd 68A102A0 		.ascii	"h\241\002\240w\022#|c\263\206G\326\3330x\316\306\300"
 160      7712237C 
 160      63B38647 
 160      D6DB3078 
 160      CEC6C0
 161 00d0 60288B07 		.ascii	"`(\213\007@-\001\005a\035\223\304\233-\240$\362\274"
 161      402D0105 
 161      611D93C4 
 161      9B2DA024 
 161      F2BC
 162 00e2 ABEC6B61 		.ascii	"\253\354ka\327\230\301$\224\311\374\376\272y>^\230\014"
 162      D798C124 
 162      94C9FCFE 
 162      BA793E5E 
 162      980C
 163 00f4 1D647E0E 		.ascii	"\035d~\016\327L!\313E\201\034\034\235n\264\247\264q"
 163      D74C21CB 
 163      45811C1C 
 163      9D6EB4A7 
 163      B471
 164 0106 1EE091AF 		.ascii	"\036\340\221\257-\207\232+^^\345w\003\011\006\223\261"
 164      2D879A2B 
 164      5E5EE577 
 164      03090693 
 164      B1
 165 0117 0B19D581 		.ascii	"\013\031\325\201\235\230\204\3670)Z\347}L\241K5\213"
 165      9D9884F7 
 165      30295AE7 
 165      7D4CA14B 
 165      358B
 166 0129 7C4416F9 		.ascii	"|D\026\371dt`7\305\22600\327\325\3227\211;=T\232\255"
 166      64746037 
 166      C5963030 
 166      D7D5D237 
 166      893B3D54 
 167 013f DE5CB59A 		.ascii	"\336\\\265\232m41\204\230\320\227\2264\232\000\366\210"
 167      6D343184 
 167      98D09796 
 167      349A00F6 
 167      88
 168 0150 A0141B9C 		.ascii	"\240\024\033\234\274\303\004\025`\257\010\263\335\243"
 168      BCC30415 
 168      60AF08B3 
 168      DDA3
 169 015e C13EDA06 		.ascii	"\301>\332\006\340\0031\033\2046\211B\255F\377\252=y"
 169      E003311B 
ARM GAS  C:\Users\User\AppData\Local\Temp\ccL08odc.s 			page 13


 169      84368942 
 169      AD46FFAA 
 169      3D79
 170 0170 403278A3 		.ascii	"@2x\243\303`\212@w\317?\3416Y\"`?&\203\360|[\236\232"
 170      C3608A40 
 170      77CF3FE1 
 170      36592260 
 170      3F2683F0 
 171 0188 91C8830F 		.ascii	"\221\310\203\017i[\242f\300\001s8\035\243\023\013\373"
 171      695BA266 
 171      C0017338 
 171      1DA3130B 
 171      FB
 172 0199 9387B66E 		.ascii	"\223\207\266n[\004\366GO\377\3738\363\366\240\270\215"
 172      5B04F647 
 172      4FFFFB38 
 172      F3F6A0B8 
 172      8D
 173 01aa 8F68DC0B 		.ascii	"\217h\334\013\030p\230\375\003,\342\370\360Z\353\346"
 173      187098FD 
 173      032CE2F8 
 173      F05AEBE6 
 174 01ba 348AD682 		.ascii	"4\212\326\202L\354\367v\325\370[\253\230\210\325l\324"
 174      4CECF776 
 174      D5F85BAB 
 174      9888D56C 
 174      D4
 175 01cb 1F0ADF52 		.ascii	"\037\012\337R\242&\377P\301\343\305J\032\003\2636\003"
 175      A226FF50 
 175      C1E3C54A 
 175      1A03B336 
 175      03
 176 01dc 837EEA8F 		.ascii	"\203~\352\217xl\370\230\346:$\352\240\340r\375\213N"
 176      786CF898 
 176      E63A24EA 
 176      A0E072FD 
 176      8B4E
 177 01ee BBDACD2B 		.ascii	"\273\332\315+\375\"\266\017Ch`\243\251\015\034F\225"
 177      FD22B60F 
 177      436860A3 
 177      A90D1C46 
 177      95
 178 01ff 082BD6AB 		.ascii	"\010+\326\253\357)Q:9\312\270\362j\241\325\334\001\""
 178      EF29513A 
 178      39CAB8F2 
 178      6AA1D5DC 
 178      0122
 179 0211 4FC02794 		.ascii	"O\300'\224\350#V\316L\034\333\002\021\242w9\264v \212"
 179      E82356CE 
 179      4C1CDB02 
 179      11A27739 
 179      B476208A 
 180 0225 000C6F6D 		.ascii	"\000\014om\260\216\2469\225\310\276 \023@\301\035\012"
 180      B08EA639 
 180      95C8BE20 
 180      1340C11D 
 180      0A
ARM GAS  C:\Users\User\AppData\Local\Temp\ccL08odc.s 			page 14


 181 0236 2DCF58CB 		.ascii	"-\317X\313\177q\233\301\354ML&\312\021,'u\305\231h\031"
 181      7F719BC1 
 181      EC4D4C26 
 181      CA112C27 
 181      75C59968 
 182 024b C2CE6D55 		.ascii	"\302\316mU\305h%\370\027\255\214\232Z\331\231\214LU"
 182      C56825F8 
 182      17AD8C9A 
 182      5AD9998C 
 182      4C55
 183 025d 8CFD492B 		.ascii	"\214\375I+\315q[ZQ\366j\345D\007e\217\210\240%6\270"
 183      CD715B5A 
 183      51F66AE5 
 183      4407658F 
 183      88A02536 
 184 0272 1464820A 		.ascii	"\024d\202\012\360\351^\255\214\233Z\231\330\245\225"
 184      F0E95EAD 
 184      8C9B5A99 
 184      D8A595
 185 0281 0D637634 		.ascii	"\015cv4n[\006c\246\014\236\2312\210\335\371\363\235"
 185      6E5B0663 
 185      A60C9E99 
 185      3288DDF9 
 185      F39D
 186 0293 9D8BE4E6 		.ascii	"\235\213\344\346,\024\363\023[\241a\230\247\226DM\016"
 186      2C14F313 
 186      5BA16198 
 186      A796444D 
 186      0E
 187 02a4 B272324E 		.ascii	"\262r2N\346h\005\356\013\356\234\014\361\314.)\315w"
 187      E66805EE 
 187      0BEE9C0C 
 187      F1CC2E29 
 187      CD77
 188 02b6 EBE9CEB2 		.ascii	"\353\351\316\262\243\271\227\334E\371\372%\337n\177"
 188      A3B997DC 
 188      45F9FA25 
 188      DF6E7F
 189 02c5 14A9FBD2 		.ascii	"\024\251\373\322\235\307U\335\247j\272\307\243\027\251"
 189      9DC755DD 
 189      A76ABAC7 
 189      A317A9
 190 02d4 C5BAB7C4 		.ascii	"\305\272\267\304\247\236\311\312\314\310\274\254j\005"
 190      A79EC9CA 
 190      CCC8BCAC 
 190      6A05
 191 02e2 9AEE75E5 		.ascii	"\232\356u\345\2269=\2075P\312\362\012K]\377\221\242"
 191      96393D87 
 191      3550CAF2 
 191      0A4B5DFF 
 191      91A2
 192 02f4 00CEFF7B 		.ascii	"\000\316\377{r\327\345\0225#3\373l\266\352.\322\012"
 192      72D7E512 
 192      352333FB 
 192      6CB6EA2E 
 192      D20A
 193 0306 4BF35DAA 		.ascii	"K\363]\252\346\361\271}\271\0275\215\010\0222\263\263"
ARM GAS  C:\Users\User\AppData\Local\Temp\ccL08odc.s 			page 15


 193      E6F1B97D 
 193      B917358D 
 193      081232B3 
 193      B3
 194 0317 1C17F27C 		.ascii	"\034\027\362|\256b\257;\315\221r\004$/X=.\217\356\275"
 194      AE62AF3B 
 194      CD917204 
 194      242F583D 
 194      2E8FEEBD 
 195 032b 02BF0134 		.ascii	"\002\277\0014\340\255\271"
 195      E0ADB9
 196              		.text
 197              		.section	.gnu.lto_.symbol_nodes.9e80d711,"",%progbits
 198 0000 789C6365 		.ascii	"x\234ce`b\250a\000\002\246\006\246z\006\206\011\347"
 198      6062A861 
 198      0002A606 
 198      A67A0686 
 198      09E7
 199 0012 1818EA19 		.ascii	"\030\030\352\031\030w\266\034lp```\374\305X\317\010"
 199      1877B61C 
 199      6C706060 
 199      60FCC558 
 199      CF08
 200 0024 16636068 		.ascii	"\026c`hX\000\022\370\315X\317\204,\300\364\235\261\236"
 200      580012F8 
 200      CD58CF84 
 200      2CC0F49D 
 200      B19E
 201 0036 19AA8B61 		.ascii	"\031\252\213aW\203#P\344\007c=\013\212\010\343O\306"
 201      57832350 
 201      E407633D 
 201      0B8A08E3 
 201      4FC6
 202 0048 7A569826 		.ascii	"zV\230&\220\261\314\014\254\014K\332\337\3103\26300"
 202      90B1CC0C 
 202      AC0C4BDA 
 202      DFC833B3 
 202      3030
 203 005a 3C5AA9C6 		.ascii	"<Z\251\306\000\000'\302 V"
 203      000027C2 
 203      2056
 204              		.text
 205              		.section	.gnu.lto_.refs.9e80d711,"",%progbits
 206 0000 789C6365 		.ascii	"x\234ce`b\340d`\000\222L\214\374LL\002\014\000\001\230"
 206      6062E064 
 206      6000924C 
 206      8CFC4C4C 
 206      020C0001 
 207 0015 0039     		.ascii	"\0009"
 208              		.text
 209              		.section	.gnu.lto_.decls.9e80d711,"",%progbits
 210 0000 789CDD59 		.ascii	"x\234\335YiPTY\226\316\2337\223}1\320\351\261;\234("
 210      69505459 
 210      96CE9B37 
 210      937D31D0 
 210      E9B13B9C 
 211 0015 A7CA0899 		.ascii	"\247\312\010\231\211h\225\262\246\254\230\350\350\020"
ARM GAS  C:\Users\User\AppData\Local\Temp\ccL08odc.s 			page 16


 211      896895B2 
 211      A6AC98E8 
 211      E810
 212 0023 531D8928 		.ascii	"S\035\211(\247\014P\273~8\221c\001\255L+X\200]U?\246"
 212      A70C50BB 
 212      7E389163 
 212      01AD4C2B 
 212      58805D55 
 213 0039 EA218B80 		.ascii	"\352!\213\200\212\250 $\202\242\210\200\200 \213\340"
 213      8AA82024 
 213      82A28880 
 213      80208BE0 
 214 0049 C22228E0 		.ascii	"\302\"(\340\002\"*\010\262\213\250(\312\242\262\210"
 214      02222A08 
 214      B28BA828 
 214      CAA2B288 
 215 0059 30E72E8F 		.ascii	"0\347.\217\274\371H**\242\243\346Ggp\336{\347\276\357"
 215      BCF9482A 
 215      2AA2A3E6 
 215      476770DE 
 215      7BE7BEEF 
 216 006d 9EF39D73 		.ascii	"\236\363\235s\317\275\357\276\207V\245V\375\323'*U\263"
 216      CFBDEFBE 
 216      8756A556 
 216      FDD3272A 
 216      55B3
 217 007f 56A50A41 		.ascii	"V\245\012A*\325\024\3744*\225*[e\374Y\200\234\0039\017"
 217      2AD514FC 
 217      342A952A 
 217      5B65FC59 
 217      809C0339 
 218 0094 920F5208 		.ascii	"\222\017R\010R\004R\246\232\371\373/\260\341\010\347"
 218      520452A6 
 218      9AF9FB2F 
 218      B0E108E7 
 219 00a4 CD204E20 		.ascii	"\315 N \363@j@\236\200,\006\271\002\362\012\244\033"
 219      F3406A40 
 219      9E802C06 
 219      B902F20A 
 219      A41B
 220 00b6 A4166413 		.ascii	"\244\026d\023\310\000\310 H)\310\020\210\032\344\021"
 220      C800C820 
 220      4829C810 
 220      881AE411 
 221 00c6 48A7E07B 		.ascii	"H\247\340{\004d\202\373\224y(\177\177\001\337\326\012"
 221      046482FB 
 221      9479287F 
 221      7F01DFD6 
 221      0A
 222 00d7 DF4FB8FF 		.ascii	"\337O\270\377\305\334/\361\205\2201\256B\3016\206v-"
 222      C5DC2FF1 
 222      859031AE 
 222      42C13686 
 222      762D
 223 00e9 88159A69 		.ascii	"\210\025\232i\333\017\332\354\270\355\305\212\330d\233"
 223      DB0FDAEC 
 223      B8EDC58A 
ARM GAS  C:\Users\User\AppData\Local\Temp\ccL08odc.s 			page 17


 223      D8649B
 224 00f8 17418A48 		.ascii	"\027A\212H\374 \227\020\313!1\025\006\007K\236\263+"
 224      FC209710 
 224      CB213115 
 224      06074B9E 
 224      B32B
 225 010a 705DCA7D 		.ascii	"p]\312}\234\023|*\177q\030]8p\255D\335\216Z\021\344"
 225      9C137C2A 
 225      7F71185D 
 225      3870AD44 
 225      DD8E5A11 
 226 011f 03CDA1AD 		.ascii	"\003\315\241\255\2149\202\023\021\252N\311?\204h;\264"
 226      8C398213 
 226      11AA4EC9 
 226      3F84683B 
 226      B4
 227 0130 AAE99101 		.ascii	"\252\351\221\001i\023\222{p]\315U57I\377xg$Xd\267\231"
 227      6913927B 
 227      705DCD55 
 227      353749FF 
 227      78672458 
 228 0147 27F9C762 		.ascii	"'\371\307bB<\207\324:\353\215\324F\007\010\211\035\004"
 228      423C87D4 
 228      3AEB8DD4 
 228      46070889 
 228      1D04
 229 0159 838C36BF 		.ascii	"\203\2146\277?\315Oe\014\016\311\321\017\032n\367\332"
 229      3FCD4F65 
 229      0C0EC9D1 
 229      0F1A6EF7 
 229      DA
 230 016a 74A036D2 		.ascii	"t\2406\322\232\274\022\321\266\211\003\245\027\354\260"
 230      9ABC12D1 
 230      B68903A5 
 230      17ECB0
 231 0179 1A91EB8E 		.ascii	"\032\221\353\216\261\364\265K\262$\366\263\372\2031"
 231      B1F4B54B 
 231      B224F6B3 
 231      FA8331
 232 0188 6DD7A746 		.ascii	"m\327\247F\312\035\2430r\262AjP\033\006n'\331\202:\317"
 232      CA1DA330 
 232      72B2416A 
 232      501B066E 
 232      27D9823A 
 233 019d 06CD0175 		.ascii	"\006\315\001u4\350\301U\233\371Gi\257`i\216\032m\376"
 233      34E8C155 
 233      9BF94769 
 233      AF60698E 
 233      1A6DFE
 234 01b0 0DCA420B 		.ascii	"\015\312B\013P&Z\000\316\263\321|8~\243a\226B?D\356"
 234      50265A00 
 234      CEB3D17C 
 234      387EA361 
 234      96423F44 
 235 01c5 B5FF3859 		.ascii	"\265\3778Y*\357\224\312__\373cW^\271\024\012\335,\010"
 235      2AEF94CA 
 235      5F5FFB63 
ARM GAS  C:\Users\User\AppData\Local\Temp\ccL08odc.s 			page 18


 235      575EB914 
 235      0ADD2C08 
 236 01d9 0C65208C 		.ascii	"\014e \214\316\242%\2042\\\3021\035u \224\206\332!\240"
 236      CEA22584 
 236      325CC231 
 236      1D752094 
 236      86DA21A0 
 237 01ed 73E863E8 		.ascii	"s\350c\350\336_\233\227\347\210\367 J\367\347\375\346"
 237      DE5F9B97 
 237      E788F720 
 237      4AF7E7FD 
 237      E6
 238 01fe 9AF8AD4A 		.ascii	"\232\370\255Jk\276g\015~;%\251\274:\363\263\017\271"
 238      6BBE670D 
 238      7E3B25A9 
 238      BC3AF3B3 
 238      0FB9
 239 0210 3D52B80D 		.ascii	"=R\270\015\005\241\034\243\327\034\342\225\\\234\247"
 239      05A11CA3 
 239      D71CE295 
 239      5C9CA7
 240 021f DEBA3A53 		.ascii	"\336\272:S\207l\361[\346\355\310\361\341'\230[\030\372"
 240      876CF15B 
 240      E6EDC8F1 
 240      E127985B 
 240      18FA
 241 0231 5F8354A1 		.ascii	"_\203T\241\246\275\363\214\275\363\344\336\371\264w"
 241      A6BDF38C 
 241      BDF3E4DE 
 241      F9B477
 242 0240 FAF537A9 		.ascii	"\372\3657\251\030G\260\324>\033\210\374\027\350\234"
 242      1847B0D4 
 242      3E1B88FC 
 242      17E89C
 243 024f 4CC3FEE8 		.ascii	"L\303\376\350h\260\224\016\244\027R\013\005F\013\005"
 243      68B0940E 
 243      A417520B 
 243      05460B05 
 244 025f CAA80BA9 		.ascii	"\312\250\013\251\245\216\201\341j[\034\313,\035.O\251"
 244      A58E81E1 
 244      6A5B1CCB 
 244      2C1D2E4F 
 244      A9
 245 0270 B0E2A61A 		.ascii	"\260\342\246\032>2H\345{$)\210q\271`\264tAi\251\210"
 245      3E3248E5 
 245      7B242988 
 245      71B960B4 
 245      744169A9 
 246 0285 5A4A8E7F 		.ascii	"ZJ\216\177\367\334\002\2473K\265\327\357\305[\342\012"
 246      F7DC02A7 
 246      334BB5D7 
 246      EFC55BE2 
 246      0A
 247 0296 AA689E95 		.ascii	"\252h\236\225\015\251!w\344\317\3329A\262BW\220\265"
 247      0DA92177 
 247      E4CFDA39 
 247      41B24257 
ARM GAS  C:\Users\User\AppData\Local\Temp\ccL08odc.s 			page 19


 247      90B5
 248 02a8 2A410A97 		.ascii	"*A\012\227\2449\364r\257$\355\221\006\366D\317\001["
 248      A439F472 
 248      AF24ED91 
 248      06F644CF 
 248      015B
 249 02ba CB17A065 		.ascii	"\313\027\240e\013T\250\0049\323[*t\011\272]\206\254"
 249      0B54A804 
 249      39D35B2A 
 249      7409BA5D 
 249      86AC
 250 02cc 9F916B47 		.ascii	"\237\221kGEn\240\213<!l\010\256e\324\035\266\023\207"
 250      456EA08B 
 250      3C216C08 
 250      AE65D41D 
 250      B61387
 251 02df 8B408CE3 		.ascii	"\213@\214\343Uj2^\361\003\365mjy\274\232\235'\370x\001"
 251      556A325E 
 251      F103F56D 
 251      6A79BC9A 
 251      9D27F878 
 252 02f4 08151BA3 		.ascii	"\010\025\033\243,\2263^F\243k\253\311\310\304P\227\213"
 252      2C96335E 
 252      46A36BAB 
 252      C9C8C450 
 252      978B
 253 0306 6D10991A 		.ascii	"m\020\231\032\216\320\224\363\362\342\230=k\"f\033\016"
 253      8ED094F3 
 253      F2E2983D 
 253      6B22661B 
 253      0E
 254 0317 0E9DB6C4 		.ascii	"\016\235\266\304\361\230*wCr\0231\253j\015\231\035\265"
 254      F1982A77 
 254      43721331 
 254      AB6A0D99 
 254      1DB5
 255 0329 098F1D58 		.ascii	"\011\217\035XU/\214\303j\303\315\246\012\015r\266\241"
 255      552F8CC3 
 255      6AC3CDA6 
 255      0A0D72B6 
 255      A1
 256 033a 319577BC 		.ascii	"1\225w\274\374\243a\210\214X\025\262A\025F\006\213m"
 256      FCA36188 
 256      8C5815B2 
 256      41154606 
 256      8B6D
 257 034c E0184E72 		.ascii	"\340\030Nr\023\035,Y\257S\241k\020P%\004\204\256Cv\300"
 257      131D2C59 
 257      AF53A16B 
 257      10502504 
 257      84AE4376 
 258 0361 2BC1A1AB 		.ascii	"+\301\241\253\320X\016\215\340%\343\364\241S\0268CC"
 258      D0580E8D 
 258      E025E3F4 
 258      A1531638 
 258      4343
 259 0373 18A8AB4A 		.ascii	"\030\250\253J\037=\324 \033g\263\006n\2301\300\3104"
ARM GAS  C:\Users\User\AppData\Local\Temp\ccL08odc.s 			page 20


 259      1F3DD420 
 259      1B67B306 
 259      6E9831C0 
 259      C834
 260 0385 457DF2EC 		.ascii	"E}\362\354!!S\003d\252\215d\200\0339A+8z\025\362\244"
 260      21215303 
 260      64AA8D64 
 260      801B3941 
 260      2B387A15 
 261 039b D3964537 		.ascii	"\323\226E7\037\324\240\302\224\203v8KK#?\321:\230m\211"
 261      1FD4A0C2 
 261      94837638 
 261      4B4B233F 
 261      D13A986D 
 262 03b0 CF53457D 		.ascii	"\317SE}\365\301\311\014{d\347\0349M\202L\244i\032u@"
 262      F5C1C90C 
 262      7B64E71C 
 262      394D824C 
 262      A4691A75 
 263 03c5 63931D77 		.ascii	"c\223\035w\301\375\347\340\332\307P\020\032T\213\354"
 263      C1FDE7E0 
 263      DAC75010 
 263      1A548BEC 
 264 03d5 D06D2381 		.ascii	"\320m#\201Mvl\364\216\306\235}h\215\217X\260\234\363"
 264      4D766CF4 
 264      8EC69D7D 
 264      688D8F58 
 264      B09CF3
 265 03e8 D5C289AD 		.ascii	"\325\302\211\255\026/\022[Z\354\360Qv/\277z\260\332"
 265      162F125B 
 265      5AECF051 
 265      762FBF7A 
 265      B0DA
 266 03fa 1A273125 		.ascii	"\032'1%\341\362\233\233Z\006\264\002\265\271>w\237\003"
 266      E1F29B9B 
 266      5A06B402 
 266      B5B93E77 
 266      9F03
 267 040c 3EC9EE85 		.ascii	">\311\356\205\245T\216\331\343\323LI\357\353\230\300"
 267      A5548ED9 
 267      E3D34C49 
 267      EFEB98C0 
 268 041c 388D29EF 		.ascii	"8\215)\357/^\227\254\360Y\246\244U7W;\342l\246\310\003"
 268      2F5E97AC 
 268      F059A6A4 
 268      5537573B 
 268      E26CA6C8 
 269 0431 EA440714 		.ascii	"\352D\007\024\235{V\226h\303\306W\202U\314\246\365\316"
 269      9D7B5696 
 269      68C3C657 
 269      8255CCA6 
 269      F5CE
 270 0443 D34947B4 		.ascii	"\323IG\264\210\376\234\347.Zt\212\304\017\213\203\363"
 270      88FE9CE7 
 270      2E5A748A 
 270      C40F8B83 
 270      F3
ARM GAS  C:\Users\User\AppData\Local\Temp\ccL08odc.s 			page 21


 271 0454 C3861E49 		.ascii	"\303\206\036I:lG\203\273\005\301u\243\271\306t\334\244"
 271      3A6C4783 
 271      BB05C175 
 271      A3B9C674 
 271      DCA4
 272 0466 C57A8D1C 		.ascii	"\305z\215\034U\254G\305\3270\011C0\205\337U\302\353"
 272      55AC47C5 
 272      D7300943 
 272      3085DF55 
 272      C2EB
 273 0478 67C0FBBE 		.ascii	"g\300\373\2762\302\037(\341\367(\334\305\210n\021\320"
 273      32C21F28 
 273      E1F728DC 
 273      C5886E11 
 273      D0
 274 0489 4D4AF452 		.ascii	"MJ\364R\005xH\000\3377oZdrS ~\307|\234\3248\033\364"
 274      05784800 
 274      DF376F5A 
 274      64725320 
 274      7EC77C9C 
 275 04a1 C63B7382 		.ascii	"\306;s\202$\011\021\224\212\2177\371\035\"7\243%i\245"
 275      24091194 
 275      8A8F37F9 
 275      1D2237A3 
 275      2569A5
 276 04b4 46855AA0 		.ascii	"F\205Z\240s3\351\374\220[\003\030\352\202\372iG\213"
 276      7333E9FC 
 276      905B0318 
 276      EA82FA69 
 276      478B
 277 04c6 500F481B 		.ascii	"P\017H\033H\007\310c\220V\220N\220Gh\0215\3048M\336"
 277      4807C863 
 277      9056904E 
 277      90476811 
 277      35C4384D 
 278 04db 713A1C2C 		.ascii	"q:\034,\325,\243\244\032\314gS\210\270[\210\270\321"
 278      D52CA3A4 
 278      1ACC6753 
 278      88B85B88 
 278      B8D1
 279 04ed 6C7A58C0 		.ascii	"lzX\300\244\356\342:\232\260\235P\344\"V\205\236 ;\272"
 279      A4EEE23A 
 279      9AB09D50 
 279      E4225685 
 279      9E203BBA 
 280 0501 92C019C0 		.ascii	"\222\300\031\300E\203Ia\330&\234\306F\301PCFl/\231g"
 280      45834961 
 280      D8269CC6 
 280      46C15043 
 280      466C2F99 
 281 0516 609EAE5C 		.ascii	"`\236\256\\\200\256\030\312M\263c\205\206\205\2317\217"
 281      80AE18CA 
 281      4DB36385 
 281      86859937 
 281      8F
 282 0527 CDBC07A3 		.ascii	"\315\274\007\243%\343v\370\"\255IMg\312\320\013\013"
 282      25E376F8 
ARM GAS  C:\Users\User\AppData\Local\Temp\ccL08odc.s 			page 22


 282      22AD494D 
 282      67CAD00B 
 282      0B
 283 0538 E40CABAC 		.ascii	"\344\014\253\254\015\210\260^\276\204\251\374\334\270"
 283      0D88B05E 
 283      BE84A9FC 
 283      DCB8
 284 0546 5ED29577 		.ascii	"^\322\225w\340'\322\314\226\227\201S\022\236?\275\364"
 284      E027D2CC 
 284      96978153 
 284      129E3FBD 
 284      F4
 285 0557 F641525F 		.ascii	"\366AR_R\026\375\300\352\005\320 K6i\001\207\321\243"
 285      5216FDC0 
 285      EA05D020 
 285      4B366901 
 285      87D1A3
 286 056a D961164E 		.ascii	"\331a\026N\321|`\026\"j\373\031\340\236R\366\257\220"
 286      D17C6016 
 286      226AFB19 
 286      E09E52F6 
 286      AF90
 287 057c 931C0355 		.ascii	"\223\034\003U\240G\344\205{\355\232Y\303}-\207\273\214"
 287      A047E485 
 287      7BED9A59 
 287      C37D2D87 
 287      BB8C
 288 058e 46BBBFFF 		.ascii	"F\273\277\377n\274\235\322\274q\035\037\240\346_3\363"
 288      6EBC9DD2 
 288      BC711D1F 
 288      A0E65F33 
 288      F3
 289 059f 03D47CE7 		.ascii	"\003\324|\347\350\301)G1\365d\0317\332\037\344\251\037"
 289      E8C12947 
 289      31F56419 
 289      37DA1FE4 
 289      A91F
 290 05b1 A4A9EF18 		.ascii	"\244\251\357\030mj\267\023\301\271&\340!\016\036\242"
 290      6D6AB713 
 290      C1B926E0 
 290      210E1EA2 
 291 05c1 E0C6D686 		.ascii	"\340\306\326\206xk\\\312\346\373\331\354\343\271\016"
 291      786B5CCA 
 291      E6FBD9EC 
 291      E3B90E
 292 05d0 B88629FB 		.ascii	"\270\206)\373**\023-4\260m{C\223\012-\305iO\317\331"
 292      2A2A132D 
 292      34B06D7B 
 292      43930A2D 
 292      C5694FCF 
 293 05e5 8BCF9F1A 		.ascii	"\213\317\237\032\023\336\357L\236?#G2\0378\362}\312"
 293      13DEEF4C 
 293      9E3F2347 
 293      321F38F2 
 293      7DCA
 294 05f7 480BCE4A 		.ascii	"H\013\316J\355\330/%\007I+k\324\004\210\206\3455\017"
 294      EDD82F25 
ARM GAS  C:\Users\User\AppData\Local\Temp\ccL08odc.s 			page 23


 294      07492B6B 
 294      D4048886 
 294      E5350F
 295 060a BD451AA2 		.ascii	"\275E\032\242\231>lG\350\343\350\345\231\2469\270\310"
 295      993E6C47 
 295      E8E3E8E5 
 295      99A639B8 
 295      C8
 296 061b 72163A15 		.ascii	"r\026:\025c\035s4j\266\\\023\267\344\011\231\233\371"
 296      631D7334 
 296      6AB65C13 
 296      B7E40999 
 296      9BF9
 297 062d C161D60D 		.ascii	"\301a\326\015\315{Jp\034q\206w\372\357\236\263\346\014"
 297      CD7B4A70 
 297      1C718677 
 297      FAEF9EB3 
 297      E60C
 298 063f 1BB39CE2 		.ascii	"\033\263\234\342\350\226\"\3724\"84:\315o\014\370\215"
 298      E89622FA 
 298      34223834 
 298      3ACD6F0C 
 298      F88D
 299 0651 2AF94D50 		.ascii	"*\371MP~=\357\263/\361\365\321\202\204\234\223\\g?k"
 299      7E3DEFB3 
 299      2FF1F5D1 
 299      82849C93 
 299      5C673F6B 
 300 0665 114CCA45 		.ascii	"\021L\312E\360\201\325\374\233\310\320\021\376\360\264"
 300      F081D5FC 
 300      9BC8D011 
 300      FEF0B4
 301 0674 244B726F 		.ascii	"$Krob\224\035\253\371/@}T\237Ue\257\254\021I\275\000"
 301      62941DAB 
 301      F92F407D 
 301      549F5565 
 301      AFAC1149 
 302 068a 4D516341 		.ascii	"MQcAj'\331$U\240\307\215\236\354\012\007|\225e\313\320"
 302      6A27D924 
 302      55A0C78D 
 302      9EEC0A07 
 302      7C9565CB 
 303 069f F2225E8E 		.ascii	"\362\"^\216\255:sYz\360-\226}V\014{\324\323\017\034"
 303      AD3A7359 
 303      7AF02D96 
 303      7D560C7B 
 303      D4D30F1C 
 304 06b3 B8348D2C 		.ascii	"\2704\215,XM\"\353<\361\364\210=nd\306n\225\246<\320"
 304      584D22EB 
 304      3CF1F488 
 304      3D6E64C6 
 304      6E95A63C 
 305 06c8 72630D49 		.ascii	"rc\015I\230\355\230N\262\035S\210\321T\210\322T(5\325"
 305      98ED984E 
 305      B21D5388 
 305      D15488D2 
 305      542835D5 
ARM GAS  C:\Users\User\AppData\Local\Temp\ccL08odc.s 			page 24


 306 06dc D45BE185 		.ascii	"\324[\341\205\273g\033\304\336cGsm\215e\022\225\321"
 306      BB671BC4 
 306      DE634773 
 306      6D8D6512 
 306      95D1
 307 06ee 3E5D2664 		.ascii	">]&d\030\302d\363h\257ZC4S\017\341\324CUT[\014\177\354"
 307      18C264F3 
 307      68AF5A43 
 307      34530FE1 
 307      D4435554 
 308 0706 A56B41AF 		.ascii	"\245kA\257{\\\031\311\237\227\311Do\213x\345\212\007"
 308      7B5C19C9 
 308      9F97C944 
 308      6F8B78E5 
 308      8A07
 309 0718 18839F9F 		.ascii	"\030\203\237\237\250\373\325|\214\226\322!\352\271\223"
 309      A8FBD57C 
 309      8C96D221 
 309      EAB993
 310 0727 9BEFC807 		.ascii	"\233\357\310\007!XZ\250\241\225fD\037\240\203@\373\020"
 310      21585AA8 
 310      A1956644 
 310      1FA08340 
 310      FB10
 311 0739 74776277 		.ascii	"twbw\243=\036g~\302\263\242*\351\372\027\374\213\266"
 311      A33D1E67 
 311      7EC2B3A2 
 311      2AE9FA17 
 311      FC8BB6
 312 074c 25D02324 		.ascii	"%\320#$\273\255\235\257\201\361\204uhZg\025\302AV\324"
 312      BBAD9DAF 
 312      81F18475 
 312      685A6715 
 312      C24156D4 
 313 0760 DC48587B 		.ascii	"\334HX{+\306aL\311\030\314\017\346\361E\023\344\300"
 313      2BC6614C 
 313      C918CC0F 
 313      E6F14513 
 313      E4C0
 314 0772 A1D84847 		.ascii	"\241\330HG|\200\335LLz\377;\034\303\256\317\266e\026"
 314      7C80DD4C 
 314      4C7AFF3B 
 314      1CC3AECF 
 314      B66516
 315 0785 5A33E028 		.ascii	"Z3\340(\331\240\345^\011\351\347\033\264rD^]\322{\177"
 315      D9A0E55E 
 315      09E9E71B 
 315      B472445E 
 315      5DD27B7F 
 316 0799 838F31EC 		.ascii	"\203\2171\354\215\323\227&\270{b\263\377px\337\354\265"
 316      8DD39726 
 316      B87B62B3 
 316      FF7078DF 
 316      ECB5
 317 07ab 9C20E7C9 		.ascii	"\234 \347\311\240\246\334o\034~\222\346`\254V\226\250"
 317      A0A6DC6F 
 317      1C7E92E6 
ARM GAS  C:\Users\User\AppData\Local\Temp\ccL08odc.s 			page 25


 317      60AC5696 
 317      A8
 318 07bc 38A856F6 		.ascii	"8\250V\366\020<F\023\225 '\352q\312\365!\013\346j\200"
 318      103C4613 
 318      952027EA 
 318      71CAF521 
 318      0BE66A80 
 319 07d0 D00ABB7B 		.ascii	"\320\012\273{\344#\234\312h\034\277\237\024\256\305"
 319      E4239CCA 
 319      681CBF9F 
 319      14AEC5
 320 07df 594C9930 		.ascii	"YL\2310D\227#\006|F\200\011\025\206\355\270\220\335"
 320      44972306 
 320      7C468009 
 320      1586EDB8 
 320      90DD
 321 07f1 EB1DEE79 		.ascii	"\353\035\356y\214\360e\2464\366\265w\360\271\324I\200"
 321      8CF065A6 
 321      34F6B577 
 321      F0B9D449 
 321      80
 322 0802 CFEEA53E 		.ascii	"\317\356\245>\325\342J\216\214\275\\b\205o1\345A\314"
 322      D5E24A8E 
 322      8CBD5C62 
 322      856F31E5 
 322      41CC
 323 0814 ED380D43 		.ascii	"\3558\015C>$\310\311\314\324Ik|\227\335\3543\334Kv\300"
 323      3E24C8C9 
 323      CCD4496B 
 323      7C97DDEC 
 323      33DC4B76 
 324 0829 CD4C4979 		.ascii	"\315LIyw\276\200O\356z\202\234\252\030yh\217\273\330"
 324      77BE804F 
 324      EE7A829C 
 324      AA187968 
 324      8FBBD8
 325 083c CDA7F733 		.ascii	"\315\247\3673\203-\360\013\246\024\236\311?\313\221"
 325      832DF00B 
 325      A6149EC9 
 325      3FCB91
 326 084b 35049934 		.ascii	"5\004\23141\021\242\301\303\354f\277a\340\276#\376\300"
 326      3111A2C1 
 326      C3EC66BF 
 326      61E0BE23 
 326      FEC0
 327 085d 94E4C943 		.ascii	"\224\344\311C\247l\345\252\010\377%UQ\325\225\222\300"
 327      A76CE5AA 
 327      08FF2555 
 327      51D59592 
 327      C0
 328 086e 87B09CD8 		.ascii	"\207\260\234\330~w\245\034\034\007[\263Y\036V\261\327"
 328      7E77A51C 
 328      1C075BB3 
 328      591E56B1 
 328      D7
 329 087f 02473025 		.ascii	"\002G0%\256\177\354w\014(\021\340\301\340\366\037\231"
 329      AE7FEC77 
ARM GAS  C:\Users\User\AppData\Local\Temp\ccL08odc.s 			page 26


 329      0C2811E0 
 329      C1E0F61F 
 329      99
 330 0890 FA07F2C8 		.ascii	"\372\007\362\310\211O\213\266`#\337I\236\260\225\303"
 330      894F8BB6 
 330      6023DF49 
 330      9EB095C3 
 331 08a0 898376F8 		.ascii	"\211\203v\370 \353\371\2415hR\315\260\016d?\270\247"
 331      20EBF9A1 
 331      356852CD 
 331      B00E643F 
 331      B8A7
 332 08b2 3D6AF6A1 		.ascii	"=j\366\241/\222\207\376\002\033\372;\251\321\301\032"
 332      2F9287FE 
 332      021BFA3B 
 332      A9D1C11A 
 333 08c2 E5D017C0 		.ascii	"\345\320\027\300\320\347\253\011\274\230\016}\221<\364"
 333      D0E7AB09 
 333      BC980E7D 
 333      913CF4
 334 08d1 F9572383 		.ascii	"\371W#\203\035\261\201\371\315\252\255n\345\243\026"
 334      1DB181F9 
 334      CDAAAD6E 
 334      E5A316
 335 08e0 4ECA31FB 		.ascii	"N\3121\373J\177\004\217\365\015yK\216\254\356\311qd"
 335      4A7F048F 
 335      F50D794B 
 335      8EACEEC9 
 335      7164
 336 08f2 A493FF91 		.ascii	"\244\223\377\221\354\300\237\345\356\305\3708\353\234"
 336      ECC09FE5 
 336      EEC5F838 
 336      EB9C
 337 0900 19D69C64 		.ascii	"\031\326\234d\305\300\255D\177^\\\326h5+\3532\231u)"
 337      C5C0AD44 
 337      7F5E5CD6 
 337      68352BEB 
 337      32997529 
 338 0914 639D70FF 		.ascii	"c\235p\377Z\250\245\222\365\025`}\231\262.\247\254\313"
 338      5AA8A592 
 338      F515607D 
 338      99B22EA7 
 338      ACCB
 339 0926 64D67D6F 		.ascii	"d\326}o\237LY\341t\346\370B\357\215*\033\236h\302:\261"
 339      9F4C59E1 
 339      74E6F842 
 339      EF8D2A1B 
 339      9E68C23A 
 340 093b E0C8FFE0 		.ascii	"\340\310\377\340s<\242\301C\251\010\0272%\274k\357="
 340      733CA2C1 
 340      43A90817 
 340      3225BC6B 
 340      EF3D
 341 094d 0E1CA51F 		.ascii	"\016\034\245\037\007\366\035\252u\300W\330\315\252\243"
 341      07F61DAA 
 341      75C057D8 
 341      CDAAA3
ARM GAS  C:\Users\User\AppData\Local\Temp\ccL08odc.s 			page 27


 342 095c C762AD71 		.ascii	"\307b\255q9S\246\2367\247\360\300\007\210\336\325\366"
 342      3953A69E 
 342      37A7F0C0 
 342      0788DED5 
 342      F6
 343 096d 34D20157 		.ascii	"4\322\001W\261\233{.7\037\342\237\016:\351\246|\"\251"
 343      B19B7B2E 
 343      371FE29F 
 343      0E3AE9A6 
 343      7C22A9
 344 0980 8883E791 		.ascii	"\210\203\347\221\301\353\210\216\266\344I\"t\272\"\217"
 344      C1EB888E 
 344      B6E44922 
 344      74BA228F 
 345 0990 C5215CCF 		.ascii	"\305!\\\317\372N\354+1X\314\232\224:9)\225\254\326\306"
 345      FA4EEC2B 
 345      3158CC9A 
 345      943A3929 
 345      95ACD6C6 
 346 09a4 428A3A91 		.ascii	"B\212:\2212)\267!)\267hR\356\320\244\324\311I\211x\320"
 346      3229B721 
 346      29B76852 
 346      EED0A4D4 
 346      C9498978 
 347 09b9 9A67823E 		.ascii	"\232g\202>\247\376\031\364\275\336\223!|y\251\027\263"
 347      A7FE19F4 
 347      BDDE9321 
 347      7C79A917 
 347      B3
 348 09ca 388F6771 		.ascii	"8\217gq\370`t;\302\017y\346\014C\365\216\263\322\276"
 348      F860743B 
 348      C20F79E6 
 348      0C43F58E 
 348      B3D2BE
 349 09dd 2FD37ECA 		.ascii	"/\323~\312h7\217^o\321*i7\000\021\266\331}@\211\334"
 349      68378F5E 
 349      6FD12A69 
 349      370011B6 
 349      D97D4089 
 350 09f2 9789B4E7 		.ascii	"\227\211\264\347\033z-\225\264gE\357\273^X\305K\264"
 350      1B7A2D95 
 350      B46745EF 
 350      BB5E58C5 
 350      4BB4
 351 0a04 86BE2B15 		.ascii	"\206\276+\025\344\235\325\342\016F3\345X\372y+\334\313"
 351      E49DD5E2 
 351      0E4633E5 
 351      58FA792B 
 351      DCCB
 352 0a16 94A25799 		.ascii	"\224\242W\231E\366|\242\212\372<\256W\034LY\211\373"
 352      45F67CA2 
 352      8AFA3CAE 
 352      571C4C59 
 352      89FB
 353 0a28 1936B624 		.ascii	"\0316\266$\266p\306r\371\0108\260W\2146\265q\003H^\273"
 353      B670C672 
 353      F90838B0 
ARM GAS  C:\Users\User\AppData\Local\Temp\ccL08odc.s 			page 28


 353      578C36B5 
 353      7103485E 
 354 0a3d DE0E5FB2 		.ascii	"\336\016_\262Q2\236\025-\357#\234\330>\"~\354d\237="
 354      51329E15 
 354      2DEF239C 
 354      D83E227E 
 354      EC649F3D 
 355 0a51 7EC3FCF6 		.ascii	"~\303\374\366\277\232\310q\300cL\271\\t\245\212?5\227"
 355      BF9AC871 
 355      C0634CB9 
 355      5C74A58A 
 355      3F3597
 356 0a64 91F99475 		.ascii	"\221\371\224u\265\316\026O\362\272\211>\221o\215C\330"
 356      B5CE164F 
 356      F2BA893E 
 356      916F8D43 
 356      D8
 357 0a75 2BFFB1E1 		.ascii	"+\377\261\341\266\347\274\340\234I )\307\017[\343\010"
 357      B6E7BCE0 
 357      9C492029 
 357      C70F5BE3 
 357      08
 358 0a86 766F2A3A 		.ascii	"vo*:\334`\211\243\230\022S\027\223b\213\2170\345\375"
 358      DC6089A3 
 358      98125317 
 358      93628B8F 
 358      30E5FD
 359 0a99 B39866BE 		.ascii	"\263\230f\276v\333\011U<\217WqyZ\314?c\003\20365\207"
 359      76DB0955 
 359      3C8F5771 
 359      795ACC3F 
 359      63038336 
 360 0aaf 5CE4505B 		.ascii	"\\\344P[\262\373\276\325\361\365\254\203\337/\017\376"
 360      B2FBBED5 
 360      F1F5AC83 
 360      DF2F0FFE 
 361 0abf 4B369173 		.ascii	"K6\221sB{2\3102\260\300\006vFq\306\317\025\013\230\351"
 361      427B32C8 
 361      32B0C006 
 361      764671C6 
 361      CF150B98 
 362 0ad4 82F2E16C 		.ascii	"\202\362\341l\015>N\025\365\205\202\236\004\033\341"
 362      0D3E4E15 
 362      F585829E 
 362      041BE1
 363 0ae3 83C49250 		.ascii	"\203\304\222Px\005W\243!H\347\200q\033\263`\372\203"
 363      780557A3 
 363      2148E780 
 363      711BB360 
 363      FA83
 364 0af5 84E91BC3 		.ascii	"\204\351\033\303\240\332\231X\245\013\364k\310\376+"
 364      A0DA9958 
 364      A50BF46B 
 364      C8FE2B
 365 0b04 4620E344 		.ascii	"F \343D\3725{\234\316<\030b\257\0268L{h\212\372\244"
 365      FA357B9C 
 365      CE3C1862 
ARM GAS  C:\Users\User\AppData\Local\Temp\ccL08odc.s 			page 29


 365      AF16384C 
 365      7B688AFA 
 366 0b19 B8916CDE 		.ascii	"\270\221l\336\336\202\207a\243\207!\365,.\336\230wq"
 366      DE828761 
 366      A38721F5 
 366      2C2EDE98 
 366      7771
 367 0b2b B3E6F601 		.ascii	"\263\346\366\001\215\270\027$\366\372\340\376s:\323"
 367      8DB81724 
 367      F6FAE0FE 
 367      733AD3
 368 0b3a DED102E8 		.ascii	"\336\321\002\350\227K69\313\360\322\222=c~\221\365\024"
 368      974B3639 
 368      CBF0D292 
 368      3D637E91 
 368      F514
 369 0b4c 43F0B856 		.ascii	"C\360\270V\264>\362s\326K\032ZW\342\\\226\334\267u\255"
 369      B43EF273 
 369      D64B1A5A 
 369      57E25C96 
 369      DCB775AD 
 370 0b60 5D081730 		.ascii	"]\010\0270%\344\326\2154K\\\314\224\227\031\2655\026"
 370      25E4D68D 
 370      344B5CCC 
 370      949719B5 
 370      3516
 371 0b72 B894293D 		.ascii	"\270\224)=\275\343\305\030W2\345\314\313S\007\254q\015"
 371      BDE3C518 
 371      5732E5CC 
 371      CB5307AC 
 371      710D
 372 0b84 53AAB36F 		.ascii	"S\252\263o\304\361\245-\213l:&Z\313^\363=p\347\277\222"
 372      C4F1A52D 
 372      8B6C3A26 
 372      5ACB5EF3 
 372      3D70E7BF 
 373 0b99 8DC1EDB2 		.ascii	"\215\301\355\262Z;\\G\301\237\235\211\313*\266\344_"
 373      5A3B5C47 
 373      C19F9D89 
 373      CB2AB6E4 
 373      5F
 374 0baa 1B7EFE37 		.ascii	"\033~\3767\227\177\222\220\365SRH\260T\376\264E[v>\375"
 374      977F9290 
 374      F5535248 
 374      B054FEB4 
 374      455B763E 
 375 0bbf 4690747A 		.ascii	"F\220tz>:\010!&\301\200\234\301\302\333n\242Z|\277\217"
 375      3E3A0821 
 375      26C1809C 
 375      C1C2DB6E 
 375      A25A7CBF 
 376 0bd4 812E43E1 		.ascii	"\201.C\341\230\275\035\223\031\367P\211o2\301\223\001"
 376      98BD1D93 
 376      19F75089 
 376      6F32C193 
 376      01
 377 0be5 1F8FE478 		.ascii	"\037\217\344x\330\031\242\014%>}\206\375\226H\301~\256"
ARM GAS  C:\Users\User\AppData\Local\Temp\ccL08odc.s 			page 30


 377      D819A20C 
 377      253E7D86 
 377      FD9648C1 
 377      7EAE
 378 0bf7 129F6382 		.ascii	"\022\237c\202'!\214\377\310\340\204\376\007%|\251\022"
 378      27218CFF 
 378      C8E084FE 
 378      07257CA9 
 378      12
 379 0c08 DD17818D 		.ascii	"\335\027\201\215\360J%\274b\206\365\276\237\214\360"
 379      F04A25BC 
 379      6286F5BE 
 379      9F8CF0
 380 0c17 674A7833 		.ascii	"gJx3R\302[\366\011\346S\224\370S3\314W\204\013\370\036"
 380      52C25BF6 
 380      09E65394 
 380      F85333CC 
 380      57840BF8 
 381 0c2c 25BE5B2D 		.ascii	"%\276[-|\230\240lD\363\311J\370\211\031\346o\212\370"
 381      7C98A06C 
 381      44F3C94A 
 381      F88919E6 
 381      6F8AF8
 382 0c3f 334A7CEA 		.ascii	"3J|\352L:\">\315<^\244\263_\200G)\341\221J\370\270\010"
 382      4C3A223E 
 382      CD3C5EA4 
 382      B35F8047 
 382      29E1914A 
 383 0c56 0FC20A78 		.ascii	"\017\302\012x\204\022>$\244\376\251\322\370\023%\272"
 383      84123E24 
 383      A4FEA9D2 
 383      F81325BA 
 384 0c66 42404F28 		.ascii	"B@O(\321&\037\300h\021\377h\254\261I\263E\343b\254\340"
 384      D1261FC0 
 384      6811FF68 
 384      ACB149B3 
 384      45E362AC 
 385 0c7b 9B913888 		.ascii	"\233\2218\210\242a\337\206\0129Z\336\315\241\274\031"
 385      A261DF86 
 385      0A395ADE 
 385      CDA1BC19 
 386 0c8b 596C1007 		.ascii	"Yl\020\007\265Ki\275C\255\340\322'N\250f\363\023J`\323"
 386      B54B69BD 
 386      43ADE0D2 
 386      274EA866 
 386      F3134A60 
 387 0ca0 27CEA72C 		.ascii	"'\316\247,%<s\306\374\273\031!\340o(\36153\330w\213"
 387      253C73C6 
 387      FCBB1921 
 387      E06F28F1 
 387      3533D877 
 388 0cb5 A3744889 		.ascii	"\243tH\211\217\236\031\255\220\370q%\334\344\323\032"
 388      8F9E19AD 
 388      90F87125 
 388      DCE4D31A 
 389 0cc5 1D5471FE 		.ascii	"\035Tq\376]U\302/)\203\255\330\317S\017oK(\236\303\345"
 389      5D55C22F 
ARM GAS  C:\Users\User\AppData\Local\Temp\ccL08odc.s 			page 31


 389      2983ADD8 
 389      CF530F6F 
 389      4B289EC3 
 390 0cda 772874D4 		.ascii	"w(t\324\244\010\000\330\375\023\034\2020\032\005\364"
 390      A40800D8 
 390      FD131C82 
 390      301A05F4 
 391 0cea 0B8E9657 		.ascii	"\013\216\226Wm\361\333#\217T\254\366\223\346g\223X\276"
 391      6DF1DB23 
 391      8F54ACF6 
 391      93E66793 
 391      58BE
 392 0cfc 42A0BDE6 		.ascii	"B\240\275\346\353\321$/b\036c\224\370#3\347\252`\376"
 392      EBD1242F 
 392      621E6394 
 392      F82333E7 
 392      AA60FE
 393 0d0f BDF90236 		.ascii	"\275\371\0026\201\213E\366\330\374\312!.\253\335\342"
 393      818B45F6 
 393      D8FCCA21 
 393      2EABDDE2 
 394 0d1f B29A6DBE 		.ascii	"\262\232m\276l\204\242l\210\020\340\325J\370\365\031"
 394      6C84A26C 
 394      8810E0D5 
 394      4AF8F519 
 395 0d2f 70D1FA79 		.ascii	"p\321\372y\363\213\266\220\312\026!\3261\3635\303\270"
 395      F38BB690 
 395      CA1621D6 
 395      31F335C3 
 395      B8
 396 0d40 8BDF8125 		.ascii	"\213\337\201%\274\000MQK\004N>\002gcgt\030/Ba \207@"
 396      BC004D51 
 396      4B044E3E 
 396      02676367 
 396      74182F42 
 397 0d58 92410C20 		.ascii	"\222A\014 \251 \211 \341 \321 \307A\"AN\202\304\200"
 397      A9208920 
 397      E120D120 
 397      C7412241 
 397      4E82C480 
 398 0d6c E482E481 		.ascii	"\344\202\344\201\304\202\004\203\244\201\024\200\304"
 398      C4820483 
 398      A4811480 
 398      C4
 399 0d79 81A480E4 		.ascii	"\201\244\200\344\200\234\005\331\013\222\000r\036$\023"
 399      809C05D9 
 399      0B920072 
 399      1E2413
 400 0d88 E408C869 		.ascii	"\344\010\310i\220P\220S GA2@B@\016\200\354\007)\004"
 400      90509053 
 400      20474132 
 400      4042400E 
 400      80EC0729 
 401 0d9d 89004902 		.ascii	"\211\000I\002\331\007\222\017\262\007\344\030H\026\310"
 401      D907920F 
 401      B207E418 
 401      4816C8
ARM GAS  C:\Users\User\AppData\Local\Temp\ccL08odc.s 			page 32


 402 0dac 09907320 		.ascii	"\011\220s \361 Q \351 \007\261\374\261:\006\352w<\234"
 402      F1205120 
 402      E92007B1 
 402      FCB13A06 
 402      EA773C9C 
 403 0dc0 D77C2354 		.ascii	"\327|#T\361=\236\035y3\216\356*\247\310\320~a~\3573"
 403      F13D9E1D 
 403      79338EEE 
 403      2AA7C8D0 
 403      7E617EEF 
 404 0dd5 BF088B85 		.ascii	"\277\010\213\2053\024)\024\316Y\363\317cad\273\305B"
 404      33142914 
 404      CE59F3CF 
 404      636164BB 
 404      C542
 405 0de7 B866FE81 		.ascii	"\270f\376\201).\303\242\365\213Jx\236\022~S\234$\261"
 405      292EC3A2 
 405      F58B4A78 
 405      9E127E53 
 405      9C24B1
 406 0dfa E62789F0 		.ascii	"\346'\211\360\337\202\336I'\372\337\002@\211\377-`\266"
 406      DF82DE49 
 406      27FADF02 
 406      4089FF2D 
 406      60B6
 407 0e0c DAF7E3B3 		.ascii	"\332\367\343\263y\222\024aA\215\0356\277r\011\221\265"
 407      79921461 
 407      418D1D36 
 407      BF720991 
 407      B5
 408 0e1d 88915599 		.ascii	"\210\221U\231/q\223g\2738\343:\315/\353&\033\237\010"
 408      2F719367 
 408      BB38E33A 
 408      CD2FEB26 
 408      1B9F08
 409 0e30 3E8EF0E2 		.ascii	">\216\360\342\214J8^~\235\346K\335\364\014%\213\227"
 409      8C4A385E 
 409      7E9DE64B 
 409      DDF40C25 
 409      8B97
 410 0e42 3CEEED80 		.ascii	"<\356\355\200o\345x\371\225\006\265\314x<\212\253\327"
 410      6FE578F9 
 410      9506B5CC 
 410      783C8AAB 
 410      D7
 411 0e53 71F3FB36 		.ascii	"q\363\3736\027\243\365\012\231M=X\257\345p\371\315\024"
 411      17A3F50A 
 411      994D3D58 
 411      AFE570F9 
 411      CD14
 412 0e65 DD545A6F 		.ascii	"\335TZo\020\255\2376\277\221\241p\362i\261#\266N\203"
 412      10AD9F36 
 412      BF91A170 
 412      F269B123 
 412      B64E83
 413 0e78 0B6CE96E 		.ascii	"\013l\351n\377n\327\273\243Z4\327\331\334\314E\3050"
 413      FF6ED7BB 
ARM GAS  C:\Users\User\AppData\Local\Temp\ccL08odc.s 			page 33


 413      A35A34D7 
 413      D9DCCC45 
 413      C530
 414 0e8a 61FF5E27 		.ascii	"a\377^'/\253\320\252\0038\230Th\021Dy\001O\277\335\220"
 414      2FABD0AA 
 414      03389854 
 414      68114479 
 414      014FBFDD 
 415 0e9f 82A5B9BA 		.ascii	"\202\245\271\272\177\277\371\200V\374?D\221\220W\025"
 415      7FBFF980 
 415      56FC3F44 
 415      91905715 
 416 0eaf BA88D9FF 		.ascii	"\272\210\331\377!\340\034g\346\237\026\331&\377\264"
 416      21E01C67 
 416      E69F16D9 
 416      26FFB4
 417 0ebe B8C4C197 		.ascii	"\270\304\301\227(\270\362]c\266%.\261e\377\330\214\311"
 417      28B8F25D 
 417      63B6252E 
 417      B165FFD8 
 417      8CC9
 418 0ed0 98D44E7F 		.ascii	"\230\324N\177\352^t\302\364S\367e#1\2704\375z|\005\223"
 418      EA5E74C2 
 418      F453F765 
 418      2331B834 
 418      FD7A7C05 
 419 0ee5 AFC76746 		.ascii	"\257\307gFF\3679\340zf,\364\303P\247\203\374\251;\301"
 419      46F739E0 
 419      7A662CF4 
 419      C350A783 
 419      FCA93BC1 
 420 0ef9 F4537789 		.ascii	"\364Sw\211\321T\211\322T)\376X\365[\375.?\377@\275\217"
 420      D15489D2 
 420      5429FE58 
 420      F55BFD2E 
 420      3FFF40BD 
 421 0f0e FFB77AEF 		.ascii	"\377\267z\357]>;\374\266\355\366^\262k\253\177\340\222"
 421      5D3E3BFC 
 421      B6EDF65E 
 421      B26BAB7F 
 421      E092
 422 0f20 6556FFF1 		.ascii	"eV\377\361\237\233\026\352\\\\T[t\377\276\305s\273\317"
 422      9F9B16EA 
 422      5C5C545B 
 422      74FFBEC5 
 422      73BBCF
 423 0f33 373E5B74 		.ascii	"7>[t\344\350\021\270\333\313\307\317e\305_\227\353\277"
 423      E4E811B8 
 423      DBCBC7CF 
 423      65C55F97 
 423      EBBF
 424 0f45 F3F1F5F2 		.ascii	"\363\361\365\362\373.@lgH\277\000\227\025\237/\365\013"
 424      FB2E406C 
 424      6748BF00 
 424      97159F2F 
 424      F50B
 425 0f57 58EAE9B7 		.ascii	"X\352\351\267s\247\237\357R\342#`\251\253\373z\335\372"
ARM GAS  C:\Users\User\AppData\Local\Temp\ccL08odc.s 			page 34


 425      73A79FEF 
 425      52E22360 
 425      A9ABFB7A 
 425      DDFA
 426 0f69 EF977A6E 		.ascii	"\357\227zn\367\364\363\367\326\377u\305\316%\236\252"
 426      F7F4F3F7 
 426      D6FF75C5 
 426      CE259EAA 
 427 0f79 7F60FE03 		.ascii	"\177`\376\003\276\363\011\364\334\256\377\263\277\337"
 427      BEF309F4 
 427      DCAEFFB3 
 427      BFDF
 428 0f87 4EBD4F80 		.ascii	"N\275O\200\377\257\350r\273j.s\351\375\275O\340\264"
 428      FFAFE872 
 428      BB6A2E73 
 428      E9FDBD4F 
 428      E0B4
 429 0f99 435B8FCD 		.ascii	"C[\217\315:\375\272"
 429      3AFDBA
 430 0fa0 ADBE5E3B 		.ascii	"\255\276^;\274\375\235f\246\344\267\236\333=<\267\273"
 430      BCFD9D66 
 430      A6E4B79E 
 430      DB3D3CB7 
 430      BB
 431 0fb1 056CF0F7 		.ascii	"\005l\360\367\366\336\271+\320\307\317\327\335\373\333"
 431      F6DEB92B 
 431      D0C7CFD7 
 431      DDFBDB
 432 0fc0 DD3EFEDE 		.ascii	"\335>\376\336^Z\375*?\277\035_\375\015|\375\003\227"
 432      5E5AFD2A 
 432      3FBF1D5F 
 432      FD0D7CFD 
 432      0397
 433 0fd2 FAF87AEE 		.ascii	"\372\370z\356\330\355\345\0154\003<\267{\001E\033\275"
 433      D8EDE50D 
 433      34033CB7 
 433      7B01451B 
 433      BD
 434 0fe3 7EB78F6F 		.ascii	"~\267\217o\340\362O\365\201!\310S\266M\217\0013m\013"
 434      E0F24FF5 
 434      8121C853 
 434      B64D8F01 
 434      336D0B
 435 0ff6 ED5B0281 		.ascii	"\355[\002\201M\300\226m\276\273"
 435      4DC0966D 
 435      BEBB
 436 1000 17D2AB85 		.ascii	"\027\322\253\205[\375w.\364\336\371\215\267\227\227"
 436      5BFD772E 
 436      F4DEF98D 
 436      B79797
 437 100f B7D796CF 		.ascii	"\267\327\226\317\227,_\370\3512\227\025\337\272l\201"
 437      972C5FF8 
 437      E9329715 
 437      DFBA6C81 
 438 101f F6DFFBFA 		.ascii	"\366\337\373\372\371z\377\336{+X\346\004\266\354\334"
 438      F97AFFDE 
 438      7B2B58E6 
ARM GAS  C:\Users\User\AppData\Local\Temp\ccL08odc.s 			page 35


 438      04B6ECDC 
 439 102f 0AB67CBD 		.ascii	"\012\266|\275\267\350\275\274\377\274u\367\216@}\340"
 439      B7E8BDBC 
 439      FFBC75F7 
 439      8E407DE0 
 440 103f 0FBBBC03 		.ascii	"\017\273\274\003\200\220\225L\347\207\377G6\001?\004"
 440      8090954C 
 440      E787FF47 
 440      36013F04 
 441 104f 6CD10704 		.ascii	"l\321\007\004z\201k\240\240\371~W\200\277\225\277\367"
 441      7A816BA0 
 441      A0F97E57 
 441      80BF95BF 
 441      F7
 442 1060 3600EB03 		.ascii	"6\000\353\003\277\376U*\004\334\250wyZ\354\360\327\007"
 442      BFFE552A 
 442      04DCA877 
 442      795AECF0 
 442      D707
 443 1072 6EF7C2FE 		.ascii	"n\367\302\376.\237\252\375\227\253\375\341\350\242\366"
 443      2E9FAAFD 
 443      97ABFDE1 
 443      E8A2F6
 444 1081 5F66CBCB 		.ascii	"_f\313\313&\3203\360{\215\347\366\255\376\326z\3756"
 444      26D033F0 
 444      7B8DE7F6 
 444      ADFED67A 
 444      FD36
 445 1093 EF40FD06 		.ascii	"\357@\375\006\217\015\366[w|\267\365\207\000\275\217"
 445      8F0DF65B 
 445      777CB7F5 
 445      8700BD8F 
 446 10a3 EF0E48DF 		.ascii	"\357\016H\337\177\377\355\334\300\313R\335z\0177\017"
 446      7FFFEDDC 
 446      C0CB52DD 
 446      7A0F370F 
 447 10b3 636DEC0C 		.ascii	"cm\354\014\360\011\320o\363\364\004\216\3408\2009\236"
 447      F009D06F 
 447      F3F4048E 
 447      E0388039 
 447      9E
 448 10c4 4739EDF6 		.ascii	"G9\355\366\335\341\347\371\027c1\013\215\366\014\272"
 448      DDE1E7F9 
 448      1763310B 
 448      8DF60CBA 
 449 10d4 CAD563CD 		.ascii	"\312\325c\315\006w7k\3675\036k\3347\257Y\375\205\205"
 449      0677376B 
 449      F7351E6B 
 449      DC37AF59 
 449      FD8585
 450 10e7 EBBA551E 		.ascii	"\353\272U\036:w\215\316U\347N\2567\300i\365F\335z8\271"
 450      3A778DCE 
 450      55E74EAE 
 450      37C069F5 
 450      46DD7A38 
 451 10fc D1D33474 		.ascii	"\321\3234t\205\305j\235\316\315\343OV\344\264~\263\253"
 451      85C56A9D 
ARM GAS  C:\Users\User\AppData\Local\Temp\ccL08odc.s 			page 36


 451      CECDE34F 
 451      56E4B47E 
 451      B3AB
 452 110e 4E0B171E 		.ascii	"N\013\027\036\177\262\204#\321\370y\023\264\272\321"
 452      7FB28423 
 452      D1F87913 
 452      B4BAD1
 453 111d 568AB174 		.ascii	"V\212\261t\243\347M\323V>'-\256_~il\3717\355\372\315"
 453      A3E74DD3 
 453      563E272D 
 453      AE5F7E69 
 453      6CF937ED 
 454 1133 6BDD3FA5 		.ascii	"k\335?\245G\027z\\6}\3573\215\307F7#\205\345Z\335\006"
 454      47177A5C 
 454      367DEF33 
 454      8DC74637 
 454      2385E55A 
 455 1149 C253E7E1 		.ascii	"\302S\347\341\261\346K8\351<\334V\273c\335Fw\255\356"
 455      B1E64B38 
 455      E93CDC56 
 455      BB63DD46 
 455      77ADEE
 456 115c 4BB89AC6 		.ascii	"K\270\232\306-\263t[\255w\363p\205\030V\353\327\257"
 456      2DB3745B 
 456      AD77F370 
 456      851856EB 
 456      D7AF
 457 116e A5275776 		.ascii	"\245'WvZ\315N\033\326\272k\\\327z\270kV\255uu\327\256"
 457      5ACD4E1B 
 457      D6BA6B5C 
 457      D77AB86B 
 457      56AD7575 
 458 1184 5F0F47CD 		.ascii	"_\017G\315j\242\257#\007\035\034\264\036\353tp\351\261"
 458      6AA2AF23 
 458      071D1CB4 
 458      1EEB7470 
 458      E9B1
 459 1196 6E83BB35 		.ascii	"n\203\2735\233\205_\350\003-\371\031\353t\356\030\322"
 459      9B855FE8 
 459      032DF919 
 459      EB74EE18 
 459      D2
 460 11a7 A6757573 		.ascii	"\246uus\207\344m\336\370\225\273\306\015\340\300o\223"
 460      87E46DDE 
 460      F895BBC6 
 460      0DE0C06F 
 460      93
 461 11b8 DB6AADEB 		.ascii	"\333j\255\353*0\240\377UF\237,_\236;W\220\251\350\241"
 461      2A30A0FF 
 461      55469F2C 
 461      5F9E3B57 
 461      90A9E8A1 
 462 11cc 5BA5DF08 		.ascii	"[\245\337\010\363\322\211\016\263\311\310[O7\375\037"
 462      F3D2890E 
 462      B3C9C85B 
 462      4F37FD1F 
 463 11dc 7BF0E985 		.ascii	"{\360\351\205"
ARM GAS  C:\Users\User\AppData\Local\Temp\ccL08odc.s 			page 37


 464              		.text
 465              		.section	.gnu.lto_.symtab.9e80d711,"",%progbits
 466 0000 5356435F 		.ascii	"SVC_Handler\000"
 466      48616E64 
 466      6C657200 
 467 000c 00       		.ascii	"\000"
 468 000d 00       		.ascii	"\000"
 469 000e 00       		.ascii	"\000"
 470 000f 00000000 		.ascii	"\000\000\000\000\000\000\000\000"
 470      00000000 
 471 0017 B5000000 		.ascii	"\265\000\000\000"
 472 001b 5F706F72 		.ascii	"_port_irq_epilogue\000"
 472      745F6972 
 472      715F6570 
 472      696C6F67 
 472      756500
 473 002e 00       		.ascii	"\000"
 474 002f 00       		.ascii	"\000"
 475 0030 00       		.ascii	"\000"
 476 0031 00000000 		.ascii	"\000\000\000\000\000\000\000\000"
 476      00000000 
 477 0039 B7000000 		.ascii	"\267\000\000\000"
 478 003d 5F706F72 		.ascii	"_port_switch_from_isr\000"
 478      745F7377 
 478      69746368 
 478      5F66726F 
 478      6D5F6973 
 479 0053 00       		.ascii	"\000"
 480 0054 02       		.ascii	"\002"
 481 0055 00       		.ascii	"\000"
 482 0056 00000000 		.ascii	"\000\000\000\000\000\000\000\000"
 482      00000000 
 483 005e B1000000 		.ascii	"\261\000\000\000"
 484 0062 5F706F72 		.ascii	"_port_exit_from_isr\000"
 484      745F6578 
 484      69745F66 
 484      726F6D5F 
 484      69737200 
 485 0076 00       		.ascii	"\000"
 486 0077 02       		.ascii	"\002"
 487 0078 00       		.ascii	"\000"
 488 0079 00000000 		.ascii	"\000\000\000\000\000\000\000\000"
 488      00000000 
 489 0081 B3000000 		.ascii	"\263\000\000\000"
 490 0085 63685363 		.ascii	"chSchIsPreemptionRequired\000"
 490      68497350 
 490      7265656D 
 490      7074696F 
 490      6E526571 
 491 009f 00       		.ascii	"\000"
 492 00a0 02       		.ascii	"\002"
 493 00a1 00       		.ascii	"\000"
 494 00a2 00000000 		.ascii	"\000\000\000\000\000\000\000\000"
 494      00000000 
 495 00aa BF000000 		.ascii	"\277\000\000\000"
 496              		.text
 497              		.section	.gnu.lto_.opts,"",%progbits
ARM GAS  C:\Users\User\AppData\Local\Temp\ccL08odc.s 			page 38


 498 0000 272D666D 		.ascii	"'-fmath-errno' '-fsigned-zeros' '-ftrapping-math' '"
 498      6174682D 
 498      6572726E 
 498      6F272027 
 498      2D667369 
 499 0033 2D666E6F 		.ascii	"-fno-trapv' '-fno-openmp' '-fno-openacc' '-mcpu=cor"
 499      2D747261 
 499      70762720 
 499      272D666E 
 499      6F2D6F70 
 500 0066 7465782D 		.ascii	"tex-m7' '-mno-thumb-interwork' '-mthumb' '-ggdb' '-"
 500      6D372720 
 500      272D6D6E 
 500      6F2D7468 
 500      756D622D 
 501 0099 4F322720 		.ascii	"O2' '-fomit-frame-pointer' '-falign-functions=16' '"
 501      272D666F 
 501      6D69742D 
 501      6672616D 
 501      652D706F 
 502 00cc 2D666675 		.ascii	"-ffunction-sections' '-fdata-sections' '-fno-common"
 502      6E637469 
 502      6F6E2D73 
 502      65637469 
 502      6F6E7327 
 503 00ff 2720272D 		.ascii	"' '-flto'\000"
 503      666C746F 
 503      2700
 504              		.text
 505              		.comm	__gnu_lto_v1,1,1
 506              		.comm	__gnu_lto_slim,1,1
 507              		.ident	"GCC: (GNU Tools for ARM Embedded Processors 6-2017-q1-update) 6.3.1 20170215 (release) [AR
ARM GAS  C:\Users\User\AppData\Local\Temp\ccL08odc.s 			page 39


DEFINED SYMBOLS
                            *ABS*:00000000 chcore_v7m.c
                            *COM*:00000001 __gnu_lto_v1
                            *COM*:00000001 __gnu_lto_slim

NO UNDEFINED SYMBOLS
