ARM GAS  C:\Users\User\AppData\Local\Temp\ccDd5Qql.s 			page 1


   1              		.cpu cortex-m7
   2              		.eabi_attribute 20, 1
   3              		.eabi_attribute 21, 1
   4              		.eabi_attribute 23, 3
   5              		.eabi_attribute 24, 1
   6              		.eabi_attribute 25, 1
   7              		.eabi_attribute 26, 1
   8              		.eabi_attribute 30, 2
   9              		.eabi_attribute 34, 1
  10              		.eabi_attribute 18, 4
  11              		.file	"chvt.c"
  12              		.text
  13              	.Ltext0:
  14              		.section	.gnu.lto_.profile.9e808d79,"",%progbits
  15 0000 789C6365 		.ascii	"x\234ce`b`a```dPW\001\000\000\362\000X"
  15      60626061 
  15      60606064 
  15      50570100 
  15      00F20058 
  16              		.text
  17              		.section	.gnu.lto_.icf.9e808d79,"",%progbits
  18 0000 789C6365 		.ascii	"x\234ce`b\020a@\000f\206\276\331\177\366\3613m\352\272"
  18      60621061 
  18      40006686 
  18      BED97FF6 
  18      F1336DEA 
  19 0015 FB949DF9 		.ascii	"\373\224\235\371\320\342=\0279\031\000`_\011\026"
  19      D0E23D17 
  19      39190060 
  19      5F0916
  20              		.text
  21              		.section	.gnu.lto_.jmpfuncs.9e808d79,"",%progbits
  22 0000 789C6365 		.ascii	"x\234ce`b\020e@\000f fba\004\002\376z `\0062\352\031"
  22      60621065 
  22      40006620 
  22      66626104 
  22      02FE7A20 
  23 0019 00174F02 		.ascii	"\000\027O\002\272"
  23      BA
  24              		.text
  25              		.section	.gnu.lto_.inline.9e808d79,"",%progbits
  26 0000 789C6365 		.ascii	"x\234ce`b(`@\000f\006\006v6F\006&\216\003v\014l\013"
  26      60622860 
  26      40006606 
  26      06763646 
  26      06268E03 
  27 0018 E4994062 		.ascii	"\344\231@bL\014\242G\031\200b\362\357^\2603p\257pc\202"
  27      4C0CA247 
  27      198062F2 
  27      EF5EB033 
  27      70AF7063 
  28 002d 28E4E365 		.ascii	"(\344\343edfP`\004i\021\000\222\016`\266\002\007\337"
  28      64665060 
  28      04691100 
  28      920E60B6 
  28      0207DF
  29 0040 865C068E 		.ascii	"\206\\\006\216\017zL\014\214/\330Y $\210\340\00039@"
ARM GAS  C:\Users\User\AppData\Local\Temp\ccDd5Qql.s 			page 2


  29      0F7A4C0C 
  29      8C2FD859 
  29      202488E0 
  29      00333940 
  30 0054 84009829 		.ascii	"\204\000\230)\000\266\017\000K\345\017E"
  30      00B60F00 
  30      4BE50F45 
  31              		.text
  32              		.section	.gnu.lto_.pureconst.9e808d79,"",%progbits
  33 0000 789C6365 		.ascii	"x\234ce`b`g```f\220b\222b\226\002\000\001\316\000e"
  33      60626067 
  33      60606066 
  33      90629262 
  33      96020001 
  34              		.text
  35              		.section	.gnu.lto__vt_init.9e808d79,"",%progbits
  36 0000 789C8D93 		.ascii	"x\234\215\223\317KTQ\024\307\317\367\336q\3461b\313"
  36      CF4B5451 
  36      14C7CFF7 
  36      DE71E631 
  36      62CB
  37 0012 20EA1F70 		.ascii	" \352\037p\323C\204\204\266B\020-\333\012A\343\302!"
  37      D3438484 
  37      B642102D 
  37      DB0A41E3 
  37      C221
  38 0024 686066D2 		.ascii	"h`f\322\345<\245\230tL\333\244\266\220'Z8\375\230\306"
  38      E53CA598 
  38      744CDBA4 
  38      B690275A 
  38      38FD98C6 
  39 0038 E9A7CF6C 		.ascii	"\351\247\317l|M\265\213\254\240U\273\012Q\231\240\205"
  39      7C4DB58B 
  39      ACA055BB 
  39      0A5199A0 
  39      85
  40 0049 9B26743C 		.ascii	"\233&t<\347\216\301l|\316\205\373\356\343|\357=\347"
  40      E78EC16C 
  40      7CCE85FB 
  40      EEE37CEF 
  40      3DE7
  41 005b FBE19EDB 		.ascii	"\373\341\236\333F\212\256h\242\013Dt\222'4A\335\376"
  41      468AAE68 
  41      A20B4474 
  41      92273441 
  41      DDFE
  42 006d 44346C29 		.ascii	"D4l)@~\034\013\224Q\310`ROkT\262\033\236\352\\tx\370"
  42      407E1C0B 
  42      9451C860 
  42      524F6B54 
  42      B21B9EEA 
  43 0085 D3B5134E 		.ascii	"\323\265\023N\336\207\313\307\357\362\224\201Et\022"
  43      DE87CBC7 
  43      EFF29481 
  43      457412
  44 0094 6FFB51DA 		.ascii	"o\373Q\332\273\323\021\0165\342\310#\014^\213_\341;"
  44      BBD3110E 
ARM GAS  C:\Users\User\AppData\Local\Temp\ccDd5Qql.s 			page 3


  44      35E2C823 
  44      0C5E8B5F 
  44      E13B
  45 00a6 7BF5ACE3 		.ascii	"{\365\254\343W\347\341\236\013\023\215\261,5rZ\311\252"
  45      57E7E19E 
  45      0B138DB1 
  45      2C35725A 
  45      C9AA
  46 00b8 B73052CB 		.ascii	"\2670R\313\356\256G\345\004g\231\272QY\217LhW\003\222"
  46      EEAE47E5 
  46      046799BA 
  46      51598F4C 
  46      68570392 
  47 00cc D4F3AADF 		.ascii	"\324\363\252\337#\231]\307\342\300\202$\346\330\366"
  47      23995DC7 
  47      E2C08224 
  47      E6D8F6
  48 00db C76FEFA3 		.ascii	"\307o\357\243.f\331\205\302Cv\371\000\247\2140\261\274"
  48      2E66D985 
  48      C24376F9 
  48      00A78C30 
  48      B1BC
  49 00ed 346AD905 		.ascii	"4j\331\0051:w\334\325\032\217\340b\306\330d\365\303"
  49      313A77DC 
  49      D51A8FE0 
  49      62C6D864 
  49      F5C3
  50 00ff F8977BFF 		.ascii	"\370\227{\377\325\244\253Cx\014{F\213I\024`\267R\353"
  50      D5A4AB43 
  50      780C7B46 
  50      8B491460 
  50      B752EB
  51 0112 C921B5B6 		.ascii	"\311!\265\266\225\024+6\027\313}.O\036\343\\7Y.\263"
  51      95142B36 
  51      17CB7D2E 
  51      4F1EE35C 
  51      37592EB3 
  52 0126 DC8625D8 		.ascii	"\334\206%\330\\\251\204\014\031\342[\245<\016\220\217"
  52      5CA9840C 
  52      19E25BA5 
  52      3C0E908F 
  53 0136 ACFB3488 		.ascii	"\254\3734\210\361Y \343saT\302\370\2425\306\227\201"
  53      F15920E3 
  53      736154C2 
  53      F8A235C6 
  53      9781
  54 0148 8CAF8219 		.ascii	"\214\257\202\031\227\015\243\327`\334\331\034\375\031"
  54      970DA3D7 
  54      60DCD91C 
  54      FD19
  55 0156 6D157125 		.ascii	"m\025q%\010\361u\000b\030\253\202hz\356\215A\274_\373"
  55      08F17500 
  55      6218AB82 
  55      687AEE8D 
  55      41BC5FFB 
  56 016a F7474B07 		.ascii	"\367GK\007EP\257k\2249\353\026*;\233\271\205\366V\335"
  56      4550AF6B 
ARM GAS  C:\Users\User\AppData\Local\Temp\ccDd5Qql.s 			page 4


  56      9439EB16 
  56      2A3B9BB9 
  56      85F656DD 
  57 017e AC05B9F1 		.ascii	"\254\005\271\361\233\335L\025~\205X\274>l\314Xx+fBb"
  57      9BDD4C15 
  57      7E8558BC 
  57      3E6CCC58 
  57      782B6642 
  58 0193 A662CC14 		.ascii	"\246b\314\024\253\336\337\216\206\031\302;N\371\033"
  58      ABDEDF8E 
  58      8619C23B 
  58      4EF91B
  59 01a2 23736BE3 		.ascii	"#sk\343\346\352\315\353\031\343\016\344g\300Wt\276\367"
  59      E6EACDEB 
  59      19E30EE4 
  59      67C05774 
  59      BEF7
  60 01b4 6C5F6C20 		.ascii	"l_l ~9\336\327+\337\213\351k\375\361DW\317`\367\245"
  60      7E39DED7 
  60      2BDF8BE9 
  60      6BFDF144 
  60      57CF60F7 
  61 01c9 A1F8D5FE 		.ascii	"\241\370\325\376\304P\2529\336\330\231Hu\365\234\261"
  61      C450AA39 
  61      DED89948 
  61      75F59CB1 
  62 01d9 13293B99 		.ascii	"\023);\231\266S\311\230\035\033\030L\237\216\321>\377"
  62      B653C998 
  62      1D1B184C 
  62      9F8ED13E 
  62      FF
  63 01ea CB40F6   		.ascii	"\313@\366"
  64              		.text
  65              		.section	.gnu.lto_chVTDoSetI.9e808d79,"",%progbits
  66 0000 789C9D55 		.ascii	"x\234\235U]L\034U\024\276g\316\314\316\376\3215\025"
  66      5D4C1C55 
  66      14BE67CE 
  66      CCCEFED1 
  66      3515
  67 0012 1A6CD0F0 		.ascii	"\032l\320\360 !<\350\2461\261\321\327>\250\211\017&"
  67      20213CE8 
  67      A631B1D1 
  67      D73EA889 
  67      0F26
  68 0024 263ED518 		.ascii	"&>\325\030\004+\230\246\020\330\322\370\304\300\362"
  68      042B98A6 
  68      10D8D2F8 
  68      C4C0F2
  69 0033 236DAD8D 		.ascii	"#m\255\215\312\217\310fH)\241U)P\332R\260?[\012\005"
  69      CA8FC866 
  69      4829A155 
  69      2950DA52 
  69      B03F5B0A 
  70 0048 EA160469 		.ascii	"\352\026\004i\313\217\370 l\323\2555Ak\333\244F\360"
  70      CB8FF820 
  70      6CD3AD35 
  70      416BDBA4 
ARM GAS  C:\Users\User\AppData\Local\Temp\ccDd5Qql.s 			page 5


  70      46F0
  71 005a 9C3B03DB 		.ascii	"\234;\003\333\222B\225Ivv\356\271\347|\347\373\3169"
  71      92429549 
  71      7676EEB9 
  71      E77CE7FB 
  71      CE39
  72 006c 7347138A 		.ascii	"sG\023\212x\332)D\216\020\3425\372\201C\200rpX\210\022"
  72      78DA2944 
  72      8E10E235 
  72      FA814380 
  72      72705888 
  73 0081 A702AAF5 		.ascii	"\247\002\252\365\200\326\303\005\247\252\340\376\001"
  73      80D6C305 
  73      A7AAE0FE 
  73      01
  74 008e 210CB756 		.ascii	"!\014\267V\246\013\303\253\001\260\335p\202(VP\325\240"
  74      A60BC3AB 
  74      01B0DD70 
  74      82285650 
  74      D5A0
  75 00a0 58518575 		.ascii	"XQ\205u}\206\265\010\275\2257\272\225\214\026\203\256"
  75      7D86B508 
  75      BD9537BA 
  75      958C1683 
  75      AE
  76 00b1 70ED82A3 		.ascii	"p\355\202\243\302(O6Q\210\257\320\362\201\026\310 \257"
  76      C2284F36 
  76      5188AFD0 
  76      F28116C8 
  76      20AF
  77 00c3 D1B2F606 		.ascii	"\321\262\366\006<\200&\002\250\264\374\343J\375\354"
  77      3C802602 
  77      A8B4FCE3 
  77      4AFDEC
  78 00d2 065E2A90 		.ascii	"\006^*\220J\313\226\271\033\327u|\023\004=\037=\327"
  78      4ACB96B9 
  78      1BD7757C 
  78      13043D1F 
  78      3DD7
  79 00e4 DDEF4A6F 		.ascii	"\335\357Jo6\214R#<\376%\032\317\233\210\360\015 \001"
  79      368C5223 
  79      3CFE251A 
  79      CF9B88F0 
  79      0D2001
  80 00f7 C2514881 		.ascii	"\302QH\201#\220\"\310$\340[H'\367\376\305\373a\237\005"
  80      239022C8 
  80      24E05B48 
  80      27F7FEC5 
  80      FB619F05 
  81 010b ACD0726C 		.ascii	"\254\320rl>\022\362X\300O\3212x\374\366\0317\276%\201"
  81      3E12F258 
  81      C04FD132 
  81      78FCF619 
  81      37BE2581 
  82 011f CDE9FA59 		.ascii	"\315\351\372Y\217\015\034\251@#\321D\025\216Y\300\255"
  82      8F0D1CA9 
  82      4023D144 
ARM GAS  C:\Users\User\AppData\Local\Temp\ccDd5Qql.s 			page 6


  82      158E59C0 
  82      AD
  83 0130 04FC9D04 		.ascii	"\004\374\235\004V\005\264I\340\257\377<<\345\303wd\350"
  83      5605B449 
  83      E0AFFF3C 
  83      3CE5C377 
  83      64E8
  84 0142 A1A1F172 		.ascii	"\241\241\361r\237\035z\251!\361\213\240\361\272\211"
  84      9F1D7AA9 
  84      21F18BA0 
  84      F1BA89
  85 0151 1AB4AF64 		.ascii	"\032\264\257d\245\011\350\220\301\255\215wB\210\357"
  85      A509E890 
  85      C1AD8D77 
  85      4288EF
  86 0160 CAE0935D 		.ascii	"\312\340\223]\225\007\227\202\373\252\245 \007\034_"
  86      95079782 
  86      FBAAA520 
  86      071C5F
  87 016f 194A1DE9 		.ascii	"\031J\035\351\204t\366\2779x/\352\304L\031\333QU\371"
  87      8474F6BF 
  87      39782FEA 
  87      C44C19DB 
  87      5155F9
  88 0182 A99ED624 		.ascii	"\251\236\326$c\2575l.\011\032G\014\225y\237x\2247_\344"
  88      63AF356C 
  88      2E091A47 
  88      0C95799F 
  88      7894375F 
  89 0197 1E0957B5 		.ascii	"\036\011W\265\271\361C\031\2720\026\233\327\354\320"
  89      B9F14319 
  89      BA30169B 
  89      D7ECD0
  90 01a6 E186E4CF 		.ascii	"\341\206\344\317\203\306 \207\"\234z4\265\035\372k\307"
  90      83C62087 
  90      229C7A34 
  90      B51DFA6B 
  90      C7
  91 01b7 42758243 		.ascii	"Bu\202C\205.H\203\223\220\326\264\324B8\015\016\020"
  91      852E4883 
  91      9390D6B4 
  91      D442380D 
  91      0E10
  92 01c9 4259DA68 		.ascii	"BY\332h\033\203\260\261\260XI\205H\2319qoc2\010\336"
  92      1B83B0B1 
  92      B0584985 
  92      48993971 
  92      6F633208 
  93 01de 52046FAA 		.ascii	"R\004o\252\300]\241\211!):p-\\\300\345tK\037\017\311"
  93      C05DA189 
  93      21293A70 
  93      2D5CC0E5 
  93      744B1F0F 
  94 01f3 D4BDD231 		.ascii	"\324\275\3221A\032|\334\310D\266&\361M\210\275\224\221"
  94      411A7CDC 
  94      C844B626 
  94      F14D88BD 
ARM GAS  C:\Users\User\AppData\Local\Temp\ccDd5Qql.s 			page 7


  94      9491
  95 0205 866E1F2A 		.ascii	"\206n\037*\364\2071(\255\217\215\004u\246@\014k\312"
  95      F4873128 
  95      AD8F8D04 
  95      75A6400C 
  95      6BCA
  96 0217 7B47746E 		.ascii	"{Gtn-J}\367\007.\177\3425!TB\203\327\270\331Dg\210\312"
  96      2D4A7DF7 
  96      072E7FE2 
  96      35215442 
  96      83D7B8D9 
  97 022f D2CD8268 		.ascii	"\322\315\202hs\346\354\354)\364\267\362P\246r\271{\300"
  97      73E6ECEC 
  97      29F4B7F2 
  97      50A672B9 
  97      7BC0
  98 0241 843A3991 		.ascii	"\204:9\221\360=\370C\324(\011>\321\264\004\276&Z\363"
  98      F03DF843 
  98      D428093E 
  98      D1B404BE 
  98      265AF3
  99 0254 5CE9317D 		.ascii	"\\\3511}\031M\2033\022\015\030\355,\243\351\"\012\245"
  99      194D8333 
  99      120D18ED 
  99      2CA3E922 
  99      0AA5
 100 0266 8D77AA9F 		.ascii	"\215w\252\237\221\305\"y!tq\202\236\330\371f`[\010\335"
 100      91C52279 
 100      21747182 
 100      9ED8F966 
 100      605B08DD 
 101 027a 0F0B7049 		.ascii	"\017\013pI\001\335\335\267\247\365\342\177\014'\031"
 101      01DDDDB7 
 101      A7F5E27F 
 101      0C2719
 102 0289 9A188D6C 		.ascii	"\232\030\215l\267\"W\373\334D\003Lt\303y(\206s6\205"
 102      B72257FB 
 102      DC44034C 
 102      74C37928 
 102      86733685 
 103 029d 03A7DBAB 		.ascii	"\003\247\333\253\234\026\205\306\035&z ,9(V\363\372"
 103      9C1685C6 
 103      1D267A20 
 103      2C392856 
 103      F3FA
 104 02af F78F1E5E 		.ascii	"\367\217\036^\332=\004\\\241\013\340\257C\331\277^\360"
 104      DA3D045C 
 104      A10BE0AF 
 104      43D9BF5E 
 104      F0
 105 02c0 4B7A9B24 		.ascii	"Kz\233$\271.&\347&\373>\332\245\327\234\212\034\254"
 105      B92E26E7 
 105      26FB3EDA 
 105      A5D79C8A 
 105      1CAC
 106 02d2 AB9899DC 		.ascii	"\253\230\231\334i\321\364\206P\011\241\207\003R\343"
 106      69D1F486 
ARM GAS  C:\Users\User\AppData\Local\Temp\ccDd5Qql.s 			page 8


 106      5009A187 
 106      0352E3
 107 02e1 62BC9698 		.ascii	"b\274\226\230\341\250-&ae\301>\022\262b\260J\305\020"
 107      E1A82D26 
 107      6165C13E 
 107      12B262B0 
 107      4AC510
 108 02f4 2E4AB67C 		.ascii	".J\266|n@\237\315\347\2718\237\004\311G\025t\316`\024"
 108      6E409FCD 
 108      E7B9389F 
 108      04C94715 
 108      74CE6014 
 109 0308 AC512222 		.ascii	"\254Q\"\"B>K\017\260\030D\242\016\213\201g\005\203\324"
 109      423E4B0F 
 109      B01844A2 
 109      0E8B8167 
 109      0583D4
 110 031b 35F3ABD0 		.ascii	"5\363\253\320/\363k\234\377\022\345\237\203\262\211"
 110      2FF36B9C 
 110      FF12E59F 
 110      83B289
 111 032a 8B115B8D 		.ascii	"\213\021[\215\024L\327]\000*\215\362\240-\203\030\341"
 111      144CD75D 
 111      002A8DF2 
 111      A02D8318 
 111      E1
 112 033b 54E72B77 		.ascii	"T\347+w\201\266\\J}\333\020mx\261\247s\022\210\246f"
 112      81B65C4A 
 112      7DDB106D 
 112      78B1A773 
 112      1288A666 
 113 034f 8F664D6C 		.ascii	"\217fMl\252y\035\323\2030\020\257\305 O\217\255m\272"
 113      AA791DD3 
 113      833010AF 
 113      C5204F8F 
 113      AD6DBA
 114 0362 7C83C5C7 		.ascii	"|\203\305\307\367\277\264!\014I<\007\343]&mLm\350\331"
 114      F7BFB421 
 114      0C493C07 
 114      E35D266D 
 114      4C6DE8D9 
 115 0376 F510FB21 		.ascii	"\365\020\373!\016\024ab>\353%\3719\352~\034Z\201\325"
 115      0E146162 
 115      3EEB25F9 
 115      39EA7E1C 
 115      5A81D5
 116 0389 73DFAA70 		.ascii	"s\337\252pW\342:\207\031N\265\340f\254\036\256\204\333"
 116      57E23A87 
 116      194EB5E0 
 116      66AC1EAE 
 116      84DB
 117 039b F8049523 		.ascii	"\370\004\225#qr?.\243\325\304~\351_G\017T\030\215\317"
 117      71723F2E 
 117      A3D5C47E 
 117      E95F470F 
 117      54188DCF 
 118 03af C318A329 		.ascii	"\303\030\243)V\017n\225\353V\017\022\377S\017^`\250"
ARM GAS  C:\Users\User\AppData\Local\Temp\ccDd5Qql.s 			page 9


 118      560F6E95 
 118      EB560F12 
 118      FF530F5E 
 118      60A8
 119 03c1 9FE250E3 		.ascii	"\237\342P\343\262\374\364>\331\223\225D@6v\215\3531"
 119      B2FCF43E 
 119      D9939544 
 119      4036768D 
 119      EB31
 120 03d3 34D740BD 		.ascii	"4\327@\275\032G\275\306\004\223\030\344\257\233\277"
 120      1A47BDC6 
 120      049318E4 
 120      AF9BBF
 121 03e2 2DF7E289 		.ascii	"-\367\342\211\247\307\365UN\217M|zL\254vz\024p\362I"
 121      A7C7F555 
 121      4E8F4D7C 
 121      7A4CAC76 
 121      7A1470F2 
 122 03f7 3E3C74CE 		.ascii	"><t\316=\005~\346\365\340\357y\371\361\326aq\021a\232"
 122      3D057EE6 
 122      F5E0EF79 
 122      F9F1D661 
 122      7111619A 
 123 040b 507FA737 		.ascii	"P\177\2477\270\263V\352\224_\220\275D\241L'\3007\266"
 123      B8B356EA 
 123      945F90BD 
 123      44A14C27 
 123      C037B6
 124 041e BDBA3D2B 		.ascii	"\275\272=+'\367\375\334\355\333\370\376v`wvn\336\226"
 124      27F7FDDC 
 124      EDDBF8FE 
 124      76607776 
 124      6EDE96
 125 0431 AD452FBD 		.ascii	"\255E/\275\267'wWv\336\236\302\207\355\226g^\341\226"
 125      B7277757 
 125      76DE9EC2 
 125      87ED9667 
 125      5EE196
 126 0444 AD2FFBF3 		.ascii	"\255/\373\363\012\375\005\001\177aA\226?+\247(\360b"
 126      0AFD0501 
 126      7F614196 
 126      3F2BA728 
 126      F062
 127 0456 96C0A240 		.ascii	"\226\300\242@\276\226\375\301\316\314\217\035E\201\035"
 127      BE96FDC1 
 127      CECC8F1D 
 127      45811D
 128 0465 BB776561 		.ascii	"\273wea~f\001\033\002\231\220\377/\244\"\263\026"
 128      7E66011B 
 128      029990FF 
 128      2FA422B3 
 128      16
 129              		.text
 130              		.section	.gnu.lto_chVTDoResetI.9e808d79,"",%progbits
 131 0000 789C9594 		.ascii	"x\234\225\224MHTQ\024\307\357y\347\315\2747S\271\214"
 131      4D485451 
 131      14C7EF79 
ARM GAS  C:\Users\User\AppData\Local\Temp\ccDd5Qql.s 			page 10


 131      E7CDBC37 
 131      53B98C
 132 0013 28172E02 		.ascii	"(\027.\002\221>\036\022$\270u\025\004Am\205\240q\341"
 132      913E1E12 
 132      24B87515 
 132      04416D85 
 132      A071E1
 133 0026 6C9A9899 		.ascii	"l\232\230\231t9\317)\265,\264E\215f\312\033\320a\264"
 133      7439CF29 
 133      B52CB445 
 133      8D66CA1B 
 133      D061B4
 134 0039 52C73E7D 		.ascii	"R\307>}V6MN2a\205B\264hWbM\024\024\005A\037N\347\334"
 134      56364D4E 
 134      32618542 
 134      B4685762 
 134      4D141405 
 135 0052 E734121A 		.ascii	"\3474\022\032z\341~\235s\357\357\376\317\375r\011E\004"
 135      7AE17E9D 
 135      73EFEFFE 
 135      CFFD7209 
 135      4504
 136 0064 55210E09 		.ascii	"U!\016\011!vP\006\024\240\\x.D\213\256\000p\303\324"
 136      21765006 
 136      14A05C78 
 136      2E448BAE 
 136      0070C3D4 
 137 0078 41441488 		.ascii	"AD\024\210@\027v#d\332\027m\245*iRJw\377\332\324f\266"
 137      40177623 
 137      64DA176D 
 137      A52A6952 
 137      4A77FFDA 
 138 008f 6EB35088 		.ascii	"n\263P\210\313\2249A\022\252h\324\334\351T\037v\242"
 138      CB943941 
 138      12AA68D4 
 138      DCE9541F 
 138      76A2
 139 00a1 85002A75 		.ascii	"\205\000*u\277<\353}[\306]\005*\250\233\\X|\245\341"
 139      BF3CEB7D 
 139      5BC65D05 
 139      2AA89B5C 
 139      587CA5E1 
 140 00b5 4110D41E 		.ascii	"A\020\324\036\236\262\263\236\312\204iF\315\364\302"
 140      9EB2B39E 
 140      CA846946 
 140      CDF4C2
 141 00c4 4534775A 		.ascii	"E4wZ\210p\025\220\2000\014\3450\004\345\202L\002\256"
 141      88701590 
 141      80300CE5 
 141      3004E582 
 141      4C02AE
 142 00d7 41258F7F 		.ascii	"A%\217\1773\276ti\213[\035(\256\011\327\301\015T\217"
 142      33BE7469 
 142      8B5B1D28 
 142      AE09D7C1 
 142      0D548F
 143 00ea CD43DA5C 		.ascii	"\315C\332\\*\264\233\351\331\004\330\207\313H<\315@"
ARM GAS  C:\Users\User\AppData\Local\Temp\ccDd5Qql.s 			page 11


 143      2AB49BE9 
 143      D904D887 
 143      CB483CCD 
 143      40
 144 00fb 9EAB52A1 		.ascii	"\236\253R\241\272\270ps\241\263\315+\241\242\2032\307"
 144      BAB87073 
 144      A1B3CD2B 
 144      A1A28332 
 144      C7
 145 010c 780E15AE 		.ascii	"x\016\025\2561\017\321\311|\327\0140\265\0379\336Xk"
 145      310FD1C9 
 145      7CD70C30 
 145      B51F39DE 
 145      586B
 146 011e E685C6D2 		.ascii	"\346\205\306\322Q\312\375>\363\364\314f\013\372[(\376"
 146      51CAFD3E 
 146      F3F4CC66 
 146      0BFA5B28 
 146      FE
 147 012f 0A0B5DFD 		.ascii	"\012\013]\375\024\322\010Id_b!:\252\031#\246\343B\030"
 147      14D20849 
 147      645F6221 
 147      3AAA1923 
 147      A6E34218 
 148 0143 050B7AE4 		.ascii	"\005\013z\344\276\300\030\030\202\331\271\335\016Y]"
 148      BEC01818 
 148      82D9B9DD 
 148      0E595D
 149 0152 1585FFA0 		.ascii	"\025\205\377\240\366X\350\206\224\244p\2100^\244\324"
 149      F658E886 
 149      94A47088 
 149      305EA4D4 
 150 0162 3A14D786 		.ascii	":\024\327\206\004\271\341F\011uS\242N\305\332r.\207"
 150      04B9E146 
 150      097553A2 
 150      4EC5DA72 
 150      2E87
 151 0174 C5A288C8 		.ascii	"\305\242\210\310\374\230\207M\353Wx\253\204\275\015"
 151      FC98874D 
 151      EB5778AB 
 151      84BD0D
 152 0183 06A1A4C8 		.ascii	"\006\241\244\310|oq\033\365\015\356\333\035\311S\230"
 152      7C6F711B 
 152      F50DEEDB 
 152      1DC95398 
 153 0193 77D78938 		.ascii	"w\327\2118\226\333\265\212\244xPH\222\276&i\242t\002"
 153      96DBB58A 
 153      A4785048 
 153      92BE2669 
 153      A27402
 154 01a6 362B4347 		.ascii	"6+CG\331\225\2422\357\006\225M\226x\367\326\243\314"
 154      D995A232 
 154      EF06954D 
 154      9678F7D6 
 154      A3CC
 155 01b8 BB26E97E 		.ascii	"\273&\351~)\306\007\254Lg\330\267\367}Im5\334\366\377"
 155      29C607AC 
ARM GAS  C:\Users\User\AppData\Local\Temp\ccDd5Qql.s 			page 12


 155      4C67D8B7 
 155      F77D496D 
 155      35DCF6FF 
 156 01cc EAD2604A 		.ascii	"\352\322`J\322\344sx\010\306\312[\253\201\2004\315\222"
 156      D2E47378 
 156      08C6CA5B 
 156      AB818034 
 156      CD92
 157 01de F4A177DE 		.ascii	"\364\241w\336e\372_\277.o\265m\177|\255E~\233:\031\006"
 157      65FA5FBF 
 157      2E6FB56D 
 157      7F7CAD45 
 157      7E9B3A19 
 158 01f3 F824C9F6 		.ascii	"\370$\311\366a\366\345\264\227\004\200\205\036\310\320"
 158      61F6E5B4 
 158      97048085 
 158      1EC8D0
 159 0202 F37FB4BC 		.ascii	"\363\177\264\274x\347D\352\254\356,\036\337jQ\214\217"
 159      78E744EA 
 159      ACEE2C1E 
 159      DF6A518C 
 159      8F
 160 0213 E5EAF487 		.ascii	"\345\352\364\207\2607{~n\260\350\015\362\355\230\006"
 160      B0377B7E 
 160      6EB0E80D 
 160      F2ED9806 
 161 0223 A387EE15 		.ascii	"\243\207\356\025I\313Ji\211\037??\313\257A\205B\001"
 161      49CB4A69 
 161      891F3F3F 
 161      CBAF4185 
 161      4201
 162 0235 E109513F 		.ascii	"\341\011Q?A4\376uP\236\211\374D:H\002\275F\332\235\003"
 162      4134FE75 
 162      509E89FC 
 162      443A4802 
 162      BD46DA9D 
 163 024a 75B5F5BE 		.ascii	"u\265\365\276F\3771\177}\035\227G\302'\033\374\201\352"
 163      46FF317F 
 163      7D1D9747 
 163      C2271BFC 
 163      81EA
 164 025c 9AA67D47 		.ascii	"\232\246}G\233\375\307\033\002\315\241\225vgd T]\263"
 164      9BFDC71B 
 164      02CDA195 
 164      76676420 
 164      545DB3
 165 026f DF08848C 		.ascii	"\337\010\204\214`\330\010\005}\206\257\261)\274\327"
 165      60D80805 
 165      7D86AFB1 
 165      29BCD7
 166 027e 27B0297C 		.ascii	"'\260)|\342\017\300\332\202u"
 166      E20FC0DA 
 166      8275
 167              		.text
 168              		.section	.gnu.lto_.symbol_nodes.9e808d79,"",%progbits
 169 0000 789C6365 		.ascii	"x\234ce`bp`\000\002\246\357\214\365\014\014\023\316"
 169      60627060 
ARM GAS  C:\Users\User\AppData\Local\Temp\ccDd5Qql.s 			page 13


 169      0002A6EF 
 169      8CF50C0C 
 169      13CE
 170 0012 313000A9 		.ascii	"10\000\251]\015\216\014\014\254\277\030\031\024@2?\030"
 170      5D0D8E0C 
 170      0CACBF18 
 170      19144032 
 170      3F18
 171 0024 EB195164 		.ascii	"\353\031Qd\230~2\3263\241\2100\000\000\024\037\017\341"
 171      987E32D6 
 171      33A18830 
 171      0000141F 
 171      0FE1
 172              		.text
 173              		.section	.gnu.lto_.refs.9e808d79,"",%progbits
 174 0000 789C15C7 		.ascii	"x\234\025\307\261\015\000 \014\304@\373\0114\231\200"
 174      B10D0020 
 174      0CC440FB 
 174      09349980 
 175 0010 96FD8744 		.ascii	"\226\375\207Di|\362&<\340\240\306I\306\245\225`\351"
 175      697CF226 
 175      3CE0A0C6 
 175      49C6A595 
 175      60E9
 176 0022 9D693E0A 		.ascii	"\235i>\012\330\000\200"
 176      D80080
 177              		.text
 178              		.section	.gnu.lto_.decls.9e808d79,"",%progbits
 179 0000 789CBD3A 		.ascii	"x\234\275:iP\024Y\232\365\362\025UEQ\200\213n\207\021"
 179      69501459 
 179      9AF5F215 
 179      55455180 
 179      8B6E8711 
 180 0014 EBEE1A1D 		.ascii	"\353\356\032\035t7\261\323\355\321\366j\317\356\304"
 180      7437B1D3 
 180      EDD1F66A 
 180      CFEEC4
 181 0023 6E6FF4C6 		.ascii	"no\364\306\316vlto\304\364t\307D\2143\025\010\2452\303"
 181      CE766C74 
 181      6FC4F474 
 181      C7448C33 
 181      1508A532 
 182 0038 355589DA 		.ascii	"5U\211\332\277\2468<\360\304\213KP\004\017\020\020\305"
 182      BFA6383C 
 182      F0C48B4B 
 182      50040F10 
 182      10C5
 183 004a 03155440 		.ascii	"\003\025T@\004\004\024\005\025\271)T\024Tn\021\020a"
 183      04041405 
 183      15B92954 
 183      14546E11 
 183      1061
 184 005c BF775465 		.ascii	"\277wTeV\221e\0331=[\301W\225\337\313\357}\367\367\345"
 184      5691651B 
 184      313D5BC1 
 184      5795DFCB 
 184      EF7DF7F7 
ARM GAS  C:\Users\User\AppData\Local\Temp\ccDd5Qql.s 			page 14


 185 0071 7B2FF150 		.ascii	"{/\361P\011*\313\307*\325v\255JeE*\325\014|\324*\225"
 185      092ACBC7 
 185      2AD576AD 
 185      4A65452A 
 185      D50C7CD4 
 186 0087 2A5F257D 		.ascii	"*_%}0\300I\200v\000\033\000\220\251\206\220\312\351"
 186      30C04980 
 186      76001B00 
 186      90A98690 
 186      CAE9
 187 0099 F33BC03D 		.ascii	"\363;\300=\341\367{\200a\270\036\000\250\001h\004|\004"
 187      E1F77B80 
 187      61B81E00 
 187      A8016804 
 187      7C04
 188 00ab 7E2BE0F7 		.ascii	"~+\340\367C\2002\270\366\200\337>2\006p\035\240\034"
 188      438032B8 
 188      F680DF3E 
 188      3206701D 
 188      A01C
 189 00bd E01A627C 		.ascii	"\340\032b|O\272\341_\014\270\201\363\367\003\230\247"
 189      4FBAE15F 
 189      0CB881F3 
 189      F70398A7 
 190 00cd 62BC09DF 		.ascii	"b\274\011\337\"\200\3578\377;.\362u\2007\001\334\227"
 190      2280EF38 
 190      FF3B2EF2 
 190      75803701 
 190      DC97
 191 00df C9BC07D7 		.ascii	"\311\274\007\327\015\000\017TL6\342\266\011\000Sh\266"
 191      0D000F54 
 191      4C36E2B6 
 191      09005368 
 191      B6
 192 00f0 6CA29B97 		.ascii	"l\242\233\227\202l\273<\273\016r\271\032\225\263\034"
 192      826CBB3C 
 192      BB0E72B9 
 192      1A95B31C 
 193 0100 BB7CBB3C 		.ascii	"\273|\273<\033\227\207\205\331\362\2220:\277\243\342"
 193      1B978785 
 193      D9F29230 
 193      3ABFA3E2 
 194 0110 B2D081DA 		.ascii	"\262\320\201\332\020\334Fs\350(B\354\033Q\240\350\214"
 194      10DC4673 
 194      E82842EC 
 194      1B51A0E8 
 194      8C
 195 0121 FD83101D 		.ascii	"\375\203\020\035\207QA\305\005\330\207\220}\006\307"
 195      875141C5 
 195      05D88790 
 195      7D06C7
 196 0130 058E0A9C 		.ascii	"\005\216\012\234%\375\343\223\221\214#\273\315$\331"
 196      25FDE393 
 196      918C23BB 
 196      CD24D9
 197 013f 3F2C36EC 		.ascii	"?,6\354\202N\263\317F\202$\000!\371\004\031C\2466\277"
 197      824EB3CF 
ARM GAS  C:\Users\User\AppData\Local\Temp\ccDd5Qql.s 			page 15


 197      46822400 
 197      21F90419 
 197      43A636BF 
 198 0153 EFD04F25 		.ascii	"\357\320O%\031\207\354\326\017\245\324\365\350;Q;\031"
 198      1987ECD6 
 198      0FA5D4F5 
 198      E83B513B 
 198      19
 199 0164 CDF802D1 		.ascii	"\315\370\002\321\261MY\335\223>X@\344\272s\"\373\277"
 199      B14D59DD 
 199      933E5840 
 199      E4BA7322 
 199      FBBF
 200 0176 16E559D9 		.ascii	"\026\345Y\331G\367w\222\333\256\317\274*\365\335\211"
 200      47F77792 
 200      DBAECFBC 
 200      2AF5DD89 
 201 0186 919F1E09 		.ascii	"\221\237\036\011\2006\014\326\245{\001:O\217\346\000"
 201      80360CD6 
 201      A57B013A 
 201      4F8FE600 
 202 0196 3A1E7DAF 		.ascii	":\036}\257L??\221\316\212\265\316\021\320\367\357\241"
 202      4C3F3F91 
 202      CE8AB5CE 
 202      11D0F7EF 
 202      A1
 203 01a7 3CB400E5 		.ascii	"<\264\000\345\242\005 <\037\315\207\357Uj\306\251\260"
 203      A205203C 
 203      1FCD87EF 
 203      556AC6A9 
 203      B0
 204 01b8 A62857F7 		.ascii	"\246(W\367~\2065\243\313Z\372$\363\037\023c\255\331"
 204      7E8635A3 
 204      CB5AFA24 
 204      F31F1363 
 204      ADD9
 205 01ca 306B21A1 		.ascii	"0k!\241B9\010\243\023h\021\321\030.\341;\033u\"t\034"
 205      423908A3 
 205      136811D1 
 205      182EE13B 
 205      1B752274 
 206 01df 75803D27 		.ascii	"u\200='\321\3730\373\324\345\270z-\376=U\366d\336\353"
 206      D1FB30FB 
 206      D4E5B87A 
 206      2DFE3D55 
 206      F664DEEB 
 207 01f3 537A3589 		.ascii	"Sz5\211\343w\006\302\036\206\356\304\235J\303LM51\367"
 207      E37706C2 
 207      1E86EEC4 
 207      9D4AC34C 
 207      4D3531F7 
 208 0207 66EA431F 		.ascii	"f\352C\037\246\346B\345\011\317\317\324\035\305n5?K"
 208      A6E642E5 
 208      09CFCFD4 
 208      1DC56E35 
 208      3F4B
 209 0219 353F83B8 		.ascii	"5?\203\270\352g\013\352\322\365\206\255Vk\2145!\326"
ARM GAS  C:\Users\User\AppData\Local\Temp\ccDd5Qql.s 			page 16


 209      EA670BEA 
 209      D2F586AD 
 209      566B8C35 
 209      21D6
 210 022b EAF9DFE4 		.ascii	"\352\371\337\344>*\004\352\323\224\372\0342p\355\201"
 210      3E2A04EA 
 210      D394FA1C 
 210      3270ED81 
 211 023b 36BB685F 		.ascii	"6\273h_\256\027\016!\212\012\235U\305\335^\310\020\340"
 211      AE170E21 
 211      8A0A9D55 
 211      C5DD5EC8 
 211      10E0
 212 024d 6626BA80 		.ascii	"f&\272\200\002d\223\217\021]J\233\016.9p\233\370\245"
 212      0264938F 
 212      115D4A9B 
 212      0E2E3970 
 212      9BF8A5
 213 0260 086E9C97 		.ascii	"\010n\234\227\374\002tL@o\353\215`j\013!8\205\2505G"
 213      FC02744C 
 213      406FEB8D 
 213      606A0B21 
 213      3885A835 
 214 0275 275F0F12 		.ascii	"'_\017\022\363?\324\243\231\031\014\003\005\317/Nx\263"
 214      F33FD4A3 
 214      99190C03 
 214      05CF2F4E 
 214      78B3
 215 0287 0172FF6A 		.ascii	"\001r\377j\355\215c\006\\\211\250V\011\207s\267y\"}"
 215      ED8D6306 
 215      5C89A856 
 215      098773B7 
 215      79227D
 216 029a C016A215 		.ascii	"\300\026\242\025\030\357\021\240r\230\216\256\200J0"
 216      18EF11A0 
 216      72988EAE 
 216      804A30
 217 02a9 890845C5 		.ascii	"\211\010E\3050x\011\006\231b\365\227>L\332l\265\012"
 217      30780906 
 217      9962F597 
 217      3E4CDA6C 
 217      B50A
 218 02bb E832D2A3 		.ascii	"\3502\322\243\022I\261\017\365L\257+\273[{\364\270\211"
 218      1249B10F 
 218      F54CAF2B 
 218      BB5B7BF4 
 218      B889
 219 02cd E6933015 		.ascii	"\346\2230\025\2338\240F\001z6\265\252\355\323\212\215"
 219      9B38A046 
 219      017A36B5 
 219      AAEDD38A 
 219      8D
 220 02de 646A194C 		.ascii	"dj\031L\275*M\005N\360\243\250G\251\202\036 d\327\271"
 220      BD2A4D05 
 220      4EF0A3A8 
 220      47A9821E 
 220      2064D7B9 
ARM GAS  C:\Users\User\AppData\Local\Temp\ccDd5Qql.s 			page 17


 221 02f2 D6295FDC 		.ascii	"\326)_\334\202\251\220\354\364\003/4\016!M\007?;F\205"
 221      82A990EC 
 221      F4032F34 
 221      0E214D07 
 221      3F3B4685 
 222 0306 54809072 		.ascii	"T\200\220rIH\231{!\327\224\205\344\365\214\337\304\324"
 222      4948997B 
 222      21D79485 
 222      E4F58CDF 
 222      C4D4
 223 0318 C584D545 		.ascii	"\305\204\325E\346b{\346\373\261\314O-\036\255\361`\250"
 223      E6627BE6 
 223      FBB1CC4F 
 223      2D1EADF1 
 223      60A8
 224 032a 0E505B5E 		.ascii	"\016P[^y\274\006?\242z\241\247\325c\217u\270\227!\031"
 224      79BC063F 
 224      A27AA1A7 
 224      D5638F75 
 224      B8972119 
 225 033e E5B64FF0 		.ascii	"\345\266O\360\000\273Nh\233(\361\302\243\014)={\351"
 225      00BB4E68 
 225      9B28F1C2 
 225      A30C293D 
 225      7BE9
 226 0350 8C014F30 		.ascii	"\214\001O0dh*\275\310\223\261\233\007\350\233\316\204"
 226      64682ABD 
 226      C893B19B 
 226      07E89BCE 
 226      84
 227 0361 042DCBDF 		.ascii	"\004-\313\337\014\004x~\306H:\306[\325l\342\353\013"
 227      0C04787E 
 227      C6483AC6 
 227      5BD56CE2 
 227      EB0B
 228 0373 AD06BC93 		.ascii	"\255\006\274\223\"\372\242\032\333]\003\232\353o\010"
 228      22FAA21A 
 228      DB5D039A 
 228      EB6F08
 229 0382 F0874FC0 		.ascii	"\360\207O\300\334\335\304\027\011V\353\027j\025\272"
 229      DCDDC417 
 229      0956EB17 
 229      6A15BA
 230 0391 0526DD24 		.ascii	"\005&\335$v\336\005;[\320\\b(j\206\353{\310\037=\000"
 230      76DE053B 
 230      5BD05C62 
 230      286A86EB 
 230      7BC81F3D 
 231 03a6 6800B80F 		.ascii	"h\000\270\017\320\204\374i\275g\022'\225\276\332\206"
 231      D084FC69 
 231      BD671227 
 231      95BEDA86 
 232 03b6 9373776E 		.ascii	"\223swn\267f\224!\352\200\033\340K2\333\341\266*\232"
 232      B7669421 
 232      EA801BE0 
 232      4B32DBE1 
 232      B62A9A
ARM GAS  C:\Users\User\AppData\Local\Temp\ccDd5Qql.s 			page 18


 233 03c9 F54BE14B 		.ascii	"\365K\341K%\313\354;@\"\325D#MWGN\373\247\355\211\206"
 233      25CBEC3B 
 233      4022D544 
 233      234D5747 
 233      4EFBA7ED 
 234 03df 9C2634B7 		.ascii	"\234&4\267\245\320\000W\271\324\235\265\267@j9\"\223"
 234      A5D00057 
 234      B9D49DB5 
 234      B7406A39 
 234      2293
 235 03f1 512D97EA 		.ascii	"Q-\227\352(\226\305\016\241l\302\255f\277\275\261\326"
 235      2896C50E 
 235      A16CC2AD 
 235      66BFBDB1 
 235      D6
 236 0402 EA25B40E 		.ascii	"\352%\264\016\252]\251\231\216\205H\242\357h\236\307"
 236      AA5DA999 
 236      8E8548A2 
 236      EF689EC7 
 237 0412 E8A107D4 		.ascii	"\350\241\007\324\273\222W\"\027\356\223\277I\261\226"
 237      BB925722 
 237      17EE93BF 
 237      49B196
 238 0421 C661AA4A 		.ascii	"\306a\252J\215\242*\21473\260\377\301\234h\253\025Q"
 238      8DA22A8C 
 238      3733B0FF 
 238      C19C68AB 
 238      1551
 239 0433 83B871E4 		.ascii	"\203\270q\344\243\030\214:\316\355\307\202\001\221\256"
 239      A3188C3A 
 239      CEEDC782 
 239      0191AE
 240 0442 39337859 		.ascii	"93xYM\023\221\250q\235%\342\365M;b|\334v\2566\332\271"
 240      4D1391A8 
 240      719D25E2 
 240      F54D3B62 
 240      7CDC76AE 
 241 0459 5AED9D2B 		.ascii	"Z\355\235+\366r\307(\206\246\333E\232n\367b[\241\325"
 241      F672C728 
 241      86A6DB45 
 241      9A6EF762 
 241      5BA1D5
 242 046c 0A356255 		.ascii	"\0125bU\023:T E\242\300\265\353\266\323\256\333\375"
 242      133A5420 
 242      45A2C0B5 
 242      EBB6D3AE 
 242      DBFD
 243 047e F4729F0E 		.ascii	"\364r\237\016\367\263\274\033J:\177\303\327\241\015"
 243      F7B3BC1B 
 243      4A3A7FC3 
 243      D7A10D
 244 048d 6BA3651B 		.ascii	"k\243e\033\363\017\031\334*\323E\225\351\264+\32395"
 244      F30F19DC 
 244      2AD34595 
 244      E9B42BD3 
 244      3935
 245 049f B04FCF95 		.ascii	"\260O\317\225\031^\014\376\205\212\204z\005*\020\351"
ARM GAS  C:\Users\User\AppData\Local\Temp\ccDd5Qql.s 			page 19


 245      195E0CFE 
 245      858A847A 
 245      052A10E9 
 246 04af 50A5C355 		.ascii	"P\245\303U\025\033U\245i\364U\271\036\277f\2524\244"
 246      151B55A5 
 246      69F455B9 
 246      1EBF66AA 
 246      34A4
 247 04c1 C53C1558 		.ascii	"\305<\025X\271\214\022\274\2743+Z\307\353E\013\370L"
 247      B98C12BC 
 247      BC332B5A 
 247      C7EB450B 
 247      F84C
 248 04d3 6F73162F 		.ascii	"os\026/\247Ar\377\300H{/\307\003\000M\353,\357\340h"
 248      A74172FF 
 248      C0487B2F 
 248      C703004D 
 248      EB2CEFE0 
 249 04e8 055D1B74 		.ascii	"\005]\033t\356\2137\360\351\344\361\221\330ss\330\023"
 249      EE8B37F0 
 249      E9E4F191 
 249      D87373D8 
 249      13
 250 04f9 4F335945 		.ascii	"O3YE\375\271E\336\214\270\2246\370\236\264\235\006\206"
 250      FDB945DE 
 250      8CB89436 
 250      F89EB49D 
 250      0686
 251 050b 7F0EE8DD 		.ascii	"\177\016\350\335\333\035G1\216\367\240\264\355\3259"
 251      DB1D4731 
 251      8EF7A0B4 
 251      EDD539
 252 051a B9A40F7F 		.ascii	"\271\244\017\177D\372\360\314\214\257\254\023\177\304"
 252      44FAF0CC 
 252      8CAFAC13 
 252      7FC4
 253 0528 3A71C3AE 		.ascii	":q\303\256\341#Z\274\207\222\013)5M\345R\227\254\277"
 253      E1235ABC 
 253      87920B29 
 253      354DE552 
 253      97ACBF
 254 053b F46F29C3 		.ascii	"\364o)\303\244\363\017A\321\015H\016\371\310\321\277"
 254      A4F30F41 
 254      D10D480E 
 254      F9C8D1BF 
 255 054b 68A1A9A4 		.ascii	"h\241\251\244<\034\204\364\371\210\367\257~\030|\301"
 255      3C1C84F4 
 255      F988F7AF 
 255      7E187CC1 
 256 055b FA57CE91 		.ascii	"\372W\316\221\335\231\032\234\316dT^i}\240\266w{W\006"
 256      DD991A9C 
 256      CE64545E 
 256      697DA0B6 
 256      777B5706 
 257 056f A30A0CEC 		.ascii	"\243\012\014\354-\373\375J\332MG@\231aI\231!\304\333"
 257      2DFBFD4A 
 257      DA4D4740 
ARM GAS  C:\Users\User\AppData\Local\Temp\ccDd5Qql.s 			page 20


 257      99614999 
 257      21C4DB
 258 0582 BD75DFEB 		.ascii	"\275u\337\353C\336\370\030\023b}|\375\261\340N\310+"
 258      43DEF818 
 258      13627D7C 
 258      FDB1E04E 
 258      C82B
 259 0594 B7425EE5 		.ascii	"\267B^\345\343-Y\273H:\216\201\224\227\222\224\021\273"
 259      E32D59BB 
 259      483A8E81 
 259      94979294 
 259      11BB
 260 05a6 94B6333B 		.ascii	"\224\2663;\256\351p\242\206\372.\367U\3349_|P\343\024"
 260      AEE970A2 
 260      86FA2EF7 
 260      55DC395F 
 260      7C50E314 
 261 05ba 96793C2C 		.ascii	"\226y<,\223{/\236\363\302G\330\315\212\207\215\325\036"
 261      937B2F9E 
 261      F3C247D8 
 261      CD8A878D 
 261      D51E
 262 05cc F804432E 		.ascii	"\370\004C.\355/y\241\303\305\014){\323\234\246\307\265"
 262      ED2F79A1 
 262      C3C50C29 
 262      7BD39CA6 
 262      C7B5
 263 05de 0C39DF73 		.ascii	"\0149\337s\243R\317xXI\233\235:Z\377@\207\033\331\315"
 263      A352CF78 
 263      58499B9D 
 263      3A5AFF40 
 263      871BD9CD 
 264 05f2 E2A2924A 		.ascii	"\342\242\222J\336\341\227\220Jz\224n\363\301m\354^\345"
 264      DEE19790 
 264      4A7A946E 
 264      F3C16DEC 
 264      5EE5
 265 0604 AEB8ED7A 		.ascii	"\256\270\355z\374\230\"B\356\216-\317\335zx\243\340"
 265      FC982242 
 265      EE8E2DCF 
 265      DD7A78A3 
 265      E0
 266 0615 CEF896F9 		.ascii	"\316\370\226\371\260\322Bq\202\036\305\012\263\015\317"
 266      B0D24271 
 266      821EC50A 
 266      B30DCF
 267 0624 B9347254 		.ascii	"\2714rT\203\207\230\270\356\231\351?\340Iv\035\237\027"
 267      838798B8 
 267      EE99E93F 
 267      E049761D 
 267      9F17
 268 0636 5FE98363 		.ascii	"_\351\203c\264\024\311\274Z\374\034\262\211!\366E\217"
 268      B414C9BC 
 268      5AFC1CB2 
 268      8921F645 
 268      8F
 269 0647 1F5BF464 		.ascii	"\037[\364d\367uNa|\230\335\263\265U\235\362\301Y\014"
ARM GAS  C:\Users\User\AppData\Local\Temp\ccDd5Qql.s 			page 21


 269      F7754E61 
 269      7C98DDB3 
 269      B5559DF2 
 269      C1590C
 270 065a 297E75A0 		.ascii	")~u\240\330\027\237`\310\315\2073\303z|\232!E\251\323"
 270      D8179F60 
 270      C8CD8733 
 270      C37A7C9A 
 270      2145A9D3 
 271 066e A56A7C81 		.ascii	"\245j|\201!\033w\344'\021\357hX2\223\272z48y^\315\206"
 271      211B77E4 
 271      2711EF68 
 271      583293BA 
 271      7A343879 
 272 0685 880D1B60 		.ascii	"\210\015\033`(=\245\355\264\017.\241S\204\347\266\370"
 272      283DA5ED 
 272      B40F2EA1 
 272      5384E7B6 
 272      F8
 273 0696 AD3A5942 		.ascii	"\255:YB/O\031$\011\275\017\214\334#\031\251\341\011"
 273      2F4F1924 
 273      09BD0F8C 
 273      DC2319A9 
 273      E109
 274 06a8 6D9DE5AD 		.ascii	"m\235\345\255\275\340-\015\367\326na\001J\020hB\017"
 274      BDE02D0D 
 274      F7D66E61 
 274      014A1068 
 274      420F
 275 06ba 4F0C9E55 		.ascii	"O\014\236U\343J&c\253m\370\215/s\367l\006I\012\014\034"
 275      E34A2663 
 275      AB6DF88D 
 275      2F73F76C 
 275      06490A0C 
 276 06cf 6B907334 		.ascii	"k\220s4\241\023A\231\375\2222\240\033\363\270\315\372"
 276      A1134199 
 276      FD9232A0 
 276      1BF3B8CD 
 276      FA
 277 06e0 3AC5806F 		.ascii	":\305\200o1!\305\371Y[\364\016C Ow\260<M\205\311\311"
 277      3121C5F9 
 277      595BF40E 
 277      43204F77 
 277      B03C4D85 
 278 06f6 D2E444C1 		.ascii	"\322\344D\301\255))\312\246l\333\377\342\230\017\276"
 278      AD2929CA 
 278      A66CDBFF 
 278      E2980FBE 
 279 0706 CB3CFCFA 		.ascii	"\313<\374\372\351\276f\304\"f\0004\246\270y\267/K\307"
 279      E9BE66C4 
 279      22660034 
 279      A6B879B7 
 279      2F4BC7
 280 0719 2EDA2B26 		.ascii	".\332+&\267L\253\261\215\3216mol\325\340^\246\336D_"
 280      B74CABB1 
 280      8DD1366D 
 280      6F6CD5E0 
ARM GAS  C:\Users\User\AppData\Local\Temp\ccDd5Qql.s 			page 22


 280      5EA6DE44 
 281 072e 75BE9743 		.ascii	"u\276\227C\275\032\232I\207A\265C\357\244Z\206\262j"
 281      BD1A9A49 
 281      8741B543 
 281      EFA45A86 
 281      B26A
 282 0740 95F51923 		.ascii	"\225\365\031#:<\300\304]\334\275\007\212\346%C:\222"
 282      3A3CC0C4 
 282      5DDCBD07 
 282      8AE62543 
 282      3A92
 283 0752 B7157BE1 		.ascii	"\267\025{\341-:\212\\\3315|\301\023\357b\310\346\361"
 283      2D3A8A5C 
 283      D9357CC1 
 283      13EF62C8 
 283      E6F1
 284 0764 EE53BE38 		.ascii	"\356S\2768\231!}\261\24565>\304\220\202\215\217rHK^"
 284      99217DB1 
 284      A536353E 
 284      C490828D 
 284      8F72484B 
 285 0779 00D98364 		.ascii	"\000\331\203d}p\001\353\203gKG\362\325\370\010\245\025"
 285      7D7001EB 
 285      83674B47 
 285      F2D5F808 
 285      A515
 286 078b CE9F7D94 		.ascii	"\316\237}\224\252\227\245\315\242\215t\241\231\007\026"
 286      AA97A5CD 
 286      A28D74A1 
 286      990716
 287 079a 9D902C5A 		.ascii	"\235\220,Z\340\350\203\203\231V<_\205\226-@K\300\234"
 287      E0E88383 
 287      99563C5F 
 287      85962D40 
 287      4BC09C
 288 07ad 5C306701 		.ascii	"\\0g\0017'\007\314\311f\346\344\034\312\256\360\306"
 288      372707CC 
 288      C966E6E4 
 288      1CCAAEF0 
 288      C6
 289 07be 27998494 		.ascii	"'\231\204\224\375eg}d\353\321\367\317\320\\(\000\011"
 289      FD65677D 
 289      64EBD1F7 
 289      CFD05C28 
 289      0009
 290 07d0 F992843C 		.ascii	"\371\222\204<\301\215\210\223\312\"b\3666\346y\342\363"
 290      C18D8893 
 290      CA2262F6 
 290      36E679E2 
 290      F3
 291 07e1 4C84ADF4 		.ascii	"L\204\255\364\332\036,O\231\351I\222\373\205 \342\224"
 291      DA1E2C4F 
 291      99E94992 
 291      FB8520E2 
 291      94
 292 07f2 24A2C09D 		.ascii	"$\242\300\235\210\323\312\"\366\247\366\314\307W\230"
 292      88D3CA22 
ARM GAS  C:\Users\User\AppData\Local\Temp\ccDd5Qql.s 			page 23


 292      F6A7F6CC 
 292      C75798
 293 0801 4BB76D9F 		.ascii	"K\267m\237.\300\270\202\211K\2772\271K\262\250[\373"
 293      2EC0B882 
 293      894BBF32 
 293      B94BB2A8 
 293      5BFB
 294 0813 053A0F92 		.ascii	"\005:\017\222\316\276\203\244s\312\222\332\323\007F"
 294      CEBE83A4 
 294      73CA92DA 
 294      D30746
 295 0822 D4B88E89 		.ascii	"\324\270\216\211:r\255\340\216\02670Q\017{\013\307\275"
 295      3A72ADE0 
 295      8E163730 
 295      510F7B0B 
 295      C7BD
 296 0834 1DA2FA40 		.ascii	"\035\242\372@\324%\020u\341\035D]T\026\325\037\367\270"
 296      D4251075 
 296      E11D445D 
 296      5416D51F 
 296      F7B8
 297 0846 8BAFA5E7 		.ascii	"\213\257\245\347\223\326\275/y\031ne\202_\034\275UH"
 297      93D6BD2F 
 297      79196E65 
 297      825F1CBD 
 297      5548
 298 0858 1ECD017A 		.ascii	"\036\315\001z\364gY\326\004\260\254I\333\335\235\344"
 298      F46759D6 
 298      04B0AC49 
 298      DBDD9DE4 
 299 0868 89BB995A 		.ascii	"\211\273\231Z\007\237?\210\365\226e\315\207\351\364"
 299      079F3F88 
 299      F59665CD 
 299      87E9F4
 300 0877 E95906BA 		.ascii	"\351Y\006\272]\225t\013p\250\226\021k\375\233\350\245"
 300      5D95740B 
 300      70A89611 
 300      6BFD9BE8 
 300      A5
 301 0888 2A340975 		.ascii	"*4\011uPE\367\030\240]\000\327\356\012hw\231i\2679."
 301      5045F718 
 301      A05D00D7 
 301      EE0A6877 
 301      9969B739 
 302 089d 7B97177E 		.ascii	"{\227\027~\301\204\\o\335\264N\276\217\251b[\014\220"
 302      C1845C6F 
 302      DDB44EBE 
 302      8FA9625B 
 302      0C90
 303 08af 512EC928 		.ascii	"Q.\311(\023\334\013\271\246,\244\243\240\265B\215\307"
 303      13DC0BB9 
 303      A62CA4A3 
 303      A0B5428D 
 303      C7
 304 08c0 989086A4 		.ascii	"\230\220\206\244M\003\036\222%\331\036\355\327\266\222"
 304      4D031E92 
 304      25D91EED 
ARM GAS  C:\Users\User\AppData\Local\Temp\ccDd5Qql.s 			page 24


 304      D7B692
 305 08cf 6E530562 		.ascii	"nS\005b\256Kb*\336\"\246RYL\366@\357\015\037\371\316"
 305      AE4B622A 
 305      DE22A652 
 305      594CF640 
 305      EF0D1FF9 
 306 08e4 95B09456 		.ascii	"\225\260\224V\351\325\202\201/5c\272\317\337G\270\305"
 306      E9D58281 
 306      2F3563BA 
 306      CFDF47B8 
 306      C5
 307 08f5 93BAF9DE 		.ascii	"\223\272\371\336\370\345I\003\356\244\210\272+k\370"
 307      F8E54903 
 307      EEA488BA 
 307      2B6BF8
 308 0904 19ECB216 		.ascii	"\031\354\262\026 \244\0078f?#P\241\233\300\252F\300"
 308      20A40738 
 308      663F2350 
 308      A19BC0AA 
 308      46C0
 309 0916 F6339654 		.ascii	"\3663\226T+h6\370g2\254\224\012\265\240 \271\005+aP"
 309      2B6836F8 
 309      6732AC94 
 309      0AB5A020 
 309      B9052B61 
 310 092b AF0ED44B 		.ascii	"\257\016\324K\205\246EF\310\306\350\346\341\003\236"
 310      85A64546 
 310      C8C6E8E6 
 310      E1039E
 311 093a 7A3E6BCB 		.ascii	"z>k\313[g\001\365\340H\333]AnT\275\223Q\267\035F\225"
 311      5B6701F5 
 311      E048DB5D 
 311      416E54BD 
 311      9351B71D 
 312 0950 DD8CCDF1 		.ascii	"\335\214\315\361\302\217\230Q\335o\016?\322\342>\206"
 312      C28F9851 
 312      DD6F0E3F 
 312      D2E23E86 
 313 0960 8C27DF38 		.ascii	"\214'\3378\342\215\007\031\262'\357v\223\006\2172\244"
 313      E28D0719 
 313      B227EF76 
 313      93068F32 
 313      A4
 314 0971 E3E47489 		.ascii	"\343\344t\211\006\277b\310\241\266\241|-\236\244\210"
 314      06BF62C8 
 314      A1B6A17C 
 314      2D9EA488 
 315 0981 5076EF70 		.ascii	"Pv\357p\216\267\363n\036V\273\216\256\372\000T\375\316"
 315      8EB7F36E 
 315      1E56BB8E 
 315      AEFA0054 
 315      FDCE
 316 0993 792FDF9F 		.ascii	"y/\337\237\366\017t[\320$\030\320})\216\337\361\235"
 316      F60F745B 
 316      D02418D0 
 316      7D298EDF 
 316      F19D
ARM GAS  C:\Users\User\AppData\Local\Temp\ccDd5Qql.s 			page 25


 317 09a5 7C574C65 		.ascii	"|WLe\243\016\307\262\324\036\352\277;\345\21573\304"
 317      A30EC7B2 
 317      D41EEABF 
 317      3BE58D37 
 317      33C4
 318 09b7 3A71A545 		.ascii	":q\245E\203\2671\244u\377x\227'\336\311\220\352{\333"
 318      83B731A4 
 318      75FF7897 
 318      27DEC990 
 318      EA7BDB
 319 09ca AEAAF16E 		.ascii	"\256\252\361n\206\034\257\355\262z\340}\014)\331Z;\245"
 319      861CAFED 
 319      B27AE07D 
 319      0C29D95A 
 319      3BA5
 320 09dc C3490C49 		.ascii	"\303I\014I\275\2649F\217S\031\222;3\262\313\200\323"
 320      BDB43946 
 320      8F531992 
 320      3B33B2CB 
 320      80D3
 321 09ee 19325E72 		.ascii	"\0312^r'\223/\235\375\001=Q\272\255\032\363\245\257"
 321      27932F9D 
 321      FD013D51 
 321      BAAD1AF3 
 321      A5AF
 322 0a00 9084BDF6 		.ascii	"\220\204\275\366g\236\253\360A\376\3543\327?\300\237"
 322      679EABF0 
 322      41FEEC33 
 322      D73FC09F 
 323 0a10 6D87EA6F 		.ascii	"m\207\352oz\364\346\326\260\335\031\261\246\025\254"
 323      7AF4E6D6 
 323      B0DD19B1 
 323      A615AC
 324 0a1f 7926CCDA 		.ascii	"y&\314\332@\311\367[\015\277g;(B\336\342J^,\270\354"
 324      40C9F75B 
 324      0DBF673B 
 324      2842DEE2 
 324      4A5E2CB8 
 325 0a34 B7CA65D4 		.ascii	"\267\312e\324m\312\314e\324\3352\352{\256\324[]yw\377"
 325      6DCACC65 
 325      D4DD32EA 
 325      7BAED45B 
 325      5D7977FF 
 326 0a48 4EA2EE72 		.ascii	"N\242\356r\245v\335V\366\311\210;\025\211\345FN\312"
 326      A576DD56 
 326      F6C9883B 
 326      1589E546 
 326      4ECA
 327 0a5a A8DB5DA9 		.ascii	"\250\333]\251\345{P\371V\360!\244r7(\211l|\006\331\012"
 327      E57B50F9 
 327      56F021A4 
 327      72372889 
 327      6C7C06D9 
 328 0a6f BE80F479 		.ascii	"\276\200\364y*\370\243^\200\347\000}\000=\000\217\000"
 328      2AF8A35E 
 328      80E7007D 
 328      003D008F 
ARM GAS  C:\Users\User\AppData\Local\Temp\ccDd5Qql.s 			page 26


 328      00
 329 0a80 1E03F403 		.ascii	"\036\003\364\003<\021\344\373\364a\231\354\016e\331"
 329      3C11E4FB 
 329      F46199EC 
 329      0E65D9
 330 0a8f 4BA52DEA 		.ascii	"K\245-\352\255V\266E\005*\371\026\225\357\215;\374\366"
 330      AD56B645 
 330      052AF916 
 330      95EF8D3B 
 330      FCF6
 331 0aa1 D0BD31E1 		.ascii	"\320\2751\341\325\254\034,f\007\244\314\336\232\275"
 331      D5AC1C2C 
 331      6607A4CC 
 331      DE9ABD
 332 0ab0 3BD5F2F2 		.ascii	";\325\362\362\223\023\253\320\200\243\374:J2_y\343M"
 332      9313ABD0 
 332      80A3FC3A 
 332      4A325F79 
 332      E34D
 333 0ac2 5E24EF70 		.ascii	"^$\357p\375@Z\211\001\371\317\015\340\011\225\355\221"
 333      FD405A89 
 333      01F9CF0D 
 333      E00995ED 
 333      91
 334 0ad3 FAB89625 		.ascii	"\372\270\226%\024\314@wA\350\260r\\v\3635\014q\235\264"
 334      14CC4077 
 334      41E8B072 
 334      5C76F335 
 334      0C719DB4 
 335 0ae7 F5E1F4C4 		.ascii	"\365\341\364\304u#\340\272!\356\032nl\0163v\330\331"
 335      7523E0BA 
 335      21EE1A6E 
 335      6C0E3376 
 335      D8D9
 336 0af9 58520B31 		.ascii	"XR\0131O^`\274\227\352\204\236\365\344BY&3\344\311\330"
 336      4F5E60BC 
 336      97EA849E 
 336      F5E44259 
 336      2633E4C9 
 337 0b0e D87D0DCE 		.ascii	"\330}\015\316d\310\231\231\234M\030gS\344\027\266\255"
 337      64C89999 
 337      9C4D1867 
 337      53E417B6 
 337      AD
 338 0b1f C75335A0 		.ascii	"\307S5\240:T\204a.\377\003\014\252#\200\374\300\367"
 338      3A548461 
 338      2EFF030C 
 338      AA2380FC 
 338      C0F7
 339 0b31 3C760BCA 		.ascii	"<v\013\312\305\337@Ob\002\374\355\037\270\033\020\340"
 339      C5DF404F 
 339      6202FCED 
 339      1FB81B10 
 339      E0
 340 0b42 38E2787A 		.ascii	"8\342xz\235\037q@\347E%`\303\204;G\313\023\346)\020"
 340      9D1F7140 
 340      E7452560 
ARM GAS  C:\Users\User\AppData\Local\Temp\ccDd5Qql.s 			page 27


 340      C3843B47 
 340      CB13E629 
 341 0b57 3C21042F 		.ascii	"<!\004/\371\014bu\001\016@'\261?\312\007\310\003\310"
 341      F90C6275 
 341      010E4027 
 341      B13FCA07 
 341      C803C8
 342 0b6a 05380190 		.ascii	"\0058\001\220\0030\016\311\222\015\277\307\001\216\001"
 342      03300EC9 
 342      920DBFC7 
 342      018E01
 343 0b79 EC05D801 		.ascii	"\354\005\330\001\260\011`#\300\024\334\177\0150\351"
 343      B0096023 
 343      C014DC7F 
 343      0D30E9
 344 0b88 94500DDF 		.ascii	"\224P\015\337\260\204\202.6\346\252Z\237k\011v\334\344"
 344      B084822E 
 344      36E6AA5A 
 344      9F6B0976 
 344      DCE4
 345 0b9a C72F64EB 		.ascii	"\307/d\353\366\034\271\220?\233\325\016\246\353\370"
 345      F61CB990 
 345      3F9BD50E 
 345      A6EBF8
 346 0ba9 F1CB1BB0 		.ascii	"\361\313\033\260|\\\231\336\365Hi\332)\261\336\260\304"
 346      7C5C99DE 
 346      F54869DA 
 346      29B1DEB0 
 346      C4
 347 0bba 923B6606 		.ascii	"\222;f\006n\222\346\200\254\240\3574wL!8\3464\030\031"
 347      6E92E680 
 347      ACA0EF34 
 347      774C2138 
 347      E6341819 
 348 0bce 0330E364 		.ascii	"\0030\343d`m\277\307t\241\325\032\257AV\314N\230\246"
 348      606DBFC7 
 348      74A1D51A 
 348      AF4156CC 
 348      4E98A6
 349 0be1 DDD5AB4C 		.ascii	"\335\325\253L\213h,\327\002f\272\325\342\014H\376q-"
 349      8B682CD7 
 349      0266BAD5 
 349      E20C48FE 
 349      712D
 350 0bf3 BA93B0F5 		.ascii	"\272\223\260\365\310|\024\013*L(\253\340\352\2078'\015"
 350      C87C140B 
 350      2A4C28AB 
 350      E0EA8738 
 350      270D
 351 0c05 C84496D3 		.ascii	"\310D\226\323\2129r\012\004\377\365r\004r\270:\207\347"
 351      8A39720A 
 351      04FFF572 
 351      0472B83A 
 351      87E7
 352 0c17 30D9BBC6 		.ascii	"0\331\273\306\270&J\264\340\024y(\306\206\377\211\246"
 352      B8264AB4 
 352      E0147928 
ARM GAS  C:\Users\User\AppData\Local\Temp\ccDd5Qql.s 			page 28


 352      C686FF89 
 352      A6
 353 0c28 69B519AC 		.ascii	"i\265\031\254\330\304\311\035\353\226\0367=\322A\260"
 353      D8C4C91D 
 353      EB961E37 
 353      3DD241B0 
 354 0c38 1D4C88C7 		.ascii	"\035L\210\307\314\234mp\275\025T\333\202\345*\335:\301"
 354      CC9C6D70 
 354      BD1554DB 
 354      82E52ADD 
 354      3AC1
 355 0c4a 338B3886 		.ascii	"3\2138\206\234\325\305c\345\226\255\310\177\212Op\317"
 355      9CD5C563 
 355      E596ADC8 
 355      7F8A4F70 
 355      CF
 356 0c5b BFFC9F58 		.ascii	"\277\374\237XY\304\362\234\231\315^\326f\247y\347\001"
 356      59C4F29C 
 356      99CD5ED6 
 356      66A779E7 
 356      01
 357 0c6c 2279E7B1 		.ascii	"\"y\347\261\237\203.L\245\347\240\304\025o\244\343\016"
 357      9F832E4C 
 357      A5E7A0C4 
 357      156FA4E3 
 357      0E
 358 0c7d 426CF716 		.ascii	"Bl\367\02688\317\356\340\235@\266\331\325\301=\350\355"
 358      3838CFEE 
 358      E09D40B6 
 358      D9D5C13D 
 358      E8ED
 359 0c8f 9D710F18 		.ascii	"\235q\017\030\221\300\015\332\015\327\273\234\235\225"
 359      91C00DDA 
 359      0DD7BB9C 
 359      9D95
 360 0c9d 237316B1 		.ascii	"#s\026\261&A\331\032E\326[\004\254\310\232YW\311MOP"
 360      2641D91A 
 360      45D65B04 
 360      ACC89A59 
 360      57C94D4F 
 361 0cb2 36DD3F25 		.ascii	"6\335?%\201\230Nl\212\227\326B\011\316\246\037\262\233"
 361      81984E6C 
 361      8A97D642 
 361      09CEA61F 
 361      B29B
 362 0cc4 BE0FCF43 		.ascii	"\276\017\317C\333\\M\337*\313\255=\012\012\252\3504"
 362      DB5C4DDF 
 362      2ACBAD3D 
 362      0A0AAAE8 
 362      34
 363 0cd5 A2DD51D0 		.ascii	"\242\335Q\320\356\010D2\013 \023\340 @:@\022@\"\300"
 363      EE084432 
 363      0B2013E0 
 363      20403A40 
 363      124022C0 
 364 0ce9 7E27A7F4 		.ascii	"~'\247\364}\305\"L\022z;\010%\\\334.\020\372\253e\215"
 364      7DC5224C 
ARM GAS  C:\Users\User\AppData\Local\Temp\ccDd5Qql.s 			page 29


 364      127A3B08 
 364      255CDC2E 
 364      10FAAB65 
 365 0cfe 6CC78F51 		.ascii	"l\307\217Qw\377;c\235\014\356\336\351\236XV\354)N\305"
 365      77FF3B63 
 365      9D0CEEDE 
 365      E99E5856 
 365      EC294EC5 
 366 0d12 9E3CBBDD 		.ascii	"\236<\273\335\244\303\362!\215,\037\016\000\277\024"
 366      A4C3F221 
 366      8D2C1F0E 
 366      00BF14
 367 0d21 1E8E3430 		.ascii	"\036\21640\370\000\030\226*\031F6,[\264\003\303\217"
 367      F8001896 
 367      2A194636 
 367      2C5BB403 
 367      C38F
 368 0d33 ACD63D06 		.ascii	"\254\326=\006zr\261\213OPj7lB\337{\2445\221\364|\215"
 368      7A72B18B 
 368      4F506A37 
 368      6C42DF7B 
 368      A43591F4 
 369 0d49 18ADA350 		.ascii	"\030\255\243P\\3\275g\223\0079vH\301\256\353\011\026"
 369      5C33BD67 
 369      93073976 
 369      48C1AEEB 
 369      0916
 370 0d5b C967C779 		.ascii	"\311g\307y$\311\271\304\301\037s\323\330e\356\324C\340"
 370      24C9B9C4 
 370      C11F73D3 
 370      D865EED4 
 370      43E0
 371 0d6d A7CC77F2 		.ascii	"\247\314w\362S\006PJ~:\304\374\344\246i\242\303\340"
 371      5306504A 
 371      7E3AC4FC 
 371      E4A669A2 
 371      C3E0
 372 0d7f 1EA96F3A 		.ascii	"\036\251o:\336\264%? ;F\302)KJ\311X\312\312\321\356"
 372      DEB4253F 
 372      203B46C2 
 372      294B4AC9 
 372      58CACAD1 
 373 0d94 EAABB821 		.ascii	"\352\253\270!\360X<\362V;H\015\224\360\247\"\261\372"
 373      F0583CF2 
 373      563B480D 
 373      94F0A722 
 373      B1FA
 374 0da6 E88F51D7 		.ascii	"\350\217Q\327\374+K\016B|\314=1S\367\376%\015\3617\320"
 374      FC2B4B0E 
 374      427CCC3D 
 374      3153F7FE 
 374      250DF137 
 375 0dbb CC5EBF8D 		.ascii	"\314^\277\215\025\370\215\304X\223\227\320\323\206\343"
 375      15F88DC4 
 375      589397D0 
 375      D386E3
 376 0dca BC6CF816 		.ascii	"\274l\370\026\212\025M\236\354Q\\\2638\311Z\032\215"
ARM GAS  C:\Users\User\AppData\Local\Temp\ccDd5Qql.s 			page 30


 376      8A154D9E 
 376      EC515CB3 
 376      38C95A1A 
 376      8D
 377 0ddb E981C119 		.ascii	"\351\201\301\031%\342e\262\345\360\"FKv\374EJ\264\262"
 377      25E265B2 
 377      E5F02246 
 377      4B76FC45 
 377      4AB4B2
 378 0dee 204EE7F1 		.ascii	" N\347\361 \302\016\014\335P^\334\310\227\374\037K}"
 378      20C20E0C 
 378      DD505EDC 
 378      C897FC1F 
 378      4B7D
 379 0e00 F58E2BF5 		.ascii	"\365\216+\365\354\375\304\344\317$\362\006er\231k\373"
 379      ECFDC4E4 
 379      CF24F206 
 379      6572996B 
 379      FB
 380 0e11 737920C8 		.ascii	"sy \310\"\261\321\225|\366\333\241n\316\235\254fF\225"
 380      22B1D195 
 380      7CF6DBA1 
 380      6ECE9DAC 
 380      664695
 381 0e24 C965DC5B 		.ascii	"\311e\334[~&=\322^#\227G\332\254\300\345\262\2768!("
 381      7E263DD2 
 381      5E239747 
 381      DAACC0E5 
 381      B2BE3821 
 382 0e39 F6C55F1C 		.ascii	"\366\305_\034\247\207]$]_IIH\210\355\322\352\373=&\207"
 382      A7875D24 
 382      5D5F4949 
 382      4888EDD2 
 382      EAFB3D26 
 383 0e4e E36815DB 		.ascii	"\343h\025\333\005N\277M\340\255\315\230d\312\264\222"
 383      054EBF4D 
 383      E0ADCD98 
 383      64CAB492 
 384 0e5e BC9E442D 		.ascii	"\274\236D-\271G\3264\323\322\003h\232J\203u\357\200"
 384      B947D634 
 384      D3D20368 
 384      9A4A8375 
 384      EF80
 385 0e70 2DF6882F 		.ascii	"-\366\210/\2567\260W\227\265[ny\342F\206\234J\210\216"
 385      AE37B057 
 385      97B55B6E 
 385      79E24686 
 385      9C4A888E 
 386 0e84 C6F82143 		.ascii	"\306\370!Cn\214\306\367\323\035x\354\333w\340x\177Q"
 386      6E8CC6F7 
 386      D31D78EC 
 386      DB77E078 
 386      7F51
 387 0e96 1E488395 		.ascii	"\036H\203\225\262\342\363\344\034\306\350\002o`\227"
 387      B2E2F3E4 
 387      1CC6E802 
 387      6F6097
ARM GAS  C:\Users\User\AppData\Local\Temp\ccDd5Qql.s 			page 31


 388 0ea5 A0422F3A 		.ascii	"\240B/:\232W\\,\255\275\355;\032Y\355\025A\320\317s"
 388      9A575C2C 
 388      ADBDED3B 
 388      1A59ED15 
 388      41D0CF73 
 389 0eb9 6AB715D2 		.ascii	"j\267\025\322\323\311\034}\001\273\256\372m\361/\013"
 389      D3C91C7D 
 389      01BBAEFA 
 389      6DF12F0B 
 390 0ec9 D4F80555 		.ascii	"\324\370\005U^x\326\327]\357\203\002\346\332\003\360"
 390      5E78D6D7 
 390      5DEF8302 
 390      E6DA03F0 
 391 0ed9 713A7D30 		.ascii	"q:}0]\006\326\305\330\341\222\013\364\301\244\250v\011"
 391      5D06D6C5 
 391      D8E1920B 
 391      F4C1A4A8 
 391      7609
 392 0eeb A8AAA436 		.ascii	"\250\252\2446\010\232H\356\215\367\306S\314KG\313\306"
 392      089A48EE 
 392      8DF7C653 
 392      CC4B47CB 
 392      C6
 393 0efc 4AF538D6 		.ascii	"J\3658\326\233!\235\3436/\234\312\220\334\236\007-\364"
 393      9B219DE3 
 393      362F9CCA 
 393      90DC9E07 
 393      2DF4
 394 0f0e BC23F61D 		.ascii	"\274#\366\035\337Ik\216\345\264\330\264\210\275\343"
 394      DF496B8E 
 394      E5B4D8B4 
 394      88BDE3
 395 0f1d 75B4A64B 		.ascii	"u\264\246K\256\257i\253\260\362kZ\346\320\356\337&["
 395      AEAF69AB 
 395      B0F26B5A 
 395      E6D0EEDF 
 395      265B
 396 0f2f 4B63302A 		.ascii	"Kc0*\303zT\212\025\251\345mb\254\205\227\263\375ul\225"
 396      C37A548A 
 396      15A9E56D 
 396      62AC8597 
 396      B3FD756C 
 397 0f44 B2F37935 		.ascii	"\262\363y5\377\326\371\205\351lb\247\027\246-,TU\330"
 397      FFD6F985 
 397      E96C62A7 
 397      17A62D2C 
 397      5455D8
 398 0f57 ED0B53C7 		.ascii	"\355\013S\307c\356*W\225\270\273\022\334]\001\217\271"
 398      63EE2A57 
 398      95B8BB12 
 398      DC5D018F 
 398      B9
 399 0f68 EB00E500 		.ascii	"\353\000\345\000\327$\327\357\255)\354\323\342L\352"
 399      D724D7EF 
 399      AD29ECD3 
 399      E24CEA
 400 0f77 6021F171 		.ascii	"`!\361qS\213N\026\343\317\323N\221\030\327\000\233j"
ARM GAS  C:\Users\User\AppData\Local\Temp\ccDd5Qql.s 			page 32


 400      538B4E16 
 400      E3CFD34E 
 400      9118D700 
 400      9B6A
 401 0f89 29C655B2 		.ascii	")\306U\262\030\273\010\275\001\202\336A\350\205\313"
 401      18BB08BD 
 401      0182DE41 
 401      E885CB
 402 0f98 2F3E6587 		.ascii	"/>e\207)\013\310\233"
 402      290BC89B 
 403 0fa0 A6F6A152 		.ascii	"\246\366\241R\376\3371]\344\314\373\324\255\235i\336"
 403      FEDF315D 
 403      E4CCFBD4 
 403      AD9D69DE 
 404 0fb0 F8028B79 		.ascii	"\370\002\213y\376\356\350\275\002\276\302\220\346\315"
 404      FEEEE8BD 
 404      02BEC290 
 404      E6CD
 405 0fbe A3351EB8 		.ascii	"\2435\036\270\216\"\272\2623\321[0?s\221E\267-\227?"
 405      8E22BAB2 
 405      33D15B30 
 405      3F739145 
 405      B72D973F 
 406 0fd2 78EC3DA9 		.ascii	"x\354=\251\311\375\243\233\254K:d+\273z\354B\356\334"
 406      C9FDA39B 
 406      AC4B3A64 
 406      2BBB7AEC 
 406      42EEDC
 407 0fe5 7DC12763 		.ascii	"}\301'c\355.\015R\201\273\274A\336\222\263op\245\237"
 407      ED2E0D52 
 407      81BBBC41 
 407      DE92B36F 
 407      70A59F
 408 0ff8 D57F3B80 		.ascii	"\325\177;\200\275\225\220\333"
 408      BD9590DB 
 409 1000 3B5693F2 		.ascii	";V\223\362Z\2021\277/g~G\231\271<}\356\267\263\364i"
 409      5A8231BF 
 409      2F677E47 
 409      99B93C7D 
 409      EEB7B3F4 
 410 1015 729F3E75 		.ascii	"r\237>ux\001\252\3050\373\026w\005\211\344}\210\344"
 410      7801AAC5 
 410      30FB1677 
 410      0589E47D 
 410      88E4
 411 1027 5D88E06D 		.ascii	"]\210\340m\200\006\200F\200{\000w\244\210>\032H\354"
 411      80068046 
 411      807B0077 
 411      A4883E1A 
 411      48EC
 412 1039 55E3BB2C 		.ascii	"U\343\273,\215:\3575Vx\243\271\001\212\214[\200\331"
 412      8D3AEF35 
 412      5678A3B9 
 412      018A8C5B 
 412      80D9
 413 104b BB327634 		.ascii	"\2732v4\373\324)\262\342h\206i\017\244<l\302\274\375"
 413      FBD429B2 
ARM GAS  C:\Users\User\AppData\Local\Temp\ccDd5Qql.s 			page 33


 413      E2688669 
 413      0FA43C6C 
 413      C2BCFD
 414 105e DE1ECD8A 		.ascii	"\336\036\315\212\327`\033\313\221\362\214K\177\217\237"
 414      D7601BCB 
 414      91F28C4B 
 414      7F8F9F
 415 106d B1EBD1BD 		.ascii	"\261\353\321\275-\235>\270\237!\275\371\215\215\030"
 415      2D9D3EB8 
 415      9F21BDF9 
 415      8D8D18
 416 107c BF642AE6 		.ascii	"\277d*\346n\274}Q\220\277v\230\240\257\035\272\240\306"
 416      6EBC7D51 
 416      90BF7698 
 416      A0AF1DBA 
 416      A0C6
 417 108e 3BB0CB7B 		.ascii	";\260\313{E\3057\224\235X\351%2\316Kn\374\012\005\370"
 417      45C53794 
 417      9D58E925 
 417      32CE4B6E 
 417      FC0A05F8 
 418 10a2 F30A1AB8 		.ascii	"\363\012\032\270\252\035/$|\037\316Z\356A\370z\222\264"
 418      AA1D2F24 
 418      7C1FCE5A 
 418      EE41F87A 
 418      92B4
 419 10b4 ACF889D4 		.ascii	"\254\370\211\324v\220\372\360\3357\025*JL|h\003E\272"
 419      7690FAF0 
 419      DD37152A 
 419      4A4C7C68 
 419      0345BA
 420 10c7 A5400C65 		.ascii	"\245@\014e=\275\247\301\265>\324\312\247g\252\266I\201"
 420      3DBDA7C1 
 420      B53ED4CA 
 420      A767AAB6 
 420      4981
 421 10d9 70E9C73D 		.ascii	"p\351\307=0Q\211\011o5+\310\003\3571\334\177$\371\343"
 421      30518909 
 421      6F352BC8 
 421      03EF31DC 
 421      7F24F9E3 
 422 10ed 21F7B8F6 		.ascii	"!\367\270\366\370\355\234\227\002\232\313\216l\344a"
 422      F8ED9C97 
 422      029ACB8E 
 422      6CE461
 423 10fc 7E04DC1F 		.ascii	"~\004\334\037\022\356\2550\353\011\347\376\014\270\277"
 423      12EEAD30 
 423      EB09E7FE 
 423      0CB8BF
 424 110b 80B0F601 		.ascii	"\200\260\366\001<\005x\016\320\353\264\342\206\272}"
 424      3C05780E 
 424      D0EBB4E2 
 424      86BA7D
 425 111a 90CFEB96 		.ascii	"\220\317\353\226<Q\316\362\331J\3337\276\010\014g\276"
 425      3C51CEF2 
 425      D94ADB37 
 425      BE080C67 
ARM GAS  C:\Users\User\AppData\Local\Temp\ccDd5Qql.s 			page 34


 425      BE
 426 112b 231AB6B9 		.ascii	"#\032\266\271R?v\245\356\016e+\017\322\311\256pjG\323"
 426      523F76A5 
 426      EE0E652B 
 426      0FD2C9AE 
 426      706A47D3 
 427 113f 929F1FF1 		.ascii	"\222\237\037\361G\3423V(O\224V\351=/x\215\222\265G/"
 427      47E23356 
 427      284F9456 
 427      E93D2F78 
 427      8D92B547 
 428 1154 62CC1CE7 		.ascii	"b\314\034\347\010=\316-\000\350\313\271l\222\2757\271"
 428      083DCE2D 
 428      00E8CBB9 
 428      6C92BD37 
 428      B9
 429 1165 6C473548 		.ascii	"lG5HQ\206\330]\336\0307\346\215\333X\354\206J[aA\341"
 429      5186D85D 
 429      DE1837E6 
 429      8DDB58EC 
 429      864A5B61 
 430 117b 5C440EEF 		.ascii	"\\D\016\357\016\202G\337\305\273\216\015\364\301Q\222"
 430      0E8247DF 
 430      C5BB8E0D 
 430      F4C15192 
 431 118b 860330A5 		.ascii	"\206\0030\245_\012\347\023{\001%\235\254k6|\220e\355"
 431      5F0AE713 
 431      7B01259D 
 431      AC6B367C 
 431      9065ED
 432 119e 62A138B1 		.ascii	"b\2418\261\253\326j=,P\362n\266\334q\210V\221\021\362"
 432      ABD66A3D 
 432      2C50F26E 
 432      B6DC7188 
 432      569111F2 
 433 11b2 1F0DF803 		.ascii	"\037\015\370\003\362\364\250\313nE\362C\315\001\247"
 433      F2F4A8CB 
 433      6E45F243 
 433      CD01A7
 434 11c1 6DD830DB 		.ascii	"m\3300\333^\220_\362,?\361\272\320WN\\\343D<\302\211"
 434      5E905FF2 
 434      2C3FF1BA 
 434      D0574E5C 
 434      E3443CC2 
 435 11d6 4728716F 		.ascii	"G(qou\365\021\017\374\324\207\275\305m\216\273\310\337"
 435      75F5110F 
 435      FCD487BD 
 435      C56D8EBB 
 435      C8DF
 436 11e8 F87A91F7 		.ascii	"\370z\221\367\355\266\375W=\331\003\343\001\271}\370"
 436      EDB6FD57 
 436      3DD903E3 
 436      01B97DF8 
 437 11f8 E648A21E 		.ascii	"\346H\242\036\2171\3327\203\267\337\360\1774\321\223"
 437      8F31DA37 
 437      83B7DFF0 
 437      7F34D193 
ARM GAS  C:\Users\User\AppData\Local\Temp\ccDd5Qql.s 			page 35


 438 1208 874BCCA9 		.ascii	"\207K\314\251N\017\275\364B\227\214K2'0yI\262x\001\032"
 438      4E0FBDF4 
 438      42978C4B 
 438      32273079 
 438      49B27801 
 439 121d C7F41D49 		.ascii	"\307\364\035I\363\316\2616\265_\002w\371BD\337\326\214"
 439      F3CEB136 
 439      B55F0277 
 439      F94244DF 
 439      D68C
 440 122f 41B05E62 		.ascii	"A\260^bB>\211\375\354\223\010\365\265\346\321\022o9"
 440      423E89FD 
 440      EC9308F5 
 440      B5E6D112 
 440      6F39
 441 1241 75FD5BA9 		.ascii	"u\375[\251O\264Vh\301\311\267K\311\177r.;\035Sj\215"
 441      4FB45668 
 441      C1C9B74B 
 441      C97F722E 
 441      3B1D536A 
 442 1256 FD02BDC6 		.ascii	"\375\002\275\306~\350\025\204\244\035\275/\233:\012"
 442      7EE81584 
 442      A41DBD2F 
 442      9B3A0A
 443 1265 23BF1654 		.ascii	"#\277\026Th\212z\271zc\335i_<\303\354\313\352\273x\215"
 443      688A7AB9 
 443      7A63DD69 
 443      5F3CC3EC 
 443      CBEABB78 
 444 127a FF838537 		.ascii	"\377\203\2057\371W\217\314}G\325\314\027O\251\224\347"
 444      F9578FCC 
 444      7D47D5CC 
 444      174FA994 
 444      E7
 445 128b 675FF9BA 		.ascii	"g_\371\272\265\327\252\346\366\246\261wB\027n_<\340"
 445      B5D7AAE6 
 445      F6A6B177 
 445      42176E5F 
 445      3CE0
 446 129d E56AEF0C 		.ascii	"\345j\357\014\2501M\325\210V\373\331'\321\343\335\346"
 446      A8314DD5 
 446      8856FBD9 
 446      27D1E3DD 
 446      E6
 447 12ae 4DC99EAE 		.ascii	"M\311\236\256\366\272\245N\255)O\366\341\366\326|\036"
 447      F6BAA54E 
 447      AD294FF6 
 447      E1F6D67C 
 447      1E
 448 12bf 9D511ABD 		.ascii	"\235Q\032\275\020\305\250\231\2656\260V\232\370\206"
 448      10C5A899 
 448      B536B056 
 448      9AF886
 449 12ce 5B1BABFE 		.ascii	"[\033\253\376@\2453\256\023\215!\341!\242\356\227\337"
 449      40A533AE 
 449      138D21E1 
 449      21A2EE97 
ARM GAS  C:\Users\User\AppData\Local\Temp\ccDd5Qql.s 			page 36


 449      DF
 450 12df 7CB7F0CB 		.ascii	"|\267\360\313\245KU_}\371/+\203\326\206\254\012Y\371"
 450      A54B555F 
 450      7DF92F2B 
 450      83D686AC 
 450      0A59F9
 451 12f2 25F9FE56 		.ascii	"%\371\376V\214\012\016\211X\272b\3352\343\372\220\360"
 451      8C0A0E89 
 451      58BA62DD 
 451      32E3FA90 
 451      F0
 452 1303 E088F516 		.ascii	"\340\210\365\026\3718\243\214\260,]\261|q\204e\261Y"
 452      F938A38C 
 452      B02C5DB1 
 452      7C718465 
 452      B159
 453 1315 5C6C3107 		.ascii	"\\l1\007-\016Z\273N\\\024\244\322\007\255\375\376\327"
 453      2D0E5ABB 
 453      4E5C14A4 
 453      D207ADFD 
 453      FED7
 454 1327 FF19F1AD 		.ascii	"\377\031\361\255I\374J\267N\\\035\025\036d\024\277\375"
 454      49FC4AB7 
 454      4E5C1D15 
 454      1E6414BF 
 454      FD
 455 1338 CBB88784 		.ascii	"\313\270\207\204\007\205F\005\233@\202\345\007\213\370"
 455      07854605 
 455      9B4082E5 
 455      078BF8
 456 1347 43A4C9B2 		.ascii	"C\244\311\262h\255Jo4F\205\204\213K\227\033\3058\024"
 456      68AD4A6F 
 456      34468584 
 456      8B4B971B 
 456      C53814
 457 135a 64E74FBF 		.ascii	"d\347O\277-\263\371\313\306W\212\021\021\241\226\225"
 457      2DB3F9CB 
 457      C6578A11 
 457      11A19695 
 458 136a 6BC2A316 		.ascii	"k\302\243\026\322\253\205\201\346\260\205\246\260U\246"
 458      D2AB8581 
 458      E6B085A6 
 458      B055A6
 459 1379 E06053F0 		.ascii	"\340`S\360\312\345\213\226-\374t\311\322\025\177Z\272"
 459      CAE58B96 
 459      2DFC74C9 
 459      D2157F5A 
 459      BA
 460 138a 12C63F09 		.ascii	"\022\306?\011\217\0107}b\012\004\316\\\211\225a\201"
 460      8F08377D 
 460      620A04CE 
 460      5C899561 
 460      81
 461 139b C02BDCB4 		.ascii	"\300+\334\264\322\030lZ\035\030\025*\032\355\012\351"
 461      D2186C5A 
 461      1D18152A 
 461      1AED0AE9 
ARM GAS  C:\Users\User\AppData\Local\Temp\ccDd5Qql.s 			page 37


 462 13ab ECEAFCF0 		.ascii	"\354\352\374\360\377\250\0158d\245\321\"\006\203hP\301"
 462      FFA80D38 
 462      64A5D122 
 462      06836850 
 462      C1
 463 13bc 93F82724 		.ascii	"\223\370'$\314d\024\325\304\361\036\301\246P1P\035i"
 463      CC6414D5 
 463      C4F11EC1 
 463      A6503150 
 463      1D69
 464 13ce 36AD5387 		.ascii	"6\255S\207\2336\210s\202\326\032\327\205\230\305\250"
 464      9B368873 
 464      82D61AD7 
 464      8598C5A8 
 465 13de C0502321 		.ascii	"\300P#!3\343\310@\263\257\323\210Q\374\337\237,VAk\203"
 465      33E3C840 
 465      B3AFD388 
 465      51FCDF9F 
 465      2C56416B 
 466 13f3 412703CB 		.ascii	"A'\003\313\207_\231,\220\021B\320Z}X (\273\326l\012"
 466      875F992C 
 466      901142D0 
 466      5A7D5820 
 466      28BBD66C 
 467 1408 0CD6C157 		.ascii	"\014\326\301Wh\2449$\202\307r\331\247FQg\277\320\212"
 467      68A43924 
 467      82C772D9 
 467      A7465167 
 467      BFD08A
 468 141b E48E515C 		.ascii	"\344\216Q\\\363\027\350\023\024\021\026\026\021\276"
 468      F317E813 
 468      14111616 
 468      11BE
 469 1429 3832C22C 		.ascii	"82\302,Z\026\377\307\257\276\376\362\353\015d,2$\324"
 469      5A16FFC7 
 469      AFBEFEF2 
 469      EB0D642C 
 469      3224D4
 470 143c 64B62CFE 		.ascii	"d\266,\376\345\227_\202\232\366\360i\303\304\015\241"
 470      E5975F82 
 470      9AF6F069 
 470      C3C40DA1 
 471 144c 10148F88 		.ascii	"\020\024\217\210\365\341&\263\307\237\242LQ&\3420\246"
 471      F5E126B3 
 471      C79FA24C 
 471      5126E230 
 471      A6
 472 145d AAC54807 		.ascii	"\252\305H\007|\2350P2,J4m\000\255\201\220^\352L\221"
 472      7C9D3050 
 472      322C4A34 
 472      6D00AD81 
 472      905EEA4C 
 473 1472 A67088C6 		.ascii	"\246p\210\306\032/\323:S\270\030\026h\371#\334\015\263"
 473      1A2FD33A 
 473      53B81816 
 473      68F923DC 
 473      0DB3
ARM GAS  C:\Users\User\AppData\Local\Temp\ccDd5Qql.s 			page 38


 474 1484 ACA113B4 		.ascii	"\254\241\023\264\353\003CD\270\351+\343Kd\372\310\021"
 474      EB034344 
 474      B8E92BE3 
 474      4B64FAC8 
 474      11
 475 1495 A388A234 		.ascii	"\243\210\2424\246\365d\252f\275\010ZE\302\217\305\024"
 475      A6F564AA 
 475      66BD085A 
 475      45C28FC5 
 475      14
 476 14a6 168983C2 		.ascii	"\026\211\203\302EO\243\321\356\037\376\353\001\243F"
 476      454FA3D1 
 476      EE1FFEEB 
 476      01A346
 477 14b5 11BC6C04 		.ascii	"\021\274l\004\232\300\310\265\021f\223\326BD[\326x\000"
 477      9AC0C8B5 
 477      116693D6 
 477      42445BD6 
 477      7800
 478 14c7 00C17A51 		.ascii	"\000\301zQ4G\3721\021F\263i\265\311l\012\017\002\345"
 478      3447FA31 
 478      1146B369 
 478      B5C96C0A 
 478      0F02E5
 479 14da 816DC4AA 		.ascii	"\201m\304\252?D\352L\033B\304\240\210`\223\306\034\374"
 479      3F44EA4C 
 479      1B42C4A0 
 479      886093C6 
 479      1CFC
 480 14ec 03CC5003 		.ascii	"\003\314P\003\211\305\223E\344s\220c\377\025\3118\260"
 480      89C59345 
 480      E4739063 
 480      FF15C938 
 480      B0
 481 14fd 5B1D1AB8 		.ascii	"[\035\032\270\306\242\025\303`\006`\0261P4\351D\372"
 481      C6A215C3 
 481      60066016 
 481      315034E9 
 481      44FA
 482 150f 435806AE 		.ascii	"CX\006\256\012\264\230x<\227\177\306\343I.\364\026\361"
 482      0AB49878 
 482      3C977FC6 
 482      E3492EF4 
 482      16F1
 483 1521 8F81A121 		.ascii	"\217\201\241!k\302\215\342o~\352\220\256\015\002\253"
 483      6BC28DE2 
 483      6F7EEA90 
 483      AE0D02AB 
 484 1531 2186EAF0 		.ascii	"!\206\352\360\3000\223:hm\240\331#\"4\030\242\030nZ"
 484      C030933A 
 484      686DA0D9 
 484      23223418 
 484      A2186E5A 
 485 1545 0F591E24 		.ascii	"\017Y\036$n\020,\221B\250\031\022n\015\324\221Q\304"
 485      6E102C91 
 485      42A81912 
 485      6E0DD491 
ARM GAS  C:\Users\User\AppData\Local\Temp\ccDd5Qql.s 			page 39


 485      51C4
 486 1557 E6A54B01 		.ascii	"\346\245K\001\226\010\346\237\013\346\317\005\363\012"
 486      9608E69F 
 486      0BE6CF05 
 486      F30A
 487 1565 C1BC5C30 		.ascii	"\301\274\\0\377\263`\376\314\213p&>\206I+\377*z\032"
 487      FFB360FE 
 487      CC8B7026 
 487      3E86492B 
 487      FF2A7A1A 
 488 1579 D7AD0823 		.ascii	"\327\255\010#uA\005\005E\204C\326\210j\222\353\236\216"
 488      75410505 
 488      458443D6 
 488      886A92EB 
 488      9E8E
 489 158b ACF0088B 		.ascii	"\254\360\010\213\204^\240\343!\023\277\371\251J\022"
 489      845EA0E3 
 489      2113BFF9 
 489      A94A12
 490 159a 920924FF 		.ascii	"\222\011$\377d\354 \341\200\035\016^E\023\232\364\036"
 490      64EC20E1 
 490      801D0E5E 
 490      45139AF4 
 490      1E
 491 15ab 5318B4C5 		.ascii	"S\030\264\305UQk<#\003\303C\202\214\220M>\362aH\220"
 491      55516B3C 
 491      2303C343 
 491      828C904D 
 491      3EF26148 
 492 15c0 7522C9F1 		.ascii	"u\"\311\361\367\\;\021K}-\357_\177\253p\017r\315L~\275"
 492      F75C3B11 
 492      4B7D2DEF 
 492      5F7FAB70 
 492      0F72CD4C 
 493 15d6 612A71CB 		.ascii	"a*q\313\017lFP\224\031\322Y4HCF\321\323\241\215 \206"
 493      0F6C4650 
 493      9419D259 
 493      34484346 
 493      D1D3A18D 
 494 15ec 692256AF 		.ascii	"i\"V\257\206\326\2435\213\264P\276\376\251\214\027\211"
 494      86D6A335 
 494      8BB450BE 
 494      FEA98C17 
 494      89
 495 15fd ED73C430 		.ascii	"\355s\3040c\020d\365*s\240\030\022\001\251\355%9B\364"
 495      631064F5 
 495      2A73A018 
 495      1201A9ED 
 495      253942F4 
 496 1611 361AE9E3 		.ascii	"6\032\351\343\317\270h\371\317\177\276Dg\307\234\206"
 496      CFB868F9 
 496      CF7FBE44 
 496      67C79C86 
 497 1621 57FC1F37 		.ascii	"W\374\0377\226Z\203"
 497      965A83
 498              		.text
 499              		.section	.gnu.lto_.symtab.9e808d79,"",%progbits
ARM GAS  C:\Users\User\AppData\Local\Temp\ccDd5Qql.s 			page 40


 500 0000 5F76745F 		.ascii	"_vt_init\000"
 500      696E6974 
 500      00
 501 0009 00       		.ascii	"\000"
 502 000a 00       		.ascii	"\000"
 503 000b 00       		.ascii	"\000"
 504 000c 00000000 		.ascii	"\000\000\000\000\000\000\000\000"
 504      00000000 
 505 0014 AE000000 		.ascii	"\256\000\000\000"
 506 0018 63685654 		.ascii	"chVTDoSetI\000"
 506      446F5365 
 506      744900
 507 0023 00       		.ascii	"\000"
 508 0024 00       		.ascii	"\000"
 509 0025 00       		.ascii	"\000"
 510 0026 00000000 		.ascii	"\000\000\000\000\000\000\000\000"
 510      00000000 
 511 002e DD000000 		.ascii	"\335\000\000\000"
 512 0032 63685654 		.ascii	"chVTDoResetI\000"
 512      446F5265 
 512      73657449 
 512      00
 513 003f 00       		.ascii	"\000"
 514 0040 00       		.ascii	"\000"
 515 0041 00       		.ascii	"\000"
 516 0042 00000000 		.ascii	"\000\000\000\000\000\000\000\000"
 516      00000000 
 517 004a E1000000 		.ascii	"\341\000\000\000"
 518 004e 636800   		.ascii	"ch\000"
 519 0051 00       		.ascii	"\000"
 520 0052 02       		.ascii	"\002"
 521 0053 00       		.ascii	"\000"
 522 0054 00000000 		.ascii	"\000\000\000\000\000\000\000\000"
 522      00000000 
 523 005c F1010000 		.ascii	"\361\001\000\000"
 524              		.text
 525              		.section	.gnu.lto_.opts,"",%progbits
 526 0000 272D666D 		.ascii	"'-fmath-errno' '-fsigned-zeros' '-ftrapping-math' '"
 526      6174682D 
 526      6572726E 
 526      6F272027 
 526      2D667369 
 527 0033 2D666E6F 		.ascii	"-fno-trapv' '-fno-openmp' '-fno-openacc' '-mcpu=cor"
 527      2D747261 
 527      70762720 
 527      272D666E 
 527      6F2D6F70 
 528 0066 7465782D 		.ascii	"tex-m7' '-mno-thumb-interwork' '-mthumb' '-ggdb' '-"
 528      6D372720 
 528      272D6D6E 
 528      6F2D7468 
 528      756D622D 
 529 0099 4F322720 		.ascii	"O2' '-fomit-frame-pointer' '-falign-functions=16' '"
 529      272D666F 
 529      6D69742D 
 529      6672616D 
 529      652D706F 
ARM GAS  C:\Users\User\AppData\Local\Temp\ccDd5Qql.s 			page 41


 530 00cc 2D666675 		.ascii	"-ffunction-sections' '-fdata-sections' '-fno-common"
 530      6E637469 
 530      6F6E2D73 
 530      65637469 
 530      6F6E7327 
 531 00ff 2720272D 		.ascii	"' '-flto'\000"
 531      666C746F 
 531      2700
 532              		.text
 533              		.comm	__gnu_lto_v1,1,1
 534              		.comm	__gnu_lto_slim,1,1
 535              		.ident	"GCC: (GNU Tools for ARM Embedded Processors 6-2017-q1-update) 6.3.1 20170215 (release) [AR
ARM GAS  C:\Users\User\AppData\Local\Temp\ccDd5Qql.s 			page 42


DEFINED SYMBOLS
                            *ABS*:00000000 chvt.c
                            *COM*:00000001 __gnu_lto_v1
                            *COM*:00000001 __gnu_lto_slim

NO UNDEFINED SYMBOLS
