ARM GAS  C:\Users\User\AppData\Local\Temp\cc8Lvxdi.s 			page 1


   1              		.cpu cortex-m7
   2              		.eabi_attribute 20, 1
   3              		.eabi_attribute 21, 1
   4              		.eabi_attribute 23, 3
   5              		.eabi_attribute 24, 1
   6              		.eabi_attribute 25, 1
   7              		.eabi_attribute 26, 1
   8              		.eabi_attribute 30, 2
   9              		.eabi_attribute 34, 1
  10              		.eabi_attribute 18, 4
  11              		.file	"hal_lld.c"
  12              		.text
  13              	.Ltext0:
  14              		.section	.gnu.lto_.profile.d7542962,"",%progbits
  15 0000 789C6365 		.ascii	"x\234ce`b`e```dhb\314\005\000\002\213\000\376"
  15      60626065 
  15      60606064 
  15      6862CC05 
  15      00028B00 
  16              		.text
  17              		.section	.gnu.lto_.icf.d7542962,"",%progbits
  18 0000 789C6365 		.ascii	"x\234ce`b\220b@\000\026\206\177\007\177_\342`\374\371"
  18      60629062 
  18      40001686 
  18      7F077F5F 
  18      E260FCF9 
  19 0014 E4C94D46 		.ascii	"\344\311MF\246\035\255\307\27601\237\336|\1777+\003"
  19      A61DADC7 
  19      BE30319F 
  19      DE7C7F37 
  19      2B03
  20 0026 00BEBF0D 		.ascii	"\000\276\277\015q"
  20      71
  21              		.text
  22              		.section	.gnu.lto_.jmpfuncs.d7542962,"",%progbits
  23 0000 789C6365 		.ascii	"x\234ce`b\340e@\000f f\0041\230\200\030\000\002a\000"
  23      6062E065 
  23      40006620 
  23      66043198 
  23      80180002 
  24 0016 1B       		.ascii	"\033"
  25              		.text
  26              		.section	.gnu.lto_.inline.d7542962,"",%progbits
  27 0000 789C6365 		.ascii	"x\234ce`b\360f@\000f\006\0061[F\006&\265\216\031\354"
  27      6062F066 
  27      40006606 
  27      06315B46 
  27      0626B58E 
  28 0016 0C6C0BE4 		.ascii	"\014l\013\344\231@\202\214\014B\312@1\251\011\247\031"
  28      9940828C 
  28      0C42CA40 
  28      31A909A7 
  28      19
  29 0027 11625C30 		.ascii	"\021b\\0\202\211\3414C\0373P~\002\343\201%\006p\005"
  29      8289E134 
  29      431F3350 
  29      7E02E381 
ARM GAS  C:\Users\User\AppData\Local\Temp\cc8Lvxdi.s 			page 2


  29      25067005 
  30 003b 0C00695D 		.ascii	"\014\000i]\011\231"
  30      0999
  31              		.text
  32              		.section	.gnu.lto_.pureconst.d7542962,"",%progbits
  33 0000 789C6365 		.ascii	"x\234ce`b`g```f\220b\224b\222\002\000\001\310\000c"
  33      60626067 
  33      60606066 
  33      90629462 
  33      92020001 
  34              		.text
  35              		.section	.gnu.lto_hal_lld_backup_domain_init.d7542962,"",%progbits
  36 0000 789C9D94 		.ascii	"x\234\235\224]H\024Q\024\307\317\231;\037\356\352\272"
  36      5D481451 
  36      14C7CF99 
  36      3B1FEEEA 
  36      BA
  37 0011 1204053E 		.ascii	"\022\004\005>\364\352K\203Y*=\004!\324SO\366(,~<\270"
  37      F4EA4B83 
  37      592A3D04 
  37      21D4534F 
  37      F6282C7E 
  38 0027 206DB496 		.ascii	" m\264\226\2769[\353\007nh/\271\026\331l\204\230\226"
  38      BE395BEB 
  38      076E682F 
  38      B916D96C 
  38      849896
  39 003a 6E967DAC 		.ascii	"n\226}\254Vn\273\232\005\213F\320\203%$!\342R\201\324"
  39      566EBB9A 
  39      058B46D0 
  39      83252421 
  39      E25281D4 
  40 004e 8289E676 		.ascii	"\202\211\346v\357\334YG|\251\365\302\236\331\271\363"
  40      EFDC5947 
  40      7CA9F5C2 
  40      9ED9B9F3 
  41 005e E7FCCEFF 		.ascii	"\347\374\316\377\3343#\201\000E\022@5\000\270\350\017"
  41      DC332381 
  41      00451240 
  41      3500B8E8 
  41      0F
  42 006f 7300856B 		.ascii	"s\000\205k\263\000\276\034A \241r\320\354\342\352~\320"
  42      B300BE1C 
  42      4120A172 
  42      D0ECE2EA 
  42      7ED0
  43 0081 F2088A7C 		.ascii	"\362\010\212|[D\211\377\221\004\345\352\014P\201\354"
  43      5B4489FF 
  43      9104E5EA 
  43      0C5081EC 
  44 0091 57A840E1 		.ascii	"W\250@\341\373'eDv\325r\020Z\004\"J\212\214-\002%\030"
  44      FB276544 
  44      76D57210 
  44      5A04224A 
  44      8A8C2D02 
  45 00a7 AB9B0409 		.ascii	"\253\233\004\011\306\332\227#B\321\200FW4\270p\314\247"
  45      C6DA9723 
ARM GAS  C:\Users\User\AppData\Local\Temp\cc8Lvxdi.s 			page 3


  45      42D18046 
  45      5734B870 
  45      CCA7
  46 00b9 B51ED009 		.ascii	"\265\036\320\011\300\015\30258\200E@e_G\267\256;d\221"
  46      C00DC235 
  46      38804540 
  46      655F47B7 
  46      AE3B6491 
  47 00cd EFE33D94 		.ascii	"\357\343=\224\221^\303\0370\252m\245\333\265h\252\037"
  47      915EC31F 
  47      30AA6DA5 
  47      DBB568AA 
  47      1F
  48 00de 83A7F711 		.ascii	"\203\247\367\021\320ie,\310,(,\330Y\310e\301\301B>\013"
  48      D069652C 
  48      C82C282C 
  48      D859C865 
  48      C1C1423E 
  49 00f3 4E160A58 		.ascii	"N\026\012X\000\350\244\011i\311\001\"\320\013Ibl<\271"
  49      00E8A409 
  49      69C90122 
  49      D00B4962 
  49      6C3CB9
  50 0106 5ECE007D 		.ascii	"^\316\000}\204\225\327\323\032\233S\272\210N\004de\334"
  50      8495D7D3 
  50      1A9B53BA 
  50      884E0464 
  50      65DC
  51 0118 F9E31FB1 		.ascii	"\371\343\037\261\361[m\321\247\211t\353vba\312\256c"
  51      F15B6DD1 
  51      A78974EB 
  51      766261CA 
  51      AE63
  52 012a 9F8F3A38 		.ascii	"\237\217:8\244\023\202CX\210\203X\010L?;\327\231R\324"
  52      A4138243 
  52      58888358 
  52      084C3F3B 
  52      D79952D4 
  53 013e 61CD8F3A 		.ascii	"a\315\217:\021\361>\352\330k\030\303\007\250B\022\257"
  53      11F13EEA 
  53      D86B18C3 
  53      07A84212 
  53      AF
  54 014f FC6E43CE 		.ascii	"\374nC\316\0229nde\362\226\235\345G\324\004\034\246"
  54      12396E64 
  54      65F2969D 
  54      E547D404 
  54      1CA6
  55 0161 5968453D 		.ascii	"YhE=6\246\311\0165b\241\302\250\322\374`X\333,\3458"
  55      36A6C90E 
  55      3562A1C2 
  55      A8D2FC60 
  55      58DB2CE5 
  56 0176 79A735C9 		.ascii	"y\2475\311\260\346\357\233^\266\361[m\265\303\260\366"
  56      B0E6EF9B 
  56      5EB6F15B 
  56      6DB5C3B0 
ARM GAS  C:\Users\User\AppData\Local\Temp\cc8Lvxdi.s 			page 4


  56      F6
  57 0187 EDCB4644 		.ascii	"\355\313FD\262x2\216R\336C\223\367\263\347\375b\036"
  57      B278328E 
  57      52DE4393 
  57      F7B3E7FD 
  57      621E
  58 0199 E3F9D833 		.ascii	"\343\371\3303\021\037\031Dv,\370\230\233\333l\033\224"
  58      111F1944 
  58      762CF898 
  58      9BDB6C1B 
  58      94
  59 01aa 384EE1C4 		.ascii	"8N\341\304\245\376\245\220\315t'\343\030M\264\204\376"
  59      A5FEA590 
  59      CD7427E3 
  59      184DB484 
  59      FE
  60 01bb CFF1A3A6 		.ascii	"\317\361\243\246\310\360\313V\200\020\350\220\330a\244"
  60      C8F0CB56 
  60      8010E890 
  60      D861A4
  61 01ca 56B64E98 		.ascii	"V\266N\230\346w\026\023\252\201\177\225\363\304*\347"
  61      E6771613 
  61      AA817F95 
  61      F3C42AE7 
  62 01da 29AA5430 		.ascii	")\252T0\264\246\377\022\031\\DM\023\361\031\357mj%\275"
  62      B4A6FF12 
  62      195C444D 
  62      13F119EF 
  62      6D6A25BD 
  63 01ee 47C0730B 		.ascii	"G\300s\013\0201\000\333\375\024\021p\334\260\022\240"
  63      103100DB 
  63      FD141170 
  63      DCB012A0 
  64 01fe 7DCF4C55 		.ascii	"}\317LU\357]\205\373\264\377wg\215\223\234\2608/v\015"
  64      EF5D85FB 
  64      B4FF7767 
  64      8D939CB0 
  64      382F760D 
  65 0212 4D2E4F96 		.ascii	"M.O\226\012&\346\235\274\255\007\361\345\256\231\311"
  65      0A26E69D 
  65      BCAD07F1 
  65      E5AE99C9 
  66 0222 82F4CA22 		.ascii	"\202\364\312\"M\262\231\3115\034H@\337`n\341f\334\264"
  66      4DB299C9 
  66      351C4840 
  66      DF606EE1 
  66      66DCB4
  67 0235 E0C87638 		.ascii	"\340\310v8\242V\352\327\231\341\2307\207#\237\347\233"
  67      A256EAD7 
  67      99E19837 
  67      87239FE7 
  67      9B
  68 0246 4EAF454D 		.ascii	"N\257EM\027\002\306\370l|\212'L\253\371T\021\376\036"
  68      1702C6F8 
  68      6C7C8A27 
  68      4CABF954 
  68      11FE1E
ARM GAS  C:\Users\User\AppData\Local\Temp\cc8Lvxdi.s 			page 5


  69 0259 59777005 		.ascii	"Ywp\005`\334\234\225N\242\000\375\362`\200\310\333\255"
  69      60DC9C95 
  69      4EA200FD 
  69      F26080C8 
  69      DBAD
  70 026b 7E9769B5 		.ascii	"~\227i\2653\273\227f\312\250R`UNg\2524\371\005<\331"
  70      33BB9766 
  70      CAA85260 
  70      554E67AA 
  70      34F9053C 
  71 0280 58F7C447 		.ascii	"X\367\304G\263\204\364F:\355\3047{\177Eg,\332[\326\356"
  71      B384F446 
  71      3AEDC437 
  71      7B7F4567 
  71      2CDA5BD6 
  72 0295 02F88197 		.ascii	"\002\370\201\227C\341.\203hzC\352\211*\\\025\307\253"
  72      43E12E83 
  72      687A43EA 
  72      892A5C15 
  72      C7AB
  73 02a7 6AEBDD35 		.ascii	"j\353\3355\356\252\012\026+\033/\326\271=\305e\227J"
  73      EEAA0A16 
  73      2B1B2FD6 
  73      B93DC565 
  73      974A
  74 02b9 5C4DEE73 		.ascii	"\\M\356su\236&\357\316}\256\364x\213\313JU\217W\255"
  74      759E26EF 
  74      CE7DAEF4 
  74      788BCB4A 
  74      558F57AD 
  75 02cd AF6E50CF 		.ascii	"\257nP\317{.4z\325\312\263gJ\216\360x\252\254\271\231"
  75      7B2E347A 
  75      D5CAB367 
  75      4A8EF078 
  75      AAACB999 
  76 02e1 3D713534 		.ascii	"=q54\324\035\256\205\277\373$\312>"
  76      D41DAE85 
  76      BFFB24CA 
  76      3E
  77              		.text
  78              		.section	.gnu.lto_hal_lld_init.d7542962,"",%progbits
  79 0000 789CA594 		.ascii	"x\234\245\224Mh\023Q\020\307\347\277o7\331@\264x+\330"
  79      4D681351 
  79      10C7E7BF 
  79      6F37D940 
  79      B4782BD8 
  80 0014 83D75E5C 		.ascii	"\203\327^\\j\301\200\327\202\007\301S=\026BM\016\015"
  80      6AC180D7 
  80      8207C153 
  80      3D16424D 
  80      0E0D
  81 0026 04574CB5 		.ascii	"\004WL\265\275ec\277\244\242\365\322\324\036\302\026"
  81      BD6563BF 
  81      A4A2F5D2 
  81      D41EC216 
  82 0036 3CD4586B 		.ascii	"<\324Xk\255\337\233\372\221F\253\036DEz\223R\361P(\365"
  82      ADDF9BFA 
ARM GAS  C:\Users\User\AppData\Local\Temp\cc8Lvxdi.s 			page 6


  82      9146AB1E 
  82      44457A93 
  82      52F15028 
  83 004b 1B0F1549 		.ascii	"\033\017\025I\353\233\335\320\315\305\303\246\017vv"
  83      EB9BDDD0 
  83      CDC5C3A6 
  83      0F7676
  84 005a F7BD79BF 		.ascii	"\367\275y\277\231\371\317\356\323H\241e\225\250\233"
  84      99F9CFEE 
  84      D348A165 
  84      95A89B
  85 0069 88F6CB0B 		.ascii	"\210\366\313\013\202\240\\yK\224\323\025\200\037,\035"
  85      82A05C79 
  85      4B94D315 
  85      801F2C1D 
  86 0079 945590C5 		.ascii	"\224U\220\305\230\230\020\250\214\2549J\353\264%Gyb"
  86      989810A8 
  86      8CAC394A 
  86      EBB42547 
  86      7962
  87 008b 393C6C0D 		.ascii	"9<l\0155\333\202hR^<0\215V\222n\237\347\267\306\367"
  87      35DB8268 
  87      525E3C30 
  87      8D56926E 
  87      9FE7B7C6 
  88 00a0 84546F1E 		.ascii	"\204To\036\327\021\202\274\317}@\331\332\332\036\261"
  88      D71182BC 
  88      CF7D40D9 
  88      DADA1EB1 
  89 00b0 CA6FAE61 		.ascii	"\312o\256a\345\330>\205l\001\215\215\316&\302&\312\206"
  89      E5D83E85 
  89      6C018D8D 
  89      CE26C226 
  89      CA86
  90 00c2 6854EEE3 		.ascii	"hT\356\343\340\027\205\302w\261\216Ji\375[\202I\005"
  90      E01785C2 
  90      77B18E4A 
  90      69FD5B82 
  90      4905
  91 00d4 A1C800F9 		.ascii	"\241\310\000\371\241\312\273\360ea\013\005\034o\260"
  91      A1CABBF0 
  91      65610B05 
  91      1C6FB0
  92 00e3 B0B416F1 		.ascii	"\260\264\026\361^\255\037\027,UNm\254\376u4\033\205"
  92      5EAD1F17 
  92      2C554E6D 
  92      ACFE7534 
  92      1B85
  93 00f5 9C4CF580 		.ascii	"\234L\365\200-\004n\240\005E\264\020\373\377\312\277"
  93      2D046EA0 
  93      0545B410 
  93      FBFFCABF 
  94 0105 FF143566 		.ascii	"\377\0245f\255A\330B\305\014l\\u+\300M\030$\203\375"
  94      AD41D842 
  94      C50C6C5C 
  94      752BC04D 
  94      182483FD 
ARM GAS  C:\Users\User\AppData\Local\Temp\cc8Lvxdi.s 			page 7


  95 0119 D6395430 		.ascii	"\3269T0\312\254O\271\005C.\257\274.\316\010N\012\330"
  95      CAAC4FB9 
  95      05432EAF 
  95      BC2ECE08 
  95      4E0AD8
  96 012c 96A30973 		.ascii	"\226\243\011sr_px\216\327T\334\366\361\363.~G\002\025"
  96      725F7078 
  96      8ED754DC 
  96      F6F1F32E 
  96      7E470215 
  97 0140 843B1EBA 		.ascii	"\204;\036\272T\374.<\221\264`\311\337u\351\334%\334"
  97      54FC2E3C 
  97      91B460C9 
  97      DF75E9DC 
  97      25DC
  98 0152 6B5C82FB 		.ascii	"k\\\202\373>\345\001\214\335\325\373\320g=\222\254\235"
  98      3EE5018C 
  98      DDD5FBD0 
  98      673D92AC 
  98      9D
  99 0163 02376B05 		.ascii	"\0027k\005\352\301Rs\\\234\302\270\222[\340\300\346"
  99      EAC15273 
  99      5C9CC2B8 
  99      925BE0C0 
  99      E6
 100 0174 303C52C4 		.ascii	"0<R\304\203]\252\256.\326\265k/\026\274\220\371Hp!\036"
 100      835DAAAE 
 100      2ED6B56B 
 100      2F16BC90 
 100      F9487021 
 101 0189 FBD19EC0 		.ascii	"\373\321\236\300\220!\032\327\341\251\217zV\257\303"
 101      90211AD7 
 101      E1A98F7A 
 101      56AFC3
 102 0198 9F9A0ED1 		.ascii	"\237\232\016\321`\231\225]\234\373[.6\336\350\212Oy"
 102      6099955D 
 102      9CFB5B2E 
 102      36DEE88A 
 102      4F79
 103 01aa BEDB46BF 		.ascii	"\276\333F\277\360YK\265\002700\365\263\211a\274\301"
 103      F0594BB5 
 103      02373030 
 103      F5B38961 
 103      BCC1
 104 01bc 71BE7C0C 		.ascii	"q\276|\014g\253\226n\013m\222\277\010\274DV\236\023"
 104      67AB966E 
 104      0B6D92BF 
 104      08BC4456 
 104      9E13
 105 01ce 21D7AFFA 		.ascii	"!\327\257\372\037?\251\030^\325\374\276\342\374\324"
 105      1F3FA918 
 105      5ED5FCBE 
 105      E2FCD4
 106 01dd C2B8DB6E 		.ascii	"\302\270\333n\367\230\032\225\024y\254H\227x\307\221"
 106      F7981A95 
 106      1479AC48 
 106      9778C791 
ARM GAS  C:\Users\User\AppData\Local\Temp\cc8Lvxdi.s 			page 8


 107 01ed AE444FEA 		.ascii	"\256DO\352d\252\253\203mg\357\331d\312l\213\235k\217"
 107      64AAAB83 
 107      6D67EFD9 
 107      64CA6C8B 
 107      9D6B8F
 108 0200 F7A54E25 		.ascii	"\367\245N%\315\276L\375\274\347if\332b\207\0153c\364"
 108      CDBE4CFD 
 108      BCE76966 
 108      DA62870D 
 108      3363F4
 109 0213 74A78DD3 		.ascii	"t\247\215\323\346\231\336\214\321y\342x\373!\317\036"
 109      E699DE8C 
 109      D179E278 
 109      FB21CF1E 
 110 0223 8DF5F7F3 		.ascii	"\215\365\367\363J<\235N\036L\320?p\364\260\301"
 110      4A3C9D4E 
 110      1E4CD03F 
 110      70F4B0C1 
 111              		.text
 112              		.section	.gnu.lto_stm32_clock_init.d7542962,"",%progbits
 113 0000 789CA558 		.ascii	"x\234\245X[P\024G\024\235;\263\317aa\227\367K\221R)"
 113      5B501447 
 113      149D3BB3 
 113      CF616197 
 113      F74B9152 
 114 0015 C58FAC8A 		.ascii	"\305\217\254\212\006\313?\312\252\374\345\313|ZeE\250"
 114      06CB3FCA 
 114      AAFCE5CB 
 114      7C5A6545 
 114      A8
 115 0026 44122BA4 		.ascii	"D\022+\244\304\250\177\016\270<\004\242\306\0305VpM"
 115      C4A87F0E 
 115      B83C04A2 
 115      C6183556 
 115      704D
 116 0038 19A32404 		.ascii	"\031\243$\0044\032#j\224\240\204\207(jH\202h\304\240"
 116      341A236A 
 116      94A08487 
 116      286A4882 
 116      68C4A0
 117 004b 3C36BE0D 		.ascii	"<6\276\015\361\001(\351\333\335\263\275\216I\351l\366"
 117      F10128E9 
 117      DBDDB3BD 
 117      8E49E96C 
 117      F6
 118 005c E336D377 		.ascii	"\3436\323w\346\334s\317\275\335=\203U\222\245C\321\222"
 118      E6DC73CF 
 118      BDDD3D83 
 118      5592A543 
 118      D192
 119 006e F48E2449 		.ascii	"\364\216$I\313A\222 U\002y\343YI*r\310\240\260?\024"
 119      CB419220 
 119      550279E3 
 119      59492A72 
 119      C8A0B03F 
 120 0083 39A5AA45 		.ascii	"9\245\252E\2224\325\342\263K\232+\205\315\347X\300\312"
 120      9234D5E2 
ARM GAS  C:\Users\User\AppData\Local\Temp\cc8Lvxdi.s 			page 9


 120      B34B9A2B 
 120      85CDE758 
 120      C0CA
 121 0095 FC563999 		.ascii	"\374V9\231\371m\324\237\314\346sl`g~\273\234\304\374"
 121      F96DD49F 
 121      CCE6736C 
 121      60677EBB 
 121      9CC4FC
 122 00a8 0EEA4F62 		.ascii	"\016\352Ob\3639\016p2\277SNd~\225\372\023\331|\216\012"
 122      F3390E70 
 122      32BF534E 
 122      647E95FA 
 122      13D97C8E 
 123 00bd 11CC1F21 		.ascii	"\021\314\037!'0\277\213\372\023\330|\216\013\"\231?"
 123      2730BF8B 
 123      FA13D87C 
 123      8E0B2299 
 123      3F
 124 00ce 528E67FE 		.ascii	"R\216g\376(\352\217g\3639Q\020\203#\304\310q\314\355"
 124      28EA8F67 
 124      F3395110 
 124      8323C4C8 
 124      71CCED
 125 00e1 A6EE3836 		.ascii	"\246\35686\235\343\006\017{\334#\3072\1774\365\307\262"
 125      9DE3060F 
 125      7BDC23C7 
 125      327F34F5 
 125      C7B2
 126 00f3 F99C6800 		.ascii	"\371\234h\000\0345\007Hkd%\305bM\266\331\223\034\316"
 126      1C350748 
 126      6B6425C5 
 126      624DB6D9 
 126      931CCE
 127 0106 443522C1 		.ascii	"D5\"\301\025\031\037\025\023\347\366\304F\303\032\247"
 127      15191F15 
 127      13E7F6C4 
 127      46C31AA7 
 128 0116 22B19F95 		.ascii	"\"\261\237\225\217v>:\371\030\301\307H>\306\360\321"
 128      8F763E3A 
 128      F918C1C7 
 128      483EC6F0 
 128      D1
 129 0127 C3C70DCA 		.ascii	"\303\307\015\312V\005\232\312\006\032\344\314=\032\371"
 129      56059ACA 
 129      061AE4CC 
 129      3D1AF9
 130 0136 356E7DAA 		.ascii	"5n}\252\226j%I~\002\374)\007\207=\220)\221\333\372\366"
 130      966A2549 
 130      7E02FC29 
 130      07873D90 
 130      2991DBFA 
 131 014b 3FFD24D2 		.ascii	"?\375$\322fa\363\260\027l\244bR\375\005h\324\236\216"
 131      6661F3B0 
 131      176CA462 
 131      52FD0568 
 131      D49E8E
 132 015e 97698D37 		.ascii	"\227i\2157w\301\201\205\363-\222_\001+\032;\032\007"
ARM GAS  C:\Users\User\AppData\Local\Temp\cc8Lvxdi.s 			page 10


 132      77C18185 
 132      F32D925F 
 132      012B1A3B 
 132      1A07
 133 0170 1A271A15 		.ascii	"\032'\032\025\215\013M\024\0327\032\017\232h4qh\342"
 133      8D0B4D14 
 133      1A371A0F 
 133      9A683471 
 133      68E2
 134 0182 D124A249 		.ascii	"\321$\242IB\223\202&\025\315D4ih&\241IG3\031\315\024"
 134      42938226 
 134      15CD4434 
 134      696826A1 
 134      49473319 
 135 0198 3453D164 		.ascii	"4S\321d\240\231\206f:\232L43\320x\321\314D3\033M\026"
 135      A0998666 
 135      3A9A4C34 
 135      33D078D1 
 135      CC44331B 
 136 01ae 9A3968E6 		.ascii	"\2329h\346\242\311F3\017\215$U\220\274H\021*\025\231"
 136      A2C94633 
 136      0F8D2455 
 136      90BC4811 
 136      2A1599
 137 01c1 0C4A009A 		.ascii	"\014J\000\232\206\207:JTL\224$\277\245\244\251\323\276"
 137      86873A4A 
 137      544C9424 
 137      BFA5A4A9 
 137      D3BE
 138 01d3 5EF12B32 		.ascii	"^\361+2\240\026\276\352\346\001'\273\324\356\226k\026"
 138      A016BEEA 
 138      E60127BB 
 138      D4EE966B 
 138      16
 139 01e4 3275A377 		.ascii	"2u\243w\264\301\352\207\352\"\"\343\316\024\277\242"
 139      B4C1EA87 
 139      EA2222E3 
 139      CE14BFA2 
 140 01f4 C0573001 		.ascii	"\300W0\001j`\202\204\017\334\337r\356\252\313\373\215"
 140      6A608284 
 140      0FDCDF72 
 140      EEAACBFB 
 140      8D
 141 0205 E62BD2D2 		.ascii	"\346+\322\322\375\212\005\276\006?l\243\002C-x\311\015"
 141      FD8A05BE 
 141      063F6CA3 
 141      02432D78 
 141      C90D
 142 0217 3D07FC89 		.ascii	"=\007\374\211\010h\001\255\\\323\000\276!\017R\016="
 142      086801AD 
 142      5CD300BE 
 142      210F520E 
 142      3D
 143 0228 25762307 		.ascii	"%v#\007+\345\360\371\023_\235\223]jW\213(\207\035\035"
 143      2BE5F0F9 
 143      135F9D93 
 143      5D6A578B 
ARM GAS  C:\Users\User\AppData\Local\Temp\cc8Lvxdi.s 			page 11


 143      28871D1D 
 144 023c 974FA921 		.ascii	"\227O\251!\034lPO8\324q\016g;+\206\355!\034\366Q\016"
 144      1C6C504F 
 144      38D4710E 
 144      673B2B86 
 144      ED211CF6 
 145 0252 5845D84F 		.ascii	"XE\330O94\327\215\36499\011M\201o\031\205#\201+\375"
 145      3934D78D 
 145      F4393909 
 145      4D816F19 
 145      8523812B 
 146 0267 36A450AD 		.ascii	"6\244P\255\030\363L\377\3174\001A\016\320\0002\0068"
 146      18F34CFF 
 146      CF340141 
 146      0ED00032 
 146      0638
 147 0279 480A1180 		.ascii	"H\012\021\200\265\217J\201!Y\031\330\301S-\245\016\214"
 147      B58F4A81 
 147      215919D8 
 147      C1532DA5 
 147      0E8C
 148 028b 08E4F71D 		.ascii	"\010\344\367\035\213\267\305\311\3635\021\351\220\210"
 148      8BB7C5C9 
 148      F33511E9 
 148      9088
 149 0299 F43D7809 		.ascii	"\364=x\011<\371\253RQ$\262\210\024\232Bo\277\235\005"
 149      3CF9AB52 
 149      5124B288 
 149      149A426F 
 149      BF9D05
 150 02ac B6BF3430 		.ascii	"\266\27740W\351\260\200n`I\214\225\266Y\031\230\203"
 150      57E9B080 
 150      6E60498C 
 150      95B65919 
 150      9883
 151 02be E1358F3F 		.ascii	"\3415\217?lt\263,d8Bp\256\203\257\347d\007O\325A\356"
 151      6C74B32C 
 151      64384270 
 151      AE83AFE7 
 151      64074FD5 
 152 02d4 A8BFD9F0 		.ascii	"\250\277\331\3608\222\335!\301Q\214$a\303\245Hd\361"
 152      3892DD21 
 152      C1518C24 
 152      61C3A548 
 152      64F1
 153 02e6 43A562E1 		.ascii	"C\245b\341\035w$pk7\347\3514'\3001\312\222\256\314\037"
 153      1D772470 
 153      6B37E7E9 
 153      3427C031 
 153      CA92AECC 
 154 02fb 74963CBE 		.ascii	"t\226<\276\312\300\216?(Y\311\030\214\215\217\217\273"
 154      CAC08E3F 
 154      2859C918 
 154      8C8D8F8F 
 154      BB
 155 030c E178F86A 		.ascii	"\341x\370j\237\020\301\032Qm\225\266I\315m\256\212\313"
 155      9F10C11A 
ARM GAS  C:\Users\User\AppData\Local\Temp\cc8Lvxdi.s 			page 12


 155      516D95B6 
 155      49CD6DAE 
 155      8ACB
 156 031e 1CDA8F02 		.ascii	"\034\332\217\002\255\211R\017\213\323I\201r\0129\271"
 156      AD89520F 
 156      8BD34981 
 156      720A39B9 
 157 032e 68075845 		.ascii	"h\007XE\007\334i\346\312F\231\355\200f\001\375\223\256"
 157      07DC69E6 
 157      CA4699ED 
 157      806601FD 
 157      93AE
 158 0340 ED459EAB 		.ascii	"\355E\236\253\233\341\215\016m\276\010L]\027\264\260"
 158      9BE18D0E 
 158      6DBE084C 
 158      5D17B4B0 
 159 0350 0EB814EC 		.ascii	"\016\270\024\354\000wH\311\223y\311m\301\222\217\352"
 159      007748C9 
 159      9379C96D 
 159      C1928FEA 
 160 0360 ABCB632E 		.ascii	"\253\313c.\343V\321\230m\206\222G3\260\372\266\222\026"
 160      E356D198 
 160      6D869247 
 160      33B0FAB6 
 160      9216
 161 0372 CEEA3140 		.ascii	"\316\3521@{\370\005?-Bu\240\270\321lk\032\333m\377\027"
 161      7BF8053F 
 161      2D4275A0 
 161      B8D16C6B 
 161      1ADB6DFF 
 162 0387 AC176F7E 		.ascii	"\254\027o~g\204\240g\351\306\023\334\331,dyt\352\333"
 162      6784A067 
 162      E9C613DC 
 162      D92C6479 
 162      74EADB
 163 039a 4EC52017 		.ascii	"N\305 \027&\316\034\333s\202\355y\303\266\023\317\300"
 163      26CE1CDB 
 163      7382ED79 
 163      C3B613CF 
 163      C0
 164 03ab EEF7F616 		.ascii	"\356\367\366\026G1a4-\016.\204\257\314\317\"V\027*\023"
 164      47316134 
 164      2D0E2E84 
 164      AFCCCF22 
 164      56172A13 
 165 03bf 4FDBCE2E 		.ascii	"O\333\316.\332nC\013o\273D\263m\367\213\200\376U\257"
 165      DA6E430B 
 165      6FBB44B3 
 165      6DF78B80 
 165      FE55AF
 166 03d2 6F036FBB 		.ascii	"o\003o\273$\206wr\307\016\237\254\347\341\200\337\214"
 166      24867772 
 166      C70E9FAC 
 166      E7E180DF 
 166      8C
 167 03e3 5B4F5248 		.ascii	"[ORH\343%\361\306s\004O\267\33225\254\362uSb\026$v\221"
 167      E325F1C6 
ARM GAS  C:\Users\User\AppData\Local\Temp\cc8Lvxdi.s 			page 13


 167      73044FB7 
 167      DA3235AC 
 167      F2755362 
 168 03fb 96EF4265 		.ascii	"\226\357Be\240Ha\345+\357.j\227\240G/a\235^\302\024"
 168      A04861E5 
 168      2BEF2E6A 
 168      97A0472F 
 168      619D5EC2 
 169 0410 73B25E12 		.ascii	"s\262^\022\271_6\2240\225\201\235\357\037\351t\352\251"
 169      B95F3694 
 169      3095819D 
 169      EF1FE974 
 169      EAA9
 170 0422 93DC7F0F 		.ascii	"\223\334\177\017\277\206WD\260^\254a*\255\241S\324\260"
 170      BF865744 
 170      B05EAC61 
 170      2AADA153 
 170      D4B0
 171 0434 41AFE144 		.ascii	"A\257\341D\303\031\233\376\242#\366*\205\306\323\010"
 171      C3199BFE 
 171      A223F62A 
 171      85C6D308 
 172 0444 FE306E1D 		.ascii	"\3760n\035i\014\357R\373\341.\273\236\010@\237\261\206"
 172      690CEF52 
 172      FBE12EBB 
 172      9E08409F 
 172      B186
 173 0456 6921354C 		.ascii	"i!5L\3445T\203\233\307\2112Nm\322KS\2439_\023g\377u"
 173      E4355483 
 173      9BC78932 
 173      4E6DD24B 
 173      53A3395F 
 174 046e 83C0E90C 		.ascii	"\203\300\351\014l\360vmU\220\227\005\372\015\372\232"
 174      6CF0766D 
 174      55909705 
 174      FA0DFA9A 
 175 047e 88352062 		.ascii	"\2105 b\015\242\276\351T\337\010\241o\353 Ob\262Y}\207"
 175      0DA2BEE9 
 175      54DF08A1 
 175      6FEB204F 
 175      62B2597D 
 176 0493 84BE015D 		.ascii	"\204\276\001]\337\000\327w\012\301\243\264\237\221s"
 176      DF00D777 
 176      0AC1A3B4 
 176      9F9173
 177 04a2 4A889C09 		.ascii	"J\210\234\011\\NWP\316v]\316\251\346R\374S\244x\303"
 177      5C4E5750 
 177      CE765DCE 
 177      A9E652FC 
 177      53A478C3 
 178 04b6 20670601 		.ascii	" g\006\001\243+3L\365n\012\350[\250^\006U/R\250wZWo"
 178      A32B334C 
 178      F56E0AE8 
 178      5BA85E06 
 178      552F52A8 
 179 04ce 9A59F56E 		.ascii	"\232Y\365n\013\365\356\030\325\233N\360\236\337P\246"
 179      0BF5EE18 
ARM GAS  C:\Users\User\AppData\Local\Temp\cc8Lvxdi.s 			page 14


 179      D59B4EF0 
 179      9EDF50A6 
 180 04de 87A8174F 		.ascii	"\207\250\027O\325\253P\242P\275J%\006\031\001e\324\255"
 180      D5AB50A2 
 180      50BD4A25 
 180      06190165 
 180      D4AD
 181 04f0 33CA34BB 		.ascii	"3\3124\273\347\335\025K\361\236\361ek\006\303;=^u\307"
 181      E7DD154B 
 181      F19EF165 
 181      6B06C33B 
 181      3D5E75C7 
 182 0504 1A5CF81E 		.ascii	"\032\\\370\036\270o\3448#\204c\034\257\260;\270\351"
 182      B86FE438 
 182      2384631C 
 182      AFB03BB8 
 182      E9
 183 0515 55D48477 		.ascii	"U\324\204wf\375%\316\254a\272\351u\234\250\217\340\357"
 183      66FD25CE 
 183      AC61BAE9 
 183      759CA88F 
 183      E0EF
 184 0527 CA7B077C 		.ascii	"\312{\007|\012\374M\036\354\207\342\235\203_\244\341"
 184      0AFC4D1E 
 184      EC87E29D 
 184      835FA4E1 
 185 0537 F6E4DBF7 		.ascii	"\366\344\333\367\031\335\022\355\200\357\271\367\316"
 185      19DD12ED 
 185      80EFB9F7 
 185      CE
 186 0544 6CBF460F 		.ascii	"l\277F\017\034\007\244\343\301\334W\331\254*K\350k\374"
 186      1C07A4E3 
 186      C1DC57D9 
 186      AC2A4BE8 
 186      6BFC
 187 0556 9EEAAE80 		.ascii	"\236\352\256\200-c\227\246\025k\215\255\320\252Y\374"
 187      2D6397A6 
 187      156B8DAD 
 187      D0AA59FC 
 188 0566 8A131E81 		.ascii	"\212\023\036\201B>\263\340!!\364\200'#\276\300\310a"
 188      423EB3E0 
 188      2121F480 
 188      2723BEC0 
 188      C861
 189 0578 9E413FC0 		.ascii	"\236A?\300\010\227\021\362\031F.1\304\246\241.\032\321"
 189      089711F2 
 189      19462E31 
 189      C4A6A12E 
 189      1AD1
 190 058a 09C51618 		.ascii	"\011\305\026\030\345\015\027\330\033P\361&c\276K\244"
 190      E50D17D8 
 190      1B50F126 
 190      63BE4BA4 
 191 059a 17253C46 		.ascii	"\027%<F\023\266a\302O\300\253\003\222S\243&\274S\343"
 191      13B661C2 
 191      4FC0AB03 
 191      9253A326 
ARM GAS  C:\Users\User\AppData\Local\Temp\cc8Lvxdi.s 			page 15


 191      BC53E3
 192 05ad 29C5C30F 		.ascii	")\305\303\017T\030'x\235:\336\261\266\347\276oT*\314"
 192      54182778 
 192      9D3ADEB1 
 192      B6E7BE6F 
 192      542ACC
 193 05c0 D0BE9691 		.ascii	"\320\276\226\221Hv\251=b\337X-\333\264\375jh\012\021"
 193      4876A93D 
 193      62DF582D 
 193      DBB4FD6A 
 193      680A11
 194 05d3 50244F00 		.ascii	"P$O\000Mf!}\017Z6\333BB\026\313\030\322\201!\327\312"
 194      4D66217D 
 194      0F5A36DB 
 194      424216CB 
 194      18D28121 
 195 05e9 58B3C3D7 		.ascii	"X\263\303\327\007jy\321\326\331\300'\363S\252\265\206"
 195      076A79D1 
 195      D6D9C027 
 195      F353AAB5 
 195      86
 196 05fa F7ABD7DC 		.ascii	"\367\253\327\334\301Q\"\007{\242T~v\325\317$`\364S "
 196      C1512207 
 196      7BA2547E 
 196      76D5CF24 
 196      60F45320 
 197 060e CC33A94C 		.ascii	"\3143\251L@\227\313d\325\317\244\253\336#V}[\033\347"
 197      4097CB64 
 197      D5CFA4AB 
 197      DE23567D 
 197      5B1BE7
 198 0621 3CDBEC1A 		.ascii	"<\333\354\032['\240+d\303\231\224E\360\236\177\177\315"
 198      5B27A02B 
 198      64C39994 
 198      45F09E7F 
 198      7FCD
 199 0633 2228DB8F 		.ascii	"\"(\333\217\016\267\363e\347\200JY_`\261|\201E\007\267"
 199      0EB7F365 
 199      E7804A59 
 199      5F60B17C 
 199      814507B7 
 200 0647 D0EE7CF6 		.ascii	"\320\356|\366\320\034s\011WQV\370\177\013\370\320\240"
 200      D01C7309 
 200      575156F8 
 200      7F0BF8D0 
 200      A0
 201 0658 E55C0246 		.ascii	"\345\\\002F\317\3050\265\\/\2407\240\226si\325\235\014"
 201      CFC530B5 
 201      5C2FA037 
 201      A0967369 
 201      D59D0C
 202 066b 3CDB1CD6 		.ascii	"<\333\034\326F\212\245\"\326G\006\232\363\010\330\377"
 202      468AA522 
 202      D647069A 
 202      F308D8FF 
 203 067b A1B94940 		.ascii	"\241\271I@\177\2144\347I\267p;\371\022\330R\247r\003"
 203      7F8C34E7 
ARM GAS  C:\Users\User\AppData\Local\Temp\cc8Lvxdi.s 			page 16


 203      49B7703B 
 203      F912D852 
 203      A77203
 204 068e 9199EC8E 		.ascii	"\221\231\354\216\213\027\314_\224\2734\177I\376\242"
 204      8B17CC5F 
 204      94BB347F 
 204      49FEA2
 205 069d 056817AE 		.ascii	"\005h\027\256\370 /\277`V\366\312\254\305\253\362\337"
 205      F8202FBF 
 205      6056F6CA 
 205      ACC5ABF2 
 205      DF
 206 06ae CB2B5855 		.ascii	"\313+XU\030:\317\356,(\234\225\375\252\267\240\320\273"
 206      183ACFEE 
 206      2C289C95 
 206      FDAAB7A0 
 206      D0BB
 207 06c0 F4CD65DE 		.ascii	"\364\315e\336\367\013\226\257(\364.|\343\365\254\331"
 207      F70B96AF 
 207      28F42E7C 
 207      E3F5ACD9 
 208 06d0 CCBE96BD 		.ascii	"\314\276\226\275z5z\026/[\226\367J\256\344\310\313}"
 208      7A357A16 
 208      2F5B96F7 
 208      4AAEE4C8 
 208      CB7D
 209 06e2 37F7ADB7 		.ascii	"7\367\255\267\227\317\372\007|\321\351\361"
 209      97CFFA07 
 209      7CD1E9F1 
 210              		.text
 211              		.section	.gnu.lto_.symbol_nodes.d7542962,"",%progbits
 212 0000 789C6365 		.ascii	"x\234ce`bHa\000\002\246\271L\365\014\014\023\31610\000"
 212      60624861 
 212      0002A6B9 
 212      4CF50C0C 
 212      13CE3130 
 213 0015 A99D0D07 		.ascii	"\251\235\015\007\033\330\200b\363\230\352\031ab\273"
 213      1BD88062 
 213      F398EA19 
 213      6162BB
 214 0024 1A1C8122 		.ascii	"\032\034\201\"\363\231\352\231PDX\347014*\001\015`\\"
 214      F399EA99 
 214      504458E7 
 214      3031342A 
 214      010D605C 
 215 0038 C054CF0C 		.ascii	"\300T\317\014\226b`hhp```fd`8\324\376F\236\231\221\205"
 215      96626068 
 215      68706060 
 215      60666460 
 215      38D4FE46 
 216 0050 E1099066 		.ascii	"\341\011\220f\000\000\377\233\030\276"
 216      0000FF9B 
 216      18BE
 217              		.text
 218              		.section	.gnu.lto_.refs.d7542962,"",%progbits
 219 0000 789C6365 		.ascii	"x\234ce`b`d\000\002\000\000I\000\011"
 219      60626064 
ARM GAS  C:\Users\User\AppData\Local\Temp\cc8Lvxdi.s 			page 17


 219      00020000 
 219      490009
 220              		.text
 221              		.section	.gnu.lto_.decls.d7542962,"",%progbits
 222 0000 789CCD58 		.ascii	"x\234\315XyPTG\032\237~=\034s\010\026\244R\326\256\177"
 222      79505447 
 222      1A9F7E3D 
 222      1C730816 
 222      A452D6AE 
 223 0015 5086946C 		.ascii	"P\206\224l\355F\034\334\325\255\255\332\255\220A\203"
 223      ED461CDC 
 223      D5ADADDA 
 223      AD904183 
 224 0025 15935833 		.ascii	"\025\223X3n\266\266\212\255)\204IB\005\230\254`\242"
 224      6EB6B68A 
 224      AD298449 
 224      420598AC 
 224      60A2
 225 0037 FF3D2E25 		.ascii	"\377=.%\036\250Q\"\250( &\"\210\210r\011\310\210\343"
 225      1EA85122 
 225      A8282026 
 225      22888872 
 225      09C888E3 
 226 004b 08884AF0 		.ascii	"\010\210J\360F\300\021\005\021\203\213\340IL\330\257"
 226      46C01105 
 226      11838BE0 
 226      494CD8AF 
 227 005b BBDF639A 		.ascii	"\273\337c\2327\223=j\267\266\366\225\2777\375u\377\372"
 227      37933D6A 
 227      B7B6F695 
 227      BF37FD75 
 227      FFFA
 228 006d EBEFEA7E 		.ascii	"\353\357\352~\215>*AU\361\212J\245U\253T1H\245\232\204"
 228      8D3E2A41 
 228      55F18A4A 
 228      A555AB54 
 228      3148A59A 
 229 0082 079AAAC3 		.ascii	"\007\232\252\303*\367C\344\012@%\240\012p\034\000T\325"
 229      2AF743E4 
 229      0A4025A0 
 229      0A701C00 
 229      54D5
 230 0094 29D5F4E7 		.ascii	")\325\364\347/\320\351\007\277\037\000\346\002.\001"
 230      2FD0E907 
 230      BF1F00E6 
 230      022E01
 231 00a3 BE053800 		.ascii	"\276\0058\000\363al\036\000C\273\035\360*\264/Jz*T\236"
 231      F3616C1E 
 231      0043BB1D 
 231      F02AB42F 
 231      4A7A2A54 
 232 00b8 4FAC4297 		.ascii	"O\254B\227<\237\3502 f\037\261k\016\264\347\002~\005"
 232      3C9FE832 
 232      20661FB1 
 232      6B0EB4E7 
 232      027E05
 233 00cb 9821E9AF 		.ascii	"\230!\351\257\224t\036\367\242\327\012\034\375O\350"
ARM GAS  C:\Users\User\AppData\Local\Temp\cc8Lvxdi.s 			page 18


 233      94741EF7 
 233      A2D70A1C 
 233      FD4FE8
 234 00da 95ED0D02 		.ascii	"\225\355\015\002@HTM\200%0\026\005\320A{6b\266\377\002"
 234      4048544D 
 234      80253016 
 234      05D0417B 
 234      3662B6FF 
 235 00ef 7E8300C1 		.ascii	"~\203\000\301\222\017!d\034\020It\003\002\021\363\253"
 235      920F2164 
 235      1C104974 
 235      030211F3 
 235      AB
 236 0100 CACBFA3B 		.ascii	"\312\313\372;1\252\331\354h\022\372P\017\022\2006\223"
 236      31AAD9EC 
 236      6812FA50 
 236      0F128036 
 236      93
 237 0111 F622C4DE 		.ascii	"\366\"\304\336\210\202\212\223\362\203\020\355\207^"
 237      88828A93 
 237      F28310ED 
 237      875E
 238 011f 41252996 		.ascii	"A%)\226\273\220<C\222\005I\024$\225\364\2374\031q\032"
 238      BB903C43 
 238      92054914 
 238      2495F49F 
 238      3419711A 
 239 0133 D9305B49 		.ascii	"\3310[I~X.X\203N\223g#\301\275\000B\374\004N!3[\032"
 239      7E582E58 
 239      834E9367 
 239      23C1BD00 
 239      42FC044E 
 240 014b 9FB24FE5 		.ascii	"\237\262O\345v\016\311\336?\312\357\030\324\336B\275"
 240      760EC9DE 
 240      3FCAEF18 
 240      D4DE42BD 
 241 015b A4B7F04D 		.ascii	"\244\267\360MD\373\012\256\027\237\024\260\200H\373"
 241      44FB0AAE 
 241      179F14B0 
 241      8048FB
 242 016a D68B834B 		.ascii	"\326\213\203K\346\225\213\354\361\377\275;lg&\237\331"
 242      E6958BEC 
 242      F1FFBD3B 
 242      6C67269F 
 242      D9
 243 017b 0373300A 		.ascii	"\003s0\012\322\"\001\304\256\321\216\002\035\210\257"
 243      D22201C4 
 243      AED18E02 
 243      1D88AF
 244 018a 68D14C10 		.ascii	"h\321L\020\237\247]9\245\235\365\025\235\225!\316\024"
 244      9FA75D39 
 244      A59DF515 
 244      9D9521CE 
 244      14
 245 019b D007AFA2 		.ascii	"\320\007\257\242r4\033\225\241\331\260\370a4\013\336"
 245      72341B95 
 245      A1D9B0F8 
ARM GAS  C:\Users\User\AppData\Local\Temp\cc8Lvxdi.s 			page 19


 245      61340BDE 
 246 01ab 2BD54CD3 		.ascii	"+\325L\323\356\356\272\246\3009\205\242\335%\332\237"
 246      EEEEBAA6 
 246      C03985A2 
 246      DD25DA9F 
 247 01bb 397E5E50 		.ascii	"9~^P%\212Y0MMh\250\024at\010\315#&C\023\336\007\321"
 247      258A5930 
 247      4D4D68A8 
 247      14617408 
 247      CD232643 
 248 01d3 2D84BE41 		.ascii	"-\204\276A}\340P\005\232\003\323\363\367n\251\304x\035"
 248      7DE05005 
 248      9A03D3F3 
 248      F76EA9C4 
 248      781D
 249 01e5 A2E6A6DD 		.ascii	"\242\346\246\3358\260K\015\272\012A\327\325\275\372"
 249      38B04B0D 
 249      BA0A41D7 
 249      D5BDFA
 250 01f4 7CD19E0E 		.ascii	"|\321\236\016\252\004\252\352\210[\325\021\245\252J"
 250      AA04AAEA 
 250      885BD511 
 250      A5AA4A
 251 0203 AA4A1C6A 		.ascii	"\252J\034j\350\011\304\333\231\252\365\207]\007\365"
 251      E809C4DB 
 251      99AAF587 
 251      5D07F5
 252 0212 92AA895F 		.ascii	"\222\252\211_N\323t\324\255\351\250RS\025\325\324v\257"
 252      4ED374D4 
 252      ADE9A852 
 252      5315D5D4 
 252      76AF
 253 0224 A50FE312 		.ascii	"\245\017\343\022\246\351jiE\0361\312%\212\366{\207C"
 253      A6E96A69 
 253      451E31CA 
 253      258AF67B 
 253      8743
 254 0236 CA329C9B 		.ascii	"\3122\234\233\304\"D\303\200\216\271U\035#\252H\343"
 254      C42244C3 
 254      808EB955 
 254      1D23AA48 
 254      E3
 255 0247 3855D1DB 		.ascii	"8U\321\333ZZ\206!\242s\265\210$5\020\272\216|W\377b"
 255      5A5A8621 
 255      A273B588 
 255      243510BA 
 255      8E7C57FF 
 256 025c 06EB227A 		.ascii	"\006\353\"z\273\266\214\225\370\341\034\226\250o3+\367"
 256      BBB68C95 
 256      F8E11C96 
 256      A86F332B 
 256      F7
 257 026d 60960F35 		.ascii	"`\226\0175\311\353\371]w\002X>Bvb!\277\375Z\213\032"
 257      C9EBF95D 
 257      7702583E 
 257      42766221 
 257      BFFD5A8B 
ARM GAS  C:\Users\User\AppData\Local\Temp\cc8Lvxdi.s 			page 20


 258 0282 8569BF26 		.ascii	"\205i\277&\011\261_<\367\207\3741Q\014A\015H\213j\335"
 258      09B15F3C 
 258      F787FC31 
 258      510C410D 
 258      488B6ADD 
 259 0296 16CCD5C2 		.ascii	"\026\314\325\302;[\024\323\305\255\031\242&Z\205\352"
 259      3B5B14D3 
 259      C5AD19A2 
 259      265A85EA 
 260 02a6 21657590 		.ascii	"!eu\2202t\002\205\221U\011\017\325@g5t\302*\245%\333"
 260      32740285 
 260      9155090F 
 260      D5406735 
 260      74C22AA5 
 261 02bc 8A7DF13E 		.ascii	"\212}\361>L,\020\234'o^W#m\230W\005'\275(`\306\234\035"
 261      4C2C109C 
 261      276F5E57 
 261      236D9857 
 261      0527BD28 
 262 02d4 99E3CC22 		.ascii	"\231\343\314\"\221m\002c\032\335\306\200m\254>\012\354"
 262      916D0263 
 262      1ADDC680 
 262      6DAC3E0A 
 262      EC
 263 02e5 13CFF5E0 		.ascii	"\023\317\365\340\012\031\027;&\007I_e\311\300k\270X"
 263      0A19173B 
 263      2607495F 
 263      65C9C06B 
 263      B858
 264 02f7 4D3D7F3C 		.ascii	"M=\177<Y\224\253{}\277X\330\002\365s7x\027\324\217\206"
 264      5994AB7B 
 264      7DBF58D8 
 264      02F57337 
 264      7817D48F 
 265 030c 92ED4CD9 		.ascii	"\222\355L\331\224\021*\332\323L\3149\205^\207\231\273"
 265      94112ADA 
 265      D34CCC39 
 265      855E8799 
 265      BB
 266 031d 1A1EB7FB 		.ascii	"\032\036\267\373\260\230\371\203x\271\376J\266\016W"
 266      B098F983 
 266      78B9FE4A 
 266      B60E57
 267 032c 31ADD9E5 		.ascii	"1\255\331\3459\247\2616\233\224\357\277\342\013\314"
 267      39A7B136 
 267      9B94EFBF 
 267      E20BCC
 268 033b 18B933BA 		.ascii	"\030\2713\272;\020\327H\323\217\036\315\323\341\006"
 268      3B10D748 
 268      D38F1ECD 
 268      D3E106
 269 034a 26C89B23 		.ascii	"&\310\233#\210m\216\232\3016\247\226\345FD$u\347\013"
 269      886D8E9A 
 269      C136A796 
 269      E5464424 
 269      75E70B
 270 035d 37AA7133 		.ascii	"7\252q3\345\372\216\366\026m\327\242\320\320\320\260"
ARM GAS  C:\Users\User\AppData\Local\Temp\cc8Lvxdi.s 			page 21


 270      E5FA8EF6 
 270      166DD7A2 
 270      D0D0D0B0 
 271 036d E0D06231 		.ascii	"\340\320b13\003J&\017\217\324\226\264\245\211%\263\220"
 271      33034A26 
 271      0F8FD496 
 271      B4A58925 
 271      B390
 272 037f 03DC7282 		.ascii	"\003\334r\202\023\027P\260\333\236p\342\232\001^*6a"
 272      131750B0 
 272      DB9E70E2 
 272      9A015E2A 
 272      3661
 273 0391 E2248672 		.ascii	"\342$\206r\315\304\224}Z\311nA\012zK3Go\363N\257'o)"
 273      CDC4947D 
 273      5AC96E41 
 273      0A7A4B33 
 273      476FF34E 
 274 03a9 617D44BD 		.ascii	"a}D\2758\223\320TR\262\310\263\215\014n\025\3057\325"
 274      3893D054 
 274      52B2C8B3 
 274      8D0C6E15 
 274      C537D5
 275 03bc 2AD40AB3 		.ascii	"*\324\012\263\317\322\211D\027\311\301y\210Y;\012E\027"
 275      CFD28944 
 275      17C9C179 
 275      88593B0A 
 275      4517
 276 03ce 01E7001D 		.ascii	"\001\347\000\035(\224\316b&<=\211K!m_\370R\033\316x"
 276      2894CE62 
 276      263C3D89 
 276      4B216D5F 
 276      F8521BCE 
 277 03e3 75909940 		.ascii	"u\220\231@\262V\345h\366\303\345>\254\350j\316m\021"
 277      B256E568 
 277      F6C3E53E 
 277      ACE86ACE 
 277      6D11
 278 03f5 507098B7 		.ascii	"Pp\230\267\325Q\027,\372\317\014`>]h\306\031\242\210"
 278      D551172C 
 278      FACF0C60 
 278      3E5D68C6 
 278      19A288
 279 0408 D0B7C0EE 		.ascii	"\320\267\300\356t\327 q\221\2569\230[W\253\323o\230"
 279      74D72071 
 279      91AE3998 
 279      5B57ABD3 
 279      6F98
 280 041a AA6C4A74 		.ascii	"\252lJt\327\325%\244\247;\027~\201<\35688.\035\215["
 280      D7D525A4 
 280      A73B177E 
 280      813CEE38 
 280      382E1D8D 
 281 042f 497ECBCF 		.ascii	"I~\313\317\237\355\221\266f6\221[\017\355\270\242\301"
 281      9FED91B6 
 281      6636915B 
 281      0FEDB8A2 
ARM GAS  C:\Users\User\AppData\Local\Temp\cc8Lvxdi.s 			page 22


 281      C1
 282 0440 75D40154 		.ascii	"u\324\001T\230\327\232.\340SL\220+#H\252\214\222:\327"
 282      98D79A2E 
 282      E0534C90 
 282      2B2348AA 
 282      8C923AD7 
 283 0454 4B843BD8 		.ascii	"K\204;\330\240\335\271i\004\341kL\310\276\275\376\222"
 283      A0DDB969 
 283      04E16B4C 
 283      C8BEBDFE 
 283      92
 284 0465 C47C4EE4 		.ascii	"\304|N\344\332\207e\2653XM\331\211<\331\362\354\372"
 284      DA8765B5 
 284      33584DD9 
 284      893CD9F2 
 284      ECFA
 285 0477 0CDCCBC8 		.ascii	"\014\334\313\310\033j.\365\251I-\213\222\3650\313m|"
 285      1B6A2EF5 
 285      A9492D8B 
 285      92F530CB 
 285      6D7C
 286 0489 1FD96810 		.ascii	"\037\331h\020c4\237\226qnSnu@\320V)\236!j\272\225z\200"
 286      63349F96 
 286      716E536E 
 286      7540D056 
 286      299E216A 
 287 04a1 CD2AE116 		.ascii	"\315*\341\026\012\222\347\320u\356\337\330\257av\214"
 287      0A92E7D0 
 287      75EEDFD8 
 287      AF61768C 
 288 04b1 1279677D 		.ascii	"\022yg}\377h\000\276\307\326\335v\372\311\270\016?`"
 288      FF6800BE 
 288      C7D6DD76 
 288      FAC9B80E 
 288      3F60
 289 04c3 424FF18E 		.ascii	"BO\361\216\003j\306\034\242\333\372\345\313L5\036e\203"
 289      036AC61C 
 289      A2DBFAE5 
 289      CB4C351E 
 289      6583
 290 04d5 E90D37B6 		.ascii	"\351\0157\266I!s\321\035\223\276\275\304\027O\260\301"
 290      492173D1 
 290      1D93BEBD 
 290      C4174FB0 
 290      C1
 291 04e6 EF1F7E33 		.ascii	"\357\037~3\352\2133}\251P{;\267YZ\360:\221O\217\357"
 291      EA8B337D 
 291      A9507B3B 
 291      B7595AF0 
 291      3A914F8F 
 292 04fb 79A4C739 		.ascii	"y\244\3079l0\253\344\362&?\234\307\204K\203E\231z\306"
 292      6C30ABE4 
 292      F2263F9C 
 292      C7844B83 
 292      45997AC6 
 293 050f EC24F2F8 		.ascii	"\354$\362\370\315\315N=.f\203\216\326;\227\374q9\023"
 293      CDCD4E3D 
ARM GAS  C:\Users\User\AppData\Local\Temp\cc8Lvxdi.s 			page 23


 293      2E66838E 
 293      D63B97FC 
 293      713913
 294 0522 369EA976 		.ascii	"6\236\251vJ\011j\245_\221\241\312\365\030\327H\013J"
 294      4A096AA5 
 294      5F91A1CA 
 294      F518D748 
 294      0B4A
 295 0534 910D9222 		.ascii	"\221\015\222\"\373\250\363\364\006\015\266\263\301\363"
 295      FBA8F3F4 
 295      060DB6B3 
 295      C1F3
 296 0542 5F7C992B 		.ascii	"_|\231+\340V&\034\034\334\223#-\370[\022\232\335\243"
 296      E056261C 
 296      1CDC9323 
 296      2DF85B12 
 296      9ADDA3
 297 0555 057ADCC9 		.ascii	"\005z\334\311\306\032\367g\225\372\343n&4\3246:\245"
 297      C61AF767 
 297      95FAE36E 
 297      2634D436 
 297      3AA5
 298 0567 73673E88 		.ascii	"sg>\210\231\0276\367\350q?\033\253\030Zo\367\303\303"
 298      991736F7 
 298      E8713F1B 
 298      AB185A6F 
 298      F7C3C3
 299 057a 4CD83DDE 		.ascii	"L\330=\336{_r6\214(9\377\242<\000\217\2611\371\204\017"
 299      7B5F7236 
 299      8C2839FF 
 299      A23C008F 
 299      B131F984 
 300 058f A2273C6A 		.ascii	"\242'<j\274Y\035\216_\262\241\242\241\372\355\2018\313"
 300      BC591D8E 
 300      5FB2A1A2 
 300      A1FAED81 
 300      38CB
 301 05a1 8F0A0F33 		.ascii	"\217\012\0173\007\\\322\3413\013\304\333\275\3676\004"
 301      075CD2E1 
 301      330BC4DB 
 301      BDF73604 
 302 05b1 E01C36B6 		.ascii	"\340\0346\266\2569\267I\203\363\230\340p\365!\\\304"
 302      AE39B749 
 302      83F398E0 
 302      70F5215C 
 302      C4
 303 05c2 DA0F36D8 		.ascii	"\332\0176\330o\010\370\020\023J\3537\337\366\301\307"
 303      6F08F810 
 303      134AEB37 
 303      DFF6C1C7 
 304 05d2 9870A736 		.ascii	"\230p\2476\363\251\032\3272\241\354\345\336N\015ndB"
 304      F3A91AD7 
 304      32A1ECE5 
 304      DE4E0D6E 
 304      6442
 305 05e4 E709D740 		.ascii	"\347\011\327@\000v0a\270y\335])\241;\350\036\270\342"
 305      00763061 
ARM GAS  C:\Users\User\AppData\Local\Temp\cc8Lvxdi.s 			page 24


 305      B879DD5D 
 305      29A13BE8 
 305      1EB8E2
 306 05f7 7221569F 		.ascii	"r!V\237\205\0322\276qo\211\032\237\245\344\327\306\007"
 306      851A32BE 
 306      716F891A 
 306      9FA5E4D7 
 306      C607
 307 0609 32AEF992 		.ascii	"2\256\371\2223O~\202\345FX\350\264G:-\316\361\247E7"
 307      334F7E82 
 307      E54658E8 
 307      B4473A2D 
 307      CEF1A745 
 308 061e 6CD75C81 		.ascii	"l\327\\\201;-\256+\017\270\256\016\356\200\373BP\320"
 308      3B2DAE2B 
 308      0FB8AE0E 
 308      EE80FB42 
 308      50D0
 309 0630 2F7BD0DB 		.ascii	"/{\320\3339\372#\245\366Q\356<d\374\3566\216\377R\311"
 309      39FA23A5 
 309      F651EE3C 
 309      64FCEE36 
 309      8EFF52C9 
 310 0644 FFDE83DF 		.ascii	"\377\336\203\337\302\363E\2459?*\315i?\307\321\007\225"
 310      C2F345A5 
 310      393F2ACD 
 310      693FC7D1 
 310      0795
 311 0656 EA073CD4 		.ascii	"\352\007<\324O\360\374\033\336\203#\363\311\3217|\016"
 311      4FF0FC1B 
 311      DE8323F3 
 311      C9D1377C 
 311      0E
 312 0667 A7513EEC 		.ascii	"\247Q>\354l\270\0072\276\274\337\321M\2459\375\255\234"
 312      6CB80732 
 312      BEBCDFD1 
 312      4DA539FD 
 312      AD9C
 313 0679 FA4CA5F5 		.ascii	"\372L\245\365\036\037\227n\236\236\245\244\207+\215"
 313      1E1F976E 
 313      9E9EA5A4 
 313      872B8D
 314 0688 EFE7633F 		.ascii	"\357\347c?\2424\376\201[;\177\336g\013\263\321z\201"
 314      A234FE81 
 314      5B3B7FDE 
 314      670BB3D1 
 314      7A81
 315 069a 0C113639 		.ascii	"\014\02169\354\367\012a\250T\010E\333\001_\002\012\000"
 315      ECF70A61 
 315      A8540845 
 315      DB015F02 
 315      0A00
 316 06ac C5806F00 		.ascii	"\305\200o\0009\200C\200r\300f\300.\300\001@>`?`\037"
 316      39804380 
 316      72C066C0 
 316      2EC00140 
 316      3E603F60 
ARM GAS  C:\Users\User\AppData\Local\Temp\cc8Lvxdi.s 			page 25


 317 06c1 600F6013 		.ascii	"`\017`\023\240\004\260\003P\004\310\003\034\004|\015"
 317      A004B003 
 317      5004C803 
 317      1C047C0D 
 318 06d1 D8022803 		.ascii	"\330\002(\003|\005\330\015\330\006\330\000\330\012\330"
 318      7C05D80D 
 318      D806D800 
 318      D80AD8
 319 06e0 0928046C 		.ascii	"\011(\004l\024\370/\\7\237\225~\245c.\217o2_\262\327"
 319      14F82F5C 
 319      379F957E 
 319      A5632E8F 
 319      6F325FB2 
 320 06f5 94F42B4A 		.ascii	"\224\364+J\372\030\037\266a%}\310\203\316W\3403%\375"
 320      FA181FB6 
 320      61257DC8 
 320      83CE57E0 
 320      3325FD
 321 0708 A94789F4 		.ascii	"\251G\211\364\267q%2\241,\221\027\036%\302\373z\333"
 321      B7712532 
 321      A12C9117 
 321      1E25C2FB 
 321      7ADB
 322 071a BBAF7CD2 		.ascii	"\273\257|\322\333y\353\307\274o8N\3750_R\031\336+\220"
 322      DB79EBC7 
 322      BC6F384E 
 322      FD305F52 
 322      19DE2B90 
 323 072e BFAF385B 		.ascii	"\277\2578[\331}\005h\374}\245\230|\314\355\316v\371"
 323      D97D0568 
 323      FC7DA598 
 323      7CCCEDCE 
 323      76F9
 324 0740 2C219FB9 		.ascii	",!\237\271\307\312\305\307=\215\3453s\325{fx\3760\357"
 324      C7CAC5C7 
 324      3D8DE533 
 324      73D57B66 
 324      78FE30EF 
 325 0754 DC77DE2B 		.ascii	"\334w\336+\232\347\217\361\336\245+\275;\253\014\306"
 325      9AE78FF1 
 325      DEA52BBD 
 325      3BAB0CC6 
 326 0764 049FCA27 		.ascii	"\004\237\312'\336\3157\2703\331\335\316e\362o\312L>"
 326      DECD37B8 
 326      33D9DDCE 
 326      65F26FCA 
 326      4C3E
 327 0776 F40835AF 		.ascii	"\364\0105\257\375\271\367B\341\253\226O\374=\357G\025"
 327      FDB9F742 
 327      E1AB964F 
 327      FC3DEF47 
 327      15
 328 0787 6F3BEF6A 		.ascii	"o;\357j\232wW\247\312\020r5!\207\222\244\352\276\367"
 328      9A7757A7 
 328      CA107235 
 328      218792A4 
 328      EABEF7
ARM GAS  C:\Users\User\AppData\Local\Temp\cc8Lvxdi.s 			page 26


 329 079a 2AE743D9 		.ascii	"*\347C\331\305\353_\347\365\3541\270\265\267\267q\332"
 329      C5EB5FE7 
 329      F5EC31B8 
 329      B5B7B771 
 329      DA
 330 07ab 2795DA7F 		.ascii	"'\225\332\177\364\330\024]\374\271yW\031\312;\036_\025"
 330      F4D8145D 
 330      FCB97957 
 330      19CA3B1E 
 330      5F15
 331 07bd 3E943F78 		.ascii	">\224?x\377J\030\244\033\356\223\362\362^\035\356\244"
 331      FF4A18A4 
 331      1BEE93F2 
 331      F25E1DEE 
 331      A4
 332 07ce 1F47     		.ascii	"\037G"
 333 07d0 61675176 		.ascii	"agQv\265Fq\303\225O<t\004\016\272\377\307C\217\355\274"
 333      B54671C3 
 333      954F3C74 
 333      040EBAFF 
 333      C7438FED 
 334 07e5 C10E76AB 		.ascii	"\301\016v\253\256\000\013\017\013S\267j\262\021\251"
 334      AE000B0F 
 334      0B53B76A 
 334      B211A9
 335 07f4 9F770E7C 		.ascii	"\237w\016|W\035\300\337\252+\004\376V])\260[5\374\222"
 335      571DC0DF 
 335      AA2B04FE 
 335      565D29B0 
 335      5B35FC92 
 336 0808 FF89787E 		.ascii	"\377\211x~\255O\317\223\311\237\317n\362QA?\36579\345"
 336      AD4FCF93 
 336      C99FCF6E 
 336      F251413F 
 336      F53739E5 
 337 081c 5F1D29F8 		.ascii	"_\035)\370\322\007\367\260\353\310\330.\347\003-\356"
 337      D207F7B0 
 337      EBC8D82E 
 337      E7032DEE 
 338 082c 67C2EE8A 		.ascii	"g\302\356\212C\231\030\0170\241\2471\315\021\200G\230"
 338      4399180F 
 338      30A1A731 
 338      CD118047 
 338      98
 339 083d 707B5FFA 		.ascii	"p{_\372]\037<\306\204\272\246\221\010v\203\231\015\322"
 339      5D1F3CC6 
 339      84BAA691 
 339      08768399 
 339      0DD2
 340 084f 89DE4776 		.ascii	"\211\336Gv\351?8\\\344B\263\357\301\220K\207\237R\252"
 340      E93F385C 
 340      E442B3EF 
 340      C1904B87 
 340      9F52AA
 341 0862 E6873A47 		.ascii	"\346\207:G\021\\`\202\245+\013\313\370\217y\3745\245"
 341      115C6082 
 341      A52B0BCB 
ARM GAS  C:\Users\User\AppData\Local\Temp\cc8Lvxdi.s 			page 27


 341      F88F79FC 
 341      35A5
 342 0874 1AFC6FF8 		.ascii	"\032\374o\370\211o\037\237\332:Hm-\375\2305Hy\265C^"
 342      896F1F9F 
 342      DA3A486D 
 342      2DFD9835 
 342      4879B543 
 343 0889 4F416C4F 		.ascii	"OAlO\000\232\000-\200\223\200f@\343\264\217L\177>Wc"
 343      009A002D 
 343      80938066 
 343      40E3B48F 
 343      4C7F3E57 
 344 089e F5CA053D 		.ascii	"\365\312\005=n\026-<\375\270\222\356\361)\357\312Wl"
 344      6E162D3C 
 344      FDB892EE 
 344      F129EFCA 
 344      576C
 345 08b0 A7867F78 		.ascii	"\247\206\177x2u\363\364*\357t\376\230\036\314c\307t"
 345      3275F3F4 
 345      2AEF74FE 
 345      981ECC63 
 345      C774
 346 08c2 83F298A6 		.ascii	"\203\362\230\246W\276i\261\254\361\032K\376\316\304"
 346      57BE69B1 
 346      ACF11A4B 
 346      FECEC4
 347 08d1 AF7DCCBB 		.ascii	"\257}\314\273gS\177O\256\273!^\327\341\037\330nk\035"
 347      67537F4F 
 347      AEBB215E 
 347      D7E11FD8 
 347      6E6B1D
 348 08e4 1A2AD329 		.ascii	"\032*\323)v\233\234\022t\0062\361\357d\2059\3660\237"
 348      769B9C12 
 348      740632F1 
 348      EF648539 
 348      F6309F
 349 08f7 ED0207CC 		.ascii	"\355\002\007\314<\355\336\005\015\362.\350\274YZ6m\027"
 349      3CEDDE05 
 349      0DF22EE8 
 349      BC595A36 
 349      6D17
 350 0909 38A6ED02 		.ascii	"8\246\355\002\247\264\013\310\357\317>\216M\264$&\306"
 350      A7B40BC8 
 350      EFCF3E8E 
 350      4DB42426 
 350      C6
 351 091a 5B56C6C6 		.ascii	"[V\306\306}\262\372SK\274-)6!\331\222\220\234\220\352"
 351      7DB2FA53 
 351      4BBC2D29 
 351      3621D992 
 351      909C90EA 
 352 092e FFF67B7F 		.ascii	"\377\366{\177\0141\032\014*\213\361w1q\037'\254L\210"
 352      0C311A0C 
 352      2A8BF177 
 352      31711F27 
 352      AC4C88
 353 0941 3192B739 		.ascii	"1\222\2679uu|\202\315\260\350\263\005\226\317\023\222"
ARM GAS  C:\Users\User\AppData\Local\Temp\cc8Lvxdi.s 			page 28


 353      75757C82 
 353      CDB0E8B3 
 353      0596CF13 
 353      92
 354 0952 E36D9FA7 		.ascii	"\343m\237\247\360\375\214iK1,Z\030nK\011\007\365\341"
 354      F0FD8C69 
 354      4B312C5A 
 354      186E4B09 
 354      07F5E1
 355 0965 9FDA56A5 		.ascii	"\237\332V\245\246\204\233W\274\273 \202\275\227,Z\263"
 355      A6849B57 
 355      BCBB2082 
 355      BD972C5A 
 355      B3
 356 0976 265C5A78 		.ascii	"&\\Zx^\234J/\333@V\235\231\222\232\264 \302\022\227"
 356      5E9C4A2F 
 356      DB40569D 
 356      99929AB4 
 356      20C21297 
 357 098a 688BFB84 		.ascii	"h\213\373\204v\370\305'\305.\205\337\330\377\242\025"
 357      76F8C527 
 357      C52E85DF 
 357      D8FFA215 
 358 099a CB964585 		.ascii	"\313\226E\205G\275\033\371YD8[\015\226\230\367\261J"
 358      47BD1BF9 
 358      5944385B 
 358      0D9698F7 
 358      B14A
 359 09ac 6BB1AC4E 		.ascii	"k\261\254NHN\00595\023\305\311\253\321w\212\347j\\\177"
 359      484E0539 
 359      3513C5C9 
 359      ABD1778A 
 359      E76A5C7F 
 360 09c0 4CAACD96 		.ascii	"L\252\315\226\230\022\363Q\362\352\020\332\012\211]"
 360      9812F351 
 360      F2EA10DA 
 360      0A895D
 361 09cf 9514624D 		.ascii	"\225\024bMZi\215\217\267\306\307,\234\267 $b\276a\321"
 361      5A698D8F 
 361      B7C6C72C 
 361      9CB72024 
 361      62BE61D1 
 362 09e3 5F0D31D0 		.ascii	"_\0151\320\377F\262-\331\372\2065\0264'$\307%\256\216"
 362      FF46B22D 
 362      D9FA8635 
 362      16342724 
 362      C725AE8E 
 363 09f7 B7C624C5 		.ascii	"\267\306$\305\202\256dk\214%\336\372a\354\352\304TK"
 363      82AE646B 
 363      8C25DEFA 
 363      61ECEAC4 
 363      544B
 364 0a09 EADA4FAD 		.ascii	"\352\332O\255)`\220\277l\316\332\377\2415)kSb,)\251"
 364      296090BF 
 364      6CCEDAFF 
 364      A135296B 
 364      53622C29 
ARM GAS  C:\Users\User\AppData\Local\Temp\cc8Lvxdi.s 			page 29


 365 0a1e F1B03498 		.ascii	"\361\2604\230\020h^\233\222jM2\332VY\215$%\330h\212"
 365      10685E9B 
 365      926A4D32 
 365      DA56598D 
 365      2425D868 
 366 0a33 501BCD26 		.ascii	"P\033\315&\0034\014\244\021\361\321\177\220\2278[R\222"
 366      03340CA4 
 366      11F1D17F 
 366      9097385B 
 366      5292
 367 0a45 2D39DCBA 		.ascii	"-9\334\272&5\334\370\256y\251\031\322\303U\010\315\315"
 367      2635DCF8 
 367      AE79A919 
 367      D2C35508 
 367      CDCD
 368 0a57 878B1642 		.ascii	"\207\213\026B\033,\321-\377\223\311\262\002\"\023e\375"
 368      1B2CD12D 
 368      FF93C9B2 
 368      02221365 
 368      FD
 369 0a68 D03FCAF8 		.ascii	"\320?\312\370\216q\311\333&\203v\371\262e\346\310\245"
 369      8E71C9DB 
 369      268376F9 
 369      B265E6C8 
 369      A5
 370 0a79 A44D9A4B 		.ascii	"\244M\232K#\314\244\351c6\033\3376iL\213\315\213M\037"
 370      23CCA4E9 
 370      63361BDF 
 370      36694C8B 
 370      CD8B4D1F 
 371 0a8d 2C8E5A88 		.ascii	",\216Z\210\301N\365[QFw\327o4\221\313\337\212X\266|"
 371      C14EF55B 
 371      514677D7 
 371      6F3491CB 
 371      DF8A58B6 
 372 0aa2 F17B26D2 		.ascii	"\361{&\3222\260\226<\372kMd\364[\013\244\321\350)^\264"
 372      32B0963C 
 372      FA6B4D64 
 372      F45B0BA4 
 372      D1E8295E 
 373 0ab7 92B7C08F 		.ascii	"\222\267\300\217h\201\036\362k\340G\"\374\210\006:\022"
 373      68811EF2 
 373      6BE04722 
 373      FC88063A 
 373      12
 374 0ac8 2D31A2A7 		.ascii	"-1\242\2473\014\376d\256\311\274\302D\032\006\322\230"
 374      330CFE64 
 374      AEC9BCC2 
 374      441A06D2 
 374      98
 375 0ad9 1A9BEF4F 		.ascii	"\032\233\357Of\263\261h\231\024\315H\330\270\324\244"
 375      66B3B168 
 375      9914CD48 
 375      D8B8D4A4 
 376 0ae9 264EFA81 		.ascii	"&N\372\201\277\344W0\232\344pD\350LF\243\034#\237\367"
 376      BFE45730 
 376      9AE47044 
ARM GAS  C:\Users\User\AppData\Local\Temp\cc8Lvxdi.s 			page 30


 376      E84C46A3 
 376      1C239FF7 
 377 0afd 97AF309A 		.ascii	"\227\2570\232\004\263\311\017\032\357,\376\263IM^8\322"
 377      04B3C90F 
 377      1AEF2CFE 
 377      B3494D5E 
 377      38D2
 378 0b0f 68F2A523 		.ascii	"h\362\245#\206\031K\226E\232\243e\372\337\001t@\032"
 378      86194B96 
 378      459AA365 
 378      FADF0174 
 378      401A
 379 0b21 42       		.ascii	"B"
 380              		.text
 381              		.section	.gnu.lto_.symtab.d7542962,"",%progbits
 382 0000 68616C5F 		.ascii	"hal_lld_init\000"
 382      6C6C645F 
 382      696E6974 
 382      00
 383 000d 00       		.ascii	"\000"
 384 000e 00       		.ascii	"\000"
 385 000f 00       		.ascii	"\000"
 386 0010 00000000 		.ascii	"\000\000\000\000\000\000\000\000"
 386      00000000 
 387 0018 B0000000 		.ascii	"\260\000\000\000"
 388 001c 73746D33 		.ascii	"stm32_clock_init\000"
 388      325F636C 
 388      6F636B5F 
 388      696E6974 
 388      00
 389 002d 00       		.ascii	"\000"
 390 002e 00       		.ascii	"\000"
 391 002f 00       		.ascii	"\000"
 392 0030 00000000 		.ascii	"\000\000\000\000\000\000\000\000"
 392      00000000 
 393 0038 B2000000 		.ascii	"\262\000\000\000"
 394 003c 53797374 		.ascii	"SystemCoreClock\000"
 394      656D436F 
 394      7265436C 
 394      6F636B00 
 395 004c 00       		.ascii	"\000"
 396 004d 00       		.ascii	"\000"
 397 004e 00       		.ascii	"\000"
 398 004f 00000000 		.ascii	"\000\000\000\000\000\000\000\000"
 398      00000000 
 399 0057 C1000000 		.ascii	"\301\000\000\000"
 400 005b 646D6149 		.ascii	"dmaInit\000"
 400      6E697400 
 401 0063 00       		.ascii	"\000"
 402 0064 02       		.ascii	"\002"
 403 0065 00       		.ascii	"\000"
 404 0066 00000000 		.ascii	"\000\000\000\000\000\000\000\000"
 404      00000000 
 405 006e B4000000 		.ascii	"\264\000\000\000"
 406              		.text
 407              		.section	.gnu.lto_.opts,"",%progbits
 408 0000 272D666D 		.ascii	"'-fmath-errno' '-fsigned-zeros' '-ftrapping-math' '"
ARM GAS  C:\Users\User\AppData\Local\Temp\cc8Lvxdi.s 			page 31


 408      6174682D 
 408      6572726E 
 408      6F272027 
 408      2D667369 
 409 0033 2D666E6F 		.ascii	"-fno-trapv' '-fno-openmp' '-fno-openacc' '-mcpu=cor"
 409      2D747261 
 409      70762720 
 409      272D666E 
 409      6F2D6F70 
 410 0066 7465782D 		.ascii	"tex-m7' '-mno-thumb-interwork' '-mthumb' '-ggdb' '-"
 410      6D372720 
 410      272D6D6E 
 410      6F2D7468 
 410      756D622D 
 411 0099 4F322720 		.ascii	"O2' '-fomit-frame-pointer' '-falign-functions=16' '"
 411      272D666F 
 411      6D69742D 
 411      6672616D 
 411      652D706F 
 412 00cc 2D666675 		.ascii	"-ffunction-sections' '-fdata-sections' '-fno-common"
 412      6E637469 
 412      6F6E2D73 
 412      65637469 
 412      6F6E7327 
 413 00ff 2720272D 		.ascii	"' '-flto'\000"
 413      666C746F 
 413      2700
 414              		.text
 415              		.comm	__gnu_lto_v1,1,1
 416              		.comm	__gnu_lto_slim,1,1
 417              		.ident	"GCC: (GNU Tools for ARM Embedded Processors 6-2017-q1-update) 6.3.1 20170215 (release) [AR
ARM GAS  C:\Users\User\AppData\Local\Temp\cc8Lvxdi.s 			page 32


DEFINED SYMBOLS
                            *ABS*:00000000 hal_lld.c
                            *COM*:00000001 __gnu_lto_v1
                            *COM*:00000001 __gnu_lto_slim

NO UNDEFINED SYMBOLS
