ARM GAS  C:\Users\User\AppData\Local\Temp\ccDeo9hc.s 			page 1


   1              		.cpu cortex-m7
   2              		.eabi_attribute 20, 1
   3              		.eabi_attribute 21, 1
   4              		.eabi_attribute 23, 3
   5              		.eabi_attribute 24, 1
   6              		.eabi_attribute 25, 1
   7              		.eabi_attribute 26, 1
   8              		.eabi_attribute 30, 2
   9              		.eabi_attribute 34, 1
  10              		.eabi_attribute 18, 4
  11              		.file	"debug.c"
  12              		.text
  13              	.Ltext0:
  14              		.section	.gnu.lto_.profile.d754157d,"",%progbits
  15 0000 789C6365 		.ascii	"x\234ce`b`a```d\360\222\006\000\001/\000r"
  15      60626061 
  15      60606064 
  15      F0920600 
  15      012F0072 
  16              		.text
  17              		.section	.gnu.lto_.icf.d754157d,"",%progbits
  18 0000 789C6365 		.ascii	"x\234ce`bP`@\000V\206UM\013\367\2621.y\330=\215\205"
  18      60625060 
  18      40005686 
  18      554D0BF7 
  18      B2312E79 
  19 0018 E977F7B7 		.ascii	"\351w\367\267\257l\314\333\277^n\346gy6\353\376\025"
  19      AF6CCCDB 
  19      BF5E6EE6 
  19      677936EB 
  19      FE15
  20 002a 3E0600F4 		.ascii	">\006\000\364\350\017:"
  20      E80F3A
  21              		.text
  22              		.section	.gnu.lto_.jmpfuncs.d754157d,"",%progbits
  23 0000 789C6365 		.ascii	"x\234ce`b\330\303\200\000L@\314\3068\235\231\261c\365"
  23      6062D8C3 
  23      80004C40 
  23      CCC6389D 
  23      99B163F5 
  24 0014 94C5CC7D 		.ascii	"\224\305\314}\314\363\231\031\030\033ft4\2600.g\224"
  24      CCF39919 
  24      181B6674 
  24      34B0302E 
  24      6794
  25 0026 6160E460 		.ascii	"a`\344`\000\311M\177\373S\012$\305\310\010\024_\001"
  25      00C94D7F 
  25      FB530A24 
  25      C5C80814 
  25      5F01
  26 0038 14078BFE 		.ascii	"\024\007\213\376~\335\324\303\004\022fblbg\\\011\022"
  26      7EDDD4C3 
  26      04126662 
  26      6C62675C 
  26      0912
  27 004a 666344D6 		.ascii	"fcD\326\266\356\305\3769\\P}L\214\253\300\372 \352X"
  27      B6EEC5FE 
ARM GAS  C:\Users\User\AppData\Local\Temp\ccDeo9hc.s 			page 2


  27      395C507D 
  27      4C8CABC0 
  27      FA20EA58 
  28 005e 18204634 		.ascii	"\030 F4\377\332\377\231\257\376o\203\304|f\346\305\314"
  28      FFDAFF99 
  28      AFFE6F83 
  28      C47C66E6 
  28      C5CC
  29 0070 20C1D58C 		.ascii	" \301\325\214\365\014\214,\014,\214@\000t\033\220\311"
  29      F50C8C2C 
  29      0C2C8C40 
  29      00741B90 
  29      C9
  30 0081 06726525 		.ascii	"\006re%\324\271,`!FF-\240!\014\000U\223$\306"
  30      D4B92C60 
  30      2146462D 
  30      A0210C00 
  30      559324C6 
  31              		.text
  32              		.section	.gnu.lto_.inline.d754157d,"",%progbits
  33 0000 789C6365 		.ascii	"x\234ce`b\210`@\000&\006\006AmF\006&\266\017z\014l\013"
  33      60628860 
  33      40002606 
  33      06416D46 
  33      0626B60F 
  34 0018 E4994062 		.ascii	"\344\231@b,\274\014\014\314H43\017P\335\004?\006\026"
  34      2CBC0C0C 
  34      CC483433 
  34      0F50DD04 
  34      3F0616
  35 002b 163E1120 		.ascii	"\026>\021 \213c\206\005\\)\0100B\024N\360\003A\260Z"
  35      8B638605 
  35      5C290830 
  35      42144EF0 
  35      0341B05A 
  36 003f A0200063 		.ascii	"\240 \000c,\010."
  36      2C082E
  37              		.text
  38              		.section	.gnu.lto_.pureconst.d754157d,"",%progbits
  39 0000 789C6365 		.ascii	"x\234ce`b`e`\000\222\022,\022\000\001\003\000C"
  39      60626065 
  39      60009212 
  39      2C120001 
  39      030043
  40              		.text
  41              		.section	.gnu.lto_debug_stream_init.d754157d,"",%progbits
  42 0000 789C8D92 		.ascii	"x\234\215\222\313/CA\024\306\3177S\267\267\327#b\325"
  42      CB2F4341 
  42      14C6CF37 
  42      53B7B7D7 
  42      2362D5
  43 0013 D085AD8D 		.ascii	"\320\205\255\215\277\306_\340\021\013k\353;*\036)A\004"
  43      BFC65FE0 
  43      110B6BEB 
  43      3B2A1E29 
  43      4104
  44 0025 552157D2 		.ascii	"U!W\322\205Gi\025EYh\304F\"$\0226v$\342\271\262B<\316"
ARM GAS  C:\Users\User\AppData\Local\Temp\ccDeo9hc.s 			page 3


  44      85476915 
  44      455968C4 
  44      46222412 
  44      367624E2 
  45 003e B91EA111 		.ascii	"\271\036\241\0211\311\334\231|s\316\367;\367\314\224"
  45      31C9DC99 
  45      7C73CEF7 
  45      3BF7CC94 
  46 004e 90A26145 		.ascii	"\220\242aE\344\020Q\015Oh\202\032: \352\260\025 \033"
  46      E410510D 
  46      4F68821A 
  46      3A20EAB0 
  46      15201B
  47 0061 63835C05 		.ascii	"c\203\\\005\027\203:\256\261\323s\221Wu3\206G!~\024"
  47      17833AAE 
  47      B1D37391 
  47      57753386 
  47      47217E14 
  48 0075 36B30578 		.ascii	"6\263\005x\232(\301S\006fPG\034v\226}\031-\267\002\357"
  48      9A28C153 
  48      06665047 
  48      1C76967D 
  48      192DB702 
  49 008a 3A666181 		.ascii	":fa\201\327\314\021\012\346\345\265\307\024N\252b\025"
  49      D7CC110A 
  49      E6E5B5C7 
  49      144EAA62 
  49      15
  50 009b B6224FC3 		.ascii	"\266\"O\303\222\017Q\214\343\004\326\247\225\254\372"
  50      920F518C 
  50      E304D6A7 
  50      95ACFA
  51 00aa 0AD1B1AB 		.ascii	"\012\321\261\253\224#\231SZ\261\341X\327\316ap@{ZA\374"
  51      94239953 
  51      5AB1E158 
  51      D7CE6170 
  51      407B5A41 
  52 00bf F3F9DBD3 		.ascii	"\363\371\333\323\240\373ll\026\222\302`\355z\377x\327"
  52      A0FB6C6C 
  52      1692C260 
  52      ED7AFF78 
  52      D7
  53 00d0 F130C505 		.ascii	"\3610\305\005\001\363\\\360\034\"\014O\301\003\335\240"
  53      01F35CF0 
  53      1C220C4F 
  53      C103DDA0 
  54 00e0 AB56CC8A 		.ascii	"\253V\314\212ruB\340X\200KE\230\200\217\351|\334\276"
  54      727542E0 
  54      58804B45 
  54      98808FE9 
  54      7CDCBE
  55 00f3 AFE0D030 		.ascii	"\257\340\3200\013I\011emo\"\325\306\224\216JO\227 \315"
  55      0B490965 
  55      6D6F22D5 
  55      C6948E4A 
  55      4F9720CD 
  56 0107 9845C1F0 		.ascii	"\230E\301\360\301\353\365r:\304\301\343\306\324\212"
ARM GAS  C:\Users\User\AppData\Local\Temp\ccDeo9hc.s 			page 4


  56      C1EBF572 
  56      3AC4C1E3 
  56      C6D48A
  57 0116 4186C13E 		.ascii	"A\206\301>\023Kp=mq\021\335\323Y\374RF0\301\277M\310"
  57      134B703D 
  57      6D7111DD 
  57      D359FC52 
  57      4630C1BF 
  58 012c 72197CD0 		.ascii	"r\031|\320\233\032Ij\251\301\206\031\3575\001,#\302"
  58      9B1A496A 
  58      A9C18619 
  58      EF35012C 
  58      23C2
  59 013e 72FA727B 		.ascii	"r\372r{\322\0219\004\243\260\342kO7\321~%\232\203h\020"
  59      D2113904 
  59      A3B0E26B 
  59      4F37D17E 
  59      259A8368 
  60 0153 AB8878BA 		.ascii	"\253\210x\272\324\307\344\376\300\344\030\363\341\031"
  60      D4C7E4FE 
  60      C0E418F3 
  60      E119
  61 0161 BF7BA8FE 		.ascii	"\277{\250\376\260\014`\015\221O\013\277\375\231\206"
  61      B00C600D 
  61      914F0BBF 
  61      FD9986
  62 0170 F7F65BFF 		.ascii	"\367\366[\377\351\367\372W\2777\244\337b\020\222\364"
  62      E9F7FA57 
  62      BF37A4DF 
  62      621092F4 
  63 0180 EF3D2D2B 		.ascii	"\357=-+\276\272\262\244\024\364\323\252\034\233l\225"
  63      BEBAB2A4 
  63      14F4D3AA 
  63      1C9B6C95 
  64 0190 F7ADB6D8 		.ascii	"\367\255\266\330\212\371t\207\350\364\271o\347?\262"
  64      8AF97487 
  64      E8F4B96F 
  64      E73FB2
  65 019f 18DF043F 		.ascii	"\030\337\004?\022N\265\233[\032\333[\353\233\350\015"
  65      124EB59B 
  65      5B1ADB5B 
  65      EB9BE80D 
  66 01af D8ACD395 		.ascii	"\330\254\323\225"
  67              		.text
  68              		.section	.gnu.lto_debug_serial.d754157d,"",%progbits
  69 0000 789C6365 		.ascii	"x\234ce`b\220g``\340b\200\200\351\314\214;w\276\271"
  69      60629067 
  69      6060E062 
  69      8080E9CC 
  69      8C3B77BE 
  70 0015 CD5EFFB7 		.ascii	"\315^\377\267\241\243\241\341A\367,\001\326\371\314"
  70      A1A3A1E1 
  70      41F72C01 
  70      D6F9CC
  71 0024 0C8B9981 		.ascii	"\014\213\231\201R\214\313\031\353\0318RR\223J\323\365"
  71      528CCB19 
  71      EB193852 
ARM GAS  C:\Users\User\AppData\Local\Temp\ccDeo9hc.s 			page 5


  71      52934AD3 
  71      F5
  72 0035 92190071 		.ascii	"\222\031\000q\320\016\272"
  72      D00EBA
  73              		.text
  74              		.section	.gnu.lto_sd_st_cfg.d754157d,"",%progbits
  75 0000 789C6365 		.ascii	"x\234ce`b\010f```d\200\200\351\314\214\353\337\354\374"
  75      60620866 
  75      60606064 
  75      8080E9CC 
  75      8CEBDFEC 
  76 0015 C9DBC73C 		.ascii	"\311\333\307<\237\031(\010\344.Z\323q\204\003\302mh"
  76      9F192808 
  76      E42E5AD3 
  76      718403C2 
  76      6D68
  77 0027 61070A4C 		.ascii	"a\007\012L\336\275u%\253\305\266\206\216\005\015\016"
  77      DEBD7525 
  77      ABC5B686 
  77      8E050D0E 
  78 0037 F3991967 		.ascii	"\363\231\031g\000%V0\312\314`fd\\\016\242\230 \0243"
  78      00255630 
  78      CACC6066 
  78      645C0EA2 
  78      98201433 
  79 004b 8862605C 		.ascii	"\210b`\\\311h\301\000\000\305K\030\260"
  79      C968C100 
  79      00C54B18 
  79      B0
  80              		.text
  81              		.section	.gnu.lto_dbgprintf.d754157d,"",%progbits
  82 0000 789C8D52 		.ascii	"x\234\215RMkSQ\020\235s\347\335\227\2304.Z\027.\002"
  82      4D6B5351 
  82      109D73E7 
  82      DD979834 
  82      2E5A172E 
  83 0015 CDC252DA 		.ascii	"\315\302R\332E\026\342\242+\177\201\177\242~\256D\021"
  83      4516E2A2 
  83      2B7F817F 
  83      A27EAE44 
  83      11
  84 0026 5DE71AD2 		.ascii	"]\347\032\322\017RPSi\313+\206W)\322\326\252i\325\326"
  84      0F525053 
  84      69CB2B86 
  84      5729D2D6 
  84      AA69D5D6 
  85 003a A60A3E62 		.ascii	"\246\012>b\005\021?\252\330.\242\013\251\"\304\266\013"
  85      05113FAA 
  85      D82EA20B 
  85      A922C4B6 
  85      0B
  86 004b 372282D5 		.ascii	"7\"\202\325\271/UP\":p\337\2753\367\314\314\231s\237"
  86      B92F5550 
  86      223A70DF 
  86      BD33F7CC 
  86      CC99739F 
  87 005f 26455F14 		.ascii	"&E_\024\321.\"\332/\013.A]xFt6\252\224\023\264\222\211"
ARM GAS  C:\Users\User\AppData\Local\Temp\ccDeo9hc.s 			page 6


  87      D12E22DA 
  87      2F0B2E41 
  87      5D784674 
  87      36AA9413 
  88 0076 F1729A4C 		.ascii	"\361r\232L\023C\327\303\316\317\203\006\354\301DA\031"
  88      1343D7C3 
  88      CECF8306 
  88      ECC14441 
  88      19
  89 0087 C58E4606 		.ascii	"\305\216F\006\347y\204Q\351\373PV\035\023F,\030\371"
  89      E7798451 
  89      E9FB5056 
  89      1D13462C 
  89      18F9
  90 0099 BADB4C06 		.ascii	"\272\333L\006\360\231\310\223e\015\023\350\020\324\213"
  90      F099C893 
  90      650D13E8 
  90      10D48B
  91 00a8 DCCC253E 		.ascii	"\334\314%>\307>\003\216\270\237\236\216\276\333i]\205"
  91      C73E038E 
  91      B89F9E8E 
  91      BEDB695D 
  91      85
  92 00b9 94B8D5C1 		.ascii	"\224\270\325\301\374\232\3468H\316\233\375\205j\244"
  92      FC9AE638 
  92      48CE9BFD 
  92      856AA4
  93 00c8 FD8A3159 		.ascii	"\375\2121Y\023l\\d\263\307g\306U\260\024\304\024\222"
  93      136C5C64 
  93      B3C767C6 
  93      55B014C4 
  93      1492
  94 00da 98449224 		.ascii	"\230D\222$D\230F\273\305\257,N\017)n\016s/\367\026\036"
  94      449846BB 
  94      C5AF2C4E 
  94      0F296E0E 
  94      732FF716 
  95 00ef 26DAC64D 		.ascii	"&\332\306M \\V_\261g\202\\\312g\007\327~O\267&\350\265"
  95      205C565F 
  95      B167825C 
  95      CA6707D7 
  95      7E4FB726 
  96 0105 D9ADA184 		.ascii	"\331\255\241\204\353\340:\332\352tq\003.d\263\221\322"
  96      EBE03ADA 
  96      EA747103 
  96      2E64B391 
  96      D2
  97 0116 4B04D9AD 		.ascii	"K\004\331\255\357}&\370\334\362\270%\316\322Sk\373q"
  97      EF7D26F8 
  97      DCF2B825 
  97      CED2536B 
  97      FB71
  98 0128 1176A6BC 		.ascii	"\021v\246\274dXA\006X\331\235k\310\016\327\356\357\263"
  98      64584106 
  98      58D99D6B 
  98      C80ED7EE 
  98      EFB3
ARM GAS  C:\Users\User\AppData\Local\Temp\ccDeo9hc.s 			page 7


  99 013a 358A6C85 		.ascii	"5\212l\205\031\356\251<\217\330\031\335\220[\271\274"
  99      19EEA93C 
  99      8FD819DD 
  99      905BB9BC 
 100 014a F13A92F9 		.ascii	"\361:\222\371f\242\022\030\347:\203\217OV\226b>\212"
 100      66A21218 
 100      E73A838F 
 100      4F569662 
 100      3E8A
 101 015c A298C68C 		.ascii	"\242\230\306\214(Z\262\3540\013\037\364\036\271\352"
 101      285AB2EC 
 101      300B1FF4 
 101      1EB9EA
 102 016b 832534A8 		.ascii	"\203%4\250\247A\270\271=\306\200(\261\234\346u\364\214"
 102      A741B8B9 
 102      3DC68028 
 102      B19CE675 
 102      F48C
 103 017d 953A2DF6 		.ascii	"\225:-\366\217V\021\217\355D\267\220\261\027\013\367"
 103      8F56118F 
 103      ED44B790 
 103      B1170BF7 
 104 018d 560B900B 		.ascii	"V\013\220\0131\321%j\347\014sp[zw&}\336Av\214\251\003"
 104      31D1256A 
 104      E70C7370 
 104      5B7A7726 
 104      7DDE4176 
 105 01a4 F5AEFA7F 		.ascii	"\365\256\372\177h\317\375\242=oi\257\2437\325\200G\314"
 105      68CFFDA2 
 105      3D6F69AF 
 105      A337D580 
 105      47CC
 106 01b6 13990877 		.ascii	"\023\231\010w\204\207\324-\212&\322\333\347\270\340"
 106      8487D42D 
 106      8A26D2DB 
 106      E7B8E0
 107 01c5 736373AA 		.ascii	"scs\252AF\223'\243\021\026\376\301\274\214\214\317\011"
 107      41469327 
 107      A31116FE 
 107      C1BC8C8C 
 107      CF09
 108 01d7 A15D7913 		.ascii	"\241]y\023jeo\004\357\275\015\006u\327\274\351\027\216"
 108      6A656F04 
 108      EFBD0D06 
 108      75D7BCE9 
 108      178E
 109 01e9 0E61115D 		.ascii	"\016a\021]\241X\016\005\255l\261\265G{\377\216\276\273"
 109      A1580E05 
 109      AD6CB1B5 
 109      477BFF8E 
 109      BEBB
 110 01fb 8DD6E1C3 		.ascii	"\215\326\341\303nB\325\177\345\274H)\001\361\242\207"
 110      6E42D57F 
 110      E5BC4829 
 110      01F1A287 
 111 020b 8F1C3C73 		.ascii	"\217\034<s,}\210\334\243'N\035\357>\255\272O\376\000"
 111      2C7D88DC 
ARM GAS  C:\Users\User\AppData\Local\Temp\ccDeo9hc.s 			page 8


 111      A3274E1D 
 111      EF3EADBA 
 111      4FFE00
 112 021e 727BF84E 		.ascii	"r{\370N"
 113              		.text
 114              		.section	.gnu.lto_.symbol_nodes.d754157d,"",%progbits
 115 0000 789C558C 		.ascii	"x\234U\214\273\015\302@\020D\347f}\346S\005\242\022"
 115      BB0DC240 
 115      1044E766 
 115      7DE65305 
 115      A212
 116 0012 A86C2F70 		.ascii	"\250l/p\001\304\226\371\033b\223\022;\3055\330\222\353"
 116      01C496F9 
 116      1B629312 
 116      3BC535D8 
 116      92EB
 117 0024 402C0748 		.ascii	"@,\007H\334&o\364f\264\036D\007;\356\251\300\306\262"
 117      DC266FF4 
 117      66B41E44 
 117      073BEEA9 
 117      C0C6B2
 118 0037 E11ED680 		.ascii	"\341\036\326\200\337\322\205% \276\">aG\306\300\003"
 118      DFD28525 
 118      20BE223E 
 118      6147C6C0 
 118      03
 119 0048 D5FDC665 		.ascii	"\325\375\306e\034\237)\013{\343NT\306\006\010ae\342"
 119      1C9F290B 
 119      7BE34E54 
 119      C6060861 
 119      65E2
 120 005a 4895445C 		.ascii	"H\225D\\\251Y\".T\237\210\232\232\377\013\301\004m\377"
 120      A959222E 
 120      549F889A 
 120      9AFF0BC1 
 120      046DFF
 121 006d 74821CE3 		.ascii	"t\202\034\343\227\305`\314\346\030\233\207q\206\372"
 121      97C560CC 
 121      E6189B87 
 121      7186FA
 122 007c F6E614AD 		.ascii	"\366\346\024\255\021/\033#0\033"
 122      112F1B23 
 122      301B
 123              		.text
 124              		.section	.gnu.lto_.refs.d754157d,"",%progbits
 125 0000 789C0DC6 		.ascii	"x\234\015\3069\001\000 \000\003\261\353\207\011\374"
 125      39010020 
 125      0003B1EB 
 125      8709FC
 126 000f FB844C19 		.ascii	"\373\204L\031\346\002\005\3116\232r~\347\022\221\362"
 126      E60205C9 
 126      369A727E 
 126      E71291F2 
 127 001f 00072500 		.ascii	"\000\007%\000Y"
 127      59
 128              		.text
 129              		.section	.gnu.lto_.decls.d754157d,"",%progbits
ARM GAS  C:\Users\User\AppData\Local\Temp\ccDeo9hc.s 			page 9


 130 0000 789CC57B 		.ascii	"x\234\305{\011PTY\226h\336w_&I\222\200\255N\267\177"
 130      09505459 
 130      9668DE77 
 130      5F264992 
 130      80AD4EB7 
 131 0015 BE315DD1 		.ascii	"\2761]\321\237\251\"\246\247\313\262\234_\325\177\246"
 131      9FA922A6 
 131      A7CBB29C 
 131      5FD57FA6 
 132 0025 3BA6BAB5 		.ascii	";\246\272\265\272\273b\272J\013\255\3763\021\316'\020"
 132      BABB62BA 
 132      4A0BADFE 
 132      3311CE27 
 132      10
 133 0036 52645A01 		.ascii	"RdZ\001!Qk\"~L\262\250\200 \233\013  \253\212l\242 "
 133      21516B22 
 133      7E4CB2A8 
 133      80209B0B 
 133      2020AB8A 
 134 004d 2AAB8880 		.ascii	"*\253\210\200\254\262\010\212\262\212\242\310\242\240"
 134      ACB2088A 
 134      B28AA2C8 
 134      A2A0
 135 005b 08A830E7 		.ascii	"\010\2500\347\336\3732\337\313\344e\225=U\375\177\006"
 135      DEFB32DF 
 135      CBE46595 
 135      3D55FD7F 
 135      06
 136 006c 2779E7E6 		.ascii	"'y\347\346\271g\273\347\234\273\274\367\224\012N\361"
 136      B967BBE7 
 136      9CBBBCF7 
 136      940A4EF1 
 137 007c EEEF148A 		.ascii	"\356\357\024\212h\255B\221\204\024\212E\370(\025\012"
 137      68AD4291 
 137      84148A45 
 137      F828150A 
 138 008c 451E000F 		.ascii	"E\036\000\0170\006\360\036\300\004\300\242\202}l\310"
 138      3006F01E 
 138      C004C0A2 
 138      827D6CC8 
 139 009c 6F40EB08 		.ascii	"o@\353\010\360\337\001\3229\205\"\003\340*@5\307\372"
 139      F0DF01D2 
 139      39852203 
 139      E02A4035 
 139      C7FA
 140 00ae D5C0FF5A 		.ascii	"\325\300\377Z\200\033\000\215\234\302\354c\013\270\003"
 140      801B008D 
 140      9CC2EC63 
 140      0BB803
 141 00bd FCFF03C0 		.ascii	"\374\377\003\300I\270n\002h\346\030\377\005\2004\270"
 141      49B86E02 
 141      68E618FF 
 141      058034B8 
 142 00cd 6EE1CC65 		.ascii	"n\341\314e\377%\310i\205\266\012\201\027\026t \262\211"
 142      FF25C869 
 142      85B60A81 
 142      17167420 
ARM GAS  C:\Users\User\AppData\Local\Temp\ccDeo9hc.s 			page 10


 142      B289
 143 00df 0E0427F2 		.ascii	"\016\004'\362j\004\231\322O$\030\204\004Y\306\017\301"
 143      6A0499D2 
 143      4F241884 
 143      0459C60F 
 143      C1
 144 00f0 2DF50A03 		.ascii	"-\365\012\003:N\220\271 \330\377\002`\006\340%\300\254"
 144      3A4E90B9 
 144      20D8FF02 
 144      6006E025 
 144      C0AC
 145 0102 42FEF363 		.ascii	"B\376\363c\211=\313\001V\002hA@\256\240/\321\273\003"
 145      893DCB01 
 145      56026841 
 145      40AEA02F 
 145      D1BB03
 146 0115 A013A01D 		.ascii	"\240\023\240\035\340\026@\025\300m\200nA\007\"\213\370"
 146      E0164015 
 146      C06D806E 
 146      4107228B 
 146      F8
 147 0126 B35AF023 		.ascii	"\263Z\360#\361'\321\321\322\226\343\030\365\317\235"
 147      F127D1D1 
 147      D296E318 
 147      F5CF9D
 148 0135 F9CDFBB9 		.ascii	"\371\315\373\271\006\366Qs\342\017m!\347\222\360a\214"
 148      06F65173 
 148      E20F6D21 
 148      E792F061 
 148      8C
 149 0146 966B100F 		.ascii	"\226k\020\017\350\263\346\304\373\016\200\256\324\240"
 149      E8B3E6C4 
 149      FB0E80AE 
 149      D4A0
 150 0154 77003D31 		.ascii	"w\000=1\335\373\330\226\375\352,\371u9\373u6m8\226\303"
 150      DDFBD896 
 150      FDEA2CF9 
 150      7539FB75 
 150      366D3896 
 151 0169 7688F0E9 		.ascii	"v\210\360\351\255\317\316!|\336\323 \022\016\216\320"
 151      ADCFCE21 
 151      7CDED320 
 151      120E8ED0 
 152 0179 54307679 		.ascii	"T0vy\316\2365\021\212\366\250\251L\033\274\214\\s\011"
 152      CE9E3511 
 152      8AF6A8A9 
 152      4C1BBC8C 
 152      5C7309
 153 018c 0DDDD53C 		.ascii	"\015\335\325<r\326\234\"\352T\365O\277\027s\320`\340"
 153      72D69C22 
 153      EA54F54F 
 153      BF1773D0 
 153      60E0
 154 019e 5021D2A0 		.ascii	"P!\322\240\002\204\321i\364>q\367{\032\370\0165\030"
 154      0284D169 
 154      F43E71F7 
 154      7B1AF80E 
ARM GAS  C:\Users\User\AppData\Local\Temp\ccDeo9hc.s 			page 11


 154      3518
 155 01b0 820CD1C1 		.ascii	"\202\014\321\301\006\333\337)P6Z\215\316\240\325\012"
 155      06DBDF29 
 155      50365A8D 
 155      CEA0D50A 
 156 01c0 740E3913 		.ascii	"t\0169\023\266\204\016\345Cc\0364\202\210\354\314\230"
 156      B6840EE5 
 156      43631E34 
 156      8288ECCC 
 156      98
 157 01d1 74154E43 		.ascii	"t\025NCTFm\305\335\333<\3228\3132(\222a\300\224\351"
 157      54466DC5 
 157      DDDB3CD2 
 157      38CB3228 
 157      9261C094 
 158 01e6 CEFB49ED 		.ascii	"\316\373I\355~\242\314\005P\346\274\250\014\350\306"
 158      7EA2CC05 
 158      50E6BCA8 
 158      0CE8C6
 159 01f5 3C169A7B 		.ascii	"<\026\232{\370\032\326\000\327\340\267\342\012=\316"
 159      F81AD600 
 159      D7E0B7E2 
 159      0A3DCE
 160 0204 2D1E19B0 		.ascii	"-\036\031\260\307\231\034u\303D\310\203\001;\346\303"
 160      C7991C75 
 160      C344C883 
 160      013BE6C3 
 161 0214 5580E6CD 		.ascii	"U\200\346\315\366_T\342l\366[\344\221\352j\036\3473"
 161      F65F54E2 
 161      6CF65BE4 
 161      91EA6A1E 
 161      E733
 162 0226 242321E6 		.ascii	"$#!\346\240\022_`Hvl\3649\015.fH\373\323\246d;6H\313"
 162      A0125F60 
 162      48766CF4 
 162      390D2E66 
 162      48FBD3A6 
 163 023f 00BDBEF8 		.ascii	"\000\275\276\370\262\312\221q\344\000\215?\333=o\213"
 163      B2CA9171 
 163      E4008D3F 
 163      DB3D6F8B 
 164 024f 4B1869D6 		.ascii	"K\030i\326\374\253\247dX\336%\303\202%\203\362.\033"
 164      FCABA764 
 164      58DE25C3 
 164      822583F2 
 164      2E1B
 165 0261 94CAC61B 		.ascii	"\224\312\306\033\247\264\270\234\022s\321i9\207l\215"
 165      A7B4B89C 
 165      1273D169 
 165      39876C8D 
 166 0271 1E03F394 		.ascii	"\036\003\363\224\316\012T\006f\224\023\333\256\201m"
 166      CE0A5406 
 166      669413DB 
 166      AE816D
 167 0280 EF0AB655 		.ascii	"\357\012\266UAc\245\311c\375\027\376\352\262\301\260"
 167      4163A5C9 
 167      63FD17FE 
ARM GAS  C:\Users\User\AppData\Local\Temp\ccDeo9hc.s 			page 12


 167      EAB2C1B0 
 168 0290 0C5583C3 		.ascii	"\014U\203\303\256\212\016{W\360WE\314\335\207\032\\"
 168      AE8A0E7B 
 168      57F05745 
 168      CCDD871A 
 168      5C
 169 02a1 CF44BC0E 		.ascii	"\317D\274\016>6)\016|w\336\2075\324\327\265\320\265"
 169      3E36290E 
 169      7C77DE87 
 169      35D4D7B5 
 169      D0B5
 170 02b3 46EC5A8D 		.ascii	"F\354Z\215L#o\251\306u\0315@H\320lz\231\032\267Q!\374"
 170      4C236FA9 
 170      C6751935 
 170      4048D06C 
 170      7A991AB7 
 171 02ca F44C448F 		.ascii	"\364LD\217\006\255prr\216!b\242\015\206O8q\224\024\250"
 171      06AD7072 
 171      728E2162 
 171      A20D864F 
 171      38719414 
 172 02df 1EAD200C 		.ascii	"\036\255 \014P#\360j@N\350\006r\242\351\220N\004VM\366"
 172      5023F06A 
 172      404EE806 
 172      72A2E990 
 172      4E04564D 
 173 02f4 38954F0D 		.ascii	"8\225O\015\030\014\341Z\252V\005\250E:\2304XCX\224\021"
 173      180CE15A 
 173      AA5605A8 
 173      453A9834 
 173      58435894 
 174 0309 464287EA 		.ascii	"FB\207\352_\306\033\252\2020\245\256\223\245^K\210\231"
 174      5FC61BAA 
 174      8230A5AE 
 174      93A55E4B 
 174      8899
 175 031b C90B651A 		.ascii	"\311\013e\032H@B\243\020\254e\211\310w\366M\304\"\344"
 175      484042A3 
 175      10AC6589 
 175      C877F64D 
 175      C422E4
 176 032e B4D2D929 		.ascii	"\264\322\331)\235\022v\225;\004R\266\204])\260mF+\305"
 176      9D127695 
 176      3B0452B6 
 176      845D29B0 
 176      6D462BC5 
 177 0342 4813D9C6 		.ascii	"H\023\331\306R\023\203\015\237\360R\023\01111\261\005"
 177      5213830D 
 177      9FF05213 
 177      093131B1 
 177      05
 178 0353 4C6C0513 		.ascii	"Ll\005\023\233\004\023\231\022\023e\253\002\015\006"
 178      9B041399 
 178      121365AB 
 178      020D06
 179 0362 44A8A45A 		.ascii	"D\250\244Z0sf\312\226\307\005\033\352?\240\011p\305"
 179      307366CA 
ARM GAS  C:\Users\User\AppData\Local\Temp\ccDeo9hc.s 			page 13


 179      96C7051B 
 179      EA3FA009 
 179      70C5
 180 0374 BA60F0FA 		.ascii	"\272`\360\372TYc\023\267\0224\010\264\252\201\302L\274"
 180      54596313 
 180      B7123408 
 180      B4AA81C2 
 180      4CBC
 181 0386 247897B3 		.ascii	"$x\227\263\340\015\271v\253X\213\257`\032\215\017\032"
 181      E00DB976 
 181      AB588BAF 
 181      601A8D0F 
 181      1A
 182 0397 0B82D4B8 		.ascii	"\013\202\324\270\202!\211\245\317\033\224\214P\015h"
 182      822189A5 
 182      CF1B948C 
 182      500D68
 183 03a6 4A737EA3 		.ascii	"Js~\243\022W\263\337Js\362\3339\\\317\220\334\313O\017"
 183      1257B3DF 
 183      4A73F2DB 
 183      395CCF90 
 183      DCCB4F0F 
 184 03ba 217C9321 		.ascii	"!|\223!\317\016\026\350q7\273\016I\216n\345\030\207"
 184      CF0E16E8 
 184      7137BB0E 
 184      498E6EE5 
 184      1887
 185 03cc BF05F458 		.ascii	"\277\005\364XX\322\000\317\322f\200$\312\371\2563\245"
 185      58D200CF 
 185      D2668024 
 185      CAF9AE33 
 185      A5
 186 03dd 6ADC4B69 		.ascii	"j\334Ki\355\243\263\243K4\310\011>+\234\330\3079\335"
 186      EDA3B3A3 
 186      4B34C809 
 186      3E2B9CD8 
 186      C739DD
 187 03f0 10120CA3 		.ascii	"\020\022\014\243\373\213\004CU\010F\305\340\215n\360"
 187      FB8B0443 
 187      550846C5 
 187      E08D6EF0 
 188 0400 C6000C87 		.ascii	"\306\000\014\207\2717\262\205X \324\363\277\024\251"
 188      B937B285 
 188      5820D4F3 
 188      BF14A9
 189 040f EF5A529F 		.ascii	"\357ZR\237E&\3471\352Q\011\365EK\352\034K\352)\011u"
 189      4526E731 
 189      EA5109F5 
 189      454BEA1C 
 189      4BEA2909 
 190 0424 AE3C3553 		.ascii	"\256<5S\305\024\3650 =@p\207\3766 D\375#\010\211a\030"
 190      C514F530 
 190      203D4070 
 190      87FE3620 
 190      44FD2308 
 191 043b 937B0083 		.ascii	"\223{\000\203\000\017\000\356\003\214\000<\004\030\002"
 191      000F00EE 
ARM GAS  C:\Users\User\AppData\Local\Temp\ccDeo9hc.s 			page 14


 191      038C003C 
 191      041802
 192 044a E803E807 		.ascii	"\350\003\350\007\3505e\006Q\240A\342\212.K\005:-\325"
 192      E8356506 
 192      51A041E2 
 192      8A2E4B05 
 192      3A2DD5
 193 045d 1D92A87B 		.ascii	"\035\222\250{\311\222\272\004Yz\256G\302\274\303\222"
 193      C992BA04 
 193      597AAE47 
 193      C2BCC392 
 194 046d BCCD92F9 		.ascii	"\274\315\222\371\374?\210\324\267eGEB\334.a}K^o\223"
 194      FC3F88D4 
 194      B7654745 
 194      42DC2E61 
 194      7D4B5E6F 
 195 0482 2690737D 		.ascii	"&\220s}\345\032F\177\023B\370\262\274\346\022\356\017"
 195      E51A467F 
 195      1342F8B2 
 195      BCE612EE 
 195      0F
 196 0493 8DF942D8 		.ascii	"\215\371B\330\267\313k\316\330\013\311W\272\234&\337"
 196      B7CB6BCE 
 196      D80BC957 
 196      BA9C26DF 
 197 04a3 80650940 		.ascii	"\200e\011@U\315\263EJ<H\003\222{|\342Q\216\015Z\341"
 197      55CDB345 
 197      4A3C4803 
 197      927B7CE2 
 197      518E0D5A 
 198 04b8 2C3798E8 		.ascii	",7\230\350\011\214\341w\031O\246Im\205\212\324\242Q"
 198      098CE177 
 198      194FA649 
 198      6D858AD4 
 198      A251
 199 04ca 60F4582C 		.ascii	"`\364X,\276D/\252NxCO\224\2036\3344}RB1\301\307\220"
 199      BE442FAA 
 199      4E78434F 
 199      948336DC 
 199      347D5242 
 200 04e2 D6D8052E 		.ascii	"\326\330\005.\201\376ls\366k\036O0\365#\253\223\306"
 200      81FE6C73 
 200      F66B1E4F 
 200      30F523AB 
 200      93C6
 201 04f4 B4D666DF 		.ascii	"\264\326f\337I\253\263\357\303\333+\203\210s&\300\227"
 201      49ABB3EF 
 201      C3DB2B83 
 201      887326C0 
 201      97
 202 0505 E3A24E17 		.ascii	"\343\242N\027\350\204@ZA\316\376\222\250E\214_\262\034"
 202      E884405A 
 202      41CEFE92 
 202      A8458C5F 
 202      B21C
 203 0517 2F3FDAF3 		.ascii	"/?\332\363\212\307\257\030\3221=\365\032\343E\206\\"
 203      8AC7AF18 
ARM GAS  C:\Users\User\AppData\Local\Temp\ccDeo9hc.s 			page 15


 203      D2313DF5 
 203      1AE34586 
 203      5C
 204 0528 7C78A356 		.ascii	"|x\243V\303\322\335\200\000\177y\272\370\000\207\367"
 204      C3D2DD80 
 204      007F79BA 
 204      F80087F7 
 205 0538 F3E44755 		.ascii	"\363\344GU\347\345\246{J\232\356\316+X\331k\015\303"
 205      E7E5A67B 
 205      4A9AEECE 
 205      2B58D96B 
 205      0DC3
 206 054a 1105AD11 		.ascii	"\021\005\255\021\206\324jD+\337\024H\237\267\026U\244"
 206      86D46A44 
 206      2BDF1448 
 206      9FB71655 
 206      A4
 207 055b 43C3D72C 		.ascii	"C\303\327,J\010\3613YbcP\021\352Q\011\365SKj\263\334"
 207      4A08F133 
 207      59626350 
 207      11EA5109 
 207      F5534B6A 
 208 0571 A1BCFF5D 		.ascii	"\241\274\377]\244~.O-\015\251\332Y\026R\363\346!%\015"
 208      A47E2E4F 
 208      2D0DA9DA 
 208      591652F3 
 208      E621250D 
 209 0585 9D69E8CD 		.ascii	"\235i\350\315bq^\210\2339\030\204\027\020\0233\000/"
 209      62715E88 
 209      9B391884 
 209      17101333 
 209      002F
 210 0597 0166C51A 		.ascii	"\001f\305\032\335\364\270d\322\036OQWq\311\203':\224"
 210      DDF4B864 
 210      D21E4F51 
 210      5771C983 
 210      273A94
 211 05aa C8790513 		.ascii	"\310y\005\023\3255Oc\346\0150y%\216\317<\215\0319y\350"
 211      D5354F63 
 211      E60D3079 
 211      258ECF3C 
 211      8D193979 
 212 05bf 3588790B 		.ascii	"5\210y\013\221\305\235\307*lV\010\034B\255qPX\353\276"
 212      91C59DC7 
 212      2A6C5608 
 212      1C42AD71 
 212      5058EBBE 
 213 05d3 58137A0C 		.ascii	"X\023z\014Kcu\301,V\027\221\226\020\222\377$2\"k\312"
 213      4B6375C1 
 213      2C561791 
 213      961092FF 
 213      2432226B 
 214 05e8 B93E4818 		.ascii	"\271>H\030\262^^FY \304\276\021\005\212.\032?\010\321"
 214      B25E5E46 
 214      5920C4BE 
 214      11058A2E 
 214      1A3F08D1 
ARM GAS  C:\Users\User\AppData\Local\Temp\ccDeo9hc.s 			page 16


 215 05fc 7668E5E8 		.ascii	"vh\345\3507#\244M\310\330C\3009\001\345\004\226\364"
 215      3723A44D 
 215      C8D843C0 
 215      3901E504 
 215      96F4
 216 060e 4FE88C24 		.ascii	"O\350\214$\034\331\317L\222\361\243`\344L\023\005\345"
 216      1CD9CF4C 
 216      92F1A360 
 216      E44C1305 
 216      E5
 217 061f CE7A234E 		.ascii	"\316z#N\024\200\220\264\203\204!S[\370\335\244\237B"
 217      148090B4 
 217      83842153 
 217      5BF8DDA4 
 217      9F42
 218 0631 340E195D 		.ascii	"4\016\031]\365,\241\351\241\246\037J\001\264\244~\202"
 218      F52CA1E9 
 218      A1A61F4A 
 218      01B4A47E 
 218      82
 219 0642 685BEC8D 		.ascii	"h[\354\215\3249-^\244\003\216f\003o]\325\254:F\267\012"
 219      D4392D5E 
 219      A4038E66 
 219      036F5DD5 
 219      AC3A46B7 
 220 0657 C186651C 		.ascii	"\301\206e\034\372\303\017M\353\031\005\012\346V\301"
 220      FAC30F4D 
 220      EB19050A 
 220      E656C1
 221 0666 F7369E31 		.ascii	"\3676\2361{\2328yP\373\223TC\352\000d\320Y\234\235{"
 221      7B9A3879 
 221      50FB9354 
 221      43EA0064 
 221      D0599C9D 
 222 067b C07013BA 		.ascii	"\300p\023\272}B\351P\020g\212\020\270\204\357@\256\037"
 222      7D42E950 
 222      10678A10 
 222      B884EF40 
 222      AE1F
 223 068d 2103F85E 		.ascii	"!\003\370^\201B\270\237\220\364\275\036\332\250\306"
 223      8142B89F 
 223      90F4BD1E 
 223      DAA8C6
 224 069c 894A2AF8 		.ascii	"\211J*\370\326l\371\274\026gR\204\037\310\230z\242B"
 224      D66CF9BC 
 224      16675284 
 224      1FC8987A 
 224      A242
 225 06ae CEAB11D2 		.ascii	"\316\253\021\322\000\2342n]\024(\214\323\240\003\204"
 225      009C326E 
 225      5D14288C 
 225      D3A00384 
 226 06be 1BFB241A 		.ascii	"\033\373$\032\240\304<\375\017\322\314V\214O\323\015"
 226      A0C43CFD 
 226      0FD2CC56 
 226      8C4FD30D 
 227 06ce 789502AD 		.ascii	"x\225\002\255[\215>\200\3409\3109\323\237\024(\234["
ARM GAS  C:\Users\User\AppData\Local\Temp\ccDeo9hc.s 			page 17


 227      5B8D3E80 
 227      E039C839 
 227      D39F1428 
 227      9C5B
 228 06e0 8D42B9D5 		.ascii	"\215B\271\325\320AM[@`ts\332\011[\215\320+\364\033{"
 228      D0414D5B 
 228      40607473 
 228      DA095B8D 
 228      D02BF41B 
 229 06f5 115BA7EF 		.ascii	"\021[\247\357ur\322\030;\004\232\2101\026\301i\005\017"
 229      7572D218 
 229      3B049A88 
 229      3116C169 
 229      050F
 230 0707 4F24DD3C 		.ascii	"O$\335<\240\3419c\033\264\034\250\0318ik\325\245\207"
 230      A0E13963 
 230      1BB41CA8 
 230      1938696B 
 230      D5A587
 231 071a A94B2339 		.ascii	"\251K#9\301\247\371\323\013\023H\360\351h\0346\0341"
 231      C1A7F9D3 
 231      0B1348F0 
 231      E9681C36 
 231      1C31
 232 072c 18429611 		.ascii	"\030B\226\021\"\264_\364\347~K\177FQ\177\216g\005\307"
 232      22B45FF4 
 232      E77E4B7F 
 232      46517F8E 
 232      6705C7
 233 073f 39E26CE6 		.ascii	"9\342l\346\317+QY\263\230\352A\312)\014\031Y\023\325"
 233      CF2B5159 
 233      B398EA41 
 233      CA290C19 
 233      5913D5
 234 0752 CCC4D8E3 		.ascii	"\314\304\330\343JJ\300\035\276^7\2474\255\306'{~\321"
 234      4A4AC01D 
 234      BE5E37A7 
 234      34ADC627 
 234      7B7ED1
 235 0765 DA6930BC 		.ascii	"\332i0\274\203\216\200]\261\234E\361\225-\344q\234\354"
 235      838E805D 
 235      B19C45F1 
 235      952DE471 
 235      9CEC
 236 0777 86E7C5C1 		.ascii	"\206\347\305\301\007-\210\012&\254b8*\271$,~\304\036"
 236      072D880A 
 236      26AC6238 
 236      2AB9242C 
 236      7EC41E
 237 078a 3731C9B7 		.ascii	"71\311\267Z\236]v@\316Z&\271\245gY0\251_\361\234\026"
 237      5A9E5D76 
 237      40CE5A26 
 237      B9A56759 
 237      30A95FF1 
 238 07a0 1D13058F 		.ascii	"\035\023\005\217\321\254\2652\001\241\343 [\234\203"
 238      D1ACB532 
 238      01A1E320 
ARM GAS  C:\Users\User\AppData\Local\Temp\ccDeo9hc.s 			page 18


 238      5B9C83
 239 07af 4040DAED 		.ascii	"@@\332\355\373\311\016T*\341s\224Im9\226\325\200\255"
 239      FBC90E54 
 239      2AE17394 
 239      496D3996 
 239      D580AD
 240 07c2 7A3E917A 		.ascii	"z>\221z>\301\350\371gmcy*\360"
 240      3EC1E8F9 
 240      676D6379 
 240      2AF0
 241 07d0 FC009989 		.ascii	"\374\000\231\211\"p\374yC\210\222\320\240hQ\251h!\364"
 241      2270FC79 
 241      438892D0 
 241      A06851A9 
 241      6821F4
 242 07e3 D009EAF0 		.ascii	"\320\011\352\360\205\276\330cv\270\2339<\355\372\225"
 242      85BED863 
 242      76B89B39 
 242      3CEDFA95 
 243 07f3 522DD500 		.ascii	"R-\325\000\012\215\340\360\222\301\243\225\302\026\372"
 243      0A8DE0F0 
 243      92C1A395 
 243      C216FA
 244 0802 36C11B12 		.ascii	"6\301\033\022\346\356:\340~\326\241\343aZ\210\226\375"
 244      E6EE3AE0 
 244      7ED6A1E3 
 244      615A8896 
 244      FD
 245 0813 78932E65 		.ascii	"x\223.eg\362F\021~\300~\254\213\275\020\214\361\023"
 245      67F24611 
 245      7EC07EAC 
 245      8BBD108C 
 245      F113
 246 0825 861CAE2A 		.ascii	"\206\034\256*\373%\236d\327m\206\223\343\016x\232!\305"
 246      FB259E64 
 246      D76D8693 
 246      E30E789A 
 246      21C5
 247 0837 45451710 		.ascii	"EE\027\020~\311\220\240\311\376X\025~\305\220\256\307"
 247      7EC990A0 
 247      C9FE5815 
 247      7EC590AE 
 247      C7
 248 0848 81816A6C 		.ascii	"\201\201jlPQd 6\266\302\016\357gH\347\345[\241v8\214"
 248      50516420 
 248      36B6C20E 
 248      EF6748E7 
 248      E55BA176 
 249 085e 21A18585 		.ascii	"!\241\205\205\361v8R +\254\033A8\206\"\366\363\205\377"
 249      F1763852 
 249      202BAC1B 
 249      41388622 
 249      F6F385FF 
 250 0872 179996C3 		.ascii	"\027\231\226\303N\316NNl\3013\331\200\343\3332o\004"
 250      4ECE4E4E 
 250      6CC133D9 
 250      80E3DB32 
ARM GAS  C:\Users\User\AppData\Local\Temp\ccDeo9hc.s 			page 19


 250      6F04
 251 0884 1A3257D1 		.ascii	"\0322W\3215\317)pN\036ge\315#\277\026%\344dB\270\010"
 251      35CF2970 
 251      4E1E6765 
 251      CD23BF16 
 251      25E46442 
 252 089a 6358C039 		.ascii	"cX\3009\241|\200B\200\013\000\347\000r\001\316\003\\"
 252      A17C8042 
 252      800B00E7 
 252      007201CE 
 252      035C
 253 08ac 02280128 		.ascii	"\002(\001(\002(\346\244k\321\241P\245\270\250\313\266"
 253      0228E6A4 
 253      6BD1A150 
 253      A5B8A8CB 
 253      B6
 254 08bd D460C9BA 		.ascii	"\324`\311\272\274GJ~V\226\\\272\272\224R\237\2267O\272"
 254      BC474A7E 
 254      56965CBA 
 254      BA94529F 
 254      96374FBA 
 255 08d1 8C97929F 		.ascii	"\214\227\222\237\261$_\2620n\010\223\220gY\222/Y_NI"
 255      B1245FB2 
 255      306E0893 
 255      90675992 
 255      2F595F4E 
 256 08e6 B9933D85 		.ascii	"\271\223=\205\014w\251\251CR\366\351\226\354s\226\320"
 256      0C77A9A9 
 256      4352F6E9 
 256      96EC7396 
 256      D0
 257 08f7 8F4AE973 		.ascii	"\217J\351s,\351%{\026!W\211:\260\333\007*\363\275#\341"
 257      2CE9257B 
 257      16215789 
 257      3AB0DB07 
 257      2AF3BD23 
 258 090c D517A6CC 		.ascii	"\325\027\246\314>o0@d\021f\031\362\302\245+s\251\354"
 258      3E6F3040 
 258      64116619 
 258      F2C2A52B 
 258      73A9EC
 259 091f 4C795730 		.ascii	"LyW0]!6\353{\013\217`\374\206\306&\027<\021\355bZ\224"
 259      5D2136EB 
 259      7B0B8F60 
 259      FC86C626 
 259      173C11ED 
 260 0936 CC842969 		.ascii	"\314\204)i\375(\205\336\227\305T%*\312G \272\002\201"
 260      FD2885DE 
 260      97C55425 
 260      2ACA4720 
 260      BA0281
 261 0949 F75D8210 		.ascii	"\367]\202\020\324\311\254\357,TK\247\203RN\272\344("
 261      D4C9ACEF 
 261      2C544BA7 
 261      83524EBA 
 261      E428
 262 095b 334D07A5 		.ascii	"3M\007\245%e\265\302F\366\0032\275\226\265\245\013\273"
ARM GAS  C:\Users\User\AppData\Local\Temp\ccDeo9hc.s 			page 20


 262      2565B5C2 
 262      46F60332 
 262      BD96B5A5 
 262      0BBB
 263 096d 5227B26A 		.ascii	"R'\262j\256:T\217\33125\225\354J;bzRx|\310\206\246c"
 263      AE3A548F 
 263      D9323595 
 263      EC4A3B62 
 263      7A52787C 
 264 0985 F883E060 		.ascii	"\370\203\340`-\216eH\345\300\313T\015>\301\220\202\375"
 264      2D8E6548 
 264      E5C0CB54 
 264      0D3EC190 
 264      82FD
 265 0997 C3D96AE8 		.ascii	"\303\331j\350\266Z\003\265Fr\256\263\232\235\353\024"
 265      B65A03B5 
 265      4672AEB3 
 265      9A9DEB14 
 266 09a7 554DE7F1 		.ascii	"UM\347\3618\203\322r\027\213\206\0235\222\323\266\037"
 266      3883D272 
 266      178B8613 
 266      3592D3B6 
 266      1F
 267 09b8 5E220358 		.ascii	"^\"\003X\007\245\371\272\350\254\325\246\"o>\201\326"
 267      07A5F9BA 
 267      E8ACD5A6 
 267      226F3E81 
 267      D6
 268 09c9 8277560B 		.ascii	"\202wV\013%\276\006&\303kl2\314>y\246\306\036\3471\001"
 268      25BE0626 
 268      C36B6C32 
 268      CC3E79A6 
 268      C61EE731 
 269 09de 0947AF16 		.ascii	"\011G\257\0269HNu~r\201\236\3524\200\204zQB\035gE\304"
 269      39484E75 
 269      7E72819E 
 269      EA348084 
 269      7A51421D 
 270 09f5 0D79111D 		.ascii	"\015y\021\035\257b\237\231\315\267\015f\363m\243\311"
 270      AF629F99 
 270      CDB70D66 
 270      F36DA3C9 
 271 0a05 C161E1CF 		.ascii	"\301a\341\317\317\333\341b\346\230\266\36079j\\\316"
 271      CFDBE162 
 271      E698B6F0 
 271      37396A5C 
 271      CE
 272 0a16 90D1BEC2 		.ascii	"\220\321\276\302\323J|\215!s\017\242\0140\001\331\230"
 272      D34A7C8D 
 272      21730FA2 
 272      0C3001D9 
 272      98
 273 0a27 9D576E5C 		.ascii	"\235Wn\\z^\271\221\2710sn\262D\213\273\230\205m\345"
 273      7A5EB991 
 273      B930736E 
 273      B2448BBB 
 273      98856DE5 
ARM GAS  C:\Users\User\AppData\Local\Temp\ccDeo9hc.s 			page 21


 274 0a3b E3836A71 		.ascii	"\343\203jq\246|\365?.\215\0342\030x\324\011*\265\213"
 274      A67CF53F 
 274      2E8D1C32 
 274      1878D409 
 274      2AB58B
 275 0a4e 266EB43A 		.ascii	"&n\264:Sv\200\215\033\005\033\333\300\306\233\314\306"
 275      5376808D 
 275      1B051BDB 
 275      C0C69BCC 
 275      C6
 276 0a5f F9A0E67A 		.ascii	"\371\240\346z[\371\303D+=J&rJ\354Y\274T\021\274z<:\023"
 276      5BF9C344 
 276      2B3D4A26 
 276      724AEC59 
 276      BC5411BC 
 277 0a77 63508E2E 		.ascii	"cP\216.h\356\315\225\331\341'\0141R.\027(\317<L:,L6"
 277      68EECD95 
 277      D9E1270C 
 277      31522E17 
 277      28CF3C4C 
 278 0a8f 3F2793C0 		.ascii	"?'\223\300\315\276,\214\2372Z\303\221W'\355\361\034"
 278      CDBE2C8C 
 278      9F325AC3 
 278      915727ED 
 278      F11C
 279 0aa1 4538C383 		.ascii	"E8\303\203\353\0178k{\267>\231)\237y\245\365\21424#"
 279      EB0F386B 
 279      7BB73E99 
 279      299F79A5 
 279      F58C3234 
 280 0ab6 8A78A517 		.ascii	"\212x\245\027\274r\317r\001\001R\356]\210\274\246\306"
 280      BC72CF72 
 280      010152EE 
 280      5D88BCA6 
 280      C6
 281 0ac7 8F6DA9C8 		.ascii	"\217m\251\310\234\227!\305\216\370\031C\346\343.\027"
 281      9C9721C5 
 281      8EF81943 
 281      E6E32E17 
 282 0ad7 DBE1970C 		.ascii	"\333\341\227\014\271\372\346N\222\006\277a\310\353\254"
 282      B9FAE64E 
 282      9206BF61 
 282      C8EBAC
 283 0ae6 D6DB6ABC 		.ascii	"\326\333j\274\237\215I\360p\362\240\003>\314\220\332"
 283      9F8D49F0 
 283      70F2A003 
 283      3ECC90DA 
 284 0af6 A890080D 		.ascii	"\250\220\010\015>N\021.'2t\314\352i\357\210U\235{V\221"
 284      3E4E112E 
 284      273274CC 
 284      EA69EF88 
 284      559D7B56 
 285 0b0b DDCC43D0 		.ascii	"\335\314C\320\367\201\214\276\331W\246\263T8\203\211"
 285      F7818CBE 
 285      D957A6B3 
 285      54388389 
 286 0b1b 1B5A5CF8 		.ascii	"\033Z\\\3707\234\313\256\303r\303j\035p\021C\322+K\307"
ARM GAS  C:\Users\User\AppData\Local\Temp\ccDeo9hc.s 			page 22


 286      379CCBAE 
 286      C372C36A 
 286      1D701143 
 286      D22B4BC7 
 287 0b2f 6C700D43 		.ascii	"lp\015C\316\214\366\303\026\264\203!\203\367\352\316"
 287      CE8CF6C3 
 287      16B48321 
 287      83F7EACE 
 288 0b3f 39E05B0C 		.ascii	"9\340[\014)}y\242\324\021\337cH\363\375\305)\015\276"
 288      297D79A2 
 288      D411DF63 
 288      48F3FDC5 
 288      290DBE
 289 0b52 CF9092C4 		.ascii	"\317\220\222\304\205*\036\2172d\177d\336q\262mU\261"
 289      852A1E8F 
 289      32647F64 
 289      DE71B26D 
 289      55B1
 290 0b64 C0B481A6 		.ascii	"\300\264\201\246\341\247\363\027y\326D\224\336\007M"
 290      E1A7F317 
 290      79D64494 
 290      DE074D
 291 0b73 C909F70A 		.ascii	"\311\011\367\012\035\360\004\263}l0,\\\014\316\376\013"
 291      1DF004B3 
 291      7D6C302C 
 291      5C0CCEFE 
 291      0B
 292 0b84 EF05D2D3 		.ascii	"\357\005\322\323\364\027`\325\264h\225J\210M\303\022"
 292      F41760D5 
 292      B468954A 
 292      884DC312 
 293 0b94 F73C07F7 		.ascii	"\367<\007\367\250\004\367LA\244=c\22165\367\264\210"
 293      A804F74C 
 293      41A43D63 
 293      913635F7 
 293      B488
 294 0ba6 C7B34C46 		.ascii	"\307\263LF\370\340\324\033G\346\337\245\014fe\030\230"
 294      F8E0D41B 
 294      47E6DFA5 
 294      0C666518 
 294      98
 295 0bb7 4E788B69 		.ascii	"Nx\213i-x\011\312\314\210\312\274\340\004\027\017\032"
 295      2D7809CA 
 295      CC88CABC 
 295      E004170F 
 295      1A
 296 0bc8 5E2568B1 		.ascii	"^%h\261\201\336D\340J\3632B\305B\005\361\024\311\342"
 296      81DE44E0 
 296      4AF33242 
 296      C54205F1 
 296      14C9E2
 297 0bdb E915749E 		.ascii	"\351\025t\236\023;\277\344\254\2322/o\312\241\243\343"
 297      133BBFE4 
 297      AC9A322F 
 297      6FCAA1A3 
 297      E3
 298 0bec A71CF001 		.ascii	"\247\034\360\001v\253\342\325\243#w\020\313\003\262"
ARM GAS  C:\Users\User\AppData\Local\Temp\ccDeo9hc.s 			page 23


 298      76ABE2D5 
 298      A3237710 
 298      CB03B2
 299 0bfb 1B0C2ABD 		.ascii	"\033\014*\275\023\343(\034\013\322\003\312\371\320\005"
 299      13E3281C 
 299      0BD203CA 
 299      F9D005
 300 0c0a 1EC731DA 		.ascii	"\036\3071\332\356\210\216\273*|\202\25177Z\237ggR\257"
 300      EE888EBB 
 300      2A7C82A9 
 300      37375A9F 
 300      676752AF 
 301 0c1e 81864E10 		.ascii	"\201\206N\020\206A\301o\243Z \226U\255\2665uZ\215\323"
 301      8641C16F 
 301      A35A2096 
 301      55ADB635 
 301      755A8DD3 
 302 0c32 98B8CB31 		.ascii	"\230\270\3131\261\343j|\232!}\361\207J\355\360\025\206"
 302      B1E36A7C 
 302      9A217DF1 
 302      874AEDF0 
 302      1586
 303 0c44 54444D5D 		.ascii	"TDM]\262\305W\031rpv\350\234#n`\310hp\325 \217\333\030"
 303      B2C55719 
 303      727076E8 
 303      9C236E60 
 303      C86870D5 
 304 0c5c 1214D791 		.ascii	"\022\024\327\221k\213\273\230\276\203U\327b\261I\337"
 304      6B8BBB98 
 304      BE8355D7 
 304      62B149DF 
 305 0c6c 299B4FD0 		.ascii	")\233O\320!\3206L\324\266\301ZE\016\307\262\025\371"
 305      21D0364C 
 305      D4B6C15A 
 305      450EC7B2 
 305      15F9
 306 0c7e 68E2C355 		.ascii	"h\342\303U\270\217I:\024\261P\200\3610\223\224\\1\037"
 306      B88F493A 
 306      14B15080 
 306      F1309394 
 306      5C311F
 307 0c91 254E0043 		.ascii	"%N\000C )\012$E\276\205\244\303\362\222z\223'\247y<"
 307      20290A24 
 307      45BE85A4 
 307      C3F2927A 
 307      9327A779 
 308 0ca6 C644655E 		.ascii	"\306De^+h\263\301SL\324\375\307\347g\355M\242FAT\034"
 308      2B68B3C1 
 308      534CD4FD 
 308      C7E767ED 
 308      4DA24641 
 309 0cbc 888A790B 		.ascii	"\210\212y\013Q\261\362\242\346\217\304\257\303\257\230"
 309      51B1F2A2 
 309      E68FC4AF 
 309      C3AF98
 310 0ccb A4F1AC96 		.ascii	"\244\361\254\226\363d\261\356\254A\377!\231\021\234"
 310      F364B1EE 
ARM GAS  C:\Users\User\AppData\Local\Temp\ccDeo9hc.s 			page 24


 310      AC41FF21 
 310      99119C
 311 0cda 596A26C5 		.ascii	"Yj&\305\014\035\267\305AZ\252G\312\330\355`{I\322}\304"
 311      0C1DB7C5 
 311      415AAA47 
 311      CAD8ED60 
 311      7B49D27D 
 312 0cef 6E612580 		.ascii	"na%\2002\307Ee\234M\272\244\006\033~\020\270V\201\272"
 312      32C74565 
 312      9C4DBAA4 
 312      061B7E10 
 312      B85681BA 
 313 0d03 403259B4 		.ascii	"@2Y\264\241xP\307YP\347\030^\215\216b\252\316\301\220"
 313      A17850C7 
 313      5950E718 
 313      5E8D8E62 
 313      AACEC190 
 314 0d17 3351B01C 		.ascii	"3Q\260\034gB\256\337=\260Gz\267\244\216\346R\022\310"
 314      6742AEDF 
 314      3DB0477A 
 314      B7A48EE6 
 314      5212C8
 315 0d2a 48146580 		.ascii	"H\024e\200H\253BN\310\013\351+\270[\303\343cLH\373\361"
 315      48AB424E 
 315      C80BE92B 
 315      B85BC3E3 
 315      634C48FB 
 316 0d3f 0393E22E 		.ascii	"\003\223\342.\2605\302\246\367Z8\311\272\223 &Y\024"
 316      B035C2A6 
 316      F75A38C9 
 316      BA932026 
 316      5914
 317 0d51 93F40D62 		.ascii	"\223\364\015bR\344\305\234\231||\303\354\004\221\260"
 317      52E4C59C 
 317      997C7CC3 
 317      EC0491B0 
 318 0d61 1467F054 		.ascii	"\024g\360Tl\234\301\203\206.v!<\257e\345\27798\333\016"
 318      6C9CC183 
 318      862E7621 
 318      3CAF65E5 
 318      BF3938DB 
 319 0d76 2F3264E8 		.ascii	"/2d\350M\332\260\015\336o\317N&\342od\332\343C\014\211"
 319      4DDAB00D 
 319      DE6FCF4E 
 319      26E26F64 
 319      DAE3430C 
 320 0d8b CDBDD9AD 		.ascii	"\315\275\331\255\302Q\014\351\313_(S\341X\206\234\274"
 320      C2510CE9 
 320      CB5F2853 
 320      E158869C 
 320      BC
 321 0d9c F72CCF06 		.ascii	"\367,\317\006\037\245\010w\365VZ\266=\322:K\264\200"
 321      1FA50877 
 321      F5565AB6 
 321      3DD23A4B 
 321      B480
 322 0dae 2DA0292B 		.ascii	"-\240)+\263A\363\257\214\233H\341\2006\351\257\350i"
ARM GAS  C:\Users\User\AppData\Local\Temp\ccDeo9hc.s 			page 25


 322      B341F3AF 
 322      8C9B48E1 
 322      8036E9AF 
 322      E869
 323 0dc0 DA190CED 		.ascii	"\332\031\014\355\242\375_i\231\256\003A\265\035j\234"
 323      A2FD5F69 
 323      99AE0341 
 323      B51D6A9C 
 324 0dd0 C2443D9B 		.ascii	"\302D=\233\350|m\217\323\031b\230\253\350Q\341S\014"
 324      E87C6D8F 
 324      D3196298 
 324      ABE851E1 
 324      530C
 325 0de2 B97B7476 		.ascii	"\271{tv\300\026g3\244\376\326\241J\036\3472\344t\343"
 325      C0166733 
 325      A4FED6A1 
 325      4A1EE732 
 325      E474E3
 326 0df5 8041890B 		.ascii	"\200A\211\013\030R\026\336\370Z\215\3173$\361\312\301"
 326      185216DE 
 326      F85A8DCF 
 326      3324F1CA 
 326      C1
 327 0e06 200D2E66 		.ascii	" \015.fH\316\342t\224\026_\242\210\335\321\364\342\032"
 327      48CEE274 
 327      94165FA2 
 327      88DDD1F4 
 327      E21A
 328 0e18 0724ECC4 		.ascii	"\007$\354\304V8\321\233DA\206\252\221K6\217s\032\330"
 328      5638D19B 
 328      444186AA 
 328      914B368F 
 328      731AD8
 329 0e2b A1255137 		.ascii	"\241%Q7\027\324\275\202\255l\305X\227\366\377\303V\334"
 329      17D4BD82 
 329      AD6CC558 
 329      97F6FFC3 
 329      56DC
 330 0e3d 843CC792 		.ascii	"\204<\307\222\334l\363A\357mI\250\363\344\231K\250\207"
 330      DC6CF341 
 330      EF6D49A8 
 330      F3E4994B 
 330      A887
 331 0e4f 24D4A72C 		.ascii	"$\324\247,\251s\226P\377\253H]hImy\332:*!>'K,5r^B\235"
 331      A9739650 
 331      FFAB485D 
 331      68496D79 
 331      DA3A2A21 
 332 0e6c 6F492DDD 		.ascii	"oI-\3352I7\007\225\020\315\025P\023\320y\241\007\331"
 332      32493707 
 332      9510CD15 
 332      5013D079 
 332      A107D9
 333 0e7f 1C94417C 		.ascii	"\034\224A|\224`\330\004\000\224\002\\\006(\006\270\000"
 333      9460D804 
 333      0094025C 
 333      062806B8 
ARM GAS  C:\Users\User\AppData\Local\Temp\ccDeo9hc.s 			page 26


 333      00
 334 0e90 5004500E 		.ascii	"P\004P\016p\021K\357\037NId\027\310\313\226n\247\356"
 334      70114BEF 
 334      1F4E4964 
 334      17C8CB96 
 334      6EA7EE
 335 0ea3 2EA3C106 		.ascii	".\243\301\006TKo\305\365\365-\217\245\267\026\010\257"
 335      544B6FC5 
 335      F5F52D8F 
 335      A5B71608 
 335      AF
 336 0eb4 B3F28365 		.ascii	"\263\362\203e\332\036\3055\304\035\346\245\311&%V\240"
 336      DA1EC535 
 336      C41DE6A5 
 336      C9262556 
 336      A0
 337 0ec5 0A53B2F5 		.ascii	"\012S\262\365\225\245\277\264\307i\016$\260p\353dR\231"
 337      95A5BFB4 
 337      C7690E24 
 337      B070EB64 
 337      5299
 338 0ed7 1676F9CE 		.ascii	"\026v\371\316\302)x\204M\342\203F\026P\320\003\301\012"
 338      C2297884 
 338      4DE28346 
 338      1650D003 
 338      C10A
 339 0ee9 115D951F 		.ascii	"\021]\225\037\227\030\231\033\217\250R\240'\256\253"
 339      9718991B 
 339      8FA852A0 
 339      27AEAB
 340 0ef8 06D75561 		.ascii	"\006\327Ua\351\015\207\226lf\354Uly\353#'hd\034\343"
 340      E90D8796 
 340      6C66EC55 
 340      6C79EB23 
 340      2768641C 
 341 0f0d 7CAA137A 		.ascii	"|\252\023z\3620\247\213\303\027\030\222\324_\335'\234"
 341      F230A78B 
 341      C3171892 
 341      D45FDD27 
 341      9C
 342 0f1e 9FD410FC 		.ascii	"\237\324\020\374b\377\2210\255\260_\"O,\214\314\314"
 342      62FF9130 
 342      ADB05F22 
 342      4F2C8CCC 
 342      CC
 343 0f2f 74A97039 		.ascii	"t\251p9#\276\260\230}\000\343k\014\251\271\337Q\257"
 343      23BEB098 
 343      7D00E36B 
 343      0CA9B9DF 
 343      51AF
 344 0f41 C44D0C49 		.ascii	"\304M\014I\255\036\374\031\356e\327W\216\226\301,;D"
 344      AD1EFC19 
 344      EE65D757 
 344      8E96C12C 
 344      3B44
 345 0f53 915F0C86 		.ascii	"\221_\014\206\237NT\261c\016\355\012\341\0170\3101g"
 345      9F4E54B1 
ARM GAS  C:\Users\User\AppData\Local\Temp\ccDeo9hc.s 			page 27


 345      630EED0A 
 345      E10F30C8 
 345      3167
 346 0f65 F20FBE57 		.ascii	"\362\017\276W\262\237\310\001\210V\353\314NB\214g\""
 346      B29FC801 
 346      8856EBCC 
 346      4E428C67 
 346      22
 347 0f76 CEF0C73C 		.ascii	"\316\360\307<\327\335g\363\350z\013\363\034\0246\004"
 347      D7DD67F3 
 347      E87A0BF3 
 347      1C143604 
 348 0f86 5B55D46C 		.ascii	"[U\324lm\270\244aW\013\365\362:\324KT#\364 \276\013"
 348      6DB8A461 
 348      570BF5F2 
 348      3AD44B54 
 348      23F420BE 
 349 0f9b E69D5110 		.ascii	"\346\235Q\020\357"
 349      EF
 350 0fa0 8402010C 		.ascii	"\204\002\001\014\000\213\020f\013\000o\000\232\000^"
 350      008B1066 
 350      0B006F00 
 350      9A005E
 351 0faf 03BC0298 		.ascii	"\003\274\002\230\007\030\001\030\004\350\001\270\003"
 351      07180118 
 351      04E801B8 
 351      03
 352 0fbc 7013A015 		.ascii	"p\023\240\025\240\305,,\333\277`a\011\305\256\316R\265"
 352      A0C52C2C 
 352      DBBF6061 
 352      09C5AECE 
 352      52B5
 353 0fce 3B9C45B6 		.ascii	";\234E\266\3655\013\367\264\310J\376.gA\336\303Y\346"
 353      F5350BF7 
 353      B4C84AFE 
 353      2E6741DE 
 353      C359E6
 354 0fe1 DB42D34A 		.ascii	"\333B\323JF\337\006\226\367\313\323S\366\222\360l7\013"
 354      46DF0696 
 354      F7CBD353 
 354      F692F06C 
 354      370B
 355 0ff3 CF36169E 		.ascii	"\3176\026\236\262\267\020\356\003\303v\3011"
 355      B2B710EE 
 355      03C376C1 
 355      31
 356 1000 07C031FB 		.ascii	"\007\3001\373\301!]``\207\231\201\035\2636\013\354\354"
 356      C1215D60 
 356      60879981 
 356      1DB3360B 
 356      ECEC
 357 1012 A11394B8 		.ascii	"\241\023\224\270-\364\221\315z\211\026\267\314\264\350"
 357      2DF491CD 
 357      7A8916B7 
 357      CCB4E8
 358 1021 FC062D0E 		.ascii	"\374\006-\016\202\344o\327b\3508&\347b\335\240\302\200"
 358      82E46FD7 
ARM GAS  C:\Users\User\AppData\Local\Temp\ccDeo9hc.s 			page 28


 358      62E83826 
 358      E762DDA0 
 358      C280
 359 1033 BC0A967E 		.ascii	"\274\012\226~\270m\246\001\351\3102C6FB@\360\237/F "
 359      B86DA601 
 359      E9C83243 
 359      36464240 
 359      F09F2F46 
 360 1048 86EBB385 		.ascii	"\206\353\263\205\030&{\242a\313\221,7\037yH\351\366"
 360      18267BA2 
 360      61CB912C 
 360      371F7948 
 360      E9F6
 361 105a 7F0AA461 		.ascii	"\177\012\244au\027\310\036\011\344\246e\301Y+!o\"\030"
 361      7517C81E 
 361      09E4A665 
 361      C1592B21 
 361      6F2218
 362 106d 8012D12B 		.ascii	"\200\022\321+\230\323\017\327}\240\322=3\225Z\316\012"
 362      98D30FD7 
 362      7DA0D23D 
 362      33955ACE 
 362      0A
 363 107e 91451CD3 		.ascii	"\221E\034\323\000\201\333k\245\360\313\362\277!t\260"
 363      0081DB6B 
 363      A5F0CBF2 
 363      BF2174B0 
 364 108e CEBFFA6F 		.ascii	"\316\277\372oXZt\0131\263\224\275\364\341\015\241~\365"
 364      585A740B 
 364      31B394BD 
 364      F4E10DA1 
 364      7EF5
 365 10a0 9AD72F61 		.ascii	"\232\327/a\341\024n{&#\226,\234\210/\032\305\205\003"
 365      E1146E7B 
 365      2623962C 
 365      9C882F1A 
 365      C58503
 366 10b3 A136BA0B 		.ascii	"\2416\272\013<\234k\364\360\020\220=\266\364\260\344"
 366      3C9C6BF4 
 366      F010903D 
 366      B6F4B0E4 
 367 10c3 BC4DB6C0 		.ascii	"\274M\266\300>\004+\206\005\213\036\300\365}soeK\274"
 367      3E042B86 
 367      058B1EC0 
 367      F57D736F 
 367      654BBC
 368 10d6 45CC19FE 		.ascii	"E\314\031\376\023j\367\250@o\311Z\270\307(\330>l\305"
 368      136AF7A8 
 368      406FC95A 
 368      B8C728D8 
 368      3E6CC5
 369 10e9 F684606A 		.ascii	"\366\204`j;1\352\211\270U\0336\267\375\244\321\366G"
 369      3B31EA89 
 369      B8551B36 
 369      B7FDA4D1 
 369      F647
 370 10fb 78251AB3 		.ascii	"x%\032\263\264]z6)\377X\013\351Fo$\202z\2630\226/\001"
ARM GAS  C:\Users\User\AppData\Local\Temp\ccDeo9hc.s 			page 29


 370      B45D7A36 
 370      29FF580B 
 370      E9466F24 
 370      827AB330 
 371 1112 6600A600 		.ascii	"f\000\246\000\236\001<\001\030\005xl\346\225\321\317"
 371      9E013C01 
 371      1805786C 
 371      E695D1CF 
 372 1122 D8189390 		.ascii	"\330\030\223\220\036\007\241\204\213\325\205\306D\275"
 372      1E07A184 
 372      8BD585C6 
 372      44BD
 373 1130 A4944D7C 		.ascii	"\244\224M|\033\365\320?2\326c@<i\235X\222\356\343f\351"
 373      1BF5D03F 
 373      32D66340 
 373      3C699D58 
 373      92EEE366 
 374 1145 3EB6B4E0 		.ascii	">\266\264\340,@\360\276!\313\220\327\300o\\\030\217"
 374      2C40F0BE 
 374      21CB90D7 
 374      C06F5C18 
 374      8F
 375 1156 A760F024 		.ascii	"\247`\360$\0306!\032F\316\241\222l'\247\206\015\206"
 375      1836211A 
 375      46CEA192 
 375      6C27A786 
 375      0D86
 376 1168 582DDD22 		.ascii	"X-\335\"?\025:X\271\257L\266K?$\305\211\304\347\240"
 376      3F153A58 
 376      B9AF4CB6 
 376      4B3F24C5 
 376      89C4E7A0 
 377 117c 406B4A15 		.ascii	"@kJ\025\313X\177x@I\366\267\343K\326%l$\237\234\026"
 377      CB587F78 
 377      4049F6B7 
 377      E34BD625 
 377      6C249F9C 
 378 1191 46926C80 		.ascii	"F\222l\200\027\277\315M3\345\202S\247\301O\301\370m"
 378      17BFCD4D 
 378      33E58253 
 378      A7C14FC1 
 378      F86D
 379 11a3 FCF41C28 		.ascii	"\374\364\034(E?M3?Y)\233\350\005\270G\254\234\246\230"
 379      453F4D33 
 379      3F59299B 
 379      E805B847 
 379      AC9CA698 
 380 11b7 8C08A687 		.ascii	"\214\010\246\207t\204U\210\230\217\335\224\227\251\342"
 380      74845588 
 380      988FDD94 
 380      97A9E2
 381 11c6 B5D60996 		.ascii	"\265\326\011\226\300\314\270\337\272j\314\362Z\343\303"
 381      C0CCB8DF 
 381      BA6ACCF2 
 381      5AE3C3
 382 11d5 1EC4EC03 		.ascii	"\036\304\354\003\337F\335 <\245B\210\017Z'\026\356\254"
 382      DF46DD20 
ARM GAS  C:\Users\User\AppData\Local\Temp\ccDeo9hc.s 			page 30


 382      3CA54288 
 382      0F5A2716 
 382      EEAC
 383 11e7 5FA177D6 		.ascii	"_\241w\326\201F\346\231\254\202\345\323A\206\370\017"
 383      8146E699 
 383      AC82E5D3 
 383      4186F80F 
 384 11f7 E8063E54 		.ascii	"\350\006>T\230\276\205m-\313\032\351\003i\015k\216\033"
 384      98BE856D 
 384      2DCB1AE9 
 384      03690D6B 
 384      8E1B
 385 1209 AA0231DD 		.ascii	"\252\0021\335\203G\310\021\257\223\254\253\337g\264"
 385      8347C811 
 385      AF93ACAB 
 385      DF67B4
 386 1218 64131D2D 		.ascii	"d\023\035-G+\031\305\205\\a\024#8-J\223_\337H\367\016"
 386      472B19C5 
 386      855C6114 
 386      23382D4A 
 386      935FDF48 
 387 122e 7F2B96D6 		.ascii	"\177+\226\326tK\352\245\033\223\371\237\212\344\031"
 387      744BEAA5 
 387      1B93F99F 
 387      8AE419
 388 123d F2E412D7 		.ascii	"\362\344\022\327N\344\010\003AV\233\231\226\344\235"
 388      4EE40803 
 388      41569B99 
 388      96E49D
 389 124c 4BB80F09 		.ascii	"K\270\017\011\334\311\202\346\232<\271\204{\317O\305"
 389      DCC982E6 
 389      9A3CB984 
 389      7BCF4FC5 
 390 125c 596DD072 		.ascii	"Ym\320rV[2p9\25426[\251\214\213\317\311MU\022\257\365"
 390      565B3270 
 390      39AC3236 
 390      5BA98C8B 
 390      CFC94D55 
 391 1273 6210364B 		.ascii	"b\0206K\013\343\254\315\374T\010Mc\243\300\366o\022"
 391      0BE3ACCD 
 391      FC54084D 
 391      63A3C0F6 
 391      6F12
 392 1285 D8721093 		.ascii	"\330r\020\223Hi\227\223\367\360\230\015\371\215,k\206"
 392      48699793 
 392      F7F0980D 
 392      F98D2C6B 
 392      86
 393 1296 C432DC8E 		.ascii	"\3042\334\216\205gz\212\017\246E8\342\242\037\260\233"
 393      85677A8A 
 393      0FA64538 
 393      E2A21FB0 
 393      9B
 394 12a7 7D8F179A 		.ascii	"}\217\027\232\224\270\222!q\247\372\313x|\203!\027o"
 394      94B89221 
 394      71A7FACB 
 394      787C8321 
ARM GAS  C:\Users\User\AppData\Local\Temp\ccDeo9hc.s 			page 31


 394      176F
 395 12b9 BC78A6C4 		.ascii	"\274x\246\304\355\024Y\036\\}\341\245\022\361Z\262("
 395      ED14591E 
 395      5C7DE1A5 
 395      12F15AB2 
 395      28
 396 12ca D66A5739 		.ascii	"\326jW9\033\227\276\344>g$O\357sJ\362\3620/\255o\360"
 396      1B97BEE4 
 396      3E67244F 
 396      EF734AF2 
 396      F2302FAD 
 397 12e0 BB657D33 		.ascii	"\273e}3m\263\222a\375\022\315\263\372\226\004\327'`"
 397      6DB39261 
 397      FD12CDB3 
 397      FA9604D7 
 397      2760
 398 12f2 0D930890 		.ascii	"\015\223\010\220\000\020\017p\034\340\030@\014@\024"
 398      00100F70 
 398      1CE01840 
 398      0C4014
 399 1301 2F2DE8AD 		.ascii	"/-\350\255\245\266\021\327\304\254=\304c\312Hn\253)"
 399      A5B611D7 
 399      C4AC3DC4 
 399      63CA486E 
 399      AB29
 400 1313 2B395CE8 		.ascii	"+9\\\350\360\247K\356\213\027\302.\026\014\277\312Y"
 400      F0A74BEE 
 400      8B17C22E 
 400      160CBFCA 
 400      59
 401 1324 C8952EF1 		.ascii	"\310\225.\361%.9\302\257\022i\216\202\2748\336X\252"
 401      252E39C2 
 401      AF12698E 
 401      82BC38DE 
 401      58AA
 402 1336 AC502924 		.ascii	"\254P)$$\326\356]\003=y\302\200\347\305\270`%\233\250"
 402      24D6EE5D 
 402      033D79C2 
 402      80E7C5B8 
 402      60259BA8 
 403 134a 16C69BC6 		.ascii	"\026\306\233\306>\216\027\313]W\274\220\301\215\220"
 403      3E8E17CB 
 403      5D57BC90 
 403      C18D90
 404 1359 C1D5F2EA 		.ascii	"\301\325\362\352K\037CZ\305\222\206P7YR\313d0[\373\022"
 404      4B1F435A 
 404      C5928650 
 404      375952CB 
 404      64305BFB 
 405 136e EA66796A 		.ascii	"\352fyj\011\357)\221\270\305\222x\351M\315\211\3436"
 405      09EF2991 
 405      B8C59278 
 405      E94DCD89 
 405      E336
 406 1380 4C955B90 		.ascii	"L\225[\220\277\255\362\364\222\374\035\372\221q\236"
 406      BFADF2F4 
 406      92FC1DFA 
ARM GAS  C:\Users\User\AppData\Local\Temp\ccDeo9hc.s 			page 32


 406      91719E
 407 138f EB1668AD 		.ascii	"\353\026h\255&S\037K&\240Y\232L]Gi2\221\220\016\025"
 407      26531F4B 
 407      26A0599A 
 407      4C5D4769 
 407      3291900E 
 408 13a4 1D4A4869 		.ascii	"\035JHi2\235j\315hU\341\374\345\364\234i|\361T\212\203"
 408      329D6ACD 
 408      6855E1FC 
 408      E5F49C69 
 408      7CF1548A 
 409 13b9 C5F37AA6 		.ascii	"\305\363z\246\200K\375/\204\272\240\302\345U\364\201"
 409      804BFD2F 
 409      84BAA0C2 
 409      E555F481 
 410 13c9 B893D03B 		.ascii	"\270\223\320;E\324\341\260Q\207\224\236\350x-.\247:"
 410      45D4E1B0 
 410      5187949E 
 410      E8782D2E 
 410      A73A
 411 13db A0E3C3B5 		.ascii	"\240\343\303\265u<\256a\012\025\305M\235\340\254)\224"
 411      753CAE61 
 411      0A15C54D 
 411      9DE0AC29 
 411      94
 412 13ec F95F56A8 		.ascii	"\371_V\250\375\307\304%\031\3207]F\035\343\263\350\233"
 412      FDC7C425 
 412      19D0375D 
 412      461DE3B3 
 412      E89B
 413 13fe D8B3E8D9 		.ascii	"\330\263\350\331\035\321\235\216\270\235i\227\325\221"
 413      1DD19D8E 
 413      B89D6997 
 413      D591
 414 140c DB4F1E47 		.ascii	"\333O\036GA\247\240c\026\277\232v\010\211\251J\266\305"
 414      41A7A063 
 414      16BF9A76 
 414      0889A94A 
 414      B6C5
 415 141e 7719C544 		.ascii	"w\031\305De\346\202\212P\234\001\212\237\256F\247y\372"
 415      65E6828A 
 415      509C018A 
 415      9FAE46A7 
 415      79FA
 416 1430 08C5C9E9 		.ascii	"\010\305\311\351#\263\216\370>\243\011\311)\310 \017"
 416      23B38EF8 
 416      3EA309C9 
 416      29C8200F 
 417 1440 D7A0B340 		.ascii	"\327\240\263@\3637\253Q6\245\3412b\022\317*\221\263"
 417      F337AB51 
 417      36A5E132 
 417      6212CF2A 
 417      91B3
 418 1452 5AB841D7 		.ascii	"Z\270A\327k{\351\332A2\367\347\361j\351\270\036\240"
 418      6B7BE9DA 
 418      4132F7E7 
 418      F16AE9B8 
ARM GAS  C:\Users\User\AppData\Local\Temp\ccDeo9hc.s 			page 33


 418      1EA0
 419 1464 C7C24181 		.ascii	"\307\302A\201\342\261\260\202\220P?\344\202\037rx^z"
 419      E2B1B082 
 419      90503FE4 
 419      821F7278 
 419      5E7A
 420 1476 369C3A37 		.ascii	"6\234:7\376\220\307\325+\250C_6'\266\363H\355\274\224"
 420      FE90C7D5 
 420      2BA8435F 
 420      3627B6F3 
 420      48EDBC94 
 421 148a 073A075D 		.ascii	"\007:\007]\255\261\021\352\362\011:\273\027\000Q\276"
 421      ADB111EA 
 421      F2093ABB 
 421      170051BE 
 422 149a E837A21D 		.ascii	"\3507\242\035uC|\340\233\223\016\270\211\012B\327\036"
 422      75437CE0 
 422      9B930EB8 
 422      890A42D7 
 422      1E
 423 14ab 0F876A70 		.ascii	"\017\207jp;Cr\302:\276\306\375L\203\232\313w\036\331"
 423      3B4372C2 
 423      3ABEC6FD 
 423      4C839ACB 
 423      771ED9
 424 14be 49EF8F44 		.ascii	"I\357\217D\260\373#\305\274\006]\340\337\346\201\235"
 424      B0FB23C5 
 424      BC065DE0 
 424      DFE6819D 
 425 14ce 225EF681 		.ascii	"\"^\366\201\235\204\323onb<\306$\226\317\224]w\300\323"
 425      9D84D36F 
 425      6E623CC6 
 425      2496CF94 
 425      5D77C0D3 
 426 14e2 0C293CD2 		.ascii	"\014)<\322\266\250\302\257\031\362\354ur\211p\026\263"
 426      B6A8C2AF 
 426      19F2EC75 
 426      72897016 
 426      B3
 427 14f3 12D037FD 		.ascii	"\022\3207\375\321\3216\302Q\014\271\007\235\026\227"
 427      D1D136C2 
 427      510CB907 
 427      9D1697
 428 1502 90A5C587 		.ascii	"\220\245\305\207VR\332\326\302\216@\007\034K\021MPl"
 428      5652DAD6 
 428      C28E4007 
 428      1C4B114D 
 428      506C
 429 1514 65117922 		.ascii	"e\021y\"\037&\020rf\342$\215\311+\374jt\031\242\001"
 429      1F261072 
 429      66E2248D 
 429      C92BFC6A 
 429      7419A201 
 430 1528 5D020BCA 		.ascii	"]\002\013\312\205\230\254\001=\253!\366\252\000*\000"
 430      8598AC01 
 430      3DAB21F6 
 430      AA002A00 
ARM GAS  C:\Users\User\AppData\Local\Temp\ccDeo9hc.s 			page 34


 431 1538 6A01AE9B 		.ascii	"j\001\256\233U\342\376\010\273Ea\355K\326\365\027\205"
 431      55E2FE08 
 431      BB4561ED 
 431      4BD6F517 
 431      85
 432 1549 CE723541 		.ascii	"\316r5AV\3325\220\360\366\322&N\333\210\253\223\022"
 432      56DA3590 
 432      F0F6D226 
 432      4EDB88AB 
 432      9312
 433 155b 4B596B64 		.ascii	"KYkd\313~\245\331Lx\225\315\204\302a\014+~\320FwiK\231"
 433      CB7EA5D9 
 433      4C7895CD 
 433      84C2610C 
 433      2B7ED046 
 434 1573 4917E233 		.ascii	"I\027\3423\264\010\021ne\342\030\227\323\2143[\017\224"
 434      B408116E 
 434      65E21897 
 434      D38C335B 
 434      0F94
 435 1585 F3724788 		.ascii	"\363rG\210\306\011\213\304H\251\245\342K\252\262\261"
 435      C6098BC4 
 435      48A9A5E2 
 435      4BAAB2B1 
 436 1595 E2136AB2 		.ascii	"\342\023j\262t\224q\251\361\300\021\277n4\224\250\220"
 436      749471A9 
 436      F1C011BF 
 436      6E3494A8 
 436      90
 437 15a6 E901DABE 		.ascii	"\351\001\332\276\004an1Zu\343\233\254\352JXF\353\332"
 437      04616E31 
 437      5A75E39B 
 437      ACEA4A58 
 437      46EBDA
 438 15b9 0D5EE691 		.ascii	"\015^\346\221U\213\215\351y\2361#CU\017CU\307\233\036"
 438      558B8DE9 
 438      799E3123 
 438      43550F43 
 438      55C79B1E 
 439 15cd C2B83B7F 		.ascii	"\302\270;\177=\310\021\277\240Q\306\0359\333q\305F|"
 439      3DC811BF 
 439      A051C61D 
 439      39DB71C5 
 439      467C
 440 15df 28248166 		.ascii	"($\201f\\\023tl\020\375v\203_aML#\260\266\"&f1\263\323"
 440      5C13746C 
 440      10FD7683 
 440      5F614D4C 
 440      23B0B622 
 441 15f8 1687FC05 		.ascii	"\026\207\374\005\273?\221\033X\241\306\241\014\211*"
 441      BB3F911B 
 441      58A1C6A1 
 441      0C892A
 442 1607 BEFBDA11 		.ascii	"\276\373\332\021GQ\204;\223|b\\%\346g\270\3558}\236"
 442      4751843B 
 442      937C625C 
 442      25E667B8 
ARM GAS  C:\Users\User\AppData\Local\Temp\ccDeo9hc.s 			page 35


 442      ED387D9E 
 443 161b AE0D9CD9 		.ascii	"\256\015\234\331*\252Pk\375\355\226\233\274\354\333"
 443      2AAA506B 
 443      FDED969B 
 443      BCECDB
 444 162a 2D7957AB 		.ascii	"-yW\253\232\354\351se\204\025{\256l\254\367\365\254"
 444      9AECE973 
 444      6584157B 
 444      AE6CACF7 
 444      F5AC
 445 163c 2D6DA3CF 		.ascii	"-m\243\317 \260JY\372lz\012\311=\320h\345\021\213K\365"
 445      20B04A59 
 445      FA6C7A0A 
 445      C93DD068 
 445      E5118B4B 
 446 1651 95A35AE9 		.ascii	"\225\243Z\351\231q'/\275As\2137\236\031\027\007\007"
 446      9971272F 
 446      BD41738B 
 446      379E1917 
 446      0707
 447 1663 D1CA4CDB 		.ascii	"\321\312L\333P\007\2236w\347N6G\033a\021\326\305\332"
 447      50079336 
 447      77E74E36 
 447      471B6111 
 447      D6C5DA
 448 1676 6ACF1C79 		.ascii	"j\317\034y\215\244\317\333\021\355\304E\313m\272h\351"
 448      8DA4CFDB 
 448      11EDC445 
 448      CB6DBA68 
 448      E9
 449 1687 E68507EE 		.ascii	"\346\205\007\356\332\322o\0347;\263\276m\266\010\272"
 449      DAD26F1C 
 449      373BB3BE 
 449      6DB608BA 
 450 1697 63929F68 		.ascii	"c\222\237h\270\337\344\210\023\230\317\345\334\021Q"
 450      B8DFE488 
 450      1398CFE5 
 450      DC1151
 451 16a6 58F78637 		.ascii	"X\367\2067\352r\227\351\222U{\373\274\231.d\037&\352"
 451      EA7297E9 
 451      92557BFB 
 451      BC992E64 
 451      1F26EA
 452 16b9 D24B75B9 		.ascii	"\322Ku\271g\324\345xOr\212\235T\227^3]\372L\272$\305"
 452      67D4E578 
 452      4F728A9D 
 452      54975E33 
 452      5DFA4CBA 
 453 16cf 474022A6 		.ascii	"G@\"\246X\327\245\256\341\372\013\366\374'ybe\200)\363"
 453      58D7A5AE 
 453      E1FA0BF6 
 453      FC277962 
 453      658029F3 
 454 16e3 22BE3CDF 		.ascii	"\"\276<\337\244\340 k\013j\314nT[W\360>Up\310\250`\306"
 454      A4E0206B 
 454      0B6ACC6E 
 454      545B57F0 
ARM GAS  C:\Users\User\AppData\Local\Temp\ccDeo9hc.s 			page 36


 454      3E5570C8 
 455 16fa F8C13748 		.ascii	"\370\3017H\252\340}3\005\207M\012\026\364\246\207\332"
 455      AAE07D33 
 455      05874D0A 
 455      16F4A687 
 455      DA
 456 170b E30CA660 		.ascii	"\343\014\246`~\356\253s\032\243\\\246_~\364\370\017"
 456      7EEEAB73 
 456      1AA35CA6 
 456      5F7EF4F8 
 456      0F
 457 171c AD4B1DA1 		.ascii	"\255K\035\241R\037\232\334\222r\361\274\231[F\314\244"
 457      521F9ADC 
 457      9272F1BC 
 457      995B46CC 
 457      A4
 458 172d 3E32495D 		.ascii	">2I]\234\234\356\323\342\323L\352\263\272\341\243\310"
 458      9C9CEED3 
 458      E2D34CEA 
 458      B3BAE1A3 
 458      C8
 459 173e E4022676 		.ascii	"\344\002&v\372DR\221\322\250\311(\363\300\271\321\350"
 459      FA445291 
 459      D2A8C928 
 459      F3C0B9D1 
 459      E8
 460 174f 2CAD755D 		.ascii	",\255u]\306\250.O\214\272<}\025\\c\246\313\230\231."
 460      C6A82E4F 
 460      8CBA3C7D 
 460      155C63A6 
 460      CB98992E 
 461 1763 E3265D26 		.ascii	"\343&]&\016\\\351u\3009L\227\224\352\311@\255)S\230"
 461      0E5CE975 
 461      C0394C97 
 461      94EAC940 
 461      AD295398 
 462 1777 2E2DCF1B 		.ascii	".-\317\033g\330\260\221\005\350$S&\345\376\251J\223"
 462      67D8B091 
 462      05E82453 
 462      26E5FEA9 
 462      4A93
 463 1789 824F595B 		.ascii	"\202OY[\323\314\376\253\234\365x\236\242\012>3*\270"
 463      D3CCFEAB 
 463      9CF5789E 
 463      A20A3E33 
 463      2AB8
 464 179b 501B3E62 		.ascii	"P\033>b#Up\312L\301i\223\202\267F.\317\330\341s\326"
 464      235570CA 
 464      4CC16993 
 464      82B7462E 
 464      CFD8E173 
 465 17b0 158CED1D 		.ascii	"\025\214\355\035kq0%\334\013\246\314\261\366\240T[\243"
 465      6B713025 
 465      DC0BA6CC 
 465      B1F6A054 
 465      5BA3
 466 17c2 8233AC6D 		.ascii	"\2023\254md\2601\335\321\272\202\263T\301"
ARM GAS  C:\Users\User\AppData\Local\Temp\ccDeo9hc.s 			page 37


 466      64B031DD 
 466      D1BA82B3 
 466      54C1
 467 17d0 974605C3 		.ascii	"\227F\005\303\012\037\317\232\335\221\2355Sp\316\244"
 467      0A1FCF9A 
 467      DD919D35 
 467      5370CEA4 
 468 17e0 6046F6D4 		.ascii	"`F\366\324S;|Q\210\241G\225I\306W)\310\262\256\260\254"
 468      533B7C51 
 468      88A14795 
 468      49C65729 
 468      C8B2AEB0 
 469 17f5 1AB6DCB5 		.ascii	"\032\266\334\265\3263\300\2748\275a\232&OE\3159\232"
 469      D633C0BC 
 469      38BD619A 
 469      264F45CD 
 469      399A
 470 1807 7CBEC01A 		.ascii	"|\276\300\032\303\356\314\2555Z\264\310\232n\345\327"
 470      C3EECCAD 
 470      355AB4C8 
 470      9A6EE5D7 
 471 1817 9CD358B7 		.ascii	"\234\323X\267(PI,2(\005\213\246Z\357\3345\313\012\370"
 471      2850492C 
 471      3228058B 
 471      A65AEFDC 
 471      35CB0AF8 
 472 182b 5D625190 		.ascii	"]bQ\220R\260Hs\252`~\210\334B]!\334\300\021\336\366"
 472      52B04873 
 472      AA607E88 
 472      DC425D21 
 472      DCC011DE 
 473 1840 EBB57D7C 		.ascii	"\353\265}|\237-#\240\332\240\026(\323\373\225\337\264"
 473      9F2D23A0 
 473      DAA01628 
 473      D3FB95DF 
 473      B4
 474 1851 27AA4730 		.ascii	"'\252G0\305A\256\241~KR\311d*]q\274\202\025\007\331"
 474      C541AEA1 
 474      7E4B52C9 
 474      642A5D71 
 474      BC821507 
 475 1866 90A279A1 		.ascii	"\220\242y\241\003\231_B\225\316(B\351\204\016\000\034"
 475      03995F42 
 475      95CE2842 
 475      E9840E00 
 475      1C
 476 1877 04080308 		.ascii	"\004\010\003\010\0018\004\020\014\020\256\224\256>\250"
 476      01380410 
 476      0C10AE94 
 476      AE3EA8
 477 1886 4C081E34 		.ascii	"L\010\0364a)s\311\235OJ\012\211\200\036[\222.\271\365"
 477      612973C9 
 477      9D4F4A0A 
 477      89801E5B 
 477      922EB9F5 
 478 189a 589BC2CE 		.ascii	"X\233\302\316-\200j\351\272\241%E\305V\002\220\340\350"
 478      2D806AE9 
ARM GAS  C:\Users\User\AppData\Local\Temp\ccDeo9hc.s 			page 38


 478      BAA12545 
 478      C5560290 
 478      E0E8
 479 18ac 813CAF25 		.ascii	"\201<\257%r\301\331\350\265\274\007\227\320B=E=\362"
 479      72C1D9E8 
 479      B5BC0797 
 479      D0423D45 
 479      3DF2
 480 18be 2E5C420B 		.ascii	".\\B\013a\211\236\313\232n|\023\361\356\344\221sj\263"
 480      61899ECB 
 480      9A6E7C13 
 480      F1EEE491 
 480      736AB3
 481 18d1 D747E4DC 		.ascii	"\327G\344\334\256x+\237\223\362Pt\344\236\331\274\030"
 481      AE782B9F 
 481      93F25074 
 481      E49ED9BC 
 481      18
 482 18e2 A994AEE5 		.ascii	"\251\224\256\345\016\033\203\0125&=\231S\343&\226\011"
 482      0E1B830A 
 482      35263D99 
 482      53E32696 
 482      09
 483 18f3 C6278996 		.ascii	"\306'\211\226\013O\022\015g\015\247\332\012i\243\"\217"
 483      0B4F120D 
 483      670DA7DA 
 483      0A69A322 
 483      8F
 484 1904 76B457AE 		.ascii	"v\264W\256\304w(\255\346\324\271\316\004\214L\357\032"
 484      C47728AD 
 484      E6D4B9CE 
 484      048C4CEF 
 484      1A
 485 1915 9AAD8863 		.ascii	"\232\255\210c\224\253Q\264\022T\217Rb\024'D\314\011"
 485      94AB51B4 
 485      12548F52 
 485      62142744 
 485      CC09
 486 1927 889863A0 		.ascii	"\210\230c\240\345\021\200D\200\343\000I\000\361\000"
 486      E5118044 
 486      80E30049 
 486      00F100
 487 1936 09004795 		.ascii	"\011\000G\225\322\223\341\251\037\263\321#\253\237B"
 487      D293E1A9 
 487      1FB3D123 
 487      AB9F42
 488 1945 9E71B11E 		.ascii	"\236q\261\0364\227P\374\007\264P\307\012\002\205UC\312"
 488      349750FC 
 488      07B450C7 
 488      0A028555 
 488      43CA
 489 1957 921B7D13 		.ascii	"\222\033}\023'\227\037\241\213<p\001j\226e,\331\206"
 489      27971FA1 
 489      8B3C7001 
 489      6A96652C 
 489      D986
 490 1969 CF9C54B1 		.ascii	"\317\234T\261s4\262]L\023\250M{P+ATF\016\0279\013\316"
ARM GAS  C:\Users\User\AppData\Local\Temp\ccDeo9hc.s 			page 39


 490      7334B25D 
 490      4C13A84D 
 490      7B502B41 
 490      54460E17 
 491 1980 A94B34A1 		.ascii	"\251K4\241\264\344\375\250\223\226\264)\226w3\251yd"
 491      B4E4FDA8 
 491      9396B429 
 491      967733A9 
 491      7964
 492 1992 E7450E38 		.ascii	"\347E\0168%\346-\311\210\276\223,#\342\226d\204\324"
 492      25E62DC9 
 492      88BE932C 
 492      23E29664 
 492      84D4
 493 19a4 18B215AF 		.ascii	"\030\262\025\257\342,\214)\347$\341\310UF];\2406\255"
 493      E22C8C29 
 493      E724E1C8 
 493      55465D3B 
 493      A036AD
 494 19b7 445B92FE 		.ascii	"D[\222\376\222>\236\234\002\035\310\220\032\017f\224"
 494      923E9E9C 
 494      021DC890 
 494      1A0F6694 
 495 19c7 968F279B 		.ascii	"\226\217'\233\006>\031\006\373O\035x\010\260\311\205"
 495      063E1906 
 495      FB4F1D78 
 495      08B0C985 
 496 19d7 A9117B69 		.ascii	"\251\021{i\330\246\230\205\355IS\330\336y\324\265\205"
 496      D8A69885 
 496      ED4953D8 
 496      DE79D4B5 
 496      85
 497 19e8 565D6842 		.ascii	"V]hB\311\354M\211\332\244\230\012d\365M\2114ZuS\215"
 497      C9EC4D89 
 497      DAA4980A 
 497      64F54D89 
 497      345A7553 
 498 19fd 55B7F369 		.ascii	"U\267\363i\365!^xS\242\266qYLp\2523!AI\342\231c\222"
 498      F5215E78 
 498      53A2B671 
 498      594C70AA 
 498      33214149 
 499 1a15 F1458974 		.ascii	"\361E\211t%yQ\"9%r\210\217\3048\037\354\314\240-\335"
 499      25795122 
 499      39257288 
 499      8FC4381F 
 499      ECCCA02D 
 500 1a2a 830BCFD4 		.ascii	"\203\013\317\324x\200\345\316h\345\251H\007<\312\220"
 500      7880E5CE 
 500      68E5A948 
 500      073CCA90 
 501 1a3a FE99E948 		.ascii	"\376\231\351H\336\231:/\325\220\012\033\370/W\240,\245"
 501      DE993A2F 
 501      D5900A1B 
 501      F82F57A0 
 501      2CA5
 502 1a4c E9951F72 		.ascii	"\351\225\037rty\252h\324\036?g\313\356\204\252\211!"
ARM GAS  C:\Users\User\AppData\Local\Temp\ccDeo9hc.s 			page 40


 502      7479AA68 
 502      D41E3F67 
 502      CBEE84AA 
 502      8921
 503 1a5e 4793B7FB 		.ascii	"G\223\267\373\353\177z{\206,\273\263\211\003Ew\177i"
 503      EB7F7A7B 
 503      862CBBB3 
 503      89034577 
 503      7F69
 504 1a70 75E17F06 		.ascii	"u\341\177\006<\374%s\366)\270t1\371\363\370`T\216=>"
 504      3CFC2573 
 504      F629B874 
 504      31F9F3F8 
 504      60548E3D 
 505 1a85 F8232AA5 		.ascii	"\370#*\245\377E\340U\007\223\224\276$\366\312J.\010"
 505      FF45E055 
 505      079394BE 
 505      24F6CA4A 
 505      2E08
 506 1a97 392B0AC9 		.ascii	"9+\012\311VZ\225\222cMJ\345l{&[\241\021fl\002\215\016"
 506      565A9592 
 506      634D4AE5 
 506      6C7B265B 
 506      A111666C 
 507 1aae 3D57A832 		.ascii	"=W\2502\276B\204\362\224\264\361U\324\275F\214\243\250"
 507      BE4284F2 
 507      94B4F155 
 507      D4BD468C 
 507      A3A8
 508 1ac0 3AAAD4CC 		.ascii	":\252\324\314\276c\216d:s6Ne\213cvQ\302Tf\234+\316\277"
 508      BE638E64 
 508      3A73364E 
 508      658B6376 
 508      51C25466 
 509 1ad8 FD5C71DE 		.ascii	"\375\\q\336\312\\!{/\274@\311:\020c.\2001\305\020\207"
 509      CA5C217B 
 509      2FBC40C9 
 509      3A10632E 
 509      8031C510 
 510 1aed E7000A01 		.ascii	"\347\000\012\001\212\224\322\343\242\231x\226R\347\345"
 510      8A94D2E3 
 510      A2997896 
 510      52E7E5
 511 1afc 26998578 		.ascii	"&\231\205x\213IFF\011\253\223\301R\333\214\223A\316"
 511      8B494646 
 511      09AB93C1 
 511      52DB8C93 
 511      41CE
 512 1b0e FDE4485B 		.ascii	"\375\344H[\371w\011%\212+d\265&\353\324\271\206'\216"
 512      F9770925 
 512      8A2B64B5 
 512      26EBD4B9 
 512      86278E
 513 1b21 D22CBA68 		.ascii	"\322,\272h\226E%\306,\302\303\361\025u\016\342\006\270"
 513      964525C6 
 513      2CC2C3F1 
 513      15750EE2 
ARM GAS  C:\Users\User\AppData\Local\Temp\ccDeo9hc.s 			page 41


 513      06B8
 514 1b33 2571F951 		.ascii	"%q\371QZ\033K\204\332xE^C\341^r\002{g\363\212\362[7"
 514      5A1B4B84 
 514      DA78455E 
 514      43E15E72 
 514      027B67F3 
 515 1b4b C00ACA89 		.ascii	"\300\012\312\211\370\3722\370\372\222\250iB\301\345"
 515      F8FA32F8 
 515      FA92A869 
 515      42C1E5
 516 1b5a 0BF6F80D 		.ascii	"\013\366\370\015\213\317\344\371\276c\342y\237E\360"
 516      8BCFE4F9 
 516      BE63E279 
 516      9F45F0
 517 1b69 95434739 		.ascii	"\225CG9&B0'\322\255r\031\020\224\212\261|E)\034\352"
 517      26423027 
 517      D2AD7219 
 517      10948AB1 
 517      7C45291C 
 518 1b7e D5750FDC 		.ascii	"\325u\017\3346\333\245\225\2319\244\302TV\216\037\253"
 518      36DBA595 
 518      9939A4C2 
 518      54568E1F 
 518      AB
 519 1b8f AF67510B 		.ascii	"\257gQ\013m(\237E\355\330\344\233I\033i]\331$]\315U"
 519      6D289F45 
 519      EDD8E49B 
 519      491B695D 
 519      D9245DCD 
 520 1ba4 D1BA5269 		.ascii	"\321\272Ri\254+y\257\363&\215u\245;\334\376v\376\201"
 520      AC2B79AF 
 520      F3268D75 
 520      A53BDCFE 
 520      76FE81
 521 1bb7 AA4D9408 		.ascii	"\252M\224\010e\212\212e\012\245\000]\245u\344Ja\324"
 521      658A8A65 
 521      0AA5005D 
 521      A575E44A 
 521      61D4
 522 1bc9 A01D5496 		.ascii	"\240\035T\226\0020\270\232\2664\017f\206a\374x\025-"
 522      0230B89A 
 522      B6340F66 
 522      8661FC78 
 522      152D
 523 1bdb 26474F74 		.ascii	"&GOt\324\240\277\3160\334\254\242\257(\026\237\006\357"
 523      D4A0BFCE 
 523      30DCACA2 
 523      AF28169F 
 523      06EF
 524 1bed 20FA7EE8 		.ascii	" \372~\3505\306R\362n,i\331\302\301\026Y\371\327d5?"
 524      35C652F2 
 524      6E2C69D9 
 524      C2C11659 
 524      F9D76435 
 525 1c02 990FA2A6 		.ascii	"\231\017\242\246\031\233\360G\223\235v\300\306Pm\250"
 525      199BF047 
 525      939D76C0 
ARM GAS  C:\Users\User\AppData\Local\Temp\ccDeo9hc.s 			page 42


 525      C6506DA8 
 526 1c12 EA8A21A7 		.ascii	"\352\212!\247A<\255\236\327\005&\242?\256\013Lj)\223"
 526      413CAD9E 
 526      D70526A2 
 526      3FAE0B4C 
 526      6A2993
 527 1c25 BE1B3733 		.ascii	"\276\03373\310\242\200x\204\360y\324\031}\011c\303\177"
 527      C8A28078 
 527      84F079D4 
 527      197D0963 
 527      C37F
 528 1c37 A3C8486C 		.ascii	"\243\310Hlv\216\275\300\264/\315\2262%\204\365K\230"
 528      768EBDC0 
 528      B42FCD96 
 528      322584F5 
 528      4B98
 529 1c49 92963A32 		.ascii	"\222\226:25\334\240\\\003k\352\363\035p$\343r&!\257"
 529      35DCA05C 
 529      036BEAF3 
 529      1D7024E3 
 529      722621AF 
 530 1c5d 48095C88 		.ascii	"H\011\\\210\323Z\303\360BA\243\301\220\306\321\342\337"
 530      D35AC3F0 
 530      4241A3C1 
 530      90C6D1E2 
 530      DF
 531 1c6e 203032CE 		.ascii	" 02\316,\012\322BV\340\224\313\301\375E\023f\373)b\220"
 531      2C0AD242 
 531      56E094CB 
 531      C1FD4513 
 531      66FB2962 
 532 1c83 28B3890D 		.ascii	"(\263\211\015,\371O\236\312z<\020m\266uH3[h7\013\304"
 532      2CF94F9E 
 532      CA7A3C10 
 532      6DB67548 
 532      335B6837 
 533 1c99 CD94B8BE 		.ascii	"\315\224\270\276\256\372\226\331\373\270\344-:\221\270"
 533      AEFA96D9 
 533      FBB8E42D 
 533      3A91B8
 534 1ca8 45206EA1 		.ascii	"E n\241\304\265\305\015Ifo\322T\230\251\321*\020\267"
 534      C4B5C50D 
 534      49666FD2 
 534      5498A9D1 
 534      2A10B7
 535 1cbb 52E2ACC0 		.ascii	"R\342\254\300\340bd\177H$\376R\032\2137\225\366\306"
 535      E062647F 
 535      4824FE52 
 535      1A8B3795 
 535      F6C6
 536 1ccd ED684D56 		.ascii	"\355hMV\012\333o\3236h\011m\216\353\340\255Np\3554\020"
 536      0ADB6FD3 
 536      3668096D 
 536      8EEBE0AD 
 536      4E70ED34 
 537 1ce2 DB8C8158 		.ascii	"\333\214\201X\376<c\304,\346\333\315\254\355\020t\352"
 537      FE3C63C4 
ARM GAS  C:\Users\User\AppData\Local\Temp\ccDeo9hc.s 			page 43


 537      2CE6DBCD 
 537      ACED1074 
 537      EA
 538 1cf3 A03A851D 		.ascii	"\240:\205\035O\31253 \327,A:\005\342NJ<\262\330Sf\266"
 538      4FCA3533 
 538      20D72C41 
 538      3A05E24E 
 538      4A3CB2D8 
 539 1d0a B6AC32E3 		.ascii	"\266\2542\343|K \276E\211\315\254\020\346\206o\266\243"
 539      7C4B20BE 
 539      4589CDAC 
 539      10E6866F 
 539      B6A3
 540 1d1c 9BDAD165 		.ascii	"\233\332\321e\325\216n3i\267\005i\344\277\372\267_|"
 540      D58E6E33 
 540      69B70569 
 540      E4BFFAB7 
 540      5F7C
 541 1d2e F5CEFAB5 		.ascii	"\365\316\372\265k\025\374\257~\343\362;\215\253k\200"
 541      6B15FCAF 
 541      7EE3F23B 
 541      8DAB6B80 
 542 1d3e 97B77EDD 		.ascii	"\227\267~\335\207\256\372\020\344\376\367[\335wxm\363"
 542      87AEFA10 
 542      E4FEF75B 
 542      DD77786D 
 542      F3
 543 1d4f 62DFFEFA 		.ascii	"b\337\376\372\000\017/\237\265\037\357Y\347\272\327"
 543      000F2F9F 
 543      B51FEF59 
 543      E7BAD7
 544 1d5e CBDBC367 		.ascii	"\313\333\303g\257\277\264}\253\336\307g\247\377VO\357"
 544      AFBFB47D 
 544      ABDEC767 
 544      A7FF564F 
 544      EF
 545 1d6f 8077E8D5 		.ascii	"\200w\350\325;n~\273\336\321\355\332\246\363\360\320"
 545      3B6E7EBB 
 545      DED1EDDA 
 545      A6F3F0D0 
 546 1d7f 796CFDE8 		.ascii	"yl\375\350\375u\357|\370\301\332\217w\257\335\012\355"
 546      FD75EF7C 
 546      F8C1DA8F 
 546      77AFDD0A 
 546      ED
 547 1d90 3FF3F6F1 		.ascii	"?\363\366\361\326\375L\347\006\234\275\274\335w\006"
 547      D6FD4CE7 
 547      069CBDBC 
 547      DD7706
 548 1d9f 78E8B6EE 		.ascii	"x\350\266\356r\003^\336\272\255\256\036\272\355n\001"
 548      72035EDE 
 548      BAADAE1E 
 548      BAED6E01 
 549 1daf 3BF5AEFA 		.ascii	";\365\256\372\257}u\376\357\357P\250\215\352|\375\377"
 549      AF7D75FE 
 549      EFEF50A8 
 549      8DEA7CFD 
ARM GAS  C:\Users\User\AppData\Local\Temp\ccDeo9hc.s 			page 44


 549      FF
 550 1dc0 501BFFAF 		.ascii	"P\033\377\257\375\267\272\372\353=@4\250@\034\363{\376"
 550      FDB7BAFA 
 550      EB3D4034 
 550      A8401CF3 
 550      7BFE
 551 1dd2 F7EBFFC9 		.ascii	"\367\353\377\311\205\377\365f\027\027\364\277\321\357"
 551      85FFF566 
 551      1717F4BF 
 551      D1EF
 552 1de0 94EE3B75 		.ascii	"\224\356;un~\202\263\326~\344\252W\033/\260\277N\357"
 552      6E7E82B3 
 552      D67EE4AA 
 552      571B2FB0 
 552      BF4EEF
 553 1df3 B1DEA8EA 		.ascii	"\261\336\250\352z\362\275y\251\252\222vF\351\343\277"
 553      7AF2BD79 
 553      A9AA9276 
 553      46E9E3BF 
 554 1e03 F6E38FD6 		.ascii	"\366\343\217\326\370\370\257\331\341\266s\215\257\217"
 554      F8F8AFD9 
 554      E1B6738D 
 554      AF8F
 555 1e11 9FDE7FCD 		.ascii	"\237\336\177\315\346-\237\257\373p\315\357\177\277a"
 555      E62D9FAF 
 555      FB70CDEF 
 555      7FBF61
 556 1e20 CD6F377D 		.ascii	"\315o7}\266q\317\207\344'W_\200\235;=@+\274q\203\013"
 556      B671CF87 
 556      E427575F 
 556      809D3B3D 
 556      402BBC71 
 557 1e36 FE6C838B 		.ascii	"\376l\203\213r\323W\2336\270\330l\334\274\351\323O7"
 557      72D3579B 
 557      36B8D86C 
 557      DCBCE9D3 
 557      4F37
 558 1e48 B8A8366E 		.ascii	"\270\2506n\371\227M\237\272(?\337\270\341S\027\374k"
 558      F9974D9F 
 558      BA283FDF 
 558      B8E15317 
 558      FC6B
 559 1e5a 1717ADBF 		.ascii	"\027\027\255\277~\027\270\317\323\327\313\007\264\364"
 559      7E17B8CF 
 559      D3D7CB07 
 559      B4F4
 560 1e68 F2D9E5E3 		.ascii	"\362\331\345\343\241\003-\335\375>\004X\253\364\367"
 560      A1032DDD 
 560      FD3E0458 
 560      ABF4F7
 561 1e77 D5E93CE0 		.ascii	"\325\351<\340j\335\216\357Y\347\2576\377\312e\213\240"
 561      6ADD8EEF 
 561      59E7AF36 
 561      FFCA658B 
 561      A0
 562 1e88 B4BFCECF 		.ascii	"\264\277\316\317\313\244\267v3\305\326\373xo\367\362"
 562      CBA4B776 
ARM GAS  C:\Users\User\AppData\Local\Temp\ccDeo9hc.s 			page 45


 562      33C5D6FB 
 562      786FF7F2 
 563 1e98 FC81876E 		.ascii	"\374\201\207n[\200'\270\332O\347\266\313\325\313\333"
 563      5B8027B8 
 563      DA4FE7B6 
 563      CBD5CBDB 
 564 1ea8 4BAFA62D 		.ascii	"K\257\246-\357\273+l=\266y\372\372\201W\267\363\356"
 564      EFBB2B6C 
 564      3DB679FA 
 564      FA8157B7 
 564      F3EE
 565 1eba 3BDCFCFE 		.ascii	";\334\374\376\302h:p\323{\372\371\004\370\022K\264^"
 565      C2683A70 
 565      D37BFAF9 
 565      04F8124B 
 565      B45E
 566 1ecc 3E44F02E 		.ascii	">D\360.7\377?\272\3525\014\361\362p\325\333\370{l\326"
 566      37FF3FBA 
 566      EA350CF1 
 566      F270D5DB 
 566      F87B6CD6 
 567 1ee0 BBF9E961 		.ascii	"\273\371\351a\234|\334\377\250\014\360\207k\354B\034"
 567      9C7CDCFF 
 567      A80CF087 
 567      6BEC421C 
 568 1ef0 B61E60B3 		.ascii	"\266\036`\263\013v\371\322\205w\331\262\321\205\377"
 568      0B76F9D2 
 568      8577D9B2 
 568      D185FF
 569 1eff ED964D2E 		.ascii	"\355\226M.x\275\313:\200\017\001\326\342-\033\\<\277"
 569      78BDCB3A 
 569      800F01D6 
 569      E22D1B5C 
 569      3CBF
 570 1f11 832FDC7D 		.ascii	"\203/\334}v\355\362\361^\243\333\247_\263\376\363\315"
 570      76EDF2F1 
 570      5EA3DBA7 
 570      5FB3FEF3 
 570      CD
 571 1f22 9F6D0697 		.ascii	"\237m\006\2270\257\374\346\343}\373\326\320\301\330"
 571      30AFFCE6 
 571      E37DFBD6 
 571      D0C1D8
 572 1f31 FEF14770 		.ascii	"\376\361Gp\015\256\260\247Nr\335\002\241\276A\267]\345"
 572      0DAEB0A7 
 572      4E72DD02 
 572      A1BE41B7 
 572      5DE5
 573 1f43 B33B4017 		.ascii	"\263;@\027\240S\357v\365\366\321{m\377\332f\267\253"
 573      A053EF76 
 573      F5F6D17B 
 573      6DFFDA66 
 573      B7AB
 574 1f55 9F87AFDE 		.ascii	"\237\207\257\336\317\226E\331\317\301*\343\377\335\256"
 574      CF9645D9 
 574      CFC12AE3 
 574      FFDDAE
ARM GAS  C:\Users\User\AppData\Local\Temp\ccDeo9hc.s 			page 46


 575 1f64 7BFDE017 		.ascii	"{\375\340\027\345nW\275\217/t\330\026\260}\273\316\317"
 575      E56E57BD 
 575      8F2F74D8 
 575      16B07DBB 
 575      CECF
 576 1f76 76B7ABBB 		.ascii	"v\267\253\273O\200\267^\347\247\362\367\372w\030\345"
 576      4F80B75E 
 576      E7A7F2F7 
 576      FA7718E5 
 577 1f86 A03F4F06 		.ascii	"\240?O\006\357\364\332\266\325\323\335\335\"w\200\340"
 577      EFF4DAB6 
 577      D5D3DDDD 
 577      227780E0 
 578 1f96 FDB56206 		.ascii	"\375\265b\006\351\241\327v\260\021"
 578      E9A1D776 
 578      B011
 579 1fa0 94DAEBE6 		.ascii	"\224\332\353\346\245\367\362\366\344\275\301)j\030\350"
 579      A5F7F2F6 
 579      E4BDC129 
 579      6A18E8
 580 1faf 9D30AC3E 		.ascii	"\2350\254>6z\362\355\252\377\036|\315B\357W.\237\257"
 580      367AF2ED 
 580      AAFF1E7C 
 580      CD42EF57 
 580      2E9FAF
 581 1fc2 FF7C1F69 		.ascii	"\377|\037i\363\365\332\251\363\363_\363\333\365\353"
 581      F3F5DAA9 
 581      F3F35FF3 
 581      DBF5EB
 582 1fd1 D7B8EF30 		.ascii	"\327\270\3570\326\021\233]\372};\301R\245\317^o\035"
 582      D6119B5D 
 582      FA7D3BC1 
 582      52A5CF5E 
 582      6F1D
 583 1fe3 788EB8DA 		.ascii	"x\216\270\332fW\200^\267\017\322\302}\207+\275T\353"
 583      6657805E 
 583      B70FD2C2 
 583      7D872BBD 
 583      54EB
 584 1ff5 7C75DE90 		.ascii	"|u\336\220\365\236v\272=:o"
 584      F59E76BA 
 584      3D3A6F
 585 2000 21ACD4BB 		.ascii	"!\254\324\273\374=\031\271`\210#\220\353w\200!\036\376"
 585      FC3D19B9 
 585      60882390 
 585      EB778021 
 585      1EFE
 586 2012 AE84A583 		.ascii	"\256\204\245\203\024q\325\243\000\225n/\351\252\332"
 586      1471D5A3 
 586      00956E2F 
 586      E9AADA
 587 2021 AB07A1BE 		.ascii	"\253\007\241\276\360\317_\267\313\027\273{\353a(\205"
 587      F0CF5FB7 
 587      CB17BB7B 
 587      EB612885 
 588 2031 6A6623FC 		.ascii	"jf#\374WB\253\253^\013\034\201\306\315w\207\217\237"
 588      5742ABAB 
ARM GAS  C:\Users\User\AppData\Local\Temp\ccDeo9hc.s 			page 47


 588      5E0B1C81 
 588      C6CD7787 
 588      8F9F
 589 2043 CEC69F88 		.ascii	"\316\306\237\210\366\367T\002\000\301^\275\336\317w"
 589      F6F75402 
 589      00C15EBD 
 589      DECF77
 590 2052 3913E1EA 		.ascii	"9\023\341\352\247\203q\326y\273\303\340\002[\237m\377"
 590      A78371D6 
 590      79BBC3E0 
 590      025B9F6D 
 590      FF
 591 2063 E6ABD6ED 		.ascii	"\346\253\326\355\363\322\273C*\250\374<\276\206\036"
 591      F3D2BB43 
 591      2AA8FC3C 
 591      BE861E
 592 2072 3C90F8DB 		.ascii	"<\220\370\333\350\3117t\336\276\323\315\0230\226\364"
 592      E8C93774 
 592      DEBED3CD 
 592      133096F4 
 593 2082 4A7FBD9B 		.ascii	"J\177\275\233^\247\326\323\177\204\201\33367\177\235"
 593      5EA7D6D3 
 593      7F8481DB 
 593      36377F9D 
 594 2092 50C43EFA 		.ascii	"P\304>\372;\241\210\221\013\215\277\376\217n;\275<\275"
 594      3BA18891 
 594      0B8DBFFE 
 594      8F6E3BBD 
 594      3CBD
 595 20a4 5DF5FFFC 		.ascii	"]\365\377\374}\217\317\016w\260\221TUo\267]:\245\317"
 595      7D8FCF0E 
 595      77B09154 
 595      556FB75D 
 595      3AA5CF
 596 20b7 4E0F180D 		.ascii	"N\017\030\015o\335^\235\037v\327\357\343\374}\271\235"
 596      6FDD5E9D 
 596      1F76D7EF 
 596      E3FC7DB9 
 596      9D
 597 20c8 7E10249E 		.ascii	"~\020$\236\020\\P\246\374\326\256\005\370\200\363\373"
 597      105C50A6 
 597      FCD6AE05 
 597      F880F3FB 
 598 20d8 5F9CDFCF 		.ascii	"_\234\337\3179\277\2179\277\2178\277\377\311\371\375"
 598      39BF8F39 
 598      BF8F38BF 
 598      FFC9F9FD 
 599 20e8 9D1D614A 		.ascii	"\235\035aJ\234\011\235\266\376YTt\335\363\361.R\256"
 599      9C099DB6 
 599      FE595474 
 599      DDF3F12E 
 599      52AE
 600 20fa A820771F 		.ascii	"\250 w\037H\253}z\236\304\254\255i\370\225\273|!Q\324"
 600      48AB7D7A 
 600      9EC4ACAD 
 600      69F895BB 
 600      7C2151D4 
ARM GAS  C:\Users\User\AppData\Local\Temp\ccDeo9hc.s 			page 48


 601 210e C2D8E897 		.ascii	"\302\330\350\227I\342\202\006\014\220\353\3668\2325"
 601      49E28206 
 601      0C90EBF6 
 601      389A35
 602 211d B9EA377E 		.ascii	"\271\3527~\007m\375\364k\204\004\003%\375\335w\220z"
 602      076DFDF4 
 602      6B840403 
 602      25FDDD77 
 602      907A
 603 212f FAC5F7C5 		.ascii	"\372\305\367\305\017b\025\330m\376\336\324\373\332\337"
 603      0F6215D8 
 603      6DFEDED4 
 603      FBDADF
 604 213e 987BDF9B 		.ascii	"\230{\337\233\212\220#\300\016\352\274\321\231\266\273"
 604      8A9023C0 
 604      0EEABCD1 
 604      99B6BB
 605 214d 59ADA453 		.ascii	"Y\255\244S\033kT\355\206<\364\376\343\226\3578\237\031"
 605      1B6B54ED 
 605      863CF4FE 
 605      E396EF38 
 605      9F19
 606 215f 8592F98B 		.ascii	"\205\222\371\213\362%\2068\370\004\350}\003\364F\351"
 606      F2258638 
 606      F804E87D 
 606      03F446E9 
 607 216f 2A2F7A61 		.ascii	"*/za\357\345-iTo\336\340\352\362\351\2576\374\213\015"
 607      EFE52D69 
 607      546FDEE0 
 607      EAF2E9AF 
 607      36FC8B0D 
 608 2183 5C6CDEB2 		.ascii	"\\l\336\262q\223-\374\377\352\213\317\276\370l\313\367"
 608      71932DFC 
 608      FFEA8BCF 
 608      BEF86CCB 
 608      F7
 609 2194 A9139B53 		.ascii	"\251\023\233SI\201\365\367\020\022ZI\213\226\226~\273"
 609      4981F5F7 
 609      10125A49 
 609      8B96967E 
 609      BB
 610 21a5 FAFB04F8 		.ascii	"\372\373\004\370\271\353\030B\253\000\250K\021\1775"
 610      B9EB1842 
 610      AB00A84B 
 610      117F35
 611 21b4 29533A28 		.ascii	")S:(\202\016\214\322\210\252\366R\272e\346\255\256\372"
 611      820E8CD2 
 611      88AAF652 
 611      BA65E6AD 
 611      AEFA
 612 21c6 2FBFAFD1 		.ascii	"/\277\257\321c\342\211\033\245*B\226\357\331\005\305"
 612      63E2891B 
 612      A52A4296 
 612      EFD905C5 
 613 21d6 C8CF4BAF 		.ascii	"\310\317K\257\323\333\222\250\361\332\005\215\274\247"
 613      D3DB92A8 
 613      F1DA058D 
ARM GAS  C:\Users\User\AppData\Local\Temp\ccDeo9hc.s 			page 49


 613      BCA7
 614 21e4 4E0FF916 		.ascii	"N\017\371\026\240\327c\270\302p\301\323\224\243t\216"
 614      A0D763B8 
 614      C270C1D3 
 614      94A3748E 
 615 21f4 6C0DB1C1 		.ascii	"l\015\261\301\317k\217\316\357\017\237oQ\222\237\364"
 615      CF6B8FCE 
 615      EF0F9F6F 
 615      51929FF4 
 616 2204 5A69ABCA 		.ascii	"Zi\253\312o\037\251\301\220\254{\330*\002j\357\0367"
 616      6F1FA9C1 
 616      90AC7BD8 
 616      2A026AEF 
 616      1E37
 617 2216 56AF5D5D 		.ascii	"V\257]]a\222s7\242\377\177gI7?O2;\011\272\374\350\327"
 617      61927337 
 617      A2FF7F67 
 617      49373F4F 
 617      323B09BA 
 618 222d 509137EB 		.ascii	"P\2217\353 \224\274\365`\312f\272.\002\003\277\372>"
 618      2094BCF5 
 618      60CA66BA 
 618      2E0203BF 
 618      FA3E
 619 223f 23873225 		.ascii	"#\2072%\343\260RV\332w\024\005v\257\021D\300\2303\337"
 619      E3B05256 
 619      DA771405 
 619      76AF1144 
 619      C09833DF 
 620 2253 B33005C9 		.ascii	"\2630\005\311\256\356\333=\265\302\232\217\016\226V"
 620      AEEEDB3D 
 620      B5C29A8F 
 620      0E9656
 621 2262 BA00C49B 		.ascii	"\272\000\304\2337\254\373O\270\004[\220"
 621      37ACFB4F 
 621      B8045B90 
 622              		.text
 623              		.section	.gnu.lto_.symtab.d754157d,"",%progbits
 624 0000 64656275 		.ascii	"debug_stream_init\000"
 624      675F7374 
 624      7265616D 
 624      5F696E69 
 624      7400
 625 0012 00       		.ascii	"\000"
 626 0013 00       		.ascii	"\000"
 627 0014 00       		.ascii	"\000"
 628 0015 00000000 		.ascii	"\000\000\000\000\000\000\000\000"
 628      00000000 
 629 001d 04010000 		.ascii	"\004\001\000\000"
 630 0021 64626770 		.ascii	"dbgprintf\000"
 630      72696E74 
 630      6600
 631 002b 00       		.ascii	"\000"
 632 002c 00       		.ascii	"\000"
 633 002d 00       		.ascii	"\000"
 634 002e 00000000 		.ascii	"\000\000\000\000\000\000\000\000"
 634      00000000 
ARM GAS  C:\Users\User\AppData\Local\Temp\ccDeo9hc.s 			page 50


 635 0036 0F010000 		.ascii	"\017\001\000\000"
 636 003a 53443300 		.ascii	"SD3\000"
 637 003e 00       		.ascii	"\000"
 638 003f 02       		.ascii	"\002"
 639 0040 00       		.ascii	"\000"
 640 0041 00000000 		.ascii	"\000\000\000\000\000\000\000\000"
 640      00000000 
 641 0049 CB020000 		.ascii	"\313\002\000\000"
 642 004d 5F70616C 		.ascii	"_pal_lld_setgroupmode\000"
 642      5F6C6C64 
 642      5F736574 
 642      67726F75 
 642      706D6F64 
 643 0063 00       		.ascii	"\000"
 644 0064 02       		.ascii	"\002"
 645 0065 00       		.ascii	"\000"
 646 0066 00000000 		.ascii	"\000\000\000\000\000\000\000\000"
 646      00000000 
 647 006e 1B010000 		.ascii	"\033\001\000\000"
 648 0072 73645374 		.ascii	"sdStart\000"
 648      61727400 
 649 007a 00       		.ascii	"\000"
 650 007b 02       		.ascii	"\002"
 651 007c 00       		.ascii	"\000"
 652 007d 00000000 		.ascii	"\000\000\000\000\000\000\000\000"
 652      00000000 
 653 0085 A2020000 		.ascii	"\242\002\000\000"
 654 0089 63687670 		.ascii	"chvprintf\000"
 654      72696E74 
 654      6600
 655 0093 00       		.ascii	"\000"
 656 0094 02       		.ascii	"\002"
 657 0095 00       		.ascii	"\000"
 658 0096 00000000 		.ascii	"\000\000\000\000\000\000\000\000"
 658      00000000 
 659 009e C1020000 		.ascii	"\301\002\000\000"
 660              		.text
 661              		.section	.gnu.lto_.opts,"",%progbits
 662 0000 272D666D 		.ascii	"'-fmath-errno' '-fsigned-zeros' '-ftrapping-math' '"
 662      6174682D 
 662      6572726E 
 662      6F272027 
 662      2D667369 
 663 0033 2D666E6F 		.ascii	"-fno-trapv' '-fno-openmp' '-fno-openacc' '-mcpu=cor"
 663      2D747261 
 663      70762720 
 663      272D666E 
 663      6F2D6F70 
 664 0066 7465782D 		.ascii	"tex-m7' '-mno-thumb-interwork' '-mthumb' '-ggdb' '-"
 664      6D372720 
 664      272D6D6E 
 664      6F2D7468 
 664      756D622D 
 665 0099 4F322720 		.ascii	"O2' '-fomit-frame-pointer' '-falign-functions=16' '"
 665      272D666F 
 665      6D69742D 
 665      6672616D 
ARM GAS  C:\Users\User\AppData\Local\Temp\ccDeo9hc.s 			page 51


 665      652D706F 
 666 00cc 2D666675 		.ascii	"-ffunction-sections' '-fdata-sections' '-fno-common"
 666      6E637469 
 666      6F6E2D73 
 666      65637469 
 666      6F6E7327 
 667 00ff 2720272D 		.ascii	"' '-flto'\000"
 667      666C746F 
 667      2700
 668              		.text
 669              		.comm	__gnu_lto_v1,1,1
 670              		.comm	__gnu_lto_slim,1,1
 671              		.ident	"GCC: (GNU Tools for ARM Embedded Processors 6-2017-q1-update) 6.3.1 20170215 (release) [AR
ARM GAS  C:\Users\User\AppData\Local\Temp\ccDeo9hc.s 			page 52


DEFINED SYMBOLS
                            *ABS*:00000000 debug.c
                            *COM*:00000001 __gnu_lto_v1
                            *COM*:00000001 __gnu_lto_slim

NO UNDEFINED SYMBOLS
