ARM GAS  C:\Users\User\AppData\Local\Temp\ccyztVIa.s 			page 1


   1              		.cpu cortex-m7
   2              		.eabi_attribute 20, 1
   3              		.eabi_attribute 21, 1
   4              		.eabi_attribute 23, 3
   5              		.eabi_attribute 24, 1
   6              		.eabi_attribute 25, 1
   7              		.eabi_attribute 26, 1
   8              		.eabi_attribute 30, 2
   9              		.eabi_attribute 34, 1
  10              		.eabi_attribute 18, 4
  11              		.file	"hal_pal.c"
  12              		.text
  13              	.Ltext0:
  14              		.section	.gnu.lto_.profile.d7545f40,"",%progbits
  15 0000 789C6365 		.ascii	"x\234ce`b`a```d\320\220\001\000\000\354\000Q"
  15      60626061 
  15      60606064 
  15      D0900100 
  15      00EC0051 
  16              		.text
  17              		.section	.gnu.lto_.icf.d7545f40,"",%progbits
  18 0000 789C6365 		.ascii	"x\234ce`b\020a@\000f\206\343\227n\235fc\334\276\377"
  18      60621061 
  18      40006686 
  18      E3976E9D 
  18      6663DCBE 
  19 0015 D00F76A6 		.ascii	"\320\017v\246u;\036\256\342e\000\000hQ\011\233"
  19      753B1EAE 
  19      E2650000 
  19      6851099B 
  20              		.text
  21              		.section	.gnu.lto_.jmpfuncs.d7545f40,"",%progbits
  22 0000 789C6365 		.ascii	"x\234ce`bPb@\000f\006FF\306zF&FF\346\372z&0\305\310"
  22      60625062 
  22      40006606 
  22      4646C67A 
  22      46264646 
  23 001b 069162AA 		.ascii	"\006\221b\252d\004Q\0009\324\002\300"
  23      64045100 
  23      39D402C0 
  24              		.text
  25              		.section	.gnu.lto_.inline.d7545f40,"",%progbits
  26 0000 789C6365 		.ascii	"x\234ce`b\370\316\200\000\314\014\014\234\034\214\314"
  26      6062F8CE 
  26      8000CC0C 
  26      0C9C1C8C 
  26      CC
  27 0011 0C0A8C20 		.ascii	"\014\012\214 &\210t\000\223\012\034l\037\364\030\330"
  27      26887400 
  27      930A1C6C 
  27      1FF418D8 
  28 0021 16C83331 		.ascii	"\026\310310\276`g\201\220 \202\003\314\344\000\021\002"
  28      30BE6067 
  28      81902082 
  28      03CCE400 
  28      1102
  29 0033 60A600C8 		.ascii	"`\246\000\310\030F\006>^F\026\210)\214@\022b\224\002"
ARM GAS  C:\Users\User\AppData\Local\Temp\ccyztVIa.s 			page 2


  29      1846063E 
  29      5E461688 
  29      298C4012 
  29      629402
  30 0046 C4406EA6 		.ascii	"\304@n\246\013\374\030F\001\305P\014aY /\001b)010\357"
  30      0BFC1846 
  30      01C5500C 
  30      6159202F 
  30      01622930 
  31 005d 10576000 		.ascii	"\020W`\000Zo\0012\231\211\201[\030\305}PC9\201r\304"
  31      5A6F0132 
  31      9989815B 
  31      18C57D50 
  31      43398172 
  32 0072 390F6893 		.ascii	"9\017h\223\004\310$\026^\240w'\370\201 \003\000\006"
  32      04C82416 
  32      5EA07727 
  32      F8812003 
  32      0006
  33 0084 0820CB   		.ascii	"\010 \313"
  34              		.text
  35              		.section	.gnu.lto_.pureconst.d7545f40,"",%progbits
  36 0000 789C6365 		.ascii	"x\234ce`b`g```f\220b\224b\222\004\000\001\307\000b"
  36      60626067 
  36      60606066 
  36      90629462 
  36      92040001 
  37              		.text
  38              		.section	.gnu.lto_palReadBus.d7545f40,"",%progbits
  39 0000 789C9591 		.ascii	"x\234\225\221\277O\024Q\020\307\347\373fowO\321\177"
  39      BF4F1451 
  39      10C7E7FB 
  39      666F774F 
  39      D17F
  40 0012 408A2B4C 		.ascii	"@\212+L\010\215\033b\"\211-\211\235\211\011-\011\201"
  40      088D1B62 
  40      22892D89 
  40      9D89092D 
  40      0981
  41 0024 A3E012E2 		.ascii	"\243\340\022\342\031W\244\344\335\012\250\020\301\020"
  41      1957A4E4 
  41      DD0AA810 
  41      C110
  42 0032 F5FC756E 		.ascii	"\365\374un\241\004Q\371\351\217\202\352\002&&&\376\200"
  42      A10451F9 
  42      E98F82EA 
  42      02262626 
  42      FE80
  43 0044 C6CA48D0 		.ascii	"\306\312H\320\346\022-\274\306\306\2403\273\220\\AC"
  43      E6122DBC 
  43      C6C6A033 
  43      BB905C41 
  43      43
  44 0055 B1F366E6 		.ascii	"\261\363f\346\315|f\276\3732d(4D\235DtL>0\301\334\374"
  44      CD7C66BE 
  44      FB326428 
  44      34449D44 
ARM GAS  C:\Users\User\AppData\Local\Temp\ccyztVIa.s 			page 3


  44      744C3E30 
  45 006c 4854F20D 		.ascii	"HT\362\015\240\216\365A\303\006\303\230\3422ccd\351"
  45      A08EF541 
  45      C306C398 
  45      E2326363 
  45      64E9
  46 007e 214F722C 		.ascii	"!Or,e\216\204\277?\334\377~TC '\341\003\273y\335k\235"
  46      658E84BF 
  46      3FDCFF7E 
  46      54432027 
  46      E103BB79 
  47 0095 B536B2D5 		.ascii	"\2656\262\325\362\264\373h\345\263\315\306l\350\236"
  47      F2B4FB68 
  47      E5B3CDC6 
  47      6CE89E
  48 00a4 943F4533 		.ascii	"\224?E3f\321\2543\346\320*\305\243\033\3451\346s \361"
  48      66D1AC33 
  48      E6D02AC5 
  48      A31BE531 
  48      E67320F1 
  49 00b8 BF7EDB9A 		.ascii	"\277~\333\232\363[f\222\306\267\267\330\036\217\231"
  49      F35B6692 
  49      C6B7B7D8 
  49      1E8F99
  50 00c7 F10CDCD8 		.ascii	"\361\014\334\330()\302s\264h\375\366\362\316\355#\256"
  50      2829C273 
  50      B468FDF6 
  50      F2CEED23 
  50      AE
  51 00d8 F39849D9 		.ascii	"\363\230I\331\202|\001\027r.n\242jw\376]\265\325\237"
  51      827C0117 
  51      722E6EA2 
  51      6A77FE5D 
  51      B5D59F
  52 00eb 4F503993 		.ascii	"OP9\223\025\015\322\301\322\3538b2\0311\256\253\236"
  52      150DD2C1 
  52      D2EB3862 
  52      321931AE 
  52      AB9E
  53 00fd A7C627DD 		.ascii	"\247\306'\335\216\306\005\241R'$\220\223k\210Vk7\326"
  53      8EC605A1 
  53      52272490 
  53      936B8856 
  53      6B37D6
  54 0110 5DA55658 		.ascii	"]\245VXe\337\031]\373\344\251NN\326\375\363\356\375"
  54      65DF195D 
  54      FBE4A94E 
  54      4ED6FDF3 
  54      EEFD
  55 0122 B5A61895 		.ascii	"\265\246\030\225\222\2656\027\263Wa\203y\325&w3?\242"
  55      92B53617 
  55      B3576183 
  55      79D52677 
  55      333FA2
  56 0135 052F98B7 		.ascii	"\005/\230\267\351\225\217\005\304\270\253;\022\026\021"
  56      E9958F05 
  56      C4B8AB3B 
ARM GAS  C:\Users\User\AppData\Local\Temp\ccyztVIa.s 			page 4


  56      121611
  57 0144 500D6BAB 		.ascii	"P\015k\253\331\024\3544\202\375\375\300Y\231\216\245"
  57      D914EC34 
  57      82FDFDC0 
  57      59998EA5 
  58 0154 5DF0977A 		.ascii	"]\360\227z}\275I\300#%\275:\204\345\004\254\252\261"
  58      7DBD49C0 
  58      2325BD3A 
  58      84E504AC 
  58      AAB1
  59 0166 9280A33D 		.ascii	"\222\200\243=p\346@+\036\306\313\204d\224\364*!]\251"
  59      70E6402B 
  59      1EC6CB84 
  59      6494F42A 
  59      215DA9
  60 0179 8F2145E9 		.ascii	"\217!E\351\232\002l\244{\007\242\033\274N\350\311+\275"
  60      9A026CA4 
  60      7B07A21B 
  60      BC4EE8C9 
  60      2BBD
  61 018b 49E97FF7 		.ascii	"I\351\177\367\350~2\300\243_\210r\273\031\375Q\343\242"
  61      E87E32C0 
  61      A35F8872 
  61      BB19FD51 
  61      E3A2
  62 019d 4ADE4116 		.ascii	"J\336A\026:\333q\272+\337_\350-tu\250\355\2744\330W"
  62      3ADB71BA 
  62      2BDF5FE8 
  62      2D7475A8 
  62      EDBC34D8 
  63 01b2 28B6B55F 		.ascii	"(\266\265_>\331=T8\337W\034\012\033\363ie1lk?\025\024"
  63      3ED93D54 
  63      38DF571C 
  63      0A1BF369 
  63      65316C6B 
  64 01c9 C3A0BF67 		.ascii	"\303\240\277g \010/\346\365\354\276\3203p\"O\334;\030"
  64      20082FE6 
  64      F5ECBED0 
  64      3370224F 
  64      DC3B18
  65 01dc FE078082 		.ascii	"\376\007\200\202\333\243"
  65      DBA3
  66              		.text
  67              		.section	.gnu.lto_palWriteBus.d7545f40,"",%progbits
  68 0000 789C9553 		.ascii	"x\234\225SKh\023Q\024}g\336d2\223\217\272\024\354\242"
  68      4B681351 
  68      147D67DE 
  68      6432938F 
  68      BA14ECA2 
  69 0014 0B2174E3 		.ascii	"\013!t\343P\004\013n\013\356\024A\027.\012\245I\027"
  69      50040B6E 
  69      0BEE1441 
  69      172E0AA5 
  69      4917
  70 0026 0D1423A6 		.ascii	"\015\024#\246\265\313Nb\223J\213\037\220&U\032F\224"
  70      B5CB4E62 
  70      934A8B1F 
ARM GAS  C:\Users\User\AppData\Local\Temp\ccyztVIa.s 			page 5


  70      9026551A 
  70      4694
  71 0038 5AA3F6E7 		.ascii	"Z\243\366\347?]H\210\213\202T\245]\350FQl\025\272\020"
  71      3F5D4888 
  71      8B8254A5 
  71      5DE84651 
  71      6C15BA10 
  72 004c 6A117421 		.ascii	"j\021t!\211\367\276i4\212\233>x\367\275\373;\357\336"
  72      89F7BE69 
  72      348A9B3E 
  72      78F7BDFB 
  72      3BEFDE
  73 005f 73677C42 		.ascii	"sg|B\023G\244\020'\204\020{hC\012h\227^\012\22125\200"
  73      1347A410 
  73      2784107B 
  73      68430A68 
  73      975E0A91 
  74 0076 2F8E0931 		.ascii	"/\216\0111\250a\020\027e^\2422\374\271\244\265L9\264"
  74      A8611017 
  74      655EA232 
  74      FCB9A4B5 
  74      4C39B4
  75 0089 CAF96F46 		.ascii	"\312\371oF\326\311\354v)\375\012m^\230B\013E-\017\315"
  75      D6C9EC76 
  75      29FD0A6D 
  75      5E98420B 
  75      452D0FCD 
  76 009d 4DC80BD2 		.ascii	"M\310\013\322\225\200N\352\327\027WWw\260\252\241\231"
  76      95804EEA 
  76      D7175757 
  76      77B0AAA1 
  76      99
  77 00ae D4CC723E 		.ascii	"\324\314r>+\345Q\010\272\277{\377\241hF&\035'\355\224"
  77      2BE55108 
  77      BABF7BFF 
  77      A1684626 
  77      1D27ED94 
  78 00c2 972E4B67 		.ascii	"\227.Kg\257+%nC\022 \212h\302-4\0112\011\334A\204\302"
  78      AF2B256E 
  78      4312208A 
  78      68C22D34 
  78      093209DC 
  79 00d9 0BD5EB8B 		.ascii	"\013\325\353\213Ay\\\245\226\334\211\242\261\225\372"
  79      41795CA5 
  79      96DC89A2 
  79      B195FA
  80 00e8 764CA5EA 		.ascii	"vL\245\352\270\373o\252.0\215\010\307\177\234\257\216"
  80      B8FB6FAA 
  80      2E308D08 
  80      C77F9CAF 
  80      8E
  81 00f9 850DFD46 		.ascii	"\205\015\375F\275\\\314\300\000\235\263+(;\325\3320"
  81      BD5CCCC0 
  81      009DB32B 
  81      283BD5DA 
  81      30
  82 010a 157013B5 		.ascii	"\025p\023\265C;\251ozLR\256O\007'\373\350j\030,\374"
ARM GAS  C:\Users\User\AppData\Local\Temp\ccyztVIa.s 			page 6


  82      433BA96F 
  82      7A4C52AE 
  82      4F0727FB 
  82      E86A182C 
  83 011f 2C4C127E 		.ascii	",L\022~\213E\200\325 \213\020\2130\013!F\010\234\211"
  83      8B4580D5 
  83      208B108B 
  83      300B2146 
  83      089C89
  84 0132 1B951A9F 		.ascii	"\033\225\032\237r\035\351\205\365\2471~\256 \231\303"
  84      721DE985 
  84      F5A7317E 
  84      AE2099C3 
  85 0142 5CA6F2CA 		.ascii	"\\\246\362\312\317tH\325\307\367\305\347\347B.\012)"
  85      CF7448D5 
  85      C7F7C5E7 
  85      E7422E0A 
  85      29
  86 0153 E2B4D995 		.ascii	"\342\264\331\225f\201h\232\245\332\3317\271\226\236"
  86      6681689A 
  86      A5DAD937 
  86      B9969E
  87 0162 F1DBD38E 		.ascii	"\361\333\323\216\347\2620\007\027\343\212k\314\303\026"
  87      E7B23007 
  87      17E38A6B 
  87      CCC316
  88 0171 045DCDC2 		.ascii	"\004]\315\302C\366\025\250W~\313\362tc[\320:\356)h&"
  88      43F615A8 
  88      577ECBF2 
  88      74635BD0 
  88      3AEE2968 
  89 0186 04F715F4 		.ascii	"\004\367\025\364\331\237uh\277B7\032\321\315m\241\007"
  89      D99F7568 
  89      BF42371A 
  89      D1CD6DA1 
  89      07
  90 0197 F040A16B 		.ascii	"\360@\241k\214\376\320C\317\325\321-\017mec\251\020"
  90      8CFED043 
  90      CFD5D12D 
  90      0F6D6563 
  90      A910
  91 01a9 6456FCD8 		.ascii	"dV\374\330\205G\004C1\033\365\230\200*\302\372\253\252"
  91      85470443 
  91      311BF598 
  91      802AC2FA 
  91      ABAA
  92 01bb 2035EC55 		.ascii	" 5\354U\365'.\244\314&\333~\324ma\225\036\"[%\247\252"
  92      F5272EA4 
  92      CC26DB7E 
  92      D46D6195 
  92      1E225B25 
  93 01d1 6F1C81F5 		.ascii	"o\034\201\365\277\021\020\204\304\343\255N\336ln>\013"
  93      BF111084 
  93      C4E3AD4E 
  93      DE6C6E3E 
  93      0B
  94 01e2 51274329 		.ascii	"Q'C)v\205\360Du\3023 \347\350\332\247\327\276\337\316"
ARM GAS  C:\Users\User\AppData\Local\Temp\ccyztVIa.s 			page 7


  94      7685F044 
  94      75C23320 
  94      E7E8DAA7 
  94      D7BEDFCE 
  95 01f6 304AB0C7 		.ascii	"0J\260\307i\014\324\345\002lzZ|A\372Z\355\274\252D\375"
  95      690CD4E5 
  95      026C7A5A 
  95      7C41FA5A 
  95      EDBCAA44 
  96 020b 2023C430 		.ascii	" #\3040}\024D\304\341\366\203\035\261\236x4\336\321"
  96      7D1444C4 
  96      E1F6831D 
  96      B19E7834 
  96      DED1
  97 021d CEF2585F 		.ascii	"\316\362X_\177w<\321\332vf\177\347@\374dwb \331h\367"
  97      7F773CD1 
  97      DA76667F 
  97      E740FC64 
  97      776220D9 
  98 0233 2213C9D6 		.ascii	"\"\023\311\326\266\003v\"i\367t\365\332\311\3231>;O"
  98      B6037622 
  98      69F774F5 
  98      DAC9D331 
  98      3E3B4F
  99 0246 75F5EE8B 		.ascii	"u\365\356\213\011\031\355O\352\321x_\362\027\374|\034"
  99      0919ED4F 
  99      EAD1785F 
  99      F217FC7C 
  99      1C
 100 0257 10       		.ascii	"\020"
 101              		.text
 102              		.section	.gnu.lto_palSetBusMode.d7545f40,"",%progbits
 103 0000 789C9592 		.ascii	"x\234\225\222OhSA\020\306\347{\363\222\367b[\317\202"
 103      4F685341 
 103      10C6E77B 
 103      F392F762 
 103      5BCF82
 104 0013 3DE42084 		.ascii	"=\344 \204^|\024\301\202\327\036<\011\202\036z(\224"
 104      5E7C14C1 
 104      82D71E3C 
 104      09821E7A 
 104      2894
 105 0025 36111AA8 		.ascii	"6\021\032\250F|\326\036\263\215&\225\012\255Pj\254\030"
 105      467CD61E 
 105      B38D2695 
 105      0AAD506A 
 105      AC18
 106 0037 9E20A156 		.ascii	"\236 \241V\355?\253B\024!\364\"\370\227\366\252EQ\021"
 106      ED3FAB42 
 106      1421F422 
 106      F897F6AA 
 106      455111
 107 004a 8A162A1E 		.ascii	"\212\026*\036\274huf\243\240\336\272\260\273\263\273"
 107      BC687566 
 107      A3A0DEBA 
 107      B0BBB3BB 
 108 005a F3FD76F6 		.ascii	"\363\375v\366cc\344P\306!\352\"\242\335\322\301\004"
ARM GAS  C:\Users\User\AppData\Local\Temp\ccyztVIa.s 			page 8


 108      6363E450 
 108      C621EA22 
 108      A2DDD2C1 
 108      04
 109 006b E7E20BA2 		.ascii	"\347\342\013\242a\337\00140>(\357 \217q.3\226G>\326"
 109      61DF0134 
 109      303E28EF 
 109      208F712E 
 109      3396473E 
 110 0080 9CB66923 		.ascii	"\234\266i#\255^^\365J\246\270+b\242)\351\3320\2156\311"
 110      AD5E5EF5 
 110      4AA6B82B 
 110      62A229E9 
 110      DA308D36 
 111 0095 5A39B770 		.ascii	"Z9\267p\225\3078b\300\225\345\227\347W\336\357\324\245"
 111      95C73862 
 111      C095E597 
 111      E757DEEF 
 111      D4A5
 112 00a7 83A42C8B 		.ascii	"\203\244,\213+\345\022\363a\220\304ko\336\316\370\251"
 112      2BE512F3 
 112      6190C46B 
 112      6FDECEF8 
 112      A9
 113 00b8 AA310553 		.ascii	"\2521\005S\177=\301fO\304\214\233`\001b\006\255\270"
 113      7F3DC166 
 113      4FC48C9B 
 113      60016206 
 113      ADB8
 114 00ca 8156922D 		.ascii	"\201V\222-\302-\244$\375\353Ru\242\211\217Z\351\323"
 114      C22DA424 
 114      FDEB5275 
 114      A2898F5A 
 114      E9D3
 115 00dc B1475DBF 		.ascii	"\261G]\277\225\317&\255\322\305\355\377\225.a\026)M"
 115      95CF26AD 
 115      D2C5EDFF 
 115      952E6116 
 115      294D
 116 00ee 7FB7B835 		.ascii	"\177\267\2705\331\022w\257\377\251\026s\210C\346\371"
 116      D91277AF 
 116      FFA91673 
 116      8843E6F9 
 117 00fe 55D4CDD6 		.ascii	"U\324\315\326\317\021S\377^\305\332\301\204<[\356b\321"
 117      CF1153FF 
 117      5EC5DAC1 
 117      843C5BEE 
 117      62D1
 118 0110 C65C19E2 		.ascii	"\306\\\031\3421\031\274\270F\036,\213FE\256\316\\`G"
 118      3119BCB8 
 118      461E2C8B 
 118      4645AECE 
 118      5C6047
 119 0123 675E47E1 		.ascii	"g^G\341\301\372FZ\201\025V\223.\025\227_z\372^\266\205"
 119      C1FA465A 
 119      81155693 
 119      2E15975F 
ARM GAS  C:\Users\User\AppData\Local\Temp\ccyztVIa.s 			page 9


 119      7AFA5EB6 
 120 0138 7E7BFCE4 		.ascii	"~{\374\344|s\204\312\260\230\226\214\330\257\210\017"
 120      7C7384CA 
 120      B098968C 
 120      D8AF880F 
 121 0148 F3529D9E 		.ascii	"\363R\235\236U?\024\346\274`\3264\216\022X@\204\313"
 121      553F14E6 
 121      BC60D634 
 121      8E125840 
 121      84CB
 122 015a D64C2C22 		.ascii	"\326L,\" E'\032`w[\244\035\270cI\372B,\375K\212m\213"
 122      2045271A 
 122      60775BA4 
 122      1DB86349 
 122      FA422CFD 
 123 0172 D484BB96 		.ascii	"\324\204\273\226\344(\351\236%\235\335,\241\201\322"
 123      E428E99E 
 123      259DDD2C 
 123      A181D2
 124 0181 BA04489F 		.ascii	"\272\004H\237PJ\352\216\312k\265\317\257\274\374\017"
 124      504AEA8E 
 124      CA6BB5CF 
 124      AFBCFC0F 
 125 0191 E347DC3C 		.ascii	"\343G\334<\245\005\340>\362$\316\330t/\342\026\332@"
 125      A505E03E 
 125      F224CED8 
 125      742FE216 
 125      DA40
 126 01a3 E1DAC371 		.ascii	"\341\332\303q\313\260\337fT\322\304I\271\342P\347\201"
 126      CBB0DF66 
 126      54D2C449 
 126      B9E250E7 
 126      81
 127 01b4 EE747FB6 		.ascii	"\356t\177\266/\333\335\251\343\221\323\203\231l\256"
 127      2FDBDDA9 
 127      E391D383 
 127      996CAE
 128 01c3 BDE3CCBE 		.ascii	"\275\343\314\276\236\241\354\211Ln(\374{\277\221\231"
 128      9EA1EC89 
 128      4C6E28FC 
 128      7BBF9199 
 129 01d3 0BDB3BF6 		.ascii	"\013\333;\366\007\2710\350\357\035\010\302Si\235{N\366"
 129      07B930E8 
 129      EF1D08C2 
 129      53699D7B 
 129      4EF6
 130 01e5 0EEC4D13 		.ascii	"\016\354M\023\367\015\206\356\361\\\346\330/\222\247"
 130      F70D86EE 
 130      F15CE6D8 
 130      2F92A7
 131 01f4 D982     		.ascii	"\331\202"
 132              		.text
 133              		.section	.gnu.lto_.symbol_nodes.d7545f40,"",%progbits
 134 0000 789C6365 		.ascii	"x\234ce`b\010d\000\002\2469L\365\014\014\023\31610\000"
 134      60620864 
 134      0002A639 
 134      4CF50C0C 
ARM GAS  C:\Users\User\AppData\Local\Temp\ccyztVIa.s 			page 10


 134      13CE3130 
 135 0015 A95D0D8E 		.ascii	"\251]\015\216@\221\271L\365\214\250\"\363\230\352\231"
 135      4091B94C 
 135      F58CA822 
 135      F398EA99 
 136 0025 50441817 		.ascii	"PD\030\0272\3253\203E\030\030\032\032\034\030\030\230"
 136      32D53383 
 136      4518181A 
 136      1A1C1818 
 136      98
 137 0036 99981996 		.ascii	"\231\230\031\226<\374\307\310\000\000A\023\024\024"
 137      3CFCC7C8 
 137      00004113 
 137      1414
 138              		.text
 139              		.section	.gnu.lto_.refs.d7545f40,"",%progbits
 140 0000 789C6365 		.ascii	"x\234ce`b`d\000\002\000\000I\000\011"
 140      60626064 
 140      00020000 
 140      490009
 141              		.text
 142              		.section	.gnu.lto_.decls.d7545f40,"",%progbits
 143 0000 789CBD58 		.ascii	"x\234\275X{P\024G\032\237oz\027\226aA\013\274\234U1"
 143      7B501447 
 143      1A9F6F7A 
 143      17966141 
 143      0BBC9C55 
 144 0015 292E4774 		.ascii	").Gt\357\021\021\251\212\326%\251\362\242\346Qg\016"
 144      EF1111A9 
 144      8AD625A9 
 144      F2A2E651 
 144      670E
 145 0027 6FCDE3AE 		.ascii	"o\315\343\256\212\252-\302\256\221:d=vI*\177\335\300"
 145      8AAA2DC2 
 145      AE913A64 
 145      3D76492A 
 145      7FDDC0
 146 003a 627C23A8 		.ascii	"b|#\250!\212\217\343\341\003\004\205\030_\004P\016\020"
 146      218A8FE3 
 146      E1030485 
 146      185F0450 
 146      0E10
 147 004c 0D882851 		.ascii	"\015\210(Qy\010BT\304\007QD\242\210\021\357\353\356"
 147      79084254 
 147      C4075144 
 147      A28811EF 
 147      EBEE
 148 005e D99D71DD 		.ascii	"\331\235q\335M]U\2522EOO\177\363\353\357\373}\217\356"
 148      4D5D55AA 
 148      32454F4F 
 148      7FF3EBEF 
 148      FB7D8FEE 
 149 0072 E9452F88 		.ascii	"\351E/\210\202\024.\010UD\020d\020\204\307x\351\004"
 149      82142E08 
 149      55441064 
 149      1084C778 
 149      E904
ARM GAS  C:\Users\User\AppData\Local\Temp\ccyztVIa.s 			page 11


 150 0084 41D823A8 		.ascii	"A\330#\250\027\035\007\343\273\361\330&b{\036\204\247"
 150      171D07E3 
 150      BBF1D826 
 150      627B1E84 
 150      A7
 151 0095 AE5F8B82 		.ascii	"\256_\213\202`\304>\014\333\004l\025\330\014\210\033"
 151      60C43E0C 
 151      DB046C15 
 151      D80C881B 
 152 00a5 C67E0AB6 		.ascii	"\306~\012\266Xl\2018\276\217\375\020\266#\330\306\024"
 152      586C8138 
 152      BE8FFD10 
 152      B623D8C6 
 152      14
 153 00b6 DD80F29B 		.ascii	"\335\200\362\233T\011\366\"\260\216\331\243\375K^\266"
 153      5409F622 
 153      B08ED9A3 
 153      FD4B5EB6 
 154 00c6 7E837642 		.ascii	"~\203vB\261\177_c\213\332\241\366|\331\032S\354u(6\365"
 154      B17F5F63 
 154      8BDAA1F6 
 154      7CD91A53 
 154      EC752836 
 155 00db 8A3D6A87 		.ascii	"\212=j\207\032\270\205];\177d\376\321~\272\227\315h"
 155      1AB8855D 
 155      3B7F64FE 
 155      D17EBA97 
 155      CD68
 156 00ed 3F36C3FD 		.ascii	"?6\303\375\370W\241\330\215\301\361s\330\210\227MT\347"
 156      F857A1D8 
 156      8DC1F173 
 156      D888974D 
 156      54E7
 157 00ff 892315BD 		.ascii	"\211#\025\275\342e\357\013\002\007\327\324W\213\027"
 157      E265EF0B 
 157      0207D7D4 
 157      578B17
 158 010e A10B100B 		.ascii	"\241\013\020\013\343\231\024\200\337\20156|\354\276"
 158      E3991480 
 158      DF813536 
 158      7CECBE
 159 011d 00981CA5 		.ascii	"\000\230\034\245\242\240(u\213\300=C\031\213\312PTT"
 159      A2A02875 
 159      8BC03D43 
 159      198BCA50 
 159      5454
 160 012f B23F6532 		.ascii	"\262?e2h4\362\327\334\222\373\342\364\371\003\233\346"
 160      6834F2D7 
 160      DC92FBE2 
 160      F4F9039B 
 160      E6
 161 0140 9E0DA26A 		.ascii	"\236\015\242j\000@;A\243\220\323V\336{\370\011\252s"
 161      00403B41 
 161      A390D356 
 161      DE7BF809 
 161      AA73
 162 0152 E0F6FECE 		.ascii	"\340\366\376\316\246\223W\245\036\350\246\322\274Y\300"
ARM GAS  C:\Users\User\AppData\Local\Temp\ccyztVIa.s 			page 12


 162      A69357A5 
 162      1EE8A6D2 
 162      BC59C0
 163 0161 64DFB556 		.ascii	"d\337\265V=2\020\014!>\367<(zcj\251\314/\303sj\330\316"
 163      3D32100C 
 163      213EF73C 
 163      287A636A 
 163      A9CC2FC3 
 164 0179 64946F21 		.ascii	"d\224o!\231\004\302$\320Q=\315\271\227Cq8A\202\010\034"
 164      9904C224 
 164      D0513DCD 
 164      B9974371 
 164      38418208 
 165 018e E6560E37 		.ascii	"\346V\0167\352\371[\003\016\037\357,_a \3170\215\335"
 165      EAF95B03 
 165      0E1FEF2C 
 165      5F6120CF 
 165      308DDD
 166 01a1 278A4BE8 		.ascii	"'\212K\350\304)\022P\262\343PT6P\361 \204\213(\242u"
 166      C4291250 
 166      B2E35054 
 166      3650F120 
 166      848B28A2 
 167 01b6 EDD0F640 		.ascii	"\355\320\366@\362,}\02675\266\325\352\300$\355\244\366"
 167      F22C7D16 
 167      3735B6D5 
 167      EAC024ED 
 167      A4F6
 168 01c8 6BEE0F4F 		.ascii	"k\356\017O\311^&\313\"|\005\022|\011\004v\303T\352\315"
 168      C95E26CB 
 168      227C0512 
 168      7C090476 
 168      C354EACD 
 169 01dc 1409EFCB 		.ascii	"\024\011\357\313e9]\316r\311Ao\011P\012\223\240\004"
 169      65395DCE 
 169      72C9416F 
 169      09500A93 
 169      A004
 170 01ee 2609B00F 		.ascii	"&\011\260\017LT-\305A9\012\313P\210&\212\267g\027\004"
 170      4C542DC5 
 170      41390ACB 
 170      5088268A 
 170      B7671704 
 171 0202 90526036 		.ascii	"\220R`6\032\216\\h\327\201d\362\251\340\240\017\005"
 171      1A8E5C68 
 171      D78164F2 
 171      A9E0A00F 
 171      05
 172 0213 9CCCEDBD 		.ascii	"\234\314\355\275/4,\245d\016 \231\375*\031\344\306C"
 172      2F342CA5 
 172      640E2099 
 172      FD2A19E4 
 172      C643
 173 0225 94517F2F 		.ascii	"\224Q\177/;\204\224\261@\212\231\307\216?\320{\034\351"
 173      3B8494B1 
 173      408A99C7 
 173      8E3FD07B 
ARM GAS  C:\Users\User\AppData\Local\Temp\ccyztVIa.s 			page 13


 173      1CE9
 174 0237 6F79B5E5 		.ascii	"oy\265\345\254,G@\005\316=\244\316=\000~=9\354\333\223"
 174      AC2C4740 
 174      05CE3DA4 
 174      CE3D007E 
 174      3D39ECDB 
 175 024c 73778672 		.ascii	"sw\206rBI>a\221\333|\267\373z\020\017\273I\223\2240"
 175      42493E61 
 175      91DB7CB7 
 175      FB7A100F 
 175      BB499394 
 176 0261 9E9491FC 		.ascii	"\236\224\221\374+\353DR\304\241\313K3\353\210\204\226"
 176      2BEB4452 
 176      C4A1CB4B 
 176      33EB8884 
 176      96
 177 0272 5CFF97CB 		.ascii	"\\\377\227\3138\243\374\361\206\336\020\262\207O\277"
 177      38A3FCF1 
 177      86DE10B2 
 177      874FBF
 178 0281 95D1D71B 		.ascii	"\225\321\327\033\314UO\304\341\236\221\236\203z\262"
 178      CC554FC4 
 178      E19E919E 
 178      837AB2
 179 0290 8FBF5BB3 		.ascii	"\217\277[\263\241\266VG\016\361A\341\246\354ezR\305"
 179      A1B65647 
 179      0EF141E1 
 179      A6EC657A 
 179      52C5
 180 02a2 07C5EBB2 		.ascii	"\007\305\353\262\312%r\204\017Z\007On\015\346%3\036"
 180      CA257284 
 180      0F5A074F 
 180      6E0DE625 
 180      331E
 181 02b4 87C71EDF 		.ascii	"\207\307\036\337\257\031\3075\2128\334\270\273m4\210"
 181      AF19C735 
 181      8A38DCB8 
 181      BB6D3488 
 182 02c4 D470E88E 		.ascii	"\324p\350\216\321\207\203\264f&\323\232!\232\212\231"
 182      D18783B4 
 182      6626D39A 
 182      219A8A99 
 183 02d4 CC2BE668 		.ascii	"\314+\346h\3237;\215\244\201\201\305\254\374\222UA\356"
 183      D3373B8D 
 183      A48181C5 
 183      ACFC9255 
 183      41EE
 184 02e6 74A27B7A 		.ascii	"t\242{z\223\000\307\320\215\006\352\333I\364m\262\342"
 184      9300C7D0 
 184      8D06EADB 
 184      49F46DB2 
 184      E2
 185 02f7 DB37283C 		.ascii	"\3337(<\341I\347\375\375\317W\310\362xh\302\2144\252"
 185      E149E7FD 
 185      FDCF57C8 
 185      F27868C2 
 185      8C34AA
ARM GAS  C:\Users\User\AppData\Local\Temp\ccyztVIa.s 			page 14


 186 030a 1999AC24 		.ascii	"\031\231\254$\363H\366\205\253\0229\303M\374\350\312"
 186      F348F685 
 186      AB1239C3 
 186      4DFCE8CA 
 187 031a B9AD56E5 		.ascii	"\271\255V\345\355\275\323\353Y!\264\340\324fuj\223\232"
 187      EDBDD3EB 
 187      5921B4E0 
 187      D466756A 
 187      939A
 188 032c 4C6F1AA7 		.ascii	"Lo\032\247|\320@#\351#\005U\006\322\311\214\350\356"
 188      7CD04023 
 188      E9230555 
 188      06D2C98C 
 188      E8EE
 189 033e DE5BDD29 		.ascii	"\336[\335)Axd\244)\233\232\311\222\345Y\242\232%\001"
 189      417864A4 
 189      299B9AC9 
 189      92E559A2 
 189      9A2501
 190 0351 CE403855 		.ascii	"\316@8U\000gQ\327\267\020\011\255\020\311\026g\0015"
 190      006751D7 
 190      B71009AD 
 190      10C91667 
 190      0135
 191 0363 88151659 		.ascii	"\210\025\026Y=\324+\313+\215\214\326q\244E'x\030DQ\025"
 191      3DD42BCB 
 191      2B8D8CD6 
 191      71A44527 
 191      78184451 
 192 0378 C7A82265 		.ascii	"\307\250\"eB\355k\033\345\232t\302\320\247}\242\243"
 192      42ED6B1B 
 192      E59A74C2 
 192      D0A77DA2 
 192      A3
 193 0389 2998BB3C 		.ascii	")\230\273<V%\341v@1\202\342-\337\026tg/\336Z\007\020"
 193      5625E176 
 193      403182E2 
 193      2DDF1674 
 193      672FDE5A 
 194 039f 39C11459 		.ascii	"9\301\024Y\300\200\347\253C\323\230Z\252\256\036\325"
 194      C080E7AB 
 194      43D3985A 
 194      AAAE1ED5 
 195 03af 9E87096A 		.ascii	"\236\207\011j\245\251j\3271\027]\362,\235\326E\012\246"
 195      A5A96AD7 
 195      31175DF2 
 195      2C9DD645 
 195      0AA6
 196 03c1 2EB6A18B 		.ascii	".\266\241\213\355\350\3429\305EN\342V\325\3044Y\006"
 196      EDE8E239 
 196      C5454EE2 
 196      56D5C434 
 196      5906
 197 03d3 8AD2B2E0 		.ascii	"\212\322\262\340\356\334\253\012[\357\222OLc\253\263"
 197      EEDCAB0A 
 197      5BEF924F 
 197      4C63ABB3 
ARM GAS  C:\Users\User\AppData\Local\Temp\ccyztVIa.s 			page 15


 198 03e3 CEBF618C 		.ascii	"\316\277a\214\372PU\323Iq\0022H\363\313@x\302\274\246"
 198      FA5055D3 
 198      49710232 
 198      48F3CB40 
 198      78C2BCA6 
 199 03f7 78C378F1 		.ascii	"x\303x\361f\324\235;`$\027y\265\3665\225\245\033\310"
 199      66D49D3B 
 199      60241779 
 199      B5F63595 
 199      A51BC8
 200 040a 253ED8D6 		.ascii	"%>\330\326\274\267IO\256\362Ae\311\336V\221\014\360"
 200      BCB7494F 
 200      AEF24165 
 200      C9DE5691 
 200      0CF0
 201 041c 4169C5E0 		.ascii	"Ai\305\340* \303|pgY\231\223<\344\317\031[\263ZD\256"
 201      2A20C37C 
 201      70675999 
 201      933CE4CF 
 201      195BB35A 
 202 0432 FB8F38CC 		.ascii	"\373\2178\314Y\261\245W\307\327I/]\031\373\316\027U"
 202      59B1A557 
 202      C7D7492F 
 202      5D19FBCE 
 202      1755
 203 0444 1A489A8E 		.ascii	"\032H\232\216bC\262\212\263\016I\020\211Wx$\277L\005"
 203      6243B28A 
 203      B30E4910 
 203      89577824 
 203      BF4C05
 204 0457 72860BD3 		.ascii	"r\206\013\323\371\352&\271&\003\353\026\335\357A\367"
 204      F9EA26B9 
 204      2603EB16 
 204      DDEF41F7 
 205 0467 AF61FC9F 		.ascii	"\257a\374\237t\277TI>E\217\276\246\242/{\243+\301\023"
 205      74BF5449 
 205      3E458FBE 
 205      A6A22F7B 
 205      A32BC113 
 206 047b 2D8EBEA1 		.ascii	"-\216\276\241A\037\365FWy\243\2074\350j\337hN\305S\346"
 206      411FF546 
 206      5779A387 
 206      34E86ADF 
 206      684EC553 
 207 0490 98814B08 		.ascii	"\230\201K\010\370\216\275\273\246\224\371 \326\300\000"
 207      F88EBDBB 
 207      A694F920 
 207      D6C000
 208 049f 26E10AB6 		.ascii	"&\341\012\266\353\330\276\307v\023\333ml\267\260\335"
 208      EBD8BEC7 
 208      7613DB6D 
 208      6CB7B0DD 
 209 04af C076155B 		.ascii	"\300v\025[?\266>\317R\240\004\0325\241\270\350M`\217"
 209      3FB63ECF 
 209      52A0041A 
 209      35A1B8E8 
 209      4D608F
ARM GAS  C:\Users\User\AppData\Local\Temp\ccyztVIa.s 			page 16


 210 04c2 37DD4B1A 		.ascii	"7\335K\032\272\377\365F\327\200w\344:5\312\273\274\341"
 210      BAFFF546 
 210      D78077E4 
 210      3A35CABB 
 210      BCE1
 211 04d4 9DDECA47 		.ascii	"\235\336\312G_Q\321\275>\263\242\001\267jTw\373\346"
 211      5F51D1BD 
 211      3EB3A201 
 211      B76A5477 
 211      FBE6
 212 04e6 ED61828B 		.ascii	"\355a\202\213\354b\265\304\361\035X\263\265\276\231"
 212      EC62B5C4 
 212      F11D58B3 
 212      B5BE99
 213 04f5 6BB45F75 		.ascii	"k\264_u/\020\252\376\202o\346\\\275\262\332*\303\330"
 213      2F10AAFE 
 213      826FE65C 
 213      BDB2DA2A 
 213      C3D8
 214 0507 6ABBE6BD 		.ascii	"j\273\346\275\346\241\246yd\277\236,e\005)^\337|\255"
 214      E6A1A679 
 214      64BF9E2C 
 214      6505295E 
 214      DF7CAD
 215 051a 2410C24D 		.ascii	"$\020\302M\276\222\011w1\207?'\237\234I\303\221\000"
 215      BE920977 
 215      31873F27 
 215      9F9C49C3 
 215      9100
 216 052c BAF90CA1 		.ascii	"\272\371\014\241\242;\352nKy1:+\033;\327\206\032Wz\276"
 216      A23BEA6E 
 216      4B79313A 
 216      2B1B3BD7 
 216      861A577A 
 217 0541 A10CA8AE 		.ascii	"\241\014\250\256\350a0*S\020{h\305\306\376\020\262\216"
 217      E861302A 
 217      53107B68 
 217      C5C6FE10 
 217      B28E
 218 0553 533F77EA 		.ascii	"S?w\352NE(\230\214\334\312\251\316\361.\352\357}\304"
 218      4E452898 
 218      8CDCCAA9 
 218      CEF12EEA 
 218      EF7DC4
 219 0566 FFA09AC1 		.ascii	"\377\240\232\301\351\330\371\321\016\367\320\251'\014"
 219      E9D8F9D1 
 219      0EF7D0A9 
 219      270C
 220 0574 3CBCB6A1 		.ascii	"<\274\266\241\003\370Z6\322\015\276\262#{\234\262\226"
 220      03F85A36 
 220      D20DBEB2 
 220      237B9CB2 
 220      96
 221 0585 E9EBE1F5 		.ascii	"\351\353\341\365\235=\241d\253\356\211\223Q\354\323"
 221      9D3DA164 
 221      ABEE8993 
 221      51ECD3
ARM GAS  C:\Users\User\AppData\Local\Temp\ccyztVIa.s 			page 17


 222 0594 27A358FE 		.ascii	"'\243X\376\235\0338\335\362-\220\355\234n\375\266\313"
 222      9D1B38DD 
 222      F22D90ED 
 222      9C6EFDB6 
 222      CB
 223 05a5 FB02FC1D 		.ascii	"\373\002\374\035[\036#\221X\345\003\363#\012\037z\276"
 223      5B1E2391 
 223      58E503F3 
 223      230A1F7A 
 223      BE
 224 05b6 732D99BF 		.ascii	"s-\231\277\035\030\243G\2171\314\373#\325\261X\376\241"
 224      1D18A347 
 224      8F31CCFB 
 224      23D5B158 
 224      FEA1
 225 05c8 D39FAD6E 		.ascii	"\323\237\255n\334\250\247;J\270\211\357\244\367K\311"
 225      DCA8A73B 
 225      4AB889EF 
 225      A4F74BC9 
 226 05d8 E11DA756 		.ascii	"\341\035\247V\313y\265\300\346\214\342\034\227\350o"
 226      CB79B5C0 
 226      E68CE21C 
 226      97E86F
 227 05e7 09D11943 		.ascii	"\011\321\031C\277\343\205HC\367\2657:\312\013|\351\367"
 227      BFE38548 
 227      43F7B537 
 227      3ACA0B7C 
 227      E9F7
 228 05f9 1C4C4F42 		.ascii	"\034LOB{}\202\237\336\035\036\340\373\021f\225\242i"
 228      7B7D829F 
 228      DE1D1EE0 
 228      FB116695 
 228      A269
 229 060b 35658826 		.ascii	"5e\210&H\023#!\035\233,j\253\345|1\257[Dz\325\355\203"
 229      48132321 
 229      1D9B2C6A 
 229      ABE57C31 
 229      AF5B447A 
 230 0622 E2BBC384 		.ascii	"\342\273\303\204\214\350\371\371\354\326H\256\001L\341"
 230      8CE8F9F9 
 230      ECD648AE 
 230      014CE1
 231 0631 4AF24B58 		.ascii	"J\362KX\211-C\355KEO\210\250\012\337D\3403\264\377S"
 231      892D43ED 
 231      4B454F88 
 231      A80ADF44 
 231      E033B4FF 
 232 0646 5CD0DCF9 		.ascii	"\\\320\334\371\254\314\242`m].\023\265u\271\\4*\300"
 232      ACCCA260 
 232      6D5D2E13 
 232      B575B95C 
 232      342AC0
 233 0659 AFDB6F5E 		.ascii	"\257\333o^\021u\"\227\301\207:*[\265\266z{\320\304\034"
 233      11752297 
 233      C1873A2A 
 233      5BB5B67A 
 233      7BD0C41C 
ARM GAS  C:\Users\User\AppData\Local\Temp\ccyztVIa.s 			page 18


 234 066d 760C77C9 		.ascii	"v\014w\311\343E\026.\367\347Y\200\225\342D\274\257\020"
 234      E345162E 
 234      F7E75980 
 234      95E244BC 
 234      AF10
 235 067f 755CC3F2 		.ascii	"u\\\303\362\256\303\307\341\205<9\257\027\323w\224\254"
 235      AEC3C7E1 
 235      853C39AF 
 235      17D37794 
 235      AC
 236 0690 A83B8EE9 		.ascii	"\250;\216\351\203Y\024\006\305j\312\361\021\357E\370"
 236      83591406 
 236      C56ACAF1 
 236      11EF45F8 
 237 06a0 7D805DB8 		.ascii	"}\200]\2703\012\260J|\001g\357\332\350j\012&'\003X\311"
 237      330AB04A 
 237      7C0167EF 
 237      DAE86A0A 
 237      26270358 
 238 06b5 E576775D 		.ascii	"\345vw]\221\030\031j\221\2239\323}\362\033\235\207\340"
 238      9118196A 
 238      919339D3 
 238      7DF21B9D 
 238      87E0
 239 06c7 1A9109BF 		.ascii	"\032\221\011\277\255\334Uc\3202|\377\031\015\301\265"
 239      ADDC5563 
 239      D0327CFF 
 239      190DC1B5 
 240 06d7 8C60A69B 		.ascii	"\214`\246\233\340\271\364\246\012\242\020<\277\331\210"
 240      E0B9F4A6 
 240      0AA2103C 
 240      BFD988
 241 06e6 15806724 		.ascii	"\025\200g$<A!\014V\253\001\307\307'\011f1\202\217.^"
 241      3C41210C 
 241      56AB01C7 
 241      C7270966 
 241      31828F2E 
 242 06fb 1E12493B 		.ascii	"\036\022I;'\270\273\271\370G\035\271\312\006\342\232"
 242      27B8BBB9 
 242      F8471DB9 
 242      CA06E29A 
 243 070b DA2D0346 		.ascii	"\332-\003F\177kb\203\350\357(\337\3372\255\235\035\307"
 243      7F6B6283 
 243      E8EF28DF 
 243      DF32AD9D 
 243      1DC7
 244 071d D78B12AC 		.ascii	"\327\213\022\254\023\275\216\3434%kw\214\020\3461E\360"
 244      13BD8EE3 
 244      34256B77 
 244      8C10E631 
 244      45F0
 245 072f 28F4C843 		.ascii	"(\364\310C\003\304\023\205\317y\024\372n\217~\021\350"
 245      03C41385 
 245      CF7914FA 
 245      6E8F7E11 
 245      E8
 246 0740 370A5FB0 		.ascii	"7\012_\260(\344\270\243pxs\327\266@5M\327\353\372dY"
ARM GAS  C:\Users\User\AppData\Local\Temp\ccyztVIa.s 			page 19


 246      28E4B8A3 
 246      707873D7 
 246      B640354D 
 246      D7EBFA64 
 247 0755 D2511464 		.ascii	"\322Q\024d\253$\262\275\203\260\221\005\341\373\035"
 247      AB24B2BD 
 247      83B09105 
 247      E1FB1D
 248 0764 AEF5E3C8 		.ascii	"\256\365\343\310m\036\004_\374~X\326w\012<\231\313\345"
 248      6D1E045F 
 248      FC7E58D6 
 248      770A3C99 
 248      CBE5
 249 0776 FCF2DB2F 		.ascii	"\374\362\333/o\015eB\27287s\341\251\234\035\215\304"
 249      6F0D6542 
 249      BA383773 
 249      E1A99C1D 
 249      8DC4
 250 0788 2FE9AD8C 		.ascii	"/\351\255\214\364\0267\351;g\006\366\004 \351^\036\267"
 250      F41637E9 
 250      3B6706F6 
 250      0420E95E 
 250      1EB7
 251 079a D5AE86D5 		.ascii	"\325\256\206\325r>0\030lRYo\242\254\351\3036\306\266"
 251      723E3018 
 251      6C52596F 
 251      A2ACE9C3 
 251      36C6B6
 252 07ad E8415B1F 		.ascii	"\350A[\037~#\002\031\333\266\216\214\012eS\014\246\233"
 252      7E230219 
 252      DBB68E8C 
 252      0A65530C 
 252      A69B
 253 07bf F0779F1F 		.ascii	"\360w\237\037\015\342\233b;\343\330|7G\"\3539"
 253      0DE29B62 
 253      3BE3D87C 
 253      374722EB 
 253      39
 254 07d0 F6D1E0E9 		.ascii	"\366\321\340\351GF\216\225\250\243\351\345=z\372\263"
 254      47468E95 
 254      A8A3E9E5 
 254      3D7AFAB3 
 255 07e0 45561611 		.ascii	"EV\026\021\312\3255\264]\304|\341\246\001\205\"\377"
 255      CAD535B4 
 255      5DC47CE1 
 255      A6018522 
 255      FF
 256 07f1 7134523D 		.ascii	"q4R=j$[\230&]o\341\320\315\0000M\002\220\260\355t\377"
 256      6A245B98 
 256      265D6FE1 
 256      D0CD0030 
 256      4D0290B0 
 257 0808 A6C5D062 		.ascii	"\246\305\320b\310v(t\361\312\225Q\375\340\277\251\230"
 257      C8762874 
 257      F1CA9551 
 257      FDE0BFA9 
 257      98
ARM GAS  C:\Users\User\AppData\Local\Temp\ccyztVIa.s 			page 20


 258 0819 1FDE070B 		.ascii	"\037\336\007\013d2Q\200\230I0\015\253h'VQ\021\263S,"
 258      64325180 
 258      9849300D 
 258      AB682756 
 258      5111B353 
 259 082e 4E825D68 		.ascii	"N\202]h(\027w\012*A\203\035\231\367\272taY\312\016\021"
 259      2817770A 
 259      2A41831D 
 259      99F7BA74 
 259      6159CA0E 
 260 0843 014C773E 		.ascii	"\001Lw>\342\362D\312o\267\030\346fI\321Y\315\371\233"
 260      E2F244CA 
 260      6FB718E6 
 260      6649D159 
 260      CDF99B
 261 0856 8324C5C6 		.ascii	"\203$\305\306\362\237\264\201\350\272\216\341\252\020"
 261      F29FB481 
 261      E8BA8EE1 
 261      AA10
 262 0864 ADEE929F 		.ascii	"\255\356\222\237\322][\270\276\311\360b\241|\272\206"
 262      D25D5BB8 
 262      BEC9F062 
 262      A17CBA86 
 263 0874 D5D6AACB 		.ascii	"\325\326\252\313\031r\332g\270\015\226\212aP\200i\302"
 263      1972DA67 
 263      B80D968A 
 263      61508069 
 263      C2
 264 0885 A5AE99FC 		.ascii	"\245\256\231\374\037\224\274\213\277.\366\210/\342\334"
 264      1F94BC8B 
 264      BF2EF688 
 264      2FE2DC
 265 0894 D12BADFD 		.ascii	"\321+\255\375\201$\237' \253\251\347\357~\003^\346\016"
 265      81249F27 
 265      20ABA9E7 
 265      EF7E035E 
 265      E60E
 266 08a6 781EE798 		.ascii	"x\036\347\230v\267\360f\210\267\377\352n]\3168\226\271"
 266      76B7F066 
 266      88B7FFEA 
 266      6E5DCE38 
 266      96B9
 267 08b8 39B6E5F5 		.ascii	"9\266\345\365\327\033\275=\362\213~\264\335\365\007"
 267      D71BBD3D 
 267      F28B7EB4 
 267      DDF507
 268 08c7 C5A14BCF 		.ascii	"\305\241K\317\246\345\325\244E\300\227\2123\270-h\346"
 268      A6E5D5A4 
 268      45C0978A 
 268      33B82D68 
 268      E6
 269 08d8 ED559CD9 		.ascii	"\355U\234\331\307\2349q\274\366\034\321n\273\264PU\017"
 269      C79C3971 
 269      BCF61CD1 
 269      6EBBB450 
 269      550F
 270 08ea BEE2DB2E 		.ascii	"\276\342\333.\355\021|\243ag)\376dWJ\257+mL9\207\207"
ARM GAS  C:\Users\User\AppData\Local\Temp\ccyztVIa.s 			page 21


 270      ED117CA3 
 270      616729FE 
 270      64574AAF 
 270      2B6D4C39 
 271 0900 D27F625C 		.ascii	"\322\177b\\\357(T\312t\220\375\262\275QQ\247\374\217"
 271      EF2854CA 
 271      7490FDB2 
 271      BD5151A7 
 271      FC8F
 272 0912 23048763 		.ascii	"#\004\207c\365\203m!~\003u\330\035\250C<Pk\333\272\323"
 272      F5836D21 
 272      7E0375D8 
 272      1DA8433C 
 272      506BDBBA 
 273 0927 83BC0375 		.ascii	"\203\274\003u\020\363q\200\345\243\202\271~\330\355"
 273      10F37180 
 273      E5A382B9 
 273      7ED8ED
 274 0936 7AFDD98C 		.ascii	"z\375\331\214\013\304;P~\321\371K\353\373\203\224Hu"
 274      0BC43B50 
 274      7ED1F94B 
 274      EBFB8394 
 274      4875
 275 0948 3ECF23F5 		.ascii	">\317#\365\265\022)\334;4\023\367+\221\252\024_\024"
 275      B51229DC 
 275      3B3413F7 
 275      2B91AA14 
 275      5F14
 276 095a A425F149 		.ascii	"\244%\361If[\274\365\365T\207\341\315\277\276\0271;"
 276      665BBCF5 
 276      F55487E1 
 276      CDBFBE17 
 276      313B
 277 096c 3A5AD02D 		.ascii	":Z\320-\216w\374S\262XR\023\223\2351\323-\316\014H\370"
 277      8E77FC53 
 277      B2585213 
 277      939D31D3 
 277      2DCE0C48 
 278 0981 535CC2A2 		.ascii	"S\\\302\242\304\017\023\371\335\341L\265&\332\243g|"
 278      C40F13F9 
 278      DDE14CB5 
 278      26DAA367 
 278      7C
 279 0992 1C63F924 		.ascii	"\034c\371$1\331j\377\304\241\225\3079\355\366$G\334"
 279      31D96AFF 
 279      C4A195C7 
 279      39EDF624 
 279      47DC
 280 09a4 47C9A911 		.ascii	"G\311\251\021\354)\">eq\204m\361\2076\253\325f\215{"
 280      EC29223E 
 280      6571846D 
 280      F18736AB 
 280      D5668D7B 
 281 09b8 796A4CC4 		.ascii	"yjL\304\364i\3213\376\025\035\207\362\227\222\355\311"
 281      F469D133 
 281      FE151D87 
 281      F29792ED 
ARM GAS  C:\Users\User\AppData\Local\Temp\ccyztVIa.s 			page 22


 281      C9
 282 09c9 B6976CF1 		.ascii	"\266\227l\361\250919!)\325j\213[\034\217\272\222mq\026"
 282      A8393139 
 282      2129D56A 
 282      8B5B1C8F 
 282      BA926D71 
 283 09de AB6D617C 		.ascii	"\253ma|j\222\323\342\374t\211\3151u\221`p\323\371\364"
 283      6A92D3E2 
 283      FC7489CD 
 283      31759160 
 283      70D3F9F4 
 284 09f2 1764E3F8 		.ascii	"\027d\343\370\324\021gq8\255h\032)\030\023\355K\354"
 284      D4116771 
 284      38AD681A 
 284      291813ED 
 284      4BEC
 285 0a04 294E1A1E 		.ascii	")N\032\036\213\323:\333Mc6\275/x\232\206F\316\221vG"
 285      8BD33ADB 
 285      4D6336BD 
 285      2F789A86 
 285      46CE9176 
 286 0a19 F48C97A3 		.ascii	"\364\214\227\243\354\216\250E\361IQT\223#j\301\273\357"
 286      EC8EA845 
 286      F1495154 
 286      93236AC1 
 286      BBEF
 287 0a2b C44C8F9A 		.ascii	"\304L\217\2327oN\324\233\363\337\216\375x:}e\301\234"
 287      376F4ED4 
 287      9BF3DF8E 
 287      FD783A7D 
 287      65C19C
 288 0a3e 589292AC 		.ascii	"X\222\222\254h1\200\242\022\255\272?\277a~\213\336\346"
 288      683180A2 
 288      12ADBA3F 
 288      BF617E8B 
 288      DEE6
 289 0a50 E9E6CDFE 		.ascii	"\351\346\315\376\213Y\367\372\002\263\031>\200\267\364"
 289      8B59F7FA 
 289      02B3193E 
 289      80B7F4
 290 0a5f 0949B6F8 		.ascii	"\011I\266\370\024%U\321/[\234\006\367\003q\330\234$"
 290      142555D1 
 290      2F5B9C06 
 290      F70371D8 
 290      9C24
 291 0a71 768E99BC 		.ascii	"v\216\231\274=\307\254\237\377\336\3749\346\300\330"
 291      3DC7AC9F 
 291      FFDEFC39 
 291      E6C0D8
 292 0a80 05F3E7CE 		.ascii	"\005\363\347\316\235c\016\210}\367\037\363\347\232\365"
 292      9D630E88 
 292      7DF71FF3 
 292      E79AF5
 293 0a8f EFC4CE99 		.ascii	"\357\304\316\231k&\257\233\315F\207s1\306\365\243%\211"
 293      6B26AF9B 
 293      CD468773 
 293      31C6F5A3 
ARM GAS  C:\Users\User\AppData\Local\Temp\ccyztVIa.s 			page 23


 293      2589
 294 0aa1 768B53E2 		.ascii	"v\213S\342.&Z-\316\000\373\302\205\250\305HUZ\026\306"
 294      2E265A2D 
 294      CE00FBC2 
 294      85A8C548 
 294      555A16C6 
 295 0ab5 3B9C332D 		.ascii	";\2343-N\347/\031{w\330\377\3663#\255(t\207\0265\352"
 295      4EE72F19 
 295      7B77D8FF 
 295      F63323AD 
 295      28748716 
 296 0acb DF8EC582 		.ascii	"\337\216\305\202\177\347g\352u\244$xt&\010\301\330}"
 296      7FE767EA 
 296      75A42478 
 296      742608C1 
 296      D87D
 297 0add 9092E8B4 		.ascii	"\220\222\350\264\241\346\020|^`sR\033v\253\315\220h"
 297      A1E6107C 
 297      5E607352 
 297      1B76ABCD 
 297      9068
 298 0aef 5F8C9DC5 		.ascii	"_\214\235\305\371+wf-\030\327\217R\354\251K\250<\304"
 298      F92B7766 
 298      2D18D78F 
 298      52ECA94B 
 298      A83CC4
 299 0b02 6259989A 		.ascii	"bY\230\232\234`\261L\2351s\306L\203{\244KX\024\237\242"
 299      9C60B14C 
 299      9D3173C6 
 299      4C837BA4 
 299      4B58149F 
 300 0b17 7D3733E6 		.ascii	"}73\346\211\321\314\377\001,\237\247r"
 300      89D1CCFF 
 300      012C9FA7 
 300      72
 301              		.text
 302              		.section	.gnu.lto_.symtab.d7545f40,"",%progbits
 303 0000 70616C52 		.ascii	"palReadBus\000"
 303      65616442 
 303      757300
 304 000b 00       		.ascii	"\000"
 305 000c 00       		.ascii	"\000"
 306 000d 00       		.ascii	"\000"
 307 000e 00000000 		.ascii	"\000\000\000\000\000\000\000\000"
 307      00000000 
 308 0016 0B010000 		.ascii	"\013\001\000\000"
 309 001a 70616C57 		.ascii	"palWriteBus\000"
 309      72697465 
 309      42757300 
 310 0026 00       		.ascii	"\000"
 311 0027 00       		.ascii	"\000"
 312 0028 00       		.ascii	"\000"
 313 0029 00000000 		.ascii	"\000\000\000\000\000\000\000\000"
 313      00000000 
 314 0031 10010000 		.ascii	"\020\001\000\000"
 315 0035 70616C53 		.ascii	"palSetBusMode\000"
 315      65744275 
ARM GAS  C:\Users\User\AppData\Local\Temp\ccyztVIa.s 			page 24


 315      734D6F64 
 315      6500
 316 0043 00       		.ascii	"\000"
 317 0044 00       		.ascii	"\000"
 318 0045 00       		.ascii	"\000"
 319 0046 00000000 		.ascii	"\000\000\000\000\000\000\000\000"
 319      00000000 
 320 004e 18010000 		.ascii	"\030\001\000\000"
 321 0052 5F70616C 		.ascii	"_pal_lld_setgroupmode\000"
 321      5F6C6C64 
 321      5F736574 
 321      67726F75 
 321      706D6F64 
 322 0068 00       		.ascii	"\000"
 323 0069 02       		.ascii	"\002"
 324 006a 00       		.ascii	"\000"
 325 006b 00000000 		.ascii	"\000\000\000\000\000\000\000\000"
 325      00000000 
 326 0073 1E010000 		.ascii	"\036\001\000\000"
 327              		.text
 328              		.section	.gnu.lto_.opts,"",%progbits
 329 0000 272D666D 		.ascii	"'-fmath-errno' '-fsigned-zeros' '-ftrapping-math' '"
 329      6174682D 
 329      6572726E 
 329      6F272027 
 329      2D667369 
 330 0033 2D666E6F 		.ascii	"-fno-trapv' '-fno-openmp' '-fno-openacc' '-mcpu=cor"
 330      2D747261 
 330      70762720 
 330      272D666E 
 330      6F2D6F70 
 331 0066 7465782D 		.ascii	"tex-m7' '-mno-thumb-interwork' '-mthumb' '-ggdb' '-"
 331      6D372720 
 331      272D6D6E 
 331      6F2D7468 
 331      756D622D 
 332 0099 4F322720 		.ascii	"O2' '-fomit-frame-pointer' '-falign-functions=16' '"
 332      272D666F 
 332      6D69742D 
 332      6672616D 
 332      652D706F 
 333 00cc 2D666675 		.ascii	"-ffunction-sections' '-fdata-sections' '-fno-common"
 333      6E637469 
 333      6F6E2D73 
 333      65637469 
 333      6F6E7327 
 334 00ff 2720272D 		.ascii	"' '-flto'\000"
 334      666C746F 
 334      2700
 335              		.text
 336              		.comm	__gnu_lto_v1,1,1
 337              		.comm	__gnu_lto_slim,1,1
 338              		.ident	"GCC: (GNU Tools for ARM Embedded Processors 6-2017-q1-update) 6.3.1 20170215 (release) [AR
ARM GAS  C:\Users\User\AppData\Local\Temp\ccyztVIa.s 			page 25


DEFINED SYMBOLS
                            *ABS*:00000000 hal_pal.c
                            *COM*:00000001 __gnu_lto_v1
                            *COM*:00000001 __gnu_lto_slim

NO UNDEFINED SYMBOLS
