ARM GAS  C:\Users\User\AppData\Local\Temp\ccydcKP1.s 			page 1


   1              		.cpu cortex-m7
   2              		.eabi_attribute 20, 1
   3              		.eabi_attribute 21, 1
   4              		.eabi_attribute 23, 3
   5              		.eabi_attribute 24, 1
   6              		.eabi_attribute 25, 1
   7              		.eabi_attribute 26, 1
   8              		.eabi_attribute 30, 2
   9              		.eabi_attribute 34, 1
  10              		.eabi_attribute 18, 4
  11              		.file	"hal.c"
  12              		.text
  13              	.Ltext0:
  14              		.section	.gnu.lto_.profile.9ec81fc6,"",%progbits
  15 0000 789C6365 		.ascii	"x\234ce`b`a```d0e\007\000\000\361\000I"
  15      60626061 
  15      60606064 
  15      30650700 
  15      00F10049 
  16              		.text
  17              		.section	.gnu.lto_.icf.9ec81fc6,"",%progbits
  18 0000 789C6365 		.ascii	"x\234ce`b\340`@\000F\206u}\233\337\2631\000\000\015"
  18      6062E060 
  18      40004686 
  18      757D9BDF 
  18      B3310000 
  19 0015 E302F5   		.ascii	"\343\002\365"
  20              		.text
  21              		.section	.gnu.lto_.jmpfuncs.9ec81fc6,"",%progbits
  22 0000 789C6365 		.ascii	"x\234ce`bPg@\000F\010\305\3048\235\231\261\371\327\376"
  22      60625067 
  22      40004608 
  22      C5C4389D 
  22      99B1F9D7 
  23 0015 CF7CF57F 		.ascii	"\317|\365\177\033$\34633,f\006I.g\254g`d\001\262\000"
  23      1B24E633 
  23      332C6606 
  23      492E67AC 
  23      67606401 
  24 002b B8140894 		.ascii	"\270\024\010\224"
  25              		.text
  26              		.section	.gnu.lto_.inline.9ec81fc6,"",%progbits
  27 0000 789C6365 		.ascii	"x\234ce`b\320c@\000F\006\006NSF\240 \003\003\333\002"
  27      6062D063 
  27      40004606 
  27      064E5346 
  27      A0200303 
  28 0016 7926B010 		.ascii	"y&\260\020\027\012\301\304\015R\005f2\000\0005\014\001"
  28      170AC1C4 
  28      0D520566 
  28      32000035 
  28      0C01
  29 0028 79       		.ascii	"y"
  30              		.text
  31              		.section	.gnu.lto_.pureconst.9ec81fc6,"",%progbits
  32 0000 789C6365 		.ascii	"x\234ce`b`f```d\220\000\000\000\204\000$"
  32      60626066 
ARM GAS  C:\Users\User\AppData\Local\Temp\ccydcKP1.s 			page 2


  32      60606064 
  32      90000000 
  32      840024
  33              		.text
  34              		.section	.gnu.lto_halInit.9ec81fc6,"",%progbits
  35 0000 789C7590 		.ascii	"x\234u\220?H\302Q\020\307\357~\317\177AFCCaC\253K\""
  35      3F48C251 
  35      10C7EF7E 
  35      CF7F4146 
  35      43436143 
  36 0017 4142AB53 		.ascii	"AB\253S5\266\012Q:(E?\350W9\376\236Y\010\006\325bf\020"
  36      35B60A51 
  36      3A28453F 
  36      E85739FE 
  36      9E590806 
  37 002f EF57115A 		.ascii	"\357W\021Z\226f\233S?\334Z\012jl*\242!\013\202\266B"
  37      96669B53 
  37      3FDC5A0A 
  37      6A6C2AA2 
  37      210B82B6 
  38 0044 ED9E4638 		.ascii	"\355\236F8\330\301\275{\357\356\303\335\367\236\025"
  38      D8C1BD7B 
  38      EFEEC3DD 
  38      F79E15
  39 0053 14301060 		.ascii	"\0240\020`\022\000\\\344\310\000\225\355\033\200\230"
  39      12005CE4 
  39      C80095ED 
  39      1B8098
  40 0062 43419417 		.ascii	"CA\224\027\356@\320\025\324q\213\245\031V\022/e\305"
  40      EE40D015 
  40      D4718BA5 
  40      1956122F 
  40      65C5
  41 0074 9DE56466 		.ascii	"\235\345df\372c\200\347L\024\014 C.\015\263\350\006"
  41      FA6380E7 
  41      4C140C20 
  41      432E0DB3 
  41      E806
  42 0086 C29E4AF5 		.ascii	"\302\236J\365\224\323fi\3451\2076\032\001\305;4y\275"
  42      94D36669 
  42      E5318736 
  42      1A01C53B 
  42      3479BD
  43 0099 91E0E6F3 		.ascii	"\221\340\346\363!\336O\330\001\222T\22636\230\"#\253"
  43      21DE4FD8 
  43      01925496 
  43      33369822 
  43      23AB
  44 00ab 62DCF876 		.ascii	"b\334\370vI^6)\227\337\036\354z\215;\004\303\014\243"
  44      495E3629 
  44      97DF1EEC 
  44      7A8D3B04 
  44      C30CA3
  45 00be 0E78823A 		.ascii	"\016x\202:\010b\253\270f\034ww\340X\206\252\200\247"
  45      0862ABB8 
  45      661C7777 
  45      E05886AA 
ARM GAS  C:\Users\User\AppData\Local\Temp\ccydcKP1.s 			page 3


  45      80A7
  46 00d0 C4516167 		.ascii	"\304Qag\275rk\337d\202YP>\343_W\237=\304\365S\342H\012"
  46      BD726BDF 
  46      64825950 
  46      3EE35F57 
  46      9F3DC4F5 
  47 00e8 A3DCF55E 		.ascii	"\243\334\365^~N\340~\254W0+\236\321\226y\034l\026\032"
  47      7E4EE07E 
  47      AC57302B 
  47      9ED19679 
  47      1C6C161A 
  48 00fc AF97852E 		.ascii	"\257\227\205.\202w9\037\222\015\316Q`s \026P\027\314"
  48      8277391F 
  48      920DCE51 
  48      60732016 
  48      5017CC
  49 010f 0652EB81 		.ascii	"\006R\353\201\263\263Vj\216\305?\255q\343\261\2573g"
  49      B3B3566A 
  49      8EC53FAD 
  49      71E3B1AF 
  49      3367
  50 0121 21EEA28D 		.ascii	"!\356\242\215\253\375\303Y\211+\375r\357\270jdS--\322"
  50      ABFDC359 
  50      892BFD72 
  50      EFB86A64 
  50      532D2DD2 
  51 0135 92F433F4 		.ascii	"\222\3643\364w\264\366\270\177,\020\014Gf#\001\277<"
  51      77B4F6B8 
  51      7F2C100C 
  51      47662301 
  51      BF3C
  52 0147 A7969643 		.ascii	"\247\226\226C\021\325\353[\031\231\216F\026BjTk\317"
  52      11D5EB5B 
  52      19998E46 
  52      16426A54 
  52      6BCF
  53 0159 B74855F3 		.ascii	"\267HU\363\372F=\252\346\011\317\314{\264\305\240\214"
  53      FA463DAA 
  53      E609CFCC 
  53      7BB4C5A0 
  53      8C
  54 016a C341F801 		.ascii	"\303A\370\001\037%\243\265"
  54      1F25A3B5 
  55              		.text
  56              		.section	.gnu.lto_.symbol_nodes.9ec81fc6,"",%progbits
  57 0000 789C55C9 		.ascii	"x\234U\311\261\015\3020\024E\321\353g\23392\012\231"
  57      B10DC230 
  57      1445D1EB 
  57      679B3932 
  57      0A99
  58 0012 ECBB6000 		.ascii	"\354\273`\000Z\244$@\344)R\247f\006\220\230\003\361"
  58      5AA42440 
  58      E42952A7 
  58      66069098 
  58      03F1
  59 0024 71855F73 		.ascii	"q\205_s\244\3732\342\202O\223\014\316\017p\2662B\276"
  59      A4FB32E2 
ARM GAS  C:\Users\User\AppData\Local\Temp\ccydcKP1.s 			page 4


  59      824F930C 
  59      CE0F70B6 
  59      3242BE
  60 0037 8AC19FB0 		.ascii	"\212\301\237\260\312B{\240\224\243\207\273L]\270\311"
  60      CA427BA0 
  60      94A387BB 
  60      4C5DB8C9 
  61 0047 62171659 		.ascii	"b\027\026Y\352\302,\313\377!r\240>?!\222\331\233\211"
  61      EAC22CCB 
  61      FF2172A0 
  61      3E3F2192 
  61      D99B89
  62 005a 7733727A 		.ascii	"w3rz\375\024\325\345\013\212{%\237"
  62      FD14D5E5 
  62      0B8A7B25 
  62      9F
  63              		.text
  64              		.section	.gnu.lto_.refs.9ec81fc6,"",%progbits
  65 0000 789C6365 		.ascii	"x\234ce`b`c```d`bdb\000\000\000\275\000\024"
  65      60626063 
  65      60606064 
  65      60626462 
  65      000000BD 
  66              		.text
  67              		.section	.gnu.lto_.decls.9ec81fc6,"",%progbits
  68 0000 789CBD56 		.ascii	"x\234\275VkPTG\026\276\347\366\274\030\306hA\262\353"
  68      6B505447 
  68      16BEE7F6 
  68      BC18C668 
  68      41B2EB
  69 0013 0F6B97B2 		.ascii	"\017k\227\262H\311\217\004\002&\222\332\037\273f1*\011"
  69      48C98F04 
  69      022692DA 
  69      1FBB6631 
  69      2A09
  70 0025 51B6B2C9 		.ascii	"Q\266\262\311\217-\252\246\006f\224\251\202\231\331"
  70      8F2DAAA6 
  70      066694A9 
  70      8299D9
  71 0034 992189B5 		.ascii	"\231!\211\265\177.\341\031\015\242q\223,\226\272\032"
  71      7F2EE119 
  71      0DA27193 
  71      2C96BA1A 
  72 0044 AD152301 		.ascii	"\255\025#\001\202\217\370\210:\276\000Y^\352\212\022"
  72      828FF888 
  72      3ABE0059 
  72      5EEA8A12 
  73 0054 792D22BB 		.ascii	"y-\"\273*\"(\012\2500{\272\373^\356e ?R\246\366\326"
  73      2A22280A 
  73      A8307BBA 
  73      FB5EEE65 
  73      203F52A6 
  74 006a 9CEE7BFA 		.ascii	"\234\356{\372|\367;\247O\237\356i\275 \012{-\202\360"
  74      7CF73BA7 
  74      4F9FEE69 
  74      BD200A7B 
  74      2D82F0
ARM GAS  C:\Users\User\AppData\Local\Temp\ccydcKP1.s 			page 5


  75 007d 824E10B6 		.ascii	"\202N\020\266\011\202\020\304G\304\376\033\024@\031"
  75      098210C4 
  75      47C4FE1B 
  75      144019
  76 008c 16F86340 		.ascii	"\026\370c@\031Cy\214\362\024e\022ED\200\0168\316\000"
  76      1943798C 
  76      F2146512 
  76      4544800E 
  76      38CE00
  77 009f C2B46718 		.ascii	"\302\264g\030u#\366\357\243\030\361}\024{\023p\276!"
  77      7523F6EF 
  77      A318F17D 
  77      147B1370 
  77      BE21
  78 00b1 CA0DD379 		.ascii	"\312\015\323y)\017\345\233\224\371\037\013\263\363~"
  78      290FE59B 
  78      94F91F0B 
  78      B3F37E
  79 00c0 49E0627E 		.ascii	"I\340b~\3656\262\221@\204\031t\250\0167m\275\361\034"
  79      F536B291 
  79      40841974 
  79      A80E376D 
  79      BDF11C
  80 00d3 AACF9B21 		.ascii	"\252\317\233!\012\325\222}\223\277\346\306\277\211\250"
  80      0AD5927D 
  80      93BFE6C6 
  80      BF89A8
  81 00e2 1E397137 		.ascii	"\0369q7\201\253\013P;\3269\034\010\347\330\036\240\337"
  81      81AB0B50 
  81      3BD6391C 
  81      08E7D81E 
  81      A0DF
  82 00f4 4A254516 		.ascii	"J%E\026n\036\243\372\205\266\355\203f\202q\340\373`"
  82      6E1EA3FA 
  82      85B6ED83 
  82      668271E0 
  82      FB60
  83 0106 FECD9E70 		.ascii	"\376\315\236pn\233\217\352\245\241\306\355\262:\017"
  83      6E9B8FEA 
  83      A5A1C6ED 
  83      B23A0F
  84 0115 D58E4F0A 		.ascii	"\325\216O\012w\030H\030Cv\326\357\333O\003Zd\006\232"
  84      77184818 
  84      4376D6EF 
  84      DB4F035A 
  84      64069A
  85 0128 BEB93854 		.ascii	"\276\2718T5pt|\016\037\242\210\356\361\362\345\261\025"
  85      3570747C 
  85      0E1FA288 
  85      EEF1F2E5 
  85      B115
  86 013a 127F4CBF 		.ascii	"\022\177L\277R\347r\251\364\376\036#\371%\005\211e\015"
  86      52E772A9 
  86      F4FE1E23 
  86      F9250589 
  86      650D
  87 014c 57CFE820 		.ascii	"W\317\350 \306\374\017\012\012\\\035Y\264\271H\222D"
ARM GAS  C:\Users\User\AppData\Local\Temp\ccydcKP1.s 			page 6


  87      C6FC0F0A 
  87      0A5C1D59 
  87      B4B94892 
  87      44
  88 015d 380C6638 		.ascii	"8\014f8\010\004\016@,\315\311\"3\266\305\222\364\261"
  88      08040E40 
  88      2CCDC922 
  88      33B6C592 
  88      F4B1
  89 016f B4294F0A 		.ascii	"\264)O\012[)@9,\200\275\260@\200C\020C\375Q\034\324"
  89      5B294039 
  89      2C80BDB0 
  89      40804310 
  89      43FD511C 
  90 0184 E0E0B738 		.ascii	"\340\340\2678\210.\366\355\331\374\225\201\224\003\363"
  90      882EF6ED 
  90      D9FC9581 
  90      9403F3
  91 0193 517BF2FA 		.ascii	"Q{\362\3725\035\230cf%8:\013\001\017\246\245ram\001"
  91      351D9863 
  91      6625383A 
  91      0B010FA6 
  91      A572616D 
  92 01a8 0DE60806 		.ascii	"\015\346\010\006\363\235\032\014\306\306\347\321{\254"
  92      F39D1A0C 
  92      C6C6E7D1 
  92      7BAC
  93 01b6 235724FB 		.ascii	"#W$\373y\346\266\036\037i\320\363T\231P\275\267\345"
  93      79E6B61E 
  93      1F69D0F3 
  93      549950BD 
  93      B7E5
  94 01c8 7C9348AA 		.ascii	"|\223H\252\270\255\377Z^\231\201\034\342\312\246\211"
  94      B8ADFF5A 
  94      5E99811C 
  94      E2CAA689 
  95 01d8 76C9404E 		.ascii	"v\311@Np\245\344\336\330.\0359\307\225\366\274\321\266"
  95      70A5E4DE 
  95      D82E1D39 
  95      C795F6BC 
  95      D1B6
  96 01ea 39A48129 		.ascii	"9\244\201)a\205UG\016Z \232>\221\321\3211_\321\330\003"
  96      61855547 
  96      0E5A209A 
  96      3E91D1D1 
  96      315FD1D8 
  97 01ff C1F697EA 		.ascii	"\301\366\227\352\357\367I\322g\026\026T\000\203\252"
  97      EFF749D2 
  97      67161654 
  97      0083AA
  98 020e 85487532 		.ascii	"\205Hu2\225\330\010\020\217\215\300?x\374\3332)\220"
  98      95D80810 
  98      8F8DC03F 
  98      78FCDB32 
  98      2990
  99 0220 4F18FA54 		.ascii	"O\030\372T(:.\004|\373w*\370\373P\360qF]\016\032n\015"
  99      283A2E04 
ARM GAS  C:\Users\User\AppData\Local\Temp\ccydcKP1.s 			page 7


  99      7CFB772A 
  99      F8FB50F0 
  99      71465D0E 
 100 0237 FC5828BC 		.ascii	"\374X(\274*4\222\0374\350\023\263\2233\364f\232\373"
 100      2A34921F 
 100      34E813B3 
 100      9333F466 
 100      9AFB
 101 0249 4D92B454 		.ascii	"M\222\264T'\300~\264\177\315L\024\215\351\207\013\270"
 101      27C07EB4 
 101      7FCD4C14 
 101      8DE9870B 
 101      B8
 102 025a 5A67201A 		.ascii	"Zg \032\352P\316\243\234E9\207R\217r\032\242Y\205q\177"
 102      EA50CEA3 
 102      9C453987 
 102      528F721A 
 102      A2598571 
 103 026f 0D1A7F27 		.ascii	"\015\032\177'g\235\271v.\015+Ut\365\354s\341p^\032\203"
 103      679DB976 
 103      2E0D2B55 
 103      74F5EC73 
 103      E1705E1A 
 104 0284 27237225 		.ascii	"'#r%\011(L\220\313B\256\355S\223\371\255\006r\220\260"
 104      09284C90 
 104      CB42AEED 
 104      5393F9AD 
 104      067290B0 
 105 0298 C2DBB3BE 		.ascii	"\302\333\263\276\361\260\011\"cf\233\0234\342T~\312"
 105      F1B00922 
 105      63669B13 
 105      34E2547E 
 105      CA
 106 02a9 B4B8E7FE 		.ascii	"\264\270\347\376z\003n&\370'~\330\240\226$\215\203\271"
 106      7A036E26 
 106      F8277ED8 
 106      A096248D 
 106      83B9
 107 02bb 57F67A84 		.ascii	"W\366z\204\274\327\213\232\036\356\025I\035\013\007"
 107      BCD78B9A 
 107      1EEE1549 
 107      1D0B07
 108 02ca AABFCFBF 		.ascii	"\252\277\317\277\373\0347\006\250qCA\351'F\322\314\215"
 108      FB1C3706 
 108      A8714341 
 108      E92746D2 
 108      CC8D
 109 02dc 0FCA6B76 		.ascii	"\017\312kv\230\270\261\234\032oM\324\336\321\223+\334"
 109      98B8B19C 
 109      1A6F4DD4 
 109      DED1932B 
 109      DC
 110 02ed 58D154D7 		.ascii	"X\321T\327!\237>\305\324xy\264\265\310L:\2701x\253}"
 110      219F3EC5 
 110      D47879B4 
 110      B5C84C3A 
 110      B83178AB 
ARM GAS  C:\Users\User\AppData\Local\Temp\ccydcKP1.s 			page 8


 111 0302 7718370E 		.ascii	"w\0307\016Q}\375\241-\273\347\222\033\334x\271\177W"
 111      517DFDA1 
 111      2DBBE792 
 111      1BDC78B9 
 111      7F57
 112 0314 BE7CD8B4 		.ascii	"\276|\330\264R}c\351\201o\315\34467\226\367o\333(\033"
 112      527D63E9 
 112      816FCDE4 
 112      363796F7 
 112      6FDB281B 
 113 0328 5F47F550 		.ascii	"_G\365P\323\221.=\031\346\266\216\373mE\341d\214+UO"
 113      D3912E3D 
 113      19E6B68E 
 113      FB6D45E1 
 113      648C2B55 
 114 033d FFBAD740 		.ascii	"\377\272\327@\202\\i\335\266]\331i\007\351iWR\0254\361"
 114      825C69DD 
 114      B65DD969 
 114      07E96957 
 114      521534F1 
 115 0351 E36D6724 		.ascii	"\343mg$\365P\326Ym&\205:\212\2353\321=r*\034\"\243\247"
 115      F550D659 
 115      6D26853A 
 115      8A9D33D1 
 115      3D722A1C 
 116 0368 9E9868ED 		.ascii	"\236\230h\355bt\341bt\262\325\355\221W\342\016\256D"
 116      6274E162 
 116      74B2D5ED 
 116      9157E20E 
 116      AE44
 117 037a 2F66BD1F 		.ascii	"/f\275\037\345\277(7Q\372Pn\241\334F\031@\371\017\312"
 117      E5BF2837 
 117      51FA506E 
 117      A1DC4619 
 117      40F90FCA 
 118 038e BF516EA8 		.ascii	"\277Qn\250\005GW\2469b\213$\325\277\302\326\346\033"
 118      054757A6 
 118      39628B24 
 118      D5BFC2D6 
 118      E61B
 119 03a0 5C1B4A39 		.ascii	"\\\033J9\265\332\025\323\267\017\342\317\274\225\313"
 119      B5DA15D3 
 119      B70FE2CF 
 119      BC95CB
 120 03af 4A8EC23B 		.ascii	"J\216\302;B\341\323\266&\005\257V\301\335\241\340}\020"
 120      42E1D3B6 
 120      2605AF56 
 120      C1DDA1E0 
 120      7D10
 121 03c1 8A4E51D1 		.ascii	"\212NQ\321m\241\350+\241\350\336\267U\364\265P\364\325"
 121      6DA1E82B 
 121      A1E8DEB7 
 121      55F4B550 
 121      F4D5
 122 03d3 1971F76A 		.ascii	"\031q\367j\342\276\036\012\257\2349\315U*\2749\024\336"
 122      E2BE1E0A 
 122      AF9C39CD 
ARM GAS  C:\Users\User\AppData\Local\Temp\ccydcKP1.s 			page 9


 122      552ABC39 
 122      14DE
 123 03e5 3423724D 		.ascii	"4#rM,?\204\242\333gD\256\231\347\277B\321\227g\206\362"
 123      2C3F84A2 
 123      DB6744AE 
 123      99E7BF42 
 123      D1976786 
 124 03fa 8E0ABF14 		.ascii	"\216\012\277\024\012\277\250\222\313{\374\002\337\343"
 124      0ABFA892 
 124      CB7BFC02 
 124      DFE3
 125 0408 3DD3F7B8 		.ascii	"=\323\367\270\274\330M\232\305n\015\345j\321\270\306"
 125      BCD84D9A 
 125      C56E0DE5 
 125      6AD1B8C6 
 126 0418 8A3C3D3E 		.ascii	"\212<=>P0\227\224\260\212\024':\372^\0139\022\224*\204"
 126      50309794 
 126      B08A1427 
 126      3AFA5E0B 
 126      3912942A 
 127 042d 7B587CCF 		.ascii	"{X|\317R\210<\360\266\026vD\014\"\321]\365\210\350Q"
 127      52883CF0 
 127      B6167644 
 127      0C22D15D 
 127      F588E851 
 128 0441 8E88ED3D 		.ascii	"\216\210\355=\201\033\372H\331\177\361\217\371\027~"
 128      811BFA48 
 128      D97FF18F 
 128      F9177E
 129 0450 B273FAD7 		.ascii	"\262s\372\327\366\360\370\347\304\262~\352o\026\206"
 129      F6F0F8E7 
 129      C4B27EEA 
 129      6F1686
 130 045f 34C7A800 		.ascii	"4\307\250\000\303`\241@\332#\370p\311\271\023b\027\226"
 130      C360A140 
 130      DA23F870 
 130      C9B91362 
 130      1796
 131 0471 3EDEBC60 		.ascii	">\336\274`\036\243\340\367#\300\216\012S\203\312\003"
 131      1EA3E0F7 
 131      23C08E0A 
 131      5383CA03 
 132 0481 C0C67154 		.ascii	"\300\306qT\024\344\353\2272\004\312\027\262.\312\252"
 132      14E4EB97 
 132      3204CA17 
 132      B22ECAAA 
 133 0491 2853B29F 		.ascii	"(S\262\237\3741h\030\271\231{R\036~\003\003\371\246"
 133      FC316818 
 133      B9997B52 
 133      1E7E0303 
 133      F9A6
 134 04a3 C6D8F9D7 		.ascii	"\306\330\371\327 \252\016\000\264\037h\010y\330\262"
 134      20AA0E00 
 134      B41F6808 
 134      79D8B2
 135 04b2 7D2A3E41 		.ascii	"}*>A\235\034(\251\032.k\3547wc\332qd\347R`cC\007\244"
 135      9D1C28A9 
ARM GAS  C:\Users\User\AppData\Local\Temp\ccydcKP1.s 			page 10


 135      1A2E6BEC 
 135      377763DA 
 135      7164E752 
 136 04cb 5E33F992 		.ascii	"^3\371\222\325\011\234\017\216\006\346\362SN\324\334"
 136      D5099C0F 
 136      8E06E6F2 
 136      534ED4DC 
 137 04db C49EE737 		.ascii	"\304\236\3477\261\261\334+\247\315\363\277`W\253<i\236"
 137      B1B1DC2B 
 137      A7CDF3BF 
 137      6057AB3C 
 137      699E
 138 04ed 08EFFF02 		.ascii	"\010\357\377\002\036a\242\037\262D\217\302|l\323ur\371"
 138      1E61A21F 
 138      B2448FC2 
 138      7C6CD375 
 138      72F9
 139 04ff B5961C37 		.ascii	"\265\226\0347/\334)\355\354\301\013\304\0062VQ(\265"
 139      2FDC29ED 
 139      ECC10BC4 
 139      06325651 
 139      28B5
 140 0511 E2674B19 		.ascii	"\342gK\031\016F\324\022\301Wl\037\340\001\003\367\261"
 140      0E46D412 
 140      C1576C1F 
 140      E00103F7 
 140      B1
 141 0522 2804BC1E 		.ascii	"(\004\274\036.\244\377!5\203\335zr\213\207\265\271\246"
 141      2EA4FF21 
 141      3583DD7A 
 141      728B87B5 
 141      B9A6
 142 0534 B5972059 		.ascii	"\265\227 Y\017\026Z\335\016R\231W\373\251\264\0138\325"
 142      0F165ADD 
 142      0E529957 
 142      FBA9B40B 
 142      38D5
 143 0546 B84A354E 		.ascii	"\270J5N\251\350\313cF\321\330\337\371\027rZ\317\030"
 143      A9E8CB63 
 143      46D1D8DF 
 143      F917725A 
 143      CF18
 144 0558 2A3F6FB9 		.ascii	"*?o\271g\224\031\256\037%w\306\373\244b3'x\242\022<"
 144      679419AE 
 144      1F2577C6 
 144      FBA46233 
 144      2778A212 
 145 056d 51089E32 		.ascii	"Q\010\2362\202\301\213}\217\214\244\322\300\030\216"
 145      82C18B7D 
 145      8F8CA4D2 
 145      C0188E
 146 057c 8DD4D528 		.ascii	"\215\324\325(1<h&\343\273\013\003\251\234`B%\230P\010"
 146      313C6826 
 146      E3BB0B03 
 146      A99C6042 
 146      25985008 
 147 0590 2619C1D7 		.ascii	"&\031\301\327\025e7\303H\261\221\021\224]\031\0350\350"
ARM GAS  C:\Users\User\AppData\Local\Temp\ccydcKP1.s 			page 11


 147      156537C3 
 147      48B19111 
 147      945D191D 
 147      30E8
 148 05a2 445E8A34 		.ascii	"D^\2124O8v\366\322\265R\335\217f4W\244\031\225D9\245"
 148      4F3876F6 
 148      D2B552DD 
 148      8F663457 
 148      A4199544 
 149 05b8 7B5A26BE 		.ascii	"{Z&\2763\311\021<i\177\351S\036\001\202 \250F\020T\""
 149      33C9113C 
 149      697FE953 
 149      1E018220 
 149      A8461054 
 150 05cd F858A411 		.ascii	"\370X\244\021\224\355(\255&\344\013\036\301g[\2376\213"
 150      94ED28AD 
 150      26E40B1E 
 150      C1675B9F 
 150      368B
 151 05df 4A1206C8 		.ascii	"J\022\006\310dPMB\2368\305\200\257\234!\2371\324\237"
 151      64504D42 
 151      9E38C580 
 151      AF9C219F 
 151      31D49F
 152 05f2 AD7C144E 		.ascii	"\255|\024N\362L\214\241\253\266\276L\367\342niH\242"
 152      F24C8CA1 
 152      ABB6BE4C 
 152      F7E26E69 
 152      48A2
 153 0604 D7C2D737 		.ascii	"\327\302\3277\3445K\322.\221\355\270\002\316\240\371"
 153      E4354BD2 
 153      2E91EDB8 
 153      02CEA0F9 
 154 0614 772BA044 		.ascii	"w+\240DP(\276H\257\345cW\273,\332MJ\235\252\233\264"
 154      5028BE48 
 154      AFE56357 
 154      BB2CDA4D 
 154      4A9DAA9B 
 155 0629 48B428EE 		.ascii	"H\264(\356\361\225m\352\277\267\351\264x:M\025_,\362"
 155      F1956DEA 
 155      BFB7E9B4 
 155      783A4D15 
 155      5F2CF2
 156 063c 4D4D7B43 		.ascii	"MM{C\352[\313l~\233\316\266\306\233eZ\261\352\275\250"
 156      EA5BCB6C 
 156      7E9BCEB6 
 156      C69B655A 
 156      B1EABDA8 
 157 0650 A4F878C1 		.ascii	"\244\370x\301l\265\3468]\376\305\011V\177>d\374&-#\323"
 157      6CB5E638 
 157      5DFEC509 
 157      567F3E64 
 157      FC262D23 
 158 0665 99EEE4AD 		.ascii	"\231\356\344\255\317\237cw\272\343\023?Xl\375\320\351"
 158      CF9F6377 
 158      BAE3133F 
 158      586CFDD0 
ARM GAS  C:\Users\User\AppData\Local\Temp\ccydcKP1.s 			page 12


 158      E9
 159 0676 B2BB3FF4 		.ascii	"\262\273?\364i\307\323\374nw\226/m\255+'\212\275E\331"
 159      69C7D3FC 
 159      6E77962F 
 159      6DAD2B27 
 159      8ABD45D9 
 160 068a BCD9518E 		.ascii	"\274\331Q\216\354t\207\335\356\260\247-\211]\034\225"
 160      EC7487DD 
 160      EEB0A72D 
 160      895D1C95 
 161 069a F04A7CE2 		.ascii	"\360J|\342\237\343\323p\374e\227\333\345x\331aCf\247"
 161      9FE3D370 
 161      FC6597DB 
 161      E578D961 
 161      4366A7
 162 06ad 2B232BC7 		.ascii	"+#+\307\356H\313\266!\227\313\221f\265;\326\330r\262"
 162      EE48CBB6 
 162      2197CB91 
 162      66B53BD6 
 162      D872B2
 163 06c0 FC56FF3A 		.ascii	"\374V\377:\217\303\027\233)\230\224p\326\375\037\243"
 163      8FC3179B 
 163      29989470 
 163      D6FD1FA3 
 164 06d0 F1ADF3A5 		.ascii	"\361\255\363\245Y}~;\272\306\020\210\333\356\325{r<"
 164      597D7E3B 
 164      BAC61088 
 164      DBEED57B 
 164      723C
 165 06e2 76AFD1ED 		.ascii	"v\257\321\355\3638\034v\257\301M\303\363\352\263\335"
 165      F3381C76 
 165      AFC14DC3 
 165      F3EAB3DD 
 166 06f2 76879726 		.ascii	"v\207\227&0\323\236\244D\227D\333wgF\247\031\347H\267"
 166      30D39EA4 
 166      449744DB 
 166      776746A7 
 166      19E748B7 
 167 0706 2F3E7149 		.ascii	"/>qI\234\333\027\227i\313\212\363\270\275~_\334\273"
 167      9CDB1797 
 167      69CB8AF3 
 167      B8BD7E5F 
 167      DCBB
 168 0718 7F7C6771 		.ascii	"\177|gqB\\J\312\262\270\025\251\311\253?H\240&\253\007"
 168      425C4ACA 
 168      B2B815A9 
 168      C9AB3F48 
 168      A026AB07 
 169 072c 252BCB8E 		.ascii	"%+\313\216\201D\370\374\331\230\212\265\036\247\333"
 169      8144F8FC 
 169      D9988AB5 
 169      1EA7DB
 170 073b EA73F873 		.ascii	"\352s\370s<V\277!5\231.\242!u%\357V\360n9\357\336\344"
 170      3C56BF21 
 170      35992EA2 
 170      217525EF 
 170      56F06E39 
ARM GAS  C:\Users\User\AppData\Local\Temp\ccydcKP1.s 			page 13


 171 0752 DD32DE25 		.ascii	"\3352\336%\361\356\367\274{\203wo\323.,\365\215\224"
 171      F1EEF7BC 
 171      7B83776F 
 171      D32E2CF5 
 171      8D94
 172 0764 24B76B8D 		.ascii	"$\267k\215s\255\021=&\273\234\376\344g\234\217\317\233"
 172      73AD113D 
 172      26BB9CFE 
 172      E4679C8F 
 172      CF9B
 173 0776 41FBD80C 		.ascii	"A\373\330\014\301\340\363S\302\324g$\224\227\206e\304"
 173      C1E0F353 
 173      C2D46724 
 173      94978665 
 173      C4
 174 0787 4757252C 		.ascii	"GW%,\335m\363\332)u\3723R3\"\232|\353\252\367\222R\336"
 174      DD6DF3DA 
 174      2975FA33 
 174      5233229A 
 174      7CEBAAF7 
 175 079e 5C1DFFEA 		.ascii	"\\\035\377\352\253\326\345\211K\022\377\224\314M\350"
 175      ABD6E589 
 175      4B12FF94 
 175      CC4DE8
 176 07ad CCB8D6C3 		.ascii	"\314\270\326\303f\361\207\237q\026H\211\314s\224\365"
 176      66F1879F 
 176      71164889 
 176      CC7394F5 
 177 07bd B53A91DF 		.ascii	"\265:\221\337\222\251Q\254?cM\261vy\342G\037\305e"
 177      92A951AC 
 177      3F634DB1 
 177      7679E247 
 177      1FC565
 178 07d0 AAE5443D 		.ascii	"\252\345D=+\373-\203-\377\377\000\350d\011n"
 178      2BFB2D83 
 178      2DFFFF00 
 178      E864096E 
 179              		.text
 180              		.section	.gnu.lto_.symtab.9ec81fc6,"",%progbits
 181 0000 68616C49 		.ascii	"halInit\000"
 181      6E697400 
 182 0008 00       		.ascii	"\000"
 183 0009 00       		.ascii	"\000"
 184 000a 00       		.ascii	"\000"
 185 000b 00000000 		.ascii	"\000\000\000\000\000\000\000\000"
 185      00000000 
 186 0013 F8000000 		.ascii	"\370\000\000\000"
 187 0017 70616C5F 		.ascii	"pal_default_config\000"
 187      64656661 
 187      756C745F 
 187      636F6E66 
 187      696700
 188 002a 00       		.ascii	"\000"
 189 002b 02       		.ascii	"\002"
 190 002c 00       		.ascii	"\000"
 191 002d 00000000 		.ascii	"\000\000\000\000\000\000\000\000"
 191      00000000 
ARM GAS  C:\Users\User\AppData\Local\Temp\ccydcKP1.s 			page 14


 192 0035 06010000 		.ascii	"\006\001\000\000"
 193 0039 7374496E 		.ascii	"stInit\000"
 193      697400
 194 0040 00       		.ascii	"\000"
 195 0041 02       		.ascii	"\002"
 196 0042 00       		.ascii	"\000"
 197 0043 00000000 		.ascii	"\000\000\000\000\000\000\000\000"
 197      00000000 
 198 004b FA000000 		.ascii	"\372\000\000\000"
 199 004f 626F6172 		.ascii	"boardInit\000"
 199      64496E69 
 199      7400
 200 0059 00       		.ascii	"\000"
 201 005a 02       		.ascii	"\002"
 202 005b 00       		.ascii	"\000"
 203 005c 00000000 		.ascii	"\000\000\000\000\000\000\000\000"
 203      00000000 
 204 0064 FC000000 		.ascii	"\374\000\000\000"
 205 0068 67707449 		.ascii	"gptInit\000"
 205      6E697400 
 206 0070 00       		.ascii	"\000"
 207 0071 02       		.ascii	"\002"
 208 0072 00       		.ascii	"\000"
 209 0073 00000000 		.ascii	"\000\000\000\000\000\000\000\000"
 209      00000000 
 210 007b FE000000 		.ascii	"\376\000\000\000"
 211 007f 5F70616C 		.ascii	"_pal_lld_init\000"
 211      5F6C6C64 
 211      5F696E69 
 211      7400
 212 008d 00       		.ascii	"\000"
 213 008e 02       		.ascii	"\002"
 214 008f 00       		.ascii	"\000"
 215 0090 00000000 		.ascii	"\000\000\000\000\000\000\000\000"
 215      00000000 
 216 0098 02010000 		.ascii	"\002\001\000\000"
 217 009c 68616C5F 		.ascii	"hal_lld_init\000"
 217      6C6C645F 
 217      696E6974 
 217      00
 218 00a9 00       		.ascii	"\000"
 219 00aa 02       		.ascii	"\002"
 220 00ab 00       		.ascii	"\000"
 221 00ac 00000000 		.ascii	"\000\000\000\000\000\000\000\000"
 221      00000000 
 222 00b4 04010000 		.ascii	"\004\001\000\000"
 223              		.text
 224              		.section	.gnu.lto_.opts,"",%progbits
 225 0000 272D666D 		.ascii	"'-fmath-errno' '-fsigned-zeros' '-ftrapping-math' '"
 225      6174682D 
 225      6572726E 
 225      6F272027 
 225      2D667369 
 226 0033 2D666E6F 		.ascii	"-fno-trapv' '-fno-openmp' '-fno-openacc' '-mcpu=cor"
 226      2D747261 
 226      70762720 
 226      272D666E 
ARM GAS  C:\Users\User\AppData\Local\Temp\ccydcKP1.s 			page 15


 226      6F2D6F70 
 227 0066 7465782D 		.ascii	"tex-m7' '-mno-thumb-interwork' '-mthumb' '-ggdb' '-"
 227      6D372720 
 227      272D6D6E 
 227      6F2D7468 
 227      756D622D 
 228 0099 4F322720 		.ascii	"O2' '-fomit-frame-pointer' '-falign-functions=16' '"
 228      272D666F 
 228      6D69742D 
 228      6672616D 
 228      652D706F 
 229 00cc 2D666675 		.ascii	"-ffunction-sections' '-fdata-sections' '-fno-common"
 229      6E637469 
 229      6F6E2D73 
 229      65637469 
 229      6F6E7327 
 230 00ff 2720272D 		.ascii	"' '-flto'\000"
 230      666C746F 
 230      2700
 231              		.text
 232              		.comm	__gnu_lto_v1,1,1
 233              		.comm	__gnu_lto_slim,1,1
 234              		.ident	"GCC: (GNU Tools for ARM Embedded Processors 6-2017-q1-update) 6.3.1 20170215 (release) [AR
ARM GAS  C:\Users\User\AppData\Local\Temp\ccydcKP1.s 			page 16


DEFINED SYMBOLS
                            *ABS*:00000000 hal.c
                            *COM*:00000001 __gnu_lto_v1
                            *COM*:00000001 __gnu_lto_slim

NO UNDEFINED SYMBOLS
