ARM GAS  C:\Users\User\AppData\Local\Temp\ccyJNWQa.s 			page 1


   1              		.cpu cortex-m7
   2              		.eabi_attribute 20, 1
   3              		.eabi_attribute 21, 1
   4              		.eabi_attribute 23, 3
   5              		.eabi_attribute 24, 1
   6              		.eabi_attribute 25, 1
   7              		.eabi_attribute 26, 1
   8              		.eabi_attribute 30, 2
   9              		.eabi_attribute 34, 1
  10              		.eabi_attribute 18, 4
  11              		.file	"hal_st.c"
  12              		.text
  13              	.Ltext0:
  14              		.section	.gnu.lto_.profile.9ec83510,"",%progbits
  15 0000 789C6365 		.ascii	"x\234ce`b`a```d\220\342\001\000\000\300\0003"
  15      60626061 
  15      60606064 
  15      90E20100 
  15      00C00033 
  16              		.text
  17              		.section	.gnu.lto_.icf.9ec83510,"",%progbits
  18 0000 789C6365 		.ascii	"x\234ce`bP`@\000V\206\205??\354\345a|\177c\371J\026"
  18      60625060 
  18      40005686 
  18      853F3FEC 
  18      E5617C7F 
  19 0018 A67D171E 		.ascii	"\246}\027\036\254ga~\177\256\367/;\313\211\217\213\026"
  19      AC67617E 
  19      7FAEF72F 
  19      3BCB898F 
  19      8B16
  20 002a F0320000 		.ascii	"\3602\000\000\0217\020\034"
  20      1137101C 
  21              		.text
  22              		.section	.gnu.lto_.jmpfuncs.9ec83510,"",%progbits
  23 0000 789C6365 		.ascii	"x\234ce`b\020c@\000V\020\301\010\004\365L\014\014\314"
  23      60621063 
  23      40005610 
  23      C10804F5 
  23      4C0C0CCC 
  24 0014 209A0528 		.ascii	" \232\005(\000\000\016\012\0011"
  24      00000E0A 
  24      0131
  25              		.text
  26              		.section	.gnu.lto_.inline.9ec83510,"",%progbits
  27 0000 789C6365 		.ascii	"x\234ce`b\310g@\000V\006\006\026\036F\240 \003\003\333"
  27      6062C867 
  27      40005606 
  27      06161E46 
  27      A0200303 
  28 0015 027910C5 		.ascii	"\002y\020\305\300\310\005\"\030\330X\031\031\031\004"
  28      C0C80522 
  28      18D85819 
  28      191904
  29 0024 18191898 		.ascii	"\030\031\030\230\330>\350\301%\231\030X\230\201\312"
  29      D83EE8C1 
  29      25991858 
ARM GAS  C:\Users\User\AppData\Local\Temp\ccyJNWQa.s 			page 2


  29      9881CA
  30 0033 992EF0C3 		.ascii	"\231.\360\303\205\230ABP\245\310\342,\230J\031\000\312"
  30      85984142 
  30      50A5C8E2 
  30      2C984A19 
  30      00CA
  31 0045 39089E   		.ascii	"9\010\236"
  32              		.text
  33              		.section	.gnu.lto_.pureconst.9ec83510,"",%progbits
  34 0000 789C6365 		.ascii	"x\234ce`b\340f```e\220`\224b\222b\226b\221\002\000\004"
  34      6062E066 
  34      60606065 
  34      90609462 
  34      92629662 
  35 0018 1000A2   		.ascii	"\020\000\242"
  36              		.text
  37              		.section	.gnu.lto_stInit.9ec83510,"",%progbits
  38 0000 789C6365 		.ascii	"x\234ce`bX\314\300\300\340\007\304\322@\314\310\314"
  38      606258CC 
  38      C0C0E007 
  38      C4D240CC 
  38      C8CC
  39 0012 C0C834E1 		.ascii	"\300\3104\341\034\003C#\007\023##\210\321\300\301\310"
  39      1C034323 
  39      07132323 
  39      88D1C0C1 
  39      C8
  40 0023 50CFC458 		.ascii	"P\317\304X\317\330\317<\235\231\361P\373\263\235L\232"
  40      CFD8CF3C 
  40      9D99F150 
  40      FBB39D4C 
  40      9A
  41 0034 CB1B80E0 		.ascii	"\313\033\200\340\300\364\037\222\015+\0160\316gf`\230"
  41      C0F41F92 
  41      0D2B0E30 
  41      CE676660 
  41      98
  42 0045 09C420C0 		.ascii	"\011\304 \300\270\234Q\223\001\250\354\321\306\177S"
  42      B89C5193 
  42      01A8ECD1 
  42      C67F53
  43 0054 79D95820 		.ascii	"y\331X \342\214+\030\331\030\201\364\372K\214\007\032"
  43      E28C2B18 
  43      D91881F4 
  43      FA4B8C07 
  43      1A
  44 0065 FEFD6F6F 		.ascii	"\376\375oo8pg\021\343\177V\240T\027\020\203\354\350"
  44      38706711 
  44      E37F56A0 
  44      54171083 
  44      ECE8
  45 0077 666602D1 		.ascii	"ff\002\321\314\257\031\233\027\374\226\006\251\007\031"
  45      CCAF199B 
  45      17FC9606 
  45      A90719
  46 0086 B273E79B 		.ascii	"\262s\347\233\333\354\365\177\0338\34633\316d\006\232"
  46      DBECF57F 
ARM GAS  C:\Users\User\AppData\Local\Temp\ccyJNWQa.s 			page 3


  46      1B38E633 
  46      33CE6406 
  46      9A
  47 0097 C0B892B1 		.ascii	"\300\270\222\261\236a>P\355[\306\246\005\377\271\301"
  47      9E613E50 
  47      ED5BC6A6 
  47      05FFB9C1 
  48 00a7 EA40A00B 		.ascii	"\352@\240\013(\011\324\316\304\300\340\343l\025\223"
  48      2809D4CE 
  48      C4C0E0E3 
  48      6C1593
  49 00b6 9C919994 		.ascii	"\234\221\231\224\031\343\014\"\203KJS2\363\015\315\313"
  49      19E30C22 
  49      834B4A53 
  49      32F30DCD 
  49      CB
  50 00c7 8CE3CB33 		.ascii	"\214\343\3133\363R\362\313\213\221\305!*\363\213\015"
  50      F352F2CB 
  50      8B91C521 
  50      2AF38B0D 
  51 00d7 CDCDF4F3 		.ascii	"\315\315\364\363\213\3653\022s\364\213\213\222At|q\211"
  51      8BF53312 
  51      73F48B8B 
  51      9241747C 
  51      7189
  52 00e9 5E320300 		.ascii	"^2\003\000\227\332S\305"
  52      97DA53C5 
  53              		.text
  54              		.section	.gnu.lto_stStartAlarm.9ec83510,"",%progbits
  55 0000 789CA552 		.ascii	"x\234\245RKH\224Q\024\276\337\275\343?\303\364\260E"
  55      4B489451 
  55      14BEDFBD 
  55      E33FC3F4 
  55      B045
  56 0012 8BA05944 		.ascii	"\213\240YD b\013\177&!\241\255\021\004J\013\2056\202"
  56      20620B7F 
  56      2621A1AD 
  56      11044A0B 
  56      853682
  57 0025 E8183860 		.ascii	"\350\0308`M\370O\272\313\353\244Ic\257M3\316b\372\205"
  57      4DF84FBA 
  57      CBEBA449 
  57      63AF4D33 
  57      CE62FA85 
  58 0039 29D4319F 		.ascii	")\3241\237=\324\262\370\231\2126\345\210-\012J\210@"
  58      3DD4B2F8 
  58      998A36E5 
  58      882D0A4A 
  58      8840
  59 004b 29281093 		.ascii	")(\020\223$\002\247s\357La\273\250\013\367q\316\375"
  59      2402A773 
  59      EF4C61BB 
  59      A80BF771 
  59      CEFD
  60 005d CE77BE73 		.ascii	"\316w\276s\357)b\234e9c\217\031c{iB0\360k\363\214uy"
  60      EF29629C 
  60      6539638F 
ARM GAS  C:\Users\User\AppData\Local\Temp\ccyJNWQa.s 			page 4


  60      19637B69 
  60      4230F06B 
  61 0075 38A00ED2 		.ascii	"8\240\016\322\003\326\311\321\211\253\".\220\351]\231"
  61      03D6C9D1 
  61      89AB222E 
  61      90E95D99 
  62 0085 E5658392 		.ascii	"\345e\203\222\206\023\2371.\310\236=\266`,AS\015\014"
  62      86139F31 
  62      2EC89E3D 
  62      B6602C41 
  62      530D0C
  63 0098 A28C50CF 		.ascii	"\242\214P\317r\033N\361\025a\013\200\223\271\270\372"
  63      721B4EF1 
  63      15610B80 
  63      93B9B8FA 
  64 00a8 22B94D99 		.ascii	"\"\271M\231\034\273\310\374\221\236xW,\216\203\321y"
  64      1CBBC8FC 
  64      919E7857 
  64      2C8E83D1 
  64      79
  65 00b9 ED86B3BF 		.ascii	"\355\206\263\277\364\226\224\021\351|>/\344n[\010\244"
  65      F4969411 
  65      E97C3E2F 
  65      E46E5B08 
  65      A4
  66 00ca 21880FC3 		.ascii	"!\210\017\303\360a\010>F.\206\021\224*\370\207\311\315"
  66      F061083E 
  66      462E8611 
  66      942AF887 
  66      C9CD
  67 00dc EB3B0C57 		.ascii	"\353;\014W\352WJ\334\206\001\332\307\027\341\310\315"
  67      EA574ADC 
  67      8601DAC7 
  67      17E1C8CD 
  68 00ec 5CAF74D6 		.ascii	"\\\257t\326o\342\325Q7i\247\010A\261.\306\242\204T\225"
  68      6FE2D551 
  68      3769A708 
  68      41B12EC6 
  68      A2845495 
  69 0100 F409AE76 		.ascii	"\364\011\256v\261\014\256\270.:\321\247^qB\313x\375"
  69      B10CAEB8 
  69      2E3AD1A7 
  69      5E7142CB 
  69      78FD
  70 0112 3619F796 		.ascii	"6\031\367\226\244\264\216\225\304\366~\351D\366))\243"
  70      A4B48E95 
  70      C4F67EE9 
  70      44F62929 
  70      A3
  71 0123 7F4AD125 		.ascii	"\177J\321%\216\241$IL\237\020Y\353\315N\277\031\011"
  71      8EA12449 
  71      4C9F1059 
  71      EBCD4EBF 
  71      1909
  72 0135 FFD6D59D 		.ascii	"\377\326\325\235\177\226\005C(\220\026\227\020\330\242"
  72      7F960543 
  72      28901697 
ARM GAS  C:\Users\User\AppData\Local\Temp\ccyJNWQa.s 			page 5


  72      10D8A2
  73 0144 9B611C06 		.ascii	"\233a\034\006QL\300H\012\221g\311\304\276\317=Y\212"
  73      514CC048 
  73      0A9167C9 
  73      C4BECF3D 
  73      598A
  74 0156 B8959390 		.ascii	"\270\225\223\220\261\236L\326\255\336\252H\007\316\217"
  74      B19E4CD6 
  74      ADDEAA48 
  74      07CE8F
  75 0165 6EAC7AF3 		.ascii	"n\254z\363\246\"w\221+5\366\355\271\307F\022\26600E"
  75      A6227791 
  75      2B35F6ED 
  75      B9C74612 
  75      B6303045 
  76 0179 CA269532 		.ascii	"\312&\2252\272H\277\\\377\3526Gew\227\0348g\0137\356"
  76      BA48BF5C 
  76      FFEA3647 
  76      6577971C 
  76      38670B37 
  77 018e C0463F15 		.ascii	"\300F?\025\257\263\022 \027\233\\2\374\343\0320E\341"
  77      AFB31220 
  77      179B5C32 
  77      FCE31A30 
  77      45E1
  78 01a0 1EDC8589 		.ascii	"\036\334\205\211\003\276\002\002\367\340'YJ\323\372"
  78      03BE0202 
  78      F7E02759 
  78      4AD3FA
  79 01af C7B99E9D 		.ascii	"\307\271\236\235\005E\177\233\317\203\373:\037\012l"
  79      05457F9B 
  79      CF83FB3A 
  79      1F0A6C
  80 01be D330B7D6 		.ascii	"\3230\267\326Cm\204\031\212\324\354\217\376\201}V\263"
  80      436D8419 
  80      8AD4EC8F 
  80      FE817D56 
  80      B3
  81 01cf F302FB03 		.ascii	"\363\002\373\003\315>g_\032\366\346\3319\036R\3442\""
  81      CD3E675F 
  81      1AF6E6D9 
  81      391E52E4 
  81      3222
  82 01e1 EFFB8602 		.ascii	"\357\373\206\002\272/\324\037\260/\210\014\014^\206"
  82      BA2FD41F 
  82      B02F880C 
  82      0C5E86
  83 01f0 72E8EF8B 		.ascii	"r\350\357\213\222>j\002j\371\352\252\303\365\201\226"
  83      923E6A02 
  83      6AF9EAAA 
  83      C3F58196 
  84 0200 6053B0BE 		.ascii	"`S\260\276J\255\265\341\263\315\301\220\277\262\275"
  84      4AADB5E1 
  84      B3CDC190 
  84      BFB2BD
  85 020f A2A12378 		.ascii	"\242\241#x\2729\324am\365\347\221!\313_y\310\014YfK"
  85      BA39D461 
ARM GAS  C:\Users\User\AppData\Local\Temp\ccyJNWQa.s 			page 6


  85      6DF5E791 
  85      21CB5F79 
  85      C80C5966 
  86 0224 63AB69B5 		.ascii	"c\253i\265\005\324\336`\205\313\003\314\335\330d\205"
  86      05D4DE60 
  86      85CB03CC 
  86      DDD86485 
  87 0234 83A74EBA 		.ascii	"\203\247N\272\324\322\364\237\314gBma\313\254\255\253"
  87      D4D2F49F 
  87      CC67426D 
  87      61CBACAD 
  87      AB
  88 0245 A9386856 		.ascii	"\2518hVW\0371\353\216\325\264\373\013\271\032Z[\233"
  88      571F31EB 
  88      8ED5B4FB 
  88      0BB91A5A 
  88      5B9B
  89 0257 CB5BD84F 		.ascii	"\313[\330O\015\232,\377"
  89      0D9A2CFF 
  90              		.text
  91              		.section	.gnu.lto_stStopAlarm.9ec83510,"",%progbits
  92 0000 789CA550 		.ascii	"x\234\245P\277KBQ\024>\337\273\366\222\240=(Z\232\\"
  92      BF4B4251 
  92      143EDFBB 
  92      F692A03D 
  92      285A9A5C 
  93 0014 BC5890D0 		.ascii	"\274X\220\320\320b\004\201N6\012R:\370@z\341\263\034"
  93      D0620481 
  93      4E360A52 
  93      3AF8407A 
  93      E1B31C
  94 0027 7D862558 		.ascii	"}\206%XTK?\034\342\015\016\366\303\03786\004bAS\005"
  94      544B3F1C 
  94      E20D0EF6 
  94      C31F3836 
  94      04624153 
  95 003c FD05E150 		.ascii	"\375\005\341P4\004ARA\220\335\373\214p\357\300\271\347"
  95      34044152 
  95      4190DDFB 
  95      8C70EFC0 
  95      B9E7
  96 004e DEEF7CF7 		.ascii	"\336\357|\367\373\316\275}\244\020\007Q\235\210\206"
  96      FBCEBD7D 
  96      A4100751 
  96      9D8886
  97 005d 45821194 		.ascii	"E\202\021\224\335[\242\214S\001\344\306t\202\322\012"
  97      DD5BA28C 
  97      5301E4C6 
  97      7482D20A 
  98 006d D2D86107 		.ascii	"\322\330a\007\014\315\334\343\271\342*\231\"\032\007"
  98      0CCDDCE3 
  98      B9E22A99 
  98      221A07
  99 007c 6D75C35C 		.ascii	"mu\303\\\037\262\030QA\244\014\224\340\"Ak\325\277\367"
  99      1FB21851 
  99      41A40C94 
  99      E022416B 
ARM GAS  C:\Users\User\AppData\Local\Temp\ccyJNWQa.s 			page 7


  99      D5BFF7
 100 008f 06554717 		.ascii	"\006UG\027\3071TaA\265{4\314\357N\316l\\\025\3615+Z"
 100      C7315461 
 100      41B57B34 
 100      CCEF4ECE 
 100      6C5C15F1 
 101 00a6 7991D263 		.ascii	"y\221\322c\223)\262\262g4\333\237\326\345S\253\357O"
 101      9329B2B2 
 101      6734DB9F 
 101      D6E553AB 
 101      EF4F
 102 00b8 23DBB5FA 		.ascii	"#\333\265\372T\231\255S`\350\325\307\011Tap\012U\200"
 102      5499AD53 
 102      60E8D5C7 
 102      09546170 
 102      0A5580
 103 00cb FBEBCDBB 		.ascii	"\373\353\315\273\376mf1\330\234\333\312\307\353@\367"
 103      FE6D6631 
 103      D89CDBCA 
 103      C7EB40F7 
 104 00db 28351C02 		.ascii	"(5\034\002*V\337\257\235\026\216`1\005e\214\340\014"
 104      2A56DFAF 
 104      9D168E60 
 104      3105658C 
 104      E00C
 105 00ed 2324B9A7 		.ascii	"#$\271\2477\355\267~^1\263\031\363\241\2635Z\236\266"
 105      37EDB77E 
 105      5E31B319 
 105      F3A1B335 
 105      5A9EB6
 106 0100 18430516 		.ascii	"\030C\005\026\016\305\204\266\011\252\340\275\036b\016"
 106      0EC584B6 
 106      09AAE0BD 
 106      1E620E
 107 010f D4C4ED17 		.ascii	"\324\304\355\027\254=l^\214\311\331\354\037\310\213"
 107      AC3D6C5E 
 107      8CC9D9EC 
 107      1FC88B
 108 011e 86788A42 		.ascii	"\206x\212B\344\367M\205\"1mQ\013\371\344\032L\256D5"
 108      E4F74D85 
 108      22316D51 
 108      0BF9E41A 
 108      4CAE4435 
 109 0132 DDE35D9D 		.ascii	"\335\343]\235\010\247\264\245\250\2362z\361.S7<\336"
 109      08A7B4A5 
 109      A89E327A 
 109      F12E5337 
 109      3CDE
 110 0144 49AE1B3C 		.ascii	"I\256\033<\266\020\347F\"\"k\330H\272#\264\370O\261"
 110      B610E746 
 110      22226BD8 
 110      48BA23B4 
 110      F84FB1
 111 0157 653D9134 		.ascii	"e=\2214xp>01\316\375\376\031>?\027X\365\374\312\207"
 111      78703E30 
 111      31CEFDFE 
 111      193E3F17 
ARM GAS  C:\Users\User\AppData\Local\Temp\ccyJNWQa.s 			page 8


 111      58F5FCCA 
 112 016c E3F1A83B 		.ascii	"\343\361\250;F?d\253\247\013"
 112      463F64AB 
 112      A70B
 113              		.text
 114              		.section	.gnu.lto_stSetAlarm.9ec83510,"",%progbits
 115 0000 789CA552 		.ascii	"x\234\245RMh\023A\024\236o'\311\206\250T\320\203`\016"
 115      4D681341 
 115      149E6F27 
 115      C986A854 
 115      D083600E 
 116 0014 2294520F 		.ascii	"\"\224R\017]b\301\202\327\012\"\244xh\301K!4\211\220"
 116      5D62C182 
 116      D70A22A4 
 116      7868C14B 
 116      21348990 
 117 0028 4034D28D 		.ascii	"@4\322\215\355\315N\327\326`\012\325\213I{X\267\020"
 117      EDCD4ED7 
 117      D6600AD5 
 117      8B497B58 
 117      B710
 118 003a A51ACD5F 		.ascii	"\245\032\315_UT\024Y\342\337E[\350E\241\021D\254\340"
 118      55541459 
 118      E2DF455B 
 118      E845A111 
 118      44ACE0
 119 004d 4128F527 		.ascii	"A(\365'\210\320\370fS\245\236\035\230y\363\336|\357"
 119      88D0F866 
 119      53A59E1D 
 119      9879F3DE 
 119      7CEF
 120 005f 7BDF7B8C 		.ascii	"{\337{\214\233)l\227\302\330\023\306\330^\332\340\014"
 120      9B296C97 
 120      C2D813C6 
 120      D85EDAE0 
 120      0C
 121 0070 CAE545C6 		.ascii	"\312\345E\306\306\275\012 /\302\0136\246`\014\227x\216"
 121      C6BD0A20 
 121      2FC20B36 
 121      A6600C97 
 121      788E
 122 0082 A396FEF4 		.ascii	"\243\226\376\364P\351\234\027\264\354\\E\275 &\367X"
 122      50E99C17 
 122      B4EC5C45 
 122      BD2026F7 
 122      58
 123 0093 9CB159DA 		.ascii	"\234\261Y\332ra\036\235\204z\336l\330m\323\334\342\200"
 123      72611E9D 
 123      847ADE6C 
 123      D86DD3DC 
 123      E280
 124 00a5 42EEF2DA 		.ascii	"B\356\362\332+s\233t\025\354$\367W\241Ro\343\307\301"
 124      2B739B74 
 124      15EC24F7 
 124      57A1526F 
 124      E3C7C1
 125 00b8 E8BE7ED5 		.ascii	"\350\276~\325\336\337q]\010C\330\365\363\\\354\2668"
ARM GAS  C:\Users\User\AppData\Local\Temp\ccyJNWQa.s 			page 9


 125      DEDF715D 
 125      0843D8F5 
 125      F35CECB6 
 125      38
 126 00c9 47019CF8 		.ascii	"G\001\234\370p\023~\334\200\237Q\210\341\026:$\374C"
 126      70137EDC 
 126      809F5188 
 126      E1163A24 
 126      FC43
 127 00db 75E3CA0E 		.ascii	"u\343\312\016\217+\377\247$n\303\003\262\345e\330b\243"
 127      8F2BFFA7 
 127      246EC303 
 127      B2E565D8 
 127      62A3
 128 00ed 9916F6C7 		.ascii	"\231\026\366\307kxt\324M\332)\203S\256\213\261\014!"
 128      6B7874D4 
 128      4DDA2983 
 128      53AE8BB1 
 128      0C21
 129 00ff 6527535C 		.ascii	"e'S\\\221\226\257B\221\\\027\355\3143\037?\341\310x"
 129      9196AF42 
 129      915C17ED 
 129      CC331F3F 
 129      E1C878
 130 0112 B362E67C 		.ascii	"\263b\346|\355yG\307\013s\373\214\260\215}RJ\361_)N"
 130      ED7947C7 
 130      0B73FB8C 
 130      B08D7D52 
 130      4AF15F29 
 131 0127 8B25B49B 		.ascii	"\213%\264\233\304\364\031\306zz\351\376\333R\352\257"
 131      C4F419C6 
 131      7A7AE9FE 
 131      DB52EAAF 
 132 0137 AE89D658 		.ascii	"\256\211\326X\036\250\\\202\034q\263\034[t3\224\341"
 132      1EA85C82 
 132      1C71B31C 
 132      5B743394 
 132      E1
 133 0148 218A0A3C 		.ascii	"!\212\012<&\347-\226Z\366\347\343\247\337\015U\006\011"
 133      26E72D96 
 133      5AF6E7E3 
 133      A7DF0D55 
 133      0609
 134 015a 999DAC2D 		.ascii	"\231\235\254-\251rVn'q\261\330X\363\265\\I\356\242P"
 134      A972566E 
 134      2771B1D8 
 134      58F3B55C 
 134      49EEA250 
 135 016e BEF4E3A5 		.ascii	"\276\364\343\245\327\202\011\213{\260@\312\252R\031"
 135      D782098B 
 135      7BB040CA 
 135      AA5219
 136 017d 3D145E7F 		.ascii	"=\024^\177\373\252jE11.\346\316Y\\\305\035X\230\241"
 136      FBAA6A45 
 136      31312EE6 
 136      CE595CC5 
 136      1D5898A1 
ARM GAS  C:\Users\User\AppData\Local\Temp\ccyJNWQa.s 			page 10


 137 0191 E69DAA04 		.ascii	"\346\235\252\004hf\253\357<\201\262\003X\240t/\356B"
 137      6866ABEF 
 137      3C81B203 
 137      58A0742F 
 137      EE42
 138 01a3 C301FF26 		.ascii	"\303\001\377&\002\367\020 Yl\025\306\373\251z\304\231"
 138      02F71020 
 138      596C15C6 
 138      FBA97AC4 
 138      99
 139 01b4 ADEC837D 		.ascii	"\255\354\203}\2011\327\230\206\0148#\310PS4H\3726\301"
 139      8131D798 
 139      860C3823 
 139      C8505334 
 139      48FA36C1 
 140 01c8 DEC38391 		.ascii	"\336\303\203\221X<\034\037\354\225g\177\352l4\236\014"
 140      583C1C1F 
 140      EC95677F 
 140      EA6C349E 
 140      0C
 141 01d9 F48C7487 		.ascii	"\364\214t\207F\343\247\243\311Q}k\274\205L\352\201\236"
 141      46E3A7A3 
 141      C9517D6B 
 141      BC854CEA 
 141      819E
 142 01eb 435A52D7 		.ascii	"CZR\327bC\011M\037\216H\033\322S]\021\246\016\205\365"
 142      6243094D 
 142      1F8E481B 
 142      D2535D11 
 142      A60E85F5 
 143 01ff 54FCD449 		.ascii	"T\374\324I\227<\302\377\311|&9\234\322\265\376\201\276"
 143      973CC2FF 
 143      C97C2639 
 143      9CD2B5FE 
 143      81BE
 144 0211 EE835A30 		.ascii	"\356\203Z0xD\0338\3267\022\330\254\025J$\242]1\366\033"
 144      78441B38 
 144      D63712D8 
 144      AC154A24 
 144      A25D31F6 
 145 0226 29C5EFAB 		.ascii	")\305\357\253"
 146              		.text
 147              		.section	.gnu.lto_stGetAlarm.9ec83510,"",%progbits
 148 0000 789CA590 		.ascii	"x\234\245\220OH\024a\030\306\337g\336\335\231\251\210"
 148      4F481461 
 148      18C6DF67 
 148      DEDD99A9 
 148      88
 149 0011 3ADBD2DD 		.ascii	":\333\322\335\016\016\223\240\320\325 \202\365\244G"
 149      0E0E93A0 
 149      D0D52082 
 149      F5A447
 150 0020 61C9DDC3 		.ascii	"a\311\335\303.,M8\233\036\375\\\014\373\207J\240\253"
 150      2E2C4D38 
 150      9B1EFD5C 
 150      0CFB874A 
 150      A0AB
ARM GAS  C:\Users\User\AppData\Local\Temp\ccyJNWQa.s 			page 11


 151 0032 C432C10A 		.ascii	"\3042\301\012\376\251u\334k\207\030\214\350R\026\336"
 151      FEA975DC 
 151      6B87188C 
 151      E85216DE 
 152 0042 03112F1E 		.ascii	"\003\021/\036\202E%\023\303\351\375v%\274\367\301\367"
 152      82452513 
 152      C3E9FD76 
 152      25BCF7C1 
 152      F7
 153 0053 E77DF9F1 		.ascii	"\347}\371\361\274\317\363%\311\240\247 j\020\321\015"
 153      BCCFF325 
 153      C9A0A720 
 153      6A10D10D 
 154 0063 D9608231 		.ascii	"\331`\2021\273E4a\033\200~(\0334n`\0343\\a|\212\217"
 154      BB453461 
 154      1B807E28 
 154      1B346E60 
 154      1C335C61 
 155 007a A36BD31C 		.ascii	"\243k\323\034hL\312\355\346\227\352\025]\002\327\245"
 155      684CCAED 
 155      E697EA15 
 155      5D02D7A5 
 156 008a 5C5B0A0F 		.ascii	"\\[\012\017\354\316e\245\312*\2524\255\327\033\337U"
 156      ECCE65A5 
 156      CA2AAA34 
 156      ADD71BDF 
 156      55
 157 009b 32608316 		.ascii	"2`\203\026\005_A\012\313H\351\031\253\350$\241w\033"
 157      055F410A 
 157      CB48E919 
 157      ABE824A1 
 157      771B
 158 00ad 677357CD 		.ascii	"gsW\315D\215I\003\322_\203)V(\334F\244\316\342)\025"
 158      448D4903 
 158      D25F8329 
 158      5628DC46 
 158      A4CEE229 
 159 00c2 EDD5707A 		.ascii	"\355\325pz/aP\300\314r$\210\236\013\250]\275\020U\271"
 159      2F6150C0 
 159      CC722488 
 159      9E0BA85D 
 159      BD1055B9 
 160 00d6 791F9B1F 		.ascii	"y\037\233\037N\202\217\361\356\245\177\202\223JVT\371"
 160      4E828FF1 
 160      EEA57F82 
 160      934A5654 
 160      F9
 161 00e7 6D75B414 		.ascii	"mu\264\024\027\031\027\206\021\336\302\224Q\357`VY'"
 161      17191786 
 161      11DEC294 
 161      51EF6056 
 161      5927
 162 00f9 987FB2F9 		.ascii	"\230\177\262\371\315\322\011\222-l\253~\334\274\334"
 162      CDD20992 
 162      2D6CAB7E 
 162      DCBCDC
 163 0108 2EB54C42 		.ascii	".\265LBZ\265\365_\237\355\000U\004lb]R\324u\012\235"
ARM GAS  C:\Users\User\AppData\Local\Temp\ccyJNWQa.s 			page 12


 163      5AB5F55F 
 163      9FED0055 
 163      046C625D 
 163      52D4750A 
 164 011d F6EBD1A1 		.ascii	"\366\353\321\241\345\324\325\344\204\332\211_\336\014"
 164      E5D4D5E4 
 164      84DA895F 
 164      DE0C
 165 012b 5F096121 		.ascii	"_\011a!D\200\005q\331\032$T<\337\370a\272\241\246\336"
 165      44800571 
 165      D91A2454 
 165      3CDFF861 
 165      BAA1A6DE 
 166 013f BC3702B6 		.ascii	"\2747\002\266\261\001\007\267R\347\004\032pi\037\345"
 166      B10107B7 
 166      52E7041A 
 166      70691FE5 
 167 014f 83A9556E 		.ascii	"\203\251Un\273b1F?Q\336y\366\207u\000\351\310\247Hr"
 167      BB623146 
 167      3F51DE79 
 167      F6877500 
 167      E9C8A748 
 168 0164 E8C40651 		.ascii	"\350\304\006Q\272\357\316P6_\030.\014\365\351s\240\364"
 168      BAEFCE50 
 168      365F182E 
 168      0CF5E973 
 168      A0F4
 169 0176 3857F0DC 		.ascii	"8W\360\334\336\321\356\314X\341a\316\033\363/\366\333"
 169      DED1EECC 
 169      58E161CE 
 169      1BF32FF6 
 169      DB
 170 0187 A4E7BBBD 		.ascii	"\244\347\273\275=\216\347;\371\007E\307\037\311\352"
 170      3D8EE73B 
 170      F90745C7 
 170      1FC9EA
 171 0196 3BE397BA 		.ascii	";\343\227\272\2624\374\237b\217\274\221\222\357\014"
 171      B234FC9F 
 171      628FBC91 
 171      92EF0C
 172 01a5 0CF677DF 		.ascii	"\014\366w\337v\322\351\273\316\340\375\376Q\367\\>S"
 172      76D2E9BB 
 172      CEE0FDFE 
 172      51F75C3E 
 172      53
 173 01b6 2CE6BAF2 		.ascii	",\346\272\362\364\027\231\262\303'"
 173      F41799B2 
 173      C327
 174              		.text
 175              		.section	.gnu.lto_.symbol_nodes.9ec83510,"",%progbits
 176 0000 789C55C8 		.ascii	"x\234U\310K\015\200@\014\006\341\351\277\254/\020\305"
 176      4B0D8040 
 176      0C06E1E9 
 176      BFAC2F10 
 176      C5
 177 0011 B92B0101 		.ascii	"\271+\001\001<\023T \002\015(!4\334:\227I\276\212\030"
 177      3C135420 
ARM GAS  C:\Users\User\AppData\Local\Temp\ccyJNWQa.s 			page 13


 177      020D2821 
 177      34DC3A97 
 177      49BE8A18 
 178 0025 8934CB61 		.ascii	"\2114\313a\272!v\265!d\221[\226U\256,\233\274d\331\345"
 178      BA2176B5 
 178      2164915B 
 178      9655AE2C 
 178      9BBC64D9 
 179 003a 5D123BE4 		.ascii	"]\022;\344\365\027h\255\207B\345|^\343\003\325E\035"
 179      F51768AD 
 179      8742E57C 
 179      5EE303D5 
 179      451D
 180 004c 35       		.ascii	"5"
 181              		.text
 182              		.section	.gnu.lto_.refs.9ec83510,"",%progbits
 183 0000 789C6365 		.ascii	"x\234ce`b`d\000\002\000\000I\000\011"
 183      60626064 
 183      00020000 
 183      490009
 184              		.text
 185              		.section	.gnu.lto_.decls.9ec83510,"",%progbits
 186 0000 789CBD57 		.ascii	"x\234\275W}LTW\026\177\347\335\001a\370\320\216\256"
 186      7D4C5457 
 186      167FE7DD 
 186      0161F8D0 
 186      8EAE
 187 0012 EB66DD2C 		.ascii	"\353f\335,i\250\220M\012\0164\230\354\037\215\355\330"
 187      69A8904D 
 187      0A0E3498 
 187      EC1F8DED 
 187      D8
 188 0023 6D9BD4EE 		.ascii	"m\233\324\356fp\233\375\203\315\004\201V\022>\\gl\323"
 188      66709BFD 
 188      83CD0481 
 188      56123E5C 
 188      676CD3
 189 0036 EC1F7D32 		.ascii	"\354\037}2\264EjU\252\250`U\020A\024\021\220\212ETF"
 189      B4456A55 
 189      AAA86055 
 189      10411411 
 189      908A4554 
 190 004b D0299F2E 		.ascii	"\320)\237.\305\017D\024\320V\353W\225R\025\204Z\366"
 190      C50F4414 
 190      D056EB57 
 190      95521584 
 190      5AF6
 191 005d DC8FC77B 		.ascii	"\334\217\307{>\207\356n\232\356\313\2347\367\334\373"
 191      3E87EE6E 
 191      9AEECB9C 
 191      37F7DCFB 
 192 006d 3BBF73EE 		.ascii	";\277s\3569\367\276\373\236\237$K%\026Ij%\222T\015\222"
 192      39F7BEFB 
 192      9E9F244B 
 192      2516496A 
 192      2592540D 
 193 0082 348197BF 		.ascii	"4\201\227\277$I\225\222vQ}?\312Q\224F\224\343('P\274"
ARM GAS  C:\Users\User\AppData\Local\Temp\ccyJNWQa.s 			page 14


 193      24499592 
 193      76517D3F 
 193      CA519446 
 193      94E32827 
 194 0098 D293D7DF 		.ascii	"\322\223\327\337\221\003\251\2447PZu<\262\340\360e\363"
 194      9103A9A4 
 194      37505A75 
 194      3CB2E0F0 
 194      65F3
 195 00aa 4FB40914 		.ascii	"O\264\011\0246\030\2124\013\3450J\004\312\257pl\026"
 195      36188A34 
 195      0BE5304A 
 195      04CAAF70 
 195      6C16
 196 00bc CA556CF7 		.ascii	"\312Ul\367H\234\373)\324e\024?\340\2744\256_c\033\177"
 196      489CFB29 
 196      D465143F 
 196      E0BC34AE 
 196      5F631B7F 
 197 00d0 D23C789C 		.ascii	"\322<x\234\373=\324M\202[\345\242<\024\246\332\3239"
 197      FB3DD44D 
 197      825BE5A2 
 197      3C14A6DA 
 197      D339
 198 00e2 451AECE8 		.ascii	"E\032\354\350\345\376\037\342\0025.\221\237?\210xb\014"
 198      E5FE1FE2 
 198      02352E91 
 198      9F3F8878 
 198      620C
 199 00f4 BCAB05A7 		.ascii	"\274\253\005\247\221o\336\177\340\244\371~Np\306\031"
 199      916FDE7F 
 199      E0A4F97E 
 199      4E70C619 
 200 0104 383713A8 		.ascii	"87\023\250\373\370\304Q\271\037.\002ba\006\353\005\340"
 200      FBF8C451 
 200      B91F2E02 
 200      626106EB 
 200      05E0
 201 0116 7760C2D4 		.ascii	"w`\302\324\011\365\002`\375\330+K\202T\355\002\325B"
 201      09F50260 
 201      FDD82B4B 
 201      8254ED02 
 201      D542
 202 0128 E8B25065 		.ascii	"\350\262PeA\311~\302\030t\214|\230{R/>\007\336`f\252"
 202      41C97EC2 
 202      18748C7C 
 202      987B522F 
 202      3E07DE60 
 203 013e 35C89A03 		.ascii	"5\310\232\003\000\275\201\216\220\207-\306'\343\223"
 203      00BD818E 
 203      90872DC6 
 203      27E393
 204 014d B4C9813A 		.ascii	"\264\311\201:\373\357\012:\256\231\007\340\022\355-"
 204      FBEF0A3A 
 204      AE9907E0 
 204      12ED2D
 205 015c 5A08ACEF 		.ascii	"Z\010\254\357\303\003w\006\374\010.\023l\017<,\377S"
ARM GAS  C:\Users\User\AppData\Local\Temp\ccyJNWQa.s 			page 15


 205      C3037706 
 205      FC082E13 
 205      6C0F3C2C 
 205      FF53
 206 016e D43E855F 		.ascii	"\324>\205_\001\277\321\322vrb\3043}-\001\213\031dT\273"
 206      01BFD1D2 
 206      767262C4 
 206      337D2D01 
 206      8B196454 
 207 0183 873AB605 		.ascii	"\207:\266\005\241:\313\0143P\035]u\366\270y\316&f\345"
 207      A13ACB0C 
 207      33501D5D 
 207      75F6B879 
 207      CE2666E5 
 208 0197 5666C8F0 		.ascii	"Vf\310\360\306l\330\007s\241\002\346\242\363J\230\203"
 208      C66CD807 
 208      73A102E6 
 208      A2F34A98 
 208      83
 209 01a8 F7A526CE 		.ascii	"\367\245&\316\344\311\332P9\355\351\"\245hP\361\364"
 209      E4C9DA50 
 209      39EDE922 
 209      A56850F1 
 209      F4
 210 01b9 64FD7E93 		.ascii	"d\375~\223[)G\2530\212\202=@`/D\321\210\261\211\367"
 210      5B2947AB 
 210      308A823D 
 210      40602F44 
 210      D188B189 
 211 01ce 721800D8 		.ascii	"r\030\000\330\015\3758\237\375\3604Z\273\367]\310\365"
 211      0DFD389F 
 211      FDF0345A 
 211      BBF75DC8 
 211      F5
 212 01df 230E166C 		.ascii	"#\016\026l\351\330\370\020\301 \346\231ab\202`G\325"
 212      E9D8F810 
 212      C120E699 
 212      61628260 
 212      47D5
 213 01f1 EDFA8721 		.ascii	"\355\372\207!\274\203\2167\266\267\226\005\2234\332"
 213      BC838E37 
 213      B6B79605 
 213      9334DA
 214 0200 96D71757 		.ascii	"\226\327\027W|\024\010\346\310\034E\311\2421\372EJ\223"
 214      7C1408E6 
 214      C81C45C9 
 214      A231FA45 
 214      4A93
 215 0212 11C26710 		.ascii	"\021\302g\020Im\250g\250\301\316j\354,\243s\361Ll\237"
 215      496DA867 
 215      A8C1CE6A 
 215      EC2CA373 
 215      F14C6C9F 
 216 0226 B7F94345 		.ascii	"\267\371CE\221\241\026\314p@\213n\236\231O\346X^\337"
 216      91A116CC 
 216      70408B6E 
 216      9E994FE6 
ARM GAS  C:\Users\User\AppData\Local\Temp\ccyJNWQa.s 			page 16


 216      585EDF
 217 0239 35337904 		.ascii	"53y\004\314\307\017\356MwM\020i\346\246#-1'\336\247"
 217      CCC70FEE 
 217      4D774D10 
 217      69E6A623 
 217      2D3127DE 
 218 024e A687D0F4 		.ascii	"\246\207\320\364\240f\212L\370\3473\216:\037q\240\223"
 218      A0668A4C 
 218      F8E7338E 
 218      3A1F71A0 
 218      93
 219 025f 7507FB7E 		.ascii	"u\007\373~\230N\024\302\234\224o\333\372\255\377\244"
 219      984E14C2 
 219      9C946FDB 
 219      FAADFFA4 
 220 026f 939E1BCF 		.ascii	"\223\236\033\317\2251'\207\321\311\347\232\223CS;\251"
 220      95312787 
 220      D1C9E79A 
 220      9343533B 
 220      A9
 221 0280 F7EDA4F2 		.ascii	"\367\355\244\362\270\247#\304D7\005\245\302b\321>\367"
 221      B8A723C4 
 221      443705A5 
 221      C262D13E 
 221      F7
 222 0291 444EE894 		.ascii	"DN\350\224e=\302\312\332\000\242\256\356\336\274\032"
 222      653DC2CA 
 222      DA00A2AE 
 222      EEDEBC1A 
 223 02a1 ADAE1197 		.ascii	"\255\256\021\227\017(\012F\246\230(\016\252\264\320"
 223      0F280A46 
 223      A698280E 
 223      AAB4D0
 224 02b0 AA8C853D 		.ascii	"\252\214\205=\312\012\333:~ \224\364\2639\302\215\321"
 224      CA0ADB3A 
 224      7E2094F4 
 224      B339C28D 
 224      D1
 225 02c1 726FB0A0 		.ascii	"ro\260\240\352\376m\201\342\301Y\340\034\351\0129\246"
 225      EAFE6D81 
 225      E2C159E0 
 225      1CE90A39 
 225      A6
 226 02d2 111D3312 		.ascii	"\021\0353\02252\242OjGv\370\221\233\234i\354\233\366"
 226      3532A24F 
 226      6A4776F8 
 226      919B9C69 
 226      EC9BF6
 227 02e5 267FC1D4 		.ascii	"&\177\301\324\364\273I&\032\222Gc\362\030\231\2163\246"
 227      F4BB4926 
 227      1A924763 
 227      F218998E 
 227      33A6
 228 02f7 7DF7BA0E 		.ascii	"}\367\272\016\204\220\373\234\251\274\242T\011\322\347"
 228      8490FB9C 
 228      A9BCA254 
 228      09D2E7
ARM GAS  C:\Users\User\AppData\Local\Temp\ccyJNWQa.s 			page 17


 229 0306 82A6494B 		.ascii	"\202\246IKF\363ck\274\257\264\244Bu\353\3351;O]\343"
 229      46F3636B 
 229      BCAFB4A4 
 229      4275EBDD 
 229      313B4F5D 
 230 031b 888226CD 		.ascii	"\210\202&\315o\223\321\357\011\346\367\2735w\213\260"
 230      6F93D1EF 
 230      09E6F7BB 
 230      35778BB0 
 231 032b DE26E677 		.ascii	"\336&\346wG\355\332u!H5\210\325\376f5\031w{\327(\305"
 231      47EDDA75 
 231      21483588 
 231      D5FE6635 
 231      19777BD7 
 232 0341 C036159C 		.ascii	"\3006\025\234\324\250NR*\332\3602\212/\263\253?%|\273"
 232      D4A84E52 
 232      2ADAF032 
 232      8A2FB3AB 
 232      3F257CBB 
 233 0355 9A286367 		.ascii	"\232(cg\341W\241|\273\206\321]>\332\323\037\034\234"
 233      E157A17C 
 233      BB86D15D 
 233      3EDAD31F 
 233      1C9C
 234 0367 4B57C77A 		.ascii	"KW\307z\267\022\370\012#k\301\271|\301\346\322\012\301"
 234      B712F80A 
 234      236BC1B9 
 234      7CC1E6D2 
 234      0AC1
 235 0379 2A2D3611 		.ascii	"*-6\021\177\350r~c g;Oc*l\270\327\346\307\365\000:|"
 235      7FE8727E 
 235      6320673B 
 235      4F632A6C 
 235      B8D7E6C7 
 236 0391 A7E25008 		.ascii	"\247\342P\010g\367\320\341\323\327\212\263\203\371p"
 236      67F7D0E1 
 236      D3D78AB3 
 236      83F970
 237 03a0 17D59BCF 		.ascii	"\027\325\233\317}1d\"w\371|.\265\354\251\240\221E\320"
 237      7D316422 
 237      77F97C2E 
 237      B5ECA9A0 
 237      9145D0
 238 03b3 4D3B3131 		.ascii	"M;11]\267m#\370\266\355^7\274k\032\271\317\340rA[O\223"
 238      5DB76D23 
 238      F8B6ED5E 
 238      37BC6B1A 
 238      B9CFE072 
 239 03cb B6A726B6 		.ascii	"\266\247&\266?_0L\023y\032\223\377\2456\373\210\311"
 239      3F5F304C 
 239      13791A93 
 239      FFA536FB 
 239      88C9
 240 03dd D5CEE623 		.ascii	"\325\316\346#MN\006\272q\265G\210\325\336\205\235\377"
 240      4D4E06BA 
 240      71B54788 
 240      D5DE859D 
ARM GAS  C:\Users\User\AppData\Local\Temp\ccyJNWQa.s 			page 18


 240      FF
 241 03ee E2AB7DCF 		.ascii	"\342\253}\317\256\274\235\376D\361c>\274\307\372\316"
 241      AEBC9DFE 
 241      44F1633E 
 241      BCC7FACE 
 242 03fe 9BD46783 		.ascii	"\233\324g\203\221\340\234\017\002u\203?\355e{\357,\006"
 242      91E09C0F 
 242      0275833F 
 242      ED657BEF 
 242      2C06
 243 0410 73460BE6 		.ascii	"sF\013\3464\210\207C\316\276\265\315\304\234C\327\313"
 243      34888743 
 243      CEBEB5CD 
 243      C49C43D7 
 243      CB
 244 0421 7FC38A16 		.ascii	"\177\303\212\026\035\035\343\235~d5\013\013>:y\320+"
 244      1D1DE39D 
 244      7E64350B 
 244      0B3E3A79 
 244      D02B
 245 0433 6AD842F5 		.ascii	"j\330B\365\215\207\233\033\202\310\032>\370U\356\225"
 245      8D879B1B 
 245      82C81A3E 
 245      F855EE95 
 246 0443 667F92C7 		.ascii	"f\177\222\307\025\265\000\026Q\200\035}\367\333\200"
 246      15B50016 
 246      51801D7D 
 246      F7DB80
 247 0452 E4F3C186 		.ascii	"\344\363\301\206CG\274\242X\363uOn\013\177r\327]k\365"
 247      4347BCA2 
 247      58F3754F 
 247      6E0B7F72 
 247      D75D6BF5 
 248 0466 9A79ED14 		.ascii	"\232y\355\024@\375h\367\305\205\244\220[6\015W\357\026"
 248      40FD68F7 
 248      C585A490 
 248      5B360D57 
 248      EF16
 249 0478 75A44FD7 		.ascii	"u\244O\327\234\202\341\256\351t:\212X54\260\311E\363"
 249      9C82E1AE 
 249      E9743A8A 
 249      583534B0 
 249      C945F3
 250 048b 159D3544 		.ascii	"\025\2355D\317\205+|*\275\243'/\370Y\32634V\314\304"
 250      CF852B7C 
 250      2ABDA327 
 250      2FF859D6 
 250      333456CC 
 251 04a0 B23488F0 		.ascii	"\2624\210\360\001\006\377\032,\252\021;^\362\357\204"
 251      0106FF1A 
 251      2CAA113B 
 251      5EF2EF84 
 252 04b0 EAC13D3F 		.ascii	"\352\301=?\005\336_R\272\331L\266\363 \267~\177\351"
 252      05DE5F52 
 252      BAD94CB6 
 252      F320B77E 
 252      7FE9
ARM GAS  C:\Users\User\AppData\Local\Temp\ccyJNWQa.s 			page 19


 253 04c2 86589B91 		.ascii	"\206X\233\221\250\226=hp\007\220\235|l\303\261m\235"
 253      A8963D68 
 253      7007909D 
 253      7C6CC3B1 
 253      6D9D
 254 04d4 D3481957 		.ascii	"\323H\031W\324=`\341{ \253\347E\262\227\2174\346}r\011"
 254      D43D60E1 
 254      7B20ABE7 
 254      45B2978F 
 254      34E67D72 
 255 04e9 C87EAEDC 		.ascii	"\310~\256\334\311\276:(\3623\007\325\374\366[\021\244"
 255      C9BE3A28 
 255      F23307D5 
 255      FCF65B11 
 255      A4
 256 04fa 960FFDD8 		.ascii	"\226\017\375\330\322\034A\352y\333[W\276\033H#W\206"
 256      D21C41EA 
 256      79DB5B57 
 256      BE1B4823 
 256      5786
 257 050c 0BBDB7CC 		.ascii	"\013\275\267\314\244\231+E\335\237~\036@\274\\)\033"
 257      A4992B45 
 257      DD9F7E1E 
 257      40BC5C29 
 257      1B
 258 051d DD844750 		.ascii	"\335\204GP;W\316\324\237\315\011\"]\\\311\251\251\331"
 258      3B57CED4 
 258      9FCD0922 
 258      5D5CC9A9 
 258      A9D9
 259 052f 1244CE70 		.ascii	"\022D\316p%\253\2417O\234\256\203T\377\272\364\353\242"
 259      25ABA137 
 259      4F9CAE83 
 259      54FFBAF4 
 259      EBA2
 260 0541 4051157F 		.ascii	"@Q\025\177\324s\273;F\200\234\347\340\334\272\323\375"
 260      D473BB3B 
 260      46809CE7 
 260      E0DCBAD3 
 260      FD
 261 0552 A629EBF0 		.ascii	"\246)\353\360P\255\303|V\206\374\243\371\007C\215e\350"
 261      50ADC37C 
 261      5686FCA3 
 261      F907438D 
 261      65E8
 262 0564 40743B43 		.ascii	"@t;C\217\261\314>T3\333u\265\244\324d\254\303T\350\331"
 262      8FB1CC3E 
 262      5433DB75 
 262      B5A4D464 
 262      ACC354E8 
 263 0579 77738FDF 		.ascii	"ws\217\337\017\201\360\360\360\231\341\272+\222\335"
 263      0F81F0F0 
 263      F099E1BA 
 263      2B92DD
 264 0588 772AD96E 		.ascii	"w*\331n\305s\267\201\\\257<\265F)j\002F\205i\206\011"
 264      C573B781 
 264      5CAF3CB5 
ARM GAS  C:\Users\User\AppData\Local\Temp\ccyJNWQa.s 			page 20


 264      46296A02 
 264      46856986 
 265 059d 98A9ED83 		.ascii	"\230\251\355\203\213\214\267\205\336%nr%\003\237\322"
 265      8B8CB785 
 265      DE256E72 
 265      25039FD2 
 266 05ad D984C14F 		.ascii	"\331\204\301O\031\341\235O\300\333t\360>#\274\227\301"
 266      19E19D4F 
 266      C0DB74F0 
 266      3E23BC97 
 266      C1
 267 05be AD149D27 		.ascii	"\255\024\235'\346\264\320$\301\010\216?`C\024\215{\020"
 267      E6B4D024 
 267      C1088E3F 
 267      6043148D 
 267      7B10
 268 05d0 D6C891B0 		.ascii	"\326\310\221\260J\016\007\005%\007\345}\224,\224\365"
 268      4A0E0705 
 268      2507E57D 
 268      942C94F5 
 269 05e0 28D9281F 		.ascii	"(\331(\037\241|\200\262\032\345c\224\265(\037\242\344"
 269      A17C80B2 
 269      1AE56394 
 269      B5281FA2 
 269      E4
 270 05f1 A1FC00E1 		.ascii	"\241\374\000\341\360#J.\266\335(\217\260\275N\016gO"
 270      F0234A2E 
 270      B6DD288F 
 270      B0BD4E0E 
 270      674F
 271 0603 631EE385 		.ascii	"c\036\343\2054-\306{\306\030\243\2153\352\326\241\357"
 271      342DC67B 
 271      C618A38D 
 271      33EAD6A1 
 271      EF
 272 0614 FB445B35 		.ascii	"\373D[5\360\260\016\374\235\021<\000\006\364\005]\262"
 272      F0B00EFC 
 272      9D113C00 
 272      06F4055D 
 272      B2
 273 0625 CEFBCEAD 		.ascii	"\316\373\316\255\016\335\224\256\241\357\032\321\337"
 273      0EDD94AE 
 273      A1EF1AD1 
 273      DF
 274 0632 1AD13775 		.ascii	"\032\3217u\221\014\033\321\355O\324\255[G~\333\010\277"
 274      910C1BD1 
 274      ED4FD4AD 
 274      5B477EDB 
 274      08BF
 275 0644 69241FD6 		.ascii	"i$\037\326\241\257\031\321\375F\364\025](\337\373\016"
 275      A1AF19D1 
 275      FD46F415 
 275      5D28DFFB 
 275      0E
 276 0655 459F141D 		.ascii	"E\237\024\035\367-\337\221<\026\270.\207\027|/\270\307"
 276      F72DDF91 
 276      3C16B82E 
ARM GAS  C:\Users\User\AppData\Local\Temp\ccyJNWQa.s 			page 21


 276      87177C2F 
 276      B8C7
 277 0667 D6A78EFD 		.ascii	"\326\247\216\375\216\357$r8?SN\335\266\254R\024\240"
 277      8EEF2472 
 277      383F534E 
 277      DDB6AC52 
 277      14A0
 278 0679 30499C27 		.ascii	"0I\234'\332:\272\366\255e\203[i\231\317\310n\030\311"
 278      DA3ABAF6 
 278      AD65835B 
 278      6999CFC8 
 278      6E18C9
 279 068c BE79A222 		.ascii	"\276y\242\":\327\327}\243'#]\205\360\214U\014>\016\026"
 279      3AD7D77D 
 279      A327235D 
 279      85F08C55 
 279      0C3E0E16 
 280 06a0 18157075 		.ascii	"\030\025pu\353C\233\221|L\227\343!\337\013OO>\226\316"
 280      EB439B91 
 280      7C4C97E3 
 280      21DF0B4F 
 280      4F3E96CE 
 281 06b4 C9AF22F9 		.ascii	"\311\257\"\371e\001W\237\357\242\200\034N\337\020:\316"
 281      6501579F 
 281      EFA2801C 
 281      4EDF103A 
 281      CE
 282 06c5 95879246 		.ascii	"\225\207\222F\177v67m?R\200\347\377L\236\236\007w\374"
 282      7F763637 
 282      6D3F5280 
 282      E7FF4C9E 
 282      9E0777FC 
 283 06d9 F1B30436 		.ascii	"\361\263\0046\3123\341\023y\362\300\245\311\362\275"
 283      CA33E113 
 283      79F2C0A5 
 283      C9F2BD
 284 06e8 C361036E 		.ascii	"\303a\003n\354_z\223\323\223\341\306\272\313\262\376"
 284      EC5F7A93 
 284      D393E1C6 
 284      BACBB2FE 
 285 06f8 858A46A8 		.ascii	"\205\212F\250=\223\363\345`\366n\206\377\010.\256\275"
 285      3D93F3E5 
 285      60F66E86 
 285      FF082EAE 
 285      BD
 286 0709 571842DA 		.ascii	"W\030B\332\375\3719~\256\255\017\360\365\3163\310^\357"
 286      FDF9397E 
 286      AEAD0FF0 
 286      F5CE33C8 
 286      5EEF
 287 071b EADF6FC7 		.ascii	"\352\337o\307\247\345*e\341+\354\035u\2236Il>\376\256"
 287      A7E52A65 
 287      E12BEC1D 
 287      75933649 
 287      6C3EFEAE 
 288 072f B859A62F 		.ascii	"\270Y\246/zW\016\365t\005\222~NVr\263\276Y\034\365!"
 288      7A570EF5 
ARM GAS  C:\Users\User\AppData\Local\Temp\ccyJNWQa.s 			page 22


 288      7405927E 
 288      4E5672B3 
 288      BE591CF5 
 289 0744 A85EDCB9 		.ascii	"\250^\334\271\261\324\304O\221\353t\270\270\363\373"
 289      B1D4C44F 
 289      91EB74B8 
 289      B8F3FB
 290 0753 4D66729B 		.ascii	"Mfr\233c\307\257o\354\005\216\245A5\337\376ld\352\303"
 290      63C7AF6F 
 290      EC058EA5 
 290      4135DFFE 
 290      6C64EAC3 
 291 0767 7D9B2C0E 		.ascii	"}\233,\016\225Oev\252\234\035=:\026L\3563&\323`\311"
 291      954F6576 
 291      AA9C1D3D 
 291      3A164CEE 
 291      3326D360 
 292 077c F02DFC22 		.ascii	"\360-\374\"\231\013`F)S?\036%(\226\315\260]&\352\307"
 292      990B6046 
 292      29533F1E 
 292      252896CD 
 292      B05D26EA 
 293 0791 77A182F4 		.ascii	"w\241\202\364C\357\321n\376\2566\264S!s$\210eg\025\354"
 293      43EFD16E 
 293      FEAE36B4 
 293      53217324 
 293      88656715 
 294 07a6 C0F21433 		.ascii	"\300\362\0243?;\345\271P\204\216\012\261\324\264\007"
 294      3F3BE5B9 
 294      50848E0A 
 294      B1D4B407 
 295 07b6 1D7EDE55 		.ascii	"\035~\336U\2775H;\230\200q\027\"\256@\246\361\225\310"
 295      BF35483B 
 295      98807117 
 295      22AE40A6 
 295      F195C8
 296 07c9 16354A8A 		.ascii	"\0265J\212^\337Y"
 296      5EDF59
 297 07d0 BC35D02C 		.ascii	"\2745\320,|\344\374\244\017D\327\366~\260%P\317\275"
 297      7CE4FCA4 
 297      0F44D7F6 
 297      7EB02550 
 297      CFBD
 298 07e2 EBA7B873 		.ascii	"\353\247\270s\217\\\2522=S\242ty\3603\247)\242&\313"
 298      8F5CAA32 
 298      3D53A274 
 298      79F033A7 
 298      29A226CB 
 299 07f6 A3B81742 		.ascii	"\243\270\027B\251l\201\255X,\374\226\321\231n\301\236"
 299      A96C81AD 
 299      582CFC96 
 299      D1996EC1 
 299      9E
 300 0807 25B20465 		.ascii	"%\262\004e\3623\364\243`\242\276(\204\214\361\364\177"
 300      F233F4A3 
 300      60A2BE28 
 300      848CF1F4 
ARM GAS  C:\Users\User\AppData\Local\Temp\ccyJNWQa.s 			page 23


 300      7F
 301 0818 909B55E3 		.ascii	"\220\233U\343\257\325\275S\253;}\027\337\255\325}\267"
 301      AFD5BD53 
 301      AB3B7D17 
 301      DFADD57D 
 301      B7
 302 0829 B1EEE5AC 		.ascii	"\261\356\345\254\356\2157v\025\232\310\232i\234loW\325"
 302      EE8D3776 
 302      159AC89A 
 302      699C6C6F 
 302      57D5
 303 083b 3441D616 		.ascii	"4A\326\026\305\277r\212\371W\316\036\215i\217\221i/"
 303      C5BF728A 
 303      F957CE1E 
 303      8D698F91 
 303      692F
 304 084d 637A387E 		.ascii	"cz8~\265>\224l\343L=\275\331\365bU\004\351^\374g\211"
 304      B53E946C 
 304      E34C3DBD 
 304      D9F56255 
 304      04E95EFC 
 305 0863 17FF4743 		.ascii	"\027\377GC]\217\304\033\241\031\325\303Y\325\003~S."
 305      5D8FC41B 
 305      A119D5C3 
 305      59D5037E 
 305      532E
 306 0875 9A2A75D1 		.ascii	"\232*u\321\354\347y\356]\373\340\242\311X\303JL\326"
 306      ECE779EE 
 306      5DFBE0A2 
 306      C958C34A 
 306      4CD6
 307 0887 3E96AC6A 		.ascii	">\226\254j\226\347*5\317\315\275\367\216\204\030\253"
 307      96E72A35 
 307      CFCDBDF7 
 307      8E8418AB 
 308 0897 32257ADB 		.ascii	"2%z\333H\355e\363dU\342DUjDU\360sNgZ!\252r\200U\245"
 308      48ED65F3 
 308      6455E244 
 308      556A4455 
 308      F0734E67 
 309 08b2 6E73FEF3 		.ascii	"ns\376\363\244\202\317\276yKm\223\254\025\345Q\351)"
 309      A482CFBE 
 309      794B6D93 
 309      AC15E551 
 309      E929
 310 08c4 B528F4C3 		.ascii	"\265(\364\303\255VKe\2551\225\237\261T\266\026\324T"
 310      AD564B65 
 310      AD31959F 
 310      B154B616 
 310      D454
 311 08d6 8690239C 		.ascii	"\206\220#\234\254\250\242\2724x2\244\347\015!\235x,"
 311      ACA8A2BA 
 311      347832A4 
 311      E70D219D 
 311      782C
 312 08e8 A48322A4 		.ascii	"\244\203\"\244:\371\031\311\337\351z5#\325\025\360\362"
 312      3AF919C9 
ARM GAS  C:\Users\User\AppData\Local\Temp\ccyJNWQa.s 			page 24


 312      DFE97A35 
 312      23D515F0 
 312      F2
 313 08f9 EB7F0DB3 		.ascii	"\353\177\015\263Y\255\322k\266?&$-K]\232\232`\243\367"
 313      59ADD26B 
 313      B63F2624 
 313      2D4B5D9A 
 313      9A60A3F7 
 314 090d 78D7CAE4 		.ascii	"x\327\312\344\324L\353\202\267c\035\357\244f$g\276\343"
 314      D44CEB82 
 314      B7631DEF 
 314      A4662467 
 314      BEE3
 315 091f D4F77364 		.ascii	"\324\367sd\246\323\272 .:\323\031\275,1-\332\271\"\211"
 315      A6D3BA20 
 315      2E3AD319 
 315      BD2C312D 
 315      DAB92289 
 316 0933 FE3B9CAE 		.ascii	"\376;\234\256\250$)\330\351\212w%\256p\275\220\226\270"
 316      A82429D8 
 316      E98A7725 
 316      AE70BD90 
 316      96B8
 317 0945 22DDEC70 		.ascii	"\"\335\354p\254L\315pY\343\034\256lHR\275\260\273\363"
 317      AC4CCD70 
 317      59E31CAE 
 317      6C4852BD 
 317      B0BBF3
 318 0958 492FBAFE 		.ascii	"I/\272\376\004Wff\2323\341\255\214\225a\254\025\206"
 318      04576666 
 318      9A33E1AD 
 318      8C9561AC 
 318      1586
 319 096a 646129E9 		.ascii	"da)\351KS\222\223S\222\023\342\242b\303b\346[\027\374"
 319      4B539293 
 319      539213E2 
 319      A262C362 
 319      E65B17FC 
 320 097e C39A80FD 		.ascii	"\303\232\200\375\317fdf\244<\233\222\210\314\251\031"
 320      CF666466 
 320      A43C9B92 
 320      88CCA919 
 321 098e 49692B93 		.ascii	"Ii+\223S\022\322\023\221+#%\301\221\234\362f\342\312"
 321      5312D213 
 321      912B2325 
 321      C1919CF2 
 321      66E2CA
 322 09a1 3497C3F5 		.ascii	"4\227\303\365\356\362\024g\3242)@\015\347\335\377c4"
 322      EEF21467 
 322      D4322940 
 322      0DE7DDFF 
 322      6334
 323 09b3 CE779D09 		.ascii	"\316w\235\011\230\234dt\215!\004\242\352JMOq\270\342"
 323      989C6474 
 323      8D2104A2 
 323      EA4A4D4F 
 323      71B8E2
ARM GAS  C:\Users\User\AppData\Local\Temp\ccyJNWQa.s 			page 25


 324 09c6 7F46DE57 		.ascii	"\177F\336W\270\242\005}t\3222\312(&\030D\323\237\271"
 324      B8A2057D 
 324      74D232CA 
 324      28261844 
 324      D39FB9
 325 09d9 9C671FDB 		.ascii	"\234g\037\333).\265\371\262h\"\302\221\226\226\354H"
 325      292EB5F9 
 325      B26822C2 
 325      919696EC 
 325      48
 326 09ea C525B0F4 		.ascii	"\305%\260\364gV~y\346\012\2273:~\311\342\330\230\350"
 326      67567E79 
 326      E60A9733 
 326      3A7EC9E2 
 326      D898E8
 327 09fd D75E5B14 		.ascii	"\327^[\024\275\344\325\305o[\305Z\240N0 ?\233m\261="
 327      BDE4D5C5 
 327      6F5BC55A 
 327      A04E3020 
 327      3F9B6DB1 
 328 0a12 562C84D8 		.ascii	"V,\204\330\030\207+@m\310\177\266\233\026-~\301N\026"
 328      18872B40 
 328      6DC87FB6 
 328      9B162D7E 
 328      C14E16
 329 0a25 D9ECA617 		.ascii	"\331\354\246\027\027-\261\023\233\315N\354(/\330\355"
 329      172DB113 
 329      9BCD4EEC 
 329      282FD8ED 
 330 0a35 E42FF136 		.ascii	"\344/\3616b{}\211\311f{\311\3168b\330\335J^z\331.\307"
 330      627B7D89 
 330      C9667BC9 
 330      CE3862D8 
 330      DD4A5E7A 
 331 0a4c A3E5AB2F 		.ascii	"\243\345\253/\331M\361\213\021m\263\307\240X\021\371"
 331      D94DF18B 
 331      116DB3C7 
 331      A05811F9 
 332 0a5c 377BE22F 		.ascii	"7{\342/2!\247+\235\006\234\232\316\023,\024\207\313"
 332      3221A72B 
 332      9D069C9A 
 332      CE132C14 
 332      87CB
 333 0a6e 2252E9A4 		.ascii	"\"R\351\244\013\336\221H\263\033\342p\274\2712#\311"
 333      0BDE9148 
 333      B31BE270 
 333      BCB93223 
 333      C9
 334 0a7f E1885A10 		.ascii	"\341\210Z\020g\215\013P5S\322\262\304\025OM\3023\227"
 334      678D0B50 
 334      3553D2B2 
 334      C4154F4D 
 334      C23397
 335 0a92 73F40CB5 		.ascii	"s\364\014\265'\305\207yL\254:\374\226\317\341\005\377"
 335      27C58779 
 335      4CAC3AFC 
 335      96CFE105 
ARM GAS  C:\Users\User\AppData\Local\Temp\ccyJNWQa.s 			page 26


 335      FF
 336 0aa3 06F52FB2 		.ascii	"\006\365/\262\360"
 336      F0
 337              		.text
 338              		.section	.gnu.lto_.symtab.9ec83510,"",%progbits
 339 0000 7374496E 		.ascii	"stInit\000"
 339      697400
 340 0007 00       		.ascii	"\000"
 341 0008 00       		.ascii	"\000"
 342 0009 00       		.ascii	"\000"
 343 000a 00000000 		.ascii	"\000\000\000\000\000\000\000\000"
 343      00000000 
 344 0012 AE000000 		.ascii	"\256\000\000\000"
 345 0016 73745374 		.ascii	"stStartAlarm\000"
 345      61727441 
 345      6C61726D 
 345      00
 346 0023 00       		.ascii	"\000"
 347 0024 00       		.ascii	"\000"
 348 0025 00       		.ascii	"\000"
 349 0026 00000000 		.ascii	"\000\000\000\000\000\000\000\000"
 349      00000000 
 350 002e BD000000 		.ascii	"\275\000\000\000"
 351 0032 73745374 		.ascii	"stStopAlarm\000"
 351      6F70416C 
 351      61726D00 
 352 003e 00       		.ascii	"\000"
 353 003f 00       		.ascii	"\000"
 354 0040 00       		.ascii	"\000"
 355 0041 00000000 		.ascii	"\000\000\000\000\000\000\000\000"
 355      00000000 
 356 0049 BF000000 		.ascii	"\277\000\000\000"
 357 004d 73745365 		.ascii	"stSetAlarm\000"
 357      74416C61 
 357      726D00
 358 0058 00       		.ascii	"\000"
 359 0059 00       		.ascii	"\000"
 360 005a 00       		.ascii	"\000"
 361 005b 00000000 		.ascii	"\000\000\000\000\000\000\000\000"
 361      00000000 
 362 0063 C1000000 		.ascii	"\301\000\000\000"
 363 0067 73744765 		.ascii	"stGetAlarm\000"
 363      74416C61 
 363      726D00
 364 0072 00       		.ascii	"\000"
 365 0073 00       		.ascii	"\000"
 366 0074 00       		.ascii	"\000"
 367 0075 00000000 		.ascii	"\000\000\000\000\000\000\000\000"
 367      00000000 
 368 007d C4000000 		.ascii	"\304\000\000\000"
 369 0081 73745F6C 		.ascii	"st_lld_init\000"
 369      6C645F69 
 369      6E697400 
 370 008d 00       		.ascii	"\000"
 371 008e 02       		.ascii	"\002"
 372 008f 00       		.ascii	"\000"
 373 0090 00000000 		.ascii	"\000\000\000\000\000\000\000\000"
ARM GAS  C:\Users\User\AppData\Local\Temp\ccyJNWQa.s 			page 27


 373      00000000 
 374 0098 C6000000 		.ascii	"\306\000\000\000"
 375              		.text
 376              		.section	.gnu.lto_.opts,"",%progbits
 377 0000 272D666D 		.ascii	"'-fmath-errno' '-fsigned-zeros' '-ftrapping-math' '"
 377      6174682D 
 377      6572726E 
 377      6F272027 
 377      2D667369 
 378 0033 2D666E6F 		.ascii	"-fno-trapv' '-fno-openmp' '-fno-openacc' '-mcpu=cor"
 378      2D747261 
 378      70762720 
 378      272D666E 
 378      6F2D6F70 
 379 0066 7465782D 		.ascii	"tex-m7' '-mno-thumb-interwork' '-mthumb' '-ggdb' '-"
 379      6D372720 
 379      272D6D6E 
 379      6F2D7468 
 379      756D622D 
 380 0099 4F322720 		.ascii	"O2' '-fomit-frame-pointer' '-falign-functions=16' '"
 380      272D666F 
 380      6D69742D 
 380      6672616D 
 380      652D706F 
 381 00cc 2D666675 		.ascii	"-ffunction-sections' '-fdata-sections' '-fno-common"
 381      6E637469 
 381      6F6E2D73 
 381      65637469 
 381      6F6E7327 
 382 00ff 2720272D 		.ascii	"' '-flto'\000"
 382      666C746F 
 382      2700
 383              		.text
 384              		.comm	__gnu_lto_v1,1,1
 385              		.comm	__gnu_lto_slim,1,1
 386              		.ident	"GCC: (GNU Tools for ARM Embedded Processors 6-2017-q1-update) 6.3.1 20170215 (release) [AR
ARM GAS  C:\Users\User\AppData\Local\Temp\ccyJNWQa.s 			page 28


DEFINED SYMBOLS
                            *ABS*:00000000 hal_st.c
                            *COM*:00000001 __gnu_lto_v1
                            *COM*:00000001 __gnu_lto_slim

NO UNDEFINED SYMBOLS
