ARM GAS  C:\Users\User\AppData\Local\Temp\cc80HQgk.s 			page 1


   1              		.cpu cortex-m7
   2              		.eabi_attribute 20, 1
   3              		.eabi_attribute 21, 1
   4              		.eabi_attribute 23, 3
   5              		.eabi_attribute 24, 1
   6              		.eabi_attribute 25, 1
   7              		.eabi_attribute 26, 1
   8              		.eabi_attribute 30, 2
   9              		.eabi_attribute 34, 1
  10              		.eabi_attribute 18, 4
  11              		.file	"hal_lld.c"
  12              		.text
  13              	.Ltext0:
  14              		.section	.gnu.lto_.profile.9ec8720f,"",%progbits
  15 0000 789C6365 		.ascii	"x\234ce`b`a```d\250\310\001\000\001\334\000\361"
  15      60626061 
  15      60606064 
  15      A8C80100 
  15      01DC00F1 
  16              		.text
  17              		.section	.gnu.lto_.icf.9ec8720f,"",%progbits
  18 0000 789C6365 		.ascii	"x\234ce`b\220b@\000\026\206\177\007\177_\342`\\9\377"
  18      60629062 
  18      40001686 
  18      7F077F5F 
  18      E2605C39 
  19 0015 F10126A6 		.ascii	"\361\001&\246\035\255\307\27601\237\336|\1777+\003\000"
  19      1DADC7BE 
  19      30319FDE 
  19      7C7F372B 
  19      0300
  20 0027 B3110CC3 		.ascii	"\263\021\014\303"
  21              		.text
  22              		.section	.gnu.lto_.jmpfuncs.9ec8720f,"",%progbits
  23 0000 789C6365 		.ascii	"x\234ce`b\340a@\000f f\004b& \006\000\0020\000\032"
  23      6062E061 
  23      40006620 
  23      66046226 
  23      20060002 
  24              		.text
  25              		.section	.gnu.lto_.inline.9ec8720f,"",%progbits
  26 0000 789C6365 		.ascii	"x\234ce`bpc@\000f\006\0061[F\006&\265\216\031\354\014"
  26      60627063 
  26      40006606 
  26      06315B46 
  26      0626B58E 
  27 0017 6C0BE499 		.ascii	"l\013\344\231@\202\214\014\202\222@1\251\011\247\031"
  27      40828C0C 
  27      82924031 
  27      A909A719 
  28 0027 11625C40 		.ascii	"\021b\\@\202\211\3414C\0373Pj\002\343\201%\006p9\006"
  28      8289E134 
  28      431F3350 
  28      6A02E381 
  28      25067039 
  29 003c 004A4E09 		.ascii	"\000JN\011~"
  29      7E
ARM GAS  C:\Users\User\AppData\Local\Temp\cc80HQgk.s 			page 2


  30              		.text
  31              		.section	.gnu.lto_.pureconst.9ec8720f,"",%progbits
  32 0000 789C6365 		.ascii	"x\234ce`b`g```f\220b\224b\222\002\000\001\310\000c"
  32      60626067 
  32      60606066 
  32      90629462 
  32      92020001 
  33              		.text
  34              		.section	.gnu.lto_hal_lld_backup_domain_init.9ec8720f,"",%progbits
  35 0000 789C9D94 		.ascii	"x\234\235\224]H\024Q\024\307\317\231;\037\356\352\272"
  35      5D481451 
  35      14C7CF99 
  35      3B1FEEEA 
  35      BA
  36 0011 1204053E 		.ascii	"\022\004\005>\364\352K\203Y*=\004!\324SO\366(,~<\270"
  36      F4EA4B83 
  36      592A3D04 
  36      21D4534F 
  36      F6282C7E 
  37 0027 206DB496 		.ascii	" m\264\226\2769[\353\007nh/\271\026\331l\204\230\226"
  37      BE395BEB 
  37      076E682F 
  37      B916D96C 
  37      849896
  38 003a 6E967DAC 		.ascii	"n\226}\254Vn\273\232\005\213F\320\203%$!\342R\201\324"
  38      566EBB9A 
  38      058B46D0 
  38      83252421 
  38      E25281D4 
  39 004e 8289E676 		.ascii	"\202\211\346v\357\334YG|\251\365\302\236\331\271\363"
  39      EFDC5947 
  39      7CA9F5C2 
  39      9ED9B9F3 
  40 005e E7FCCEFF 		.ascii	"\347\374\316\377\3343#\201\000E\022@5\000\270\350\017"
  40      DC332381 
  40      00451240 
  40      3500B8E8 
  40      0F
  41 006f 7300856B 		.ascii	"s\000\205k\263\000\276\034A \241r\320\354\342\352~\320"
  41      B300BE1C 
  41      4120A172 
  41      D0ECE2EA 
  41      7ED0
  42 0081 F2088A7C 		.ascii	"\362\010\212|[D\211\377\221\004\345\352\014P\201\354"
  42      5B4489FF 
  42      9104E5EA 
  42      0C5081EC 
  43 0091 57A840E1 		.ascii	"W\250@\341\373'eDv\325r\020Z\004\"J\212\214-\002%\030"
  43      FB276544 
  43      76D57210 
  43      5A04224A 
  43      8A8C2D02 
  44 00a7 AB9B0409 		.ascii	"\253\233\004\011\306\332\227#B\321\200FW4\270p\314\247"
  44      C6DA9723 
  44      42D18046 
  44      5734B870 
  44      CCA7
ARM GAS  C:\Users\User\AppData\Local\Temp\cc80HQgk.s 			page 3


  45 00b9 B51ED009 		.ascii	"\265\036\320\011\300\015\30258\200E@e_G\267\256;d\221"
  45      C00DC235 
  45      38804540 
  45      655F47B7 
  45      AE3B6491 
  46 00cd EFE33D94 		.ascii	"\357\343=\224\221^\303\0370\252m\245\333\265h\252\037"
  46      915EC31F 
  46      30AA6DA5 
  46      DBB568AA 
  46      1F
  47 00de 83A7F711 		.ascii	"\203\247\367\021\320ie,\310,(,\330Y\310e\301\301B>\013"
  47      D069652C 
  47      C82C282C 
  47      D859C865 
  47      C1C1423E 
  48 00f3 4E160A58 		.ascii	"N\026\012X\000\350\244\011i\311\001\"\320\013Ibl<\271"
  48      00E8A409 
  48      69C90122 
  48      D00B4962 
  48      6C3CB9
  49 0106 5ECE007D 		.ascii	"^\316\000}\204\225\327\323\032\233S\272\210N\004de\334"
  49      8495D7D3 
  49      1A9B53BA 
  49      884E0464 
  49      65DC
  50 0118 F9E31FB1 		.ascii	"\371\343\037\261\361[m\321\247\211t\353vba\312\256c"
  50      F15B6DD1 
  50      A78974EB 
  50      766261CA 
  50      AE63
  51 012a 9F8F3A38 		.ascii	"\237\217:8\244\023\202CX\210\203X\010L?;\327\231R\324"
  51      A4138243 
  51      58888358 
  51      084C3F3B 
  51      D79952D4 
  52 013e 61CD8F3A 		.ascii	"a\315\217:\021\361>\352\330k\030\303\007\250B\022\257"
  52      11F13EEA 
  52      D86B18C3 
  52      07A84212 
  52      AF
  53 014f FC6E43CE 		.ascii	"\374nC\316\0229nde\362\226\235\345G\324\004\034\246"
  53      12396E64 
  53      65F2969D 
  53      E547D404 
  53      1CA6
  54 0161 5968453D 		.ascii	"YhE=6\246\311\0165b\241\302\250\322\374`X\333,\3458"
  54      36A6C90E 
  54      3562A1C2 
  54      A8D2FC60 
  54      58DB2CE5 
  55 0176 79A735C9 		.ascii	"y\2475\311\260\346\357\233^\266\361[m\265\303\260\366"
  55      B0E6EF9B 
  55      5EB6F15B 
  55      6DB5C3B0 
  55      F6
  56 0187 EDCB4644 		.ascii	"\355\313FD\262x2\216R\336C\223\367\263\347\375b\036"
  56      B278328E 
ARM GAS  C:\Users\User\AppData\Local\Temp\cc80HQgk.s 			page 4


  56      52DE4393 
  56      F7B3E7FD 
  56      621E
  57 0199 E3F9D833 		.ascii	"\343\371\3303\021\037\031Dv,\370\230\233\333l\033\224"
  57      111F1944 
  57      762CF898 
  57      9BDB6C1B 
  57      94
  58 01aa 384EE1C4 		.ascii	"8N\341\304\245\376\245\220\315t'\343\030M\264\204\376"
  58      A5FEA590 
  58      CD7427E3 
  58      184DB484 
  58      FE
  59 01bb CFF1A3A6 		.ascii	"\317\361\243\246\310\360\313V\200\020\350\220\330a\244"
  59      C8F0CB56 
  59      8010E890 
  59      D861A4
  60 01ca 56B64E98 		.ascii	"V\266N\230\346w\026\023\252\201\177\225\363\304*\347"
  60      E6771613 
  60      AA817F95 
  60      F3C42AE7 
  61 01da 29AA5430 		.ascii	")\252T0\264\246\377\022\031\\DM\023\361\031\357mj%\275"
  61      B4A6FF12 
  61      195C444D 
  61      13F119EF 
  61      6D6A25BD 
  62 01ee 47C0730B 		.ascii	"G\300s\013\0201\000\333\375\024\021p\334\260\022\240"
  62      103100DB 
  62      FD141170 
  62      DCB012A0 
  63 01fe 7DCF4C55 		.ascii	"}\317LU\357]\205\373\264\377wg\215\223\234\2608/v\015"
  63      EF5D85FB 
  63      B4FF7767 
  63      8D939CB0 
  63      382F760D 
  64 0212 4D2E4F96 		.ascii	"M.O\226\012&\346\235\274\255\007\361\345\256\231\311"
  64      0A26E69D 
  64      BCAD07F1 
  64      E5AE99C9 
  65 0222 82F4CA22 		.ascii	"\202\364\312\"M\262\231\3115\034H@\337`n\341f\334\264"
  65      4DB299C9 
  65      351C4840 
  65      DF606EE1 
  65      66DCB4
  66 0235 E0C87638 		.ascii	"\340\310v8\242V\352\327\231\341\2307\207#\237\347\233"
  66      A256EAD7 
  66      99E19837 
  66      87239FE7 
  66      9B
  67 0246 4EAF454D 		.ascii	"N\257EM\027\002\306\370l|\212'L\253\371T\021\376\036"
  67      1702C6F8 
  67      6C7C8A27 
  67      4CABF954 
  67      11FE1E
  68 0259 59777005 		.ascii	"Ywp\005`\334\234\225N\242\000\375\362`\200\310\333\255"
  68      60DC9C95 
  68      4EA200FD 
ARM GAS  C:\Users\User\AppData\Local\Temp\cc80HQgk.s 			page 5


  68      F26080C8 
  68      DBAD
  69 026b 7E9769B5 		.ascii	"~\227i\2653\273\227f\312\250R`UNg\2524\371\005<\331"
  69      33BB9766 
  69      CAA85260 
  69      554E67AA 
  69      34F9053C 
  70 0280 58F7C447 		.ascii	"X\367\304G\263\204\364F:\355\3047{\177Eg,\332[\326\356"
  70      B384F446 
  70      3AEDC437 
  70      7B7F4567 
  70      2CDA5BD6 
  71 0295 02F88197 		.ascii	"\002\370\201\227C\341.\203hzC\352\211*\\\025\307\253"
  71      43E12E83 
  71      687A43EA 
  71      892A5C15 
  71      C7AB
  72 02a7 6AEBDD35 		.ascii	"j\353\3355\356\252\012\026+\033/\326\271=\305e\227J"
  72      EEAA0A16 
  72      2B1B2FD6 
  72      B93DC565 
  72      974A
  73 02b9 5C4DEE73 		.ascii	"\\M\356su\236&\357\316}\256\364x\213\313JU\217W\255"
  73      759E26EF 
  73      CE7DAEF4 
  73      788BCB4A 
  73      558F57AD 
  74 02cd AF6E50CF 		.ascii	"\257nP\317{.4z\325\312\263gJ\216\360x\252\254\271\231"
  74      7B2E347A 
  74      D5CAB367 
  74      4A8EF078 
  74      AAACB999 
  75 02e1 3D713534 		.ascii	"=q54\324\035\256\205\277\373$\312>"
  75      D41DAE85 
  75      BFFB24CA 
  75      3E
  76              		.text
  77              		.section	.gnu.lto_hal_lld_init.9ec8720f,"",%progbits
  78 0000 789CA594 		.ascii	"x\234\245\224Kh\023Q\024\206\317\177\357L2\201h]\026"
  78      4B681351 
  78      1486CF7F 
  78      EF4C3281 
  78      685D16
  79 0013 ECC26D37 		.ascii	"\354\302m7\016\265`\300m\301\205\340\252.\013\241&\213"
  79      0EB560C0 
  79      6DC185E0 
  79      AA2E0BA1 
  79      268B
  80 0025 06821153 		.ascii	"\006\202\021Smw\231\330\227T\264n\232\332E\230\202\213"
  80      6D7799D8 
  80      9754B46E 
  80      9ADA4598 
  80      828B
  81 0037 1ADB5AEB 		.ascii	"\032\333Z\353{R\037i\264\342BT\304\235\224\212\213B"
  81      7B521F69 
  81      B4E24254 
  81      C49D948A 
ARM GAS  C:\Users\User\AppData\Local\Temp\cc80HQgk.s 			page 6


  81      8B42
  82 0049 A96F5C54 		.ascii	"\251o\\T\244\255\367\314\204N\266\223^\270\347\316\334"
  82      A4ADF7CC 
  82      844EB693 
  82      5EB8E7CE 
  82      DC
  83 005a C777CEF9 		.ascii	"\307w\316\371\317\314\325I\320\254F\324MD\007U\207$"
  83      CFCCD549 
  83      D0AC46D4 
  83      4D440755 
  83      8724
  84 006c 886B6F89 		.ascii	"\210ko\211\362\206\000\370\3012@9\201\034\306\344\204"
  84      F28600F8 
  84      C1324039 
  84      811CC6E4 
  84      84
  85 007d 447564CD 		.ascii	"Dud\315\021\255\323\226j\225\211\217\341ak\250\331\226"
  85      11ADD396 
  85      6A95898F 
  85      E1616BA8 
  85      D996
  86 008f 4493AA73 		.ascii	"D\223\252s\3034ZIm\373\262\260=\276/\244y\363\270\211"
  86      C3345A49 
  86      6DFBB2B0 
  86      3DBE2FA4 
  86      79F3B889 
  87 00a3 10D438FF 		.ascii	"\020\3248\377\001\025k{g\304\252\274\271\201\225\023"
  87      01156B7B 
  87      67C4AABC 
  87      B9819513 
  88 00b3 0704D912 		.ascii	"\007\004\331\022:\033\203M\204M\224\015\321\250:\307"
  88      3A1B834D 
  88      844D940D 
  88      D1A83AC7 
  89 00c3 CE2F4BC1 		.ascii	"\316/K\301\243\\G\265\274\376=\301\244\242\024\312A"
  89      A35C47B5 
  89      BCFE3DC1 
  89      A4A214CA 
  89      41
  90 00d4 61A8FA2E 		.ascii	"a\250\372.|U\332R\200\375\015\026\227\327\"\336\253"
  90      7C55DA52 
  90      80FD0D16 
  90      97D722DE 
  90      AB
  91 00e5 F5F392A5 		.ascii	"\365\363\222\245\251\251\215\325\177\216n\243\230W\241"
  91      A9A98DD5 
  91      7F8E6EA3 
  91      9857A1
  92 00f4 1EB2A5C4 		.ascii	"\036\262\245\304-\264\240\204\026\342\375\277\013\357"
  92      2DB4A084 
  92      16E2FDBF 
  92      0BEF
  93 0102 3F47CD39 		.ascii	"?G\3159k\020\266\3240\003\033\327\335\0140\013\223\224"
  93      6B10B6D4 
  93      30031BD7 
  93      DD0C300B 
  93      9394
ARM GAS  C:\Users\User\AppData\Local\Temp\cc80HQgk.s 			page 7


  94 0114 B33F06BB 		.ascii	"\263?\006\273\012F\231\363)\267a\252\345\225\327\245"
  94      0A4699F3 
  94      29B761AA 
  94      E595D7A5 
  95 0124 19C94101 		.ascii	"\031\311A\001;\2525a^\235\013\016\317\363\232\206;>"
  95      3BAA3561 
  95      5E9D0B0E 
  95      CFF39A86 
  95      3B3E
  96 0136 7EC1C5EF 		.ascii	"~\301\305\357J\240\201p\327C\227K?\244'\222\036,\370"
  96      4AA08170 
  96      D743974B 
  96      3FA42792 
  96      1E2CF8
  97 0149 7B2E9DAB 		.ascii	"{.\235\253\204\373\215K\360\300\247<\204\271\267|\037"
  97      84FB8D4B 
  97      F0C0A73C 
  97      84B9B77C 
  97      1F
  98 015a F9ACC78A 		.ascii	"\371\254\307\212\265\233\340f-A#Xh\216\213\023\214+"
  98      B59BE066 
  98      2D412358 
  98      688E8B13 
  98      8C2B
  99 016c BB090E6C 		.ascii	"\273\011\016l\016\303#E<\330\225\255\325\245\272r\355"
  99      0EC32345 
  99      3CD895AD 
  99      D5A5BA72 
  99      ED
 100 017d C7A2E7B2 		.ascii	"\307\242\347\262\020\011.\304\023\337\333S\230\312E"
 100      10092EC4 
 100      13DFDB53 
 100      98CA45
 101 018c E33A3CF3 		.ascii	"\343:<\363Q\317\353u\370[\323!\032,\262\212\213s\177"
 101      51CFEB75 
 101      F85BD321 
 101      1A2CB28A 
 101      8B737F
 102 019f CBA5C60B 		.ascii	"\313\245\306\013]\365)/\366Z\350\227>k\271\226\340\006"
 102      5DF5292F 
 102      F65AE897 
 102      3E6BB996 
 102      E006
 103 01b1 06A67E35 		.ascii	"\006\246~51\214\0178\316\327O\341\334\226e\330R\237"
 103      318C0F38 
 103      CED74FE1 
 103      DC9665D8 
 103      529F
 104 01c3 E42F02AF 		.ascii	"\344/\002\257\220S\367D\210\276\341\342\324\342\270"
 104      9053F744 
 104      88BEE1E2 
 104      D4E2B8
 105 01d2 5B46F7FA 		.ascii	"[F\367\372\031U\253\352\272Pb\305;\216u%zR\247S]\035"
 105      1955ABEA 
 105      BA5062C5 
 105      3B8E7525 
 105      7A52A753 
ARM GAS  C:\Users\User\AppData\Local\Temp\cc80HQgk.s 			page 8


 106 01e8 6C3B7BCF 		.ascii	"l;{\317'S\231\266\330\205\366x_\352L2\323\227\255\237"
 106      275399B6 
 106      D885F678 
 106      5FEA4C32 
 106      D397AD9F 
 107 01fc F77666B2 		.ascii	"\367vf\262m\261\243f&k\366t\247\315\263\231s\275Y\263"
 107      6DB1A366 
 107      266BF674 
 107      A7CDB399 
 107      73BD59B3 
 108 0210 F3D4C9F6 		.ascii	"\363\324\311\366#\236=\036\353\357\347\225x:\235<\234"
 108      239E3D1E 
 108      EBEFE795 
 108      783A9D3C 
 108      9C
 109 0221 A0FFE2DA 		.ascii	"\240\377\342\332\243\271"
 109      A3B9
 110              		.text
 111              		.section	.gnu.lto_stm32_clock_init.9ec8720f,"",%progbits
 112 0000 789CA558 		.ascii	"x\234\245X[P\024G\024\235;\263\317aa\227\367K\221R)"
 112      5B501447 
 112      149D3BB3 
 112      CF616197 
 112      F74B9152 
 113 0015 C58FAC8A 		.ascii	"\305\217\254\212\006\313?\312\252\374\345\313|ZeE\250"
 113      06CB3FCA 
 113      AAFCE5CB 
 113      7C5A6545 
 113      A8
 114 0026 44122BA4 		.ascii	"D\022+\244\304\250\177\016\270<\004\242\306\0305VpM"
 114      C4A87F0E 
 114      B83C04A2 
 114      C6183556 
 114      704D
 115 0038 19A32404 		.ascii	"\031\243$\0044\032#j\224\240\204\207(jH\202h\304\240"
 115      341A236A 
 115      94A08487 
 115      286A4882 
 115      68C4A0
 116 004b 3C36BE0D 		.ascii	"<6\276\015\361\001(\351\333\335\263\275\216I\351l\366"
 116      F10128E9 
 116      DBDDB3BD 
 116      8E49E96C 
 116      F6
 117 005c E336D377 		.ascii	"\3436\323w\346\334s\317\275\335=\203U\222\245C\321\222"
 117      E6DC73CF 
 117      BDDD3D83 
 117      5592A543 
 117      D192
 118 006e F48E2449 		.ascii	"\364\216$I\313A\222 U\002y\343YI*r\310\240\260?\024"
 118      CB419220 
 118      550279E3 
 118      59492A72 
 118      C8A0B03F 
 119 0083 39A5AA45 		.ascii	"9\245\252E\2224\325\342\263K\232+\205\315\347X\300\312"
 119      9234D5E2 
 119      B34B9A2B 
ARM GAS  C:\Users\User\AppData\Local\Temp\cc80HQgk.s 			page 9


 119      85CDE758 
 119      C0CA
 120 0095 FC563999 		.ascii	"\374V9\231\371m\324\237\314\346sl`g~\273\234\304\374"
 120      F96DD49F 
 120      CCE6736C 
 120      60677EBB 
 120      9CC4FC
 121 00a8 0EEA4F62 		.ascii	"\016\352Ob\3639\016p2\277SNd~\225\372\023\331|\216\012"
 121      F3390E70 
 121      32BF534E 
 121      647E95FA 
 121      13D97C8E 
 122 00bd 11CC1F21 		.ascii	"\021\314\037!'0\277\213\372\023\330|\216\013\"\231?"
 122      2730BF8B 
 122      FA13D87C 
 122      8E0B2299 
 122      3F
 123 00ce 528E67FE 		.ascii	"R\216g\376(\352\217g\3639Q\020\203#\304\310q\314\355"
 123      28EA8F67 
 123      F3395110 
 123      8323C4C8 
 123      71CCED
 124 00e1 A6EE3836 		.ascii	"\246\35686\235\343\006\017{\334#\3072\1774\365\307\262"
 124      9DE3060F 
 124      7BDC23C7 
 124      327F34F5 
 124      C7B2
 125 00f3 F99C6800 		.ascii	"\371\234h\000\0345\007Hkd%\305bM\266\331\223\034\316"
 125      1C350748 
 125      6B6425C5 
 125      624DB6D9 
 125      931CCE
 126 0106 443522C1 		.ascii	"D5\"\301\025\031\037\025\023\347\366\304F\303\032\247"
 126      15191F15 
 126      13E7F6C4 
 126      46C31AA7 
 127 0116 22B19F95 		.ascii	"\"\261\237\225\217v>:\371\030\301\307H>\306\360\321"
 127      8F763E3A 
 127      F918C1C7 
 127      483EC6F0 
 127      D1
 128 0127 C3C70DCA 		.ascii	"\303\307\015\312V\005\232\312\006\032\344\314=\032\371"
 128      56059ACA 
 128      061AE4CC 
 128      3D1AF9
 129 0136 356E7DAA 		.ascii	"5n}\252\226j%I~\002\374)\007\207=\220)\221\333\372\366"
 129      966A2549 
 129      7E02FC29 
 129      07873D90 
 129      2991DBFA 
 130 014b 3FFD24D2 		.ascii	"?\375$\322fa\363\260\027l\244bR\375\005h\324\236\216"
 130      6661F3B0 
 130      176CA462 
 130      52FD0568 
 130      D49E8E
 131 015e 97698D37 		.ascii	"\227i\2157w\301\201\205\363-\222_\001+\032;\032\007"
 131      77C18185 
ARM GAS  C:\Users\User\AppData\Local\Temp\cc80HQgk.s 			page 10


 131      F32D925F 
 131      012B1A3B 
 131      1A07
 132 0170 1A271A15 		.ascii	"\032'\032\025\215\013M\024\0327\032\017\232h4qh\342"
 132      8D0B4D14 
 132      1A371A0F 
 132      9A683471 
 132      68E2
 133 0182 D124A249 		.ascii	"\321$\242IB\223\202&\025\315D4ih&\241IG3\031\315\024"
 133      42938226 
 133      15CD4434 
 133      696826A1 
 133      49473319 
 134 0198 3453D164 		.ascii	"4S\321d\240\231\206f:\232L43\320x\321\314D3\033M\026"
 134      A0998666 
 134      3A9A4C34 
 134      33D078D1 
 134      CC44331B 
 135 01ae 9A3968E6 		.ascii	"\2329h\346\242\311F3\017\215$U\220\274H\021*\025\231"
 135      A2C94633 
 135      0F8D2455 
 135      90BC4811 
 135      2A1599
 136 01c1 0C4A009A 		.ascii	"\014J\000\232\206\207:JTL\224$\277\245\244\251\323\276"
 136      86873A4A 
 136      544C9424 
 136      BFA5A4A9 
 136      D3BE
 137 01d3 5EF12B32 		.ascii	"^\361+2\240\026\276\352\346\001'\273\324\356\226k\026"
 137      A016BEEA 
 137      E60127BB 
 137      D4EE966B 
 137      16
 138 01e4 3275A377 		.ascii	"2u\243w\264\301\352\207\352\"\"\343\316\024\277\242"
 138      B4C1EA87 
 138      EA2222E3 
 138      CE14BFA2 
 139 01f4 C0573001 		.ascii	"\300W0\001j`\202\204\017\334\337r\356\252\313\373\215"
 139      6A608284 
 139      0FDCDF72 
 139      EEAACBFB 
 139      8D
 140 0205 E62BD2D2 		.ascii	"\346+\322\322\375\212\005\276\006?l\243\002C-x\311\015"
 140      FD8A05BE 
 140      063F6CA3 
 140      02432D78 
 140      C90D
 141 0217 3D07FC89 		.ascii	"=\007\374\211\010h\001\255\\\323\000\276!\017R\016="
 141      086801AD 
 141      5CD300BE 
 141      210F520E 
 141      3D
 142 0228 25762307 		.ascii	"%v#\007+\345\360\371\023_\235\223]jW\213(\207\035\035"
 142      2BE5F0F9 
 142      135F9D93 
 142      5D6A578B 
 142      28871D1D 
ARM GAS  C:\Users\User\AppData\Local\Temp\cc80HQgk.s 			page 11


 143 023c 974FA921 		.ascii	"\227O\251!\034lPO8\324q\016g;+\206\355!\034\366Q\016"
 143      1C6C504F 
 143      38D4710E 
 143      673B2B86 
 143      ED211CF6 
 144 0252 5845D84F 		.ascii	"XE\330O94\327\215\36499\011M\201o\031\205#\201+\375"
 144      3934D78D 
 144      F4393909 
 144      4D816F19 
 144      8523812B 
 145 0267 36A450AD 		.ascii	"6\244P\255\030\363L\377\3174\001A\016\320\0002\0068"
 145      18F34CFF 
 145      CF340141 
 145      0ED00032 
 145      0638
 146 0279 480A1180 		.ascii	"H\012\021\200\265\217J\201!Y\031\330\301S-\245\016\214"
 146      B58F4A81 
 146      215919D8 
 146      C1532DA5 
 146      0E8C
 147 028b 08E4F71D 		.ascii	"\010\344\367\035\213\267\305\311\3635\021\351\220\210"
 147      8BB7C5C9 
 147      F33511E9 
 147      9088
 148 0299 F43D7809 		.ascii	"\364=x\011<\371\253RQ$\262\210\024\232Bo\277\235\005"
 148      3CF9AB52 
 148      5124B288 
 148      149A426F 
 148      BF9D05
 149 02ac B6BF3430 		.ascii	"\266\27740W\351\260\200n`I\214\225\266Y\031\230\203"
 149      57E9B080 
 149      6E60498C 
 149      95B65919 
 149      9883
 150 02be E1358F3F 		.ascii	"\3415\217?lt\263,d8Bp\256\203\257\347d\007O\325A\356"
 150      6C74B32C 
 150      64384270 
 150      AE83AFE7 
 150      64074FD5 
 151 02d4 A8BFD9F0 		.ascii	"\250\277\331\3608\222\335!\301Q\214$a\303\245Hd\361"
 151      3892DD21 
 151      C1518C24 
 151      61C3A548 
 151      64F1
 152 02e6 43A562E1 		.ascii	"C\245b\341\035w$pk7\347\3514'\3001\312\222\256\314\037"
 152      1D772470 
 152      6B37E7E9 
 152      3427C031 
 152      CA92AECC 
 153 02fb 74963CBE 		.ascii	"t\226<\276\312\300\216?(Y\311\030\214\215\217\217\273"
 153      CAC08E3F 
 153      2859C918 
 153      8C8D8F8F 
 153      BB
 154 030c E178F86A 		.ascii	"\341x\370j\237\020\301\032Qm\225\266I\315m\256\212\313"
 154      9F10C11A 
 154      516D95B6 
ARM GAS  C:\Users\User\AppData\Local\Temp\cc80HQgk.s 			page 12


 154      49CD6DAE 
 154      8ACB
 155 031e 1CDA8F02 		.ascii	"\034\332\217\002\255\211R\017\213\323I\201r\0129\271"
 155      AD89520F 
 155      8BD34981 
 155      720A39B9 
 156 032e 68075845 		.ascii	"h\007XE\007\334i\346\312F\231\355\200f\001\375\223\256"
 156      07DC69E6 
 156      CA4699ED 
 156      806601FD 
 156      93AE
 157 0340 ED459EAB 		.ascii	"\355E\236\253\233\341\215\016m\276\010L]\027\264\260"
 157      9BE18D0E 
 157      6DBE084C 
 157      5D17B4B0 
 158 0350 0EB814EC 		.ascii	"\016\270\024\354\000wH\311\223y\311m\301\222\217\352"
 158      007748C9 
 158      9379C96D 
 158      C1928FEA 
 159 0360 ABCB632E 		.ascii	"\253\313c.\343V\321\230m\206\222G3\260\372\266\222\026"
 159      E356D198 
 159      6D869247 
 159      33B0FAB6 
 159      9216
 160 0372 CEEA3140 		.ascii	"\316\3521@{\370\005?-Bu\240\270\321lk\032\333m\377\027"
 160      7BF8053F 
 160      2D4275A0 
 160      B8D16C6B 
 160      1ADB6DFF 
 161 0387 AC176F7E 		.ascii	"\254\027o~g\204\240g\351\306\023\334\331,dyt\352\333"
 161      6784A067 
 161      E9C613DC 
 161      D92C6479 
 161      74EADB
 162 039a 4EC52017 		.ascii	"N\305 \027&\316\034\333s\202\355y\303\266\023\317\300"
 162      26CE1CDB 
 162      7382ED79 
 162      C3B613CF 
 162      C0
 163 03ab EEF7F616 		.ascii	"\356\367\366\026G1a4-\016.\204\257\314\317\"V\027*\023"
 163      47316134 
 163      2D0E2E84 
 163      AFCCCF22 
 163      56172A13 
 164 03bf 4FDBCE2E 		.ascii	"O\333\316.\332nC\013o\273D\263m\367\213\200\376U\257"
 164      DA6E430B 
 164      6FBB44B3 
 164      6DF78B80 
 164      FE55AF
 165 03d2 6F036FBB 		.ascii	"o\003o\273$\206wr\307\016\237\254\347\341\200\337\214"
 165      24867772 
 165      C70E9FAC 
 165      E7E180DF 
 165      8C
 166 03e3 5B4F5248 		.ascii	"[ORH\343%\361\306s\004O\267\33225\254\362uSb\026$v\221"
 166      E325F1C6 
 166      73044FB7 
ARM GAS  C:\Users\User\AppData\Local\Temp\cc80HQgk.s 			page 13


 166      DA3235AC 
 166      F2755362 
 167 03fb 96EF4265 		.ascii	"\226\357Be\240Ha\345+\357.j\227\240G/a\235^\302\024"
 167      A04861E5 
 167      2BEF2E6A 
 167      97A0472F 
 167      619D5EC2 
 168 0410 73B25E12 		.ascii	"s\262^\022\271_6\2240\225\201\235\357\037\351t\352\251"
 168      B95F3694 
 168      3095819D 
 168      EF1FE974 
 168      EAA9
 169 0422 93DC7F0F 		.ascii	"\223\334\177\017\277\206WD\260^\254a*\255\241S\324\260"
 169      BF865744 
 169      B05EAC61 
 169      2AADA153 
 169      D4B0
 170 0434 41AFE144 		.ascii	"A\257\341D\303\031\233\376\242#\366*\205\306\323\010"
 170      C3199BFE 
 170      A223F62A 
 170      85C6D308 
 171 0444 FE306E1D 		.ascii	"\3760n\035i\014\357R\373\341.\273\236\010@\237\261\206"
 171      690CEF52 
 171      FBE12EBB 
 171      9E08409F 
 171      B186
 172 0456 6921354C 		.ascii	"i!5L\3445T\203\233\307\2112Nm\322KS\2439_\023g\377u"
 172      E4355483 
 172      9BC78932 
 172      4E6DD24B 
 172      53A3395F 
 173 046e 83C0E90C 		.ascii	"\203\300\351\014l\360vmU\220\227\005\372\015\372\232"
 173      6CF0766D 
 173      55909705 
 173      FA0DFA9A 
 174 047e 88352062 		.ascii	"\2105 b\015\242\276\351T\337\010\241o\353 Ob\262Y}\207"
 174      0DA2BEE9 
 174      54DF08A1 
 174      6FEB204F 
 174      62B2597D 
 175 0493 84BE015D 		.ascii	"\204\276\001]\337\000\327w\012\301\243\264\237\221s"
 175      DF00D777 
 175      0AC1A3B4 
 175      9F9173
 176 04a2 4A889C09 		.ascii	"J\210\234\011\\NWP\316v]\316\251\346R\374S\244x\303"
 176      5C4E5750 
 176      CE765DCE 
 176      A9E652FC 
 176      53A478C3 
 177 04b6 20670601 		.ascii	" g\006\001\243+3L\365n\012\350[\250^\006U/R\250wZWo"
 177      A32B334C 
 177      F56E0AE8 
 177      5BA85E06 
 177      552F52A8 
 178 04ce 9A59F56E 		.ascii	"\232Y\365n\013\365\356\030\325\233N\360\236\337P\246"
 178      0BF5EE18 
 178      D59B4EF0 
ARM GAS  C:\Users\User\AppData\Local\Temp\cc80HQgk.s 			page 14


 178      9EDF50A6 
 179 04de 87A8174F 		.ascii	"\207\250\027O\325\253P\242P\275J%\006\031\001e\324\255"
 179      D5AB50A2 
 179      50BD4A25 
 179      06190165 
 179      D4AD
 180 04f0 33CA34BB 		.ascii	"3\3124\273\347\335\025K\361\236\361ek\006\303;=^u\307"
 180      E7DD154B 
 180      F19EF165 
 180      6B06C33B 
 180      3D5E75C7 
 181 0504 1A5CF81E 		.ascii	"\032\\\370\036\270o\3448#\204c\034\257\260;\270\351"
 181      B86FE438 
 181      2384631C 
 181      AFB03BB8 
 181      E9
 182 0515 55D48477 		.ascii	"U\324\204wf\375%\316\254a\272\351u\234\250\217\340\357"
 182      66FD25CE 
 182      AC61BAE9 
 182      759CA88F 
 182      E0EF
 183 0527 CA7B077C 		.ascii	"\312{\007|\012\374M\036\354\207\342\235\203_\244\341"
 183      0AFC4D1E 
 183      EC87E29D 
 183      835FA4E1 
 184 0537 F6E4DBF7 		.ascii	"\366\344\333\367\031\335\022\355\200\357\271\367\316"
 184      19DD12ED 
 184      80EFB9F7 
 184      CE
 185 0544 6CBF460F 		.ascii	"l\277F\017\034\007\244\343\301\334W\331\254*K\350k\374"
 185      1C07A4E3 
 185      C1DC57D9 
 185      AC2A4BE8 
 185      6BFC
 186 0556 9EEAAE80 		.ascii	"\236\352\256\200-c\227\246\025k\215\255\320\252Y\374"
 186      2D6397A6 
 186      156B8DAD 
 186      D0AA59FC 
 187 0566 8A131E81 		.ascii	"\212\023\036\201B>\263\340!!\364\200'#\276\300\310a"
 187      423EB3E0 
 187      2121F480 
 187      2723BEC0 
 187      C861
 188 0578 9E413FC0 		.ascii	"\236A?\300\010\227\021\362\031F.1\304\246\241.\032\321"
 188      089711F2 
 188      19462E31 
 188      C4A6A12E 
 188      1AD1
 189 058a 09C51618 		.ascii	"\011\305\026\030\345\015\027\330\033P\361&c\276K\244"
 189      E50D17D8 
 189      1B50F126 
 189      63BE4BA4 
 190 059a 17253C46 		.ascii	"\027%<F\023\266a\302O\300\253\003\222S\243&\274S\343"
 190      13B661C2 
 190      4FC0AB03 
 190      9253A326 
 190      BC53E3
ARM GAS  C:\Users\User\AppData\Local\Temp\cc80HQgk.s 			page 15


 191 05ad 29C5C30F 		.ascii	")\305\303\017T\030'x\235:\336\261\266\347\276oT*\314"
 191      54182778 
 191      9D3ADEB1 
 191      B6E7BE6F 
 191      542ACC
 192 05c0 D0BE9691 		.ascii	"\320\276\226\221Hv\251=b\337X-\333\264\375jh\012\021"
 192      4876A93D 
 192      62DF582D 
 192      DBB4FD6A 
 192      680A11
 193 05d3 50244F00 		.ascii	"P$O\000Mf!}\017Z6\333BB\026\313\030\322\201!\327\312"
 193      4D66217D 
 193      0F5A36DB 
 193      424216CB 
 193      18D28121 
 194 05e9 58B3C3D7 		.ascii	"X\263\303\327\007jy\321\326\331\300'\363S\252\265\206"
 194      076A79D1 
 194      D6D9C027 
 194      F353AAB5 
 194      86
 195 05fa F7ABD7DC 		.ascii	"\367\253\327\334\301Q\"\007{\242T~v\325\317$`\364S "
 195      C1512207 
 195      7BA2547E 
 195      76D5CF24 
 195      60F45320 
 196 060e CC33A94C 		.ascii	"\3143\251L@\227\313d\325\317\244\253\336#V}[\033\347"
 196      4097CB64 
 196      D5CFA4AB 
 196      DE23567D 
 196      5B1BE7
 197 0621 3CDBEC1A 		.ascii	"<\333\354\032['\240+d\303\231\224E\360\236\177\177\315"
 197      5B27A02B 
 197      64C39994 
 197      45F09E7F 
 197      7FCD
 198 0633 2228DB8F 		.ascii	"\"(\333\217\016\267\363e\347\200JY_`\261|\201E\007\267"
 198      0EB7F365 
 198      E7804A59 
 198      5F60B17C 
 198      814507B7 
 199 0647 D0EE7CF6 		.ascii	"\320\356|\366\320\034s\011WQV\370\177\013\370\320\240"
 199      D01C7309 
 199      575156F8 
 199      7F0BF8D0 
 199      A0
 200 0658 E55C0246 		.ascii	"\345\\\002F\317\3050\265\\/\2407\240\226si\325\235\014"
 200      CFC530B5 
 200      5C2FA037 
 200      A0967369 
 200      D59D0C
 201 066b 3CDB1CD6 		.ascii	"<\333\034\326F\212\245\"\326G\006\232\363\010\330\377"
 201      468AA522 
 201      D647069A 
 201      F308D8FF 
 202 067b A1B94940 		.ascii	"\241\271I@\177\2144\347I\267p;\371\022\330R\247r\003"
 202      7F8C34E7 
 202      49B7703B 
ARM GAS  C:\Users\User\AppData\Local\Temp\cc80HQgk.s 			page 16


 202      F912D852 
 202      A77203
 203 068e 9199EC8E 		.ascii	"\221\231\354\216\213\027\314_\224\2734\177I\376\242"
 203      8B17CC5F 
 203      94BB347F 
 203      49FEA2
 204 069d 056817AE 		.ascii	"\005h\027\256\370 /\277`V\366\312\254\305\253\362\337"
 204      F8202FBF 
 204      6056F6CA 
 204      ACC5ABF2 
 204      DF
 205 06ae CB2B5855 		.ascii	"\313+XU\030:\317\356,(\234\225\375\252\267\240\320\273"
 205      183ACFEE 
 205      2C289C95 
 205      FDAAB7A0 
 205      D0BB
 206 06c0 F4CD65DE 		.ascii	"\364\315e\336\367\013\226\257(\364.|\343\365\254\331"
 206      F70B96AF 
 206      28F42E7C 
 206      E3F5ACD9 
 207 06d0 CCBE96BD 		.ascii	"\314\276\226\275z5z\026/[\226\367J\256\344\310\313}"
 207      7A357A16 
 207      2F5B96F7 
 207      4AAEE4C8 
 207      CB7D
 208 06e2 37F7ADB7 		.ascii	"7\367\255\267\227\317\372\007|\321\351\361"
 208      97CFFA07 
 208      7CD1E9F1 
 209              		.text
 210              		.section	.gnu.lto_.symbol_nodes.9ec8720f,"",%progbits
 211 0000 789C6365 		.ascii	"x\234ce`b\360f\000\002\246\271L\365\014\014\023\316"
 211      6062F066 
 211      0002A6B9 
 211      4CF50C0C 
 211      13CE
 212 0012 313000A9 		.ascii	"10\000\251\235\015\007\033\330\200b\363\230\352\031"
 212      9D0D071B 
 212      D88062F3 
 212      98EA19
 213 0021 6162BB1A 		.ascii	"ab\273\032\034\201\"\363\231\352\231PDX\347014*\001"
 213      1C8122F3 
 213      99EA9950 
 213      4458E730 
 213      31342A01 
 214 0035 0D606664 		.ascii	"\015`fd`8\324\376F\236\001\000\342\341\022d"
 214      6038D4FE 
 214      469E0100 
 214      E2E11264 
 215              		.text
 216              		.section	.gnu.lto_.refs.9ec8720f,"",%progbits
 217 0000 789C6365 		.ascii	"x\234ce`b`d\000\002\000\000I\000\011"
 217      60626064 
 217      00020000 
 217      490009
 218              		.text
 219              		.section	.gnu.lto_.decls.9ec8720f,"",%progbits
 220 0000 789CCD58 		.ascii	"x\234\315XyPT\311\031\177\375z8\346\020\014Z)kc\245"
ARM GAS  C:\Users\User\AppData\Local\Temp\cc80HQgk.s 			page 17


 220      795054C9 
 220      197FFD7A 
 220      38E6100C 
 220      5A296B63 
 221 0015 28174B2A 		.ascii	"(\027K*\311\212\203\033M\245*\311\352\250\213\265\356"
 221      C98A831B 
 221      4DA52AC9 
 221      EAA88BB5 
 221      EE
 222 0026 AE35634C 		.ascii	"\2565cL\245\212\324\024\302\270R\002c\004\263\372\337"
 222      A58AD414 
 222      C2B85202 
 222      6304B3FA 
 222      DF
 223 0037 E350F13E 		.ascii	"\343P\361>Y\005EAq\025ADw\271\344\032\021YD\360\300"
 223      59054541 
 223      71154144 
 223      77B9E41A 
 223      115944F0 
 224 004c 8343400E 		.ascii	"\203C@\016e\361\014\202\007\242.\371\272\373=\246y3"
 224      65F10C82 
 224      07A22EF9 
 224      BAFB3DA6 
 224      7933
 225 005e 9BA35295 		.ascii	"\233\243R\225\312+\177o\372\353\376\365\327\337\325"
 225      CA2B7F6F 
 225      FAEBFEF5 
 225      D7DFD5
 226 006d FD1A3D04 		.ascii	"\375\032=\004QX9Q\0202\260 ,A\2020\002\217F\020\204"
 226      51583951 
 226      1032B020 
 226      2C418230 
 226      028F4610 
 227 0082 5382F381 		.ascii	"S\202\363\201!!\017\220\0178\013\000\232P)\214}\376"
 227      21210F90 
 227      0F380B00 
 227      9A50298C 
 227      7DFE
 228 0094 029D5EF0 		.ascii	"\002\235^\360\273\0240\015p\035p\025P\005\230\016c\277"
 228      BB14300D 
 228      701D7015 
 228      5005980E 
 228      63BF
 229 00a6 424C4F2D 		.ascii	"BLO-`\"\264\033d=y\202\353\023\246\322\245\314'\272"
 229      6022B41B 
 229      643D7982 
 229      EB13A6D2 
 229      A5CC27BA 
 230 00ba 8210B38D 		.ascii	"\202\020\263\215\330\350\017\355\251\200_\000\364\000"
 230      D8E80FED 
 230      A9805F00 
 230      F400
 231 00c8 51B6D19D 		.ascii	"Q\266\321\235N\033\214\033~D\247b\253\037\261\015P\012"
 231      4E1B8C1B 
 231      7E44A762 
 231      AB1FB10D 
 231      500A
ARM GAS  C:\Users\User\AppData\Local\Temp\cc80HQgk.s 			page 18


 232 00da 98076373 		.ascii	"\230\007cs\211^h\277\207\230\335\323\340w<\340'\262"
 232      895E68BF 
 232      8798DDD3 
 232      E0773CE0 
 232      27B2
 233 00ec FD3F875F 		.ascii	"\375?\207_-\340\017\000\035`\034b>\235u\263\376>\214"
 233      2DE00F00 
 233      1D601C62 
 233      3E9D75B3 
 233      FE3E8C
 234 00ff 0AB75597 		.ascii	"\012\267U\227\213\035\250\015\201\235h<\355E\210\275"
 234      8B1DA80D 
 234      819D683C 
 234      ED4588BD 
 235 010f 11051547 		.ascii	"\021\005\025G\224\007!\332\017\275\242 +V\272\2202C"
 235      940721DA 
 235      0FBDA220 
 235      2B56BA90 
 235      3243
 236 0121 96455914 		.ascii	"\226EY\024e\225\364\237<\031q\032\3310[IyX\036X\203"
 236      6595F49F 
 236      3C19711A 
 236      D9305B49 
 236      79581E58 
 237 0136 4E536623 		.ascii	"NSf#\321\271\000B\374\004N!3[\036\037\265Op:\207\024"
 237      D1B90042 
 237      FC044E21 
 237      335B1E1F 
 237      B54F703A 
 238 014c EF9FA5D6 		.ascii	"\357\237\245\326\367\352\356\242v\322\233\361\021\242"
 238      F7EAEEA2 
 238      76D29BF1 
 238      11A2
 239 015a 7DE9CD47 		.ascii	"}\351\315G*D,\"\322\276\373\372\304\202\351\271\022"
 239      2A442C22 
 239      D2BEFBFA 
 239      C482E9B9 
 239      12
 240 016b 7BBC7FE7 		.ascii	"{\274\177\347\014\333\305\221W\016\337\355\030\371\351"
 240      0CDBC591 
 240      570EDFED 
 240      18F9E9
 241 017a 90086263 		.ascii	"\220\010bc\177}\272\036\304\211:4\036\304\241\370[\347"
 241      7F7DBA1E 
 241      C4893A34 
 241      1EC4A1F8 
 241      5BE7
 242 018c 7593BEA2 		.ascii	"u\223\276\242\263\022\245\361\"Z\372S\224\213&\243\034"
 242      B312A5F1 
 242      225AFA53 
 242      948B26A3 
 242      1C
 243 019d 3419163F 		.ascii	"4\031\026?\205&\301{\231\206i:\320Z\\\356;%CrtJ\216"
 243      8526C17B 
 243      9986693A 
 243      D05A5CEE 
 243      3B254372 
ARM GAS  C:\Users\User\AppData\Local\Temp\cc80HQgk.s 			page 19


 244 01b4 57D53F4B 		.ascii	"W\325?K?+I\353a\232\206\320P6\302\350$\232NL\206&\274"
 244      3F2B49EB 
 244      619A86D0 
 244      5036C2E8 
 244      249A4E4C 
 245 01cb 4FA0BB08 		.ascii	"O\240\273\010\035G\035\340P\036\232\002\323S\017\355"
 245      1D471DE0 
 245      501E9A02 
 245      D3530FED 
 246 01db C8C77803 		.ascii	"\310\307x\003\242\346\306\267\034K\323\200\256\014\320"
 246      A2E6C6B7 
 246      1C4BD380 
 246      AE0CD0
 247 01ea 75FB9021 		.ascii	"u\373\220!Ur$\200*\221\252:\355TuZ\255*\237\252\222"
 247      55722480 
 247      2A91AA3A 
 247      ED54755A 
 247      AD2A9FAA 
 248 01ff FA4ADB7C 		.ascii	"\372J\333|\361\036\246j\343\251\316\023\006Y\325\360"
 248      F11EA66A 
 248      E3A9CE13 
 248      0659D5F0 
 249 020f 2FC7683A 		.ascii	"/\307h:\343\324tF\255\351,\325\324^\233\235\203!\034"
 249      E3D47446 
 249      ADE92CD5 
 249      D45E9B9D 
 249      83211C
 250 0222 D3748864 		.ascii	"\323t\210d\304\027\272N?.y=\216u\021\365\215;\006\262"
 250      C417BA4E 
 250      3F2E793D 
 250      8E7511F5 
 250      8D3B06B2 
 251 0236 BC70165B 		.ascii	"\274p\026[\353zR\376A\314\202\251!IiH\353\361a\301\364"
 251      EB7A52FE 
 251      41CC82A9 
 251      21496948 
 251      EBF161C1 
 252 024b DF87C5D4 		.ascii	"\337\207\305\324\272\246*\015\012\324}M\242\351\030"
 252      BAA62A0D 
 252      0AD47D4D 
 252      A2E918
 253 025a 39F5FBD4 		.ascii	"9\365\373\324\001I\362G%H\207\012\234\226L\323\301;"
 253      0149F247 
 253      2548870A 
 253      9C964CD3 
 253      C13B
 254 026c 599212A4 		.ascii	"Y\222\022\244\235\211\2226D@E\020\357B\2107*F\201dU"
 254      9D899236 
 254      44404510 
 254      EF428837 
 254      2A468164 
 255 0281 C243DF42 		.ascii	"\302C\337B\3477\320\011\253dg\355:\342\211\013h\236"
 255      E737D009 
 255      AB6467ED 
 255      3AE2890B 
 255      689E
 256 0293 C59A8A3B 		.ascii	"\305\232\212;\315\032\244\013t\253\240\314\215\002f"
ARM GAS  C:\Users\User\AppData\Local\Temp\cc80HQgk.s 			page 20


 256      CD1AA40B 
 256      74ABA0CC 
 256      8D0266
 257 02a2 CCABAB53 		.ascii	"\314\253\253Sj\326\223\260\224\2021\347\234\306\200"
 257      6AD693B0 
 257      948231E7 
 257      9CC680
 258 02b1 6D2CB9E9 		.ascii	"m,\271\351\216\341!\003\270B\306\245\372\221^\322\227"
 258      8EE12103 
 258      B842C6A5 
 258      FA915ED2 
 258      97
 259 02c2 9F75FF7D 		.ascii	"\237u\377}\\\214\251\347\317G2S\364S\217J\031U\240\354"
 259      5C8CA9E7 
 259      CF473253 
 259      F4538F4A 
 259      1955A0EC 
 260 02d6 DE843448 		.ascii	"\336\2044H\276\226\222+\230\262Q#\004\332SN\314\251"
 260      BE96922B 
 260      98B25123 
 260      04DA534E 
 260      CCA9
 261 02e8 44536166 		.ascii	"DSafZ\351\363:\017\0263o\020o\226\334J\326\343Z\246"
 261      5AE9F33A 
 261      0F16336F 
 261      106F96DC 
 261      4AD6E35A 
 262 02fd 353977FB 		.ascii	"59w\373\005\254K&\265\367\357\370\0023\236\364\364\037"
 262      05AC4B26 
 262      B5F7EFF8 
 262      02339EF4 
 262      F41F
 263 030f F0C5F5F2 		.ascii	"\360\305\365\362\3643g\366\353\361u&(\225\355\307*\273"
 263      F43367F6 
 263      EBF17526 
 263      2895EDC7 
 263      2ABB
 264 0321 B0F7528D 		.ascii	"\260\367R\215\216\345FB$u\015\031[4\370\026\345z\366"
 264      8EE54642 
 264      24750D19 
 264      5B34F816 
 264      E57AF6
 265 0334 B767EED1 		.ascii	"\267g\356\321\241\200\200\200\300\011\001G\244\244D"
 265      A1808080 
 265      C0090147 
 265      A4A444
 266 0343 C9D1F4E6 		.ascii	"\311\321\364\346\303\212\243u[\301?\204\252\300\255"
 266      C38AA375 
 266      5BC13F84 
 266      AAC0AD
 267 0352 6A70A21E 		.ascii	"jp\242\036Mp\332\023D\\3\302K`\023\206+0\324Z\022\246"
 267      4D70DA13 
 267      445C33C2 
 267      4B601386 
 267      2B30D45A 
 268 0368 ECF36AB6 		.ascii	"\354\363j\266\003\251\350U\225\034\375;\367\364\"\362"
 268      03A9E855 
ARM GAS  C:\Users\User\AppData\Local\Temp\cc80HQgk.s 			page 21


 268      951CFD3B 
 268      F7F422F2 
 269 0378 9613D641 		.ascii	"\226\023\326A\324K\343\011M\220\223E\236]dp\247$}\244"
 269      D44BE309 
 269      4D909345 
 269      9E5D6470 
 269      A7247DA4 
 270 038c 11500DCC 		.ascii	"\021P\015\314\276H'\022]$\007\227!f\265(\0005\000.\001"
 270      BE482712 
 270      5D240797 
 270      2166B528 
 270      0035002E 
 271 03a1 EA50009D 		.ascii	"\352P\000\235\305LxY\201\263!m\233<\251\015\027\334"
 271      C54C7859 
 271      81B3216D 
 271      9B3CA90D 
 271      17DC
 272 03b3 3AC84C20 		.ascii	":\310L Y;[]\351\205\241\234i\321\025^\336!\242\011\201"
 272      593B5B5D 
 272      E985A19C 
 272      69D1155E 
 272      DE21A209 
 273 03c8 EE5647D7 		.ascii	"\356VG\327`\321\177e\000\363\351J%N\224$\204\256\002"
 273      60D17F65 
 273      00F3E94A 
 273      254E9424 
 273      84AE02
 274 03db FB8AB306 		.ascii	"\373\212\263\006\211\213t\315\336\224\342\"\275a\363"
 274      898B74CD 
 274      DE94E222 
 274      BD61F3
 275 03ea 686553A2 		.ascii	"heS\242\263\256\256#\003=\027\341\027\310\203\325'\006"
 275      B3AEAE23 
 275      033D17E1 
 275      17C883D5 
 275      2706
 276 03fc E5736D27 		.ascii	"\345sm'\311on\303wm\362\326L&r\355\311\275\267\264\370"
 276      C96F6EC3 
 276      776DF2D6 
 276      4C2672ED 
 276      C9BDB7B4 
 277 0411 0A750065 		.ascii	"\012u\000e\354\257M\020q\023\023\224\312\360\223+#\253"
 277      ECAF4D10 
 277      71131394 
 277      CAF0932B 
 277      23AB
 278 0423 B8F32DC2 		.ascii	"\270\363-\302\335l\320Q\263\365\011\302O\230\220\334"
 278      DD6CD051 
 278      B3F509C2 
 278      4F9890DC 
 279 0433 B5F186CC 		.ascii	"\265\361\206\314\034\"r\321\323\234\242q\254\246\034"
 279      1C2272D1 
 279      D39CA271 
 279      ACA61C
 280 0442 441EA97A 		.ascii	"D\036\251z\325<\016\0172\362\346\302\033\035\032R\313"
 280      D53C0E0F 
 280      32F2E6C2 
ARM GAS  C:\Users\User\AppData\Local\Temp\cc80HQgk.s 			page 22


 280      1B1D1A52 
 280      CB
 281 0453 926C3DCC 		.ascii	"\222l=\314r\032\337F6\032\304\030\315\240e\234R\236"
 281      721ADF46 
 281      361AC418 
 281      CDA0659C 
 281      529E
 282 0465 52E0E3B7 		.ascii	"R\340\343\267S\216\247\277\206n\245V`\263JhG~\312\034"
 282      538EA7BF 
 282      866EA556 
 282      60B34A68 
 282      477ECA1C 
 283 0479 BACE8396 		.ascii	"\272\316\203\226\243ZfG?\221\367\225t\367\373\340wl"
 283      A35A6647 
 283      3F91F795 
 283      74F7FBE0 
 283      776C
 284 048b DD5D175E 		.ascii	"\335]\027^\014\352q\274\007\025\332\216\354=\246a\314"
 284      0CEA71BC 
 284      0715DA8E 
 284      EC3DA661 
 284      CC
 285 049c 3EBAADDF 		.ascii	">\272\255\337\276M\322\340\015l0\241\264e\227\034\262"
 285      BE4DD2E0 
 285      0D6C30A1 
 285      B465971C 
 285      B2
 286 04ad 4EBA6312 		.ascii	"N\272c\022\366dy\342\235l\360\315\323\343\375\2368\215"
 286      F66479E2 
 286      9D6CF0CD 
 286      D3E3FD9E 
 286      388D
 287 04bf 09455D29 		.ascii	"\011E])\225\362\202\315D\2760x\360\231\001g\261\301"
 287      95F282CD 
 287      44BE3078 
 287      F0990167 
 287      B1C1
 288 04d1 F55937B7 		.ascii	"\365Y7\267z\341<&\334\350\315L20\3465\"\017\336\331"
 288      7AE13C26 
 288      DCE8CD4C 
 288      3230E635 
 288      220FDED9 
 289 04e5 5663C0C5 		.ascii	"Vc\300\305l\260\272\266\347\2067\256b\302\226\213\005"
 289      6CB0BAB6 
 289      E78637AE 
 289      62C2968B 
 289      05
 290 04f6 3572826A 		.ascii	"5r\202j\351'\240/\177#\306\365\362\202rd\375\344\310"
 290      E927A02F 
 290      7F23C6F5 
 290      F2827264 
 290      FDE4C8
 291 0509 3EBB7661 		.ascii	">\273va\263\026\337f\203\015\233v\247\210\270\203\011"
 291      B316DF66 
 291      830D9B76 
 291      A788B883 
 291      09
ARM GAS  C:\Users\User\AppData\Local\Temp\cc80HQgk.s 			page 23


 292 051a 277A0F6E 		.ascii	"'z\017n\227\027\374\015\011\315\201\376t\003\356ece"
 292      9717FC0D 
 292      09CD81FE 
 292      7403EE65 
 292      6365
 293 052c 47D7677B 		.ascii	"G\327g{\343~&\224\026\225\325\310\347\316\014\020\223"
 293      E37E2694 
 293      1695D5C8 
 293      E7CE0C10 
 293      93
 294 053d AE6C6B33 		.ascii	"\256lk3\340!6\226\327\267\321\341\205%O*\034\030l\177"
 294      E0213696 
 294      D7B7D1E1 
 294      85254F2A 
 294      1C186C7F 
 295 0551 203B1B48 		.ascii	" ;\033H\2244\274\316\365\301\311lL9\341\375\350\011"
 295      9434BCCE 
 295      F5C1C96C 
 295      4C39E1FD 
 295      E809
 296 0563 8FCAEE14 		.ascii	"\217\312\356\024\004\341\335l(\263\257d\217/>\300\204"
 296      04E1DD6C 
 296      28B3AF64 
 296      8F2F3EC0 
 296      84
 297 0574 A749F73B 		.ascii	"\247I\367;\345\303g\022\210]\355\337o\366\301YllCeJ"
 297      E5C36712 
 297      885DEDDF 
 297      6FF6C159 
 297      6C6C4365 
 298 0589 B916E731 		.ascii	"\271\026\3471\241\272\263\003\341\"\326~\264\331\321"
 298      A1BAB303 
 298      E122D67E 
 298      B4D9D1
 299 0598 22620713 		.ascii	"\"b\007\023\262K\266uy\340KL\350)Jz\251\301\015L\310"
 299      B24BB675 
 299      79E04B4C 
 299      E8294A7A 
 299      A9C10D4C 
 300 05ad 797BE89A 		.ascii	"y{\350\232\02672\341\332\271\316\373>\270\225\011\017"
 300      163732E1 
 300      DAB9CEFB 
 300      3EB89509 
 300      0F
 301 05be 2B37DC93 		.ascii	"+7\334\223\023\272\227\356\201[\235\235\210\325g\206"
 301      13BA97EE 
 301      815B9D9D 
 301      88D56786 
 302 05ce 968C6F39 		.ascii	"\226\214o9\224\245\301\355\224\374\376\340\375\304&"
 302      94A5C1ED 
 302      94FCFEE0 
 302      FDC426
 303 05dd 4F72E629 		.ascii	"Or\346)\317\004\245\021\0300\346\221O\213\313\374i\321"
 303      CF04A511 
 303      1830E691 
 303      4F8BCBFC 
 303      69D1
ARM GAS  C:\Users\User\AppData\Local\Temp\cc80HQgk.s 			page 24


 304 05ef 0CDB758F 		.ascii	"\014\333u\217\310\235\026\267\325\007\\c=w\300m\024"
 304      C89D16B7 
 304      D5075C63 
 304      3D77C06D 
 304      14
 305 0600 55F44617 		.ascii	"U\364F\027z\035G\377\273Z\373S\356<d\374\326K\034\177"
 305      7A1D47FF 
 305      BB5AFB53 
 305      EE3C64FC 
 305      D64B1C7F 
 306 0614 58CD7FED 		.ascii	"X\315\177\355\302\257\342\371?\250\371o\325\346\324"
 306      C2AFE2F9 
 306      3FA8F96F 
 306      D5E6D4
 307 0623 5DE6E8F7 		.ascii	"]\346\350\367\324\364\036\027\365\303<\277\311}p\024"
 307      D4F41E17 
 307      F5C33CBF 
 307      C97D7014 
 308 0633 3E39FA1E 		.ascii	">9\372\036^\306\361\224\017;\033\335\221\371\312~G-"
 308      5EC6F194 
 308      0F3B1BDD 
 308      91F9CA7E 
 308      472D
 309 0645 6A73BA6B 		.ascii	"js\272k9\365\011\352`\272|\\Zyz\242\232\036\2446\276"
 309      39F509EA 
 309      60BA7C5C 
 309      5A797AA2 
 309      9A1EA436 
 310 065a 9B8FFD23 		.ascii	"\233\217\375#\265\361\017\234\332\371\363~\2038\031"
 310      B5F10F9C 
 310      DAF9F37E 
 310      833819
 311 0669 AD17C910 		.ascii	"\255\027\311\020a\223\303\376\240\030\210\216\213\001"
 311      6193C3FE 
 311      A018888E 
 311      8B01
 312 0677 68176027 		.ascii	"h\027`'\340\000 \003p\014\260\025p\002p\022\260\005"
 312      E0002003 
 312      700CB015 
 312      70027012 
 312      B005
 313 0689 B01F7014 		.ascii	"\260\037p\024\260\017\220\011H\007\244\0016\003\216"
 313      B00F9009 
 313      4807A401 
 313      36038E
 314 0698 0076030E 		.ascii	"\000v\003\016\003\276\002|\015\310\002l\003d\003\366"
 314      03BE027C 
 314      0DC8026C 
 314      036403F6 
 315 06a8 0252013B 		.ascii	"\002R\001;\000\311\200\355\200\024\300!\300&\221\377"
 315      00C980ED 
 315      8014C021 
 315      C02691FF 
 316 06b8 C2B5F259 		.ascii	"\302\265\362Y\351T;\326\341\362M\346K\366\226\232~C"
 316      E9543BD6 
 316      E1F24DE6 
 316      4BF6969A 
ARM GAS  C:\Users\User\AppData\Local\Temp\cc80HQgk.s 			page 25


 316      7E43
 317 06ca 4D1FE0C3 		.ascii	"M\037\340\303\326\247\246\367\272\320\371\012|\241\246"
 317      D6A7A6F7 
 317      BAD0F90A 
 317      7CA1A6
 318 06d9 3F772991 		.ascii	"?w)\221\356K\\\211\014\251K\344\225K\211\360\276\336"
 318      EE4B5C89 
 318      0CA94BE4 
 318      954B89F0 
 318      BEDE
 319 06eb 75EF2B9F 		.ascii	"u\357+\237\364:\336\372~\367\033\216S\377\220/\251x"
 319      F43ADEFA 
 319      7EF71B8E 
 319      53FF902F 
 319      A978
 320 06fd F715C8DF 		.ascii	"\367\025\310\337Wjj\331}\005h\374}\345\010\371\230;"
 320      576A6AD9 
 320      7D0568FC 
 320      7DE508F9 
 320      983B
 321 070f 6AEA94B3 		.ascii	"j\352\224\263\204|\346\006\324\213?s5\226\317\314M\367"
 321      847CE606 
 321      D48B3F73 
 321      3596CFCC 
 321      4DF7
 322 0721 99E1F90F 		.ascii	"\231\341\371\017y\347\036\272\257h\236?\300{'\251\275"
 322      79E71EBA 
 322      AF689E3F 
 322      C07B27A9 
 322      BD
 323 0732 BBA80EC6 		.ascii	"\273\250\016\3060\237\312A\367\346\033\235\231l\255"
 323      309FCA41 
 323      F7E61B9D 
 323      996CAD
 324 0741 E332F944 		.ascii	"\3432\371D\235\311\307.\241\346\265\277t_(|\325\362"
 324      9DC9C72E 
 324      A1E6B5BF 
 324      745F287C 
 324      D5F2
 325 0753 89BFEFFE 		.ascii	"\211\277\357\376\250\342m\347]\035Q\323/\216-C\310\325"
 325      A8E26DE7 
 325      5D1D51D3 
 325      2F8E2D43 
 325      C8D5
 326 0765 B0124A92 		.ascii	"\260\022J\222\252\357\335W9\037\312F^\177\222\333\263"
 326      AAEFDD57 
 326      391FCA46 
 326      5E7F92DB 
 326      B3
 327 0776 C7E8D45E 		.ascii	"\307\350\324^w\211\323\376\316\375\261\314o\212F\376"
 327      7789D3FE 
 327      CEFDB1CC 
 327      6F8A46FE 
 328 0786 DCEC5687 		.ascii	"\334\354V\207\262\313\345\253\302\207\362\215\373\257"
 328      B2CBE5AB 
 328      C287F28D 
 328      FBAF
ARM GAS  C:\Users\User\AppData\Local\Temp\cc80HQgk.s 			page 26


 329 0794 8451BEE1 		.ascii	"\204Q\276\341\276\310\315m\327\343^\372q\024\367e&\027"
 329      BEC8CD6D 
 329      D7E35EFA 
 329      7114F765 
 329      2617
 330 07a6 6855375C 		.ascii	"hU7\\\345\304C\247\340\240\373\177<\364\330\316\353"
 330      E5C443A7 
 330      E0A0FB7F 
 330      3CF4D8CE 
 330      EB
 331 07b7 AD67B7EA 		.ascii	"\255g\267\352\\\2600G\034\275U\223\215H\375\3549\366"
 331      5CB03047 
 331      1CBD5593 
 331      8D48FDEC 
 331      39F6
 332 07c9 B8C087BF 		.ascii	"\270\300\207\277U\347\212"
 332      55E78A
 333 07d0 FCAD3A4F 		.ascii	"\374\255:Od\267j\370%\377\2150\324\324a\340\311\344"
 333      64B76AF8 
 333      25FF8D30 
 333      D4D461E0 
 333      C9E4
 334 07e2 CF6827F9 		.ascii	"\317h'\371\264h\030\375\323\234\362o?I\337\355\201\007"
 334      B46818FD 
 334      D39CF26F 
 334      3F49DFED 
 334      8107
 335 07f4 D8756420 		.ascii	"\330ud \255\346\221\016\017\311\267\252\274\223I\030"
 335      ADE6910E 
 335      0FC9B7AA 
 335      BC934918 
 336 0804 BF61425B 		.ascii	"\277aB[Y|\265\017N\364\242B\327\341\204{\0368\231\011"
 336      597CB50F 
 336      4EF4A242 
 336      D7E1847B 
 336      1E389909 
 337 0818 C5E54F82 		.ascii	"\305\345O\202\331\015f2H\347\332\2379\344\377\235\350"
 337      D90D6632 
 337      48E7DA9F 
 337      39E4FF9D 
 337      E8
 338 0829 24179AC3 		.ascii	"$\027\232\303\217\372:\365x+\245j\337\025Wg\302\005"
 338      8FFA3AF5 
 338      782BA56A 
 338      DF155767 
 338      C205
 339 083b 66827C65 		.ascii	"f\202|ea\031\377a?\177M\371\006\374/\371\221o\037\237"
 339      6119FF61 
 339      3F7F4DF9 
 339      06FC2FF9 
 339      916F1F9F 
 340 084f DA42486D 		.ascii	"\332BHm\001\375\230\225\310y\255\200\274VBl\213\001"
 340      01FD9895 
 340      C879AD80 
 340      BC56426C 
 340      8B01
 341 0861 A50007A0 		.ascii	"\245\000\007\240\014P\01687\346#\323\235\312\325X\221"
ARM GAS  C:\Users\User\AppData\Local\Temp\cc80HQgk.s 			page 27


 341      0C500E38 
 341      37E623D3 
 341      9DCAD558 
 341      91
 342 0872 7A41979B 		.ascii	"zA\227\233E\025O?\253\246\273|\312\033SU\333\251\344"
 342      45154F3F 
 342      ABA6BB7C 
 342      CA1B5355 
 342      DBA9E4
 343 0885 9F9E4CAD 		.ascii	"\237\236L\255<=\337=\235?\246{\367\263c\272D}L\323+"
 343      3C3DDF3D 
 343      9D3FA67B 
 343      F7B363BA 
 343      447D4CD3 
 344 089a DF98587E 		.ascii	"\337\230X~\3536\226\374\235\211_\373\214{\317F\377\236"
 344      EB3696FC 
 344      9D895FFB 
 344      8C7BCF46 
 344      FF9E
 345 08ac DCD02235 		.ascii	"\334\320\"5\353\361\036\232I\261\266\257/G\257\332m"
 345      EBF11E9A 
 345      49B1B6AF 
 345      2F47AFDA 
 345      6D
 346 08bd 4A4AD005 		.ascii	"JJ\320\005\310\304\177\222\025\346\330\323T\266\013"
 346      C8C47F92 
 346      15E6D8D3 
 346      54B60B
 347 08cc AA60E679 		.ascii	"\252`\346y\347.(Qv\301\265;\3319cvA\325\230]P-\357\002"
 347      E72E2851 
 347      76C1B53B 
 347      D9396376 
 347      41D5985D 
 348 08e4 F2FBDE8A 		.ascii	"\362\373\336\212\260(kTT\204uYX\370\3125\253\254\021"
 348      B0286B54 
 348      54847559 
 348      58F8CA35 
 348      ABAC11
 349 08f7 F6E8B0C8 		.ascii	"\366\350\260\310\030kdLd\234\367\307\237\375\321\337"
 349      186B644C 
 349      649CF7C7 
 349      9FFDD1DF 
 350 0907 64340A56 		.ascii	"d4\012V\323oC\303WD.\213\0145\221\267%nMD\244\3358\373"
 350      D36F43C3 
 350      57442E8B 
 350      0C3591B7 
 350      256E4D44 
 351 091f 6F33AD5F 		.ascii	"o3\255_F\306D\330\277\214\345\373\031\323\036k\234="
 351      46C644D8 
 351      BF8CE5FB 
 351      19D31E6B 
 351      9C3D
 352 0931 2BC81E1B 		.ascii	"+\310\036\033\004\352\203V\331W\307\305\006Y\226|:3"
 352      04EA8356 
 352      D957C7C5 
 352      0659967C 
 352      3A33
ARM GAS  C:\Users\User\AppData\Local\Temp\cc80HQgk.s 			page 28


 353 0943 98BD17CC 		.ascii	"\230\275\027\314^\2736H^xz\270`Pl \253\216\217\215\213"
 353      5EBB3648 
 353      5E787AB8 
 353      60506C20 
 353      AB8E8F8D 
 354 0958 9E196C0D 		.ascii	"\236\031l\015\217\262\207\257\244\035:\253uMdL\034\364"
 354      8FB287AF 
 354      A41D3AAB 
 354      754D644C 
 354      1CF4
 355 096a C525A170 		.ascii	"\305%\241p\305\022\372\216u\265\204\353\017\215\263"
 355      C512FA8E 
 355      75B584EB 
 355      0F8DB3
 356 0979 DBA36243 		.ascii	"\333\243bC\277\210Y\343O[\376a\253\243\375m\321\313"
 356      BF8859E3 
 356      4F5BFE61 
 356      ABA3FD6D 
 356      D1CB
 357 098b 6C1111B6 		.ascii	"l\021\021\266\210\320Y\323g\372\007\3170\316\376\253"
 357      88D059D3 
 357      67FA07CF 
 357      30CEFEAB 
 358 099b 3114FA3F 		.ascii	"1\024\372?\210\261\307\330>\260\205\201\346\310\230"
 358      88B1C7D8 
 358      3EB08581 
 358      E6C898
 359 09aa F0A83511 		.ascii	"\360\2505\021\266\320\3500\320\025c\013\265F\330\226"
 359      B6D0E830 
 359      D015630B 
 359      B546D896 
 360 09ba 87AD898A 		.ascii	"\207\255\211\212\263\306\255[e\213\235\276B\360V\314"
 360      B3C6AD5B 
 360      658B9DBE 
 360      42F056CC 
 361 09ca 59F73FB4 		.ascii	"Y\367?\264&v]l\25056.\002\226\006\023|-\353b\343l\321"
 361      26765D6C 
 361      A835362E 
 361      02960613 
 361      7C2DEB62 
 362 09e1 26FB6A9B 		.ascii	"&\373j\233\211\004\012\233\314\301\032\223\305l\204"
 362      89040A9B 
 362      CCC11A93 
 362      C56C84
 363 09f0 86913482 		.ascii	"\206\2214\202\277\370/r\026n\217\216\266\307\004\331"
 363      BFF82F72 
 363      166E8F8E 
 363      B6C704D9 
 364 0a00 D6C60599 		.ascii	"\326\306\005\231>\265,\264@\322\270\274\321\374,\237"
 364      3EB52CB4 
 364      40D2B8BC 
 364      D1FC2C9F 
 365 0a10 3D0BDA60 		.ascii	"=\013\332`\211~\361\237\314\326%\020\231y\266\345\336"
 365      897EF19F 
 365      CCD62510 
 365      9979B6E5 
 365      DE
ARM GAS  C:\Users\User\AppData\Local\Temp\cc80HQgk.s 			page 29


 366 0a21 F34C9F98 		.ascii	"\363L\237\230\026|l6\352\026/Zd\231\263\220\264Isa\260"
 366      167C6C36 
 366      EA162F5A 
 366      6499B390 
 366      B4497361 
 367 0a36 85343D2C 		.ascii	"\2054=,\026\323\307f\255y\276e\276y\351\374y\2630\330"
 367      16D3C766 
 367      AD79BE65 
 367      BE79E9FC 
 367      79B330D8 
 368 0a4a A9993BCF 		.ascii	"\251\231;\317\344\354\372\265v\316\342\271\301\213\026"
 368      E4ECFAB5 
 368      76CEE2B9 
 368      C18B16
 369 0a59 CFFFCC4C 		.ascii	"\317\377\314LZF\326RF?\324\316\011\231;S\036\015\031"
 369      5A46D652 
 369      463FD4CE 
 369      09993B53 
 369      1E0D19
 370 0a6c E585A879 		.ascii	"\345\205\250y3\275\210\026\350!\277F~$\330\213h\240"
 370      33BD8816 
 370      E821BF46 
 370      7E24D88B 
 370      68A0
 371 0a7e 23213223 		.ascii	"#!2#d,\303\350M\346\232-K\314\244a$\215\321\261\031"
 371      642CC3E8 
 371      4DE69A2D 
 371      4BCCA461 
 371      248DD1B1 
 372 0a93 DE64361B 		.ascii	"\336d6\033\013QH!\214\204M\013\315\032\342\244\027\370"
 372      0B514821 
 372      8C844D0B 
 372      CD1AE2A4 
 372      17F8
 373 0aa5 4B7E4593 		.ascii	"K~E\223Y\011G\260\336l2)1\362\370|\361\022\223Y\264"
 373      590947B0 
 373      DE6C3229 
 373      31F2F87C 
 373      F1129359 
 374 0aba 98BDA0F1 		.ascii	"\230\275\240\361\311\374?\2335\344\205\347\230\314\236"
 374      C9FC3F9B 
 374      35E485E7 
 374      98CC9E
 375 0ac9 74C4386E 		.ascii	"t\3048n\301\2429\226\020\205\376\017\033%\333\261"
 375      C1A23996 
 375      1085FE0F 
 375      1B25DBB1 
 376              		.text
 377              		.section	.gnu.lto_.symtab.9ec8720f,"",%progbits
 378 0000 68616C5F 		.ascii	"hal_lld_init\000"
 378      6C6C645F 
 378      696E6974 
 378      00
 379 000d 00       		.ascii	"\000"
 380 000e 00       		.ascii	"\000"
 381 000f 00       		.ascii	"\000"
 382 0010 00000000 		.ascii	"\000\000\000\000\000\000\000\000"
ARM GAS  C:\Users\User\AppData\Local\Temp\cc80HQgk.s 			page 30


 382      00000000 
 383 0018 B0000000 		.ascii	"\260\000\000\000"
 384 001c 73746D33 		.ascii	"stm32_clock_init\000"
 384      325F636C 
 384      6F636B5F 
 384      696E6974 
 384      00
 385 002d 00       		.ascii	"\000"
 386 002e 00       		.ascii	"\000"
 387 002f 00       		.ascii	"\000"
 388 0030 00000000 		.ascii	"\000\000\000\000\000\000\000\000"
 388      00000000 
 389 0038 B2000000 		.ascii	"\262\000\000\000"
 390 003c 53797374 		.ascii	"SystemCoreClock\000"
 390      656D436F 
 390      7265436C 
 390      6F636B00 
 391 004c 00       		.ascii	"\000"
 392 004d 00       		.ascii	"\000"
 393 004e 00       		.ascii	"\000"
 394 004f 00000000 		.ascii	"\000\000\000\000\000\000\000\000"
 394      00000000 
 395 0057 BF000000 		.ascii	"\277\000\000\000"
 396              		.text
 397              		.section	.gnu.lto_.opts,"",%progbits
 398 0000 272D666D 		.ascii	"'-fmath-errno' '-fsigned-zeros' '-ftrapping-math' '"
 398      6174682D 
 398      6572726E 
 398      6F272027 
 398      2D667369 
 399 0033 2D666E6F 		.ascii	"-fno-trapv' '-fno-openmp' '-fno-openacc' '-mcpu=cor"
 399      2D747261 
 399      70762720 
 399      272D666E 
 399      6F2D6F70 
 400 0066 7465782D 		.ascii	"tex-m7' '-mno-thumb-interwork' '-mthumb' '-ggdb' '-"
 400      6D372720 
 400      272D6D6E 
 400      6F2D7468 
 400      756D622D 
 401 0099 4F322720 		.ascii	"O2' '-fomit-frame-pointer' '-falign-functions=16' '"
 401      272D666F 
 401      6D69742D 
 401      6672616D 
 401      652D706F 
 402 00cc 2D666675 		.ascii	"-ffunction-sections' '-fdata-sections' '-fno-common"
 402      6E637469 
 402      6F6E2D73 
 402      65637469 
 402      6F6E7327 
 403 00ff 2720272D 		.ascii	"' '-flto'\000"
 403      666C746F 
 403      2700
 404              		.text
 405              		.comm	__gnu_lto_v1,1,1
 406              		.comm	__gnu_lto_slim,1,1
 407              		.ident	"GCC: (GNU Tools for ARM Embedded Processors 6-2017-q1-update) 6.3.1 20170215 (release) [AR
ARM GAS  C:\Users\User\AppData\Local\Temp\cc80HQgk.s 			page 31


ARM GAS  C:\Users\User\AppData\Local\Temp\cc80HQgk.s 			page 32


DEFINED SYMBOLS
                            *ABS*:00000000 hal_lld.c
                            *COM*:00000001 __gnu_lto_v1
                            *COM*:00000001 __gnu_lto_slim

NO UNDEFINED SYMBOLS
