ARM GAS  C:\Users\User\AppData\Local\Temp\cc2YCoAv.s 			page 1


   1              		.cpu cortex-m7
   2              		.eabi_attribute 20, 1
   3              		.eabi_attribute 21, 1
   4              		.eabi_attribute 23, 3
   5              		.eabi_attribute 24, 1
   6              		.eabi_attribute 25, 1
   7              		.eabi_attribute 26, 1
   8              		.eabi_attribute 30, 2
   9              		.eabi_attribute 34, 1
  10              		.eabi_attribute 18, 4
  11              		.file	"hal_pal.c"
  12              		.text
  13              	.Ltext0:
  14              		.section	.gnu.lto_.profile.9ec84b6b,"",%progbits
  15 0000 789C6365 		.ascii	"x\234ce`b`a```d\320\220\001\000\000\354\000Q"
  15      60626061 
  15      60606064 
  15      D0900100 
  15      00EC0051 
  16              		.text
  17              		.section	.gnu.lto_.icf.9ec84b6b,"",%progbits
  18 0000 789C6365 		.ascii	"x\234ce`b\020a@\000f\206\343\227n\235fc\334\276\377"
  18      60621061 
  18      40006686 
  18      E3976E9D 
  18      6663DCBE 
  19 0015 D00F76A6 		.ascii	"\320\017v\246u;\036\256\342e\000\000hQ\011\233"
  19      753B1EAE 
  19      E2650000 
  19      6851099B 
  20              		.text
  21              		.section	.gnu.lto_.jmpfuncs.9ec84b6b,"",%progbits
  22 0000 789C6365 		.ascii	"x\234ce`bPb@\000f\006FF\306zF&FF\346\372z&0\305\310"
  22      60625062 
  22      40006606 
  22      4646C67A 
  22      46264646 
  23 001b 069162AA 		.ascii	"\006\221b\252d\004Q\0009\324\002\300"
  23      64045100 
  23      39D402C0 
  24              		.text
  25              		.section	.gnu.lto_.inline.9ec84b6b,"",%progbits
  26 0000 789C6365 		.ascii	"x\234ce`b\370\316\200\000\314\014\014\234\034\214\314"
  26      6062F8CE 
  26      8000CC0C 
  26      0C9C1C8C 
  26      CC
  27 0011 0C0A8C20 		.ascii	"\014\012\214 &\210t\000\223\012\034l\037\364\030\330"
  27      26887400 
  27      930A1C6C 
  27      1FF418D8 
  28 0021 16C83331 		.ascii	"\026\310310\276`g\201\220 \202\003\314\344\000\021\002"
  28      30BE6067 
  28      81902082 
  28      03CCE400 
  28      1102
  29 0033 60A600C8 		.ascii	"`\246\000\310\030F\006>^F\026\210)\214@\022b\224\002"
ARM GAS  C:\Users\User\AppData\Local\Temp\cc2YCoAv.s 			page 2


  29      1846063E 
  29      5E461688 
  29      298C4012 
  29      629402
  30 0046 C4406EA6 		.ascii	"\304@n\246\013\374\030F\001\305P\014aY /\001b)010\357"
  30      0BFC1846 
  30      01C5500C 
  30      6159202F 
  30      01622930 
  31 005d 10576000 		.ascii	"\020W`\000Zo\0012\231\211\201[\030\305}PC9\201r\304"
  31      5A6F0132 
  31      9989815B 
  31      18C57D50 
  31      43398172 
  32 0072 390F6893 		.ascii	"9\017h\223\004\310$\026^\240w'\370\201 \003\000\006"
  32      04C82416 
  32      5EA07727 
  32      F8812003 
  32      0006
  33 0084 0820CB   		.ascii	"\010 \313"
  34              		.text
  35              		.section	.gnu.lto_.pureconst.9ec84b6b,"",%progbits
  36 0000 789C6365 		.ascii	"x\234ce`b`g```f\220b\224b\222\004\000\001\307\000b"
  36      60626067 
  36      60606066 
  36      90629462 
  36      92040001 
  37              		.text
  38              		.section	.gnu.lto_palReadBus.9ec84b6b,"",%progbits
  39 0000 789C9591 		.ascii	"x\234\225\221\277O\024Q\020\307\347\373fowO\321\177"
  39      BF4F1451 
  39      10C7E7FB 
  39      666F774F 
  39      D17F
  40 0012 408A2B4C 		.ascii	"@\212+L\010\215\033b\"\211-\211\235\211\011-\011\201"
  40      088D1B62 
  40      22892D89 
  40      9D89092D 
  40      0981
  41 0024 A3E012E2 		.ascii	"\243\340\022\342\031W\244\344\335\012\250\020\301\020"
  41      1957A4E4 
  41      DD0AA810 
  41      C110
  42 0032 F5FC756E 		.ascii	"\365\374un\241\004Q\371\351\217\202\352\002&&&\376\200"
  42      A10451F9 
  42      E98F82EA 
  42      02262626 
  42      FE80
  43 0044 C6CA48D0 		.ascii	"\306\312H\320\346\022-\274\306\306\2403\273\220\\AC"
  43      E6122DBC 
  43      C6C6A033 
  43      BB905C41 
  43      43
  44 0055 B1F366E6 		.ascii	"\261\363f\346\315|f\276\3732d(4D\235DtL>0\301\334\374"
  44      CD7C66BE 
  44      FB326428 
  44      34449D44 
ARM GAS  C:\Users\User\AppData\Local\Temp\cc2YCoAv.s 			page 3


  44      744C3E30 
  45 006c 4854F20D 		.ascii	"HT\362\015\240\216\365A\303\006\303\230\3422ccd\351"
  45      A08EF541 
  45      C306C398 
  45      E2326363 
  45      64E9
  46 007e 214F722C 		.ascii	"!Or,e\216\204\277?\334\377~TC '\341\003\273y\335k\235"
  46      658E84BF 
  46      3FDCFF7E 
  46      54432027 
  46      E103BB79 
  47 0095 B536B2D5 		.ascii	"\2656\262\325\362\264\373h\345\263\315\306l\350\236"
  47      F2B4FB68 
  47      E5B3CDC6 
  47      6CE89E
  48 00a4 943F4533 		.ascii	"\224?E3f\321\2543\346\320*\305\243\033\3451\346s \361"
  48      66D1AC33 
  48      E6D02AC5 
  48      A31BE531 
  48      E67320F1 
  49 00b8 BF7EDB9A 		.ascii	"\277~\333\232\363[f\222\306\267\267\330\036\217\231"
  49      F35B6692 
  49      C6B7B7D8 
  49      1E8F99
  50 00c7 F10CDCD8 		.ascii	"\361\014\334\330()\302s\264h\375\366\362\316\355#\256"
  50      2829C273 
  50      B468FDF6 
  50      F2CEED23 
  50      AE
  51 00d8 F39849D9 		.ascii	"\363\230I\331\202|\001\027r.n\242jw\376]\265\325\237"
  51      827C0117 
  51      722E6EA2 
  51      6A77FE5D 
  51      B5D59F
  52 00eb 4F503993 		.ascii	"OP9\223\025\015\322\301\322\3538b2\0311\256\253\236"
  52      150DD2C1 
  52      D2EB3862 
  52      321931AE 
  52      AB9E
  53 00fd A7C627DD 		.ascii	"\247\306'\335\216\306\005\241R'$\220\223k\210Vk7\326"
  53      8EC605A1 
  53      52272490 
  53      936B8856 
  53      6B37D6
  54 0110 5DA55658 		.ascii	"]\245VXe\337\031]\373\344\251NN\326\375\363\356\375"
  54      65DF195D 
  54      FBE4A94E 
  54      4ED6FDF3 
  54      EEFD
  55 0122 B5A61895 		.ascii	"\265\246\030\225\222\2656\027\263Wa\203y\325&w3?\242"
  55      92B53617 
  55      B3576183 
  55      79D52677 
  55      333FA2
  56 0135 052F98B7 		.ascii	"\005/\230\267\351\225\217\005\304\270\253;\022\026\021"
  56      E9958F05 
  56      C4B8AB3B 
ARM GAS  C:\Users\User\AppData\Local\Temp\cc2YCoAv.s 			page 4


  56      121611
  57 0144 500D6BAB 		.ascii	"P\015k\253\331\024\3544\202\375\375\300Y\231\216\245"
  57      D914EC34 
  57      82FDFDC0 
  57      59998EA5 
  58 0154 5DF0977A 		.ascii	"]\360\227z}\275I\300#%\275:\204\345\004\254\252\261"
  58      7DBD49C0 
  58      2325BD3A 
  58      84E504AC 
  58      AAB1
  59 0166 9280A33D 		.ascii	"\222\200\243=p\346@+\036\306\313\204d\224\364*!]\251"
  59      70E6402B 
  59      1EC6CB84 
  59      6494F42A 
  59      215DA9
  60 0179 8F2145E9 		.ascii	"\217!E\351\232\002l\244{\007\242\033\274N\350\311+\275"
  60      9A026CA4 
  60      7B07A21B 
  60      BC4EE8C9 
  60      2BBD
  61 018b 49E97FF7 		.ascii	"I\351\177\367\350~2\300\243_\210r\273\031\375Q\343\242"
  61      E87E32C0 
  61      A35F8872 
  61      BB19FD51 
  61      E3A2
  62 019d 4ADE4116 		.ascii	"J\336A\026:\333q\272+\337_\350-tu\250\355\2744\330W"
  62      3ADB71BA 
  62      2BDF5FE8 
  62      2D7475A8 
  62      EDBC34D8 
  63 01b2 28B6B55F 		.ascii	"(\266\265_>\331=T8\337W\034\012\033\363ie1lk?\025\024"
  63      3ED93D54 
  63      38DF571C 
  63      0A1BF369 
  63      65316C6B 
  64 01c9 C3A0BF67 		.ascii	"\303\240\277g \010/\346\365\354\276\3203p\"O\334;\030"
  64      20082FE6 
  64      F5ECBED0 
  64      3370224F 
  64      DC3B18
  65 01dc FE078082 		.ascii	"\376\007\200\202\333\243"
  65      DBA3
  66              		.text
  67              		.section	.gnu.lto_palWriteBus.9ec84b6b,"",%progbits
  68 0000 789C9553 		.ascii	"x\234\225SKh\023Q\024}g\336d2\223\217\272\024\354\242"
  68      4B681351 
  68      147D67DE 
  68      6432938F 
  68      BA14ECA2 
  69 0014 0B2174E3 		.ascii	"\013!t\343P\004\013n\013\356\024A\027.\012\245I\027"
  69      50040B6E 
  69      0BEE1441 
  69      172E0AA5 
  69      4917
  70 0026 0D1423A6 		.ascii	"\015\024#\246\265\313Nb\223J\213\037\220&U\032F\224"
  70      B5CB4E62 
  70      934A8B1F 
ARM GAS  C:\Users\User\AppData\Local\Temp\cc2YCoAv.s 			page 5


  70      9026551A 
  70      4694
  71 0038 5AA3F6E7 		.ascii	"Z\243\366\347?]H\210\213\202T\245]\350FQl\025\272\020"
  71      3F5D4888 
  71      8B8254A5 
  71      5DE84651 
  71      6C15BA10 
  72 004c 6A117421 		.ascii	"j\021t!\211\367\276i4\212\233>x\367\275\373;\357\336"
  72      89F7BE69 
  72      348A9B3E 
  72      78F7BDFB 
  72      3BEFDE
  73 005f 73677C42 		.ascii	"sg|B\023G\244\020'\204\020{hC\012h\227^\012\22125\200"
  73      1347A410 
  73      2784107B 
  73      68430A68 
  73      975E0A91 
  74 0076 2F8E0931 		.ascii	"/\216\0111\250a\020\027e^\2422\374\271\244\265L9\264"
  74      A8611017 
  74      655EA232 
  74      FCB9A4B5 
  74      4C39B4
  75 0089 CAF96F46 		.ascii	"\312\371oF\326\311\354v)\375\012m^\230B\013E-\017\315"
  75      D6C9EC76 
  75      29FD0A6D 
  75      5E98420B 
  75      452D0FCD 
  76 009d 4DC80BD2 		.ascii	"M\310\013\322\225\200N\352\327\027WWw\260\252\241\231"
  76      95804EEA 
  76      D7175757 
  76      77B0AAA1 
  76      99
  77 00ae D4CC723E 		.ascii	"\324\314r>+\345Q\010\272\277{\377\241hF&\035'\355\224"
  77      2BE55108 
  77      BABF7BFF 
  77      A1684626 
  77      1D27ED94 
  78 00c2 972E4B67 		.ascii	"\227.Kg\257+%nC\022 \212h\302-4\0112\011\334A\204\302"
  78      AF2B256E 
  78      4312208A 
  78      68C22D34 
  78      093209DC 
  79 00d9 0BD5EB8B 		.ascii	"\013\325\353\213Ay\\\245\226\334\211\242\261\225\372"
  79      41795CA5 
  79      96DC89A2 
  79      B195FA
  80 00e8 764CA5EA 		.ascii	"vL\245\352\270\373o\252.0\215\010\307\177\234\257\216"
  80      B8FB6FAA 
  80      2E308D08 
  80      C77F9CAF 
  80      8E
  81 00f9 850DFD46 		.ascii	"\205\015\375F\275\\\314\300\000\235\263+(;\325\3320"
  81      BD5CCCC0 
  81      009DB32B 
  81      283BD5DA 
  81      30
  82 010a 157013B5 		.ascii	"\025p\023\265C;\251ozLR\256O\007'\373\350j\030,\374"
ARM GAS  C:\Users\User\AppData\Local\Temp\cc2YCoAv.s 			page 6


  82      433BA96F 
  82      7A4C52AE 
  82      4F0727FB 
  82      E86A182C 
  83 011f 2C4C127E 		.ascii	",L\022~\213E\200\325 \213\020\2130\013!F\010\234\211"
  83      8B4580D5 
  83      208B108B 
  83      300B2146 
  83      089C89
  84 0132 1B951A9F 		.ascii	"\033\225\032\237r\035\351\205\365\2471~\256 \231\303"
  84      721DE985 
  84      F5A7317E 
  84      AE2099C3 
  85 0142 5CA6F2CA 		.ascii	"\\\246\362\312\317tH\325\307\367\305\347\347B.\012)"
  85      CF7448D5 
  85      C7F7C5E7 
  85      E7422E0A 
  85      29
  86 0153 E2B4D995 		.ascii	"\342\264\331\225f\201h\232\245\332\3317\271\226\236"
  86      6681689A 
  86      A5DAD937 
  86      B9969E
  87 0162 F1DBD38E 		.ascii	"\361\333\323\216\347\2620\007\027\343\212k\314\303\026"
  87      E7B23007 
  87      17E38A6B 
  87      CCC316
  88 0171 045DCDC2 		.ascii	"\004]\315\302C\366\025\250W~\313\362tc[\320:\356)h&"
  88      43F615A8 
  88      577ECBF2 
  88      74635BD0 
  88      3AEE2968 
  89 0186 04F715F4 		.ascii	"\004\367\025\364\331\237uh\277B7\032\321\315m\241\007"
  89      D99F7568 
  89      BF42371A 
  89      D1CD6DA1 
  89      07
  90 0197 F040A16B 		.ascii	"\360@\241k\214\376\320C\317\325\321-\017mec\251\020"
  90      8CFED043 
  90      CFD5D12D 
  90      0F6D6563 
  90      A910
  91 01a9 6456FCD8 		.ascii	"dV\374\330\205G\004C1\033\365\230\200*\302\372\253\252"
  91      85470443 
  91      311BF598 
  91      802AC2FA 
  91      ABAA
  92 01bb 2035EC55 		.ascii	" 5\354U\365'.\244\314&\333~\324ma\225\036\"[%\247\252"
  92      F5272EA4 
  92      CC26DB7E 
  92      D46D6195 
  92      1E225B25 
  93 01d1 6F1C81F5 		.ascii	"o\034\201\365\277\021\020\204\304\343\255N\336ln>\013"
  93      BF111084 
  93      C4E3AD4E 
  93      DE6C6E3E 
  93      0B
  94 01e2 51274329 		.ascii	"Q'C)v\205\360Du\3023 \347\350\332\247\327\276\337\316"
ARM GAS  C:\Users\User\AppData\Local\Temp\cc2YCoAv.s 			page 7


  94      7685F044 
  94      75C23320 
  94      E7E8DAA7 
  94      D7BEDFCE 
  95 01f6 304AB0C7 		.ascii	"0J\260\307i\014\324\345\002lzZ|A\372Z\355\274\252D\375"
  95      690CD4E5 
  95      026C7A5A 
  95      7C41FA5A 
  95      EDBCAA44 
  96 020b 2023C430 		.ascii	" #\3040}\024D\304\341\366\203\035\261\236x4\336\321"
  96      7D1444C4 
  96      E1F6831D 
  96      B19E7834 
  96      DED1
  97 021d CEF2585F 		.ascii	"\316\362X_\177w<\321\332vf\177\347@\374dwb \331h\367"
  97      7F773CD1 
  97      DA76667F 
  97      E740FC64 
  97      776220D9 
  98 0233 2213C9D6 		.ascii	"\"\023\311\326\266\003v\"i\367t\365\332\311\3231>;O"
  98      B6037622 
  98      69F774F5 
  98      DAC9D331 
  98      3E3B4F
  99 0246 75F5EE8B 		.ascii	"u\365\356\213\011\031\355O\352\321x_\362\027\374|\034"
  99      0919ED4F 
  99      EAD1785F 
  99      F217FC7C 
  99      1C
 100 0257 10       		.ascii	"\020"
 101              		.text
 102              		.section	.gnu.lto_palSetBusMode.9ec84b6b,"",%progbits
 103 0000 789C9592 		.ascii	"x\234\225\222OhSA\020\306\347{\363\222\367b[\317\202"
 103      4F685341 
 103      10C6E77B 
 103      F392F762 
 103      5BCF82
 104 0013 3DE42084 		.ascii	"=\344 \204^|\024\301\202\327\036<\011\202\036z(\224"
 104      5E7C14C1 
 104      82D71E3C 
 104      09821E7A 
 104      2894
 105 0025 36111AA8 		.ascii	"6\021\032\250F|\326\036\263\215&\225\012\255Pj\254\030"
 105      467CD61E 
 105      B38D2695 
 105      0AAD506A 
 105      AC18
 106 0037 9E20A156 		.ascii	"\236 \241V\355?\253B\024!\364\"\370\227\366\252EQ\021"
 106      ED3FAB42 
 106      1421F422 
 106      F897F6AA 
 106      455111
 107 004a 8A162A1E 		.ascii	"\212\026*\036\274huf\243\240\336\272\260\273\263\273"
 107      BC687566 
 107      A3A0DEBA 
 107      B0BBB3BB 
 108 005a F3FD76F6 		.ascii	"\363\375v\366cc\344P\306!\352\"\242\335\322\301\004"
ARM GAS  C:\Users\User\AppData\Local\Temp\cc2YCoAv.s 			page 8


 108      6363E450 
 108      C621EA22 
 108      A2DDD2C1 
 108      04
 109 006b E7E20BA2 		.ascii	"\347\342\013\242a\337\00140>(\357 \217q.3\226G>\326"
 109      61DF0134 
 109      303E28EF 
 109      208F712E 
 109      3396473E 
 110 0080 9CB66923 		.ascii	"\234\266i#\255^^\365J\246\270+b\242)\351\3320\2156\311"
 110      AD5E5EF5 
 110      4AA6B82B 
 110      62A229E9 
 110      DA308D36 
 111 0095 5A39B770 		.ascii	"Z9\267p\225\3078b\300\225\345\227\347W\336\357\324\245"
 111      95C73862 
 111      C095E597 
 111      E757DEEF 
 111      D4A5
 112 00a7 83A42C8B 		.ascii	"\203\244,\213+\345\022\363a\220\304ko\336\316\370\251"
 112      2BE512F3 
 112      6190C46B 
 112      6FDECEF8 
 112      A9
 113 00b8 AA310553 		.ascii	"\2521\005S\177=\301fO\304\214\233`\001b\006\255\270"
 113      7F3DC166 
 113      4FC48C9B 
 113      60016206 
 113      ADB8
 114 00ca 8156922D 		.ascii	"\201V\222-\302-\244$\375\353Ru\242\211\217Z\351\323"
 114      C22DA424 
 114      FDEB5275 
 114      A2898F5A 
 114      E9D3
 115 00dc B1475DBF 		.ascii	"\261G]\277\225\317&\255\322\305\355\377\225.a\026)M"
 115      95CF26AD 
 115      D2C5EDFF 
 115      952E6116 
 115      294D
 116 00ee 7FB7B835 		.ascii	"\177\267\2705\331\022w\257\377\251\026s\210C\346\371"
 116      D91277AF 
 116      FFA91673 
 116      8843E6F9 
 117 00fe 55D4CDD6 		.ascii	"U\324\315\326\317\021S\377^\305\332\301\204<[\356b\321"
 117      CF1153FF 
 117      5EC5DAC1 
 117      843C5BEE 
 117      62D1
 118 0110 C65C19E2 		.ascii	"\306\\\031\3421\031\274\270F\036,\213FE\256\316\\`G"
 118      3119BCB8 
 118      461E2C8B 
 118      4645AECE 
 118      5C6047
 119 0123 675E47E1 		.ascii	"g^G\341\301\372FZ\201\025V\223.\025\227_z\372^\266\205"
 119      C1FA465A 
 119      81155693 
 119      2E15975F 
ARM GAS  C:\Users\User\AppData\Local\Temp\cc2YCoAv.s 			page 9


 119      7AFA5EB6 
 120 0138 7E7BFCE4 		.ascii	"~{\374\344|s\204\312\260\230\226\214\330\257\210\017"
 120      7C7384CA 
 120      B098968C 
 120      D8AF880F 
 121 0148 F3529D9E 		.ascii	"\363R\235\236U?\024\346\274`\3264\216\022X@\204\313"
 121      553F14E6 
 121      BC60D634 
 121      8E125840 
 121      84CB
 122 015a D64C2C22 		.ascii	"\326L,\" E'\032`w[\244\035\270cI\372B,\375K\212m\213"
 122      2045271A 
 122      60775BA4 
 122      1DB86349 
 122      FA422CFD 
 123 0172 D484BB96 		.ascii	"\324\204\273\226\344(\351\236%\235\335,\241\201\322"
 123      E428E99E 
 123      259DDD2C 
 123      A181D2
 124 0181 BA04489F 		.ascii	"\272\004H\237PJ\352\216\312k\265\317\257\274\374\017"
 124      504AEA8E 
 124      CA6BB5CF 
 124      AFBCFC0F 
 125 0191 E347DC3C 		.ascii	"\343G\334<\245\005\340>\362$\316\330t/\342\026\332@"
 125      A505E03E 
 125      F224CED8 
 125      742FE216 
 125      DA40
 126 01a3 E1DAC371 		.ascii	"\341\332\303q\313\260\337fT\322\304I\271\342P\347\201"
 126      CBB0DF66 
 126      54D2C449 
 126      B9E250E7 
 126      81
 127 01b4 EE747FB6 		.ascii	"\356t\177\266/\333\335\251\343\221\323\203\231l\256"
 127      2FDBDDA9 
 127      E391D383 
 127      996CAE
 128 01c3 BDE3CCBE 		.ascii	"\275\343\314\276\236\241\354\211Ln(\374{\277\221\231"
 128      9EA1EC89 
 128      4C6E28FC 
 128      7BBF9199 
 129 01d3 0BDB3BF6 		.ascii	"\013\333;\366\007\2710\350\357\035\010\302Si\235{N\366"
 129      07B930E8 
 129      EF1D08C2 
 129      53699D7B 
 129      4EF6
 130 01e5 0EEC4D13 		.ascii	"\016\354M\023\367\015\206\356\361\\\346\330/\222\247"
 130      F70D86EE 
 130      F15CE6D8 
 130      2F92A7
 131 01f4 D982     		.ascii	"\331\202"
 132              		.text
 133              		.section	.gnu.lto_.symbol_nodes.9ec84b6b,"",%progbits
 134 0000 789C6365 		.ascii	"x\234ce`b\010d\000\002\2469L\365\014\014\023\31610\000"
 134      60620864 
 134      0002A639 
 134      4CF50C0C 
ARM GAS  C:\Users\User\AppData\Local\Temp\cc2YCoAv.s 			page 10


 134      13CE3130 
 135 0015 A95D0D8E 		.ascii	"\251]\015\216@\221\271L\365\214\250\"\363\230\352\231"
 135      4091B94C 
 135      F58CA822 
 135      F398EA99 
 136 0025 50441817 		.ascii	"PD\030\0272\3253\203E\030\030\032\032\034\030\030\230"
 136      32D53383 
 136      4518181A 
 136      1A1C1818 
 136      98
 137 0036 99981996 		.ascii	"\231\230\031\226<\374\307\310\000\000A\023\024\024"
 137      3CFCC7C8 
 137      00004113 
 137      1414
 138              		.text
 139              		.section	.gnu.lto_.refs.9ec84b6b,"",%progbits
 140 0000 789C6365 		.ascii	"x\234ce`b`d\000\002\000\000I\000\011"
 140      60626064 
 140      00020000 
 140      490009
 141              		.text
 142              		.section	.gnu.lto_.decls.9ec84b6b,"",%progbits
 143 0000 789CBD58 		.ascii	"x\234\275X{LTW\032\277\337=30\\\0064\340vMj\033\266"
 143      7B4C5457 
 143      1ABFDF3D 
 143      33305C06 
 143      34E0764D 
 144 0017 4B7576B3 		.ascii	"Kuv\263\212@\242\315\266M\334\252}\244vq\307>v\023\222"
 144      8A40A2CD 
 144      B64DDCAA 
 144      7DA47671 
 144      C73E7613 
 145 002c 09326325 		.ascii	"\0112c%\213\214\313\014m\372\327^\036\3267\202Z\212"
 145      8B8CCB0C 
 145      6DFAD75E 
 145      1ED63782 
 145      5A8A
 146 003e F858407C 		.ascii	"\370X@| (\324\372\232\002\312\002>\012\"jU\036\202P"
 146      2028D4FA 
 146      9A02CA02 
 146      3E0A226A 
 146      551E8250 
 147 0052 151F952A 		.ascii	"\025\037\225* UD\305\375\3169w\346^\307\231f\223&\275"
 147      205544C5 
 147      FDCE3977 
 147      E65EC799 
 147      669326BD 
 148 0066 E1DC73CF 		.ascii	"\341\334s\317w\177\347\373~\337\343\234{\006\275 \012"
 148      777FE7FB 
 148      7EDFE39C 
 148      7B06BD20 
 148      0A
 149 0077 C1E18250 		.ascii	"\301\341\202PM\004A\006Ax\202\227N\020\204\335\202z"
 149      4D044106 
 149      41788297 
 149      4E1084DD 
 149      827A
ARM GAS  C:\Users\User\AppData\Local\Temp\cc2YCoAv.s 			page 11


 150 0089 D17130BE 		.ascii	"\321q0\276\033\213m<\266\027Ax\346\372\255(\010F\354"
 150      1B8B6D3C 
 150      B6174178 
 150      E6FAAD28 
 150      0846EC
 151 009c C3B08DC3 		.ascii	"\303\260\215\303\346\302f@\334\020\366\223\260\305a"
 151      E6C26640 
 151      DC10F693 
 151      B0C561
 152 00ab 0BC4F17D 		.ascii	"\013\304\361}\354\007\261\035\3066\252\350\006\224\337"
 152      EC07B11D 
 152      C636AAE8 
 152      0694DF
 153 00ba A24AB017 		.ascii	"\242J\260\027\201u\314\036\355'{\331\372\035\332\011"
 153      8175CC1E 
 153      ED277BD9 
 153      FA1DDA09 
 154 00ca C5FE438D 		.ascii	"\305\376C\215-j\207\332\363ekT\261\327\256\330\324+"
 154      2D6A87DA 
 154      F3656B54 
 154      B1D7AED8 
 154      D42B
 155 00dc F6A81D6A 		.ascii	"\366\250\035j\3406vm\374\221\371G\373\030/\233\321~"
 155      E036766D 
 155      FC91F947 
 155      FB182F9B 
 155      D17E
 156 00ee 6C86FBF1 		.ascii	"l\206\373\361\317\245\330\215\305\361\013\330\210\227"
 156      CFA5D88D 
 156      C5F10BD8 
 156      8897
 157 00fc 4D54E789 		.ascii	"MT\347\211#\025\275\352e\357K\002\007V7\324\210\227"
 157      2315BDEA 
 157      65EF4B02 
 157      075637D4 
 157      8897
 158 010e A013100B 		.ascii	"\240\023\020\013c\231\024\200\337\20156|\342\276\000"
 158      63991480 
 158      DF813536 
 158      7CE2BE00 
 159 011e 981CA5A2 		.ascii	"\230\034\245\242\240(u\213\300=C\031\213\312PTT\262"
 159      A028758B 
 159      C03D4319 
 159      8BCA5054 
 159      54B2
 160 0130 3F653268 		.ascii	"?e2h4\362\327\334\222\373\342\364\371\003\233\346\236"
 160      34F2D7DC 
 160      92FBE2F4 
 160      F9039BE6 
 160      9E
 161 0141 0DA26A00 		.ascii	"\015\242j\000@;A\243\220\323V\336{\370\011\252s\340"
 161      403B41A3 
 161      90D356DE 
 161      7BF809AA 
 161      73E0
 162 0153 F67E60C3 		.ascii	"\366~`\303\311kR7tQi\341\014`\262\357\317V?6\020\014"
 162      C96B5237 
ARM GAS  C:\Users\User\AppData\Local\Temp\cc2YCoAv.s 			page 12


 162      745169E1 
 162      0C60B2EF 
 162      CF563F36 
 163 0169 213E773F 		.ascii	"!>w?\330\371\346\224r\231_\206\027\324\260\235\311\252"
 163      D8F9E694 
 163      72995F86 
 163      17D4B09D 
 163      C9AA
 164 017b DC44B209 		.ascii	"\334D\262\011\204I\240\243z\232\013\256\204\342p\234"
 164      8449A0A3 
 164      7A9A0BAE 
 164      84E2709C 
 165 018b 0411382C 		.ascii	"\004\0218,\250\032j\324\363\267\006\034>\331^\271\334"
 165      A81A6AD4 
 165      F3B7061C 
 165      3ED95EB9 
 165      DC
 166 019c 409E631A 		.ascii	"@\236c\032\273N\224\226\321\211\223$\240d\307\240\250"
 166      BB4E9496 
 166      D1899324 
 166      A064C7A0 
 166      A8
 167 01ad A2CFF520 		.ascii	"\242\317\365 \204\213(\342\354\232\301\222@\362<}\026"
 167      848B28E2 
 167      EC9AC192 
 167      40F23C7D 
 167      16
 168 01be 3734B6D6 		.ascii	"74\266\326\351\300$m\247\366k\357\017M\312]*\313\"|"
 168      E9C0246D 
 168      A7F66BEF 
 168      0F4DCA5D 
 168      2ACB227C 
 169 01d2 0D127C05 		.ascii	"\015\022|\005\004v\301\024\352\315$\011\357\313d9C\316"
 169      0476C114 
 169      EACD2409 
 169      EFCB6439 
 169      43CE
 170 01e4 C99483DE 		.ascii	"\311\224\203\336\026\240\034&@\031L\020`/\230\250Z\212"
 170      16A01C26 
 170      40194C10 
 170      602F98A8 
 170      5A8A
 171 01f6 834A1456 		.ascii	"\203J\024V\240\020M\224\226\344\026\007\220r`6\216\035"
 171      A0104D94 
 171      96E41607 
 171      90726036 
 171      8E1D
 172 0208 BED8A603 		.ascii	"\276\330\246\003\311\344S\301\001\037\0128\231;{^:\266"
 172      C9E453C1 
 172      011F0A38 
 172      993B7B5E 
 172      3AB6
 173 021a 8492D98F 		.ascii	"\204\222\331\217d\366\251d\220\033\017QV\303\275\334"
 173      64F6A964 
 173      901B0F51 
 173      56C3BDDC 
 174 022a 1052C102 		.ascii	"\020R\301\002)f\037=\376@\357q\344z\313k-\347d9\002"
ARM GAS  C:\Users\User\AppData\Local\Temp\cc2YCoAv.s 			page 13


 174      29661F3D 
 174      FE40EF71 
 174      E47ACB6B 
 174      2DE76439 
 175 023f 5C38F7A0 		.ascii	"\\8\367\240:w?\370\365\344\220oO\316\017\014\346\205"
 175      3A773FF8 
 175      F5E4906F 
 175      4FCE0F0C 
 175      E685
 176 0251 9222C222 		.ascii	"\222\"\302\"\267\361n\327\315 \036v\223&)a<)\303EW\327"
 176      B7F16ED7 
 176      CD201E76 
 176      93262961 
 176      3C29C345 
 177 0267 8A642787 		.ascii	"\212d'\207.+\317\256'\022Z\312\374\277\\\306\031\225"
 177      2E2BCFAE 
 177      27125ACA 
 177      FCBF5CC6 
 177      1995
 178 0279 4FD6F784 		.ascii	"O\326\367\204\220\335|\372\355\254\336\236`\256z<\016"
 178      90DD7CFA 
 178      EDACDE9E 
 178      60AE7A3C 
 178      0E
 179 028a 770F771F 		.ascii	"w\017w\037\320\223\275\374\335\352\365uu:r\220\017\266"
 179      D093BDFC 
 179      DDEAF575 
 179      753A7290 
 179      0FB6
 180 029c 6EC85DAA 		.ascii	"n\310]\252'\325|P\2726\247R\"\207\371\340l\377\311\315"
 180      27D57C50 
 180      BA36A752 
 180      2287F9E0 
 180      6CFFC9CD 
 181 02b0 C1BC64C6 		.ascii	"\301\274d\306\342\360\350\223\373\265c\270F\021\207"
 181      E2F0E893 
 181      FBB563B8 
 181      461187
 182 02bf F9BB5A47 		.ascii	"\371\273ZG\202H-\207n\033y\330Okf\"\255\031\242\251"
 182      82482D87 
 182      6E1B79D8 
 182      4F6B6622 
 182      AD19A2A9 
 183 02d3 9889BC62 		.ascii	"\230\211\274b\2164}\273\335H\2161\260\230ST\2662\310"
 183      8E347DBB 
 183      DD488E31 
 183      B0985354 
 183      B632C8
 184 02e6 9D4E744F 		.ascii	"\235NtOo\022\340(\272q\214\372v\022}\233\250\370\366"
 184      6F12E028 
 184      BA718CFA 
 184      76127D9B 
 184      A8F8F6
 185 02f9 2D0A4F78 		.ascii	"-\012Ox\322y\177\337\213.Y\036\013M\230\221F5#\023\225"
 185      D2797FDF 
 185      8B2E591E 
 185      0B4D9891 
ARM GAS  C:\Users\User\AppData\Local\Temp\cc2YCoAv.s 			page 14


 185      46352313 
 186 030e 641ECEBD 		.ascii	"d\036\316\275xM\"g\270\211G\231yw\324\252\274\263'\246"
 186      784D2267 
 186      B8894799 
 186      7977D4AA 
 186      BCB327A6 
 187 0322 8115420B 		.ascii	"\201\025B\013NmV\2476\251\311\364\246q\312\007\0154"
 187      4E6D56A7 
 187      36A9C9F4 
 187      A671CA07 
 187      0D34
 188 0334 92315C5C 		.ascii	"\2221\\\\m \035\314\210\356\356\275U\035\022\204GF\232"
 188      6D201DCC 
 188      88EEEEBD 
 188      551D1284 
 188      47469A
 189 0347 72A9991C 		.ascii	"r\251\231\034Y\236!\252Y\022\340\014\204S\005p\016u"
 189      599E21AA 
 189      5912E00C 
 189      84530570 
 189      0E75
 190 0359 7D079170 		.ascii	"}\007\221p\026\"\331\342,\246\006\261\302\"k\006{dy"
 190      1622D9E2 
 190      2CA606B1 
 190      C2226B06 
 190      7B6479
 191 036c 8591D13A 		.ascii	"\205\221\321:\216\264\350\004\017\203(\252\342(U\244"
 191      8EB4E804 
 191      0F8328AA 
 191      E22855A4 
 192 037c 4CA87B3D 		.ascii	"L\250{=_\256\315 \014}\332':\232\202\271\313\243\325"
 192      5FAECD20 
 192      0C7DDA27 
 192      3A9A82B9 
 192      CBA3D5
 193 038f 126E0714 		.ascii	"\022n\007\024#(\336\362mAw\356\322\355\265\000\221\343"
 193      2328DEF2 
 193      6D4177EE 
 193      D2EDB500 
 193      91E3
 194 03a1 4C91C50C 		.ascii	"L\221\305\014x\241&4\235\251\245\352\032P\355\005\030"
 194      78A12634 
 194      9DA9A5EA 
 194      1A50ED05 
 194      18
 195 03b2 A7569AAA 		.ascii	"\247V\232\252v-s1S\236\241\323\272H\301\324\305Vt\261"
 195      762D7331 
 195      539EA1D3 
 195      BA48C1D4 
 195      C55674B1 
 196 03c6 0D5D3CAF 		.ascii	"\015]<\257\270\310I\334\256\036\237.\313@QZ\026\334"
 196      B8C849DC 
 196      AE1E9F2E 
 196      CB40515A 
 196      16DC
 197 03d8 9D7BD561 		.ascii	"\235{\325a\3532\345\023S\331\352\254\367o\030\243>X"
 197      EB32E513 
ARM GAS  C:\Users\User\AppData\Local\Temp\cc2YCoAv.s 			page 15


 197      53D9EAAC 
 197      F76F18A3 
 197      3E58
 198 03ea DD74521C 		.ascii	"\335tR\034\207\014\322\3752\020\2362\257)\3360^\274"
 198      870CD2FD 
 198      32109E32 
 198      AF29DE30 
 198      5EBC
 199 03fc 59F5E7F7 		.ascii	"Y\365\347\367\033\311%^\255\275M\025\031\006r\231\017"
 199      1BC9255E 
 199      ADBD4D15 
 199      19067299 
 199      0F
 200 040d B634EF69 		.ascii	"\2664\357i\322\223k|PU\266\347\254H\372\370\240\334"
 200      D2936B7C 
 200      5055B6E7 
 200      AC48FAF8 
 200      A0DC
 201 041f D5BF12C8 		.ascii	"\325\277\022\310\020\037\014,\255p\222\207\3749ksN\213"
 201      101F0C2C 
 201      AD709287 
 201      FC396B73 
 201      4E8B
 202 0431 C875FF09 		.ascii	"\310u\377\011\207y\3137\365\350\370:\351\241+c\357\205"
 202      8779CB37 
 202      F5E8F83A 
 202      E9A12B63 
 202      EF85
 203 0443 9D550692 		.ascii	"\235U\006\222\256\243\330\220\234\322\234\203\022D\342"
 203      AEA3D890 
 203      9CD29C83 
 203      1244E2
 204 0452 151EC92F 		.ascii	"\025\036\311/S\261\234\225\211\351|m\203\\\233\205u"
 204      53B19C95 
 204      89E97C6D 
 204      835C9B85 
 204      75
 205 0463 8BEE77A3 		.ascii	"\213\356w\243\37370\376O\273_\256$\237\242G^W\321W\274"
 205      FB3730FE 
 205      4FBB5FAE 
 205      249FA247 
 205      5E57D157 
 206 0478 D155E089 		.ascii	"\321U\340\211\026G\377\240A\037\361FW{\243\0075\350"
 206      1647FFA0 
 206      411FF146 
 206      577BA307 
 206      35E8
 207 048a 1ADF684E 		.ascii	"\032\337hN\305S\346\230\201\313\010\370\236\275\273"
 207      C553E698 
 207      81CB08F8 
 207      9EBDBB
 208 0499 A194793F 		.ascii	"\241\224y?\326@\037&\341*\266\233\330~\304v\013\333"
 208      D6401F26 
 208      E12AB69B 
 208      D87EC476 
 208      0BDB
 209 04ab 1D6CB7B1 		.ascii	"\035l\267\261\375\200\355\032\266\353\330z=K\201\022"
ARM GAS  C:\Users\User\AppData\Local\Temp\cc2YCoAv.s 			page 16


 209      FD80ED1A 
 209      B6EBD87A 
 209      3D4B8112 
 210 04bb 68D484E2 		.ascii	"h\324\204\342\2227\201\335\336t/k\350\376\327\033]\013"
 210      923781DD 
 210      DE742F6B 
 210      E8FED71B 
 210      5D0B
 211 04cd DE91EBD0 		.ascii	"\336\221\353\320(\357\364\206wx+\037yUE\367\370\314"
 211      28EFF486 
 211      77782B1F 
 211      795545F7 
 211      F8CC
 212 04df 8A067C56 		.ascii	"\212\006|V\243\272\3137o\017\023\\d\227j$\216o\307\232"
 212      A3BACB37 
 212      6F0F135C 
 212      64976A24 
 212      8E6FC79A 
 213 04f3 ADF3CD5C 		.ascii	"\255\363\315\\\243\375\232{\201P\365\027}3\347\352\225"
 213      A3FD9A7B 
 213      8150F517 
 213      7D33E7EA 
 213      95
 214 0504 D55615C6 		.ascii	"\325V\025\306V\333\015\3575\017\265\315\303\373\364"
 214      56DB0DEF 
 214      350FB5CD 
 214      C3FBF4
 215 0513 64092B48 		.ascii	"d\011+H\361\346\306\033e\201\020n\362\225L\270\2139"
 215      F1E6C61B 
 215      6581106E 
 215      F2954CB8 
 215      8B39
 216 0525 FC25F9E4 		.ascii	"\374%\371\344L\216\035\016\240\233\317 *\032Pw[\312"
 216      4C8E1D0E 
 216      A09BCF20 
 216      2A1A5077 
 216      5BCA
 217 0537 8BD159D1 		.ascii	"\213\321Y\321\330\261&\324\270\302\363\015e@uE\017\201"
 217      D8B126D4 
 217      B8C2F30D 
 217      65407545 
 217      0F81
 218 0549 519982D8 		.ascii	"Q\231\202\330\203\313\363\257\207\220\265\234\372\371"
 218      83CBF3AF 
 218      8790B59C 
 218      FAF9
 219 0557 5303AE50 		.ascii	"S\003\256P0\031\271\225S\035c3\251\277\367\021\377\223"
 219      3019B995 
 219      531D6333 
 219      A9BFF711 
 219      FF93
 220 0569 6A06A763 		.ascii	"j\006\247c\347G;\334C\247\2362\360\360\306\372v\340"
 220      E7473BDC 
 220      43A79E32 
 220      F0F0C6FA 
 220      76E0
 221 057b 6BD94837 		.ascii	"k\331H7\370\252\366\3341\312Z\246\257\207\326ut\207"
ARM GAS  C:\Users\User\AppData\Local\Temp\cc2YCoAv.s 			page 17


 221      F8AAF6DC 
 221      31CA5AA6 
 221      AF87D675 
 221      7487
 222 058d 92CDBAA7 		.ascii	"\222\315\272\247NFq\317\236\214\342\370w\256\357t\313"
 222      4E4671CF 
 222      9E8CE2F8 
 222      77AEEF74 
 222      CB
 223 059e 77404A38 		.ascii	"w@J8\335\206-W\366\006\370;\266<A\"q\312\007\346\021"
 223      DD862D57 
 223      F606F83B 
 223      B63C4122 
 223      71CA07E6 
 224 05b3 0A1F7ABE 		.ascii	"\012\037z\276s-\331\277\357\033\245G\217Q\314\373c\325"
 224      732DD9BF 
 224      EF1BA547 
 224      8F51CCFB 
 224      63D5
 225 05c5 B138FEA1 		.ascii	"\2618\376\241\323\237\253i\314\327\323\035%\334\304"
 225      D39FAB69 
 225      CCD7D31D 
 225      25DCC4
 226 05d4 77D2FBE5 		.ascii	"w\322\373\345\344\320\266S\253\344\302:`sFpN\246\350"
 226      E4D0B653 
 226      ABE4C23A 
 226      60734670 
 226      4EA6E8
 227 05e7 6F09D119 		.ascii	"o\011\321\031\203\177\340\205HC\367\2157:\312\013|\371"
 227      837FE085 
 227      4843F78D 
 227      373ACA0B 
 227      7CF9
 228 05f9 8F1C4C4F 		.ascii	"\217\034LOB{|\202\237\335\035\036\340\373af\225\242"
 228      427B7C82 
 228      9FDD1D1E 
 228      E0FB6166 
 228      95A2
 229 060b 69356589 		.ascii	"i5e\211&H\027#!\003\233,j\253\345B)\257[Dz\325\355\203"
 229      26481723 
 229      21039B2C 
 229      6AABE542 
 229      29AF5B44 
 230 0623 D2BB4384 		.ascii	"\322\273C\204\014\353\371\371\354\366p\201\001L\341"
 230      0CEBF9F9 
 230      ECF67081 
 230      014CE1
 231 0632 4AF2CB58 		.ascii	"J\362\313X\211-E\355KDO\210\250\012\337D\340s\264\377"
 231      892D45ED 
 231      4B444F88 
 231      A80ADF44 
 231      E073B4FF 
 232 0646 735CD0DC 		.ascii	"s\\\320\334\205\234\354\235\301\332\272\\*j\353r\231"
 232      859CEC9D 
 232      C1DABA5C 
 232      2A6AEB72 
 232      99
ARM GAS  C:\Users\User\AppData\Local\Temp\cc2YCoAv.s 			page 18


 233 0657 685480DF 		.ascii	"hT\200\337\264\335\272*\352D.\203\371:*[\271\246\246"
 233      B4DDBA2A 
 233      EA442E83 
 233      F93A2A5B 
 233      B9A6A6
 234 066a 24687C1E 		.ascii	"$h|\036;\206g\312cE\026.\367\347Y\200\025\342x\274/"
 234      3B8667CA 
 234      6345162E 
 234      F7E75980 
 234      15E278BC 
 235 067f 17755CC3 		.ascii	"\027u\\\303\262\316C\307\341\245B\271\260\007\323w\204"
 235      B2CE43C7 
 235      E1A542B9 
 235      B007D377 
 235      84
 236 0690 2CAF3F8E 		.ascii	",\257?\216\351\203\031\024\006\245j\312\361\021\357"
 236      E9831914 
 236      06A56ACA 
 236      F111EF
 237 069f 3BF1FB00 		.ascii	";\361\373\000;pg\024`\245\370\022\316\336\221\237\331"
 237      3B706714 
 237      60A5F812 
 237      CEDE919F 
 237      D9
 238 06b0 144C4E06 		.ascii	"\024LN\006\260\222+\350\352\274*12\324\"'s\246\353\344"
 238      B0922BE8 
 238      EABC2A31 
 238      32D42227 
 238      73A6EBE4 
 239 06c4 B73A0FC1 		.ascii	"\267:\017\301\325\"\023~W\265\243\326\240e\370\341s"
 239      D522137E 
 239      57B5A3D6 
 239      A065F8E1 
 239      73
 240 06d5 1A826B18 		.ascii	"\032\202k\030\301l7\301\363\031M.\242\020\274\260\321"
 240      C16C37C1 
 240      F3194D2E 
 240      A210BCB0 
 240      D1
 241 06e6 88158067 		.ascii	"\210\025\200g$<A!\014V\251\001\307\307\247\011\3460"
 241      243C4121 
 241      0C56A901 
 241      C7C7A709 
 241      E630
 242 06f8 828F2F5D 		.ascii	"\202\217/]\031\024I\033'\270\253\271\364\221\216\\c"
 242      1914491B 
 242      27B8ABB9 
 242      F4918E5C 
 242      63
 243 0709 037175DD 		.ascii	"\003qu\335\246>\243\2775\261^\364w\224\277\3362\265"
 243      A63EA3BF 
 243      35B15EF4 
 243      7794BFDE 
 243      32B5
 244 071b 8D1DC7D7 		.ascii	"\215\035\307\327\211\022\254\025\275\216\3434%k\266"
 244      8912AC15 
 244      BD8EE334 
ARM GAS  C:\Users\User\AppData\Local\Temp\cc2YCoAv.s 			page 19


 244      256BB6
 245 072a 0D13E631 		.ascii	"\015\023\3461E\360(t\313\203}\304\023\205/x\024z\357"
 245      45F02874 
 245      CB837DC4 
 245      13852F78 
 245      147AEF
 246 073d 8C7C19E8 		.ascii	"\214|\031\3507\012_\262(\344\271\243phc\347\226@5M7"
 246      370A5FB2 
 246      28E4B9A3 
 246      706863E7 
 246      9640354D 
 247 0752 EB7B6559 		.ascii	"\353{eY\322Q\024\344\252$r\275\203\220\317\202\360\343"
 247      D25114E4 
 247      AA2472BD 
 247      8390CF82 
 247      F0E3
 248 0764 B6CC7563 		.ascii	"\266\314uc\310\035\036\004_\374~Z\332{\012<\231+\340"
 248      C81D1E04 
 248      5FFC7E5A 
 248      DA7B0A3C 
 248      992BE0
 249 0777 FC8ADAAE 		.ascii	"\374\212\332\256l\016eB\27287r\341\251\274m\215\304"
 249      6C0E6542 
 249      BA383772 
 249      E1A9BC6D 
 249      8DC4
 250 0789 2FE9CD8C 		.ascii	"/\351\315\214\364&7\351\2013}\273\003\220t\017\217\333"
 250      F42637E9 
 250      81337DBB 
 250      0390740F 
 250      8FDB
 251 079b AACC63AB 		.ascii	"\252\314c\253\344\"`0\330\240\262\336@Y\323\207-\214"
 251      E4226030 
 251      D8A0B2DE 
 251      4059D387 
 251      2D8C
 252 07ad AD6B7F65 		.ascii	"\255k\177e\361\030\262$\220\261mm\317r)\233b0\335\204"
 252      F118B224 
 252      90B16D6D 
 252      CF72299B 
 252      6230DD84 
 253 07c1 BFFFE248 		.ascii	"\277\377\342H\020\337\024\333\030\307\346\273y\022Y"
 253      10DF14DB 
 253      18C7E6BB 
 253      791259
 254 07d0 C7B18FFB 		.ascii	"\307\261\217\373O?6r\254D\035\315\250\354\326\323\237"
 254      4F3F3672 
 254      AC441DCD 
 254      A8ECD6D3 
 254      9F
 255 07e1 2DB2B288 		.ascii	"-\262\262\210P\256\256\241\022\021\363\205\233\006l"
 255      50AEAEA1 
 255      1211F385 
 255      9B066C
 256 07f0 15F98FA3 		.ascii	"\025\371\217\243\341\232\021#\331\3044\351z\266\016"
 256      E19A1123 
 256      D9C434E9 
ARM GAS  C:\Users\User\AppData\Local\Temp\cc2YCoAv.s 			page 20


 256      7AB60E
 257 07ff DE0A00D3 		.ascii	"\336\012\000\323\004\000\011\333v\367oZ\014-\206l\233"
 257      040009DB 
 257      76F76F5A 
 257      0C2D866C 
 257      9B
 258 0810 4217AF02 		.ascii	"B\027\257\002\031\325\367\377\233\212\371\341\275\277"
 258      19D5F7FF 
 258      9B8AF9E1 
 258      BDBF
 259 081e 5826E305 		.ascii	"X&\343\005\210\235\000S\261\212\266c\025\355dvJ\305"
 259      889D0053 
 259      B18AB663 
 259      15ED6476 
 259      4AC5
 260 0830 09B0030D 		.ascii	"\011\260\003\015\025\340NA%h\260=\373^\247.,G\331!\""
 260      15E04E41 
 260      2568B03D 
 260      FB5EA72E 
 260      2C47D921 
 261 0845 80E92E42 		.ascii	"\200\351.B\\\241H\371\355\022\303\334,):\247\271hc\220"
 261      5CA148F9 
 261      ED12C3DC 
 261      2C293AA7 
 261      B9686390 
 262 0859 A4D858F6 		.ascii	"\244\330X\366\2636\020]\337>T\035\242\325]\366s\272"
 262      B336105D 
 262      DF3E541D 
 262      A2D55DF6 
 262      73BA
 263 086b 0F943FDA 		.ascii	"\017\224?\332\036\374\362V\371t-\253\255\225W\262\344"
 263      1EFCF256 
 263      F9742DAB 
 263      AD9557B2 
 263      E4
 264 087c F4CF711B 		.ascii	"\364\317q\033,\027\303\240\030\323\204K]3\371?(y\037"
 264      2C17C3A0 
 264      18D3844B 
 264      5D33F93F 
 264      28791F
 265 088f 7F5DEC16 		.ascii	"\177]\354\026_\306\271\247o\016\344\343oJ\236\200\234"
 265      5FC6B9A7 
 265      6F0EE4E3 
 265      6F4A9E80 
 265      9C
 266 08a0 A6EEBFFB 		.ascii	"\246\356\277\373\015x\205;\340\205\234c\372\335\255"
 266      0D78853B 
 266      E0859C63 
 266      FADDAD
 267 08af B742BCFD 		.ascii	"\267B\274\375Ww\353J\306\261\302\315\261\265\360z\203"
 267      5777EB4A 
 267      C6B1C2CD 
 267      B1B5F07A 
 267      83
 268 08c0 D1DB23BF 		.ascii	"\321\333#\277\350\222\275\355%c\024\217.?\237^X\233"
 268      E892BDED 
 268      2563148F 
ARM GAS  C:\Users\User\AppData\Local\Temp\cc2YCoAv.s 			page 21


 268      2E3F9F5E 
 268      589B
 269 08d2 1E015F29 		.ascii	"\036\001_)\336\340\276\240\231\270G\361f/\363\346\304"
 269      DEE0BEA0 
 269      99B847F1 
 269      662FF3E6 
 269      C4
 270 08e3 F1BAF344 		.ascii	"\361\272\363D\273\357\322JU]\370\232\357\273\264\247"
 270      BBEFD24A 
 270      555DF89A 
 270      EFBBB4A7 
 271 08f3 DF8487BD 		.ascii	"\337\204\207\275\256PR\241\324^g\372\250r\020\017\245"
 271      AE5052A1 
 271      D45E67FA 
 271      A872100F 
 271      A5
 272 0904 FFC5B8D9 		.ascii	"\377\305\270\331\276U\251\323~\366\323\366\007W\275"
 272      BE55A9D3 
 272      7EF6D3F6 
 272      0757BD
 273 0913 F24F8E10 		.ascii	"\362O\216\020\034\2166\364\267\206\370\215\324!w\244"
 273      1C8E36F4 
 273      B786F88D 
 273      D42177A4 
 274 0923 0EF248AD 		.ascii	"\016\362H\255i\355\312\010\362\216\324\001L\310~\226"
 274      69EDCA08 
 274      F28ED401 
 274      4CC87E96 
 275 0933 1017F3FD 		.ascii	"\020\027\363\375\220\333\367\206sY\027\211w\244\374"
 275      90DBF786 
 275      73591789 
 275      77A4FC
 276 0942 A2B7AC4E 		.ascii	"\242\267\254N\037\022\225Hu\274\310#\365\215\022)\334"
 276      1F129548 
 276      75BCC823 
 276      F58D1229 
 276      DC
 277 0953 3C3413F7 		.ascii	"<4\023\367)\221\252\022_\026\244\305\011\311f[\202\365"
 277      2991AA12 
 277      5F16A4C5 
 277      09C9665B 
 277      82F5
 278 0965 8D3487E1 		.ascii	"\2154\207\341\255\277~\02013:Z\320-Jp\374S\262X\322"
 278      ADBF7E10 
 278      31333A5A 
 278      D02D4A70 
 278      FC53B258 
 279 097a 92529CB1 		.ascii	"\222R\234\2611\026g\026$\3769>qa\322\374$~w8\323\254"
 279      31166716 
 279      24FE393E 
 279      7161D2FC 
 279      247E7738 
 280 0990 49F6E8E9 		.ascii	"I\366\350\351\237\304Z>MJ\261\332?uh\345\361N\273=\331"
 280      9FC45A3E 
 280      4D4AB1DA 
 280      3F7568E5 
 280      F14EBB3D 
ARM GAS  C:\Users\User\AppData\Local\Temp\cc2YCoAv.s 			page 22


 281 09a5 11FF714A 		.ascii	"\021\377qJZ\004{\212HH]\024a[4\337f\265\332\254\361"
 281      5A047B8A 
 281      48485D14 
 281      615B34DF 
 281      66B5DAAC 
 282 09ba D3A6C446 		.ascii	"\323\246\304F\304L\215\236\376\257\350x\224ON\261\247"
 282      C44C8D9E 
 282      FEAFE878 
 282      944F4EB1 
 282      A7
 283 09cb D826DB12 		.ascii	"\330&\333\022PsRJbr\232\325\026\277(\001u\245\330\342"
 283      5073524A 
 283      62729AD5 
 283      16BF2801 
 283      75A5D8E2 
 284 09df 2D56DB82 		.ascii	"-V\333\202\204\264d\247\305\371\331b\233c\312B\301\340"
 284      84B464A7 
 284      C5F9D962 
 284      9B63CA42 
 284      C1E0
 285 09f1 A6F3D9AF 		.ascii	"\246\363\331\257\310\306\361\231#\336\342pZ\3214R0&"
 285      C8C6F199 
 285      23DEE270 
 285      5AD13452 
 285      3026
 286 0a03 D917DB53 		.ascii	"\331\027\333S\2354<\026\247u\246\233\306Lz\237\367,"
 286      9D343C16 
 286      A775A69B 
 286      C64C7A9F 
 286      F72C
 287 0a15 0D8D9C23 		.ascii	"\015\215\234#\355\216\350\351\323\242\354\216\250\205"
 287      ED8EE8E9 
 287      D3A2EC8E 
 287      A885
 288 0a23 09C95154 		.ascii	"\011\311QT\223#j\336\373\357\305\306D\315\2313+\352"
 288      93236ADE 
 288      FBEFC5C6 
 288      44CD9933 
 288      2BEA
 289 0a35 ADB9EFC4 		.ascii	"\255\271\357\304}\022C_Y0'\226\344d+Z\014\240\250$\253"
 289      7D12435F 
 289      59302796 
 289      E4642B5A 
 289      0CA0A824 
 290 0a4a EE2F6F9A 		.ascii	"\356/o\232\337\246\2679\27293\3375\353\336\230g6\303"
 290      DFA6B739 
 290      BA3933DF 
 290      35EBDE98 
 290      6736C3
 291 0a5d 47F0B63E 		.ascii	"G\360\266>1\331\226\220\252\244*z\232\305ip?\020\207"
 291      31D99690 
 291      AAA42A7A 
 291      9AC56970 
 291      3F1087
 292 0a70 CD49E266 		.ascii	"\315I\342f\231\311;\263\314\372\271\037\314\235e\016"
 292      99C93BB3 
 292      CCFAB91F 
ARM GAS  C:\Users\User\AppData\Local\Temp\cc2YCoAv.s 			page 23


 292      CC9D650E 
 293 0a80 8C9B3777 		.ascii	"\214\2337w\366\354Y\346\200\270\367\3771w\266Y\377^"
 293      F6EC59E6 
 293      80B8F7FF 
 293      3177B659 
 293      FF5E
 294 0a92 DCACD966 		.ascii	"\334\254\331f\362\206\331lt8\027a\\?^\234d\2678%\356"
 294      F286D96C 
 294      74381761 
 294      5C3F5E9C 
 294      64B73825 
 295 0aa7 6292D5E2 		.ascii	"b\222\325\342\014\260/X\200Z\214T\245eA\202\303\371"
 295      0CB02F58 
 295      805A8C54 
 295      A5654182 
 295      C3F9
 296 0ab9 8AC5E9FC 		.ascii	"\212\305\351\3745c\357\016\373\337~a\244\025\205\356"
 296      3563EF0E 
 296      FBDF7E61 
 296      A41585EE 
 297 0ac9 D0A246FD 		.ascii	"\320\242F\375;qX\360\357\375B\275\216\324D\217\316D"
 297      3B7158F0 
 297      EFFD42BD 
 297      8ED4448F 
 297      CE44
 298 0adb 2118BB8F 		.ascii	"!\030\273\217R\223\2346\324\034\202\317\363lNj\303n"
 298      52939C36 
 298      D41C82CF 
 298      F36C4E6A 
 298      C36E
 299 0aed B51992EC 		.ascii	"\265\031\222\354\213\260\2638\177\343\316\254\005\343"
 299      8BB0B338 
 299      7FE3CEAC 
 299      05E3
 300 0afb FA71AA3D 		.ascii	"\372q\252=m1\225\207X,\013\322R\022-\226)\323\247E\307"
 300      6D319587 
 300      582C0BD2 
 300      52122D96 
 300      29D3A745 
 301 0b10 1ADC235D 		.ascii	"\032\334#]\342\302\204\324\247\336\275\242\035\305\304"
 301      E2C284D4 
 301      A7DEBDA2 
 301      1DC5C4
 302 0b1f FE0F8DF5 		.ascii	"\376\017\215\365\247\244"
 302      A7A4
 303              		.text
 304              		.section	.gnu.lto_.symtab.9ec84b6b,"",%progbits
 305 0000 70616C52 		.ascii	"palReadBus\000"
 305      65616442 
 305      757300
 306 000b 00       		.ascii	"\000"
 307 000c 00       		.ascii	"\000"
 308 000d 00       		.ascii	"\000"
 309 000e 00000000 		.ascii	"\000\000\000\000\000\000\000\000"
 309      00000000 
 310 0016 0B010000 		.ascii	"\013\001\000\000"
 311 001a 70616C57 		.ascii	"palWriteBus\000"
ARM GAS  C:\Users\User\AppData\Local\Temp\cc2YCoAv.s 			page 24


 311      72697465 
 311      42757300 
 312 0026 00       		.ascii	"\000"
 313 0027 00       		.ascii	"\000"
 314 0028 00       		.ascii	"\000"
 315 0029 00000000 		.ascii	"\000\000\000\000\000\000\000\000"
 315      00000000 
 316 0031 10010000 		.ascii	"\020\001\000\000"
 317 0035 70616C53 		.ascii	"palSetBusMode\000"
 317      65744275 
 317      734D6F64 
 317      6500
 318 0043 00       		.ascii	"\000"
 319 0044 00       		.ascii	"\000"
 320 0045 00       		.ascii	"\000"
 321 0046 00000000 		.ascii	"\000\000\000\000\000\000\000\000"
 321      00000000 
 322 004e 18010000 		.ascii	"\030\001\000\000"
 323 0052 5F70616C 		.ascii	"_pal_lld_setgroupmode\000"
 323      5F6C6C64 
 323      5F736574 
 323      67726F75 
 323      706D6F64 
 324 0068 00       		.ascii	"\000"
 325 0069 02       		.ascii	"\002"
 326 006a 00       		.ascii	"\000"
 327 006b 00000000 		.ascii	"\000\000\000\000\000\000\000\000"
 327      00000000 
 328 0073 1E010000 		.ascii	"\036\001\000\000"
 329              		.text
 330              		.section	.gnu.lto_.opts,"",%progbits
 331 0000 272D666D 		.ascii	"'-fmath-errno' '-fsigned-zeros' '-ftrapping-math' '"
 331      6174682D 
 331      6572726E 
 331      6F272027 
 331      2D667369 
 332 0033 2D666E6F 		.ascii	"-fno-trapv' '-fno-openmp' '-fno-openacc' '-mcpu=cor"
 332      2D747261 
 332      70762720 
 332      272D666E 
 332      6F2D6F70 
 333 0066 7465782D 		.ascii	"tex-m7' '-mno-thumb-interwork' '-mthumb' '-ggdb' '-"
 333      6D372720 
 333      272D6D6E 
 333      6F2D7468 
 333      756D622D 
 334 0099 4F322720 		.ascii	"O2' '-fomit-frame-pointer' '-falign-functions=16' '"
 334      272D666F 
 334      6D69742D 
 334      6672616D 
 334      652D706F 
 335 00cc 2D666675 		.ascii	"-ffunction-sections' '-fdata-sections' '-fno-common"
 335      6E637469 
 335      6F6E2D73 
 335      65637469 
 335      6F6E7327 
 336 00ff 2720272D 		.ascii	"' '-flto'\000"
ARM GAS  C:\Users\User\AppData\Local\Temp\cc2YCoAv.s 			page 25


 336      666C746F 
 336      2700
 337              		.text
 338              		.comm	__gnu_lto_v1,1,1
 339              		.comm	__gnu_lto_slim,1,1
 340              		.ident	"GCC: (GNU Tools for ARM Embedded Processors 6-2017-q1-update) 6.3.1 20170215 (release) [AR
ARM GAS  C:\Users\User\AppData\Local\Temp\cc2YCoAv.s 			page 26


DEFINED SYMBOLS
                            *ABS*:00000000 hal_pal.c
                            *COM*:00000001 __gnu_lto_v1
                            *COM*:00000001 __gnu_lto_slim

NO UNDEFINED SYMBOLS
