ARM GAS  C:\Users\User\AppData\Local\Temp\ccQlD3HC.s 			page 1


   1              		.cpu cortex-m7
   2              		.eabi_attribute 20, 1
   3              		.eabi_attribute 21, 1
   4              		.eabi_attribute 23, 3
   5              		.eabi_attribute 24, 1
   6              		.eabi_attribute 25, 1
   7              		.eabi_attribute 26, 1
   8              		.eabi_attribute 30, 2
   9              		.eabi_attribute 34, 1
  10              		.eabi_attribute 18, 4
  11              		.file	"memstreams.c"
  12              		.text
  13              	.Ltext0:
  14              		.section	.gnu.lto_.profile.9ec86a24,"",%progbits
  15 0000 789C6365 		.ascii	"x\234ce`b`a```d\010\260\004\000\001Y\000\226"
  15      60626061 
  15      60606064 
  15      08B00400 
  15      01590096 
  16              		.text
  17              		.section	.gnu.lto_.icf.9ec86a24,"",%progbits
  18 0000 789C6365 		.ascii	"x\234ce`bPc@\0006\206MO/\354\345b\334\371\347\304s^"
  18      60625063 
  18      40003686 
  18      4D4F2FEC 
  18      E562DCF9 
  19 0018 A6F9DFE6 		.ascii	"\246\371\337\346\177\345f\006\223,og\316~\300\317\372"
  19      7FE56606 
  19      932C6F67 
  19      CE7EC0CF 
  19      FA
  20 0029 F5C6F237 		.ascii	"\365\306\3627l\014\000\205\312\023\300"
  20      6C0C0085 
  20      CA13C0
  21              		.text
  22              		.section	.gnu.lto_.jmpfuncs.9ec86a24,"",%progbits
  23 0000 789C458B 		.ascii	"x\234E\213\273\021\000 \010C\023@-\235\312\241\254\262"
  23      BB110020 
  23      08431340 
  23      2D9DCAA1 
  23      ACB2
  24 0012 BA5888AF 		.ascii	"\272X\210\257\310]~\015\206\205O\203\221.1\221y\352"
  24      C85D7E0D 
  24      86854F83 
  24      912E3191 
  24      79EA
  25 0024 10D56D93 		.ascii	"\020\325m\223o\342\225\246\251\"\342^\246\022\034\360"
  25      6FE295A6 
  25      A922E25E 
  25      A6121CF0 
  26 0034 C60714   		.ascii	"\306\007\024"
  27              		.text
  28              		.section	.gnu.lto_.inline.9ec86a24,"",%progbits
  29 0000 789CB591 		.ascii	"x\234\265\2211\016\3020\014E\277\235\224D4Ua*HHd\002"
  29      310EC230 
  29      0C45BF9D 
  29      94443455 
ARM GAS  C:\Users\User\AppData\Local\Temp\ccQlD3HC.s 			page 2


  29      612A4848 
  30 0016 A69E8189 		.ascii	"\246\236\201\211\2213p\024\330:vddd\344(\0359\002##"
  30      91337014 
  30      D83A7664 
  30      6464E428 
  30      1D390223 
  31 002b 23D8AD40 		.ascii	"#\330\255@Ht$\221\236\034Ky\266\223\004\214\003\341"
  31      48742491 
  31      9E1C4B79 
  31      B693048C 
  31      03E1
  32 003d BD12200B 		.ascii	"\275\022 \013d\020\011f\255\334)\343pP\227\360M\311"
  32      64100966 
  32      ADDC29E3 
  32      705097F0 
  32      4DC9
  33 004f A09BB32D 		.ascii	"\240\233\263-\005^C\017{\232\007\320\325\215X\011\276"
  33      055E430F 
  33      7B9A07D0 
  33      D58D5809 
  33      BE
  34 0060 E4131112 		.ascii	"\344\023\021\022B\332\371Z\323\236:\241\251\012\270"
  34      42DAF95A 
  34      D39E3AA1 
  34      A90AB8
  35 006f C7E287D0 		.ascii	"\307\342\207\320\034\213~!c<%\373%\344(\023\2505}]\203"
  35      1C8B7E21 
  35      633C25FB 
  35      25E42813 
  35      A8357D5D 
  36 0084 BFF7B6C9 		.ascii	"\277\367\266\311M\036D=\223c\324d\224\344J\3246\003"
  36      4D1E443D 
  36      9363D464 
  36      94E44AD4 
  36      3603
  37 0096 4CBD956D 		.ascii	"L\275\225m>U\272g\370C\021\013\357\010\234TK\244\347"
  37      3E55BA67 
  37      F843110B 
  37      EF089C54 
  37      4BA4E7
  38 00a9 0DEB073C 		.ascii	"\015\353\007<\001\310\1775\215"
  38      01C87F35 
  38      8D
  39              		.text
  40              		.section	.gnu.lto_.pureconst.9ec86a24,"",%progbits
  41 0000 789C6365 		.ascii	"x\234ce`b\340f```e\220b\224b\222b\226b\221\002\000\004"
  41      6062E066 
  41      60606065 
  41      90629462 
  41      92629662 
  42 0018 2200A4   		.ascii	"\"\000\244"
  43              		.text
  44              		.section	.gnu.lto__put.9ec86a24,"",%progbits
  45 0000 789C9552 		.ascii	"x\234\225R\313KTQ\030?\277{\356cF\247\211Z\265\230\205"
  45      CB4B5451 
  45      183FBF7B 
  45      EE6346A7 
ARM GAS  C:\Users\User\AppData\Local\Temp\ccQlD3HC.s 			page 3


  45      895AB598 
  46 0015 8B445CE4 		.ascii	"\213D\\\344M\254\204\240\225\177B\233 \251t\024\034"
  46      4DAC84A0 
  46      957F429B 
  46      20A97414 
  46      1C
  47 0026 701A69AC 		.ascii	"p\032i\254vy\234\261Qz)=|1\323\025B,\313\267\226\332"
  47      76799CB1 
  47      517A293D 
  47      7C31D315 
  47      422CCBB7 
  48 003c 6B48A834 		.ascii	"kH\2504-+\214h\321\"\037 ea\017\332Y\337\271w\300\211"
  48      2D2B8C68 
  48      D1221F20 
  48      65610FDA 
  48      59DFB977 
  49 0052 367A61CE 		.ascii	"6za\316=\367;\337\357\361\375\346hLa\363\2341?cl/\375"
  49      3DF73BDF 
  49      EFF1FDE6 
  49      684C61F3 
  49      9C313F63 
  50 0069 A031284D 		.ascii	"\2401(M/\031\253u)\212j\201\211\014\276:\315\230\360"
  50      2F19AB75 
  50      298A6A81 
  50      890CBE3A 
  50      CD98F0
  51 007c 70A84E5D 		.ascii	"p\250N]\005\344F\270\300j\024\256\242\006\215\274\205"
  51      05E446B8 
  51      C06A14AE 
  51      A2068DBC 
  51      85
  52 008d E3755D7F 		.ascii	"\343u]\177\234_\342\026gP\351su\246}\336+?\201,\372"
  52      9C5FE216 
  52      6750E973 
  52      75A67DDE 
  52      2B3F812C 
  53 00a2 5C188BAD 		.ascii	"\\\030\213\255\250\271]\202\236d\313U\375\372\340\254"
  53      A8B95D82 
  53      9E64CB55 
  53      FDFAE0AC 
  54 00b2 705B5C61 		.ascii	"p[\\am\324~\023>t\301'\325o!\227\232\337\316\3145\031"
  54      6DD47E13 
  54      3E74C127 
  54      D56F2197 
  54      9ADFCECC 
  55 00c8 FC3018ED 		.ascii	"\3740\030\355\207\032:\306<9\235BDDr\372\012\027;-\316"
  55      871A3AC6 
  55      3C399D42 
  55      444472FA 
  55      0A173B2D 
  56 00dd D10D9E0E 		.ascii	"\321\015\236\016\244\022\303m\344P{<\326\275\310\371"
  56      A412C36D 
  56      E4507B3C 
  56      D6BDC8F9 
  57 00ed 111BFA39 		.ascii	"\021\033\3729\366\375\2537\005\375\362S\021\036\213"
  57      F6FDAB37 
  57      05FDF253 
ARM GAS  C:\Users\User\AppData\Local\Temp\ccQlD3HC.s 			page 4


  57      111E8B
  58 00fc DCDE71A0 		.ascii	"\334\336q\240\005>\354\226@\225\241\0079\262\373\307"
  58      053EEC96 
  58      4095A107 
  58      39B2FBC7 
  59 010c B7B9176E 		.ascii	"\267\271\027n~\314FZ\243\321vo\366\015\033\371\261u"
  59      7ECC465A 
  59      A3D1766F 
  59      F60D1BF9 
  59      B175
  60 011e FBE5A878 		.ascii	"\373\345\250x.T\213k\350\375WX>\324\376i`\355\332\026"
  60      2E548B6B 
  60      E8FD5758 
  60      3ED4FE69 
  60      60EDDA16 
  61 0132 5D451FB2 		.ascii	"]E\037\262\345@4G?t\320\273\357\015\222b\355O\275H\276"
  61      E5403447 
  61      3F74D0BB 
  61      EF0D9262 
  61      ED4FBD48 
  62 0147 DBF17E78 		.ascii	"\333\361~xf\233\027$\251P$dV\243\255\256\313\305\240"
  62      669B1724 
  62      A9502464 
  62      56A3ADAE 
  62      CBC5A0
  63 015a C570C9C5 		.ascii	"\305p\311\305\015\351&S\026=ra\354\034\321\311\264\317"
  63      0DE92653 
  63      163D7261 
  63      EC1CD1C9 
  63      B4CF
  64 016c 5356F4E6 		.ascii	"SV\364\346\213\210t\364]\310\265\005H.A\223/#2\276|"
  64      8B8874F4 
  64      5DC8B505 
  64      482E4193 
  64      2F2332BE 
  65 0181 714297B5 		.ascii	"qB\227\265\004\327\310O\363\331'\257\014\231\275fO\363"
  65      04D7C84F 
  65      F3D927AF 
  65      0C99BD66 
  65      4FF3
  66 0193 FBD95483 		.ascii	"\373\331T\203\307B\242\226\302\317\262\270\213@\030"
  66      C742A296 
  66      C2CFB2B8 
  66      8B4018
  67 01a2 90EEE9AC 		.ascii	"\220\356\351\254s!\322k\230=\3029rc\020\026Z\345\010"
  67      7321D26B 
  67      983DC239 
  67      72631016 
  67      5AE508
  68 01b5 0C43306D 		.ascii	"\014C0m\356\311<\207Y\337$\325\260M%c\300\010Q-\240"
  68      EEC93C87 
  68      59DF24D5 
  68      B04D2563 
  68      C008512D 
  69 01ca EEC3C49E 		.ascii	"\356\303\304\236\224\311\204\234\215\311\2618\243\353"
  69      94C9849C 
  69      8DC9B138 
ARM GAS  C:\Users\User\AppData\Local\Temp\ccQlD3HC.s 			page 5


  69      A3EB
  70 01d8 C5ED191A 		.ascii	"\305\355\031\032\243\251\031\214M)\031\270k+)R\351\236"
  70      A3A9198C 
  70      4D2919B8 
  70      6B2B2952 
  70      E99E
  71 01ea 6D3A1A8F 		.ascii	"m:\032\217\265i\016\027\001\015\251F\012\355\223\007"
  71      B5690E17 
  71      010DA946 
  71      0AED9307 
  72 01fa 642D3D20 		.ascii	"d-= \343\277\200:\274t)\010\206Q)\2061\242Np\267\023"
  72      E3BF803A 
  72      BC742908 
  72      86512986 
  72      31A24E70 
  73 0210 726BD470 		.ascii	"rk\324pH37dp\227La|=\205\373\216\267\346\030\034\026"
  73      48333764 
  73      70974C61 
  73      7C3D85FB 
  73      8EB7E618 
  74 0226 8F433452 		.ascii	"\217C4R?=\220!\315\320\277\217\007\304@Z\315\356\224"
  74      3F3D9021 
  74      CDD0BF8F 
  74      07C4405A 
  74      CDEE94
  75 0239 D30DAA3C 		.ascii	"\323\015\252<\\Wy\004\223\250\355lU\373\312\254@a\011"
  75      5C577904 
  75      93A8ED6C 
  75      55FBCAAC 
  75      406109
  76 024c FBEC1740 		.ascii	"\373\354\027@\260\245\370\360\323\255RO\301\031<\206"
  76      B0A5F8F0 
  76      D3AD524F 
  76      C1193C86 
  77 025c 4F99F2A7 		.ascii	"O\231\362\247G\242\200!\011\037\037_\232\005]?H\016"
  77      47A28021 
  77      091F1F5F 
  77      9A055D3F 
  77      480E
  78 026e 8AF650D1 		.ascii	"\212\366P\321\376b\177E\2404P\\$\327\203\325'\313\002"
  78      FE627F45 
  78      A034505C 
  78      24D783D5 
  78      27CB02
  79 0281 A1FCC253 		.ascii	"\241\374\302S\005GO\007\216\227\205N\207\323\353Ng("
  79      05474F07 
  79      8E97854E 
  79      87D3EB4E 
  79      6728
  80 0293 9C5FB8CF 		.ascii	"\234_\270\317\014\205\315\212\222J\2632Pj\206\253O\224"
  80      0C85CD8A 
  80      924AB332 
  80      506A86AB 
  80      4F94
  81 02a5 9704C366 		.ascii	"\227\004\303f\260<\230\332\346\371\231\022\250B)\017"
  81      B03C98DA 
  81      E6F99912 
ARM GAS  C:\Users\User\AppData\Local\Temp\ccQlD3HC.s 			page 6


  81      A842290F 
  82 02b5 86ABFE02 		.ascii	"\206\253\376\002\001(Wy"
  82      01285779 
  83              		.text
  84              		.section	.gnu.lto__get.9ec86a24,"",%progbits
  85 0000 789C9552 		.ascii	"x\234\225R[KTQ\024\336\337\331g\346\314\014\243Q\017"
  85      5B4B5451 
  85      14DEDFD9 
  85      67E6CC0C 
  85      A3510F
  86 0013 4230840F 		.ascii	"B0\204\017\211\370`\223X\011\275\372\023z)\222\302Q"
  86      89F86093 
  86      5809BDFA 
  86      137A2992 
  86      C251
  87 0025 C101A791 		.ascii	"\301\001\247\221\306\362%\3628c\243h\224\024yc\246#"
  87      C6F225F2 
  87      3863A368 
  87      94147963 
  87      A623
  88 0037 84689677 		.ascii	"\204h\226w\247\274$\014I\331E\313\012\003{\212R\301"
  88      A7BC240C 
  88      49D945CB 
  88      0A037B8A 
  88      52C1
  89 0049 C2C2AE50 		.ascii	"\302\302\256Pa\255u\216\224\321K\0368\373\262\366\372"
  89      61AD758E 
  89      94D14B1E 
  89      38FBB2F6 
  89      FA
  90 005a BE6FAD6F 		.ascii	"\276o\255oo\233P\304\270\024\242H\010\261\227~\330\004"
  90      6F9B50C4 
  90      B814A248 
  90      08B1977E 
  90      D804
  91 006c 94C64742 		.ascii	"\224\306GBT;\024E5 t\227\\\235\026BwK\250V\\\005x\241"
  91      543B1445 
  91      35207497 
  91      5C9D1642 
  91      774BA856 
  92 0084 3B20AA14 		.ascii	"; \252\024\251\242\012\347e\263\304\223\232\376\230"
  92      A9A20AE7 
  92      65B3C493 
  92      9AFE98
  93 0093 3C270D29 		.ascii	"<'\015)\240\322vu\246\355u*o\201t\332.\214FW\324\254"
  93      A0D27675 
  93      A6ED752A 
  93      6F8174DA 
  93      2E8C4657 
  94 00a9 4E9DBE64 		.ascii	"N\235\276d\363\210\375\362\340\254\3564\244\"Z)\275"
  94      F388FDF2 
  94      E0ACEE34 
  94      A4225A29 
  94      BD
  95 00ba 0B1E74C2 		.ascii	"\013\036t\302\303\352W\221E\311\317f\346\0325y\030\202"
  95      C3EA5791 
  95      45C9CF66 
ARM GAS  C:\Users\User\AppData\Local\Temp\ccQlD3HC.s 			page 7


  95      E61A3579 
  95      1882
  96 00cc D64375ED 		.ascii	"\326Cu\355\243\356\314\016]\017\353\311\351\213R\337"
  96      A3EECC0E 
  96      5D0FEBC9 
  96      E98B52DF 
  97 00dc 6948896E 		.ascii	"iH\211n\310\215@\012\011\\C&\347\177|?\367\320)\217"
  97      C88D400A 
  97      095C4326 
  97      E77F7C3F 
  97      F7D0298F 
  98 00f0 98586324 		.ascii	"\230Xc$\322\226\232q\305\304~i\335v!\242\337\323U\203"
  98      D2969A71 
  98      C5C47E69 
  98      DD7621A2 
  98      DFD35583 
  99 0104 4ABEFE37 		.ascii	"J\276\3767\236?J\217E\273\027\245\364\231\320;?\346"
  99      9E3F4A8F 
  99      45BB17A5 
  99      F499D03B 
  99      3FE6
 100 0116 A75CEBD0 		.ascii	"\247\\\353\320w\255i\253a\275\205\2416\364Z\320\\\017"
 100      77AD69AB 
 100      61BD85A1 
 100      36F45AD0 
 100      5C0F
 101 0128 76FF06BE 		.ascii	"v\377\006\276\032X\273\224bW\321\207\014\364 \203\233"
 101      1A58BB94 
 101      6257D187 
 101      0CF42083 
 101      9B
 102 0139 A25EFA61 		.ascii	"\242^\372a\007M\034\355{\212\244\276\366\263VO.m\237"
 102      074D1CED 
 102      7B8AA4BE 
 102      F6B3564F 
 102      2E6D9F
 103 014c F8F47C6B 		.ascii	"\370\364|k\012\250f\205\254\241\242m\264\264\333y\320"
 103      0AA86685 
 103      ACA1A26D 
 103      B4B4DB79 
 103      D0
 104 015d 68D01C3C 		.ascii	"h\320\034<8\005\243\\\034ts\246\020\365D\311\2567\320"
 104      3805A35C 
 104      1C7473A6 
 104      10F544C9 
 104      AE37D0
 105 0170 8666B988 		.ascii	"\206f\271\210p\373\367\263Y\246\010I\306\311\201e\204"
 105      70FBF7B3 
 105      59A60849 
 105      C6C98165 
 105      84
 106 0181 C796BB26 		.ascii	"\307\226\273&\355\034\213K\033\325\325t\346\366c\215"
 106      ED1C8B4B 
 106      1BD5D574 
 106      E6F6638D 
 107 0191 EF40357B 		.ascii	"\357@5{\372:\365\240\316m ^M\227\220nH\007\2010\300"
 107      FA3AF5A0 
ARM GAS  C:\Users\User\AppData\Local\Temp\ccQlD3HC.s 			page 8


 107      CE6D205E 
 107      4D97906E 
 107      48078130 
 108 01a6 EDD359C7 		.ascii	"\355\323Y\307B\270W\363\366\350\326\221\023\2030\320"
 108      42B857F3 
 108      F6E8D691 
 108      138330D0 
 109 01b6 C26D080C 		.ascii	"\302m\010\014\301kr\337\317\266\230\355\233\244\032"
 109      C16B72DF 
 109      CFB698ED 
 109      9BA41A
 110 01c5 36A9C054 		.ascii	"6\251\300T\011\242Z@\315\213\311=\353E\022\233ib\003"
 110      09A25A40 
 110      CD8BC93D 
 110      EB45129B 
 110      696203
 111 01d8 D54FCF4C 		.ascii	"\325O\317L\232=tG4\353X\333\224\222\206\033\246\222"
 111      9A3D7447 
 111      34EB58DB 
 111      9492861B 
 111      A692
 112 01ea C24A37CD 		.ascii	"\302J7\315\242#\261\350\274\315\342\"\240\306j\244\360"
 112      A223B1E8 
 112      BCCDE222 
 112      A0C66AA4 
 112      F0
 113 01fb ADFE9015 		.ascii	"\255\376\220\025sn\364H\373\307\243\366\035\006W\350"
 113      736EF448 
 113      FBC7A3F6 
 113      1D0657E8 
 114 020b C008EB61 		.ascii	"\300\010\353a\224\330\005\373\236f\272\336\307\256;"
 114      94D805FB 
 114      9E66BADE 
 114      C7AE3B
 115 021a 59A4293A 		.ascii	"Y\244):\2218e1\272,{\022\265\323\003.&u\002\030#4\251"
 115      91386531 
 115      BA2C7B12 
 115      B5D3032E 
 115      26750218 
 116 0231 363939E5 		.ascii	"699\345\277:\312f\340\370\037\333n\301K\324L\362\241"
 116      BF3ACA66 
 116      E0F81FDB 
 116      6EC14BD4 
 116      4CF2A1
 117 0244 7626516A 		.ascii	"v&QjI\271Y\235\235S\315\007\261\002E\304\315\364\317"
 117      49B9599D 
 117      9D53CD07 
 117      B10245C4 
 117      CDF4CF
 118 0257 00312DC5 		.ascii	"\0001-\305\206\357n\341\022\024\234\306\004<\312\330"
 118      86EF6EE1 
 118      12149CC6 
 118      043CCAD8 
 119 0267 9B972094 		.ascii	"\233\227 \224l{;\013zN`\024Yu0\177\177AQ\251\337\347"
 119      6C7B3B0B 
 119      7A4E6014 
 119      5975307F 
ARM GAS  C:\Users\User\AppData\Local\Temp\ccQlD3HC.s 			page 9


 119      7F4151A9 
 120 027d 2FC8E7F1 		.ascii	"/\310\347\361@\305\211b\1770'\357d\356\321J\377\261"
 120      40C58962 
 120      7F3027EF 
 120      64EED14A 
 120      FFB1
 121 028f E2606568 		.ascii	"\342`ehc\334\312\014\206r\362\366y\203!oia\231\267\314"
 121      63DCCA0C 
 121      8672F2F6 
 121      7983216F 
 121      696199B7 
 122 02a4 EFF3862A 		.ascii	"\357\363\206*\216\227\024\006B\336@I`}\271\253H(\376"
 122      8E971406 
 122      42DE4049 
 122      607DB9AB 
 122      4828FE
 123 02b7 72190895 		.ascii	"r\031\010\225\303\367\013\3165N\323"
 123      C3F70BCE 
 123      354ED3
 124              		.text
 125              		.section	.gnu.lto__reads.9ec86a24,"",%progbits
 126 0000 789C9552 		.ascii	"x\234\225R\317KTQ\024\276\347\336\367\346\315\310\314"
 126      CF4B5451 
 126      14BEE7DE 
 126      F7E6CDC8 
 126      CC
 127 0011 F40F48B8 		.ascii	"\364\017H\270H\304\205=$I(j\343\246um\202\244\360W8"
 127      48C4853D 
 127      2449286A 
 127      E3A6756D 
 127      82A4F057 
 128 0026 E038D258 		.ascii	"\3408\322X.\347:\352\244\031e\224\243c\016O\0203+\177"
 128      2EE73AEA 
 128      A4196594 
 128      A3630E4F 
 128      10332B7F 
 129 003a 65996316 		.ascii	"e\231c\026\203AQ\246\221?V.\2022B**$\\\210\3329\367"
 129      834151A6 
 129      913F562E 
 129      8232422A 
 129      2A245C88 
 130 0051 4D69AEF4 		.ascii	"Mi\256\364\301\273\357\336s\316\367\235\363}\367\351"
 130      C1BBEFDE 
 130      73CEF79D 
 130      F37DF7E9 
 131 0061 8CB30C8D 		.ascii	"\214\263\014\215\261\363\214\261<|Ag\300[f\030\253u"
 131      B1F38CB1 
 131      3C7C4167 
 131      C05B6618 
 131      AB75
 132 0073 722EE64D 		.ascii	"r.\346M&\323\264\211\375L\272\005hvX\003\240\215t\002"
 132      26D3B489 
 132      FD4CBA05 
 132      68765803 
 132      A08D7402 
 133 0087 0B71A141 		.ascii	"\013q\241A\010\256\2136\001\357\353\207:\3055a\011\006"
 133      08AE8B36 
ARM GAS  C:\Users\User\AppData\Local\Temp\ccQlD3HC.s 			page 10


 133      01EFEB87 
 133      3AC53561 
 133      0906
 134 0099 1A1E7F4D 		.ascii	"\032\036\177Mw|\362\322\021 \003\217\267\345l\223\221"
 134      777CF2D2 
 134      1120038F 
 134      B7E56C93 
 134      91
 135 00aa DD2B6558 		.ascii	"\335+eX&\333~\036\273Q\327p\302\022\234\305\260\372"
 135      26DB7E1E 
 135      BB51D770 
 135      C2129CC5 
 135      B0FA
 136 00bc 2EA4432F 		.ascii	".\244C/\244S\357>\310\306\332\271\351\205\026C\234\001"
 136      A453EF3E 
 136      C8C6DAB9 
 136      E9851643 
 136      9C01
 137 00ce 86FB91C6 		.ascii	"\206\373\221\306\256\204;\253G\341\226n\012y\300\022"
 137      AE843BAB 
 137      47E1966E 
 137      0A79C012 
 138 00de 02EE81D8 		.ascii	"\002\356\201\330\016\304\020\203\373\220\205\345k\315"
 138      0EC41083 
 138      FB9085E5 
 138      6BCD
 139 00ec 0B519738 		.ascii	"\013Q\2278\253\240\265=\243\026OA\337\266*\250\006\017"
 139      ABA0B53D 
 139      A3164F41 
 139      DFB62AA8 
 139      060F
 140 00fe 76423506 		.ascii	"vB5\006\375\012\272.oE\275\242HAc\223\255\213\236\277"
 140      FD0ABA2E 
 140      6F45BDA2 
 140      48416393 
 140      AD8B9EBF 
 141 0112 5DA30ACA 		.ascii	"]\243\012\312a`'\2243\030\204,\252_\371\2610\345\022"
 141      61602794 
 141      3318842C 
 141      AA5FF9B1 
 141      30E512
 142 0125 250A6B8D 		.ascii	"%\012k\215\325ux3\273\025v\246M\217\311d}\206%t\030"
 142      D5757833 
 142      BB1576A6 
 142      4D8FC964 
 142      7D862574 
 143 013a FA1F4E0F 		.ascii	"\372\037N\017V\177\034\336h\36584\030\206L2\003=x\010"
 143      567F1CDE 
 143      68F53834 
 143      18864C32 
 143      033D7808 
 144 014e 0EC0EFE0 		.ascii	"\016\300\357\340,$\345\306\346e\231|\271\012w\272\257"
 144      2C24E5C6 
 144      E665997C 
 144      B90A77BA 
 144      AF
 145 015f C23E50ED 		.ascii	"\302>P\3558\220T\015\333;tZ\034\264\030@)'\311q\321"
ARM GAS  C:\Users\User\AppData\Local\Temp\ccQlD3HC.s 			page 11


 145      3890540D 
 145      DB3B745A 
 145      1CB41840 
 145      2927C971 
 146 0174 920624CA 		.ascii	"\222\006$\312M)\017-\214]An\272\265f\234\032\277\342"
 146      4D290F2D 
 146      8C5D416E 
 146      BAB5669C 
 146      1ABFE2
 147 0187 3384BBBE 		.ascii	"3\204\273\276Lq\325\015{\3071\274\014\341\361\345\265"
 147      4C71D50D 
 147      7BC731BC 
 147      0CE1F1E5 
 147      B5
 148 0198 3C0AC505 		.ascii	"<\012\305\005]a\264a\362\235AW\250+a\253\257\3364\272"
 148      5D61B461 
 148      F29D4157 
 148      A82B61AB 
 148      AFDE34BA 
 149 01ac 2D88D74A 		.ascii	"-\210\327J)Q\221\201\030\030!%\230\353Y\012\017\030"
 149      29519181 
 149      18182125 
 149      98EB590A 
 149      0F18
 150 01be 66BFB453 		.ascii	"f\277\264S\034\036\201\005\355$\207\301c0\025\365\353"
 150      1C1E8105 
 150      ED2487C1 
 150      633015F5 
 150      EB
 151 01cf 1C9B59DF 		.ascii	"\034\233Y\337#\325\250\242\"K\340\211\242\252k\2174"
 151      23D5A8A2 
 151      224BE089 
 151      A2AA6B8F 
 151      34
 152 01e0 E936170D 		.ascii	"\3516\027\015\212\214l\011\352g^\344\375\213\031\312"
 152      8A8C6C09 
 152      EA675EE4 
 152      FD8B19CA 
 153 01f0 DD66FC2D 		.ascii	"\335f\374-\346M\245t\345\250\022\212\036\305\311\014"
 153      E64DA574 
 153      E5A8128A 
 153      1EC5C90C 
 154 0200 4C692917 		.ascii	"Li)\027\354;\214#\277\222\277~\322&q\356iH\015\306\324"
 154      EC3B8C23 
 154      BF92BF7E 
 154      D22671EE 
 154      69480DC6 
 155 0215 909C864C 		.ascii	"\220\234\206L\330CvF\372\014\233\313\205t4\344W\210"
 155      D8437646 
 155      FA0C9BCB 
 155      857434E4 
 155      5788
 156 0227 74792944 		.ascii	"ty)D\004\211\304\267E#\264.\235\226p\306H\035\214C\210"
 156      0489C4B7 
 156      4523B42E 
 156      9D9670C6 
 156      481D8C43 
ARM GAS  C:\Users\User\AppData\Local\Temp\ccQlD3HC.s 			page 12


 157 023c C5459AAA 		.ascii	"\305E\232\252\007K\270\354\2016\216\333$\356]\015\224"
 157      074BB8EC 
 157      81368EDB 
 157      24EE5D0D 
 157      94
 158 024d 43863DDD 		.ascii	"C\206=\3352l\302\236%\032\001\233\305\203\324\310E\324"
 158      326CC29E 
 158      251A019B 
 158      C583D4C8 
 158      45D4
 159 025f 51178576 		.ascii	"Q\027\205v\317\372l\213\3659\230H\305\276\243\261\233"
 159      CFFA6C8B 
 159      F5399848 
 159      C5BEA3B1 
 159      9B
 160 0270 7329664A 		.ascii	"s)fJ\374\006$78\252p\210\216\017\002\3779 \227\321\225"
 160      FC062437 
 160      38AA7088 
 160      8E0F02FF 
 160      392097D1 
 161 0285 D305470A 		.ascii	"\323\005G\012K\312}\305\276\302\002ZOU_,\365\005r\363"
 161      4BCA7DC5 
 161      BEC2025A 
 161      4F555F2C 
 161      F50572F3 
 162 0299 2F1D3A57 		.ascii	"/\035:W\343\253,\015\324\004\267\307\355\312@07\377"
 162      E3AB2C0D 
 162      D404B7C7 
 162      EDCA4030 
 162      37FF
 163 02ab B019089A 		.ascii	"\260\031\010\232\345E\025f\205\257\330\014V_(+\362\007"
 163      E5451566 
 163      85AFD80C 
 163      565F282B 
 163      F207
 164 02bd 4D7F993F 		.ascii	"M\177\231?\265=X\302\270\257\212\027WA\245\360\007\253"
 164      B53D58C2 
 164      B8AF8A17 
 164      5741A5F0 
 164      07AB
 165 02cf FE000AED 		.ascii	"\376\000\012\355c0"
 165      6330
 166              		.text
 167              		.section	.gnu.lto__writes.9ec86a24,"",%progbits
 168 0000 789C9552 		.ascii	"x\234\225RMOSA\024\235;\363^_[[\374\003DYH\010\013y"
 168      4D4F5341 
 168      149D3BF3 
 168      5E5F5B5B 
 168      FC034459 
 169 0018 21123118 		.ascii	"!\0221\030Wl\334\2731\221h\37024\241\224X\224e\207\002"
 169      576CDCBB 
 169      319168F8 
 169      3234A194 
 169      58946587 
 170 002d 1525518C 		.ascii	"\025%Q\214R(\322<\022CP\221/Q\240\200\246A\023#\006"
 170      5228D23C 
 170      12435091 
ARM GAS  C:\Users\User\AppData\Local\Temp\ccQlD3HC.s 			page 13


 170      2F51A080 
 170      A6411323 
 171 0042 8C7C6CC0 		.ascii	"\214|l\300\225\302\242\001c\214Q\027\006\360\336y\215"
 171      95C2A201 
 171      638C5117 
 171      06F0DE79 
 171      8D
 172 0053 A02B68D2 		.ascii	"\240+h\322y\363\356\275\347\3149g\236\3168;\2521v\231"
 172      79F3EEBD 
 172      E7CC3967 
 172      9ECE383B 
 172      AA317699 
 173 0067 3156807F 		.ascii	"1V\200\177\320\031\360\266y\306\032\234\234\213%\223"
 173      D019F0B6 
 173      79C61A9C 
 173      9C8B2593 
 174 0077 49B7367D 		.ascii	"I\2676}\204I\217\000\315.k\000\264\221N`!.4\010\301"
 174      84498F00 
 174      CD2E6B00 
 174      B4914E60 
 174      212E3408 
 175 008c 6DD121E0 		.ascii	"m\321!\340C\323p\267\270%,\301@\303\327os]\2373\350"
 175      43D370B7 
 175      B8252CC1 
 175      40C3D76F 
 175      735D9F33 
 176 00a1 15200B5F 		.ascii	"\025 \013_\357\313\205\033Fn\237\224a\231\354\230>s"
 176      EFCB851B 
 176      466E9F94 
 176      6199EC98 
 176      3E73
 177 00b3 A7B1F9AC 		.ascii	"\247\261\371\254%8\213\341\364C\310\204>\310\244\263"
 177      25388BE1 
 177      F443C884 
 177      3EC8A4B3 
 178 00c3 1F412ECE 		.ascii	"\037A.\316.\316-\267\031\342\0020\334\217\266\364$<"
 178      2ECE2DB7 
 178      19E20230 
 178      DC8FB6F4 
 178      243C
 179 00d5 39BD0AB7 		.ascii	"9\275\012\267yW\310c\226\020\360\030\304^ \226\030\364"
 179      7957C863 
 179      9610F018 
 179      C45E2096 
 179      18F4
 180 00e7 430E8EFF 		.ascii	"C\016\216\377n]\216\272\304E\005m\350\035\263x\032\372"
 180      6E5D8EBA 
 180      C445056D 
 180      E81DB378 
 180      1AFA
 181 00f9 3AAAA01A 		.ascii	":\252\240\032<\371\037\2521\030P\320-y/\232!J\02546"
 181      3CF91FAA 
 181      311850D0 
 181      2D792F9A 
 181      214A1534 
 182 010e D3BEEA4D 		.ascii	"\323\276\352MC?v((\207\301\377\241\234\301\020\344\320"
 182      433F7628 
ARM GAS  C:\Users\User\AppData\Local\Temp\ccQlD3HC.s 			page 14


 182      2887C1FF 
 182      A19CC110 
 182      E4D0
 183 0120 FCF7AFCB 		.ascii	"\374\367\257\313\357\\\242\\a\255\211\306\256\214\354"
 183      EF5CA25C 
 183      61AD89C6 
 183      AE8CEC
 184 012f 070ABBDD 		.ascii	"\007\012\273\335\256\307d\262)\313\022:\014\377\013"
 184      AEC764B2 
 184      29CB123A 
 184      0CFF0B
 185 013e A71F4E7F 		.ascii	"\247\037N\177\032\331n\367:4\030\201l\012\0033x\012"
 185      1AD96EF7 
 185      3A341881 
 185      6C0A0333 
 185      780A
 186 0150 0EC0E7D0 		.ascii	"\016\300\347\320\002$\345\366\316u\231\374\271\016}"
 186      0224E5F6 
 186      CE7599FC 
 186      B90E7D
 187 015f 53870E83 		.ascii	"S\207\016\203:\215\0039\325\360t\207N\213\203\026\003"
 187      3A8D0339 
 187      D5F07487 
 187      4E8B8316 
 187      03
 188 0170 A8E5C4AD 		.ascii	"\250\345\304\255\341\242\305\015\344\311C-/-\214\335"
 188      E1A2C50D 
 188      E4C9432D 
 188      2F2D8CDD 
 189 0180 446ABAB4 		.ascii	"Dj\272\264V\024\215O\261\016\341\236\235Y\256\016\303"
 189      56148D4F 
 189      B10EE19E 
 189      9D59AE0E 
 189      C3
 190 0191 A3E3584E 		.ascii	"\243\343XNAx2\225*\240R\\\320\015F\233g\336\033t\203"
 190      41783295 
 190      2AA0525C 
 190      D00D469B 
 190      67DE1B74 
 191 01a6 BAF2F5EB 		.ascii	"\272\362\365\353\315l\213\307\202x\203\224\022\0159"
 191      CD6C8BC7 
 191      82788394 
 191      120D39
 192 01b5 1103A364 		.ascii	"\021\003\243d\004{\275k\341A\303\034\220v\213\3033\260"
 192      047BBD6B 
 192      E141C31C 
 192      90768BC3 
 192      33B0
 193 01c7 A093DC30 		.ascii	"\240\223\3340x\016\246\242~\233g3\353\007\244\032ST"
 193      780EA6A2 
 193      7E9B6733 
 193      EB07A41A 
 193      5354
 194 01d9 94088C2B 		.ascii	"\224\010\214+\252\306\316HL\267\271H(2\2625h\232\177"
 194      AAC6CE48 
 194      4CB7B948 
 194      2832B235 
ARM GAS  C:\Users\User\AppData\Local\Temp\ccQlD3HC.s 			page 15


 194      689A7F
 195 01ec 55F0B766 		.ascii	"U\360\267f\250p[\361\253X2\225\323\376\323\312(f\024"
 195      A8705BF1 
 195      AB583295 
 195      D3FED3CA 
 195      286614
 196 01ff A730B0A5 		.ascii	"\2470\260\245\245S\260\2570\216\374\312\376F\221M\342"
 196      A553B0AF 
 196      308EFCCA 
 196      FE46914D 
 196      E2
 197 0210 3C904803 		.ascii	"<\220H\003&\224HN\"\023\266\310\356H*-\322\025'\254"
 197      2694484E 
 197      2213B6C8 
 197      EE482A2D 
 197      D21527AC 
 198 0224 CE3620D2 		.ascii	"\3166 \322\223A%\"H$6W\215\320\226tZ\302\025#w0\011"
 198      93412522 
 198      48243657 
 198      8DD09674 
 198      5AC21523 
 199 023b 21A686DD 		.ascii	"!\246\206\335\250\306\022n[\320\346)\233\304\263/A\307"
 199      A8C6126E 
 199      5BD0E629 
 199      9BC4B32F 
 199      41C7
 200 024d 29B0A9DD 		.ascii	")\260\251\335\300\246m-\321\010\330,^\244F.\242\216"
 200      C0A66D2D 
 200      D108D82C 
 200      5EA4462E 
 200      A28E
 201 025f BAA8B47F 		.ascii	"\272\250\264\177\326\027\273\254/\301D*\366\005\203"
 201      D617BBAC 
 201      2FC1442A 
 201      F60583
 202 026e 1D5F4C33 		.ascii	"\035_L3S\343\007 \271\301\321\205C\254\254\010\374\346"
 202      53E30720 
 202      B9C1D185 
 202      43ACAC08 
 202      FCE6
 203 0280 8052C654 		.ascii	"\200R\306T\316\027\027\225\224W\371\312|%\305\264\236"
 203      CE171795 
 203      9457F9CA 
 203      7C25C5B4 
 203      9E
 204 0291 ABBB5AE1 		.ascii	"\253\273Z\341\013\344\027^;q\251\336WS\021\250\017\356"
 204      0BE4175E 
 204      3B71A9DE 
 204      575311A8 
 204      0FEE
 205 02a3 ADDB9381 		.ascii	"\255\333\223\201`~\341I3\0204\253J\253\315j_\231\031"
 205      607EE149 
 205      331034AB 
 205      4AABCD6A 
 205      5F9919
 206 02b6 ACBB5259 		.ascii	"\254\273RY\352\017\232\376J\177z\233W\316\270\257\226"
 206      EA0F9AFE 
ARM GAS  C:\Users\User\AppData\Local\Temp\ccQlD3HC.s 			page 16


 206      4A7F7A9B 
 206      57CEB8AF 
 206      96
 207 02c7 97D5428D 		.ascii	"\227\325B\215\360\007k\377\000\374\226b\245"
 207      F0076BFF 
 207      00FC9662 
 207      A5
 208              		.text
 209              		.section	.gnu.lto_msObjectInit.9ec86a24,"",%progbits
 210 0000 789C9D93 		.ascii	"x\234\235\223]H\024Q\024\307\357\177\356\354\316n\251"
 210      5D481451 
 210      14C7EF7F 
 210      EEECCE6E 
 210      A9
 211 0011 F4D04394 		.ascii	"\364\320C\224\017>\004\342K\203\004\011\275\372P\357"
 211      0F3E04E2 
 211      4B830409 
 211      BDFA50EF 
 212 0021 BD0409E2 		.ascii	"\275\004\011\342\352.\016\272n8\232\020\301\216\253"
 212      EA2E0EBA 
 212      6E389A10 
 212      C18EAB
 213 0030 B6616045 		.ascii	"\266a`E\232\266\270\215\024\333V\266~\365if\273-T\244"
 213      9AB6B88D 
 213      14DB56B6 
 213      7EF56966 
 213      BB2D54A4 
 214 0044 7D50E443 		.ascii	"}P\344C\364\005)\222AD\030\010Rn\347\336]\301\244\227"
 214      F4052992 
 214      41441808 
 214      526EE7DE 
 214      5DC1A497 
 215 0058 1CB873EF 		.ascii	"\034\270s\357=s\376\277s\3569w\034La\375\234\261\006"
 215      3D73FEBF 
 215      73EE3977 
 215      1C4C61FD 
 215      9CB106
 216 006b C6D80E1A 		.ascii	"\306\330\016\032\340\014\312\351\027\214\265\272\024"
 216      E00CCAE9 
 216      178CB5BA 
 216      14
 217 0078 402C2C17 		.ascii	"@,,\027XPA\020\247x/G:<?\256\224\304-zR\275\027\264"
 217      58504110 
 217      A7782F47 
 217      3A3C3FAE 
 217      94C42D7A 
 218 0090 E356C736 		.ascii	"\343V\3076\233\344\347i\210\007q\224\220\327\253\366"
 218      9BE4E769 
 218      88077194 
 218      90D7ABF6 
 219 00a0 917EDEC5 		.ascii	"\221~\336\305m\016\250\264\375\361<2[ \266\012\212h"
 219      6D0EA8B4 
 219      FDF13C32 
 219      5B20B60A 
 219      8A68
 220 00b2 BBF87D66 		.ascii	"\273\370}f\332\315\017\201\321\372Zw\242\2408fY!+\365"
 220      DACD0F81 
ARM GAS  C:\Users\User\AppData\Local\Temp\ccQlD3HC.s 			page 17


 220      D1FA5A77 
 220      A2A03866 
 220      59212BF5 
 221 00c6 AC9B5B3B 		.ascii	"\254\233[;mN6p\342\341*\012q\005\205\214L\014\203(&"
 221      6D4E3670 
 221      E2E12A0A 
 221      7105858C 
 221      4C0C8328 
 222 00db EF78FBC4 		.ascii	"\357x\373\304[7\257\224\3127\363\321x^N\372\253GJU\\"
 222      5B37AF94 
 222      CA37F3D1 
 222      785E4EFA 
 222      AB474A55 
 223 00f0 5F2F5519 		.ascii	"_/U\031\022Rz\261uf:\237\373\2444\234\230\\X\215\372"
 223      12527AB1 
 223      75663A9F 
 223      FBA4349C 
 223      985C588D 
 224 0105 38BAF56C 		.ascii	"8\272\365l\233\265\337\346\016\014\255\027;\030\206"
 224      9BB5DFE6 
 224      0E0CAD17 
 224      3B1886
 225 0114 A578299E 		.ascii	"\245x)\236~\244\362:)\3764\325uf\323j\334l\312\016\214"
 225      7EA4F23A 
 225      29FE34D5 
 225      7566D36A 
 225      DC6CCA0E 
 226 0129 FC433A8A 		.ascii	"\374C:\212b\341\377yt\245'\337\251fK\20418A\363\360"
 226      62E1FF79 
 226      74A527DF 
 226      A9664B84 
 226      313841F3 
 227 013e 6BA4AC95 		.ascii	"k\244\254\225L\330J\315\305\220\334\267\231jM'T!\222"
 227      4CD84ACD 
 227      C590DCB7 
 227      996A4D27 
 227      542192
 228 0151 75424475 		.ascii	"uBDuA\002X'\311D\033NrE\314|\001\241\345pb\342\230 "
 228      41025827 
 228      C9441B4E 
 228      7245CC7C 
 228      01A1E570 
 229 0169 11FD5C47 		.ascii	"\021\375\\G\372\245&J\313erKO\246N\344\331\210\266R"
 229      FAA5264A 
 229      CB65724B 
 229      4FA64EE4 
 229      D988B652 
 230 017d 7F06B6DB 		.ascii	"\177\006\266\333\334\031\245\232\337\240\214\304\307"
 230      DC19A59A 
 230      DFA08CC4 
 230      C7
 231 018a D85C6848 		.ascii	"\330\\hH\323\023\242wE6\327p\0236\372d\343p\013\372"
 231      D313A277 
 231      4536D770 
 231      1336FA64 
 231      E3700BFA 
 232 019e 5A982661 		.ascii	"Z\230&am\313\311\305\202\340o\213:\254]\022~d{\032\031"
ARM GAS  C:\Users\User\AppData\Local\Temp\ccQlD3HC.s 			page 18


 232      6DCBC9C5 
 232      82E06F8B 
 232      3AAC5D12 
 232      7E647B1A 
 233 01b3 AC13FC2D 		.ascii	"\254\023\374-6w\341\016\335\212\3339x\346\353\330\220"
 233      3677E10E 
 233      DD8ADB39 
 233      78E6EBD8 
 233      90
 234 01c4 9B9CFB28 		.ascii	"\233\234\373(\360e\010\304]\302\023z\034AFIG\026\336"
 234      F06508C4 
 234      5DC2137A 
 234      1C414649 
 234      4716DE
 235 01d7 CD6AB9A4 		.ascii	"\315j\271\244\377#K\025\367d\226\242h\230\200\036\245"
 235      FF234B15 
 235      F76496A2 
 235      6898801E 
 235      A5
 236 01e8 8E4ADAFB 		.ascii	"\216J\332\373\215\320\034\270/i\212\240M\012\2323K\373"
 236      8DD01CB8 
 236      2F698AA0 
 236      4D0A9A33 
 236      4BFB
 237 01fa B031DA03 		.ascii	"\2601\332\003I\223\215M\012\232K\320~~\371\2701ZJ\322"
 237      49938D4D 
 237      0A9A4BD0 
 237      7E7EF9B8 
 237      315A4AD2 
 238 020e 54417BF8 		.ascii	"TA{\370w?\034`H\223\352\033B\003\231.\010\270\374\335"
 238      773F1C60 
 238      4893EA1B 
 238      4203992E 
 238      08B8FCDD 
 239 0222 3AA92E74 		.ascii	":\251.t)\3508\007\313\367VT\327\032\036\243\242\\\274"
 239      29E83807 
 239      CBF75654 
 239      D71A1EA3 
 239      A25CBC
 240 0235 0F3435D7 		.ascii	"\01745\327\030\201\322\262#\273+[\214\206\232@\213\271"
 240      1881D2B2 
 240      23BB2B5B 
 240      8C869A40 
 240      8BB9
 241 0247 D69EF50C 		.ascii	"\326\236\365\014\230\245e{\364\200\251\327V\325\353"
 241      98A5657B 
 241      F480A9D7 
 241      56D5EB
 242 0256 F5864737 		.ascii	"\365\206G7\233\032\275U~S\367{\375\271\345\256j\306"
 242      9B1ABD55 
 242      7E53F77B 
 242      FDB9E5AE 
 242      6AC6
 243 0268 FDE661A7 		.ascii	"\375\346a\247\247\331\347\3636\252\246q\324\313\275"
 243      A7D9E7F3 
 243      36AAA671 
 243      D4CBBD
ARM GAS  C:\Users\User\AppData\Local\Temp\ccQlD3HC.s 			page 19


 244 0277 01F30FAD 		.ascii	"\001\363\017\255ZR\337"
 244      5A52DF
 245              		.text
 246              		.section	.gnu.lto_vmt.9ec86a24,"",%progbits
 247 0000 789C6365 		.ascii	"x\234ce`b\230\305\300\300\020\305\000\001\323\231\031"
 247      606298C5 
 247      C0C010C5 
 247      0001D399 
 247      19
 248 0011 77EE7C73 		.ascii	"w\356|s\233\275\376oCGC\303\203\356\365\314\035\314"
 248      9BBDFE6F 
 248      434743C3 
 248      83EEF5CC 
 248      1DCC
 249 0023 F3991966 		.ascii	"\363\231\031f2c\310-x\005\224`\234\311\314\210!\261"
 249      3263C82D 
 249      78059460 
 249      9CC9CC88 
 249      21B1
 250 0035 0A28C134 		.ascii	"\012(\3014\223\231\011C\342\031\323|f\346\231\314\314"
 250      93990943 
 250      E219D37C 
 250      66E699CC 
 250      CC
 251 0046 6089AFCF 		.ascii	"`\211\257\317\236\354\347\260\330\326\320\261\240\301"
 251      9EECE7B0 
 251      D8D6D0B1 
 251      A0C1
 252 0054 613E33CB 		.ascii	"a>3\313\014f\006\306U\214\3653\230\031\031W\202(&\306"
 252      0C6606C6 
 252      558CF533 
 252      98191957 
 252      822826C6 
 253 0068 15208A99 		.ascii	"\025 \212\231q9c=\003\343jF\013\206\010g\253\230\344"
 253      7139633D 
 253      03E36A46 
 253      0B860867 
 253      AB98E4
 254 007b 8CCCA4CC 		.ascii	"\214\314\244\314\030g\020\031\\R\232\222\231oh^f\034"
 254      18671019 
 254      5C529A92 
 254      996F685E 
 254      661C
 255 008d 5F9E9997 		.ascii	"_\236\231\227\222_^\214,\016Q\231_lhn\246\237_\254\237"
 255      925F5E8C 
 255      2C0E5199 
 255      5F6C686E 
 255      A69F5FAC 
 256 00a2 9198A39F 		.ascii	"\221\230\243\237\223\231\244_\\R\224\232\230[\254\237"
 256      9399A45F 
 256      5C52949A 
 256      985BAC9F 
 257 00b2 9B9A0B65 		.ascii	"\233\232\013e\352%3\000\000\037\262[\223"
 257      EA253300 
 257      001FB25B 
 257      93
 258              		.text
ARM GAS  C:\Users\User\AppData\Local\Temp\ccQlD3HC.s 			page 20


 259              		.section	.gnu.lto_.symbol_nodes.9ec86a24,"",%progbits
 260 0000 789C5DC9 		.ascii	"x\234]\311\273\015\2000\020\203a\307G\262\006\022\223"
 260      BB0D8030 
 260      108361C7 
 260      47B20612 
 260      93
 261 0011 C0647715 		.ascii	"\300dw\025%b\000\036\201)\020\035\0130\005%C\020\201"
 261      2562001E 
 261      8129101D 
 261      0B300525 
 261      431081
 262 0024 68E2E697 		.ascii	"h\342\346\227>{\020\035\3228Q\201\376\004R\266xXH6S"
 262      3E7B101D 
 262      D2385181 
 262      FE0452B6 
 262      78584836 
 263 0039 5D6E2395 		.ascii	"]n#\225\271\015T\311m\241\026\277\355\326\000>\022V"
 263      B90D54C9 
 263      6DA116BF 
 263      EDD6003E 
 263      1256
 264 004b 01E256AA 		.ascii	"\001\342V\252\177/\300\254N\302\200\253\275K\221\257"
 264      7F2FC0AC 
 264      4EC280AB 
 264      BD4B91AF 
 265 005b 7800EC02 		.ascii	"x\000\354\002%\242"
 265      25A2
 266              		.text
 267              		.section	.gnu.lto_.refs.9ec86a24,"",%progbits
 268 0000 789C05C1 		.ascii	"x\234\005\301\261\001\000\000\010\303\2404\332\335\377"
 268      B1010000 
 268      08C3A034 
 268      DADDFF
 269 000f AF158A1C 		.ascii	"\257\025\212\034\220\265\331:*\206\007\003e\000<"
 269      90B5D93A 
 269      2A860703 
 269      65003C
 270              		.text
 271              		.section	.gnu.lto_.decls.9ec86a24,"",%progbits
 272 0000 789CBD57 		.ascii	"x\234\275WmPT\347\025\276\347\276\313.,\0138j\035\223"
 272      6D5054E7 
 272      15BEE7BE 
 272      CB2E2C0B 
 272      386A1D93 
 273 0014 F2831832 		.ascii	"\362\203\0302\345O@t&v:\375a\207\231\246\375A\230i\022"
 273      E54F4074 
 273      26763AFD 
 273      618799A6 
 273      FD419869 
 274 0029 9B1FCC6C 		.ascii	"\233\037\314l\371X>:\260K\331%\306\376\272|)\242FD\001"
 274      F9583E3A 
 274      B04BD925 
 274      C6FEBA7C 
 274      29A24644 
 275 003e 410482C6 		.ascii	"A\004\202\306/DQ\011jV\012* \"\362\251P\005D\020\241"
 275      2F445109 
 275      6A560A2A 
ARM GAS  C:\Users\User\AppData\Local\Temp\ccQlD3HC.s 			page 21


 275      2022F2A9 
 275      50054410 
 276 0053 1A541003 		.ascii	"\032T\020\003\"\012=\357\373\336\335\275\254K\333\231"
 276      220A3DEF 
 276      FBDEDDBD 
 276      AC4BDB99 
 277 0063 4E728773 		.ascii	"Nr\207s\357}\317{>\237s\336s\0277A\024b}\004a\230\010"
 277      EF7DCF7B 
 277      3E9F73DE 
 277      73173741 
 277      14627D04 
 278 007a C25F4441 		.ascii	"\302_DAX\300K#\010B\245\340\270\324H\215H\327\221n#"
 278      58C04B23 
 278      0842A5E0 
 278      B8D4488D 
 278      48D7916E 
 279 008f 0D206941 		.ascii	"\015 iA\020\336E\302?\341\227 ,\272v\340Z\213\317\345"
 279      10DE45C2 
 279      3FE19720 
 279      2CBA76E0 
 279      5A8BCFE5 
 280 00a3 482B91AE 		.ascii	"H+\221\256\"}\216t\026I\203{a\370\354\244v\361\275\035"
 280      227D8E74 
 280      1649837B 
 280      61F8ECA4 
 280      76F1BD1D 
 281 00b7 9F842AE1 		.ascii	"\237\204*\341\373<>D\331f\243\360\366\265w\011\273\324"
 281      FB3C3E44 
 281      D966A3F0 
 281      F6B57709 
 281      BBD4
 282 00c9 26B5EDCA 		.ascii	"&\265\355\312.\265\371Fa\367\272\013\273\025Nv\333e"
 282      2EB5F946 
 282      61F7BA0B 
 282      BB154E76 
 282      DB65
 283 00db BB9D8A78 		.ascii	"\273\235\212x\251M_\2445\360\266]Q\306\345]x\333\266"
 283      A94D5FA4 
 283      35F0B65D 
 283      51C6E55D 
 283      78DBB6
 284 00ee 15799E2E 		.ascii	"\025y\236.l\337q\201\205\322\276\022\017Q\306\334\225"
 284      6CDF7181 
 284      85D2BE12 
 284      0F51C6DC 
 284      95
 285 00ff FD5FE0A6 		.ascii	"\375_\340\246\007>7)|P\273\235\262/jw\026\237/\221\334"
 285      073E3729 
 285      7C50BB9D 
 285      B22F6A77 
 285      169F2F91 
 286 0114 A859E036 		.ascii	"\250Y\3406m\366\337\360WVOW\265\334 r\275I\244GH? ="
 286      6DF6DFF0 
 286      57564F57 
 286      B5DC2072 
 286      BD49A447 
 287 012c 91EDA990 		.ascii	"\221\355\251\220f\220\246\220^ M\313<\212q\243\340\350"
ARM GAS  C:\Users\User\AppData\Local\Temp\ccQlD3HC.s 			page 22


 287      6690A690 
 287      5E204DCB 
 287      3C8A71A3 
 287      E0E8
 288 013e 15E7AB80 		.ascii	"\025\347\253\200@\315\256\206Z\361\036\364\003\232\207"
 288      40CDAE86 
 288      5AF11EF4 
 288      039A87
 289 014d 658C0BC0 		.ascii	"e\214\013\300\357\300\210-\027l\027\000\343#W\024\344"
 289      EFC0882D 
 289      176C1700 
 289      E3235714 
 289      E4
 290 015e 406D2CB0 		.ascii	"@m,\260i\310kQ^\212\262I\366'+\203\302\"\337\346\236"
 290      69C86B51 
 290      5E8AB249 
 290      F6272B83 
 290      C222DFE6 
 291 0173 6C17C782 		.ascii	"l\027\307\202\27705\2336\210\016\007\000J\005\205A\036"
 291      BF30359B 
 291      36880E07 
 291      004A0585 
 291      411E
 292 0185 B6BC6F8F 		.ascii	"\266\274o\217Op$\007\266\354'\013[G\265\2030@\271e\033"
 292      4F702407 
 292      B6EC270B 
 292      5B47B583 
 292      3040B965 
 293 019a 81F1AED5 		.ascii	"\201\361\256\325\0267\370\020,\015\276\017\316\036\373"
 293      1637F810 
 293      2C0DBE0F 
 293      CE1EFB
 294 01a9 7DE04989 		.ascii	"}\340I\211_\356\032\007l\2473G\216\273\177M\300W\013"
 294      5FEE1A07 
 294      6CA73347 
 294      8EBB7F4D 
 294      C0570B
 295 01bc 0B40D7E3 		.ascii	"\013@\327\343\027g\275\370\232nW\327OU\252\3102\372"
 295      1767BDF8 
 295      9A6E57D7 
 295      4F55AAC8 
 295      32FA
 296 01ce 2ED6548F 		.ascii	".\326T\217\024i!@{\204\332\250\357\235ZuA\222\226\301"
 296      14692140 
 296      7B84DAA8 
 296      EF9D5A75 
 296      419296C1 
 297 01e2 69D04225 		.ascii	"i\320B%\0208\001\2014 _\332\366Y\222\224&M\224Kd\265"
 297      10380181 
 297      34205FDA 
 297      F6599294 
 297      264D944B 
 298 01f8 00EB7D61 		.ascii	"\000\353}a\255\257\000\247 \200\332\244Rp\022|\241\002"
 298      ADAF00A7 
 298      2080DAA4 
 298      5270127C 
 298      A102
ARM GAS  C:\Users\User\AppData\Local\Temp\ccQlD3HC.s 			page 23


 299 020a 7CA9FDE3 		.ascii	"|\251\375\343\245\307\032\274H\0310\007\205y\227\253"
 299      A5C71ABC 
 299      48193007 
 299      857997AB 
 300 021a BDED0EAE 		.ascii	"\275\355\016\256U\2569\227)I\"\234E\017U\016\017\350"
 300      55AE3997 
 300      2949229C 
 300      450F550E 
 300      0FE8
 301 022c D0B58B33 		.ascii	"\320\265\2133\256]L^\033\311\003\025\355\012j(REyS\007"
 301      AE5D4C5E 
 301      1BC90315 
 301      ED0A6A28 
 301      52457953 
 302 0241 8AABDD18 		.ascii	"\212\253\335\030\357s\035\234\003\306k\\\230\251\367"
 302      EF731D9C 
 302      03C66B5C 
 302      98A9F7
 303 0250 C1CC976B 		.ascii	"\301\314\227kA\304e\327D\353AO\\\256\324\3022\\f\356"
 303      41C465D7 
 303      44EB414F 
 303      5CAED4C2 
 303      325C66EE 
 304 0264 AA2CD0E2 		.ascii	"\252,\320\342R\2158\321\201\206\254\221\211W5*\316\242"
 304      528D38D1 
 304      8186AC91 
 304      8957352A 
 304      CEA2
 305 0276 017F85AC 		.ascii	"\001\177\205\254\203\205\375g\274I9\307\2743\243\252"
 305      8385FD67 
 305      BC4939C7 
 305      BC33A3AA 
 306 0286 9870832A 		.ascii	"\230p\203*\032\307\315\242\007\336\334\240\037&;>\264"
 306      1AC7CDA2 
 306      07DEDCA0 
 306      1F263B3E 
 306      B4
 307 0297 3DDBDD81 		.ascii	"=\333\335\201\346\271_\245n\243\311\326b\214\027\035"
 307      E6B95FA5 
 307      6EA3C9D6 
 307      628C171D 
 308 02a7 C9AAE55C 		.ascii	"\311\252\345\\%)']\362\370\203\000VL\354{L\014.a\266"
 308      2529275D 
 308      F2F88300 
 308      564CEC7B 
 308      4C0C2E61 
 309 02bc 6A39DB0B 		.ascii	"j9\333\013\310<\317\263}>;Q\255\"'Y\004b\366\320\363"
 309      C83CCFB3 
 309      7D3E3B51 
 309      AD222759 
 309      0462F6D0 
 310 02d1 373EA00D 		.ascii	"7>\240\015pi\240\336\205\001\033\362\353\276c\310\327"
 310      7069A0DE 
 310      85011BF2 
 310      EBBE63C8 
 310      D7
 311 02e2 6130FF70 		.ascii	"a0\377p\004S\313\220G'\275;\273\373\324\244\232;\231"
ARM GAS  C:\Users\User\AppData\Local\Temp\ccQlD3HC.s 			page 24


 311      0453CB90 
 311      4727BD3B 
 311      BBFBD4A4 
 311      9A3B99
 312 02f5 7DDC5CE9 		.ascii	"}\334\\\351\351H\244\335\177\377+I\362\203\253\250{"
 312      E948A4DD 
 312      7FFF2B49 
 312      F283ABA8 
 312      7B
 313 0306 D9A15B07 		.ascii	"\331\241[\007Kfr\305u&U\217s\276\325\255\316g\035\233"
 313      4B6672C5 
 313      7526558F 
 313      73BED5AD 
 313      CE671D9B 
 314 031a 2E2D1399 		.ascii	".-\023\231\305\032\334\377\016\367\005h\200\325x\257"
 314      C51ADCFF 
 314      0EF70568 
 314      80D578AF 
 315 032a 06150F29 		.ascii	"\006\025\017)\177\2568\027\326\224I\365\3671\206\361"
 315      7FAE3817 
 315      D69449F5 
 315      F73186F1 
 316 033a 80FD9746 		.ascii	"\200\375\227F$I\253\242Rp\334\021\005\276\342\375\030"
 316      2449ABA2 
 316      5270DC11 
 316      05BEE2FD 
 316      18
 317 034b 0C021C85 		.ascii	"\014\002\034\205{x\230\032a\015*g\014Wd\272\2239\302"
 317      7B78981A 
 317      610D2A67 
 317      0C5764BA 
 317      9339C2
 318 035e CA76EAE4 		.ascii	"\312v\352\344\\\225\326\326\033\274]N\345<Y\265t$\315"
 318      5C95D6D6 
 318      1BBC5D4E 
 318      E53C59B5 
 318      7424CD
 319 0371 2C926BB6 		.ascii	",\222k\266H\352\177\034\337(\0072\374N\241T\237&Q(Q"
 319      48EA7F1C 
 319      DF280732 
 319      FC4EA154 
 319      9F265128 
 320 0386 089A1C81 		.ascii	"\010\232\034\20149\007r\235\005\322\32476\253&\222\212"
 320      34390772 
 320      9D05D2D4 
 320      3736AB26 
 320      928A
 321 0398 0532D07C 		.ascii	"\0052\320|\274\202\366O\030o9\037\305\351\014\343\247"
 321      BC82F64F 
 321      186F391F 
 321      C5E90CE3 
 321      A7
 322 03a9 F3F0ECB3 		.ascii	"\363\360\354\263\363:\262\215\211\213\235\265O\206\034"
 322      F33AB28D 
 322      898B9DB5 
 322      4F861C
 323 03b8 0D35B3FD 		.ascii	"\0155\263\375\375\013c;$4\325\216\301\336tx\016\263"
ARM GAS  C:\Users\User\AppData\Local\Temp\ccQlD3HC.s 			page 25


 323      FD0B633B 
 323      2434D58E 
 323      C1DE7478 
 323      0EB3
 324 03ca 9F1EE73A 		.ascii	"\237\036\347:\264a\035\302\344:\264\"\363\006\257C\311"
 324      B4611DC2 
 324      E43AB422 
 324      F306AF43 
 324      C9
 325 03db 9567A93A 		.ascii	"\225g\251:\206G\273\375\374t\317\345N\212\272l\273\025"
 325      8647BBFD 
 325      FC74CFE5 
 325      4E8ABA6C 
 325      BB15
 326 03ed 76B46C86 		.ascii	"v\264l\206\004\350\004\235<^\332^\334\230\366b\312\310"
 326      04E8049D 
 326      3C5EDA5E 
 326      DC98F662 
 326      CAC8
 327 03ff 830E7ED2 		.ascii	"\203\016~\322J\036\034\251\263\237\276.\316k\235\316"
 327      4A1E1CA9 
 327      B39FBE2E 
 327      CE6B9DCE 
 328 040f BC2C2A31 		.ascii	"\274,*1n_\204\361-\206q\267\015\343\335\3557\273\334"
 328      6E5F84F1 
 328      2D8671B7 
 328      0DE3DDED 
 328      37BBDC
 329 0422 EDD5F69B 		.ascii	"\355\325\366\2339\264U\352@\305\215L\020Z\034\331\266"
 329      39B455EA 
 329      40C58D4C 
 329      105A1CD9 
 329      B6
 330 0433 38E37C9B 		.ascii	"8\343|\233\341\334}\342R\034\311u\203\245\362\263NN"
 330      E1DC7DE2 
 330      521CC975 
 330      83A5F2B3 
 330      4E4E
 331 0445 3D07AD3C 		.ascii	"=\007\255<c\262\376\373\214\271\320\\\367X\247\304\343"
 331      63B2FEFB 
 331      8CB9D05C 
 331      F758A7C4 
 331      E3
 332 0456 9F8BF0B8 		.ascii	"\237\213\360\270c\307#w`\274\315\2339C\036\364\362\334"
 332      63C72377 
 332      60BCCD9B 
 332      39431EF4 
 332      F2DC
 333 0468 F3BBD2CA 		.ascii	"\363\273\322\312<lx\334\345\274\261\241\033\345>K\343"
 333      3C6C78DC 
 333      E5BCB1A1 
 333      1BE53E4B 
 333      E3
 334 0479 D1CFF0E8 		.ascii	"\321\317\360\350\263\341\321]6P\344)\343\361<\217H\373"
 334      B3E1D15D 
 334      3650E429 
 334      E3F13C8F 
ARM GAS  C:\Users\User\AppData\Local\Temp\ccQlD3HC.s 			page 26


 334      48FB
 335 048b 243A9A51 		.ascii	"$:\232Q\010z\034X\3648c1\300\260(\311\317\235\367$E"
 335      087A1C58 
 335      F4386331 
 335      C0B028C9 
 335      CF9DF724 
 336 04a0 4B8351DB 		.ascii	"K\203Q\333\272\373\224h\347\015\362\370\352K\257\016"
 336      BAFB9468 
 336      E70DF2F8 
 336      EA4BAF0E 
 337 04b0 A9ED85BD 		.ascii	"\251\355\205\275\317\231\266\231\271\234\317\314\"\353"
 337      CF99B699 
 337      B99CCFCC 
 337      22EB
 338 04be 8B1637BE 		.ascii	"\213\0267\276t\307\345\314\321+\215*r\224;*O\275}\303"
 338      74C7E5CC 
 338      D12B8D2A 
 338      72943B2A 
 338      4FBD7DC3 
 339 04d2 8B54F0C5 		.ascii	"\213T\360\305\321\014\353\035\017R\305\027{\026\016"
 339      D10CEB1D 
 339      0F52C517 
 339      7B160E
 340 04e1 DFF220E7 		.ascii	"\337\362 \347\371b\341\331\324=\035\261\362\305\304"
 340      F962E1D9 
 340      D43D1DB1 
 340      F2C5C4
 341 04f0 5C7A83A7 		.ascii	"\\z\203\247\022ez\272\035(?\262\243\374t\353\367\003"
 341      12657ABA 
 341      1D283FB2 
 341      A3FC74EB 
 341      F703
 342 0502 DEA48E6B 		.ascii	"\336\244\216k\3157e\217i\224Z\267\026i\375`\327\272"
 342      CD37658F 
 342      69945AB7 
 342      1669FD60 
 342      D7BA
 343 0514 3D7671DA 		.ascii	"=vq\332\2234p\255\355g\036\275\364Vj\365/\322zb\327"
 343      933470AD 
 343      ED671EBD 
 343      F4566AF5 
 343      2FD27A62 
 344 0529 EABA54D1 		.ascii	"\352\272T\321\346MZ\270V\315\350\365&-\237\361\022\373"
 344      E64D5AB8 
 344      56CDE8F5 
 344      262D9FF1 
 344      12FB
 345 053b 9A0E9467 		.ascii	"\232\016\224gy\221^\276YPRsvQ\370\315\213LN\332L\252"
 345      79915EBE 
 345      59505273 
 345      7651F8CD 
 345      8B4C4EDA 
 346 0551 F3D28E8D 		.ascii	"\363\322\216\215\023X\341\357\037\340\357\277\207ML"
 346      1358E1EF 
 346      1FE0EFBF 
 346      874D4C
 347 0560 6C6D9500 		.ascii	"lm\225\000\317Pv\230\236\324\247X\324\347\260\202\026"
ARM GAS  C:\Users\User\AppData\Local\Temp\ccQlD3HC.s 			page 27


 347      CF507698 
 347      9ED4A758 
 347      D4E7B082 
 347      16
 348 0571 167EC48E 		.ascii	"\026~\304\216\234\001\177\230Bz\2014\015\376\354\333"
 348      9C017F98 
 348      427A8134 
 348      0DFEECDB 
 349 0581 5E4EFDD4 		.ascii	"^N\375\324\017Z\311\374\221\255RN\004\315\023\036\313"
 349      0F5AC9FC 
 349      91AD524E 
 349      04CD131E 
 349      CB
 350 0592 7AF6231F 		.ascii	"z\366#\037D\035[\251{Y\276\031\232\327R \341_\316\242"
 350      441D5BA9 
 350      7B59BE19 
 350      9AD75220 
 350      E15FCEA2 
 351 05a6 0F5890C1 		.ascii	"\017X\220\301T\224O\230\247\333\010\376\224\240B\202"
 351      54944F98 
 351      A7DB08FE 
 351      94A04282 
 352 05b6 DC610EB7 		.ascii	"\334a\016\267\323\033p\360e\020\232\023L\270\266\364"
 352      D31B70F0 
 352      65109A13 
 352      4CB8B6F4 
 353 05c6 96578414 		.ascii	"\226W\204\024\306]\006\310\234\"\200\245=\327\254\272"
 353      C65D06C8 
 353      9C2280A5 
 353      3DD7ACBA 
 354 05d6 15322259 		.ascii	"\0252\"YK!\"\270\204\003\325\263\012\346o.:\244/\025"
 354      4B2122B8 
 354      8403D5B3 
 354      0AE66F2E 
 354      3AA42F15 
 355 05ea 9E0498B5 		.ascii	"\236\004\230\265\227t\362\365\301\363\036\274oW\342"
 355      9774F2F5 
 355      C1F31EBC 
 355      6F57E2
 356 05f9 F2CD604E 		.ascii	"\362\315`N\216\206\027\265\214\026\365\305\336\273\203"
 356      8E8617B5 
 356      8C16F5C5 
 356      DEBB83
 357 0608 DEA45A4D 		.ascii	"\336\244ZM\213\252y\\W\372g\360\367\307b\371\007\360"
 357      8BAA795C 
 357      57FA67F0 
 357      F7C762F9 
 357      07F0
 358 061a 645ADEE1 		.ascii	"dZ\336\341\271\323\303\362\032\303ZP\3463\354@Q\221"
 358      B9D3C3F2 
 358      1AC35A50 
 358      E633EC40 
 358      5191
 359 062c 3A151D71 		.ascii	":\025\035q\026U\302\244\354\2029\024x\305\366\026\344"
 359      1655C2A4 
 359      EC823914 
 359      78C5F616 
ARM GAS  C:\Users\User\AppData\Local\Temp\ccQlD3HC.s 			page 28


 359      E4
 360 063d 16481703 		.ascii	"\026H\027\003 U\364\2074$\011i\036\363~\263\250\015"
 360      2055F487 
 360      34240969 
 360      1EF37EB3 
 360      A80D
 361 064f EC5E1EBA 		.ascii	"\354^\036\272\366\242\010\250\251\320wo\272\204\342"
 361      F6A208A8 
 361      A9D0776F 
 361      BA84E2
 362 065e 88078C39 		.ascii	"\210\007\2149\213\0079I\267\025\252y\266t\012\214\272"
 362      8B073949 
 362      B715AA79 
 362      B6740A8C 
 362      BA
 363 066f 94E619F0 		.ascii	"\224\346\031\360\236\231\336\277<U\222\200J)\233\006"
 363      9E99DEBF 
 363      3C559280 
 363      4A299B06 
 364 067f 41CD3BD1 		.ascii	"A\315;\321\323\353N\254\014T\361\356\256\216~\002\001"
 364      D3EB4EAC 
 364      0C54F1EE 
 364      AE8E7E02 
 364      01
 365 0690 2BB8524F 		.ascii	"+\270RO\241\2326\332Vq\005d\210\366iFM\270\006\0062"
 365      A19A36DA 
 365      56710564 
 365      88F66946 
 365      4DB80606 
 366 06a5 118FFF05 		.ascii	"\021\217\377\005\033\372C\360\365\216f\255\262'\250"
 366      1BFA43F0 
 366      F58E66AD 
 366      B227A8
 367 06b4 17474F6C 		.ascii	"\027GOl\023m=\361\360@j\023\037\202\310\203!>\3572g"
 367      136D3DF1 
 367      F0406A13 
 367      1F82C883 
 367      213EEF32 
 368 06c9 F6772DFA 		.ascii	"\366w-\372hmZ\245\230\321\333E:\243\263DyFo\235<\335"
 368      686D5AA5 
 368      98D1DB45 
 368      3AA3B344 
 368      79466F9D 
 369 06df 21E28C2E 		.ascii	"!\342\214.c\337\254\337\026\237\264\177\263P\020\347"
 369      63DFACDF 
 369      169FB47F 
 369      B35010E7 
 370 06ef B13DB37B 		.ascii	"\261=\263{\316s:[\244s\372\300\011\35395if\010\301\315"
 370      CE733A5B 
 370      A473FAC0 
 370      09EB3935 
 370      696608C1 
 371 0704 D38F76A8 		.ascii	"\323\217v\250I;_T\035\030m\321`l\260S$\334WUj\375Q/"
 371      493B5F54 
 371      1D186DD1 
 371      606CB053 
 371      24DC5755 
ARM GAS  C:\Users\User\AppData\Local\Temp\ccQlD3HC.s 			page 29


 372 071c 728B6F97 		.ascii	"r\213o\227\177[\322E?/\3605n\303.Q\265\324\240\317\357"
 372      7F5BD245 
 372      3F2FF035 
 372      6EC32E51 
 372      B5D4A0CF 
 373 0731 4ECD228C 		.ascii	"N\315\"\214\027\252\203\034.7\372:\377\276h\3736\355"
 373      17AA831C 
 373      2E37FA3A 
 373      FFBE68FB 
 373      36ED
 374 0743 E1BC9EF4 		.ascii	"\341\274\236\364\235\323\336\357\365\253K%w\346\255"
 374      9DD3DEEF 
 374      F5AB4B25 
 374      77E6AD
 375 0752 B6F0D139 		.ascii	"\266\360\3219\025\223\331+\276\3078\323\303\273\366"
 375      1593D92B 
 375      BEC738D3 
 375      C3BBF6
 376 0761 6AC83DEE 		.ascii	"j\310=\356\177\262t\352\010\375T@\036Vo\037\205\203"
 376      7FB274EA 
 376      08FD5440 
 376      1E566F1F 
 376      8583
 377 0773 1EA2FEC2 		.ascii	"\036\242\376\302Knd\224KT\024\034\356`\011\024\320\010"
 377      4B6E6494 
 377      4B54141C 
 377      EE600914 
 377      D008
 378 0785 F3B99707 		.ascii	"\363\271\227\007\351\325\007UJp1\000\031\\\330\217\""
 378      E9D50755 
 378      4A703100 
 378      195CD88F 
 378      22
 379 0796 50C8F0CD 		.ascii	"P\310\360\315\265\341\3730\277\372\2207\342{\037?\203"
 379      B5E1FB30 
 379      BFFA9037 
 379      E27B1F3F 
 379      83
 380 07a7 3303EF5B 		.ascii	"3\003\357[\253F\244\254li\255\324'RI\330ak\035\330-"
 380      AB46A4AC 
 380      6C69ADD4 
 380      275249D8 
 380      616B1DD8 
 381 07bc AAE88AFF 		.ascii	"\252\350\212\377\027U\304\260\315\314\351\223t\037\034"
 381      1755C4B0 
 381      CDCCE993 
 381      741F1C
 382 07cb 923AEA59 		.ascii	"\222:\352Ym"
 382      6D
 383 07d0 8AF6E1CF 		.ascii	"\212\366\341\317\337\345l>\214\361\272\330'\215\300"
 383      DFE56C3E 
 383      8CF1BAD8 
 383      278DC0
 384 07df 389F61AC 		.ascii	"8\237a\254\007\304\017P\263\357v\363\356E\277\204\250"
 384      07C40F50 
 384      B3EF76F3 
 384      EE45BF84 
ARM GAS  C:\Users\User\AppData\Local\Temp\ccQlD3HC.s 			page 30


 384      A8
 385 07f0 2F470315 		.ascii	"/G\003\025\363\006\242\317%@_\2708\333El\006\322\320"
 385      F306A2CF 
 385      25405FB8 
 385      38DB456C 
 385      06D2D0
 386 0803 C027AB14 		.ascii	"\300'\253\024\372\241\266\376\333\236\336\333\352\316"
 386      FAA1B6FE 
 386      DB9EDEDB 
 386      EACE
 387 0811 544BB0FF 		.ascii	"TK\260\377\016\212\256u7)u\021/\336Q\364s\275\255m\216"
 387      0E8AAE75 
 387      37297511 
 387      2FDE51F4 
 387      73BDAD6D 
 388 0826 FFA82D43 		.ascii	"\377\250-C\365R\256\376M\365\203\247\344?!\\\316\020"
 388      F552AEFE 
 388      4DF583A7 
 388      E43F215C 
 388      CE10
 389 0838 FE8621CC 		.ascii	"\376\206!\314\026*}R\212\305\375\343O>\367\013\011\016"
 389      162A7D52 
 389      8AC5FDE3 
 389      4F3EF70B 
 389      090E
 390 084a 163CF4FA 		.ascii	"\026<\364\372\224x\243\345\327zK\006D\375&<*.>2\236"
 390      9478A3E5 
 390      D77A4B06 
 390      44FD263C 
 390      2A2E3E32 
 391 085f DFCD9694 		.ascii	"\337\315\226\224\350xS\360\206/\327\3537\307\033\243"
 391      E87853F0 
 391      862FD7EB 
 391      37C71BA3 
 392 086f 4D9BCD4A 		.ascii	"M\233\315J~\270\305dJ0\207\307\032S\374\330\233_Dr\242"
 392      7EB8C564 
 392      4A3087C7 
 392      1A53FCD8 
 392      9B5F4472 
 393 0884 9F2131D2 		.ascii	"\237!1\322\020\035m\210\016\377(p\275\337\272\265\301"
 393      101D6D88 
 393      0EFF2870 
 393      BDDFBAB5 
 393      C1
 394 0895 1BFE161C 		.ascii	"\033\376\026\034\216\374\017\215&\243\341CC\004Z\216"
 394      8EFC0F8D 
 394      26A3E143 
 394      43045A8E 
 395 08a5 374625A4 		.ascii	"7F%\244D\033\302\023#\320\226\321\020\256\2176\304D"
 395      441BC213 
 395      23D096D1 
 395      10AE8F36 
 395      C444
 396 08b7 A42458F4 		.ascii	"\244$X\364\226-I\006s`\234\240\221\243\331\3623\006"
 396      962D4906 
 396      73609CA0 
 396      91A3D9F2 
ARM GAS  C:\Users\User\AppData\Local\Temp\ccQlD3HC.s 			page 31


 396      3306
 397 08c9 63DE620E 		.ascii	"c\336b\016\327\233-\321\350\031#@D\360e\375:\275E#?"
 397      D79B2DD1 
 397      E8192340 
 397      44F065FD 
 397      3ABD4523 
 398 08de DD12CDB1 		.ascii	"\335\022\315\261zKl\210-\242\020z\377\364\355\210\024"
 398      7A4B6C88 
 398      2DA2107A 
 398      FFF4ED88 
 398      14
 399 08ef 7C2E6932 		.ascii	"|.i2\007o\370(\310d\016\2122%&\232\214AI\246d\2139\350"
 399      076FF828 
 399      C8640E8A 
 399      3225269A 
 399      8C4149A6 
 400 0907 777F0A0D 		.ascii	"w\177\012\015\011\375\212\362\222\342\023\014\311\346"
 400      09FD8AF2 
 400      92E2130C 
 400      C9E6
 401 0915 A08F4342 		.ascii	"\240\217CB\202\242\342l\010|\361\177\370\211\213H\010"
 401      82A2E26C 
 401      087CF17F 
 401      F8898B48 
 401      08
 402 0926 4A888F0C 		.ascii	"J\210\217\0142[\222\015\021\211\346\240DC\242\374\032"
 402      325B920D 
 402      1189E6A0 
 402      4443A2FC 
 402      1A
 403 0937 1885858F 		.ascii	"\030\205\205\2175X\324z\\F\233\325\346\370\277\033\364"
 403      3558D47A 
 403      5C469BD5 
 403      E6F8BF1B 
 403      F4
 404 0948 96B49FA6 		.ascii	"\226\264\237\246\346\030BxlT\224\023\334(\020\030\354"
 404      E6184278 
 404      6C549413 
 404      DC281018 
 404      EC
 405 0959 00DD825A 		.ascii	"\000\335\202Z1\264\342\372\315\311\361\026\203Y\227"
 405      31B4E2FA 
 405      CDC9F116 
 405      835997
 406 0968 680E8BFC 		.ascii	"h\016\213\374\253!\312\362Gc\274\205\030Lf\025\215Q"
 406      AB21CAF2 
 406      4763BC85 
 406      184C6615 
 406      8D51
 407 097a 1D991213 		.ascii	"\035\231\022\023cH&_&Z\010\366\255\212F\357\306\024"
 407      6348265F 
 407      265A08F6 
 407      AD8A46EF 
 407      C614
 408 098c 74A186C4 		.ascii	"t\241\206\304OYr\233B?#\230\332O\004\\\234\2406\305"
 408      4F59729B 
 408      423F2398 
ARM GAS  C:\Users\User\AppData\Local\Temp\ccQlD3HC.s 			page 32


 408      DA4F045C 
 408      9CA036C5 
 409 09a0 C4980D16 		.ascii	"\304\230\015\026\352\320\224\274\205\373T\243DT\322"
 409      EAD094BC 
 409      85FB54A3 
 409      4454D2
 410 09af 16558221 		.ascii	"\026U\202!\"Fc4Y\342\222M\233!X\023c\3643'\031\242\220"
 410      22466334 
 410      59E2924D 
 410      9B215813 
 410      63F43327 
 411 09c6 6334A624 		.ascii	"c4\246$$X~\316.\266$\307\033c1\334\177\003V\243\330"
 411      24587ECE 
 411      2EB624C7 
 411      1B6331DC 
 411      7F0356A3 
 412 09db 8B       		.ascii	"\213"
 413              		.text
 414              		.section	.gnu.lto_.symtab.9ec86a24,"",%progbits
 415 0000 6D734F62 		.ascii	"msObjectInit\000"
 415      6A656374 
 415      496E6974 
 415      00
 416 000d 00       		.ascii	"\000"
 417 000e 00       		.ascii	"\000"
 418 000f 00       		.ascii	"\000"
 419 0010 00000000 		.ascii	"\000\000\000\000\000\000\000\000"
 419      00000000 
 420 0018 0A010000 		.ascii	"\012\001\000\000"
 421              		.text
 422              		.section	.gnu.lto_.opts,"",%progbits
 423 0000 272D666D 		.ascii	"'-fmath-errno' '-fsigned-zeros' '-ftrapping-math' '"
 423      6174682D 
 423      6572726E 
 423      6F272027 
 423      2D667369 
 424 0033 2D666E6F 		.ascii	"-fno-trapv' '-fno-openmp' '-fno-openacc' '-mcpu=cor"
 424      2D747261 
 424      70762720 
 424      272D666E 
 424      6F2D6F70 
 425 0066 7465782D 		.ascii	"tex-m7' '-mno-thumb-interwork' '-mthumb' '-ggdb' '-"
 425      6D372720 
 425      272D6D6E 
 425      6F2D7468 
 425      756D622D 
 426 0099 4F322720 		.ascii	"O2' '-fomit-frame-pointer' '-falign-functions=16' '"
 426      272D666F 
 426      6D69742D 
 426      6672616D 
 426      652D706F 
 427 00cc 2D666675 		.ascii	"-ffunction-sections' '-fdata-sections' '-fno-common"
 427      6E637469 
 427      6F6E2D73 
 427      65637469 
 427      6F6E7327 
 428 00ff 2720272D 		.ascii	"' '-flto'\000"
ARM GAS  C:\Users\User\AppData\Local\Temp\ccQlD3HC.s 			page 33


 428      666C746F 
 428      2700
 429              		.text
 430              		.comm	__gnu_lto_v1,1,1
 431              		.comm	__gnu_lto_slim,1,1
 432              		.ident	"GCC: (GNU Tools for ARM Embedded Processors 6-2017-q1-update) 6.3.1 20170215 (release) [AR
ARM GAS  C:\Users\User\AppData\Local\Temp\ccQlD3HC.s 			page 34


DEFINED SYMBOLS
                            *ABS*:00000000 memstreams.c
                            *COM*:00000001 __gnu_lto_v1
                            *COM*:00000001 __gnu_lto_slim

NO UNDEFINED SYMBOLS
