ARM GAS  C:\Users\User\AppData\Local\Temp\ccOFQNPX.s 			page 1


   1              		.cpu cortex-m7
   2              		.eabi_attribute 20, 1
   3              		.eabi_attribute 21, 1
   4              		.eabi_attribute 23, 3
   5              		.eabi_attribute 24, 1
   6              		.eabi_attribute 25, 1
   7              		.eabi_attribute 26, 1
   8              		.eabi_attribute 30, 2
   9              		.eabi_attribute 34, 1
  10              		.eabi_attribute 18, 4
  11              		.file	"nvic.c"
  12              		.text
  13              	.Ltext0:
  14              		.section	.gnu.lto_.profile.9ec852bf,"",%progbits
  15 0000 789C6365 		.ascii	"x\234ce`b`a```d\220\022\003\000\000\312\000="
  15      60626061 
  15      60606064 
  15      90120300 
  15      00CA003D 
  16              		.text
  17              		.section	.gnu.lto_.icf.9ec852bf,"",%progbits
  18 0000 789C6365 		.ascii	"x\234ce`b\220b@\000\026\206\027\337\372'q3~\336ur'\033"
  18      60629062 
  18      40001686 
  18      17DFFA27 
  18      71337EDE 
  19 0018 D385E635 		.ascii	"\323\205\3465\217\270\231;\356\375hab\000\000\253P\014"
  19      8FB8993B 
  19      EEFD6861 
  19      620000AB 
  19      500C
  20 002a 3B       		.ascii	";"
  21              		.text
  22              		.section	.gnu.lto_.jmpfuncs.9ec852bf,"",%progbits
  23 0000 789C6365 		.ascii	"x\234ce`b\220b@\000\026\006&FF\346\372zF \250g\202\260"
  23      60629062 
  23      40001606 
  23      264646E6 
  23      FA7A4620 
  24 0018 99416C06 		.ascii	"\231Al\006\000)\250\003:"
  24      0029A803 
  24      3A
  25              		.text
  26              		.section	.gnu.lto_.inline.9ec852bf,"",%progbits
  27 0000 789C4D8C 		.ascii	"x\234M\214\321\021\2000\014B!M\323\350\217#\324\011"
  27      D1118030 
  27      0C42214D 
  27      D3E88F23 
  27      D409
  28 0012 5CD2453A 		.ascii	"\\\322E:\222\2438\202\261\236U>\270\343\036\220!\330"
  28      92A33882 
  28      B19E553E 
  28      B8E31E90 
  28      21D8
  29 0024 F1498179 		.ascii	"\361I\201y\242pe\204\333\324\316\015\326\252@\216E\021"
  29      A2706584 
  29      DBD4CE0D 
ARM GAS  C:\Users\User\AppData\Local\Temp\ccOFQNPX.s 			page 2


  29      D6AA408E 
  29      4511
  30 0036 C9833808 		.ascii	"\311\2038\010/d\257$m\365\251\004\325~\"\310J\366\227"
  30      2F64AF24 
  30      6DF5A904 
  30      D57E22C8 
  30      4AF697
  31 0049 14BBDF41 		.ascii	"\024\273\337A(\241\330;\035pLq\001\226\277\015\245"
  31      28A1D83B 
  31      1D704C71 
  31      0196BF0D 
  31      A5
  32              		.text
  33              		.section	.gnu.lto_.pureconst.9ec852bf,"",%progbits
  34 0000 789C6365 		.ascii	"x\234ce`b\340d```a\220b\224b\222b\226\002\000\002\321"
  34      6062E064 
  34      60606061 
  34      90629462 
  34      92629602 
  35 0017 0083     		.ascii	"\000\203"
  36              		.text
  37              		.section	.gnu.lto_nvicEnableVector.9ec852bf,"",%progbits
  38 0000 789C9D53 		.ascii	"x\234\235SMHTQ\024\276\337;3\363ft\234\326\321\220."
  38      4D485451 
  38      14BEDF3B 
  38      33F36674 
  38      9CD6D190 
  39 0015 0271D363 		.ascii	"\002q\323c\010\022\332\325@;7\265\013Cj\\8\220\363\304"
  39      0812DAD5 
  39      403B37B5 
  39      0B436A5C 
  39      3890F3C4 
  40 0029 316DE775 		.ascii	"1m\347u\264\221,J\312\237\214\2067\201\345_:jVj\005"
  40      B4912C4A 
  40      CA9F8C86 
  40      3781E55F 
  40      3A6A566A 
  41 003e C320C42C 		.ascii	"\303 \304,,\012wA\213&\212Y\0306\264h\241\326\271\357"
  41      2C0A7741 
  41      8B268A59 
  41      1836B468 
  41      A1D6B9EF 
  42 0052 0D24548B 		.ascii	"\015$T\213\272p\177\3169\337w\316\371\356}\317-4q\202"
  42      BA707FCE 
  42      39DF77CE 
  42      F9EE7DCF 
  42      2D347182 
  43 0066 84880821 		.ascii	"\204\210\010!\016\360\004\011h\203\257\204\350\361j"
  43      0EF00409 
  43      6883AF84 
  43      E8F16A
  44 0075 803A482F 		.ascii	"\200:H/D\267\206n\334\240QB\256\377\323\212V7!ydGK\373"
  44      44B7866E 
  44      DCA05142 
  44      AEFFD38A 
  44      56372179 
  45 008d E5641616 		.ascii	"\345d\026\026\323\307x\252\201\011\3241\352M\337\374"
ARM GAS  C:\Users\User\AppData\Local\Temp\ccOFQNPX.s 			page 3


  45      D3C778AA 
  45      8109D431 
  45      EA4DDFFC 
  46 009d 5DBA4E16 		.ascii	"]\272N\026\001.6\277\256\337)\004\224\251\241\206\315"
  46      012E36BF 
  46      AEDF2904 
  46      94A9A186 
  46      CD
  47 00ae 1D393412 		.ascii	"\03594\022\240\263\020|\036\313\015\277\253\252\275"
  47      A0B3107C 
  47      1ECB0DBF 
  47      ABAABD
  48 00bd 2F654266 		.ascii	"/eBf\327\206H\036\262\2100\015\342\204\230B\020\223"
  48      D786481E 
  48      B288300D 
  48      E2849842 
  48      1093
  49 00cf 080A7609 		.ascii	"\010\012v\011\314\240\226\3413\211\317\233DM6\365J~"
  49      CCA096E1 
  49      3389CF9B 
  49      444D36F5 
  49      4A7E
  50 00e1 A7A097A9 		.ascii	"\247\240\227\251\037\207\313\324\207\177\240\316\242"
  50      1F87CBD4 
  50      877FA0CE 
  50      A2
  51 00ee 56E13F2C 		.ascii	"V\341?,\354\016Wy\\N\257\230\203\007\274g\336\"+w\177"
  51      EC0E5779 
  51      5C4EAF98 
  51      8307BC67 
  51      DE222B77 
  52 0103 F4CBECC6 		.ascii	"\364\313\354\306\003\214\236\364\003\012\2561\321Ej"
  52      038C9EF4 
  52      030AAE31 
  52      D1456A
  53 0112 714355D6 		.ascii	"qCU\326\371\350\366\252\305\307\213G\210\001\316\241"
  53      F9E8F6AA 
  53      C5C78B47 
  53      8801CEA1 
  54 0122 2EE72A69 		.ascii	".\347*ij\247\"\022\245\376\235L\205J\233\"-E\020E\364"
  54      6AA72212 
  54      A5FE9D4C 
  54      854A9B22 
  54      2D451045 
  55 0137 6E25E138 		.ascii	"n%\3418\210}{\257\305\003\0272\334^\021\271\221|\265"
  55      887D7BAF 
  55      C5031732 
  55      DC5E11B9 
  55      917CB5
  56 014a C27074E4 		.ascii	"\302pt\344r\356\265\256\242\272-o\351\336\227\357~\307"
  56      72EEB5AE 
  56      A2BA2D6F 
  56      E9DE97EF 
  56      7EC7
  57 015c 94B95E19 		.ascii	"\224\271^\031`\327\315\315\322r\300B\252\207o?}\320"
  57      60D7CDCD 
  57      D272C042 
ARM GAS  C:\Users\User\AppData\Local\Temp\ccOFQNPX.s 			page 4


  57      AA876F3F 
  57      7DD0
  58 016e 222F1658 		.ascii	"\"/\026X\347<'R\204\365\367\213\203\373\214Y\331\327"
  58      E73C2752 
  58      84F5F78B 
  58      83FB8C59 
  58      D9D7
  59 0180 236B2CF2 		.ascii	"#k,\362a\021\026n\333\357\242\262M\177\233\244PF\005"
  59      6111166E 
  59      DBEFA2B2 
  59      4D7F9BA4 
  59      504605
  60 0193 D3318B2A 		.ascii	"\3231\213*\360\010F\212\334\366\233-!\304-\252\206K"
  60      F008468A 
  60      DCF69B2D 
  60      21C42DAA 
  60      864B
  61 01a5 C9D442BA 		.ascii	"\311\324B\272\334\263\316a&\346\307W\267\375N\317n<"
  61      DCB3CE61 
  61      26E6C757 
  61      B7FD4ECF 
  61      6E3C
  62 01b7 B67BEEDD 		.ascii	"\266{\356\335NN\371\034\220\327\001\335\032\237[\251"
  62      4E4EF91C 
  62      90D701DD 
  62      1A9F5BA9 
  63 01c7 522037AA 		.ascii	"R 7\252\361\304\001m%\363\272\003\362\251\372k/\223"
  63      F1C4016D 
  63      25F3BA03 
  63      F2A9FA6B 
  63      2F93
  64 01d9 5E270DF0 		.ascii	"^'\015\360\024A\246:\352\215\262\372\177\321V\211e["
  64      1441A63A 
  64      EA8DB2FA 
  64      7FD15689 
  64      655B
  65 01eb 1B7ED7D6 		.ascii	"\033~\327\326i\221\037+J\233nk[U\332|v\251\342@\241"
  65      69911F2B 
  65      4A9B6E6B 
  65      5B55DA7C 
  65      76A9E240 
  66 0200 F2BF8A3D 		.ascii	"\362\277\212=\263\213i\177)\366\374W\261\027N\261M$"
  66      B38B697F 
  66      29F6FC57 
  66      B1174EB1 
  66      4D24
  67 0212 D2996BF6 		.ascii	"\322\231k\3665\332?\305\0007\312\037\011'8\023>\326"
  67      35DA3FC5 
  67      0037CA1F 
  67      09273813 
  67      3ED6
  68 0224 1869899E 		.ascii	"\030i\211\236\2176\206\325z\272\343bs\324\014\325w\036"
  68      8F3686D5 
  68      7ABAE362 
  68      73D40CD5 
  68      771E
  69 0236 69EA8AC6 		.ascii	"i\352\212\306\232\315\256\370^\277\2034\343\241\372"
ARM GAS  C:\Users\User\AppData\Local\Temp\ccOFQNPX.s 			page 5


  69      9ACDAEF8 
  69      5EBF8334 
  69      E3A1FA
  70 0245 A3861937 		.ascii	"\243\206\0317Z\316]0\332\314\366\216\270\0211[[\315"
  70      5ACE5D30 
  70      DACCF68E 
  70      B811315B 
  70      5BCD
  71 0257 9871FC54 		.ascii	"\230q\374TC\270\341\222\021\353\214F\016G\004b\256\266"
  71      43B8E192 
  71      11EB8C46 
  71      0E470462 
  71      AEB6
  72 0269 F6A8F913 		.ascii	"\366\250\371\023\270\262)\332"
  72      B8B229DA 
  73              		.text
  74              		.section	.gnu.lto_nvicDisableVector.9ec852bf,"",%progbits
  75 0000 789C9592 		.ascii	"x\234\225\222Mh\023Q\020\307\337\177g\223lm\223^\005"
  75      4D681351 
  75      10C7DF7F 
  75      67936C6D 
  75      935E05
  76 0013 83F62094 		.ascii	"\203\366 \224^\\\202`\301\233\004\274\365\2427\251\212"
  76      5E5C8260 
  76      C19B04BC 
  76      F5A237A9 
  76      8A
  77 0024 A64217EC 		.ascii	"\246B\027\354\256\230\232z\353K?R\250\250E\333\324\212"
  77      AE989A7A 
  77      EB4B3F52 
  77      A8A845DB 
  77      D48A
  78 0036 6123449A 		.ascii	"a#D\232\266\266\351G\324\326S\010\202\004\214\242\340"
  78      B6B6E947 
  78      D4D65308 
  78      82048CA2 
  78      E0
  79 0047 49F06045 		.ascii	"I\360`E\364P\251\245\007\017\265:o\327C\301\223\017"
  79      F450A9A5 
  79      070FB53A 
  79      6FD743C1 
  79      930F
  80 0059 DEC7BCFD 		.ascii	"\336\307\274\375\315\374g\346m@h\342\222&\3049!\304"
  80      CDFC67E6 
  80      6D4068E2 
  80      9226C439 
  80      21C4
  81 006b 019E2001 		.ascii	"\001\236 \001m\354\265\020iC\003\324A\032\020\375\032"
  81      6DECB510 
  81      694303D4 
  81      411A10FD 
  81      1A
  82 007c FA719B26 		.ascii	"\372q\233&\011\325\221/kZ\333\264\344Q\231,\0073rx\277"
  82      09D5912F 
  82      6B5ADBB4 
  82      E451992C 
  82      07337278 
ARM GAS  C:\Users\User\AppData\Local\Temp\ccOFQNPX.s 			page 6


  83 0091 4B424CF1 		.ascii	"KBL\361T\003\323hc\352\355\320\342\003\272E.\001:\233"
  83      5403D368 
  83      63EAEDD0 
  83      E203BA45 
  83      2E013A9B 
  84 00a5 3FEAF7D7 		.ascii	"?\352\367\327#\312\324\320\302\346/9\236\215\320Y\010"
  84      23CAD4D0 
  84      C2E62F39 
  84      9E8DD059 
  84      08
  85 00b6 3E4F5527 		.ascii	">OU'>\204[\037I9 +\257\306I\036v\2110\013\342\200\230"
  85      3E845B1F 
  85      4939202B 
  85      AFC6491E 
  85      7689300B 
  86 00cd 41144544 		.ascii	"A\024ED\005_\011\314\241U\361\237\226v'\302A\335\027"
  86      055F09CC 
  86      A155F19F 
  86      967627C2 
  86      41DD17
  87 00e0 C46304C1 		.ascii	"\304c\004\301{\351\035*r\367\367\210\254|.\340\375I"
  87      7BE91D2A 
  87      72F7F788 
  87      AC7C2EE0 
  87      FD49
  88 00f2 0350B8C6 		.ascii	"\003P\270\306\216:\251E\347% \304(\373\250\212n\220"
  88      8E3AA945 
  88      E72520C4 
  88      28FBA88A 
  88      6E90
  89 0104 A676FA86 		.ascii	"\246v\372\206\301\255L}%\017\025'GZ\216\300\012\265"
  89      C1AD4C7D 
  89      250F1527 
  89      475A8EC0 
  89      0AB5
  90 0116 C2F39D26 		.ascii	"\302\363\235&\225l\000\001\314\263<c;\231\231\006\037"
  90      956C0001 
  90      CCB33C63 
  90      3B999906 
  90      1F
  91 0127 221FBA5B 		.ascii	"\"\037\272[XX\013+H\307!,\370\320f\246\026\362!Us\371"
  91      58580B2B 
  91      48C7212C 
  91      F8D066A6 
  91      16F22155 
  92 013d C5CB8CE1 		.ascii	"\305\313\214\341\207\001J\210\262+C\325l\315T\014\003"
  92      87014A88 
  92      B22B43D5 
  92      6CCD540C 
  92      03
  93 014e D9E1EA9B 		.ascii	"\331\341\352\233\220\002\202^#\312\017\277\377l\362"
  93      9002825E 
  93      23CA0FBF 
  93      FF6CF2
  94 015d 4D591D94 		.ascii	"MY\035\224\021\276\272\263\261\265\032q\221Ks\263\363"
  94      11BEBAB3 
  94      B1B51A71 
ARM GAS  C:\Users\User\AppData\Local\Temp\ccOFQNPX.s 			page 7


  94      914B73B3 
  94      F3
  95 016e 075D0A61 		.ascii	"\007]\012a\211;\262\310j\312\241\376qy\254\331\234\227"
  95      893BB2C8 
  95      6ACAA1FE 
  95      7179ACD9 
  95      9C97
  96 0180 4369D9E2 		.ascii	"Ci\331\342\222\201e\270\270\347=\203\2126\273]\244X"
  96      928165B8 
  96      B8E73D83 
  96      8A36BB5D 
  96      A458
  97 0192 497DCCA7 		.ascii	"I}\314\247\\j\300\012L\256\320{\2422b\234\242Jf\373"
  97      5C6AC00A 
  97      4CAED07B 
  97      A232629C 
  97      A24A66FB 
  98 01a6 6B713DF4 		.ascii	"kq=\3647\235\377\021\333\207'\236\030\376\025\263]j"
  98      379DFF11 
  98      DB87279E 
  98      18FE15B3 
  98      5D6A
  99 01b8 C4532506 		.ascii	"\304S%\006O\354\031b{km\204\300*\307\334\300@~\356\246"
  99      4FEC1962 
  99      7B6B6D84 
  99      C02AC7DC 
  99      C0407EEE 
 100 01cd D778EFBF 		.ascii	"\327x\357\277\031e\234\237\204\023<\023?\336\231\350"
 100      19659C9F 
 100      84133C13 
 100      3FDE99E8 
 101 01dd B62E5A9D 		.ascii	"\266.Z\235q\265\236\356\275\326e9\261\366\324\321\363"
 101      71B59EEE 
 101      BDD66539 
 101      B1F6D4D1 
 101      F3
 102 01ee 7D96DDE5 		.ascii	"}\226\335\345\364%\367\336\373\244\223\214\265\0373"
 102      F425F7DE 
 102      FBA4938C 
 102      B51F33
 103 01fd 9DA4D97D 		.ascii	"\235\244\331}\341\262y\305\271\332\2334\023NO\217c\233"
 103      E1B279C5 
 103      B9DA9B34 
 103      134E4F8F 
 103      639B
 104 020f 274E75C4 		.ascii	"'Nu\304;\256\233v\312J\034I\010\330\177\000\340s\344"
 104      3BAE9B76 
 104      CA4A1C49 
 104      08D87F00 
 104      E073E4
 105 0222 C9       		.ascii	"\311"
 106              		.text
 107              		.section	.gnu.lto_nvicSetSystemHandlerPriority.9ec852bf,"",%progbits
 108 0000 789C6D51 		.ascii	"x\234mQMh\023Q\020\236o'\311\256\202=\027\355\241\007"
 108      4D681351 
 108      109E6F27 
 108      C9AE823D 
ARM GAS  C:\Users\User\AppData\Local\Temp\ccOFQNPX.s 			page 8


 108      17EDA107 
 109 0014 21F4D225 		.ascii	"!\364\322%\010\026\274I\316\275\350M*R\223B\026\332"
 109      0816BC49 
 109      CEBDE84D 
 109      2A529342 
 109      16DA
 110 0026 6C496AEB 		.ascii	"lIj\353\255o\223\266\301\012U\3244U\014\033(Rm\215i"
 110      AD6F93B6 
 110      C10A55D4 
 110      34550C1B 
 110      28526D8D 
 111 003b D54BB048 		.ascii	"\325K\260H\310\311\034T\364\330\223ZQ\002\006\374\351"
 111      C8C91C54 
 111      F4D8935A 
 111      510206FC 
 111      E9
 112 004c D5EABC6D 		.ascii	"\325\352\274m\204\036|\360~f\346\373\346\3157\023&\203"
 112      841E7CF0 
 112      7E66E6FB 
 112      E6CD3713 
 112      2683
 113 005e 3A207288 		.ascii	": r\210\350\204l0\301\270\371\206\310\263\014@?\224"
 113      E8846C30 
 113      C1B8F986 
 113      C8B30C40 
 113      3F94
 114 0070 059A3530 		.ascii	"\005\23250\213\033\\b4\013_\352\306\300\232\222\325"
 114      8B1B5C62 
 114      340B5FEA 
 114      C6C09A92 
 114      D5
 115 0081 28ED4516 		.ascii	"(\355E\026\324|\257\317Dwe\353\2055\014\010\352\335"
 115      D47CAFCF 
 115      447765EB 
 115      85350C08 
 115      EADD
 116 0093 DCE67D5E 		.ascii	"\334\346}^b\237\201\220\230?^\337\333\355\321\246\201"
 116      629F8190 
 116      983F5EDF 
 116      DBEDD1A6 
 116      81
 117 00a4 7E31F3B7 		.ascii	"~1\363\267_n[|\021$\357\216jy\221\350\003\245r\252\361"
 117      5F6E5B7C 
 117      1124EF8E 
 117      6A7991E8 
 117      03A572AA 
 118 00b9 B9C8EAA4 		.ascii	"\271\310\352\244\317\214u\260$\304#\364\341!\372H\\"
 118      CF8C75B0 
 118      24C423F4 
 118      E121FA48 
 118      5C
 119 00ca 840D4405 		.ascii	"\204\015D\005\276\221\373\332a\036\013\250\327Z\277"
 119      BE91FBDA 
 119      611E0BA8 
 119      D75ABF
 120 00d9 77CD2E75 		.ascii	"w\315.u\257\324\245>\376\017\265\212\250\306\177\332"
 120      AFD4A53E 
ARM GAS  C:\Users\User\AppData\Local\Temp\ccOFQNPX.s 			page 9


 120      FE0FB58A 
 120      A8C67FDA 
 121 00e9 DA2F1E8B 		.ascii	"\332/\036\213\204V\377\225\213'\210\210r\252\275GC\355"
 121      8456FF95 
 121      8B278888 
 121      72AABD47 
 121      43ED
 122 00fb FF294801 		.ascii	"\377)H\001\275;\277,\023\320\014C\270!\326G\030\372"
 122      BD3BBF2C 
 122      13D00C43 
 122      B821D647 
 122      18FA
 123 010d 73A24521 		.ascii	"s\242E!\351\206\\gC\337\334F\356g\241Z\377\000\235\250"
 123      E9865C67 
 123      43DFDC46 
 123      EE67A15A 
 123      FF009DA8 
 124 0121 CC469941 		.ascii	"\314F\231Am\344\277/t\035,\276\303\275\010#\204\232"
 124      6DE4BF2F 
 124      741D2CBE 
 124      C3BD0823 
 124      849A
 125 0133 D4D44673 		.ascii	"\324\324Fs\2715\2501\022]\236o\2765u4\022h\362\352\333"
 125      B935A831 
 125      125D9E6F 
 125      BE357534 
 125      1268F2EA 
 126 0148 77C207A6 		.ascii	"w\302\007\246\332\311\253\036\315_\311}\264|\224=iy"
 126      DAC9AB1E 
 126      CD5FC97D 
 126      B47C943D 
 126      6979
 127 015a E5B8CF26 		.ascii	"\345\270\317&\266D\334\246$\322\204o\305W\353G\355\252"
 127      B644DCA6 
 127      24D2846F 
 127      C557EB47 
 127      EDAA
 128 016c 9AF354BF 		.ascii	"\232\363T\277\317\026\236\302\307J0\014\011\256\336"
 128      CF169EC2 
 128      C74A300C 
 128      09AEDE
 129 017b 2AC76335 		.ascii	"*\307c5\035\253d|>\202g\260\313\034\016\346\364\034"
 129      1DAB647C 
 129      3E8267B0 
 129      CB1C0EE6 
 129      F41C
 130 018d 31A95046 		.ascii	"1\251PF\237\253\274X\012\012\016\346\267(\032D\233A"
 130      9FABBC58 
 130      0A0A0EE6 
 130      B7281A44 
 130      9B41
 131 019f 74217E66 		.ascii	"t!~f$\221r.;#q}\236\237\272\222t\334\330\320\364\251"
 131      2491722E 
 131      3B23717D 
 131      9E9FBA92 
 131      74DCD8D0 
 132 01b5 4B334E3A 		.ascii	"K3N:\351\316d\017\373\017\220n66t\332v\263vjt\334\236"
ARM GAS  C:\Users\User\AppData\Local\Temp\ccOFQNPX.s 			page 10


 132      E9CE640F 
 132      FB0F906E 
 132      363674DA 
 132      76B3766A 
 133 01cc 74335359 		.ascii	"t3SY;\341NL\270i\373\354\271\341\370\360U;=\355$\006"
 133      3BE14E4C 
 133      B869FBEC 
 133      B9E1F8F0 
 133      553B3DED 
 134 01e2 1364A646 		.ascii	"\023d\246F\323\311\361\261Lh2\343\270\177\001b\365\300"
 134      D3C9F1B1 
 134      4C6832E3 
 134      B87F0162 
 134      F5C0
 135 01f4 A7       		.ascii	"\247"
 136              		.text
 137              		.section	.gnu.lto_nvicClearPending.9ec852bf,"",%progbits
 138 0000 789C4D51 		.ascii	"x\234MQML\023Q\020\236og\267-\011\255W\023\033\345`"
 138      4D4C1351 
 138      109E6F67 
 138      B72D09AD 
 138      57131BE5 
 139 0015 4288099B 		.ascii	"B\210\011\233\306D\022o\246\007N\\\364fP\243\345\300"
 139      C644126F 
 139      A6074E5C 
 139      F46650A3 
 139      E5C0
 140 0027 26D23516 		.ascii	"&\3225\026\2137^\013\264\021\023!\012E\214\315\326X"
 140      8B375E0B 
 140      B4111321 
 140      0A458CCD 
 140      D658
 141 0039 C38F4201 		.ascii	"\303\217B\001=\010^\232\215\027\016h\360\252\361\240"
 141      3D085E9A 
 141      8D170E68 
 141      F0AAF1A0 
 142 0049 89890708 		.ascii	"\211\211\007\0106\036<\0002\257\353\301\227\274\331"
 142      361E3C00 
 142      32AFEBC1 
 142      97BCD9
 143 0058 996FBFF9 		.ascii	"\231o\277\371f\336\214E\006\355\202\350*\021\235\220"
 143      66DE8C45 
 143      06ED82E8 
 143      2A119D90 
 144 0068 0B261893 		.ascii	"\013&\030\223\037\210r\021\003\320\216\212\200\206\015"
 144      1F887211 
 144      03D08E8A 
 144      80860D
 145 0077 0C638267 		.ascii	"\014c\202g\030~\361\307\272\3211\247\344\324g6\302\005"
 145      187EF1C7 
 145      BAD131A7 
 145      E4D46736 
 145      C205
 146 0089 3576DC63 		.ascii	"5v\334c\242Y\271\372`\016\035\302\332\036]y\312\017"
 146      A259B9FA 
 146      600E1DC2 
 146      DA1E5D79 
ARM GAS  C:\Users\User\AppData\Local\Temp\ccOFQNPX.s 			page 11


 146      CA0F
 147 009b D863C094 		.ascii	"\330c\300\224\360\327\326\223\3571\035\032h\223\360"
 147      F0D7D693 
 147      EF311D1A 
 147      6893F0
 148 00aa 404D9562 		.ascii	"@M\225b|\005$\376\254?\3759\332\376B\251\274\252\277"
 148      7C0524FE 
 148      AC3FFD39 
 148      DAFE42A9 
 148      BCAABF
 149 00bd 9F6275DA 		.ascii	"\237bu\332c\306\"X\004\261\2008\346\021'\201\010/\321"
 149      63C62258 
 149      04B18038 
 149      E6112781 
 149      082FD1
 150 00d0 AEF9DF56 		.ascii	"\256\371\337V\017\247\243!3(\210W\010I\357T\373\204"
 150      0FA7A321 
 150      33288857 
 150      0849EF54 
 150      FB84
 151 00e2 BA3AFC5B 		.ascii	"\272:\374[T\365/UlwG\000M7$\321dmL1\226\245=\242qI\324"
 151      54F52F55 
 151      6C774700 
 151      4D3724D1 
 151      646D4C31 
 152 00fd CFBACF86 		.ascii	"\317\272\317\206\376\362O\2144\012\007\357*\320be6\312"
 152      FEF24F8C 
 152      340A07EF 
 152      2AD06265 
 152      36CA
 153 010f 0C29B359 		.ascii	"\014)\263Y\335\330o\325\035[\260\260$=\010m\277p\257"
 153      DDD86FD5 
 153      1D5BB0B0 
 153      243D086D 
 153      BF70AF
 154 0122 25207140 		.ascii	"% q@zT]^\217j\222\211SX\016H{\205\205p@2q&.T\001\363"
 154      7A545D5E 
 154      8F6A9289 
 154      53580E48 
 154      7B858570 
 155 013e 8DE23F75 		.ascii	"\215\342?uK`\001\374\322f\247\006D\2434\346\177\014"
 155      4B6001FC 
 155      D266A706 
 155      44A334E6 
 155      7F0C
 156 0150 6B8D5073 		.ascii	"k\215Ps\034o\236\355\376i\015B\345\217\250\230@\017"
 156      1C6F9EED 
 156      FE690D42 
 156      E58FA898 
 156      400F
 157 0162 771A6F63 		.ascii	"w\032oc\036\3129\031y\345\244\307a\254\310\\jRN'l}]"
 157      1ECA3919 
 157      79E5A4C7 
 157      61ACC85C 
 157      6A524E27 
 158 0179 9B3C662F 		.ascii	"\233<f/\251\321\234j\3638\202Uxx\334\\\206V[\374=\317"
 158      A9D19C6A 
ARM GAS  C:\Users\User\AppData\Local\Temp\ccOFQNPX.s 			page 12


 158      F3388255 
 158      7878DC5C 
 158      86565BFC 
 159 018f 899AFE59 		.ascii	"\211\232\376Y\311z\334\2025\330\362\304\346\242^#!\375"
 159      C97ADC82 
 159      35D8F2C4 
 159      E6A25E23 
 159      21FD
 160 01a1 D00EF295 		.ascii	"\320\016\362\225\347\023\315\366\232\013\034g\350\261"
 160      E713CDF6 
 160      9A0B1C67 
 160      E8B1
 161 01af 08E772F2 		.ascii	"\010\347r\362|o\252\337\271\341\364&\265\2754x\247\317"
 161      7C6FAADF 
 161      B9E1F426 
 161      B5BD3478 
 161      A7CF
 162 01c1 71135DD9 		.ascii	"q\023]\331\263\327\206\234t\237;\224\371\037\017\230"
 162      B3D7869C 
 162      749F3B94 
 162      F91F0F98 
 163 01d1 6E26D175 		.ascii	"n&\321u\316v3v\377\365\233\366-\367\366`\306N\271\003"
 163      CE763376 
 163      FFF59BF6 
 163      2DF7F660 
 163      C64EB903 
 164 01e5 036EDABE 		.ascii	"\003n\332\276p\261'\331s\327Ng\235Tg\212\220>\002}\316"
 164      70B127D9 
 164      73D74E67 
 164      9D54678A 
 164      903E027D 
 165 01fa BC73     		.ascii	"\274s"
 166              		.text
 167              		.section	.gnu.lto_.symbol_nodes.9ec852bf,"",%progbits
 168 0000 789C6365 		.ascii	"x\234ce`b\360b\000\002\2469L\365\014\014\023\31610\000"
 168      6062F062 
 168      0002A639 
 168      4CF50C0C 
 168      13CE3130 
 169 0015 A95D0D8E 		.ascii	"\251]\015\216@\221\271L\365\214\250\"\363\230\352\231"
 169      4091B94C 
 169      F58CA822 
 169      F398EA99 
 170 0025 5045E633 		.ascii	"PE\3463\3253\243\2100\000\000\276\274\022:"
 170      D533A388 
 170      300000BE 
 170      BC123A
 171              		.text
 172              		.section	.gnu.lto_.refs.9ec852bf,"",%progbits
 173 0000 789C6365 		.ascii	"x\234ce`b`d\000\002\000\000I\000\011"
 173      60626064 
 173      00020000 
 173      490009
 174              		.text
 175              		.section	.gnu.lto_.decls.9ec852bf,"",%progbits
 176 0000 789CDD59 		.ascii	"x\234\335Y{PTYz\357\323\247\033\232\026\320Ej2\331\260"
 176      7B505459 
ARM GAS  C:\Users\User\AppData\Local\Temp\ccOFQNPX.s 			page 13


 176      7AEFD3A7 
 176      1B9A16D0 
 176      456A32D9 
 177 0015 8999756B 		.ascii	"\211\231uk\250$+\242\233q*\225\252\210\215F\252\306"
 177      A8242BA2 
 177      9B712A95 
 177      AA888D46 
 177      AAC6
 178 0027 5D0AD44D 		.ascii	"]\012\324M\245\254\242\034dW\266\0246\202;\353n2s\021"
 178      A5ACA21C 
 178      6457B614 
 178      36823BEB 
 178      6E327311 
 179 003b 501E3E40 		.ascii	"P\036>@Al\036\212\"\017\005\004\004\001\005\264E\005"
 179      416C1E8A 
 179      220F0504 
 179      040105B4 
 179      4505
 180 004d 44414541 		.ascii	"DAEAA\336\"\"\242\303\303\027\210\220\357<.}\270t[S"
 180      41DE2222 
 180      A2C3C317 
 180      8890EF3C 
 180      2E7DB874 
 181 0063 9554FE48 		.ascii	"\225T\376H\027\337\275\367;\347w\277\363;\337\367\235"
 181      17DFBDF7 
 181      3BE777BF 
 181      F33BDFF7 
 181      9D
 182 0074 D745AB52 		.ascii	"\327E\253R\253N\377T\245\032\302*\325Q\244RM\303O\253"
 182      AB4EFF54 
 182      A51AC22A 
 182      D551A452 
 182      4DC34FAB 
 183 0088 52A9F255 		.ascii	"R\251\362U\346\237\006\344\"\310%\020\023H\265j\356"
 183      E69F06E4 
 183      22C82510 
 183      1348B56A 
 183      EE
 184 0099 6F27BCEB 		.ascii	"o'\274\353\000\367\215 N \316 \305 . \237\203\374\212"
 184      00F78D20 
 184      4E20CE20 
 184      C5202E20 
 184      9F83FC8A 
 185 00ad 94016621 		.ascii	"\224\001f!\310#xn\003y\0162\010\002M\253\324Pn\007b"
 185      C823786E 
 185      03790E32 
 185      08024DAB 
 185      D4506E07 
 186 00c2 0B82787B 		.ascii	"\013\202x{\312\337\177A\205\275\2056\224\366e\273r;"
 186      CADF7F41 
 186      85BD8536 
 186      94F665BB 
 186      723B
 187 00d4 6A101D62 		.ascii	"j\020\035bm \336\017\345/\014*\364V\370\023\333\345"
 187      6D20DE0F 
 187      E52F0C2A 
 187      F456F813 
ARM GAS  C:\Users\User\AppData\Local\Temp\ccOFQNPX.s 			page 14


 187      DBE5
 188 00e6 505F0AF2 		.ascii	"P_\012\362\015b6\211\235\024n\317\304\365Z4\333f\244"
 188      0D623689 
 188      9D146ECF 
 188      C4F55A34 
 188      DB66A4
 189 00f9 159B84AF 		.ascii	"\025\233\204\257\267\005\276\344u;n\323\222\217\223"
 189      B705BEE4 
 189      753B6ED3 
 189      928F93
 190 0108 302ADD7F 		.ascii	"0*\335\177\255J\335\211\332\021\364\011-\240\245\010"
 190      AD4ADD89 
 190      DA11F409 
 190      2DA0A508 
 191 0118 B12BA242 		.ascii	"\261+\242B\325i\371\207\020-\207R\265\212\033\226\213"
 191      D569F987 
 191      102D8752 
 191      B58A1B96 
 191      8B
 192 0129 90FC06D7 		.ascii	"\220\374\006\327\325\\Us\223\364\217\277\214\004\213"
 192      D55C5573 
 192      93F48FBF 
 192      8C048B
 193 0138 AC9AB524 		.ascii	"\254\232\265$\377\030w\366@_\223\337Fjs\003\010\211"
 193      FF1877F6 
 193      405F93DF 
 193      466A7303 
 193      0889
 194 014a 2F080619 		.ascii	"/\010\006\031m^?\303Oe\356\034\222{?b\274\325\257\357"
 194      6D5E3FC3 
 194      4F65EE1C 
 194      927B3F62 
 194      BCD5AFEF 
 195 015e 421DA434 		.ascii	"B\035\2444}%\242e)\367{3\324\030B\013\317]\3439k\226"
 195      7D25A265 
 195      29F77B33 
 195      D418420B 
 195      CF5DE339 
 196 0174 E449ECA7 		.ascii	"\344I\354\247\373{\263\333:\352N\347\342\003\030}\256"
 196      FB7BB3DB 
 196      3AEA4EE7 
 196      E203187D 
 196      AE
 197 0185 47A4CDF9 		.ascii	"G\244\315\371PT0ta\334\201\025\021D\323\301\321S\266"
 197      50543074 
 197      61DC8115 
 197      1144D3C1 
 197      D153B6
 198 0198 D8853EDF 		.ascii	"\330\205>\337\215(L%h'=\322\220V\033\222\037;\202\352"
 198      8D284C25 
 198      68273DD2 
 198      90561B92 
 198      1F3B82EA 
 199 01ac AC478B92 		.ascii	"\254G\213\222\260\332X\377\240Z\203\\\365Y\244\021\323"
 199      B0DA58FF 
 199      A05A835C 
 199      F559A411 
ARM GAS  C:\Users\User\AppData\Local\Temp\ccOFQNPX.s 			page 15


 199      D3
 200 01bd F4ABCFE3 		.ascii	"\364\253\317\343\367J\222\032\025!=\312G\030\235AK\010"
 200      F74A921A 
 200      15213DCA 
 200      47189D41 
 200      4B08
 201 01cf E5CF49E0 		.ascii	"\345\317I\340\243$i\267\024\027.\331\255U\241\002\344"
 201      A32469B7 
 201      14172ED9 
 201      AD55A102 
 201      E4
 202 01e0 82CE2217 		.ascii	"\202\316\"\027\025*D\256\244Q\202CyP\230\013\205\320"
 202      152A44AE 
 202      A4518243 
 202      7950980B 
 202      85D0
 203 01f2 CAE953F1 		.ascii	"\312\351S\361'mp>\"\014\3245\227\036=\324 \275\253E"
 203      276D703E 
 203      220CD435 
 203      971E3DD4 
 203      20BDAB45 
 204 0206 0325160C 		.ascii	"\003%\026\01402o\317~V\023I\310\024\003\231sf2\300\215"
 204      30326FCF 
 204      7E561349 
 204      C8140399 
 204      736632C0 
 205 021b F9A17ABC 		.ascii	"\371\241z\274k\201\206\244\016\001|\255!E1\2317&\360"
 205      6B8186A4 
 205      0E017CAD 
 205      21453199 
 205      3726F0
 206 022e 4CD97944 		.ascii	"L\331yD\013\257O\2775\315g\036P\023\347\014\337J\233"
 206      0BAF4FBF 
 206      35CD671E 
 206      5013E70C 
 206      DF4A9B
 207 0241 C73CB000 		.ascii	"\307<\260\000\324\233wG\037\330\177z\204z9\\Z\240F\033"
 207      D49B7747 
 207      1FD87F7A 
 207      847A395C 
 207      5AA0461B 
 208 0255 3F41E540 		.ascii	"?A\345@\244\014\210\250\320\005\364)\\K\221\20659\371"
 208      A40C88A8 
 208      D005F429 
 208      5C4B9186 
 208      3539F9
 209 0268 306CC8E6 		.ascii	"0l\310\346\263t)\275[2\3256.~zN\222\200\242\244!8t\332"
 209      B37429BD 
 209      5B32D536 
 209      2E7E7A4E 
 209      9280A2A4 
 210 0280 CC111EE1 		.ascii	"\314\021\036\341\232\203\272\020\312F\235\220\001\027"
 210      9A83BA10 
 210      CA469D90 
 210      0117
 211 028e D167F07A 		.ascii	"\321g\360zsg\3250\306\261\030Y\241\177\2550\367\203"
 211      7367D530 
ARM GAS  C:\Users\User\AppData\Local\Temp\ccOFQNPX.s 			page 16


 211      C6B11859 
 211      A17FAD30 
 211      F783
 212 02a0 A3552E55 		.ascii	"\243U.U\224K\245\314\345\310\271\202)5\347\322\364\227"
 212      944BA5CC 
 212      E5C8B982 
 212      2935E7D2 
 212      F497
 213 02b2 46C9B45B 		.ascii	"F\311\264[\"\336\002\024\25203\251P2\271D\231\024\275"
 213      22DE0214 
 213      AA3033A9 
 213      5032B944 
 213      9914BD
 214 02c5 7B1E8E71 		.ascii	"{\036\216q\032c\222\365|\342\202\275l\351\257f,\221"
 214      1A6392F5 
 214      7CE282BD 
 214      6CE9AF66 
 214      2C91
 215 02d7 3E5D365B 		.ascii	">]6[\272\254\264d\242\226\252\262\223\274\360Ef\250"
 215      BAACB464 
 215      A296AAB2 
 215      93BCF045 
 215      66A8
 216 02e9 A2BCEDAD 		.ascii	"\242\274\355\255\216\033\032\374\311,JW\314\206\256"
 216      8E1B1AFC 
 216      C92C4A57 
 216      CC86AE
 217 02f8 280D5553 		.ascii	"(\015USCy\315\307+\354Y\230$\027\222\251W\366\226p}"
 217      4379CDC7 
 217      2BEC5998 
 217      241792A9 
 217      57F69670 
 218 030d D816F484 		.ascii	"\330\026\364\204\374\307e\210\351q\316\240\0174g';\260"
 218      FCC76588 
 218      E971CEA0 
 218      0F346727 
 218      3BB0
 219 031f 384A2710 		.ascii	"8J'\020\024\244MNFh\360MF\245\247e\352&O\373p-\031\006"
 219      14A44D4E 
 219      4668F04D 
 219      46A5A765 
 219      EA264FFB 
 220 0337 A5CF0ECD 		.ascii	"\245\317\016\315\323G\021\317\322\024$\025r\022\252"
 220      D34711CF 
 220      D2142415 
 220      7212AA
 221 0346 D00D9253 		.ascii	"\320\015\222S\310\315\005\325\261\374\035{t%]\357\024"
 221      C8CD05D5 
 221      B1FC1D7B 
 221      74255DEF 
 221      14
 222 0357 47D192B4 		.ascii	"G\321\222\264HCcT\003\360\353\024^\217\234\344\227\010"
 222      48436354 
 222      03F0EB14 
 222      5E8F9CE4 
 222      9708
 223 0369 BA2FB32F 		.ascii	"\272/\263/\335\2163\267\001}O|o\206#gN\210\335\211\337"
ARM GAS  C:\Users\User\AppData\Local\Temp\ccOFQNPX.s 			page 17


 223      DD8E33B7 
 223      017D4F7C 
 223      6F862367 
 223      4E88DD89 
 224 037e 7758C399 		.ascii	"wX\303\231\222\321z\340A\374\277\340f\306\363a\321\341"
 224      92D17AE0 
 224      41FCBFE0 
 224      66C6F361 
 224      D1E1
 225 0390 422DC37E 		.ascii	"B-\303~O\260#S\231\2116Vy\336\221y\336f<\013\"\373N"
 225      4FB02353 
 225      99893656 
 225      79DE9179 
 225      DE663C0B 
 226 03a7 EBE06D17 		.ascii	"\353\340m\027\230\012\2200\017\270\260y\240\3044\226"
 226      980A9030 
 226      0FB8B079 
 226      A0C43496 
 227 03b7 AFC10F69 		.ascii	"\257\301\017iK\352\322\222\276d\2750\324?)\227\244\005"
 227      4BEAD292 
 227      BE64BD30 
 227      D43F2997 
 227      A405
 228 03c9 A8193A76 		.ascii	"\250\031:v\317\034\033\227\231\221>|R\302\237\252\320"
 228      CF1C1B97 
 228      99913E7C 
 228      52C29FAA 
 228      D0
 229 03da 7217B414 		.ascii	"r\027\264\024\206\351}\030\246.|\2306\001\235\273|\234"
 229      86E97D18 
 229      A62E7C98 
 229      36019DBB 
 229      7C9C
 230 03ec 1FCFB9E6 		.ascii	"\037\317\271\346\200{Y\003\306\304+%\2163\015\300\360"
 230      807B5903 
 230      C6C42B25 
 230      8E330DC0 
 230      F0
 231 03fd 2DA6C3F7 		.ascii	"-\246\303\367!\264\320bn\241\031Yi\342\201\345&\306"
 231      21B4D062 
 231      6EA11959 
 231      69E281E5 
 231      26C6
 232 040f 9E5496D9 		.ascii	"\236T\226\331\230C\201\250\275\006\250\277E=\322JCq"
 232      984381A8 
 232      BD06A8BF 
 232      453DD24A 
 232      4371
 233 0421 470E457A 		.ascii	"G\016Ez\236q\310\226\270/\374\207Y\357\222\"\007mE\353"
 233      9E71C896 
 233      B82FFC87 
 233      59EF9222 
 233      076D45EB 
 234 0435 6D1FB35E 		.ascii	"m\037\263^\332\225\020\315S2\235L\246\027;FL\363\230"
 234      DA9510CD 
 234      53329D4C 
 234      A6173B46 
ARM GAS  C:\Users\User\AppData\Local\Temp\ccOFQNPX.s 			page 18


 234      4CF398
 235 0448 DE4DDC3F 		.ascii	"\336M\334?>t\264Y\307\003\355\010\372\325\261\324\021"
 235      3E74B459 
 235      C703ED08 
 235      FAD5B1D4 
 235      11
 236 0459 7B3CC8C7 		.ascii	"{<\310\307\373\243\252(\036\351\025\240\356\036,J\261"
 236      FBA3AA28 
 236      1EE915A0 
 236      EE1E2C4A 
 236      B1
 237 046a B31AE81E 		.ascii	"\263\032\350\0369\320\335\214gd\177Z\273Z\231\220\235"
 237      39D0DD8C 
 237      67647F5A 
 237      BB5A9990 
 237      9D
 238 047b 00EFA0F0 		.ascii	"\000\357\240\360^\312\263G\346\231\364b\374\307<\037"
 238      5ECAB347 
 238      E699F462 
 238      FCC73C1F 
 239 048b C539DF89 		.ascii	"\3059\337\211\316\371\350\354\300\345T=gI&\304\253\367"
 239      CEF9E8EC 
 239      C0E5543D 
 239      674926C4 
 239      ABF7
 240 049d 52726DF1 		.ascii	"Rrm\361+\306\362UL\344[>n\310\240{p\342\311;\275U\226"
 240      2BC6F255 
 240      4CE45B3E 
 240      6EC8A07B 
 240      70E2C93B 
 241 04b4 0332CBA7 		.ascii	"\0032\313\247\214eL\352\3114\033%\313'\000\357\243\360"
 241      8C654CEA 
 241      C9341B25 
 241      CB2700EF 
 241      A3F0
 242 04c6 6794E580 		.ascii	"g\224\345\200\3142*\357\300U\314b\365CV\005x\343Fz\251"
 242      CC322AEF 
 242      C055CC62 
 242      F5435605 
 242      78E3467A 
 243 04db 71D6B01C 		.ascii	"q\326\260\034\374\230\375\267\245\357\037\361n\247c"
 243      FC98FDB7 
 243      A5EF1FF1 
 243      6EA763
 244 04ea E2F18AD6 		.ascii	"\342\361\212\326x\276\016t\213\303\326\231\017\333\260"
 244      78BE0E74 
 244      8BC3D699 
 244      0FDBB0
 245 04f9 81C2BD18 		.ascii	"\201\302\275\030\2173?\214%EF\353\030\370/@\255KI\375"
 245      8F333F8C 
 245      254546EB 
 245      18F82F40 
 245      AD4B49FD 
 246 050d 6BAB6E18 		.ascii	"k\253n\030\221\3350\314h^j|Tn\247t\303K\200\277\240"
 246      91DD30CC 
 246      685E6A7C 
 246      546EA774 
ARM GAS  C:\Users\User\AppData\Local\Temp\ccOFQNPX.s 			page 19


 246      C34B80BF 
 247 0522 F0514A73 		.ascii	"\360QJsD\246YR5\222)\317\036\204\346\223\334\336\014"
 247      44A65952 
 247      359229CF 
 247      1E84E693 
 247      DCDE0C
 248 0535 3D0ED750 		.ascii	"=\016\327P\032gL\261u<\034\351$V\323)\303i\3668\212"
 248      1A674CB1 
 248      753C1CE9 
 248      2456D329 
 248      C369F638 
 249 054a 55CA8174 		.ascii	"U\312\201t\342\201\274\375\254\264H\215\017\261\312"
 249      E281BCFD 
 249      ACB4488D 
 249      0FB1CA
 250 0559 0F5D7171 		.ascii	"\017]qq\266\374M\222\233]\255\315E\3668\211U\226\366"
 250      B6FC4D92 
 250      9B5DADCD 
 250      45F63889 
 250      5596F6
 251 056c DFA891DF 		.ascii	"\337\250\221\337$\225\321\005\275\261Z\234\316*{:\236"
 251      2495D105 
 251      BDB15A9C 
 251      CE2A7B3A 
 251      9E
 252 057d C638E24C 		.ascii	"\3068\342L\246\324\326\354\376\035.`\3177\037G\374\003"
 252      A6D4D6EC 
 252      FE1D2E60 
 252      CF371F47 
 252      FC03
 253 058f 7B29824C 		.ascii	"{)\202L\320\327O\025\035\307\314\177\3514\375\213\257"
 253      D0D74F15 
 253      1DC7CC7F 
 253      E934FD8B 
 253      AF
 254 05a0 C484CFC7 		.ascii	"\304\204\317\307%\024<\377jOv\212\016-\346\277\205\344"
 254      25143CFF 
 254      6A4F768A 
 254      0E2DE6BF 
 254      85E4
 255 05b2 E2BAF8A4 		.ascii	"\342\272\370\244\024\021&\231n\037\304\227n\327KR\267"
 255      14112699 
 255      6E1FC497 
 255      6ED74B52 
 255      B7
 256 05c3 09A147C8 		.ascii	"\011\241G\310\0115\302\354\020\243^83\356\320M\352'"
 256      0935C2EC 
 256      10A35E38 
 256      33EED04D 
 256      EA27
 257 05d5 77B25D65 		.ascii	"w\262]eoT\377\031.\021\030=\007\364;\216\226\343\216"
 257      6F54FF19 
 257      2E11183D 
 257      07F43B8E 
 257      96E38E
 258 05e8 DECE4287 		.ascii	"\336\316B\207\003\372?\215\024M\262#L\315\3203\251u"
 258      03FA3F8D 
ARM GAS  C:\Users\User\AppData\Local\Temp\ccOFQNPX.s 			page 20


 258      144DB223 
 258      4CCDD033 
 258      A975
 259 05fa 55449389 		.ascii	"UD\223\211j\360O\3146\204\005}\340\266\345`\361\304"
 259      6AF04FCC 
 259      3684057D 
 259      E0B6E560 
 259      F1C4
 260 060c 12D0F57F 		.ascii	"\022\320\365\1776\243\337(\321\257\225\274{\377d\346"
 260      36A3DF28 
 260      D1AF95BC 
 260      7BFF64E6 
 261 061c 3DA5E4ED 		.ascii	"=\245\344\355\246\000\217\012\340I%\370\275\322t\223"
 261      A6008F0A 
 261      E04925F8 
 261      BDD27493 
 262 062c E092574A 		.ascii	"\340\222WJ\364\230\031\035\317\323p\245F\005Y\342\002"
 262      F498191D 
 262      CFD370A5 
 262      460559E2 
 262      02
 263 063d EB04A922 		.ascii	"\353\004\251\"h\030]\350\240\332\025\355U/F\221 Q \007"
 263      68185DE8 
 263      A0DA15ED 
 263      552F4691 
 263      20512007 
 264 0651 40C241F6 		.ascii	"@\302A\366\200D\203\304\202\354\007\211\003\331\015"
 264      804483C4 
 264      82EC0789 
 264      03D90D
 265 0660 B20F2442 		.ascii	"\262\017$B\275\230nE\231C\332\004\207|\257t\310\220"
 265      BD986E45 
 265      9943DA04 
 265      877CAF74 
 265      C890
 266 0672 D27D131C 		.ascii	"\322}\023\034\015+(\252\345hy]E\327\346\270O\350c\277"
 266      0D2B28AA 
 266      E568795D 
 266      45D7E6B8 
 266      4FE863BF 
 267 0686 B28F8FE7 		.ascii	"\262\217\217\347\330\026\0029\241d2nF\263\365\251e\302"
 267      D8160239 
 267      A164326E 
 267      46B3F5A9 
 267      65C2
 268 0698 294C9210 		.ascii	")L\222\020A\251\370\332d\356\324\313\367\316\207$\251"
 268      41A9F8DA 
 268      64EED4CB 
 268      F7CE8724 
 268      A9
 269 06a9 6E299958 		.ascii	"n)\231Xa\237\302l\311\323-\034XflA\326O\265t]C\330\250"
 269      619FC26C 
 269      C9D32D1C 
 269      58666C41 
 269      D64FB574 
 270 06c1 A56B6058 		.ascii	"\245k`X\345\361\306y\310u!k\243qR\007[wt\030^\216W\317"
 270      E5F1C679 
ARM GAS  C:\Users\User\AppData\Local\Temp\ccOFQNPX.s 			page 21


 270      C875216B 
 270      A3715207 
 270      5B777418 
 271 06d9 AC80A445 		.ascii	"\254\200\244E\313qA\207 \034\377\033\241!\203\365@\321"
 271      CB714187 
 271      201CFF1B 
 271      A12183F5 
 271      40D1
 272 06eb A8A37DCC 		.ascii	"\250\243}\314\314\236\233\2620\317Y\011j{z$\201;\200"
 272      CC9E9BB2 
 272      30CF5909 
 272      6A7B7A24 
 272      813B80
 273 06fe 6B0E7424 		.ascii	"k\016t$\360\265)\207\354\226\032\037_\215\341\013[:"
 273      F0B52987 
 273      EC961A1F 
 273      5F8DE10B 
 273      5B3A
 274 0710 D13BA25F 		.ascii	"\321;\242_z\340\014\332E\024Sz\257Scu.<\252\346s\241"
 274      7AE00CDA 
 274      4514537A 
 274      AF536375 
 274      2E3CAAE6 
 275 0726 1B9D0AFB 		.ascii	"\033\235\012\373n\027\026\317\347Sa\270<\025\232\321"
 275      6E1716CF 
 275      E75361B8 
 275      3C159AD1 
 276 0736 46B593FC 		.ascii	"F\265\223\374\016A\367\246\366\2668\340|\326ND~G'_l"
 276      0E41F7A6 
 276      F6B638E0 
 276      7CD64E44 
 276      7E47275F 
 277 074b 8F120E91 		.ascii	"\217\022\016\221\331\3355\010\227\260\312\267{:\333"
 277      D9DD3508 
 277      97B0CAB7 
 277      7B3ADB
 278 075a 31BEC094 		.ascii	"1\276\300\224\323#\305\341\234m\034A\016\307'\306\314"
 278      D323C5E1 
 278      9C6D1C41 
 278      0EC727C6 
 278      CC
 279 076b C7265699 		.ascii	"\307&V\231\232\366\376\307\270\226=\237\351\310=\317"
 279      9AF6FEC7 
 279      B8963D9F 
 279      E9C83DCF 
 280 077b A7DA7764 		.ascii	"\247\332wda|\031\361\244\233\277\370)\250\205\225\021"
 280      617C19F1 
 280      A49BBFF8 
 280      29A88595 
 280      11
 281 078c 2FF8D9C8 		.ascii	"/\370\331\310D\346\263\311\234\376Op#{\365\306\251\213"
 281      44E6B3C9 
 281      9CFE4F70 
 281      237BF5C6 
 281      A98B
 282 079e 939C0D69 		.ascii	"\223\234\015i\342\305\241\250A\007\253N\310\222\235"
 282      E2C5A1A8 
ARM GAS  C:\Users\User\AppData\Local\Temp\ccOFQNPX.s 			page 22


 282      4107AB4E 
 282      C8929D
 283 07ad 90A966EB 		.ascii	"\220\251f\353\326\241'\331\216\312\005!\003\202~RM\340"
 283      D6A127D9 
 283      8ECA0521 
 283      03827E52 
 283      4DE0
 284 07bf D9D40B59 		.ascii	"\331\324\013Y\262\027\036g\\\037\265\341\333G\302r\317"
 284      B2171E67 
 284      5C1FB5E1 
 284      DB47C272 
 284      CF
 285 07d0 DDC37F83 		.ascii	"\335\303\177\203\0372\032\307\356\247Eiq\027S&\215q"
 285      1F321AC7 
 285      EEA74569 
 285      71175326 
 285      8D71
 286 07e2 26BE231E 		.ascii	"&\276#\036 \300\344j\343V<\300\352\372\307\372\036#"
 286      20C0E46A 
 286      E3563CC0 
 286      EAFAC7FA 
 286      1E23
 287 07f4 FC92292D 		.ascii	"\374\222)-\203\235]|\025\351&\300\201{\231O\265\370"
 287      839D5D7C 
 287      15E926C0 
 287      817B994F 
 287      B5F8
 288 0806 0D472656 		.ascii	"\015G&VT\351\360\024S\232\023n%i\030\362!AN\345fN\331"
 288      54E9F014 
 288      539A136E 
 288      256918F2 
 288      21414EE5 
 289 081d E1081B5A 		.ascii	"\341\010\033Z9h\274\227\356\210\3671%\343MQ\011_]\357"
 289      3968BC97 
 289      EE88F731 
 289      25E34D51 
 289      095F5DEF 
 290 0831 10E474F5 		.ascii	"\020\344t\365\333\207\0168\201U>\275\237\033n\203\217"
 290      DB870E38 
 290      81553EBD 
 290      9F1B6E83 
 290      8F
 291 0842 31E57C56 		.ascii	"1\345|V\361\031\216\254#\310\027\306\341\373\363q\026"
 291      F1198EAC 
 291      23C817C6 
 291      E1FBF371 
 291      16
 292 0853 AB4C9F8A 		.ascii	"\253L\237\212?9O\336\004D\375\220M@MOF2\017\242\211"
 292      3F394FDE 
 292      0444FD90 
 292      4D404D4F 
 292      46320FA2 
 293 0868 987B5369 		.ascii	"\230{Si\202\266\362\2309\343\236\352\2756\370\034S\016"
 293      82B6F298 
 293      39E39EEA 
 293      BD36F81C 
 293      530E
ARM GAS  C:\Users\User\AppData\Local\Temp\ccOFQNPX.s 			page 23


 294 087a 86777ECB 		.ascii	"\206w~\313\200\377\014\332\276\243\331q6,\272\335d\235"
 294      80FF0CDA 
 294      BEA3D971 
 294      362CBADD 
 294      649D
 295 088c FDD01E36 		.ascii	"\375\320\0366\245f\325d\257\366~w\347\001\353\0215\311"
 295      A566D564 
 295      AFF67E77 
 295      E701EB11 
 295      35C9
 296 089e 11BDCC22 		.ascii	"\021\275\314\"z;3.\\\243\214\350%\210h\025\215\350\025"
 296      7A3B332E 
 296      5CA38CE8 
 296      25886815 
 296      8DE815
 297 08b1 1A51931C 		.ascii	"\032Q\223\034\321\274\206\332v\356\377(\222X\371\225"
 297      D1BC86DA 
 297      76EEFF28 
 297      9258F995 
 298 08c1 2FA27917 		.ascii	"/\242y\027^\221\205;\246\266\257`>_I\311n#wOk\032\337"
 298      5E91853B 
 298      A6B6AF60 
 298      3E5F49C9 
 298      6E23774F 
 299 08d8 7CB493F7 		.ascii	"|\264\223\367\237\225_n\321Y\345V#s\273\316\270%\337"
 299      9F955F6E 
 299      D159E556 
 299      2373BBCE 
 299      B825DF
 300 08eb BF1669AB 		.ascii	"\277\026i\253\344v\015\270]\245\334j)\267\032\231\333"
 300      E4760DB8 
 300      5DA5DC6A 
 300      29B71A99 
 300      DB
 301 08fc E0EB27D3 		.ascii	"\340\353'\323:\\\316<\226Zr\370w\370\022{\316\033\211"
 301      3A5CCE3C 
 301      965A72F8 
 301      77F8127B 
 301      CE1B89
 302 090f CF44F83A 		.ascii	"\317D\370:S\242z\366\336\343\033\206wt\337\034\033\337"
 302      53A27AF6 
 302      DEE31B86 
 302      7774DF1C 
 302      1BDF
 303 0921 E0886FB1 		.ascii	"\340\210o\261\312\232#)\211v\370\016S\246\237\265f\360"
 303      CA9A2329 
 303      8976F80E 
 303      53A69FB5 
 303      66F0
 304 0933 BE0DD3CF 		.ascii	"\276\015\323\317\034\223ie\\w\026\266%\316|[\322\023"
 304      1C936965 
 304      5C7716B6 
 304      25CE7C5B 
 304      D213
 305 0945 93928470 		.ascii	"\223\222\204p\013{w2\266\312h\375\360\323$\367\363,"
 305      0B7B7732 
 305      B6CA68FD 
ARM GAS  C:\Users\User\AppData\Local\Temp\ccOFQNPX.s 			page 24


 305      F0D324F7 
 305      F32C
 306 0957 4B84F188 		.ascii	"K\204\361\210\262n\244\354\347\035\350\347m\332\317"
 306      B26EA4EC 
 306      E71DE8E7 
 306      6DDACF
 307 0966 7BB49F4D 		.ascii	"{\264\237Mr?\243\233\333\317\315B_P\177\004}\257\377"
 307      723FA39B 
 307      DBCFCD42 
 307      5F507F04 
 307      7DAFFF
 308 0979 44041FEE 		.ascii	"D\004\037\356w\350\027\025\376\321\300\211}4\220\367"
 308      77E81715 
 308      FED1C089 
 308      7D3490F7 
 309 0989 4FCE7CFF 		.ascii	"O\316|\3774v0\256\023\341N\326\213\352\321\302l\376"
 309      347630AE 
 309      13E14ED6 
 309      8BEAD1C2 
 309      6CFE
 310 099b 2EC9B328 		.ascii	".\311\263(\343\350\235\371V;\325&w\252\225\005\257\365"
 310      E3E89DF9 
 310      563BD526 
 310      77AA9505 
 310      AFF5
 311 09ad DDF536AD 		.ascii	"\335\3656\255\262S\017\200f\013\245\371\210\322l\223"
 311      B2530F80 
 311      660BA5F9 
 311      88D26C93 
 312 09bd 6976161B 		.ascii	"iv\026\033\373m\225\235\262\212\216\275~\276\206\247"
 312      FB6D959D 
 312      B28A8EBD 
 312      7EBE86A7 
 313 09cd 611DD1DF 		.ascii	"a\035\321\337\227\234;\243\305O\370xN\311)\322\341!"
 313      979C3BA3 
 313      C54FF878 
 313      4EC929D2 
 313      E121
 314 09df A694BDCC 		.ascii	"\246\224\275\314-s\340c\214\246T\305\253z\276>\350\204"
 314      2D73E063 
 314      8CA654C5 
 314      AB7ABE3E 
 314      E884
 315 09f1 6A675E5D 		.ascii	"jg^]}0c%\036\263\371\001\313C\237\334\335\245\264\267"
 315      7D306325 
 315      1EB3F901 
 315      CB439FDC 
 315      DDA5B4B7 
 316 0a05 895589E7 		.ascii	"\211U\211\347\347L\214\275\300\277\207\362\177B\371"
 316      E74C8CBD 
 316      C0BF87F2 
 316      7F42F9
 317 0a14 F7C9FCCF 		.ascii	"\367\311\374\317\276\036\273\250W\366\326*:\247?\365"
 317      BE1EBBA8 
 317      57F6D62A 
 317      3AA73FF5 
 318 0a24 000FC397 		.ascii	"\000\017\303\227\240\036\035?1\350\200'\030\311\027"
ARM GAS  C:\Users\User\AppData\Local\Temp\ccOFQNPX.s 			page 25


 318      A01E1D3F 
 318      31E88027 
 318      18C917
 319 0a33 2F270B1C 		.ascii	"/'\013\034\3614S*\312*kx\347\226\222\301\227w\245q\036"
 319      F134532A 
 319      CA2A6B78 
 319      E79692C1 
 319      9777A571 
 320 0a48 8EB06519 		.ascii	"\216\260e\031\031w\274\330\016\3070%e\254\343\031Oe"
 320      1977BCD8 
 320      0EC73025 
 320      65ACE319 
 320      4F65
 321 0a5a 57D2EB8C 		.ascii	"W\322\353\214c\207\354\360AV7\035\027e\264\305\011L"
 321      6387ECF0 
 321      4156371D 
 321      1765B4C5 
 321      094C
 322 0a6c 49684CC8 		.ascii	"IhL\310\230\207\215Ly?\220\320\312gi{\341\024\342\314"
 322      98878D4C 
 322      793F90D0 
 322      CA67697B 
 322      E114E2CC 
 323 0a80 4F21A6EC 		.ascii	"O!\246\354\204\277\305\307\031\364Ak\304\005\016\235"
 323      84BFC5C7 
 323      19F4416B 
 323      C4050E9D 
 324 0a90 076ADCCD 		.ascii	"\007j\334\315\256\177\263\352\311\327\262'_\261\304"
 324      AE7FB3EA 
 324      C9D7B227 
 324      5FB1C4
 325 0a9f A9AFBBB5 		.ascii	"\251\257\273\265_\243<'\217\202sF\250s\336P\347\274"
 325      5FA33C27 
 325      8F827346 
 325      A873DE50 
 325      E7BC
 326 0ab1 969D9361 		.ascii	"\226\235\223a\014\237\320*\317\275V\321UM\355+\361)"
 326      0C9FD02A 
 326      CFBD56D1 
 326      554DED2B 
 326      F129
 327 0ac3 C6F17563 		.ascii	"\306\361uc{\017\3029L\211\270y#\333\026\3471e\350tC"
 327      7B0FC239 
 327      4C89B879 
 327      23DB16E7 
 327      3165E874 
 328 0ad8 1DCCBD4C 		.ascii	"\035\314\275L\351\353\237(\307\270\214)YC'\367\333\341"
 328      E9EB9F28 
 328      C7B88C29 
 328      594327F7 
 328      DBE1
 329 0aea 4AA6D4E6 		.ascii	"J\246\324\346\337H\342\307\260<\262\224N\266_\376\336"
 329      DF48E2C7 
 329      B03CB294 
 329      4EB65FFE 
 329      DE
 330 0afb 9E3BE4EF 		.ascii	"\236;\344\357\310rw\353r\203=\256\246\340_d%\345\225"
ARM GAS  C:\Users\User\AppData\Local\Temp\ccOFQNPX.s 			page 26


 330      C87277EB 
 330      72833DAE 
 330      A6E05F64 
 330      25E595
 331 0b0e DBCE9C22 		.ascii	"\333\316\234\">\366[\310n\256\262\316\216\002S\261\370"
 331      3EF65BC8 
 331      6EAEB2CE 
 331      8E0253B1 
 331      F8
 332 0b1f CC39498A 		.ascii	"\3149I\212\266\241\207\201\323\260\011\313\304\302a"
 332      B6A18781 
 332      D3B009CB 
 332      C4C261
 333 0b2e 2087F6B6 		.ascii	" \207\366\266\000\261Md\002\2740\032\205\331\341\201"
 333      00B14D64 
 333      02BC301A 
 333      85D9E181 
 334 0b3e E456A712 		.ascii	"\344V\247\022\3371\013O7\2351\034\017[\031t^\211/\231"
 334      DF310B4F 
 334      379D311C 
 334      0F5B1974 
 334      5E892F99 
 335 0b52 63BF2D46 		.ascii	"c\277-F\260_\241\304_\234\205'\035\230\370\326|\226"
 335      B05FA1C4 
 335      5F9C8527 
 335      1D98F8D6 
 335      7C96
 336 0b64 9954C2DD 		.ascii	"\231T\302\335\224\350\301hl\206\337P\302\331\031b\026"
 336      94E8C168 
 336      6C86DF50 
 336      C2D91962 
 336      16
 337 0b75 FE3B337C 		.ascii	"\376;3|X\011\357\233\003o\213\025\314\027(\361g\347"
 337      5809EF9B 
 337      036F8B15 
 337      CC1728F1 
 337      67E7
 338 0b87 90AF8E12 		.ascii	"\220\257\216\022\360CJ\374\240Zqn\033\024\315\347)\341"
 338      F0434AFC 
 338      A05A716E 
 338      1B14CDE7 
 338      29E1
 339 0b99 B973CCD7 		.ascii	"\271s\314\327\213\370sJ|\321\\:\"\276\3302^\244\263"
 339      8BF8734A 
 339      7CD15C3A 
 339      22BED832 
 339      5EA4B3
 340 0bac 4F80272B 		.ascii	"O\200'+\341G\224\360\011\021.a\005<Q\011\037\025\\\377"
 340      E14794F0 
 340      09112E61 
 340      053C5109 
 340      1F155CFF 
 341 0bc0 BDD2F80B 		.ascii	"\275\322\370\013%\272Z@\277W\242{D4M\342o\3159\366\301"
 341      25BA5A40 
 341      BF57A27B 
 341      44344DE2 
 341      6FCD39F6 
ARM GAS  C:\Users\User\AppData\Local\Temp\ccOFQNPX.s 			page 27


 342 0bd5 62D28827 		.ascii	"b\322\210'\332\030\314\316M\260i\241g\035\202\226\267"
 342      DA18CCCE 
 342      4DB069A1 
 342      671D8296 
 342      B7
 343 0be6 32FC9425 		.ascii	"2\374\224%z\261I\014\3523\245\365\247J.\203\342\200"
 343      7AB1490C 
 343      EA33A5F5 
 343      A74A2E83 
 343      E280
 344 0bf8 EAB23CA0 		.ascii	"\352\262<\240\304\323\2708\236j\221\002^6g\374\325G"
 344      C4D3B838 
 344      9E6A9102 
 344      5E3667FC 
 344      D547
 345 0c0a 0BF80F4A 		.ascii	"\013\370\017J|\343\234\034\350\025\243\224\252\244\223"
 345      7CE39C1C 
 345      E815A394 
 345      AAA493
 346 0c19 3207DF24 		.ascii	"2\007\337$8~\\\011o\231\023Tq\374\325)\341\325\312\316"
 346      387E5C09 
 346      6F991354 
 346      71FCD529 
 346      E1D5CACE 
 347 0c2d 56EFE3AE 		.ascii	"V\357\343\256\207\023\000:\305\341\362\271\000\235\230"
 347      8713003A 
 347      C5E1F2B9 
 347      009D98
 348 0c3c 659D1C87 		.ascii	"e\235\034\207\277\203K\030\034~\000=\306\321\362\234"
 348      BF834B18 
 348      1C7E003D 
 348      C6D1F29C 
 349 0c4c CD8F1202 		.ascii	"\315\217\022\002\227^1\333\363-\217&1}\205\216\276\264"
 349      975E31DB 
 349      F32D8F26 
 349      317D858E 
 349      BEB4
 350 0c5e 9C8FB3FC 		.ascii	"\234\217\263\374\"\372\361\270\022\177l\356X\025\314"
 350      22FAF1B8 
 350      127F6CEE 
 350      5815CC
 351 0c6d 4F584EE0 		.ascii	"OXN\340Yp1\311\236[\2369\304i\265W\234V\313\225\370"
 351      597031C9 
 351      9E5B9E39 
 351      C469B557 
 351      9C56CB95 
 352 0c82 32655236 		.ascii	"2eR6E\013\360\006%\374\346\034\270h\275\322\362\244"
 352      450BF006 
 352      25FCE61C 
 352      B868BDD2 
 352      F2A4
 353 0c94 2DB8B24D 		.ascii	"-\270\262M\350\353;\3139\303\270\213\337\000\246!\220"
 353      E8EB3BCB 
 353      39C3B88B 
 353      DF00A621 
 353      90
 354 0ca5 53B48EC0 		.ascii	"S\264\216\300\311\007\200<\354\212\342\361b\024\011"
ARM GAS  C:\Users\User\AppData\Local\Temp\ccOFQNPX.s 			page 28


 354      C907803C 
 354      EC8AE2F1 
 354      621409
 355 0cb4 1207721C 		.ascii	"\022\007r\034\344(\310)\220\024\220\275 \007A\322@\242"
 355      E428C829 
 355      901490BD 
 355      200741D2 
 355      40A2
 356 0cc6 41D2410E 		.ascii	"A\322A\016\203\024\200\024\201$\200\354\006\311\002"
 356      83148014 
 356      812480EC 
 356      06C902
 357 0cd5 29063902 		.ascii	")\0069\002r\022\344,\310i\220= F\220B\2203 \207@2@\""
 357      7212E42C 
 357      C869903D 
 357      20469042 
 357      90332087 
 358 0ced 404E8024 		.ascii	"@N\200$\202\344\200\204\203\354\003\211\005)\001\211"
 358      82E48084 
 358      83EC0389 
 358      05290189 
 359 0cfd 02490589 		.ascii	"\002I\005\211\0019\007\022\006\222\014\222\013r\014"
 359      01390712 
 359      06920C92 
 359      0B720C
 360 0d0c 241F2409 		.ascii	"$\037$\011d?H6\310\001,\177/J\200\374\235\210\3429\337"
 360      643F4836 
 360      C8012C7F 
 360      2F4A80FC 
 360      9D88E239 
 361 0d21 0E59FC90 		.ascii	"\016Y\374\220{G\336\262\242f\345\020\031\335'\214\357"
 361      7B47DEB2 
 361      A266E510 
 361      19DD278C 
 361      EF
 362 0d32 24CB93B0 		.ascii	"$\313\223\260\2308\2431B\342\224Z^\217\205\310\366\212"
 362      9838A331 
 362      42E2945A 
 362      5E8F85C8 
 362      F68A
 363 0d44 89506F79 		.ascii	"\211Poy\301\024\247a\321z\230\022\376X\011\257\027\007"
 363      C114A761 
 363      D17A9812 
 363      FE5809AF 
 363      1707
 364 0d56 49BAE541 		.ascii	"I\272\345A\"|\222\352\237b\237\244\0005\373\223\024"
 364      227C92EA 
 364      9F629FA4 
 364      0035FB93 
 364      14
 365 0d67 B1D5B94F 		.ascii	"\261\325\271O\334\311\244Y\236\271\204\236\265\211="
 365      DCC9A459 
 365      9EB9849E 
 365      B5893D
 366 0d76 BB6539C5 		.ascii	"\273e9\305g\255\355\342\210\033\260<\255\317\332\370"
 366      67ADEDE2 
 366      881BB03C 
ARM GAS  C:\Users\User\AppData\Local\Temp\ccOFQNPX.s 			page 29


 366      ADCFDAF8 
 367 0d86 44F338C2 		.ascii	"D\3638\302y\222~\370#x\371\224\311\247\272\231\021J"
 367      79927EF8 
 367      2378F994 
 367      C9A7BA99 
 367      114A
 368 0d98 262F39EE 		.ascii	"&/9\356\375\200\177\314\355\313\233w\324=g&\025g\257"
 368      FD807FCC 
 368      EDCB9B77 
 368      D43D6726 
 368      1567AF
 369 0dab 3396F76D 		.ascii	"3\226\367m\356f\353\3252\233\373`\375.\207\313\247;"
 369      EE66EBD5 
 369      329BFB60 
 369      FD2E87CB 
 369      A73B
 370 0dbd FEDD5DB0 		.ascii	"\376\335]\260\336$Z/\264\274\221\221\277\3575v%6jp\035"
 370      DE245A2F 
 370      B4BC9191 
 370      BFEF3576 
 370      25366A70 
 371 0dd2 DD8FAAEF 		.ascii	"\335\217\252\357\366\2749\242E\013]-\215\\T\006\003"
 371      F6BC39A2 
 371      450B5D2D 
 371      8D5C5406 
 371      03
 372 0de3 F6FFEBE0 		.ascii	"\366\377\353\340e\031Z\263\037\207\223\014-\205^\236"
 372      65195AB3 
 372      1F87930C 
 372      2D855E9E 
 373 0df3 C7335F34 		.ascii	"\3073_4I\302R_\335\277\337\272_+~t,\025\374\252B\345"
 373      49C2525F 
 373      DDBFDFBA 
 373      5F2B7E74 
 373      2C15FCAA 
 374 0e09 987D7484 		.ascii	"\230}t\204;9\011\225\366%\352\360]v*89\320p\203\037"
 374      3B390995 
 374      F625EAF0 
 374      5D762A38 
 374      39D07083 
 375 0e1e C27E42BE 		.ascii	"\302~B\276C\035\036:\200\330\241`\200\034\260O4\214"
 375      431D1E3A 
 375      80D8A160 
 375      801CB04F 
 375      348C
 376 0e30 1DD1E32E 		.ascii	"\035\321\343.\206-\257z\261\214A\311\277!\356\036K\356"
 376      862DAF7A 
 376      B18C41C9 
 376      BF21EE1E 
 376      4BEE
 377 0e42 45568F49 		.ascii	"EV\217I\2270?&UazLj~W5a\217\007\250!Mw\306\350s\033"
 377      97303F26 
 377      55617A4C 
 377      6A7E5735 
 377      618F07A8 
 378 0e5d E4EA8290 		.ascii	"\344\352\202\220\036\204v\021~:H_\254G\2271\346\003"
 378      1E847611 
ARM GAS  C:\Users\User\AppData\Local\Temp\ccOFQNPX.s 			page 30


 378      7E3A485F 
 378      AC479731 
 378      E603
 379 0e6f 50952C81 		.ascii	"P\225,\201\371\341\357H\261\245\377\\\232 \326\325\264"
 379      F9E1EF48 
 379      B1A5FF5C 
 379      9A20D6D5 
 379      B4
 380 0e80 9DABD805 		.ascii	"\235\253\330\005]\201\206\222%\035-!\337\034\337fe\352"
 380      5D818692 
 380      251D2D21 
 380      DF1CDF66 
 380      65EA
 381 0e92 C49316B1 		.ascii	"\304\223\026\261]\001\270\213\230\360\273\206\235d\226"
 381      5D01B88B 
 381      98F0BB86 
 381      9D6496
 382 0ea1 041DD770 		.ascii	"\004\035\327p\202\375W\220\264\021\365\3216\000}\244"
 382      82FD5790 
 382      B411F5D1 
 382      36007DA4 
 383 0eb1 2BB9432F 		.ascii	"+\271C/\332\276\3761\333IG\237]\232\367\263\014\351"
 383      DABEFE31 
 383      DB49479F 
 383      5D9AF7B3 
 383      0CE9
 384 0ec3 8E49325D 		.ascii	"\216I2]m\\\232\262\333$\205\257D5\330\011UB(M\3503\341"
 384      6D5C9AB2 
 384      DB2485AF 
 384      4435D809 
 384      5542284D 
 385 0eda D50B50B2 		.ascii	"\325\013P\262^\255B\265\370g\252\005A\177\010\364_\035"
 385      5EAD42B5 
 385      F867AA05 
 385      417F08F4 
 385      5F1D
 386 0eec B4F9EB6D 		.ascii	"\264\371\353m\001\033\003\374C\203w\350\376\365\227"
 386      011B03FC 
 386      438377E8 
 386      FEF597
 387 0efb 1B1619DC 		.ascii	"\033\026\031\334\335Uz?\277\235\201A\241\313\227\371"
 387      DD557A3F 
 387      BF9D8141 
 387      A1CB97F9 
 388 0f0b 854620FF 		.ascii	"\205F \377\177\332\344\2775\360\353@v\015\011\335\271"
 388      7FDAE4BF 
 388      35F0EB40 
 388      760D09DD 
 388      B9
 389 0f1c 2530D87D 		.ascii	"%0\330}\305\037\226\373}\023\030\264%\370\233\020\261"
 389      C51F96FB 
 389      7D1318B4 
 389      25F89B10 
 389      B1
 390 0f2d 7C536870 		.ascii	"|Shp\360\266\220M\277\015\332\271\210>-\332\274c\373"
 390      F0B6904D 
 390      BF0DDAB9 
ARM GAS  C:\Users\User\AppData\Local\Temp\ccOFQNPX.s 			page 31


 390      883E2DDA 
 390      BC63FB
 391 0f40 A280ED5F 		.ascii	"\242\200\355_\007l\331\022\260e\323\027K\226/Z\266\324"
 391      076CD912 
 391      B065D317 
 391      4B962F5A 
 391      B6D4
 392 0f52 7DC57FB8 		.ascii	"}\305\177\270o\202\362\237\007\005\007\005\374<`3X\016"
 392      6F82F29F 
 392      07050705 
 392      FC3C6033 
 392      580E
 393 0f64 0CF2DFB6 		.ascii	"\014\362\337\266sK\300\246\355\233\301VP\300&\277-\001"
 393      734BC0A6 
 393      ED9BC156 
 393      50C026BF 
 393      2D01
 394 0f76 BFD9BC73 		.ascii	"\277\331\274s[\250_\350\256\337\007\204,\331\252\322"
 394      5BA85FE8 
 394      AEDF0784 
 394      2CD9AAD2 
 395 0f86 C97476FD 		.ascii	"\311tv\375\037\262\011\331\025\262\311/$t\0134\015\024"
 395      1FB209D9 
 395      15B2C92F 
 395      24740B34 
 395      0D14
 396 0f98 FEDD20B7 		.ascii	"\376\335 \267l W\337"
 396      6C2057DF 
 397 0fa0 B92D0BE5 		.ascii	"\271-\013\345\014\031\034\342\276\342\013\267\340\020"
 397      0C191CE2 
 397      BEE20BB7 
 397      E010
 398 0fae B7AD9BB7 		.ascii	"\267\255\233\267\271\375>xGh\210\233\177\360\366\355"
 398      B9FD3E78 
 398      4768889B 
 398      7FF0F6ED 
 399 0fbe C1416E1E 		.ascii	"\301An\036>\353\014\353\376\350F\002\260\304_\365#r"
 399      3EEB0CEB 
 399      FEE84602 
 399      B0C45FF5 
 399      2372
 400 0fd0 F70C0C31 		.ascii	"\367\014\0141G\302\205\224\370\006\204\372\356\012\011"
 400      47C28594 
 400      F80684FA 
 400      EE0A09
 401 0fdf 0DD8BE76 		.ascii	"\015\330\276vs\320\226m\001;\274w\004\006\357\010\014"
 401      73D0966D 
 401      013BBC77 
 401      0406EF08 
 401      0C
 402 0ff0 DD45E366 		.ascii	"\335E\343f\330\026\260y\207w@\020\260\373\255\235"
 402      D816B079 
 402      87774010 
 402      B0FBAD9D 
 403 1000 CF6ADFD5 		.ascii	"\317j\337\325>\033W{\376\243\332\313\333\216\305\356"
 403      3E1B577B 
 403      FEA3DACB 
ARM GAS  C:\Users\User\AppData\Local\Temp\ccOFQNPX.s 			page 32


 403      DB8EC5EE 
 404 1010 4BBF505B 		.ascii	"K\277P[~\237\251\376\205\306\313c\225\317\214\272\\"
 404      7E9FA9FE 
 404      85C6CB63 
 404      95CF8CBA 
 404      5C
 405 1021 E365F036 		.ascii	"\343e\3606\253\3134^\276\336>:\037\246\271C\345js\345"
 405      ABCB345E 
 405      BEDE3E3A 
 405      1FA6B943 
 405      E56A73E5 
 406 1035 52A85CED 		.ascii	"R\250\\\355\243\361]\357\345\343\367?p\004\357~\300"
 406      A3F15DEF 
 406      E5E3F73F 
 406      7004EF7E 
 406      C0
 407 1046 1F43DD0C 		.ascii	"\037C\335\014\353|\275|\335\270\257\241bG\200\237\377"
 407      EB7CBD7C 
 407      DDB8AFA1 
 407      6247809F 
 407      FF
 408 1057 F615E068 		.ascii	"\366\025\340h\273_n\3642\370\255\207\310\317\264\376"
 408      BB5F6EF4 
 408      32F8AD87 
 408      C8CFB4FE 
 409 1067 A58DC7DA 		.ascii	"\245\215\307\332U\276\006\037\215\301\303\340C\236\275"
 409      55BE061F 
 409      8DC1C3E0 
 409      439EBD
 410 1076 E1E6B9DE 		.ascii	"\341\346\271\336\260\016n^\3646\003]a\343i0x\371\376"
 410      B00E6E5E 
 410      F436035D 
 410      61E36930 
 410      78F9FE
 411 1089 5A476EEB 		.ascii	"ZGn\3536z\030\264\360\340\373k[\270\022\215\3377@\251"
 411      367A18B4 
 411      F0E0FB6B 
 411      5BB8128D 
 411      DF3740A9 
 412 109d 172DA518 		.ascii	"\027-\245\030[/z\3370c\345\013R\342\361\325W\033\264"
 412      5B2F7ADF 
 412      3063E50B 
 412      52E2F1D5 
 412      571BB4
 413 10b0 EB36AEF1 		.ascii	"\3536\256\361YF\257\356\364\272Tk\360&$\014\276\276"
 413      5946AFEE 
 413      F4BA546B 
 413      F026240C 
 413      BEBE
 414 10c2 ABBF829B 		.ascii	"\253\277\202\233\301\327\313\323\007\033\326\373h\015"
 414      C1D7CBD3 
 414      071BD6FB 
 414      680D
 415 10d0 5FC193AD 		.ascii	"_\301\223\255\227\247\237\227\257\007\320\362\364[\267"
 415      97A79F97 
 415      AF07D0F2 
 415      F45BB7
ARM GAS  C:\Users\User\AppData\Local\Temp\ccOFQNPX.s 			page 33


 416 10df 86DE3CD8 		.ascii	"\206\336<\330\315\223\335\274\327\370h<\326\370\372"
 416      CD93DDBC 
 416      D7F8683C 
 416      D6F8FA
 417 10ee 6856ADF1 		.ascii	"hV\255\361\360\321\256[\007W\215'\321\327\222\213\001"
 417      F0D1AE5B 
 417      07578D27 
 417      D1D7928B 
 417      01
 418 10ff 2E5ADFB5 		.ascii	".Z\337\265\006x\364]\353\015v\015>\030\372\255\365\360"
 418      0678F45D 
 418      EB0D760D 
 418      3E18FAAD 
 418      F5F0
 419 1111 F281DE6F 		.ascii	"\362\201\336o\\\377+\037\010\013@\014\336\033\274<\265"
 419      5CFF2B1F 
 419      080B400C 
 419      DE1BBC3C 
 419      B5
 420 1122 1EAB00AE 		.ascii	"\036\253\000\256\3635\254\242\336r\360\363\373\315\316"
 420      F335ACA2 
 420      DE72F0F3 
 420      FBCDCE
 421 1131 207F3FBF 		.ascii	" \177?\277%+\276X\346\256\2235\215\377\326\315;\376"
 421      252BBE58 
 421      E6AE9335 
 421      8DFFD6CD 
 421      3BFE
 422 1143 1BA2AF22 		.ascii	"\033\242\257\"\340"
 422      E0
 423              		.text
 424              		.section	.gnu.lto_.symtab.9ec852bf,"",%progbits
 425 0000 6E766963 		.ascii	"nvicEnableVector\000"
 425      456E6162 
 425      6C655665 
 425      63746F72 
 425      00
 426 0011 00       		.ascii	"\000"
 427 0012 00       		.ascii	"\000"
 428 0013 00       		.ascii	"\000"
 429 0014 00000000 		.ascii	"\000\000\000\000\000\000\000\000"
 429      00000000 
 430 001c BA000000 		.ascii	"\272\000\000\000"
 431 0020 6E766963 		.ascii	"nvicDisableVector\000"
 431      44697361 
 431      626C6556 
 431      6563746F 
 431      7200
 432 0032 00       		.ascii	"\000"
 433 0033 00       		.ascii	"\000"
 434 0034 00       		.ascii	"\000"
 435 0035 00000000 		.ascii	"\000\000\000\000\000\000\000\000"
 435      00000000 
 436 003d BE000000 		.ascii	"\276\000\000\000"
 437 0041 6E766963 		.ascii	"nvicSetSystemHandlerPriority\000"
 437      53657453 
 437      79737465 
ARM GAS  C:\Users\User\AppData\Local\Temp\ccOFQNPX.s 			page 34


 437      6D48616E 
 437      646C6572 
 438 005e 00       		.ascii	"\000"
 439 005f 00       		.ascii	"\000"
 440 0060 00       		.ascii	"\000"
 441 0061 00000000 		.ascii	"\000\000\000\000\000\000\000\000"
 441      00000000 
 442 0069 C0000000 		.ascii	"\300\000\000\000"
 443 006d 6E766963 		.ascii	"nvicClearPending\000"
 443      436C6561 
 443      7250656E 
 443      64696E67 
 443      00
 444 007e 00       		.ascii	"\000"
 445 007f 00       		.ascii	"\000"
 446 0080 00       		.ascii	"\000"
 447 0081 00000000 		.ascii	"\000\000\000\000\000\000\000\000"
 447      00000000 
 448 0089 C2000000 		.ascii	"\302\000\000\000"
 449              		.text
 450              		.section	.gnu.lto_.opts,"",%progbits
 451 0000 272D666D 		.ascii	"'-fmath-errno' '-fsigned-zeros' '-ftrapping-math' '"
 451      6174682D 
 451      6572726E 
 451      6F272027 
 451      2D667369 
 452 0033 2D666E6F 		.ascii	"-fno-trapv' '-fno-openmp' '-fno-openacc' '-mcpu=cor"
 452      2D747261 
 452      70762720 
 452      272D666E 
 452      6F2D6F70 
 453 0066 7465782D 		.ascii	"tex-m7' '-mno-thumb-interwork' '-mthumb' '-ggdb' '-"
 453      6D372720 
 453      272D6D6E 
 453      6F2D7468 
 453      756D622D 
 454 0099 4F322720 		.ascii	"O2' '-fomit-frame-pointer' '-falign-functions=16' '"
 454      272D666F 
 454      6D69742D 
 454      6672616D 
 454      652D706F 
 455 00cc 2D666675 		.ascii	"-ffunction-sections' '-fdata-sections' '-fno-common"
 455      6E637469 
 455      6F6E2D73 
 455      65637469 
 455      6F6E7327 
 456 00ff 2720272D 		.ascii	"' '-flto'\000"
 456      666C746F 
 456      2700
 457              		.text
 458              		.comm	__gnu_lto_v1,1,1
 459              		.comm	__gnu_lto_slim,1,1
 460              		.ident	"GCC: (GNU Tools for ARM Embedded Processors 6-2017-q1-update) 6.3.1 20170215 (release) [AR
ARM GAS  C:\Users\User\AppData\Local\Temp\ccOFQNPX.s 			page 35


DEFINED SYMBOLS
                            *ABS*:00000000 nvic.c
                            *COM*:00000001 __gnu_lto_v1
                            *COM*:00000001 __gnu_lto_slim

NO UNDEFINED SYMBOLS
