ARM GAS  C:\Users\User\AppData\Local\Temp\ccK2Stgk.s 			page 1


   1              		.cpu cortex-m7
   2              		.eabi_attribute 20, 1
   3              		.eabi_attribute 21, 1
   4              		.eabi_attribute 23, 3
   5              		.eabi_attribute 24, 1
   6              		.eabi_attribute 25, 1
   7              		.eabi_attribute 26, 1
   8              		.eabi_attribute 30, 2
   9              		.eabi_attribute 34, 1
  10              		.eabi_attribute 18, 4
  11              		.file	"hal.c"
  12              		.text
  13              	.Ltext0:
  14              		.section	.gnu.lto_.profile.ae02ea31,"",%progbits
  15 0000 789C6365 		.ascii	"x\234ce`b`a```d\010\346\002\000\0010\000j"
  15      60626061 
  15      60606064 
  15      08E60200 
  15      0130006A 
  16              		.text
  17              		.section	.gnu.lto_.icf.ae02ea31,"",%progbits
  18 0000 789C6365 		.ascii	"x\234ce`b\340`@\000F\206\333\235\375\033y\030\000\015"
  18      6062E060 
  18      40004686 
  18      DB9DFD1B 
  18      7918000D 
  19 0014 9A02C1   		.ascii	"\232\002\301"
  20              		.text
  21              		.section	.gnu.lto_.jmpfuncs.ae02ea31,"",%progbits
  22 0000 789C6365 		.ascii	"x\234ce`b\320b@\000F8\213\211q:3c\363\257\375\237\371"
  22      6062D062 
  22      40004638 
  22      8B89713A 
  22      3363F3AF 
  23 0017 EAFF3648 		.ascii	"\352\3776H\314gfX\314\014\222_\316X\317\300\310\002"
  23      CC676658 
  23      CC0C925F 
  23      CE58CFC0 
  23      C802
  24 0029 640100B9 		.ascii	"d\001\000\271F\010\227"
  24      460897
  25              		.text
  26              		.section	.gnu.lto_.inline.ae02ea31,"",%progbits
  27 0000 789C6365 		.ascii	"x\234ce`b\260c@\000F\006\006\236\313@\222\011\310f["
  27      6062B063 
  27      40004606 
  27      069ECB40 
  27      9209C866 
  28 0015 20CF0416 		.ascii	" \317\004\026\343\302G0q\203t\201\231\014\000u\366\002"
  28      E3C24730 
  28      71837481 
  28      990C0075 
  28      F602
  29 0027 4B       		.ascii	"K"
  30              		.text
  31              		.section	.gnu.lto_.pureconst.ae02ea31,"",%progbits
  32 0000 789C6365 		.ascii	"x\234ce`b`f```d\220\000\000\000\204\000$"
ARM GAS  C:\Users\User\AppData\Local\Temp\ccK2Stgk.s 			page 2


  32      60626066 
  32      60606064 
  32      90000000 
  32      840024
  33              		.text
  34              		.section	.gnu.lto_halInit.ae02ea31,"",%progbits
  35 0000 789C75D1 		.ascii	"x\234u\321?H\002Q\030\000\360\357\273\347\277\"\245"
  35      3F480251 
  35      1800F0EF 
  35      BBE7BF22 
  35      A5
  36 0011 A1C1B0A1 		.ascii	"\241\301\260\241\325%\221 \241\325\251\032[\205(\035"
  36      D5259120 
  36      A1D5A91A 
  36      5B85281D 
  37 0021 94A283AC 		.ascii	"\224\242\203\254\034\357\314B0\250\0263\203\270\253"
  37      1CEFCC42 
  37      30A81633 
  37      83B8AB
  38 0030 082D4BD3 		.ascii	"\010-K\323jpJ\334Z\012jl*\242!\013\202\266B\355{\032"
  38      6A704ADC 
  38      5A0A6A6C 
  38      2AA2210B 
  38      82B642ED 
  39 0046 71C3F9E0 		.ascii	"q\303\371\340\335\273\373\276\037\337\373\356=#\010"
  39      DDBBFBBE 
  39      1FDFFBEE 
  39      3D2308
  40 0055 60170026 		.ascii	"`\027\000&\000\300A\023\031\240\260u\013\020\265\010"
  40      00C04113 
  40      19A0B075 
  40      0B10B508 
  41 0065 88FC45B6 		.ascii	"\210\374E\266 H\002J\270\311R\014\253\361\327\262\340"
  41      2048024A 
  41      B8C9520C 
  41      ABF1D7B2 
  41      E0
  42 0076 CCC8342A 		.ascii	"\314\3104*\251\317~9[A\205\001\244i\362\201\031t\002"
  42      A9CF7E39 
  42      5B418501 
  42      A469F281 
  42      197402
  43 0089 B1E76223 		.ascii	"\261\347b#i5\031\332q\314\242\011i-\334cEn4\343r\345"
  43      693519DA 
  43      71CCA209 
  43      692DDC63 
  43      456E34E3 
  44 009f E5001FC6 		.ascii	"\345\000\037\306\273\001\022\224\346{\2543\201\257\254"
  44      BB011294 
  44      E67BAC33 
  44      81AFAC
  45 00ae 8631F5C7 		.ascii	"\2061\365\307\301=/R.\277?\232\245\272lQ\030\246\031"
  45      C13D2F52 
  45      2EBF3F9A 
  45      A5BA6C51 
  45      18A619
  46 00c1 55C06394 		.ascii	"U\300c\224@![\303U\365\250G\307\2614e\001O\310Qb{\255"
ARM GAS  C:\Users\User\AppData\Local\Temp\ccK2Stgk.s 			page 3


  46      40215BC3 
  46      55F5A847 
  46      C7B13465 
  46      014FC851 
  47 00d8 7A67DE60 		.ascii	"zg\336`\0123 \377\214}_\177\331\310\331)p\310\033\243"
  47      0A3320FF 
  47      8C7D5F7F 
  47      D9C8D929 
  47      70C81BA3 
  48 00ec D8CD6E6E 		.ascii	"\330\315nnV\301\275h\257\302\214xJ\177\231\303\201V"
  48      56C1BD68 
  48      AFC28C78 
  48      4A7F99C3 
  48      8156
  49 00fe A2F956CA 		.ascii	"\242\371V\312w\021\336\221\345A^\340\014\025lm\210y"
  49      7711DE91 
  49      E5415EE0 
  49      0C156C6D 
  49      8879
  50 0110 94146602 		.ascii	"\224\024f\002\336kQ\257\007\352\225\212c\341\277\327"
  50      DE6B51AF 
  50      07EA958A 
  50      63E1BFD7 
  51 0120 98BA6FD5 		.ascii	"\230\272o\325w\006r\347\032W\357\340\214\344\212\032"
  51      770672E7 
  51      1A57EFE0 
  51      8CE48A1A 
  52 0130 7765D377 		.ascii	"we\323w&r%\215{\352\323wfr\027\332};8\013\271\313?\367"
  52      2672258D 
  52      7BEAD377 
  52      667217DA 
  52      7D3B380B 
  53 0148 812B6A26 		.ascii	"\201+j&\331>\003>\022t#tgt\334c\336Q\237?\030\232\011"
  53      D93E033E 
  53      12742374 
  53      6774DC63 
  53      DE519F3F 
  54 015f F9BCFC39 		.ascii	"\371\274\3749\271\270\024\010\211n\317\362\360T$4\037"
  54      B9B81408 
  54      896ECFF2 
  54      F0542434 
  54      1F
  55 0170 1023616D 		.ascii	"\020#am\274-\305\260\3333\342\022\303\256\340\364\234"
  55      BC2DC5B0 
  55      DB33E212 
  55      C3AEE0F4 
  55      9C
  56 0181 2BBCE0E7 		.ascii	"+\274\340\347\353\220\037~\001C:\310\357"
  56      EB901F7E 
  56      01433AC8 
  56      EF
  57              		.text
  58              		.section	.gnu.lto_.symbol_nodes.ae02ea31,"",%progbits
  59 0000 789C55C9 		.ascii	"x\234U\311\273\015\3020\030E\341\343\3538\011S\300("
  59      BB0DC230 
  59      1845E1E3 
  59      EB380953 
ARM GAS  C:\Users\User\AppData\Local\Temp\ccK2Stgk.s 			page 4


  59      C028
  60 0012 30D9EF22 		.ascii	"0\331\357\"\242f\000\336\204%\250Sg\006\220\\2\003\302"
  60      A26600DE 
  60      8425A853 
  60      6706905C 
  60      3203C2
  61 0025 B8C2B739 		.ascii	"\270\302\2679\322w\003\"\221\247\275\014v3\344<\342"
  61      D2770322 
  61      91A7BD0C 
  61      7633E43C 
  61      E2
  62 0036 06C249AC 		.ascii	"\006\302I\254\362\343\3562W\036\210q\235a\224\251\202"
  62      F2E3EE32 
  62      571E8871 
  62      9D6194A9 
  62      82
  63 0047 9BCC5770 		.ascii	"\233\314Wp\2255\025\\d\241\202\263\254\255\340(\353"
  63      9535155C 
  63      64A182B3 
  63      ACADE028 
  63      EB
  64 0058 2A38C8FA 		.ascii	"*8\310\372\177\360,\030\237\037\347\351\231J;Ri\313"
  64      7FF02C18 
  64      9F1FE7E9 
  64      994A3B52 
  64      69CB
  65 006a F0FA3530 		.ascii	"\360\37250\2266L\245\236T*\206\355{\311\027\272\222"
  65      96364CA5 
  65      9E542A86 
  65      ED7BC917 
  65      BA92
  66 007c 38E9     		.ascii	"8\351"
  67              		.text
  68              		.section	.gnu.lto_.refs.ae02ea31,"",%progbits
  69 0000 789C6365 		.ascii	"x\234ce`b`c```d`bdb\000\000\000\275\000\024"
  69      60626063 
  69      60606064 
  69      60626462 
  69      000000BD 
  70              		.text
  71              		.section	.gnu.lto_.decls.ae02ea31,"",%progbits
  72 0000 789CBD57 		.ascii	"x\234\275WkPTG\026\276}{^\014\203X\220\332\365\207\265"
  72      6B505447 
  72      16BE7D7B 
  72      5E0C8358 
  72      90DAF587 
  73 0015 4B5958F2 		.ascii	"KYX\362#\201\200\211\244\366\307\256Y\214JB\224\255"
  73      23818089 
  73      A4F6C7AE 
  73      598C4A42 
  73      94AD
  74 0027 3C7E6C51 		.ascii	"<~lQ550\243L\012\230\331\231!\306\332?\327\360\024\004"
  74      353530A3 
  74      4C0A98D9 
  74      9921C6DA 
  74      3FD7F014 
  75 003c 3426512C 		.ascii	"4&Q,5\032\254\010\221\000A4\276\035|\000\022^\352\212"
ARM GAS  C:\Users\User\AppData\Local\Temp\ccK2Stgk.s 			page 5


  75      351AAC08 
  75      91004134 
  75      BE1D7C00 
  75      125EEA8A 
  76 0050 10792D20 		.ascii	"\020y- \273\276\020\024\345!0{\272\373^\356e ?RR{\213"
  76      BBBE1014 
  76      E521307B 
  76      BAFB5EEE 
  76      65203F52 
  77 0067 73FB9E3E 		.ascii	"s\373\236>_\177\347t\237\323=\215\232\343\271O\3748"
  77      5F7FE774 
  77      9FD33D8D 
  77      9AE3B94F 
  77      FC38
  78 0079 6EB99AE3 		.ascii	"n\271\232\343\2528\216\363\300\303C\373\003\010\002"
  78      AA388EF3 
  78      C0C343FB 
  78      030802
  79 0088 19E6D8E3 		.ascii	"\031\346\330\343\0032\0062\0012\0112\3151\000\017\242"
  79      03320632 
  79      01320932 
  79      CD31000F 
  79      A2
  80 0099 02D181E8 		.ascii	"\002\321\201\350\021\033c@\334\254g\030t-\264\037\203"
  80      111B6340 
  80      DCAC6718 
  80      742DB41F 
  80      83
  81 00aa F8C1F728 		.ascii	"\370\301\367(\264\213\020\343\036\002\321\242\331>\364"
  81      B48B10E3 
  81      1E02D1A2 
  81      D93EF4
  82 00b9 229F4AE4 		.ascii	"\"\237J\344'\244\323\242\337\011n~\037{0\272\236^\261"
  82      27A4D3A2 
  82      DF096E7E 
  82      1F7B30BA 
  82      9E5EB1
  83 00cc 1FE76314 		.ascii	"\037\347c\024\240G*P\207\033\367\365-\002\365\025=\012"
  83      A0472A50 
  83      871BF7F5 
  83      2D02F515 
  83      3D0A
  84 00de 0235AF64 		.ascii	"\0025\257d\372\217\314\270\227\007\365\324\371G\021"
  84      FA8FCCB8 
  84      9707F5D4 
  84      F94711
  85 00ed 4C5D0ADA 		.ascii	"L]\012\332\231\316a\267/\303\366 2V\310\31320\363\030"
  85      99CE61B7 
  85      2FC3F620 
  85      3256C8CB 
  85      3230F318 
  86 0101 D1AFB51E 		.ascii	"\321\257\265\036\030\324c\210\005\276\007\323\357\366"
  86      18D46388 
  86      05BE07D3 
  86      EFF6
  87 010f F832DB12 		.ascii	"\3702\333\022Po\0145\034\020\325\305\240vl\317<\250"
  87      506F0C35 
ARM GAS  C:\Users\User\AppData\Local\Temp\ccK2Stgk.s 			page 6


  87      1C10D5C5 
  87      A0766CCF 
  87      3CA8
  88 0121 C13E14D9 		.ascii	"\301>\024\331YWr\214\004\264B\217\310\262\372CW\371"
  88      5957728C 
  88      04B4428F 
  88      C8B2FA43 
  88      57F9
  89 0133 C3D3E37E 		.ascii	"\303\323\343~\254\213 \272\307\213\327\206\226\012\354"
  89      AC8B20BA 
  89      C78BD786 
  89      960AEC
  90 0142 D1FD419E 		.ascii	"\321\375A\236\313\215\202'G\264\370\367\004\304\027"
  90      CB8D8227 
  90      47B4F8F7 
  90      04C417
  91 0151 D6DFBEA4 		.ascii	"\326\337\276\244B!\372\357\010\310}{d\305\256,A\340"
  91      4221FAEF 
  91      08C87D7B 
  91      64C5AE2C 
  91      41E0
  92 0163 D149A447 		.ascii	"\321I\244GU\010\243\343(\224\254\311\012=\274\263\005"
  92      5508A3E3 
  92      2894ACC9 
  92      0A3DBCB3 
  92      05
  93 0174 E1736167 		.ascii	"\341sag\232\340\263\236C\305h):\212\226r\350\004\012"
  93      9AE0B39E 
  93      43C56829 
  93      3A8A9672 
  93      E8040A
  94 0187 21FE080E 		.ascii	"!\376\010\016UB\347\217\320\011.J\216\354\372V\203\213"
  94      5542E78F 
  94      D0092E4A 
  94      8EECFA56 
  94      838B
  95 0199 11F55173 		.ascii	"\021\365Qs\341N\233\012\351C\346%8=\017\001\013\246"
  95      E14E9B0A 
  95      E943E625 
  95      383D0F01 
  95      0BA6
  96 01ab B96C594D 		.ascii	"\271lYM\006\011\346\024\004\363\223\034\014\304\306"
  96      0609E614 
  96      04F3931C 
  96      0CC4C6
  97 01ba E6D17BA6 		.ascii	"\346\321{\246c\033\217\217\261\225\333wv\244^\315\226"
  97      631B8F8F 
  97      B195DB77 
  97      76A45ECD 
  97      96
  98 01cb 4A07EAE3 		.ascii	"J\007\352\343\335W\033y\\\316l\003mi\205\032|\202);"
  98      DD571B79 
  98      5CCE6C03 
  98      6D69851A 
  98      7C82293B 
  99 01df A7DA050D 		.ascii	"\247\332\005\015>\317\224\274\307c\207U\370\012S\332"
  99      3ECF94BC 
ARM GAS  C:\Users\User\AppData\Local\Temp\ccK2Stgk.s 			page 7


  99      C7638755 
  99      F80A53DA 
 100 01ef D3465BFD 		.ascii	"\323F[\375p=U|2\313OU\031P0y\002\203\203C\276%\261\273"
 100      703D557C 
 100      32CB4F55 
 100      19503079 
 100      02838343 
 101 0207 3DEDAFD6 		.ascii	"=\355\257\326=\351\027\204/\0144(7\004U\203\002\345"
 101      3DE91784 
 101      2F0C3428 
 101      37045583 
 101      02E5
 102 0219 C994C18B 		.ascii	"\311\224\301\213C\341\360\342\330\200\211?\027\012\356"
 102      43E1F0E2 
 102      D880893F 
 102      170AEE
 103 0228 744CD117 		.ascii	"tL\321\027\275\321a^\340\373\177\221\301\347\274\301"
 103      BDD1615E 
 103      E0FB7F91 
 103      C1E7BCC1 
 104 0238 67297531 		.ascii	"g)u1Rp+\340g\274\341\345\336\221\374\242@\237\237\237"
 104      52702BE0 
 104      67BCE1E5 
 104      DE91FCA2 
 104      409F9F9F 
 105 024c 9CA27791 		.ascii	"\234\242w\221\265\337)\010\253U\034:\006\366\357\251"
 105      B5DF2908 
 105      AB551C3A 
 105      06F6EFA9 
 106 025c 89A061F9 		.ascii	"\211\240a\371\3215\310\326%\024\214jA\256\202\\\006"
 106      D135C8D6 
 106      25148C6A 
 106      41AE825C 
 106      06
 107 026d B9025207 		.ascii	"\271\002R\007R\215\202i\2051\177\365\012\177\027\346"
 107      528D8269 
 107      85317FF5 
 107      0A7F17E6 
 108 027d 9DB9722E 		.ascii	"\235\271r.\365\353et\305\374sapV\032\203\027\002\266"
 108      F5EB6574 
 108      C5FC7361 
 108      70561A83 
 108      1702B6
 109 0290 09022230 		.ascii	"\011\002\"0N,\013\261\266/N\247\267hp\025\246\205w$"
 109      4E2C0BB1 
 109      B62F4EA7 
 109      B7687015 
 109      A6857724 
 110 02a4 A7E1A40E 		.ascii	"\247\341\244\016\005\206\3147'\324\000S\371-\323b\236"
 110      0586CC37 
 110      27D40053 
 110      F92DD362 
 110      9E
 111 02b5 07EA34B0 		.ascii	"\007\3524\260\231\320\3170\260^.I\022\007u/\355\365"
 111      99D0CF30 
 111      B05E2E49 
 111      1207752F 
ARM GAS  C:\Users\User\AppData\Local\Temp\ccK2Stgk.s 			page 8


 111      EDF5
 112 02c7 0071AF67 		.ascii	"\000q\257g5>;\312\343Z\032\016\2528\227\376h\0213\272"
 112      353E3BCA 
 112      E35A1A0E 
 112      AA3897FE 
 112      681133BA 
 113 02db 893137A3 		.ascii	"\21117\243`\273\02671\343\323\342\312\203:f,&\306{S"
 113      60BB1637 
 113      31E3D3E2 
 113      CA833A66 
 113      2C26C67B 
 114 02f0 350FD4F8 		.ascii	"5\017\324\370\0263\2266\326v\210\247O61\336\034m\311"
 114      16339636 
 114      D67688A7 
 114      4F3631DE 
 114      1C6DC9
 115 0303 D2E30E66 		.ascii	"\322\343\016f\364\334k/\362a\306!\242\347\234\330]\344"
 115      F4DC6B2F 
 115      F261C621 
 115      A2E79CD8 
 115      5DE4
 116 0315 8FFB98F1 		.ascii	"\217\373\230\361\346\300\341t\361\260i!z~\301\361\037"
 116      E6C0E174 
 116      F1B06921 
 116      7A7EC1F1 
 116      1F
 117 0326 F5F83E33 		.ascii	"\365\370>3\026\017\354\317\027\215o\201z\242\361T\227"
 117      160FECCF 
 117      178D6F81 
 117      7AA2F154 
 117      97
 118 0337 1A0F335B 		.ascii	"\032\0173[\307\223\326,_<\306\224\362\311/\217j\260"
 118      C793D62C 
 118      5F3CC694 
 118      F2C92F8F 
 118      6AB0
 119 0349 87292DFB 		.ascii	"\207)-\373\017H;\255\212\234vy\345\036\035;\336\016"
 119      0F483BAD 
 119      8A9C7679 
 119      E51E1D3B 
 119      DE0E
 120 035b 05120F85 		.ascii	"\005\022\017\205\235\025z\234\251\"X\277\251\356\221"
 120      9D157A9C 
 120      A92258BF 
 120      A9EE91
 121 036a 8BBE2830 		.ascii	"\213\276(0x\346\011\011V&\243\013\222\321I\263\333#"
 121      78E60909 
 121      5626A30B 
 121      92D149B3 
 121      DB23
 122 037c 66E20164 		.ascii	"f\342\001d\242\027V}\000\344\277 wA\372A\356\201\334"
 122      A217567D 
 122      00E4BF20 
 122      7741FA41 
 122      EE81DC
 123 038f 077908F2 		.ascii	"\007y\010\362\037\220\177\203\364\311\005G2\323\024"
 123      1F907F83 
ARM GAS  C:\Users\User\AppData\Local\Temp\ccK2Stgk.s 			page 9


 123      F4C90547 
 123      32D314
 124 039e B05B10EA 		.ascii	"\260[\020\352^\247\271\371\001rC(g\262]:{\373\000\376"
 124      5EA7B9F9 
 124      01724328 
 124      67B25D3A 
 124      7BFB00FE 
 125 03b2 D2BBDB68 		.ascii	"\322\273\333h\311\021x\2077|\326\326$\340\2152\270\333"
 125      C9117887 
 125      377CD6D6 
 125      24E08D32 
 125      B8DB
 126 03c4 1B5C82BC 		.ascii	"\033\\\202\274\32112\272\325\033}\313\033\335\373\236"
 126      D13132BA 
 126      D51B7DCB 
 126      1BDDFB9E 
 127 03d4 8C6EF346 		.ascii	"\214n\363F\337\236\023w\257\"\356;\336\360\262\271\323"
 127      DF9E1377 
 127      AF22EE3B 
 127      DEF0B2B9 
 127      D3
 128 03e5 DC20C39B 		.ascii	"\334 \303\233\274\341\215s\"W\304\362\2137\272}N\344"
 128      BCE18D73 
 128      2257C4F2 
 128      8B37BA7D 
 128      4EE4
 129 03f7 8A79FECB 		.ascii	"\212y\376\313\033}sn(\357\313\360\033\336\360\3532\271"
 129      1B7D736E 
 129      28EFCBF0 
 129      1BDEF0EB 
 129      32B9
 130 0409 B8C7AFB1 		.ascii	"\270\307\257\261=\3363{\217\213\311nT$\273\305\233\253"
 130      3DDE337B 
 130      8F8BC96E 
 130      5424BBC5 
 130      9BAB
 131 041b 59E11A2A 		.ascii	"Y\341\032*\262z\374a\206?\316\243\025\311Ou\364\277"
 131      B27AFC61 
 131      863FCEA3 
 131      15C94F75 
 131      F4BF
 132 042d E9752448 		.ascii	"\351u$HU\210\036C\361\275L!\262\300[\233\351\0211\010"
 132      55881E43 
 132      F1BD4C21 
 132      B2C05B9B 
 132      E9113108 
 133 0441 448FE423 		.ascii	"D\217\344#\242G:\"\016\364\270\373\324\201\242\377\354"
 133      A2473A22 
 133      0EF4B8FB 
 133      D481A2FF 
 133      EC
 134 0452 5FF3CFFD 		.ascii	"_\363\317\375f\347\344\247\355\331\331\257\260!g\346"
 134      66E7E4A7 
 134      EDD9D9AF 
 134      B02167E6 
 135 0462 67160D29 		.ascii	"g\026\015)\216Q\016\015#\003\275XA\013\340\223yW\316"
 135      8E510E0D 
ARM GAS  C:\Users\User\AppData\Local\Temp\ccK2Stgk.s 			page 10


 135      2303BD58 
 135      410BE093 
 135      7957CE
 136 0475 F35D50FA 		.ascii	"\363]P\372p#C\213)\005B\354\215\250P\325#=\010\321~"
 136      7023438B 
 136      290542EC 
 136      8DA850D5 
 136      233D08D1 
 137 048a E8E539F1 		.ascii	"\350\3459\361*&u!i\204\250\363\242\312\213\224\364O"
 137      2A267521 
 137      6984A8F3 
 137      A2CA8B94 
 137      F44F
 138 049c 1C8C148C 		.ascii	"\034\214\024\214\314\314<I\017\273\201\261\017:L\032"
 138      CCCC3C49 
 138      0FBB81B1 
 138      0F3A4C1A 
 139 04ac 8D78D901 		.ascii	"\215x\331\001B\312\001\012B\026\266h\237\211\217\223"
 139      42CA010A 
 139      4216B668 
 139      9F898F93 
 140 04bc 2787A4A5 		.ascii	"'\207\244\245\032.l\030\320w\303\262C\317\241\325\210"
 140      1A2E6C18 
 140      D077C3B2 
 140      43CFA1D5 
 140      88
 141 04cd F60D1D17 		.ascii	"\366\015\035\027z\365x\017\255\023t\3253\352\366g\247"
 141      7AF5780F 
 141      AD1374D5 
 141      33EAF667 
 141      A7
 142 04de 1CAFB889 		.ascii	"\034\257\270\211\275\302nbc\333nU\353\227|M\257Vi\302"
 142      BDC26E62 
 142      63DB6E55 
 142      EB977C4D 
 142      AF5669C2 
 143 04f2 621E7DFC 		.ascii	"b\036}\374;\364\034\026\372\031]\350Q\264\004\336\361"
 143      3BF41C16 
 143      FA195DE8 
 143      51B404DE 
 143      F1
 144 0503 2AB1FC5A 		.ascii	"*\261\374Z\362\316\352\227\035\022\016\365\300\005\""
 144      F2CEEA97 
 144      1D120EF5 
 144      C00522
 145 0512 178F9566 		.ascii	"\027\217\225f\012-0l5\305\241\021\271D\340\023\336O"
 145      0A2D306C 
 145      35C5A111 
 145      B944E013 
 145      DE4F
 146 0524 E180414F 		.ascii	"\341\200AO\240(8\270\036.#\277!\225\203\335j|\217\205"
 146      A02838B8 
 146      1E2E23BF 
 146      219583DD 
 146      6A7C8F85 
 147 0538 B5ABB2A5 		.ascii	"\265\253\262\245\027\003Y\017\024Z\355A\\\226V\263C"
 147      1703590F 
ARM GAS  C:\Users\User\AppData\Local\Temp\ccK2Stgk.s 			page 11


 147      145AED41 
 147      5C9656B3 
 147      43
 148 0549 388C18D5 		.ascii	"8\214\030\325\270L5N\250\310\307\004\245h\030\350\374"
 148      B84C354E 
 148      A8C8C704 
 148      A56818E8 
 148      FC
 149 055a 27AE5653 		.ascii	"'\256VS\206\262\257\232\037kE\206;\247\361\203\361~"
 149      86B2AF9A 
 149      1F6B4586 
 149      3BA7F183 
 149      F17E
 150 056c 215BCF08 		.ascii	"![\317\010^\310\004/$\202IJ\320\\_4\351\207\3134\224"
 150      5EC8042F 
 150      2482494A 
 150      D05C5F34 
 150      E987CB34 
 151 0581 E1EB73D5 		.ascii	"\341\353s\325?\373\210\014\017\232pII\246;\226\021L"
 151      3FFB880C 
 151      0F9A7049 
 151      49A63B96 
 151      114C
 152 0593 C9045312 		.ascii	"\311\004S\022\3014%\030;\375e\255\036\347h\331-\267"
 152      C1342518 
 152      3BFD65AD 
 152      1EE768D9 
 152      2DB7
 153 05a5 E5589B41 		.ascii	"\345X\233A$\270y\037_\224\011<2\201G\"\020xB0x\275\377"
 153      24B8791F 
 153      5F94093C 
 153      32814722 
 153      10784230 
 154 05bc B916F733 		.ascii	"\271\026\3673\2023#\265\225\322*\364M\341\361\242\031"
 154      823323B5 
 154      95D22AF4 
 154      4DE1F1A2 
 154      19
 155 05cd 02B8104A 		.ascii	"\002\270\020J\004\360\311\010>\247\004\371{\334w4\370"
 155      04F0C908 
 155      3EA704F9 
 155      7BDC7734 
 155      F8
 156 05de 828E5D02 		.ascii	"\202\216]\002\257t\334\365\027\011\236\356UO\034\235"
 156      AF74DCF5 
 156      17099EEE 
 156      554F1C9D 
 157 05ee 21489309 		.ascii	"!H\223\011\322$\202tJ\360}i\341]\037\274\227]\277\013"
 157      D2248274 
 157      4AF07D69 
 157      E15D1FBC 
 157      975DBF0B 
 158 0602 6F8D3ED4 		.ascii	"o\215>\324\250x\266\233H\252\241\357\362\215\266\002"
 158      A878B69B 
 158      48AAA1EF 
 158      F28DB602 
 159 0612 D5AF1645 		.ascii	"\325\257\026E\026O\212\"\223\027\253\342H\363\324O:"
ARM GAS  C:\Users\User\AppData\Local\Temp\ccK2Stgk.s 			page 12


 159      164F8A22 
 159      9317ABE2 
 159      48F3D44F 
 159      3A
 160 0623 318217ED 		.ascii	"1\202\027\355\257\356`S\000\020\312\220#\310\220\"\310"
 160      AFEE6053 
 160      0010CA90 
 160      23C89022 
 160      C8
 161 0634 A611141E 		.ascii	"\246\021\024\036,\250\300\370;\026\301\027\373&\233"
 161      2CA8C0F8 
 161      3B16C117 
 161      FB269B
 162 0643 78298F65 		.ascii	"x)\217e\352i\217\234\307\3552\303v\211!\2072\324].{"
 162      EA698F9C 
 162      C7ED32C3 
 162      76892187 
 162      32D45D2E 
 163 0658 EE8B77B3 		.ascii	"\356\213w\263\177\020\272j\352\012U\313\213\204!\201"
 163      7F10BA6A 
 163      EA0A55CB 
 163      8B842181 
 164 0668 DC6CDFCA 		.ascii	"\334l\337\312Mk\022\204\303<=4r\031\203\342\007:\227"
 164      4D6B1284 
 164      C33C3D34 
 164      721983E2 
 164      073A97
 165 067b 10A11DFC 		.ascii	"\020\241\035\374r\362\237\305\330\355.\203\362\234!"
 165      72F29FC5 
 165      D8ED2E83 
 165      F29C21
 166 068a 4EE57326 		.ascii	"N\345s&\2177H\356\341\223\236K\337\264\252\224x2M\031"
 166      8F3748EE 
 166      E1939E4B 
 166      DFB4AA94 
 166      78324D19 
 167 069e 9FCFB373 		.ascii	"\237\317\263s\211\264\232\330w\327\230\\&\225i\223#"
 167      89B49AD8 
 167      77D7985C 
 167      26956993 
 167      23
 168 06af 49B76EC3 		.ascii	"I\267n\303GAQ\341\341\234\336hL\265\246\270VF\030]\351"
 168      474151E1 
 168      E19CDE68 
 168      4CB5A6B8 
 168      5646185D 
 169 06c4 28E14F71 		.ascii	"(\341Oq\011\211\326x+{;]\251f\253-<\362\323\225\306"
 169      0989D678 
 169      2B7B3B5D 
 169      A966AB2D 
 169      3CF2D395 
 170 06d9 2DD614B3 		.ascii	"-\326\024\263m\213S\331\037\347\262\331\222\234q\233"
 170      6D8B53D9 
 170      1FE7B2D9 
 170      929C719B 
 171 06e9 535283E8 		.ascii	"SR\203\350W\220\311\221\034dI\216\267\230\315\026s\334"
 171      5790C991 
ARM GAS  C:\Users\User\AppData\Local\Temp\ccK2Stgk.s 			page 13


 171      1C64498E 
 171      B798CD16 
 171      73DC
 172 06fb AAD09541 		.ascii	"\252\320\225A\021\257\207G\376#<\016\372_K\261\245X"
 172      11AF8747 
 172      FE233C0E 
 172      FA5F4BB1 
 172      A558
 173 070d 5EB39880 		.ascii	"^\263\230\200\331\232\222\220\224j\266\304%\233\200"
 173      D99A9290 
 173      946AB6C4 
 173      259B80
 174 071c 2BC51267 		.ascii	"+\305\022g4[6\231R\223\\F\327V\273\305\031\232\310\351"
 174      345B3699 
 174      52935C46 
 174      D756BBC5 
 174      199AC8E9 
 175 0730 A470B6FE 		.ascii	"\244p\266\376\037\243qnu\306\031\235.3\270\206\020\260"
 175      1FA3716E 
 175      75C6199D 
 175      2E33B886 
 175      10B0
 176 0742 CDEC50DB 		.ascii	"\315\354P\333S\355f\207\326\346\264[,f\207\306F\302"
 176      53ED6687 
 176      D6E6B45B 
 176      2C6687C6 
 176      46C2
 177 0754 73A8936D 		.ascii	"s\250\223mf\213\203,`\2429J\212.\212\274?\230\033\235"
 177      668B832C 
 177      60A2394A 
 177      8A2E8ABC 
 177      3F981B9D 
 178 0768 A29F216D 		.ascii	"\242\237!m\316\360\310Ua6gX\242))\314ns\270\234a\037"
 178      CEF0C855 
 178      61366758 
 178      A22929CC 
 178      6E73B89C 
 179 077e 7CF8FECA 		.ascii	"|\370\376\312\210\260\230\2305a\353b\2437~\032ALF;H"
 179      88B09898 
 179      3561EB62 
 179      A3377E1A 
 179      414C463B 
 180 0793 52921902 		.ascii	"R\222\031\002\011p\272\222a)6\333\2556\243\323\342J"
 180      0970BA92 
 180      612936DB 
 180      AD36A3D3 
 180      E24A
 181 07a5 B51B5D9A 		.ascii	"\265\033]\232\330h\222DM\354z\326\254c\315Z\326\274"
 181      D8689244 
 181      4DEC7AD6 
 181      AC63CD5A 
 181      D6BC
 182 07b7 C39A35AC 		.ascii	"\303\2325\254\211b\315_Y\3636k\336#\215O\354\3331Q\266"
 182      8962CD5F 
 182      59F3366B 
 182      DE238D4F 
 182      ECDB3151 
ARM GAS  C:\Users\User\AppData\Local\Temp\ccK2Stgk.s 			page 14


 183 07cc 944DD6CD 		.ascii	"\224M\326\315"
 184 07d0 5AF0189D 		.ascii	"Z\360\030\235buE\277\344|\234\216\004\322\206&p\032"
 184      627545BF 
 184      E47C9C8E 
 184      04D28626 
 184      701A
 185 07e2 A78B10C6 		.ascii	"\247\213\020\306\276$\241\230\032\272\"N\222\025\237"
 185      BE24A198 
 185      1ABA224E 
 185      92159F
 186 07f1 789BC961 		.ascii	"x\233\311a&\324\361/IM\211\310\342\0337|\024\025\363"
 186      26D4F12F 
 186      494D89C8 
 186      E21B377C 
 186      1415F3
 187 0804 CEC6F037 		.ascii	"\316\306\3607\3360\256\215\\\025\371\367hf\002g\032"
 187      DE30AE8D 
 187      5C15F9F7 
 187      68660267 
 187      1A
 188 0815 27F5F4E1 		.ascii	"'\365\364\341BN\302\342\260\302\002%rZ\373\226dB\376"
 188      424EC2E2 
 188      B0C20225 
 188      725AFB96 
 188      6442FE
 189 0828 B7052407 		.ascii	"\267\005$\007J\302\274\331\356Zhf\240$\314&s\302B3\003"
 189      4AC2BCD9 
 189      EE5A6866 
 189      A024CC26 
 189      73C24233 
 190 083d 2530FB49 		.ascii	"%0\373I\365n\264\002\277!Q\241\030\027p\217\321\367"
 190      F56EB402 
 190      BF2151A1 
 190      1817708F 
 190      D1F7
 191 084f DAC8CF3E 		.ascii	"\332\310\317>\013K\224\267\027\361,\235?\011t;\374\017"
 191      0B4B94B7 
 191      17F12C9D 
 191      3F09743B 
 191      FC0F
 192 0861 C4BBAACF 		.ascii	"\304\273\252\317"
 193              		.text
 194              		.section	.gnu.lto_.symtab.ae02ea31,"",%progbits
 195 0000 68616C49 		.ascii	"halInit\000"
 195      6E697400 
 196 0008 00       		.ascii	"\000"
 197 0009 00       		.ascii	"\000"
 198 000a 00       		.ascii	"\000"
 199 000b 00000000 		.ascii	"\000\000\000\000\000\000\000\000"
 199      00000000 
 200 0013 F8000000 		.ascii	"\370\000\000\000"
 201 0017 70616C5F 		.ascii	"pal_default_config\000"
 201      64656661 
 201      756C745F 
 201      636F6E66 
 201      696700
 202 002a 00       		.ascii	"\000"
ARM GAS  C:\Users\User\AppData\Local\Temp\ccK2Stgk.s 			page 15


 203 002b 02       		.ascii	"\002"
 204 002c 00       		.ascii	"\000"
 205 002d 00000000 		.ascii	"\000\000\000\000\000\000\000\000"
 205      00000000 
 206 0035 0C010000 		.ascii	"\014\001\000\000"
 207 0039 7374496E 		.ascii	"stInit\000"
 207      697400
 208 0040 00       		.ascii	"\000"
 209 0041 02       		.ascii	"\002"
 210 0042 00       		.ascii	"\000"
 211 0043 00000000 		.ascii	"\000\000\000\000\000\000\000\000"
 211      00000000 
 212 004b FA000000 		.ascii	"\372\000\000\000"
 213 004f 626F6172 		.ascii	"boardInit\000"
 213      64496E69 
 213      7400
 214 0059 00       		.ascii	"\000"
 215 005a 02       		.ascii	"\002"
 216 005b 00       		.ascii	"\000"
 217 005c 00000000 		.ascii	"\000\000\000\000\000\000\000\000"
 217      00000000 
 218 0064 FC000000 		.ascii	"\374\000\000\000"
 219 0068 7364496E 		.ascii	"sdInit\000"
 219      697400
 220 006f 00       		.ascii	"\000"
 221 0070 02       		.ascii	"\002"
 222 0071 00       		.ascii	"\000"
 223 0072 00000000 		.ascii	"\000\000\000\000\000\000\000\000"
 223      00000000 
 224 007a FE000000 		.ascii	"\376\000\000\000"
 225 007e 70776D49 		.ascii	"pwmInit\000"
 225      6E697400 
 226 0086 00       		.ascii	"\000"
 227 0087 02       		.ascii	"\002"
 228 0088 00       		.ascii	"\000"
 229 0089 00000000 		.ascii	"\000\000\000\000\000\000\000\000"
 229      00000000 
 230 0091 00010000 		.ascii	"\000\001\000\000"
 231 0095 67707449 		.ascii	"gptInit\000"
 231      6E697400 
 232 009d 00       		.ascii	"\000"
 233 009e 02       		.ascii	"\002"
 234 009f 00       		.ascii	"\000"
 235 00a0 00000000 		.ascii	"\000\000\000\000\000\000\000\000"
 235      00000000 
 236 00a8 02010000 		.ascii	"\002\001\000\000"
 237 00ac 61646349 		.ascii	"adcInit\000"
 237      6E697400 
 238 00b4 00       		.ascii	"\000"
 239 00b5 02       		.ascii	"\002"
 240 00b6 00       		.ascii	"\000"
 241 00b7 00000000 		.ascii	"\000\000\000\000\000\000\000\000"
 241      00000000 
 242 00bf 04010000 		.ascii	"\004\001\000\000"
 243 00c3 5F70616C 		.ascii	"_pal_lld_init\000"
 243      5F6C6C64 
 243      5F696E69 
ARM GAS  C:\Users\User\AppData\Local\Temp\ccK2Stgk.s 			page 16


 243      7400
 244 00d1 00       		.ascii	"\000"
 245 00d2 02       		.ascii	"\002"
 246 00d3 00       		.ascii	"\000"
 247 00d4 00000000 		.ascii	"\000\000\000\000\000\000\000\000"
 247      00000000 
 248 00dc 08010000 		.ascii	"\010\001\000\000"
 249 00e0 68616C5F 		.ascii	"hal_lld_init\000"
 249      6C6C645F 
 249      696E6974 
 249      00
 250 00ed 00       		.ascii	"\000"
 251 00ee 02       		.ascii	"\002"
 252 00ef 00       		.ascii	"\000"
 253 00f0 00000000 		.ascii	"\000\000\000\000\000\000\000\000"
 253      00000000 
 254 00f8 0A010000 		.ascii	"\012\001\000\000"
 255              		.text
 256              		.section	.gnu.lto_.opts,"",%progbits
 257 0000 272D666D 		.ascii	"'-fmath-errno' '-fsigned-zeros' '-ftrapping-math' '"
 257      6174682D 
 257      6572726E 
 257      6F272027 
 257      2D667369 
 258 0033 2D666E6F 		.ascii	"-fno-trapv' '-fno-openmp' '-fno-openacc' '-mcpu=cor"
 258      2D747261 
 258      70762720 
 258      272D666E 
 258      6F2D6F70 
 259 0066 7465782D 		.ascii	"tex-m7' '-mno-thumb-interwork' '-mthumb' '-ggdb' '-"
 259      6D372720 
 259      272D6D6E 
 259      6F2D7468 
 259      756D622D 
 260 0099 4F322720 		.ascii	"O2' '-fomit-frame-pointer' '-falign-functions=16' '"
 260      272D666F 
 260      6D69742D 
 260      6672616D 
 260      652D706F 
 261 00cc 2D666675 		.ascii	"-ffunction-sections' '-fdata-sections' '-fno-common"
 261      6E637469 
 261      6F6E2D73 
 261      65637469 
 261      6F6E7327 
 262 00ff 2720272D 		.ascii	"' '-flto'\000"
 262      666C746F 
 262      2700
 263              		.text
 264              		.comm	__gnu_lto_v1,1,1
 265              		.comm	__gnu_lto_slim,1,1
 266              		.ident	"GCC: (GNU Tools for ARM Embedded Processors 6-2017-q1-update) 6.3.1 20170215 (release) [AR
ARM GAS  C:\Users\User\AppData\Local\Temp\ccK2Stgk.s 			page 17


DEFINED SYMBOLS
                            *ABS*:00000000 hal.c
                            *COM*:00000001 __gnu_lto_v1
                            *COM*:00000001 __gnu_lto_slim

NO UNDEFINED SYMBOLS
