ARM GAS  C:\Users\User\AppData\Local\Temp\ccPY3rZf.s 			page 1


   1              		.cpu cortex-m7
   2              		.eabi_attribute 20, 1
   3              		.eabi_attribute 21, 1
   4              		.eabi_attribute 23, 3
   5              		.eabi_attribute 24, 1
   6              		.eabi_attribute 25, 1
   7              		.eabi_attribute 26, 1
   8              		.eabi_attribute 30, 2
   9              		.eabi_attribute 34, 1
  10              		.eabi_attribute 18, 4
  11              		.file	"hal_st.c"
  12              		.text
  13              	.Ltext0:
  14              		.section	.gnu.lto_.profile.ae02fa8a,"",%progbits
  15 0000 789C6365 		.ascii	"x\234ce`b`a```d\220\342\001\000\000\300\0003"
  15      60626061 
  15      60606064 
  15      90E20100 
  15      00C00033 
  16              		.text
  17              		.section	.gnu.lto_.icf.ae02fa8a,"",%progbits
  18 0000 789C6365 		.ascii	"x\234ce`bP`@\000V\206\205??\354\345a|\177c\371J\026"
  18      60625060 
  18      40005686 
  18      853F3FEC 
  18      E5617C7F 
  19 0018 A67D171E 		.ascii	"\246}\027\036\254ga~\177\256\367/;\313\211\217\213\026"
  19      AC67617E 
  19      7FAEF72F 
  19      3BCB898F 
  19      8B16
  20 002a F0320000 		.ascii	"\3602\000\000\0217\020\034"
  20      1137101C 
  21              		.text
  22              		.section	.gnu.lto_.jmpfuncs.ae02fa8a,"",%progbits
  23 0000 789C6365 		.ascii	"x\234ce`b\020c@\000V\020\301\010\004\365L\014\014\314"
  23      60621063 
  23      40005610 
  23      C10804F5 
  23      4C0C0CCC 
  24 0014 209A0528 		.ascii	" \232\005(\000\000\016\012\0011"
  24      00000E0A 
  24      0131
  25              		.text
  26              		.section	.gnu.lto_.inline.ae02fa8a,"",%progbits
  27 0000 789C6365 		.ascii	"x\234ce`b\310g@\000V\006\006\026\036F\240 \003\003\333"
  27      6062C867 
  27      40005606 
  27      06161E46 
  27      A0200303 
  28 0015 027910C5 		.ascii	"\002y\020\305\300\310\005\"\030\330X\031\031\031\004"
  28      C0C80522 
  28      18D85819 
  28      191904
  29 0024 18191898 		.ascii	"\030\031\030\230\330>\350\301%\231\030X\230\201\312"
  29      D83EE8C1 
  29      25991858 
ARM GAS  C:\Users\User\AppData\Local\Temp\ccPY3rZf.s 			page 2


  29      9881CA
  30 0033 992EF0C3 		.ascii	"\231.\360\303\205\230ABP\245\310\342,\230J\031\000\312"
  30      85984142 
  30      50A5C8E2 
  30      2C984A19 
  30      00CA
  31 0045 39089E   		.ascii	"9\010\236"
  32              		.text
  33              		.section	.gnu.lto_.pureconst.ae02fa8a,"",%progbits
  34 0000 789C6365 		.ascii	"x\234ce`b\340f```e\220`\224b\222b\226b\221\002\000\004"
  34      6062E066 
  34      60606065 
  34      90609462 
  34      92629662 
  35 0018 1000A2   		.ascii	"\020\000\242"
  36              		.text
  37              		.section	.gnu.lto_stInit.ae02fa8a,"",%progbits
  38 0000 789C6365 		.ascii	"x\234ce`bX\314\300\300\340\007\304\322@\314\310\314"
  38      606258CC 
  38      C0C0E007 
  38      C4D240CC 
  38      C8CC
  39 0012 C0C834E1 		.ascii	"\300\3104\341\034\003C#\007\023##\210\321\300\301\310"
  39      1C034323 
  39      07132323 
  39      88D1C0C1 
  39      C8
  40 0023 50CFC458 		.ascii	"P\317\304X\317\330\317<\235\231\361P\373\263\235L\232"
  40      CFD8CF3C 
  40      9D99F150 
  40      FBB39D4C 
  40      9A
  41 0034 CB1B80E0 		.ascii	"\313\033\200\340\300\364\037\222\015+\0160\316gf`\230"
  41      C0F41F92 
  41      0D2B0E30 
  41      CE676660 
  41      98
  42 0045 09C420C0 		.ascii	"\011\304 \300\270\234Q\223\001\250\354\321\306\177S"
  42      B89C5193 
  42      01A8ECD1 
  42      C67F53
  43 0054 79D95820 		.ascii	"y\331X \342\214+\030\331\030\201\364\372K\214\007\032"
  43      E28C2B18 
  43      D91881F4 
  43      FA4B8C07 
  43      1A
  44 0065 FEFD6F6F 		.ascii	"\376\375oo8pg\021\343\177V\240T\027\020\203\354\350"
  44      38706711 
  44      E37F56A0 
  44      54171083 
  44      ECE8
  45 0077 666602D1 		.ascii	"ff\002\321\314\257\031\233\027\374\226\006\251\007\031"
  45      CCAF199B 
  45      17FC9606 
  45      A90719
  46 0086 B273E79B 		.ascii	"\262s\347\233\333\354\365\177\0338\34633\316d\006\232"
  46      DBECF57F 
ARM GAS  C:\Users\User\AppData\Local\Temp\ccPY3rZf.s 			page 3


  46      1B38E633 
  46      33CE6406 
  46      9A
  47 0097 C0B892B1 		.ascii	"\300\270\222\261\236a>P\355[\306\246\005\377\271\301"
  47      9E613E50 
  47      ED5BC6A6 
  47      05FFB9C1 
  48 00a7 EA40A00B 		.ascii	"\352@\240\013(\011\324\316\304\300\340\343l\025\223"
  48      2809D4CE 
  48      C4C0E0E3 
  48      6C1593
  49 00b6 9C919994 		.ascii	"\234\221\231\224\031\343\014\"\203KJS2\363\015\315\313"
  49      19E30C22 
  49      834B4A53 
  49      32F30DCD 
  49      CB
  50 00c7 8CE3CB33 		.ascii	"\214\343\3133\363R\362\313\213\221\305!*\363\213\015"
  50      F352F2CB 
  50      8B91C521 
  50      2AF38B0D 
  51 00d7 CDCDF4F3 		.ascii	"\315\315\364\363\213\3653\022s\364\213\213\222At|q\211"
  51      8BF53312 
  51      73F48B8B 
  51      9241747C 
  51      7189
  52 00e9 5E320300 		.ascii	"^2\003\000\227\332S\305"
  52      97DA53C5 
  53              		.text
  54              		.section	.gnu.lto_stStartAlarm.ae02fa8a,"",%progbits
  55 0000 789CA552 		.ascii	"x\234\245RKH\224Q\024\276\337\275\343?\303\364\260E"
  55      4B489451 
  55      14BEDFBD 
  55      E33FC3F4 
  55      B045
  56 0012 8BA05944 		.ascii	"\213\240YD b\013\177&!\241\255\021\004J\013\2056\202"
  56      20620B7F 
  56      2621A1AD 
  56      11044A0B 
  56      853682
  57 0025 E8183860 		.ascii	"\350\0308`M\370O\272\313\353\244Ic\257M3\316b\372\205"
  57      4DF84FBA 
  57      CBEBA449 
  57      63AF4D33 
  57      CE62FA85 
  58 0039 29D4319F 		.ascii	")\3241\237=\324\262\370\231\2126\345\210-\012J\210@"
  58      3DD4B2F8 
  58      998A36E5 
  58      882D0A4A 
  58      8840
  59 004b 29281093 		.ascii	")(\020\223$\002\247s\357La\273\250\013\367q\316\375"
  59      2402A773 
  59      EF4C61BB 
  59      A80BF771 
  59      CEFD
  60 005d CE77BE73 		.ascii	"\316w\276s\357)b\234e9c\217\031c{iB0\360k\363\214uy"
  60      EF29629C 
  60      6539638F 
ARM GAS  C:\Users\User\AppData\Local\Temp\ccPY3rZf.s 			page 4


  60      19637B69 
  60      4230F06B 
  61 0075 38A00ED2 		.ascii	"8\240\016\322\003\326\311\321\211\253\".\220\351]\231"
  61      03D6C9D1 
  61      89AB222E 
  61      90E95D99 
  62 0085 E5658392 		.ascii	"\345e\203\222\206\023\2371.\310\236=\266`,AS\015\014"
  62      86139F31 
  62      2EC89E3D 
  62      B6602C41 
  62      530D0C
  63 0098 A28C50CF 		.ascii	"\242\214P\317r\033N\361\025a\013\200\223\271\270\372"
  63      721B4EF1 
  63      15610B80 
  63      93B9B8FA 
  64 00a8 22B94D99 		.ascii	"\"\271M\231\034\273\310\374\221\236xW,\216\203\321y"
  64      1CBBC8FC 
  64      919E7857 
  64      2C8E83D1 
  64      79
  65 00b9 ED86B3BF 		.ascii	"\355\206\263\277\364\226\224\021\351|>/\344n[\010\244"
  65      F4969411 
  65      E97C3E2F 
  65      E46E5B08 
  65      A4
  66 00ca 21880FC3 		.ascii	"!\210\017\303\360a\010>F.\206\021\224*\370\207\311\315"
  66      F061083E 
  66      462E8611 
  66      942AF887 
  66      C9CD
  67 00dc EB3B0C57 		.ascii	"\353;\014W\352WJ\334\206\001\332\307\027\341\310\315"
  67      EA574ADC 
  67      8601DAC7 
  67      17E1C8CD 
  68 00ec 5CAF74D6 		.ascii	"\\\257t\326o\342\325Q7i\247\010A\261.\306\242\204T\225"
  68      6FE2D551 
  68      3769A708 
  68      41B12EC6 
  68      A2845495 
  69 0100 F409AE76 		.ascii	"\364\011\256v\261\014\256\270.:\321\247^qB\313x\375"
  69      B10CAEB8 
  69      2E3AD1A7 
  69      5E7142CB 
  69      78FD
  70 0112 3619F796 		.ascii	"6\031\367\226\244\264\216\225\304\366~\351D\366))\243"
  70      A4B48E95 
  70      C4F67EE9 
  70      44F62929 
  70      A3
  71 0123 7F4AD125 		.ascii	"\177J\321%\216\241$IL\237\020Y\353\315N\277\031\011"
  71      8EA12449 
  71      4C9F1059 
  71      EBCD4EBF 
  71      1909
  72 0135 FFD6D59D 		.ascii	"\377\326\325\235\177\226\005C(\220\026\227\020\330\242"
  72      7F960543 
  72      28901697 
ARM GAS  C:\Users\User\AppData\Local\Temp\ccPY3rZf.s 			page 5


  72      10D8A2
  73 0144 9B611C06 		.ascii	"\233a\034\006QL\300H\012\221g\311\304\276\317=Y\212"
  73      514CC048 
  73      0A9167C9 
  73      C4BECF3D 
  73      598A
  74 0156 B8959390 		.ascii	"\270\225\223\220\261\236L\326\255\336\252H\007\316\217"
  74      B19E4CD6 
  74      ADDEAA48 
  74      07CE8F
  75 0165 6EAC7AF3 		.ascii	"n\254z\363\246\"w\221+5\366\355\271\307F\022\26600E"
  75      A6227791 
  75      2B35F6ED 
  75      B9C74612 
  75      B6303045 
  76 0179 CA269532 		.ascii	"\312&\2252\272H\277\\\377\3526Gew\227\0348g\0137\356"
  76      BA48BF5C 
  76      FFEA3647 
  76      6577971C 
  76      38670B37 
  77 018e C0463F15 		.ascii	"\300F?\025\257\263\022 \027\233\\2\374\343\0320E\341"
  77      AFB31220 
  77      179B5C32 
  77      FCE31A30 
  77      45E1
  78 01a0 1EDC8589 		.ascii	"\036\334\205\211\003\276\002\002\367\340'YJ\323\372"
  78      03BE0202 
  78      F7E02759 
  78      4AD3FA
  79 01af C7B99E9D 		.ascii	"\307\271\236\235\005E\177\233\317\203\373:\037\012l"
  79      05457F9B 
  79      CF83FB3A 
  79      1F0A6C
  80 01be D330B7D6 		.ascii	"\3230\267\326Cm\204\031\212\324\354\217\376\201}V\263"
  80      436D8419 
  80      8AD4EC8F 
  80      FE817D56 
  80      B3
  81 01cf F302FB03 		.ascii	"\363\002\373\003\315>g_\032\366\346\3319\036R\3442\""
  81      CD3E675F 
  81      1AF6E6D9 
  81      391E52E4 
  81      3222
  82 01e1 EFFB8602 		.ascii	"\357\373\206\002\272/\324\037\260/\210\014\014^\206"
  82      BA2FD41F 
  82      B02F880C 
  82      0C5E86
  83 01f0 72E8EF8B 		.ascii	"r\350\357\213\222>j\002j\371\352\252\303\365\201\226"
  83      923E6A02 
  83      6AF9EAAA 
  83      C3F58196 
  84 0200 6053B0BE 		.ascii	"`S\260\276J\255\265\341\263\315\301\220\277\262\275"
  84      4AADB5E1 
  84      B3CDC190 
  84      BFB2BD
  85 020f A2A12378 		.ascii	"\242\241#x\2729\324am\365\347\221!\313_y\310\014YfK"
  85      BA39D461 
ARM GAS  C:\Users\User\AppData\Local\Temp\ccPY3rZf.s 			page 6


  85      6DF5E791 
  85      21CB5F79 
  85      C80C5966 
  86 0224 63AB69B5 		.ascii	"c\253i\265\005\324\336`\205\313\003\314\335\330d\205"
  86      05D4DE60 
  86      85CB03CC 
  86      DDD86485 
  87 0234 83A74EBA 		.ascii	"\203\247N\272\324\322\364\237\314gBma\313\254\255\253"
  87      D4D2F49F 
  87      CC67426D 
  87      61CBACAD 
  87      AB
  88 0245 A9386856 		.ascii	"\2518hVW\0371\353\216\325\264\373\013\271\032Z[\233"
  88      571F31EB 
  88      8ED5B4FB 
  88      0BB91A5A 
  88      5B9B
  89 0257 CB5BD84F 		.ascii	"\313[\330O\015\232,\377"
  89      0D9A2CFF 
  90              		.text
  91              		.section	.gnu.lto_stStopAlarm.ae02fa8a,"",%progbits
  92 0000 789CA550 		.ascii	"x\234\245P\277KBQ\024>\337\273\366\222\240=(Z\232\\"
  92      BF4B4251 
  92      143EDFBB 
  92      F692A03D 
  92      285A9A5C 
  93 0014 BC5890D0 		.ascii	"\274X\220\320\320b\004\201N6\012R:\370@z\341\263\034"
  93      D0620481 
  93      4E360A52 
  93      3AF8407A 
  93      E1B31C
  94 0027 7D862558 		.ascii	"}\206%XTK?\034\342\015\016\366\303\03786\004bAS\005"
  94      544B3F1C 
  94      E20D0EF6 
  94      C31F3836 
  94      04624153 
  95 003c FD05E150 		.ascii	"\375\005\341P4\004ARA\220\335\373\214p\357\300\271\347"
  95      34044152 
  95      4190DDFB 
  95      8C70EFC0 
  95      B9E7
  96 004e DEEF7CF7 		.ascii	"\336\357|\367\373\316\275}\244\020\007Q\235\210\206"
  96      FBCEBD7D 
  96      A4100751 
  96      9D8886
  97 005d 45821194 		.ascii	"E\202\021\224\335[\242\214S\001\344\306t\202\322\012"
  97      DD5BA28C 
  97      5301E4C6 
  97      7482D20A 
  98 006d D2D86107 		.ascii	"\322\330a\007\014\315\334\343\271\342*\231\"\032\007"
  98      0CCDDCE3 
  98      B9E22A99 
  98      221A07
  99 007c 6D75C35C 		.ascii	"mu\303\\\037\262\030QA\244\014\224\340\"Ak\325\277\367"
  99      1FB21851 
  99      41A40C94 
  99      E022416B 
ARM GAS  C:\Users\User\AppData\Local\Temp\ccPY3rZf.s 			page 7


  99      D5BFF7
 100 008f 06554717 		.ascii	"\006UG\027\3071TaA\265{4\314\357N\316l\\\025\3615+Z"
 100      C7315461 
 100      41B57B34 
 100      CCEF4ECE 
 100      6C5C15F1 
 101 00a6 7991D263 		.ascii	"y\221\322c\223)\262\262g4\333\237\326\345S\253\357O"
 101      9329B2B2 
 101      6734DB9F 
 101      D6E553AB 
 101      EF4F
 102 00b8 23DBB5FA 		.ascii	"#\333\265\372T\231\255S`\350\325\307\011Tap\012U\200"
 102      5499AD53 
 102      60E8D5C7 
 102      09546170 
 102      0A5580
 103 00cb FBEBCDBB 		.ascii	"\373\353\315\273\376mf1\330\234\333\312\307\353@\367"
 103      FE6D6631 
 103      D89CDBCA 
 103      C7EB40F7 
 104 00db 28351C02 		.ascii	"(5\034\002*V\337\257\235\026\216`1\005e\214\340\014"
 104      2A56DFAF 
 104      9D168E60 
 104      3105658C 
 104      E00C
 105 00ed 2324B9A7 		.ascii	"#$\271\2477\355\267~^1\263\031\363\241\2635Z\236\266"
 105      37EDB77E 
 105      5E31B319 
 105      F3A1B335 
 105      5A9EB6
 106 0100 18430516 		.ascii	"\030C\005\026\016\305\204\266\011\252\340\275\036b\016"
 106      0EC584B6 
 106      09AAE0BD 
 106      1E620E
 107 010f D4C4ED17 		.ascii	"\324\304\355\027\254=l^\214\311\331\354\037\310\213"
 107      AC3D6C5E 
 107      8CC9D9EC 
 107      1FC88B
 108 011e 86788A42 		.ascii	"\206x\212B\344\367M\205\"1mQ\013\371\344\032L\256D5"
 108      E4F74D85 
 108      22316D51 
 108      0BF9E41A 
 108      4CAE4435 
 109 0132 DDE35D9D 		.ascii	"\335\343]\235\010\247\264\245\250\2362z\361.S7<\336"
 109      08A7B4A5 
 109      A89E327A 
 109      F12E5337 
 109      3CDE
 110 0144 49AE1B3C 		.ascii	"I\256\033<\266\020\347F\"\"k\330H\272#\264\370O\261"
 110      B610E746 
 110      22226BD8 
 110      48BA23B4 
 110      F84FB1
 111 0157 653D9134 		.ascii	"e=\2214xp>01\316\375\376\031>?\027X\365\374\312\207"
 111      78703E30 
 111      31CEFDFE 
 111      193E3F17 
ARM GAS  C:\Users\User\AppData\Local\Temp\ccPY3rZf.s 			page 8


 111      58F5FCCA 
 112 016c E3F1A83B 		.ascii	"\343\361\250;F?d\253\247\013"
 112      463F64AB 
 112      A70B
 113              		.text
 114              		.section	.gnu.lto_stSetAlarm.ae02fa8a,"",%progbits
 115 0000 789CA552 		.ascii	"x\234\245RMh\023A\024\236o'\311\206\250T\320\203`\016"
 115      4D681341 
 115      149E6F27 
 115      C986A854 
 115      D083600E 
 116 0014 2294520F 		.ascii	"\"\224R\017]b\301\202\327\012\"\244xh\301K!4\211\220"
 116      5D62C182 
 116      D70A22A4 
 116      7868C14B 
 116      21348990 
 117 0028 4034D28D 		.ascii	"@4\322\215\355\315N\327\326`\012\325\213I{X\267\020"
 117      EDCD4ED7 
 117      D6600AD5 
 117      8B497B58 
 117      B710
 118 003a A51ACD5F 		.ascii	"\245\032\315_UT\024Y\342\337E[\350E\241\021D\254\340"
 118      55541459 
 118      E2DF455B 
 118      E845A111 
 118      44ACE0
 119 004d 4128F527 		.ascii	"A(\365'\210\320\370fS\245\236\035\230y\363\336|\357"
 119      88D0F866 
 119      53A59E1D 
 119      9879F3DE 
 119      7CEF
 120 005f 7BDF7B8C 		.ascii	"{\337{\214\233)l\227\302\330\023\306\330^\332\340\014"
 120      9B296C97 
 120      C2D813C6 
 120      D85EDAE0 
 120      0C
 121 0070 CAE545C6 		.ascii	"\312\345E\306\306\275\012 /\302\0136\246`\014\227x\216"
 121      C6BD0A20 
 121      2FC20B36 
 121      A6600C97 
 121      788E
 122 0082 A396FEF4 		.ascii	"\243\226\376\364P\351\234\027\264\354\\E\275 &\367X"
 122      50E99C17 
 122      B4EC5C45 
 122      BD2026F7 
 122      58
 123 0093 9CB159DA 		.ascii	"\234\261Y\332ra\036\235\204z\336l\330m\323\334\342\200"
 123      72611E9D 
 123      847ADE6C 
 123      D86DD3DC 
 123      E280
 124 00a5 42EEF2DA 		.ascii	"B\356\362\332+s\233t\025\354$\367W\241Ro\343\307\301"
 124      2B739B74 
 124      15EC24F7 
 124      57A1526F 
 124      E3C7C1
 125 00b8 E8BE7ED5 		.ascii	"\350\276~\325\336\337q]\010C\330\365\363\\\354\2668"
ARM GAS  C:\Users\User\AppData\Local\Temp\ccPY3rZf.s 			page 9


 125      DEDF715D 
 125      0843D8F5 
 125      F35CECB6 
 125      38
 126 00c9 47019CF8 		.ascii	"G\001\234\370p\023~\334\200\237Q\210\341\026:$\374C"
 126      70137EDC 
 126      809F5188 
 126      E1163A24 
 126      FC43
 127 00db 75E3CA0E 		.ascii	"u\343\312\016\217+\377\247$n\303\003\262\345e\330b\243"
 127      8F2BFFA7 
 127      246EC303 
 127      B2E565D8 
 127      62A3
 128 00ed 9916F6C7 		.ascii	"\231\026\366\307kxt\324M\332)\203S\256\213\261\014!"
 128      6B7874D4 
 128      4DDA2983 
 128      53AE8BB1 
 128      0C21
 129 00ff 6527535C 		.ascii	"e'S\\\221\226\257B\221\\\027\355\3143\037?\341\310x"
 129      9196AF42 
 129      915C17ED 
 129      CC331F3F 
 129      E1C878
 130 0112 B362E67C 		.ascii	"\263b\346|\355yG\307\013s\373\214\260\215}RJ\361_)N"
 130      ED7947C7 
 130      0B73FB8C 
 130      B08D7D52 
 130      4AF15F29 
 131 0127 8B25B49B 		.ascii	"\213%\264\233\304\364\031\306zz\351\376\333R\352\257"
 131      C4F419C6 
 131      7A7AE9FE 
 131      DB52EAAF 
 132 0137 AE89D658 		.ascii	"\256\211\326X\036\250\\\202\034q\263\034[t3\224\341"
 132      1EA85C82 
 132      1C71B31C 
 132      5B743394 
 132      E1
 133 0148 218A0A3C 		.ascii	"!\212\012<&\347-\226Z\366\347\343\247\337\015U\006\011"
 133      26E72D96 
 133      5AF6E7E3 
 133      A7DF0D55 
 133      0609
 134 015a 999DAC2D 		.ascii	"\231\235\254-\251rVn'q\261\330X\363\265\\I\356\242P"
 134      A972566E 
 134      2771B1D8 
 134      58F3B55C 
 134      49EEA250 
 135 016e BEF4E3A5 		.ascii	"\276\364\343\245\327\202\011\213{\260@\312\252R\031"
 135      D782098B 
 135      7BB040CA 
 135      AA5219
 136 017d 3D145E7F 		.ascii	"=\024^\177\373\252jE11.\346\316Y\\\305\035X\230\241"
 136      FBAA6A45 
 136      31312EE6 
 136      CE595CC5 
 136      1D5898A1 
ARM GAS  C:\Users\User\AppData\Local\Temp\ccPY3rZf.s 			page 10


 137 0191 E69DAA04 		.ascii	"\346\235\252\004hf\253\357<\201\262\003X\240t/\356B"
 137      6866ABEF 
 137      3C81B203 
 137      58A0742F 
 137      EE42
 138 01a3 C301FF26 		.ascii	"\303\001\377&\002\367\020 Yl\025\306\373\251z\304\231"
 138      02F71020 
 138      596C15C6 
 138      FBA97AC4 
 138      99
 139 01b4 ADEC837D 		.ascii	"\255\354\203}\2011\327\230\206\0148#\310PS4H\3726\301"
 139      8131D798 
 139      860C3823 
 139      C8505334 
 139      48FA36C1 
 140 01c8 DEC38391 		.ascii	"\336\303\203\221X<\034\037\354\225g\177\352l4\236\014"
 140      583C1C1F 
 140      EC95677F 
 140      EA6C349E 
 140      0C
 141 01d9 F48C7487 		.ascii	"\364\214t\207F\343\247\243\311Q}k\274\205L\352\201\236"
 141      46E3A7A3 
 141      C9517D6B 
 141      BC854CEA 
 141      819E
 142 01eb 435A52D7 		.ascii	"CZR\327bC\011M\037\216H\033\322S]\021\246\016\205\365"
 142      6243094D 
 142      1F8E481B 
 142      D2535D11 
 142      A60E85F5 
 143 01ff 54FCD449 		.ascii	"T\374\324I\227<\302\377\311|&9\234\322\265\376\201\276"
 143      973CC2FF 
 143      C97C2639 
 143      9CD2B5FE 
 143      81BE
 144 0211 EE835A30 		.ascii	"\356\203Z0xD\0338\3267\022\330\254\025J$\242]1\366\033"
 144      78441B38 
 144      D63712D8 
 144      AC154A24 
 144      A25D31F6 
 145 0226 29C5EFAB 		.ascii	")\305\357\253"
 146              		.text
 147              		.section	.gnu.lto_stGetAlarm.ae02fa8a,"",%progbits
 148 0000 789CA590 		.ascii	"x\234\245\220OH\024a\030\306\337g\336\335\231\251\210"
 148      4F481461 
 148      18C6DF67 
 148      DEDD99A9 
 148      88
 149 0011 3ADBD2DD 		.ascii	":\333\322\335\016\016\223\240\320\325 \202\365\244G"
 149      0E0E93A0 
 149      D0D52082 
 149      F5A447
 150 0020 61C9DDC3 		.ascii	"a\311\335\303.,M8\233\036\375\\\014\373\207J\240\253"
 150      2E2C4D38 
 150      9B1EFD5C 
 150      0CFB874A 
 150      A0AB
ARM GAS  C:\Users\User\AppData\Local\Temp\ccPY3rZf.s 			page 11


 151 0032 C432C10A 		.ascii	"\3042\301\012\376\251u\334k\207\030\214\350R\026\336"
 151      FEA975DC 
 151      6B87188C 
 151      E85216DE 
 152 0042 03112F1E 		.ascii	"\003\021/\036\202E%\023\303\351\375v%\274\367\301\367"
 152      82452513 
 152      C3E9FD76 
 152      25BCF7C1 
 152      F7
 153 0053 E77DF9F1 		.ascii	"\347}\371\361\274\317\363%\311\240\247 j\020\321\015"
 153      BCCFF325 
 153      C9A0A720 
 153      6A10D10D 
 154 0063 D9608231 		.ascii	"\331`\2021\273E4a\033\200~(\0334n`\0343\\a|\212\217"
 154      BB453461 
 154      1B807E28 
 154      1B346E60 
 154      1C335C61 
 155 007a A36BD31C 		.ascii	"\243k\323\034hL\312\355\346\227\352\025]\002\327\245"
 155      684CCAED 
 155      E697EA15 
 155      5D02D7A5 
 156 008a 5C5B0A0F 		.ascii	"\\[\012\017\354\316e\245\312*\2524\255\327\033\337U"
 156      ECCE65A5 
 156      CA2AAA34 
 156      ADD71BDF 
 156      55
 157 009b 32608316 		.ascii	"2`\203\026\005_A\012\313H\351\031\253\350$\241w\033"
 157      055F410A 
 157      CB48E919 
 157      ABE824A1 
 157      771B
 158 00ad 677357CD 		.ascii	"gsW\315D\215I\003\322_\203)V(\334F\244\316\342)\025"
 158      448D4903 
 158      D25F8329 
 158      5628DC46 
 158      A4CEE229 
 159 00c2 EDD5707A 		.ascii	"\355\325pz/aP\300\314r$\210\236\013\250]\275\020U\271"
 159      2F6150C0 
 159      CC722488 
 159      9E0BA85D 
 159      BD1055B9 
 160 00d6 791F9B1F 		.ascii	"y\037\233\037N\202\217\361\356\245\177\202\223JVT\371"
 160      4E828FF1 
 160      EEA57F82 
 160      934A5654 
 160      F9
 161 00e7 6D75B414 		.ascii	"mu\264\024\027\031\027\206\021\336\302\224Q\357`VY'"
 161      17191786 
 161      11DEC294 
 161      51EF6056 
 161      5927
 162 00f9 987FB2F9 		.ascii	"\230\177\262\371\315\322\011\222-l\253~\334\274\334"
 162      CDD20992 
 162      2D6CAB7E 
 162      DCBCDC
 163 0108 2EB54C42 		.ascii	".\265LBZ\265\365_\237\355\000U\004lb]R\324u\012\235"
ARM GAS  C:\Users\User\AppData\Local\Temp\ccPY3rZf.s 			page 12


 163      5AB5F55F 
 163      9FED0055 
 163      046C625D 
 163      52D4750A 
 164 011d F6EBD1A1 		.ascii	"\366\353\321\241\345\324\325\344\204\332\211_\336\014"
 164      E5D4D5E4 
 164      84DA895F 
 164      DE0C
 165 012b 5F096121 		.ascii	"_\011a!D\200\005q\331\032$T<\337\370a\272\241\246\336"
 165      44800571 
 165      D91A2454 
 165      3CDFF861 
 165      BAA1A6DE 
 166 013f BC3702B6 		.ascii	"\2747\002\266\261\001\007\267R\347\004\032pi\037\345"
 166      B10107B7 
 166      52E7041A 
 166      70691FE5 
 167 014f 83A9556E 		.ascii	"\203\251Un\273b1F?Q\336y\366\207u\000\351\310\247Hr"
 167      BB623146 
 167      3F51DE79 
 167      F6877500 
 167      E9C8A748 
 168 0164 E8C40651 		.ascii	"\350\304\006Q\272\357\316P6_\030.\014\365\351s\240\364"
 168      BAEFCE50 
 168      365F182E 
 168      0CF5E973 
 168      A0F4
 169 0176 3857F0DC 		.ascii	"8W\360\334\336\321\356\314X\341a\316\033\363/\366\333"
 169      DED1EECC 
 169      58E161CE 
 169      1BF32FF6 
 169      DB
 170 0187 A4E7BBBD 		.ascii	"\244\347\273\275=\216\347;\371\007E\307\037\311\352"
 170      3D8EE73B 
 170      F90745C7 
 170      1FC9EA
 171 0196 3BE397BA 		.ascii	";\343\227\272\2624\374\237b\217\274\221\222\357\014"
 171      B234FC9F 
 171      628FBC91 
 171      92EF0C
 172 01a5 0CF677DF 		.ascii	"\014\366w\337v\322\351\273\316\340\375\376Q\367\\>S"
 172      76D2E9BB 
 172      CEE0FDFE 
 172      51F75C3E 
 172      53
 173 01b6 2CE6BAF2 		.ascii	",\346\272\362\364\027\231\262\303'"
 173      F41799B2 
 173      C327
 174              		.text
 175              		.section	.gnu.lto_.symbol_nodes.ae02fa8a,"",%progbits
 176 0000 789C55C8 		.ascii	"x\234U\310K\015\200@\014\006\341\351\277\254/\020\305"
 176      4B0D8040 
 176      0C06E1E9 
 176      BFAC2F10 
 176      C5
 177 0011 B92B0101 		.ascii	"\271+\001\001<\023T \002\015(!4\334:\227I\276\212\030"
 177      3C135420 
ARM GAS  C:\Users\User\AppData\Local\Temp\ccPY3rZf.s 			page 13


 177      020D2821 
 177      34DC3A97 
 177      49BE8A18 
 178 0025 8934CB61 		.ascii	"\2114\313a\272!v\265!d\221[\226U\256,\233\274d\331\345"
 178      BA2176B5 
 178      2164915B 
 178      9655AE2C 
 178      9BBC64D9 
 179 003a 5D123BE4 		.ascii	"]\022;\344\365\027h\255\207B\345|^\343\003\325E\035"
 179      F51768AD 
 179      8742E57C 
 179      5EE303D5 
 179      451D
 180 004c 35       		.ascii	"5"
 181              		.text
 182              		.section	.gnu.lto_.refs.ae02fa8a,"",%progbits
 183 0000 789C6365 		.ascii	"x\234ce`b`d\000\002\000\000I\000\011"
 183      60626064 
 183      00020000 
 183      490009
 184              		.text
 185              		.section	.gnu.lto_.decls.ae02fa8a,"",%progbits
 186 0000 789CBD57 		.ascii	"x\234\275WkP\024W\026\356\323w@\030@\315\350\272n\255"
 186      6B501457 
 186      16EED377 
 186      401840CD 
 186      E8BA6EAD 
 187 0014 5B4BA588 		.ascii	"[K\245\210P[\025\020Hi\262?R&c6\261*&[\203\233\332\037"
 187      505B1510 
 187      4869B23F 
 187      52266336 
 187      B12A265B 
 188 002c 6C4D2190 		.ascii	"lM!\220H\025\017\327\031\223\262\366GZ\206(\022\243"
 188      48150FD7 
 188      1993B2F6 
 188      475A8628 
 188      12A3
 189 003e 1245055F 		.ascii	"\022E\005_ \202(\276\020E\021\221\021t\202<\014\301"
 189      208228BE 
 189      10451191 
 189      1174823C 
 189      0CC1
 190 0050 07220A68 		.ascii	"\007\"\012h\242\0215\212D\024!\206=\367\321t\333\016"
 190      A211358A 
 190      44142186 
 190      3DF7D174 
 190      DB0E
 191 0062 EE6EA5B2 		.ascii	"\356n\245\262]sz\356\271\367;\3379\367\234{\373v\373"
 191      5D737AEE 
 191      B9F73BDF 
 191      39F79C7B 
 191      FB76FB
 192 0075 48B25468 		.ascii	"H\262Th\221\244\323D\222\366\203$\015\343\345+I\322"
 192      91A4D344 
 192      92F68324 
 192      0DE3E52B 
 192      49D2
ARM GAS  C:\Users\User\AppData\Local\Temp\ccPY3rZf.s 			page 14


 193 0087 1E49BBA8 		.ascii	"\036I\273\250\276\027\245\032\245\006\345\004\312I\024"
 193      BE17A51A 
 193      A506E504 
 193      CA4914
 194 0096 8FF4ECF5 		.ascii	"\217\364\354\365\017\344@*\351\003\224\323:\036Ypx\263"
 194      0FE4402A 
 194      E90394D3 
 194      3A1E5970 
 194      78B3
 195 00a8 F917DAF8 		.ascii	"\371\027\332\370\013\033\014E\232\210r\024%\024\345"
 195      0B1B0C45 
 195      9A887214 
 195      2514E5
 196 00b7 37383611 		.ascii	"786\021\345:\266\333$\316\375\002\3522\212\017p^\032"
 196      E53AB6DB 
 196      24CEFD02 
 196      EA328A0F 
 196      705E1A
 197 00ca D76FB18D 		.ascii	"\327o\261\215?i*<\315\375)\352&\301\255rQ\036\012S\355"
 197      3F692A3C 
 197      CDFD29EA 
 197      26C1AD72 
 197      511E0A53 
 198 00df E99CC20C 		.ascii	"\351\234\302\014v\364r\375\017q\201\032\227\310\317"
 198      76F472FD 
 198      0F71811A 
 198      97C8CF
 199 00ee 9F443C51 		.ascii	"\237D<Q\006\336\345\202\323\3107\365?p\322|\277\"8\247"
 199      06DEE582 
 199      D3C837F5 
 199      3F70D27C 
 199      BF2238A7 
 200 0102 1B38D713 		.ascii	"\0338\327\023\250\370\342d\265\334\011\227\001\2610"
 200      A8F8E264 
 200      B5DC0997 
 200      01B130
 201 0111 9EF502F0 		.ascii	"\236\365\002\360;0a\352\260z\001\260~\354\225%A\252"
 201      3B3061EA 
 201      B07A01B0 
 201      7EEC9525 
 201      41AA
 202 0123 76816A21 		.ascii	"v\201j!tY\250\262\240d?a\014:F>\314=\251\027\237\003"
 202      7459A8B2 
 202      A0643F61 
 202      0C3A463E 
 202      CC3DA917 
 203 0139 6F3033D5 		.ascii	"o03\325\032d\315\001\200\336@G\310\303\026\343#\361"
 203      1A64CD01 
 203      80DE4047 
 203      C8C316E3 
 203      23F1
 204 014b 49DAE440 		.ascii	"I\332\344@\235\375\375\334\246\033\346.\270B{\363g\002"
 204      9DFDFDDC 
 204      A61BE62E 
 204      B8427BF3 
 204      6702
 205 015d EB5B76E0 		.ascii	"\353[v\340n\227\017\301e\202\355\256\307%\177\011\337"
ARM GAS  C:\Users\User\AppData\Local\Temp\ccPY3rZf.s 			page 15


 205      6E970FC1 
 205      6582EDAE 
 205      C7257F09 
 205      DF
 206 016e ADF0CBEF 		.ascii	"\255\360\313\357wZ\332N\015?r\217[I\300b\006\031\325"
 206      775ADA4E 
 206      0D3F728F 
 206      5B49C062 
 206      0619D5
 207 0181 D6DEA6CD 		.ascii	"\326\336\246\315\001\250N4\303xT\007\226\234?a\236\274"
 207      01A84E34 
 207      C3785407 
 207      969C3F61 
 207      9EBC
 208 0193 8E59B994 		.ascii	"\216Y\271\224\3612|0\011v\303\024(\205)\350|\017L\306"
 208      F1327C30 
 208      0976C314 
 208      288529E8 
 208      7C0F4CC6 
 209 01a7 FB3C1367 		.ascii	"\373<\023gr\247\257\3313\346\305|%\277[q\267\245\377"
 209      72A7AFD9 
 209      33E6C57C 
 209      25BF5B71 
 209      B7A5FF
 210 01ba 719D4B29 		.ascii	"q\235K)A\253`\212\202\235@`\027\204\323\210\261\211"
 210      41AB608A 
 210      829D4060 
 210      1784D388 
 210      B189
 211 01cc F712E802 		.ascii	"\367\022\350\002\330\001\2358\237\275\360\"Z\273v_\312"
 211      D8019D38 
 211      9FBDF022 
 211      5ABB765F 
 211      CA
 212 01dd F2217616 		.ascii	"\362!v\026l\321\340P/\301 \246\232ax\230`\307\276;\225"
 212      6CD1E050 
 212      2FC120A6 
 212      9A617898 
 212      60C7BE3B 
 213 01f2 8F837807 		.ascii	"\217\203x\007\035\257i<]\034H\222i[^]P\372\271?\230"
 213      1DAF693C 
 213      5D1C4892 
 213      695B5E5D 
 213      50FAB93F 
 214 0207 C3321525 		.ascii	"\3032\025%\235\306\350\023&\215D\010\007!\214\332P\317"
 214      9DC6E813 
 214      268D4408 
 214      07218CDA 
 214      50CF
 215 0219 50869DFB 		.ascii	"P\206\235\373\261\263\230\316\305=\274e\352\372e\212"
 215      B1B398CE 
 215      C53DBC65 
 215      EAFA658A 
 216 0229 22433998 		.ascii	"\"C9\230\341\200\026\335T3\237\314\361\354\216\033f"
 216      E18016DD 
 216      54339FCC 
 216      F1EC8E1B 
ARM GAS  C:\Users\User\AppData\Local\Temp\ccPY3rZf.s 			page 16


 216      66
 217 023a F204988F 		.ascii	"\362\004\230\217\237\\\353\356\231 \314\314M\037\325"
 217      9F5CEBEE 
 217      9920CCCC 
 217      4D1FD5
 218 0249 479DFC8C 		.ascii	"G\235\374\214\232\036F\323C\232)2\341\237\3278*\274"
 218      9A1E46D3 
 218      439A2932 
 218      E19FD738 
 218      2ABC
 219 025b C4814E56 		.ascii	"\304\201NV\035\352\370i\034Q\010sR\262y\343\017\276"
 219      1DEAF869 
 219      1C510873 
 219      52B279E3 
 219      0FBE
 220 026d 234EDA7A 		.ascii	"#N\332z^)fN\216\242\223#\232\223\303\243;\251\364\356"
 220      5E29664E 
 220      8EA29323 
 220      9A93C3A3 
 220      3BA9F4EE 
 221 0281 64CF0977 		.ascii	"d\317\011wS\220\211n\012J\205\305\242}\256\341\314\261"
 221      5390896E 
 221      0A4A85C5 
 221      A27DAEE1 
 221      CCB1
 222 0293 A396F518 		.ascii	"\243\226\365\030+k\025\210\272\272\332\263\313\264\272"
 222      2B6B1588 
 222      BABADAB3 
 222      CBB4BA
 223 02a2 865E3DA0 		.ascii	"\206^=\240(\030\231b\2428\330\247\205\266\317X\330j"
 223      28189962 
 223      A238D8A7 
 223      85B6CF58 
 223      D86A
 224 02b4 56D8D343 		.ascii	"V\330\323C\007\306\222N6G\350\031(\361\004\012\252\326"
 224      07C6924E 
 224      3647E819 
 224      28F1040A 
 224      AAD6
 225 02c6 DFE72A6E 		.ascii	"\337\347*n\234\005\316\221\256\220\343\032\321q#Q\015"
 225      9C05CE91 
 225      AE90E31A 
 225      D1712351 
 225      0D
 226 02d7 23FAB2FC 		.ascii	"#\372\262\374\321V\037r\2133\015~\337X\353+\230j\377"
 226      D1561F72 
 226      8B330D7E 
 226      DF58EB2B 
 226      986AFF
 227 02ea 30C24443 		.ascii	"0\302DCrkLn#\323\011\306\264\373A\313\201 \322\317\231"
 227      726B4C6E 
 227      23D309C6 
 227      B4FB41CB 
 227      8120D2CF 
 228 02ff 4A4A8B94 		.ascii	"JJ\213\224\000}.h\232\264d\324=\265\306;\212\012KU\267"
 228      007D2E68 
 228      9AB464D4 
ARM GAS  C:\Users\User\AppData\Local\Temp\ccPY3rZf.s 			page 17


 228      3DB5C63B 
 228      8A0A4B55 
 229 0314 9EAD93B2 		.ascii	"\236\255\223\262\3255\216(\250\325\374\326\032\375\236"
 229      D5358E28 
 229      A8D5FCD6 
 229      1AFD9E
 230 0323 647EEFAF 		.ascii	"d~\357\257\270\227\217\36561\277[\313W\256\012B\252"
 230      B8978FF5 
 230      3631BF5B 
 230      CB57AE0A 
 230      42AA
 231 0335 6EACF6F7 		.ascii	"n\254\366\367\313\311\220\313\263B)\000\266\251\340"
 231      CBC990CB 
 231      B3422900 
 231      B6A9E0
 232 0344 9446758A 		.ascii	"\224Fu\212R\321\206\207Q|\223\261\177\023\341\333\325"
 232      52D18687 
 232      517C93B1 
 232      7F13E1DB 
 232      D5
 233 0355 44199BF3 		.ascii	"D\031\233\363\276\035\313\267k0\335\345\003m\235\201"
 233      BE1DCBB7 
 233      6B30DDE5 
 233      036D9D81 
 234 0365 81597475 		.ascii	"\201Ytu\254v)\376\3570\262z\234\313Wl.\247!P\245\305"
 234      AC7629FE 
 234      EF30B27A 
 234      9CCB576C 
 234      2EA72150 
 235 037b 26E20F5F 		.ascii	"&\342\017_\315\251\361\347l\027iLyU\017\032|\270\356"
 235      CDA9F1E7 
 235      6C17694C 
 235      79550F1A 
 235      7CB8EE
 236 038e 4787EF96 		.ascii	"G\207\357\226\036\016\342\354n:|\366FAF \037n\241z\335"
 236      1E0EE2EC 
 236      6E3A7CF6 
 236      46414620 
 236      1F6EA17A 
 237 03a3 85AF7A4D 		.ascii	"\205\257zM\344\036\237\317\225\372\235\2454\262P\272"
 237      E41E9FCF 
 237      95FA9DA5 
 237      34B250BA 
 238 03b3 698787C7 		.ascii	"i\207\207\307\351\266m(\337\266\255\253\372\266\217"
 238      E9B66D28 
 238      DFB6ADAB 
 238      FAB68F
 239 03c2 21FD0C2E 		.ascii	"!\375\014.\3476\264\325j{jx\313\353\271}4\221g1\371"
 239      E736B4D5 
 239      6A7B6A78 
 239      CBEBB97D 
 239      34916731 
 240 03d7 DF68B30F 		.ascii	"\337h\263\017\035Y\355l>\322\310d\240\025W{\250X\355"
 240      1D59ED6C 
 240      3ED2C864 
 240      A015577B 
 240      A858ED
ARM GAS  C:\Users\User\AppData\Local\Temp\ccPY3rZf.s 			page 18


 241 03ea 2DD8F935 		.ascii	"-\330\3715_\355;\267go\363%\212\017\363\3419\336q\321"
 241      5FED3BB7 
 241      676FF325 
 241      8A0FF3E1 
 241      39DE71D1 
 242 03fe A43E1B8C 		.ascii	"\244>\033\214\004\027\274\020\250\033\374E\017\333{"
 242      0417BC10 
 242      A81BFC45 
 242      0FDB7B
 243 040d E7319873 		.ascii	"\3471\230sZ0gA<\0342w\257\254#\346L\272^\376\033V\264"
 243      5A306741 
 243      3C1C3277 
 243      AFAC23E6 
 243      4CBA5EFE 
 244 0424 686A1A6A 		.ascii	"hj\032j\366!\313YX\360\371\251C\036Q\303z\252\257=Z"
 244      F621CB59 
 244      58F0F9A9 
 244      431E51C3 
 244      7AAAAF3D 
 245 0439 57154056 		.ascii	"W\025@V\360\301o\263\256\325\371\222l\256\250\005\260"
 245      F0C16FB3 
 245      AED5F992 
 245      6CAEA805 
 245      B0
 246 044a 88026CED 		.ascii	"\210\002l\355\350o\000\222\303\007\253\016\037\363\210"
 246      E86F0092 
 246      C307AB0E 
 246      1FF388
 247 0459 624DD33D 		.ascii	"bM\323=\271-\374\311]q\343\264\307\314k\247\000\352"
 247      B92DFCC9 
 247      5D71E3B4 
 247      C7CC6BA7 
 247      00EA
 248 046b D5AD9767 		.ascii	"\325\255\227g\222<nY\333\267\177\207\250#}\272f\346"
 248      923C6E59 
 248      DBB77F87 
 248      A8237DBA 
 248      66E6
 249 047d F6B58CA3 		.ascii	"\366\265\214\243\323Q\304\252\241\201\215,\232o\351"
 249      D351C4AA 
 249      A1818D2C 
 249      9A6FE9
 250 048c AC21620A 		.ascii	"\254!b\012\\\343Si\0378u\311\307\262\232\241\261b&\226"
 250      5CE35369 
 250      1F3875C9 
 250      C7B29AA1 
 250      B1622696 
 251 04a0 A56E8477 		.ascii	"\245n\204w1\370w`Q\215\330\361\222sw\254\036\334\366"
 251      31F87760 
 251      518DD8F1 
 251      927377AC 
 251      1EDCF6
 252 04b3 3CF0DEC2 		.ascii	"<\360\336\302\242\365f\262\205\007\271\361\307+=bm\206"
 252      A2F566B2 
 252      8507B9F1 
 252      C72B3D62 
 252      6D86
ARM GAS  C:\Users\User\AppData\Local\Temp\ccPY3rZf.s 			page 19


 253 04c5 A15AFCB0 		.ascii	"\241Z\374\260\312\345G\266\361\2615\30777\217!\305\\"
 253      CAE547B6 
 253      F1B135C7 
 253      37378F21 
 253      C55C
 254 04d7 51F78085 		.ascii	"Q\367\200\205\357\201\364\2667\311.>R\223\375\345\025"
 254      EF81F4B6 
 254      37C92E3E 
 254      5293FDE5 
 254      15
 255 04e8 207BB972 		.ascii	" {\271r7\343z\267\310\317dTs\032o\207\222r>\364s}]("
 255      37E37AB7 
 255      C8CF6454 
 255      731A6F87 
 255      92723EF4 
 256 0500 A9E46D4F 		.ascii	"\251\344mOE\311\016 5\\\351\313\363\3346\223:\256\344"
 256      45C90E20 
 256      355CE9CB 
 256      F3DC3693 
 256      3AAEE4
 257 0513 B76E3AE2 		.ascii	"\267n:\342G<\\)\036X\207GP#W\316U\236\317\014 -\\\311"
 257      473C5C29 
 257      1E588747 
 257      502357CE 
 257      559ECF0C 
 258 052b 2C2BDB10 		.ascii	",+\333\020@\316q%\275\252=[\234\256\335T\377\256\350"
 258      40CE7125 
 258      BDAA3D5B 
 258      9CAEDD54 
 258      FFAEE8
 259 053e BB7C7F51 		.ascii	"\273|\177Q\025_\324\263Z\233\036\001\271\310\301Y\025"
 259      155FD4B3 
 259      5A9B1E01 
 259      B9C8C159 
 259      15
 260 054f 673B4DA3 		.ascii	"g;M\243\326\341\261Z\207i\254\0149\3259\207\306\032"
 260      D6E1B15A 
 260      8769AC0C 
 260      39D53987 
 260      C61A
 261 0561 CBD084E8 		.ascii	"\313\320\204\350F\206\036d\231}\254f\266\345za\221\311"
 261      46861E64 
 261      997DAC66 
 261      B6E57A61 
 261      91C9
 262 0573 5887D1D0 		.ascii	"X\207\321\320\223\356e\235\350\017\202\220\220\220\011"
 262      93EE659D 
 262      E80F8290 
 262      909009
 263 0582 21BA2B8C 		.ascii	"!\272+\214\335\267)\031.\305}\257\212\334\334sf\205"
 263      DDB72919 
 263      2EC57DAF 
 263      8ADCDC73 
 263      6685
 264 0594 925F0B8C 		.ascii	"\222_\013\214\012\323\014\3030A\333\007\227\031o=\275"
 264      0AD30CC3 
 264      3041DB07 
ARM GAS  C:\Users\User\AppData\Local\Temp\ccPY3rZf.s 			page 20


 264      97196F3D 
 264      BD
 265 05a5 4BDCE45A 		.ascii	"K\334\344Z*>\2453\010\203\2371\302\233\237\2017\350"
 265      2A3EA533 
 265      08839F31 
 265      C29B9F81 
 265      37E8
 266 05b7 E01D4678 		.ascii	"\340\035Fx;\203GRt\266\230\323L\223\004\217p\374!\033"
 266      3B834752 
 266      74B698D3 
 266      4C93048F 
 266      70FC211B 
 267 05cb A268DC83 		.ascii	"\242h\334\203\260B\016\203%r\010((\231(\237\241\244"
 267      B0420E83 
 267      25720828 
 267      2899289F 
 267      A1A4
 268 05dd A3AC46C9 		.ascii	"\243\254F\311@\371\034e)\312r\224/PV\242,C\311F\371"
 268      40F91C65 
 268      29CA7294 
 268      2F5056A2 
 268      2C43C946 
 269 05f2 0942E067 		.ascii	"\011B\340g\224,l\273P\236`{\225\034\302\236\306<\306"
 269      942C6CBB 
 269      509E607B 
 269      951CC29E 
 269      C63CC6
 270 0605 4BC95A8C 		.ascii	"K\311Z\214\017\2141F\030g\324\252C\367{EGj\340>\035"
 270      0F8C3146 
 270      1867D4AA 
 270      43F77B45 
 270      476AE03E 
 271 061a F8BE11DC 		.ascii	"\370\276\021\334\005\006\364%]\262.z\317\255\016]\233"
 271      0506F425 
 271      5DB22E7A 
 271      CFAD0E5D 
 271      9B
 272 062b A2A1EF19 		.ascii	"\242\241\357\031\321?\030\321\267t\221\364\031\321\215"
 272      D13F18D1 
 272      B77491F4 
 272      19D18D
 273 063a CFD4AD55 		.ascii	"\317\324\255UG~\307\010\277e$\357\323\241o\030\321\235"
 273      477EC708 
 273      BF6524EF 
 273      D3A16F18 
 273      D19D
 274 064c 46F4355D 		.ascii	"F\3645](?z\017E\237\024\035\367m\357\221<\025\270.\207"
 274      283F7A0F 
 274      459F141D 
 274      F76DEF91 
 274      3C15B82E 
 275 0661 97BC2FB8 		.ascii	"\227\274/\270\247\326\247\216\375\256\367$r8?S\316\334"
 275      A7D6A78E 
 275      FDAEF724 
 275      72383F53 
 275      CEDC
 276 0673 B12C5114 		.ascii	"\261,Q\024\2400I\234'\332:\272\361\203e\215K\251\237"
ARM GAS  C:\Users\User\AppData\Local\Temp\ccPY3rZf.s 			page 21


 276      A030499C 
 276      27DA3ABA 
 276      F183658D 
 276      4BA99F
 277 0686 C6C87A8C 		.ascii	"\306\310z\214d\337?S\021\235\353\233\336\321#\221.A"
 277      64DF3F53 
 277      119DEB9B 
 277      DED12391 
 277      2E41
 278 0698 78EA1206 		.ascii	"x\352\022\006\037\002\013\014\010\270\272\365\241\301"
 278      1F020B0C 
 278      08B8BAF5 
 278      A1C1
 279 06a6 483EA8CB 		.ascii	"H>\250\313q\257\367\205\247'\037L\341\344\327\221\374"
 279      71AFF785 
 279      A7271F4C 
 279      E1E4D791 
 279      FC
 280 06b7 AA80ABCF 		.ascii	"\252\200\253\317wQ@\016\247o\010M\027J\306\222\032_"
 280      7751400E 
 280      A76F084D 
 280      174AC692 
 280      1A5F
 281 06c9 7636D76E 		.ascii	"v6\327n9\226\213\347\377\004\236\236\207w}\361\263\004"
 281      39968BE7 
 281      FF049E9E 
 281      87777DF1 
 281      B304
 282 06db D6CA13E0 		.ascii	"\326\312\023\340Ky\344\300\245\311\362\276\303a\015"
 282      4B79E4C0 
 282      A5C9F2BE 
 282      C3610D
 283 06ea 6EEC5F7B 		.ascii	"n\354_{\223\323\223\241g\325UY\377BE#\324\236\3119r"
 283      93D393A1 
 283      67D55559 
 283      FF424523 
 283      D49EC939 
 284 06ff 207B37C3 		.ascii	" {7\303\177\004\027\224?\310\013\"\215\276\374\034\277"
 284      7F041794 
 284      3FC80B22 
 284      8DBEFC1C 
 284      BF
 285 0710 D0D001F8 		.ascii	"\320\320\001\370z\347\356f\257w\225\2375\342\323r\211"
 285      7AE7EE66 
 285      AF77959F 
 285      35E2D372 
 285      89
 286 0721 32F31DF6 		.ascii	"2\363\035\366\216\272N\233$6\237~W\\/\323\027\275\334"
 286      8EBA4E9B 
 286      24369F7E 
 286      575C2FD3 
 286      17BDDC
 287 0734 EA92FE71 		.ascii	"\352\222\376q\244\223\223\025\336\252\254\023G}\020"
 287      A4939315 
 287      DEAAAC13 
 287      477D10
 288 0743 AA97B7AD 		.ascii	"\252\227\267\255-2\361S\344&\035.h\376q\235\231\334"
ARM GAS  C:\Users\User\AppData\Local\Temp\ccPY3rZf.s 			page 22


 288      2D32F153 
 288      E4261D2E 
 288      68FE719D 
 288      99DC
 289 0755 E1D8A19B 		.ascii	"\341\330\241\233k\333\201ciPuw\016>\032\375p\337,\213"
 289      6BDB8163 
 289      69507577 
 289      0E3E1AFD 
 289      70DF2C8B 
 290 0769 436593CC 		.ascii	"Ce\223\314N\225\363\003\325\203\201\244\2371\231\272"
 290      4E95F303 
 290      D58381A4 
 290      9F3199BA 
 291 0779 0BFB6EE3 		.ascii	"\013\373n\343\027\311\024\0003J\261\372\361(A\201l\206"
 291      17C91400 
 291      334AB1FA 
 291      F1284181 
 291      6C86
 292 078b 2D32513F 		.ascii	"-2Q?\276\363\024\244\357\375\224v\363w\265\336m\012"
 292      BEF314A4 
 292      EFFD9476 
 292      F377B5DE 
 292      6D0A
 293 079d 992C4134 		.ascii	"\231,A4;\253`+\226\247\200\371\331&O\201|t\224\207\245"
 293      3BAB602B 
 293      96A780F9 
 293      D9264F81 
 293      7C749487 
 294 07b2 A63DE8F0 		.ascii	"\246=\350\360HK\345\306\000\355`\002\306\235\207\270"
 294      484BE5C6 
 294      00ED6002 
 294      C69D87B8 
 295 07c2 5C99C657 		.ascii	"\\\231\306W([\324()zus\301F"
 295      285BD428 
 295      297A7573 
 295      C146
 296 07d0 7FB3F091 		.ascii	"\177\263\360\221\371\\\037\210.o_\272\301_\317\275\375"
 296      F95C1F88 
 296      2E6F5FBA 
 296      C15FCFBD 
 296      FD
 297 07e1 79DCB72F 		.ascii	"y\334\267/\345\177\355\377R\241\322\342\306\317\234"
 297      E57FEDFF 
 297      52A1D2E2 
 297      C6CF9C
 298 07f0 DAD0B274 		.ascii	"\332\320\262t\267\342\232\011E\262\0056b\261\360[Fg"
 298      B7E29A09 
 298      45B20536 
 298      62B1F05B 
 298      4667
 299 0802 BA017BE6 		.ascii	"\272\001{\346\312\022\024\313/\321\217\202\341\312\374"
 299      CA1214CB 
 299      2FD18F82 
 299      E1CAFC
 300 0811 2032C8D3 		.ascii	" 2\310\323\2774+\275\314W\253{\263Vw\372.\276C\253\373"
 300      BF342BBD 
 300      CC57AB7B 
ARM GAS  C:\Users\User\AppData\Local\Temp\ccPY3rZf.s 			page 23


 300      B35677FA 
 300      2EBE43AB 
 301 0826 0E63DD4B 		.ascii	"\016c\335KX\335kz\266\347\231\310\2121\234lW\313\276"
 301      58DD6B7A 
 301      B6E799C8 
 301      8A319C6C 
 301      57CBBE
 302 0839 3182AC21 		.ascii	"1\202\254!\234\177\345\024\360\257\234\235\032\323N"
 302      9C7FE514 
 302      F0AF9C9D 
 302      1AD34E
 303 0848 23D32EC6 		.ascii	"#\323.\306\3249\224\3770\200l\346Lm\355\031\225bU\004"
 303      D43994FF 
 303      30806CE6 
 303      4C6DED19 
 303      95625504 
 304 085c E85EFC27 		.ascii	"\350^\374'\212\027\377'\275-O\304\033\241\031\325\243"
 304      8A17FF27 
 304      BD2D4FC4 
 304      1BA119D5 
 304      A3
 305 086d E9FBBB7C 		.ascii	"\351\373\273|F]4\373\324E\263\227\347\271}\345\303\313"
 305      465D34FB 
 305      D445B397 
 305      E7B97DE5 
 305      C3CB
 306 087f 26630DF7 		.ascii	"&c\015\367`\262v\263d\355gy\336\247\346\271\256\375"
 306      60B276B3 
 306      64ED6779 
 306      DEA7E6B9 
 306      AEFD
 307 0891 C1B12063 		.ascii	"\301\261 cUFEW\336<ROF\2522]T\245LT\005?\347t\246\245"
 307      55464557 
 307      DE3C524F 
 307      46AA325D 
 307      54A54C54 
 308 08ab A22A0758 		.ascii	"\242*\007XU*\326\347\274NJ\371\354\3536\224\327\312"
 308      552AD6E7 
 308      BC4E4AF9 
 308      ECEB3694 
 308      D7CA
 309 08bd 5A519E14 		.ascii	"ZQ\236\024\235Q\213B?\334\312\265T\226\033Sy\220\245"
 309      9D518B42 
 309      3FDCCAB5 
 309      54961B53 
 309      7990A5
 310 08d0 32BB6459 		.ascii	"2\273dY\265/9\306\311n\367\374\\o\036\011\351uCH'\237"
 310      B52F39C6 
 310      C96EF7FC 
 310      5C6F1E09 
 310      E9754348 
 311 08e6 0AE99008 		.ascii	"\012\351\220\010\251B~I\362u8g\247&9\375\336~\357o\301"
 311      A9427E49 
 311      F2753867 
 311      A72639FD 
 311      DE7EEF6F 
 312 08fb D6C848E9 		.ascii	"\326\310H\351]\353\237c\343\347'\315K\212\265\322{\214"
ARM GAS  C:\Users\User\AppData\Local\Temp\ccPY3rZf.s 			page 24


 312      5DEB9F63 
 312      E3E727CD 
 312      4B8AB5D2 
 312      7B8C
 313 090d 73514252 		.ascii	"sQBRZ\344\214\217\243\355\237$\245&\244}\342\320\367"
 313      5AE48C8F 
 313      A3ED9F24 
 313      A526A47D 
 313      E2D0F7
 314 0920 73649A23 		.ascii	"sd\232#r\306\364\2104G\304\374\270\344\010\307\302x"
 314      72C6F488 
 314      3447C4FC 
 314      B8E408C7 
 314      C278
 315 0932 FA6F7738 		.ascii	"\372ow8\303\343\245@\2073\306\031\267\320\371Fr\334"
 315      C3E3A540 
 315      8733C619 
 315      B7D0F946 
 315      72DC
 316 0944 C214B3DD 		.ascii	"\302\024\263\335\276()\325\0319\335\356\314\200x\325"
 316      BE2829D5 
 316      1939DDEE 
 316      CC8078D5 
 317 0954 0BBB3B9E 		.ascii	"\013\273;\236\365\242\353\217u\246\245%;b?J]\024\314"
 317      F5A2EB8F 
 317      75A6A525 
 317      3B623F4A 
 317      5D14CC
 318 0967 5AC14816 		.ascii	"Z\301H\026\234\2302/1!!1!vzxtp\324\264\310\031\377\214"
 318      9C98322F 
 318      31212131 
 318      21767A78 
 318      7470D4B4 
 319 097f 8CC5FE97 		.ascii	"\214\305\376\227S\323R\023_N\214C\346\244\324\370\344"
 319      53D35213 
 319      5F4E8C43 
 319      E6A4D4F8 
 319      E4
 320 0990 450989B1 		.ascii	"E\011\211\261)q\310\225\232\030kOH\3740nQ\262\323\356"
 320      2971C895 
 320      9A186B4F 
 320      48FC306E 
 320      51B2D3EE 
 321 09a4 5CBC20D1 		.ascii	"\\\274 \321\021>_\362S\303Y\374\177\214\306\261\330"
 321      113E5FF2 
 321      53C359FC 
 321      7F8CC6B1 
 321      D8
 322 09b5 118BC949 		.ascii	"\021\213\311I@\327\030\202?\252\316\244\224D\2733\346"
 322      40D71882 
 322      3FAACEA4 
 322      9444BB33 
 322      E6
 323 09c6 17E47DA1 		.ascii	"\027\344}\2413B\320G\304\317\247\214b\202\0014\375i"
 323      3342D047 
 323      C4CFA78C 
 323      62820134 
ARM GAS  C:\Users\User\AppData\Local\Temp\ccPY3rZf.s 			page 25


 323      FD69
 324 09d8 0B78F6B1 		.ascii	"\013x\366\261\235\350T\233o\213&\"\354\311\311\011\366"
 324      9DE8549B 
 324      6F8B2622 
 324      ECC9C909 
 324      F6
 325 09e9 245C02F3 		.ascii	"$\\\002\363~a\345\027\244-t:\"b\346\316\211\216\212"
 325      7E61E517 
 325      A42D743A 
 325      2262E6CE 
 325      898E8A
 326 09fc 78F7DD59 		.ascii	"x\367\335Y\021sg\317\3718R\254\005\352\004\003\362\261"
 326      117367CF 
 326      F93852AC 
 326      05EA0403 
 326      F2B1
 327 0a0e 5AE7D8A2 		.ascii	"Z\347\330\242\305B\210\216\262;\375\324\206\374\276"
 327      C542888E 
 327      B23BFDD4 
 327      86FCBE
 328 0a1d CD346BCE 		.ascii	"\3154k\316\03362\313j3\2759k\256\215X\2556bCy\303f#"
 328      1B3632CB 
 328      6A33BD39 
 328      6BAE8D58 
 328      AD366243 
 329 0a35 7F8DB112 		.ascii	"\177\215\261\022\353{sMV\353[6\306\021\305\356\221\344"
 329      EB7B734D 
 329      56EB5B36 
 329      C611C5EE 
 329      91E4
 330 0a47 ADB76D72 		.ascii	"\255\267mr\014Z\316~\313f\212\231\203h\253-\012%\022"
 330      0C5ACE7E 
 330      CB668A99 
 330      8368AB2D 
 330      0A2512
 331 0a5a 917FB7C5 		.ascii	"\221\177\267\305\375*\023r8Sh\300I)<\301B\261;-\"\225"
 331      FD2A1372 
 331      385368C0 
 331      49293CC1 
 331      42B13B2D 
 332 0a70 0EBAE0ED 		.ascii	"\016\272\340\355q4\273Av\373\207\213R\343\355\366\360"
 332      7134BB41 
 332      76FB878B 
 332      52E3EDF6 
 332      F0
 333 0a81 19AFBE1A 		.ascii	"\031\257\276\032\345\247j\246\370\371q\013_\030\201"
 333      E5A76AA6 
 333      F8F9710B 
 333      5F1881
 334 0a90 A72DE0E8 		.ascii	"\247-\340\350\361jO\2427\363\327\324\341\217\274\015"
 334      F16A4FA2 
 334      37F3D7D4 
 334      E18FBC0D 
 335 0aa0 BF16FD6F 		.ascii	"\277\026\375o\000\003\263\242"
 335      0003B3A2 
 336              		.text
 337              		.section	.gnu.lto_.symtab.ae02fa8a,"",%progbits
ARM GAS  C:\Users\User\AppData\Local\Temp\ccPY3rZf.s 			page 26


 338 0000 7374496E 		.ascii	"stInit\000"
 338      697400
 339 0007 00       		.ascii	"\000"
 340 0008 00       		.ascii	"\000"
 341 0009 00       		.ascii	"\000"
 342 000a 00000000 		.ascii	"\000\000\000\000\000\000\000\000"
 342      00000000 
 343 0012 AE000000 		.ascii	"\256\000\000\000"
 344 0016 73745374 		.ascii	"stStartAlarm\000"
 344      61727441 
 344      6C61726D 
 344      00
 345 0023 00       		.ascii	"\000"
 346 0024 00       		.ascii	"\000"
 347 0025 00       		.ascii	"\000"
 348 0026 00000000 		.ascii	"\000\000\000\000\000\000\000\000"
 348      00000000 
 349 002e BD000000 		.ascii	"\275\000\000\000"
 350 0032 73745374 		.ascii	"stStopAlarm\000"
 350      6F70416C 
 350      61726D00 
 351 003e 00       		.ascii	"\000"
 352 003f 00       		.ascii	"\000"
 353 0040 00       		.ascii	"\000"
 354 0041 00000000 		.ascii	"\000\000\000\000\000\000\000\000"
 354      00000000 
 355 0049 BF000000 		.ascii	"\277\000\000\000"
 356 004d 73745365 		.ascii	"stSetAlarm\000"
 356      74416C61 
 356      726D00
 357 0058 00       		.ascii	"\000"
 358 0059 00       		.ascii	"\000"
 359 005a 00       		.ascii	"\000"
 360 005b 00000000 		.ascii	"\000\000\000\000\000\000\000\000"
 360      00000000 
 361 0063 C1000000 		.ascii	"\301\000\000\000"
 362 0067 73744765 		.ascii	"stGetAlarm\000"
 362      74416C61 
 362      726D00
 363 0072 00       		.ascii	"\000"
 364 0073 00       		.ascii	"\000"
 365 0074 00       		.ascii	"\000"
 366 0075 00000000 		.ascii	"\000\000\000\000\000\000\000\000"
 366      00000000 
 367 007d C4000000 		.ascii	"\304\000\000\000"
 368 0081 73745F6C 		.ascii	"st_lld_init\000"
 368      6C645F69 
 368      6E697400 
 369 008d 00       		.ascii	"\000"
 370 008e 02       		.ascii	"\002"
 371 008f 00       		.ascii	"\000"
 372 0090 00000000 		.ascii	"\000\000\000\000\000\000\000\000"
 372      00000000 
 373 0098 C6000000 		.ascii	"\306\000\000\000"
 374              		.text
 375              		.section	.gnu.lto_.opts,"",%progbits
 376 0000 272D666D 		.ascii	"'-fmath-errno' '-fsigned-zeros' '-ftrapping-math' '"
ARM GAS  C:\Users\User\AppData\Local\Temp\ccPY3rZf.s 			page 27


 376      6174682D 
 376      6572726E 
 376      6F272027 
 376      2D667369 
 377 0033 2D666E6F 		.ascii	"-fno-trapv' '-fno-openmp' '-fno-openacc' '-mcpu=cor"
 377      2D747261 
 377      70762720 
 377      272D666E 
 377      6F2D6F70 
 378 0066 7465782D 		.ascii	"tex-m7' '-mno-thumb-interwork' '-mthumb' '-ggdb' '-"
 378      6D372720 
 378      272D6D6E 
 378      6F2D7468 
 378      756D622D 
 379 0099 4F322720 		.ascii	"O2' '-fomit-frame-pointer' '-falign-functions=16' '"
 379      272D666F 
 379      6D69742D 
 379      6672616D 
 379      652D706F 
 380 00cc 2D666675 		.ascii	"-ffunction-sections' '-fdata-sections' '-fno-common"
 380      6E637469 
 380      6F6E2D73 
 380      65637469 
 380      6F6E7327 
 381 00ff 2720272D 		.ascii	"' '-flto'\000"
 381      666C746F 
 381      2700
 382              		.text
 383              		.comm	__gnu_lto_v1,1,1
 384              		.comm	__gnu_lto_slim,1,1
 385              		.ident	"GCC: (GNU Tools for ARM Embedded Processors 6-2017-q1-update) 6.3.1 20170215 (release) [AR
ARM GAS  C:\Users\User\AppData\Local\Temp\ccPY3rZf.s 			page 28


DEFINED SYMBOLS
                            *ABS*:00000000 hal_st.c
                            *COM*:00000001 __gnu_lto_v1
                            *COM*:00000001 __gnu_lto_slim

NO UNDEFINED SYMBOLS
