ARM GAS  C:\Users\User\AppData\Local\Temp\ccshmNxK.s 			page 1


   1              		.cpu cortex-m7
   2              		.eabi_attribute 20, 1
   3              		.eabi_attribute 21, 1
   4              		.eabi_attribute 23, 3
   5              		.eabi_attribute 24, 1
   6              		.eabi_attribute 25, 1
   7              		.eabi_attribute 26, 1
   8              		.eabi_attribute 30, 2
   9              		.eabi_attribute 34, 1
  10              		.eabi_attribute 18, 4
  11              		.file	"hal_st_lld.c"
  12              		.text
  13              	.Ltext0:
  14              		.section	.gnu.lto_.profile.ae029e17,"",%progbits
  15 0000 789C6365 		.ascii	"x\234ce`b`a```d\320\344\001\000\000\336\000B"
  15      60626061 
  15      60606064 
  15      D0E40100 
  15      00DE0042 
  16              		.text
  17              		.section	.gnu.lto_.icf.ae029e17,"",%progbits
  18 0000 789C6365 		.ascii	"x\234ce`b\340c@\000&\206E\013g\257\342g|\333\326\370"
  18      6062E063 
  18      40002686 
  18      450B67AF 
  18      E2677CDB 
  19 0016 8D8D0100 		.ascii	"\215\215\001\000*\234\005\240"
  19      2A9C05A0 
  20              		.text
  21              		.section	.gnu.lto_.jmpfuncs.ae029e17,"",%progbits
  22 0000 789C6365 		.ascii	"x\234ce`b0g@\000&0\311\310\300\300\3028\235\231\361"
  22      60623067 
  22      40002630 
  22      C9C8C0C0 
  22      C2389D99 
  23 0015 F78F737B 		.ascii	"\367\217s{\331\373\230\347330r3.g\224\001\312\000E\273"
  23      D9FB98E7 
  23      33333072 
  23      332E6794 
  23      01CA0045 
  24 002a 7E5DEFE3 		.ascii	"~]\357\343\200\210r0\256\000\2112\000\000M\332\013\372"
  24      80887230 
  24      AE008932 
  24      00004DDA 
  24      0BFA
  25              		.text
  26              		.section	.gnu.lto_.inline.ae029e17,"",%progbits
  27 0000 789C6365 		.ascii	"x\234ce`b\260d@\000&\006\006v\011F\006&\226\005\362"
  27      6062B064 
  27      40002606 
  27      06760946 
  27      06269605 
  28 0015 0C6C0BE4 		.ascii	"\014l\013\344\231@b\214\\p\202\201S\020(\311\366A\017"
  28      9940628C 
  28      5C708281 
  28      531028C9 
  28      F6410F
ARM GAS  C:\Users\User\AppData\Local\Temp\ccshmNxK.s 			page 2


  29 0028 2EC9CC03 		.ascii	".\311\314\003\326\304\000\000\206\345\004\037"
  29      D6C40000 
  29      86E5041F 
  30              		.text
  31              		.section	.gnu.lto_.pureconst.ae029e17,"",%progbits
  32 0000 789C6365 		.ascii	"x\234ce`b`c`\000\222\273\030\031\245\000\003\273\000"
  32      60626063 
  32      600092BB 
  32      1819A500 
  32      03BB00
  33 0013 E6       		.ascii	"\346"
  34              		.text
  35              		.section	.gnu.lto_SysTick_Handler.ae029e17,"",%progbits
  36 0000 789CA553 		.ascii	"x\234\245SKL\023Q\024\275w^i+\240\2624\221EY\220HB\030"
  36      4B4C1351 
  36      14BD775E 
  36      692BA0B2 
  36      34914559 
  37 0018 9144883B 		.ascii	"\221D\210;S7$T\023\312\222\244\302\264\332&m\207t\312"
  37      53372454 
  37      13CA92A4 
  37      C2B4DA26 
  37      6D8774CA 
  38 002c 6FC55020 		.ascii	"o\305P \0254J\374\361w\210\032\301\017_E\254@\255\340"
  38      15344AFC 
  38      F177881A 
  38      C10F5F45 
  38      AC40ADE0 
  39 0040 67816824 		.ascii	"g\201h$\230\220`\202B\320\210\230\250+6\242\357M[\202"
  39      98906082 
  39      42D08898 
  39      A82B36A2 
  39      EF4D5B82 
  40 0054 6DA28BBE 		.ascii	"m\242\213\276d\346\315\273\347\336s\357;'\223\004\034"
  40      64E6CDBB 
  40      E7DE73EF 
  40      3B279304 
  40      1C
  41 0065 2C128015 		.ascii	",\022\200\025\004\330\017\000H\000\271\326\327\000\365"
  41      04D80F00 
  41      4800B9D6 
  41      D700F5
  42 0074 7A0E917D 		.ascii	"z\016\221}\310z\204:\016\353\360\002i#8\355\377\024"
  42      C87A843A 
  42      0EEBF002 
  42      692338ED 
  42      FF14
  43 0086 E0B2FA64 		.ascii	"\340\262\372d\272Bm\233{\352\345\246}\012-\357\240\017"
  43      BA426D9B 
  43      7BEAE5A6 
  43      7D0A2DEF 
  43      A00F
  44 0098 5BD88759 		.ascii	"[\330\207Y@\323VF\266\256\354\326j\302q\354G-\245\207"
  44      40D35646 
  44      B6AEECD6 
  44      6AC271EC 
  44      472DA587 
ARM GAS  C:\Users\User\AppData\Local\Temp\ccshmNxK.s 			page 3


  45 00ac A1790CC9 		.ascii	"\241y\014\311[\277\375r\350\375M\354:\241\005h\2410"
  45      5BBFFD72 
  45      E8FD4DEC 
  45      3AA10568 
  45      A130
  46 00be EB719670 		.ascii	"\353q\226pl'k\310\261\352\267\215\303\335\344<Q\010"
  46      6C276BC8 
  46      B1EAB78D 
  46      C3DDE43C 
  46      5108
  47 00d0 A2861E7F 		.ascii	"\242\206\036\177\314u\256\356aG\016\015\364\370y\322"
  47      CC75AEEE 
  47      61470E0D 
  47      F4F879D2 
  48 00e0 BF80C486 		.ascii	"\277\200\304\206,s,\270\330\236\234yC\226}rh\271\347"
  48      2C732CB8 
  48      D89E9C79 
  48      43967D72 
  48      68B9E7
  49 00f3 4067C3EC 		.ascii	"@g\303\3549\271\327\227\246\020\202w\221\320\356x\007"
  49      39B9D797 
  49      A6108277 
  49      91D0EE78 
  49      07
  50 0104 D3F136A6 		.ascii	"\323\3616\246\207\247\273\207\231\264\310\377E\236\322"
  50      87A7BB87 
  50      99B4C8FF 
  50      459ED2
  51 0113 303E8206 		.ascii	"0>\202\006\034\240\330:\372VV\273\207\347q{\362F\365"
  51      1CA0D83A 
  51      FA5656BB 
  51      87E7717B 
  51      F246F5
  52 0126 82975AF7 		.ascii	"\202\227Z\367\252\303w\020\204\030hv.\373\014e\037d"
  52      AAC37710 
  52      84186876 
  52      2EFB0C65 
  52      1F64
  53 0138 20170BCE 		.ascii	" \027\013\316,\033\234\200C\014#\261\330RO6\025\014"
  53      2C1B9C80 
  53      430C23B1 
  53      D8524F36 
  53      150C
  54 014a 8719A889 		.ascii	"\207\031\250\211\005\347\273\010\233\021p\204\301I;"
  54      05E7BB08 
  54      9B117084 
  54      C1493B
  55 0159 95C451A4 		.ascii	"\225\304Q\244\202\341}&%\302K\346\305uet39c\221(r\273"
  55      82E17D26 
  55      25C24BE6 
  55      C5756574 
  55      33396391 
  56 0170 4109930D 		.ascii	"A\011\223\015\254N\310z\015G\023\037`\006\260\310\367"
  56      AC4EC87A 
  56      0D47131F 
  56      6006B0C8 
  56      F7
ARM GAS  C:\Users\User\AppData\Local\Temp\ccshmNxK.s 			page 4


  57 0181 8D85258E 		.ascii	"\215\205%\216Fp\0145\352e\001\037\252\252\366\007g\326"
  57      46700C35 
  57      EA65011F 
  57      AAAAF607 
  57      67D6
  58 0193 52339622 		.ascii	"R3\226\"\325j\257\237\203\243\357R\324\352qV\215\217"
  58      D56AAF9F 
  58      83A3EF52 
  58      D4EA7156 
  58      8D8F
  59 01a5 50036BE8 		.ascii	"P\003k\3503\250\302\001|\305\206\017k\267FO\305\252"
  59      33A8C201 
  59      7CC5860F 
  59      6BB7464F 
  59      C5AA
  60 01b7 7431AA92 		.ascii	"t1\252\222\366\257\201\003\352\300\217Q\215\006\002"
  60      F6AF8103 
  60      EAC08F51 
  60      8D0602
  61 01c6 1B4BBABA 		.ascii	"\033K\272\272_\262^!4Q\247\2028\201u\240\020\035Dl\217"
  61      5FB25E21 
  61      3451A782 
  61      388175A0 
  61      101D446C 
  62 01db 31B3E73F 		.ascii	"1\263\347?fN\252f^m\232~\243\013\233\0118\365/3/G\307"
  62      664EAA66 
  62      5E6D9A7E 
  62      A30B9B09 
  62      38F52F33 
  63 01f2 D4C79B59 		.ascii	"\324\307\233Y\320L\331\203\014\334\025of\201\033\360"
  63      D04CD983 
  63      0CDC156F 
  63      66811BF0 
  64 0202 09C392E3 		.ascii	"\011\303\222\343\315,\350\247\205!\006\246\304\202\353"
  64      CD2CE8A7 
  64      852106A6 
  64      C482EB
  65 0211 3D84CD08 		.ascii	"=\204\315\010\3704\336\314iU\233\231\035fn)\037\203"
  65      F834DECC 
  65      69559B99 
  65      1D666E29 
  65      1F83
  66 0223 29519FA6 		.ascii	")Q\237\246T\237\236\251>\305\232\362|\333\224\311\250"
  66      549F9EA9 
  66      3EC59AF2 
  66      7CDB94C9 
  66      A8
  67 0234 29CDAF74 		.ascii	")\315\257t\354f\361:\247\322\374\027\021\221\277\241"
  67      EC66F13A 
  67      A7D2FC17 
  67      1191BFA1 
  68 0244 AF77FC1A 		.ascii	"\257w\374\032\252\211l\265P\301\350?G\211\313\215GJ"
  68      AA896CB5 
  68      50C1E83F 
  68      4789CB8D 
  68      474A
  69 0256 05BBA3DC 		.ascii	"\005\273\243\334Qjdo\263\267\322\352\020s\363\253\362"
ARM GAS  C:\Users\User\AppData\Local\Temp\ccshmNxK.s 			page 5


  69      516A646F 
  69      B3B7D2EA 
  69      1073F3AB 
  69      F2
  70 0267 2CD50EB7 		.ascii	",\325\016\267U\254\226v\306\303\231\242\224\233\177"
  70      55AC9676 
  70      C6C399A2 
  70      949B7F
  71 0276 981725DE 		.ascii	"\230\027%\336^\346\344+D\217W\342\315%\246\274C|Q\321"
  71      5EE6E42B 
  71      448F57E2 
  71      CD25A6BC 
  71      437C51D1 
  72 028a 31BEA4D0 		.ascii	"1\276\244\320T\225\313\020\213\344\2658\235\326\034"
  72      5495CB10 
  72      8BE4B538 
  72      9DD61C
  73 0299 0192AACA 		.ascii	"\001\222\252\312\234\225\266\322\004\032\011\242\313"
  73      9C95B6D2 
  73      041A09A2 
  73      CB
  74 02a6 25BA23BD 		.ascii	"%\272#\275\216\026\233\214\246\032^\260\013\242\307"
  74      8E169B8C 
  74      A61A5EB0 
  74      0BA2C7
  75 02b5 66A9CA77 		.ascii	"f\251\312w\345\330\341d\342\344\266\032/o4\231\013\315"
  75      E5D8E164 
  75      E2E4B61A 
  75      2F6F3499 
  75      0BCD
  76 02c7 BCC32D38 		.ascii	"\274\303-8+\2556^pI\016\311rZ\020h\203\343\011\312$"
  76      2BAD365E 
  76      70490EC9 
  76      725A1068 
  76      83E309CA 
  77 02dc 4AF4E5F1 		.ascii	"J\364\345\361\252{\202t\224e{B\273T+Q\2724\223\271\330"
  77      AA7B8274 
  77      94657B42 
  77      BB542B51 
  77      BA3493B9 
  78 02f1 505E26D9 		.ascii	"P^&\331*<\216lC\346A\340<\240s\331\\\242\247\026\376"
  78      2A3C8E6C 
  78      43E641E0 
  78      3CA073D9 
  78      5CA2A716 
  79 0306 00FE81EE 		.ascii	"\000\376\201\356\376"
  79      FE
  80              		.text
  81              		.section	.gnu.lto_st_lld_init.ae029e17,"",%progbits
  82 0000 789C9D91 		.ascii	"x\234\235\221OHTQ\024\306\317w\3578\363R,h\0254\213"
  82      4F485451 
  82      14C6CF77 
  82      EF38F352 
  82      2C681534 
  83 0015 B66E7A8C 		.ascii	"\266nz\214B\202[\333\010\272\032\227\302\220\316\302"
  83      42825BDB 
  83      08BA1A97 
ARM GAS  C:\Users\User\AppData\Local\Temp\ccshmNxK.s 			page 6


  83      C290CEC2 
  84 0025 89A117BE 		.ascii	"\211\241\027\276I\227s\307\234\304\011l jr\021oB\230"
  84      499773C7 
  84      9CC4096C 
  84      206A7211 
  84      6F4298
  85 0038 692A33CB 		.ascii	"i*3\313\214\011\304qh\321J\263E\177h\021\004ER\271\022"
  85      8C09C471 
  85      68D14AB3 
  85      457F6811 
  85      044552B9 
  86 004d 9424ED9C 		.ascii	"\224$\355\2347\030m\353\300\275\367\275\357\234\363"
  86      37186DEB 
  86      C0BDF7BD 
  86      EF9CF3
  87 005c 3BDFE536 		.ascii	";\337\3456\221\242c\212(ND'yA\023T~\215(c)@>\214\005"
  87      91A2638A 
  87      284E4427 
  87      79411354 
  87      7E8D2863 
  88 0075 4A2BA471 		.ascii	"J+\244qM\0274\352\223_\252\252\255l8j\205\245\343WL"
  88      4D1734EA 
  88      935FAAAA 
  88      AD6C386A 
  88      85A5E357 
  89 008a F684A789 		.ascii	"\366\204\247\211fxI\240\2146\342\262O\013\3737Z\203"
  89      667849A0 
  89      8C36E2B2 
  89      4F0BFB37 
  89      5A83
  90 009c 81868EBB 		.ascii	"\201\206\216\273\010\202\317\371\327\250\231\375\203"
  90      0882CFF9 
  90      D7A899FD 
  90      83
  91 00a9 49537B31 		.ascii	"IS{1\213\215h\220(\307i\231qU+9\365&\352\333_\327+\315"
  91      8B8D6890 
  91      28C76999 
  91      71552B39 
  91      F526EADB 
  92 00c1 D2C1949B 		.ascii	"\322\301\224\233\331\372zhZ{\032\020\350\307\255\374"
  92      D9FA7A68 
  92      5A7B1A10 
  92      E8C7ADFC 
  93 00d1 C191C66F 		.ascii	"\301\221\306o\276v\331\034e\351\372\233g\317\003\036"
  93      BE76D91C 
  93      65E9FA9B 
  93      67CF031E 
  94 00e1 6E67D84F 		.ascii	"ng\330O\361<yZ\341\036\302\250 L\322q\347ei\325\262"
  94      F13C795A 
  94      E11EC2A8 
  94      204CD271 
  94      E76569D5 
  95 00f6 E7CC44C6 		.ascii	"\347\314D\306\234\362\264\306}x\270\345[\305\003\330"
  95      9CF2B4C6 
  95      7D78B8E5 
  95      5BC503D8 
  96 0106 5CB0F1AA 		.ascii	"\\\260\361\252\3649 H\215\225B+\346\270\317\367\360"
ARM GAS  C:\Users\User\AppData\Local\Temp\ccshmNxK.s 			page 7


  96      F4392048 
  96      8D95422B 
  96      E6B8CFF7 
  96      F0
  97 0117 6EEAD0C3 		.ascii	"n\352\320\303?Nx\350O\220\333b\336\237\360\347\016,"
  97      3F4E78E8 
  97      4F90DB62 
  97      DE9FF0E7 
  97      0E2C
  98 0129 E2D121FF 		.ascii	"\342\321!\377}\345?\371\013>_\011\377\261\317\337\316"
  98      7DE53FF9 
  98      0B3E5F09 
  98      FFB1CFDF 
  98      CE
  99 013a 6577B4F0 		.ascii	"ew\264\360\003\010\341\011w}C\266\270W\322\202\027@"
  99      0308E109 
  99      777D43B6 
  99      B857D282 
  99      1740
 100 014c B5FAFD43 		.ascii	"\265\372\375C(\375\313X\236n\232\021cXDZ\022{\273k\313"
 100      28FDCB58 
 100      9E6E9A11 
 100      6358445A 
 100      127BBB6B 
 101 0161 BEB1205A 		.ascii	"\276\261 Z\360\024a\226r?\337N[\015\311\302\022\302"
 101      F0146196 
 101      723FDF4E 
 101      5B0DC9C2 
 101      12C2
 102 0173 9E0ED10F 		.ascii	"\236\016\321\017\214\027g\313\360q\0229f\360S\261\203"
 102      8C1767CB 
 102      F0711239 
 102      66F053B1 
 102      83
 103 0184 C1EEAE81 		.ascii	"\301\356\256\201\241\341\304`b\240[\366h\352R<\341D"
 103      A1E1C460 
 103      62A05BF6 
 103      68EA523C 
 103      E144
 104 0196 3A473B62 		.ascii	":G;bc\211\013qg\314\375[oT:n\244\363\214\355\270\366"
 104      63890B71 
 104      67CCFD5B 
 104      6F543A6E 
 104      A4F38CED 
 105 01ac F0B9A47D 		.ascii	"\360\271\244}\321\031I\271v\264\277\257\243\335\356"
 105      D11949B9 
 105      76B4BFAF 
 105      A3DDEE
 106 01bb ED3D6BF7 		.ascii	"\355=k\367\367\364\215F$\023sS\261d2~z\210~\003\251"
 106      F7F48D46 
 106      24137353 
 106      B164327E 
 106      7A887E03 
 107 01d0 74D169   		.ascii	"t\321i"
 108              		.text
 109              		.section	.gnu.lto_.symbol_nodes.ae029e17,"",%progbits
 110 0000 789C6365 		.ascii	"x\234ce`b(d\000\002\2469L\365\014\014\023\31610\000"
ARM GAS  C:\Users\User\AppData\Local\Temp\ccshmNxK.s 			page 8


 110      60622864 
 110      0002A639 
 110      4CF50C0C 
 110      13CE3130 
 111 0015 A95D0D8E 		.ascii	"\251]\015\216@\221\271L\365\214(\"\214\363\230\352\231"
 111      4091B94C 
 111      F58C2822 
 111      8CF398EA 
 111      99
 112 0026 C0220C0C 		.ascii	"\300\"\014\014\015\015\016@\201\371L\365\314(\002\013"
 112      0D0D0E40 
 112      81F94CF5 
 112      CC28020B 
 113 0036 98EA5990 		.ascii	"\230\352Y\220\005\230\201\260\345\341?Ff\240=-mo\344"
 113      059881B0 
 113      E5E13F46 
 113      66A03D2D 
 113      6D6FE4
 114 0049 991959C0 		.ascii	"\231\031Y\300|\006\000 \302\033\237"
 114      7C060020 
 114      C21B9F
 115              		.text
 116              		.section	.gnu.lto_.refs.ae029e17,"",%progbits
 117 0000 789C6365 		.ascii	"x\234ce`b`d\000\002\000\000I\000\011"
 117      60626064 
 117      00020000 
 117      490009
 118              		.text
 119              		.section	.gnu.lto_.decls.ae029e17,"",%progbits
 120 0000 789CBD96 		.ascii	"x\234\275\226kP\024W\026\200\373\314\035^\303\360(\244"
 120      6B501457 
 120      1680FBCC 
 120      1D5EC3F0 
 120      28A4
 121 0012 B6FCE10F 		.ascii	"\266\374\341\017\312\242J\376\204\021\251\012[\373K"
 121      CAA24AFE 
 121      8411A90A 
 121      5BFB4B
 122 0021 42362B55 		.ascii	"B6+U\230XB\374\261EU\35783\221\251\314Cg\006\015\277"
 122      985842FC 
 122      B14555EF 
 122      383391A9 
 122      CC436706 
 123 0037 B61535A2 		.ascii	"\266\0255\242\206\370\332$\020\215\004\215\202B\004"
 123      86F8DA24 
 123      108D048D 
 123      824204
 124 0046 4C306240 		.ascii	"L0b@\004\302\333\360\0221>\200\370@W\024\021\214 \006"
 124      04C2DBF0 
 124      12313E80 
 124      F8405714 
 124      118C2006 
 125 005a D973EFED 		.ascii	"\331s\357\355\246\207\011VY\345\356v\315\351\351{\346"
 125      A6870956 
 125      59E5EE76 
 125      CDE9E97B 
 125      E6
ARM GAS  C:\Users\User\AppData\Local\Temp\ccshmNxK.s 			page 9


 126 006b DCEF9C73 		.ascii	"\334\357\234s\317\271\267\307O\320\010]\301\202\320"
 126      CFB9B7C7 
 126      4FD0085D 
 126      C182D0
 127 007a A715042D 		.ascii	"\247\025\004-\010\302\014^D\020\204R\024\034\012e\002"
 127      08C20C5E 
 127      44108452 
 127      141C0A65 
 127      02
 128 008b BFFC507E 		.ascii	"\277\374P~@\251B\371\021\245\006\245^\370\343\265\001"
 128      40A942F9 
 128      11A506A5 
 128      5EF8E3B5 
 128      01
 129 009c 2705E2F7 		.ascii	"'\005\342\367\032\224\010\224H\231\321\212\322\201\322"
 129      1A940894 
 129      4899D18A 
 129      D281D2
 130 00ab 897246B6 		.ascii	"\211rF\266\015\221\231\335(\227P.\243\\A\351G\031\224"
 130      0D9199DD 
 130      2897502E 
 130      A35C41E9 
 130      471994
 131 00be 7DDC44B9 		.ascii	"}\334D\271\2152\204rO\366\355{ez\371|\2162\2052\214"
 131      8D328472 
 131      4FF6ED7B 
 131      657AF97C 
 131      8E328532 
 132 00d3 B204E577 		.ascii	"\262\004\345w\331\177\035\012\315k\034e\014\345)\212"
 132      D97F1D0A 
 132      CD6B1C65 
 132      0CE5298A 
 133 00e3 46CE67BE 		.ascii	"F\316g\276<>'p\243\271\370$\311%\260D\007tU\302Pu\352"
 133      3C3E2770 
 133      A3B9F824 
 133      C925B044 
 133      077455C2 
 134 00fa C1D96721 		.ascii	"\301\331g!\\E-\006\236\025\275\023[\"\361+P\243N\355"
 134      5C452D06 
 134      9E15BD13 
 134      5B22F12B 
 134      50A34EED 
 135 010e FE74EC68 		.ascii	"\376t\354h\000\011fF][\313\016RL\204\016\2648||1\377"
 135      00096646 
 135      5D5BCB0E 
 135      524C840E 
 135      B4387C7C 
 136 0124 56280E23 		.ascii	"V(\016#u\020\3659\321\344\265\366\325i!Fw\214\"j'\306"
 136      7510F539 
 136      D1E4B5F6 
 136      D5692146 
 136      778C226A 
 137 013a 96ECFD58 		.ascii	"\226\354\375X\2224\360-\350\340\004\020(\206XZ\210%"
 137      9234F02D 
 137      E8E00410 
 137      2886585A 
 137      8825
ARM GAS  C:\Users\User\AppData\Local\Temp\ccshmNxK.s 			page 10


 138 014c 3ABCEF90 		.ascii	":\274\357\220\244-\322\236l)h\205\000%\260\010N\302"
 138      A42DD29E 
 138      6C296885 
 138      0025B008 
 138      4EC2
 139 015e 22014A21 		.ascii	"\"\001J!\206FC\355\240\010\225\307Q\211^\212\217\356"
 139      864643ED 
 139      A00895C7 
 139      51895E8A 
 139      8FEE
 140 0170 2DF42707 		.ascii	"-\364'\007\201F\240i\254\271vE\013\272\230y\001\345"
 140      8146A069 
 140      ACB97645 
 140      0BBA9879 
 140      01E5
 141 0182 F3007830 		.ascii	"\363\000x0\217J\0267n\243\301\224a0\247\324`06\372\205"
 141      8F4A1637 
 141      6EA3C194 
 141      6130A7D4 
 141      603036FA 
 142 0197 5A7454F9 		.ascii	"ZtT\371IC\265\246\037\256\003f\017\341,\177\000~\007"
 142      4943B5A6 
 142      1FAE0366 
 142      0FE12C7F 
 142      007E07
 143 01aa 266C38A3 		.ascii	"&l8\243\\\000L\217Z\015\273sC\246\002e\206<\326\310"
 143      5C004C8F 
 143      5A0DBB73 
 143      43A60265 
 143      863CD6C8 
 144 01be 438D8C64 		.ascii	"C\215\214d\037y2x\021\371\317\334\223r\361\346\345\017"
 144      1F793278 
 144      11F9CFDC 
 144      9372F1E6 
 144      E50F
 145 01d0 6C9A321B 		.ascii	"l\2322\0334\252\003\000\357\011^@\036\266\374\373l|"
 145      34AA0300 
 145      EF095E40 
 145      1EB6FCFB 
 145      6C7C
 146 01e2 829A1C28 		.ascii	"\202\232\034(u~\234\327>\244\033\200\033T[\260\034\230"
 146      757E9CD7 
 146      3EA41B80 
 146      1B545BB0 
 146      1C98
 147 01f4 AE79DBE9 		.ascii	"\256y\333\351\211PrX\303\212\377\323\314Dm\030/\276"
 147      89507258 
 147      C38AFFD3 
 147      CC446D18 
 147      2FBE
 148 0206 86F6C568 		.ascii	"\206\366\305h\373\241`^\374p\034Nn\356\275\240[\370"
 148      FBA1605E 
 148      FC701C4E 
 148      6EEEBDA0 
 148      5BF8
 149 0218 196B9F6C 		.ascii	"\031k\237l)\\\003k\376\004\225X\203\357\261\006\002"
 149      295C036B 
ARM GAS  C:\Users\User\AppData\Local\Temp\ccshmNxK.s 			page 11


 149      FE049558 
 149      83EFB106 
 149      02
 150 0229 9C818578 		.ascii	"\234\201\205x_\253\345\256\312\033\207\252\264\213\013"
 150      5FABE5AE 
 150      CA1B87AA 
 150      B48B0B
 151 0238 A48241A9 		.ascii	"\244\202A\251v\346\342\322s\205\333\245N\234\266\234"
 151      76E6E2D2 
 151      7385DBA5 
 151      4E9CB69C 
 152 0248 D9C1776A 		.ascii	"\331\301wjy\360\021\357\247a\000\240\002\3721\362\037"
 152      79F011EF 
 152      A76100A0 
 152      02FA31F2 
 152      1F
 153 0259 60310D75 		.ascii	"`1\015u\367\243\2020\262\217\260\260\032\366\037\272"
 153      F7A38230 
 153      B28FB0B0 
 153      1AF61FBA 
 154 0269 E92FC3FA 		.ascii	"\351/\303\372[\364yR\355\026\211V\232\242\316\252\250"
 154      5BF47952 
 154      ED168956 
 154      9AA2CEAA 
 154      A8
 155 027a B3BEA82A 		.ascii	"\263\276\250*\206\032\030\035o\012&_q\324\376\343W?"
 155      861A181D 
 155      6F0A265F 
 155      71D4FEE3 
 155      573F
 156 028c D6206A10 		.ascii	"\326 j\020;\246c$f\272\354\266\264C\307\203:\247\222"
 156      3BA66324 
 156      66BAECB6 
 156      B443C783 
 156      3AA792
 157 029f CE51127D 		.ascii	"\316Q\022}\370\221\021r\316\324\177BH\256\226\021\306"
 157      F8911172 
 157      CED47F42 
 157      48AE9611 
 157      C6
 158 02b0 9B9E6F0B 		.ascii	"\233\236o\013\224\011m\273\311\203\342\355\265\2538"
 158      94096DBB 
 158      C983E2ED 
 158      B5AB38
 159 02bf A05A0554 		.ascii	"\240Z\005T+\200\032\006(\237\034\316&d\224\003\352\236"
 159      2B801A06 
 159      289F1CCE 
 159      26649403 
 159      EA9E
 160 02d1 0D846B35 		.ascii	"\015\204k5\274%\351z\241j\3477-SdVW\013L\331\3265\326"
 160      BC25E97A 
 160      A16AE737 
 160      2D536456 
 160      570B4CD9 
 161 02e8 A77FE972 		.ascii	"\247\177\351r\327\261\345\276\000\362z\217\355\253="
 161      D7B1E5BE 
 161      00F27A8F 
ARM GAS  C:\Users\User\AppData\Local\Temp\ccshmNxK.s 			page 12


 161      EDAB3D
 162 02f7 1C204735 		.ascii	"\034 G5\\L\212\216\260\250\320\010\316\253Q\235W\242"
 162      5C4C8A8E 
 162      B0A8D008 
 162      CEAB519D 
 162      57A2
 163 0309 AA6751ED 		.ascii	"\252gQ\355\254\354\351\327\352vP>\333f\264\354\312F"
 163      ACECE9D7 
 163      EA76503E 
 163      DB66B4EC 
 163      CA46
 164 031b 13A081EE 		.ascii	"\023\240\201\356\0330,\202\245l\213\366NVO\351\311="
 164      1B302C82 
 164      A56C8BF6 
 164      4E564FE9 
 164      C93D
 165 032d 3F9A8276 		.ascii	"?\232\202v\360\310\330\260?\304,\002\320\241\034S\216"
 165      F0C8D8B0 
 165      3FC42C02 
 165      D0A11C53 
 165      8E
 166 033e 14019A31 		.ascii	"\024\001\2321\374\237d/x\345KH\037\375'U\363\363`\264"
 166      FC9F642F 
 166      78E54B48 
 166      1FFD2755 
 166      F3F360B4 
 167 0352 50220B05 		.ascii	"P\"\013\005\210gTh\304\315\334\314\334\264\240\333&"
 167      88675468 
 167      C4CDDCCC 
 167      DCB4A0DB 
 167      26
 168 0363 749B2F05 		.ascii	"t\233/\0052\015:\334\375\260\353\013}\304\036\026\235"
 168      320D3ADC 
 168      FDB0EB0B 
 168      7DC41E16 
 168      9D
 169 0374 24450163 		.ascii	"$E\001c\253\371\267B\204\022$\033\340\214\333\317K\253"
 169      ABF9B742 
 169      8412241B 
 169      E08CDBCF 
 169      4BAB
 170 0386 4279F7FA 		.ascii	"By\367\372\343p\342T\301\317!/M\257]I\257\215\037AO"
 170      E370E254 
 170      C1CF212F 
 170      4DAF5D49 
 170      AF8D1F41 
 171 039b 766E9B90 		.ascii	"vn\233\220\317\275\000\034\026\015\035\314\325\363\326"
 171      CFBD001C 
 171      160D1DCC 
 171      D5F3D6
 172 03aa FF330EAF 		.ascii	"\3773\016\257u\2264\206\370\006\3633\302.2X\007\013"
 172      75963486 
 172      F806F333 
 172      C22E3258 
 172      070B
 173 03bc A69D07D3 		.ascii	"\246\235\007\323\301\202\031\230\354\353\327\353w\316"
 173      C1821998 
ARM GAS  C:\Users\User\AppData\Local\Temp\ccshmNxK.s 			page 13


 173      ECEBD7EB 
 173      77CE
 174 03ca 9E61AC43 		.ascii	"\236a\254CT\367\235\240W\252\202\217h\177\367\270\204"
 174      54F79DA0 
 174      57AA828F 
 174      687FF7B8 
 174      84
 175 03db FBF0215B 		.ascii	"\373\360![_\310)\357)\014\306j\326b\30375\223\234\362"
 175      5FC829EF 
 175      290CC66A 
 175      D662C337 
 175      35939CF2 
 176 03ef B296CD52 		.ascii	"\262\226\315R\344\326 \006\351R\013\332\345\333\361"
 176      E4D62006 
 176      E9520BDA 
 176      E5DBF1
 177 03fe DDACB0A3 		.ascii	"\335\254\260\243O\333\366\022\322\341\317X_\267\236"
 177      4FDBF612 
 177      D2E1CF58 
 177      5FB79E
 178 040d B8456416 		.ascii	"\270Ed\026\366kM)\333\211\005+x\317\366\250\260\036"
 178      F66B4D29 
 178      DB89052B 
 178      78CFF6A8 
 178      B01E
 179 041f 5FD82506 		.ascii	"_\330%\006\253\177z\2714\200\014r\330\366\003\305/\374"
 179      AB7F7AB9 
 179      34800C72 
 179      D8F603C5 
 179      2FFC
 180 0431 14D848F4 		.ascii	"\024\330H\364\341#s`\275*\254\327\027v\231\301\216M"
 180      E1237360 
 180      BD2AACD7 
 180      177699C1 
 180      8E4D
 181 0443 4CEE0A25 		.ascii	"L\356\012%\343\034\266mzl0T\206u\347\023\276\255\277"
 181      E31CB66D 
 181      7A6C3054 
 181      8675E713 
 181      BEADBF
 182 0456 E6DBBA4F 		.ascii	"\346\333\272OE\365\371\242\2560T\337P\235\231Ls\322"
 182      45F5F9A2 
 182      AE3054DF 
 182      509D994C 
 182      73D2
 183 0468 89D2AFCA 		.ascii	"\211\322\257\312B\311\256\0006\330UW\177\320\0377\023"
 183      42C9AE00 
 183      36D85557 
 183      7FD01F37 
 183      13
 184 0479 5C658D38 		.ascii	"\\e\2158\377\216k(;9\035\372\322\315u\203m\256\353\312"
 184      FF8E6B28 
 184      3B391DFA 
 184      D2CD7583 
 184      6DAEEBCA 
 185 048d E61AFAF2 		.ascii	"\346\032\372\362\2632\245\034\035\303$\267\270\177\267"
 185      B332A51C 
ARM GAS  C:\Users\User\AppData\Local\Temp\ccshmNxK.s 			page 14


 185      1DC324B7 
 185      B87FB7
 186 049c 54B0595A 		.ascii	"T\260YZ\336\254\241\226\360\213\022+\\\003-\035\315"
 186      DEACA196 
 186      F08B122B 
 186      5C032D1D 
 186      CD
 187 04ad 0DB79F85 		.ascii	"\015\267\237\205;\371\333\205\013\201d\212\207X]\371"
 187      3BF9DB85 
 187      0B81648A 
 187      87585DF9 
 188 04bd B007D4FA 		.ascii	"\260\007\324\372~z\332\273\276\003j\352\003\276\254"
 188      7E7ADABB 
 188      BE036AEA 
 188      03BEAC
 189 04cc 41C62ABC 		.ascii	"A\306*\274\362K\205?\311\015d\254\366/w\215\007\311"
 189      F24B853F 
 189      C90D64AC 
 189      F62F778D 
 189      07C9
 190 04de AC9B3973 		.ascii	"\254\2339sW\361W\025\365\253/\352&C\035\370\246)GK\216"
 190      57F15715 
 190      F5AB2FEA 
 190      26431DF8 
 190      A629474B 
 191 04f3 7054CBF9 		.ascii	"pT\313\371\251o\375\324V\271?\267Un\251\260[\276\260"
 191      A96FFDD4 
 191      56B93FB7 
 191      556EA9B0 
 191      5BBEB0
 192 0506 DB0CD672 		.ascii	"\333\014\326r\273\264.\224TrX\336\325\341/\202f[ei\321"
 192      BBB42E94 
 192      547258DE 
 192      D5E12F82 
 192      665B6569 
 193 051b DC56B9A3 		.ascii	"\334V\271\243\302\356\370\302\206\030l\360\360\335\375"
 193      C2EEF8C2 
 193      86186CF0 
 193      F0DDFD
 194 052a 21A48DC3 		.ascii	"!\244\215\303\332j\216\364*\221u\037\232\233\344]\025"
 194      DA6A8EF4 
 194      2A91751F 
 194      9A9BE45D 
 194      15
 195 053b 75D71775 		.ascii	"u\327\027u\217\241\362\317=i\365\343{;\020\207w\276"
 195      8FA1F2CF 
 195      3D69F5E3 
 195      7B3B1087 
 195      77BE
 196 054d 9FEED093 		.ascii	"\237\356\320\223>N\336Q\222[O\350)\221\375J\3775p\306"
 196      3E4EDE51 
 196      925B4FE8 
 196      2991FD4A 
 196      FF3570C6 
 197 0561 F5FD6512 		.ascii	"\365\375e\022\220k|z\305\314Pg \031\344\003\345}\031"
 197      906B7C7A 
 197      C5CC5067 
ARM GAS  C:\Users\User\AppData\Local\Temp\ccshmNxK.s 			page 15


 197      2019E403 
 197      E57D19
 198 0574 C1DF9795 		.ascii	"\301\337\227\225C-\215:~\206H@\337\002\245/\3325\344"
 198      432D8D3A 
 198      7E864840 
 198      DF02A52F 
 198      DA35E4
 199 0587 0EB72D78 		.ascii	"\016\267-x\261\2670X\361\273\343\025\374\372o\251\255"
 199      B1B73058 
 199      F1BBE315 
 199      FCFA6FA9 
 199      AD
 200 0598 DA03101D 		.ascii	"\332\003\020\035\035\035\023\275\240P\332\232-\325\016"
 200      1D1D13BD 
 200      A050DA9A 
 200      2DD50E
 201 05a7 1CF21BA9 		.ascii	"\034\362\033\251.\302\3269\272\020\206\261\265\357\343"
 201      2EC2D639 
 201      BA1086B1 
 201      B5EFE3
 202 05b6 4A4CC002 		.ascii	"JL\300\002\225\364o\326\315qx\023\370\214\373#t\355"
 202      95F46FD6 
 202      CD717813 
 202      F88CFB23 
 202      74ED
 203 05c8 B61266FE 		.ascii	"\266\022f\376\300\327\334@\255K\200\233\037@\363)\305"
 203      C0D7DC40 
 203      AD4B809B 
 203      1F40F329 
 203      C5
 204 05d9 FC319A8F 		.ascii	"\3741\232\217\316O\347\366\374?\330ej/\205S3A\256\211"
 204      CE4FE7F6 
 204      FC3FD865 
 204      6A2F8553 
 204      3341AE89 
 205 05ed 30EB7B68 		.ascii	"0\353{h\204\234\250\220\244\034\177\346\374\341\274"
 205      849CA890 
 205      A41C7FE6 
 205      FCE1BC
 206 05fc CE59A87B 		.ascii	"\316Y\250{\345cv\271V\200G\370\363\010\363C\215\021"
 206      E56376B9 
 206      568047F8 
 206      F308F343 
 206      8D11
 207 060e 09BFE1EA 		.ascii	"\011\277\341\352<\205h\030G\031Cy\002\321\312\377\233"
 207      3C856818 
 207      47194379 
 207      02D1CAFF 
 207      9B
 208 061f 4B0DF7F2 		.ascii	"K\015\367\362\302H[\020\373\033y\240l\363\036\035\304"
 208      C2485B10 
 208      FB1B79A0 
 208      6CF31E1D 
 208      C4
 209 0630 2CE09135 		.ascii	",\340\2215>\"\331\222\0040\205\224I\265ah\240\363;\204"
 209      3E22D992 
 209      04308594 
ARM GAS  C:\Users\User\AppData\Local\Temp\ccshmNxK.s 			page 16


 209      49B56168 
 209      A0F33B84 
 210 0644 67E8E715 		.ascii	"g\350\347\025|\376\253}_\203\277\3679?\345\225\224\000"
 210      7CFEAB7D 
 210      5F83BFF7 
 210      393FE595 
 210      9400
 211 0656 CF41CFDE 		.ascii	"\317A\317\336\270\317\331!\377\340zE\213\326\333\270"
 211      B8CFD921 
 211      FFE07A45 
 211      8BD6DBB8 
 212 0666 6ECE4BE1 		.ascii	"n\316K\341w\331\230~\007\376\355\335\367\243\222\342"
 212      77D9987E 
 212      07FEEDDD 
 212      F7A392E2 
 213 0676 E2049D28 		.ascii	"\342\004\235(fZ\035\236\370e\242g+\230\376\222n\312"
 213      665A1D9E 
 213      F865A267 
 213      2B98FE92 
 213      6ECA
 214 0688 B0AEB5F2 		.ascii	"\260\256\265\362\273\333\223i\266:\343\0226\306\213"
 214      BBDB9369 
 214      B63AE312 
 214      36C68B
 215 0697 9BAC0EB3 		.ascii	"\233\254\016\263s\223\333[\237\356q:m\356\364u\216\314"
 215      7393DB5B 
 215      9FEE713A 
 215      6DEEF475 
 215      8ECC
 216 06a9 28F61465 		.ascii	"(\366\024et\331\243,\366\265\026\263\331bN\17736>j\331"
 216      74D9A32C 
 216      F6B516B3 
 216      D9624E7F 
 216      33363E6A 
 217 06be D2B8840D 		.ascii	"\322\270\204\015q\351\250\177\303\341tX\336\260\030"
 217      71E9A87F 
 217      C3E17458 
 217      DEB018
 218 06cd 916C7598 		.ascii	"\221lu\230l\231fK\272\335\210,\207%]4[>0f\332<\242'"
 218      6C99664B 
 218      BADD882C 
 218      87255D34 
 218      5B3E3066 
 219 06e5 6BBDC51D 		.ascii	"k\275\305\035\233!\004*\341d\375\037\243qg\271\323E"
 219      9B21042A 
 219      E164FD1F 
 219      A37167B9 
 219      D345
 220 06f7 B7C78CAE 		.ascii	"\267\307\214\2561\204\260\324,w\232\325\364\241\270"
 220      3184B0D4 
 220      2C779AD5 
 220      F4A1B8
 221 0706 C2E830DB 		.ascii	"\302\3500\333,\256\265IJ$I\364\236\372\307H\274\364"
 221      2CAEB549 
 221      4A2449F4 
 221      9EFAC748 
 221      BCF4
ARM GAS  C:\Users\User\AppData\Local\Temp\ccshmNxK.s 			page 17


 222 0718 DCD2E98E 		.ascii	"\334\322\351\216Kx\323\340t\0332\2146\303z\247\313\343"
 222      4B78D3E0 
 222      741B328C 
 222      36C37AA7 
 222      CBE3
 223 072a 36A4A6AD 		.ascii	"6\244\246\255\214_fHIy\333\220\226\274rc\034\375\005"
 223      8C5F6648 
 223      4979DB90 
 223      96BC7263 
 223      1CFD05
 224 073d 5D8A369B 		.ascii	"]\2126\2339\326$\004\363'\321\352\260z\"D:A\264\272"
 224      39D62404 
 224      F327D1EA 
 224      B07A2244 
 224      3A41B4BA 
 225 0751 368896F5 		.ascii	"6\210\226\365V\233s]\246%\3755\"09\355v\247C\016\"q"
 225      569B735D 
 225      A625FD35 
 225      223039ED 
 225      76A7430E 
 226 0767 F5CAA495 		.ascii	"\365\312\244\225\037\031L\031&\247\313\"nL\260c\272"
 226      1F194C19 
 226      26A7CB22 
 226      6E4CB063 
 226      BA
 227 0778 11A60C96 		.ascii	"\021\246\014\226\260\335\342\222\023N~\3675\374\271"
 227      B0DDE292 
 227      134E7EF7 
 227      35FCB9
 228 0787 3C067959 		.ascii	"<\006yY\321\015.,zX\344\330h5\245Z<\350\306c\261\313"
 228      D10D2E2C 
 228      7A58E4D8 
 228      6835A55A 
 228      3CE8C663 
 229 079d 4E56B9AC 		.ascii	"NV\271\254N\227\325\223\365\367\377\312\352\312Y\312"
 229      4E97D593 
 229      F5F7FFCA 
 229      EACA59CA 
 230 07ad F9517FE8 		.ascii	"\371Q\177\350Wk\3120\272\"\234n\243\015=\2478M\037\276"
 230      576BCA30 
 230      BA229C6E 
 230      A30D3DA7 
 230      384D1FBE 
 231 07c1 E372DA93 		.ascii	"\343r\332\223SW\277Nz\324%%\322<\351"
 231      5357BF4E 
 231      7AD42525 
 231      D23CE9
 232 07d0 37BA0967 		.ascii	"7\272\011g\013\350\305\217`\005\264\241B\374\0005\242"
 232      0BE8C58F 
 232      6005B4A1 
 232      42FC0035 
 232      A2
 233 07e1 D5ED0A9A 		.ascii	"\325\355\012\232U\205\210\242\333\342\021\337JL\375"
 233      558588A2 
 233      DBE211DF 
 233      4A4CFD
 234 07f0 EBAAD5C9 		.ascii	"\353\252\325\311!F\333&c\226\033\013o\303\355\360\217"
ARM GAS  C:\Users\User\AppData\Local\Temp\ccshmNxK.s 			page 18


 234      2146DB26 
 234      63961B0B 
 234      6FC3EDF0 
 234      8F
 235 0801 D7AFB3E5 		.ascii	"\327\257\263\345#\217!iejr\252Z\005\273\333\352\026"
 235      238F2169 
 235      656A72AA 
 235      5A05BBDB 
 235      EA16
 236 0813 D799E88A 		.ascii	"\327\231\350\212,\240!\2777\267\330\221\362\002\275"
 236      2CA021BF 
 236      37B7D891 
 236      F202BD
 237 0822 EFB079A5 		.ascii	"\357\260y\245\300r\232\243\212d)d:\346\344\025\354\245"
 237      C0729AA3 
 237      8A642964 
 237      3AE6E415 
 237      ECA5
 238 0834 246B1253 		.ascii	"$k\022S\264)\357%\276\255MJ[\235\342\227\224\230\222"
 238      B429EF25 
 238      BEAD4D4A 
 238      5B9DE297 
 238      949892
 239 0847 FC96F83F 		.ascii	"\374\226\370?\311\2106\257\311\236\200\011\351\225\275"
 239      C98836AF 
 239      C99E8009 
 239      E995BD
 240 0856 9A86E7C7 		.ascii	"\232\206\347\307\177\000\213VS\\"
 240      7F008B56 
 240      535C
 241              		.text
 242              		.section	.gnu.lto_.symtab.ae029e17,"",%progbits
 243 0000 53797354 		.ascii	"SysTick_Handler\000"
 243      69636B5F 
 243      48616E64 
 243      6C657200 
 244 0010 00       		.ascii	"\000"
 245 0011 00       		.ascii	"\000"
 246 0012 00       		.ascii	"\000"
 247 0013 00000000 		.ascii	"\000\000\000\000\000\000\000\000"
 247      00000000 
 248 001b B8000000 		.ascii	"\270\000\000\000"
 249 001f 73745F6C 		.ascii	"st_lld_init\000"
 249      6C645F69 
 249      6E697400 
 250 002b 00       		.ascii	"\000"
 251 002c 00       		.ascii	"\000"
 252 002d 00       		.ascii	"\000"
 253 002e 00000000 		.ascii	"\000\000\000\000\000\000\000\000"
 253      00000000 
 254 0036 BA000000 		.ascii	"\272\000\000\000"
 255 003a 5F706F72 		.ascii	"_port_irq_epilogue\000"
 255      745F6972 
 255      715F6570 
 255      696C6F67 
 255      756500
 256 004d 00       		.ascii	"\000"
ARM GAS  C:\Users\User\AppData\Local\Temp\ccshmNxK.s 			page 19


 257 004e 02       		.ascii	"\002"
 258 004f 00       		.ascii	"\000"
 259 0050 00000000 		.ascii	"\000\000\000\000\000\000\000\000"
 259      00000000 
 260 0058 BC000000 		.ascii	"\274\000\000\000"
 261 005c 63685379 		.ascii	"chSysTimerHandlerI\000"
 261      7354696D 
 261      65724861 
 261      6E646C65 
 261      724900
 262 006f 00       		.ascii	"\000"
 263 0070 02       		.ascii	"\002"
 264 0071 00       		.ascii	"\000"
 265 0072 00000000 		.ascii	"\000\000\000\000\000\000\000\000"
 265      00000000 
 266 007a BE000000 		.ascii	"\276\000\000\000"
 267 007e 6E766963 		.ascii	"nvicSetSystemHandlerPriority\000"
 267      53657453 
 267      79737465 
 267      6D48616E 
 267      646C6572 
 268 009b 00       		.ascii	"\000"
 269 009c 02       		.ascii	"\002"
 270 009d 00       		.ascii	"\000"
 271 009e 00000000 		.ascii	"\000\000\000\000\000\000\000\000"
 271      00000000 
 272 00a6 C3000000 		.ascii	"\303\000\000\000"
 273              		.text
 274              		.section	.gnu.lto_.opts,"",%progbits
 275 0000 272D666D 		.ascii	"'-fmath-errno' '-fsigned-zeros' '-ftrapping-math' '"
 275      6174682D 
 275      6572726E 
 275      6F272027 
 275      2D667369 
 276 0033 2D666E6F 		.ascii	"-fno-trapv' '-fno-openmp' '-fno-openacc' '-mcpu=cor"
 276      2D747261 
 276      70762720 
 276      272D666E 
 276      6F2D6F70 
 277 0066 7465782D 		.ascii	"tex-m7' '-mno-thumb-interwork' '-mthumb' '-ggdb' '-"
 277      6D372720 
 277      272D6D6E 
 277      6F2D7468 
 277      756D622D 
 278 0099 4F322720 		.ascii	"O2' '-fomit-frame-pointer' '-falign-functions=16' '"
 278      272D666F 
 278      6D69742D 
 278      6672616D 
 278      652D706F 
 279 00cc 2D666675 		.ascii	"-ffunction-sections' '-fdata-sections' '-fno-common"
 279      6E637469 
 279      6F6E2D73 
 279      65637469 
 279      6F6E7327 
 280 00ff 2720272D 		.ascii	"' '-flto'\000"
 280      666C746F 
 280      2700
ARM GAS  C:\Users\User\AppData\Local\Temp\ccshmNxK.s 			page 20


 281              		.text
 282              		.comm	__gnu_lto_v1,1,1
 283              		.comm	__gnu_lto_slim,1,1
 284              		.ident	"GCC: (GNU Tools for ARM Embedded Processors 6-2017-q1-update) 6.3.1 20170215 (release) [AR
ARM GAS  C:\Users\User\AppData\Local\Temp\ccshmNxK.s 			page 21


DEFINED SYMBOLS
                            *ABS*:00000000 hal_st_lld.c
                            *COM*:00000001 __gnu_lto_v1
                            *COM*:00000001 __gnu_lto_slim

NO UNDEFINED SYMBOLS
