ARM GAS  C:\Users\User\AppData\Local\Temp\ccNa8Vb2.s 			page 1


   1              		.cpu cortex-m7
   2              		.eabi_attribute 20, 1
   3              		.eabi_attribute 21, 1
   4              		.eabi_attribute 23, 3
   5              		.eabi_attribute 24, 1
   6              		.eabi_attribute 25, 1
   7              		.eabi_attribute 26, 1
   8              		.eabi_attribute 30, 2
   9              		.eabi_attribute 34, 1
  10              		.eabi_attribute 18, 4
  11              		.file	"hal_pal_lld.c"
  12              		.text
  13              	.Ltext0:
  14              		.section	.gnu.lto_.profile.ae02da73,"",%progbits
  15 0000 789C6365 		.ascii	"x\234ce`b`c```dx\317\370\226\021\000\006H\001\355"
  15      60626063 
  15      60606064 
  15      78CFF896 
  15      11000648 
  16              		.text
  17              		.section	.gnu.lto_.icf.ae02da73,"",%progbits
  18 0000 789C6365 		.ascii	"x\234ce`b\340c@\000&\206'\315{\233\370\030\257?^\373"
  18      6062E063 
  18      40002686 
  18      27CD7B9B 
  18      F818AF3F 
  19 0016 90950100 		.ascii	"\220\225\001\000.\012\006\032"
  19      2E0A061A 
  20              		.text
  21              		.section	.gnu.lto_.jmpfuncs.ae02da73,"",%progbits
  22 0000 789C6365 		.ascii	"x\234ce`b\020`@\000&\006FF\306zFf \311^__\317\000\000"
  22      60621060 
  22      40002606 
  22      4646C67A 
  22      466620C9 
  23 001a 0D4C0227 		.ascii	"\015L\002'"
  24              		.text
  25              		.section	.gnu.lto_.inline.ae02da73,"",%progbits
  26 0000 789C6365 		.ascii	"x\234ce`b\330\305\200\000L\014\014\213\031\02712\262"
  26      6062D8C5 
  26      80004C0C 
  26      0C8B1917 
  26      3132B2
  27 0013 33283032 		.ascii	"3(020+\200I\0070\231\000&\033\030\301\324\002\010u\000"
  27      302B8049 
  27      07309900 
  27      261B18C1 
  27      D4020875 
  28 0028 423108BC 		.ascii	"B1\010\274a|\260\231\217\301g\302!\026&\006\306\027"
  28      617CB099 
  28      8FC167C2 
  28      21162606 
  28      C617
  29 003a EC501244 		.ascii	"\354P\022Dp\200\231\034 B\000\314\024\000\021\012`\246"
  29      7080991C 
  29      204200CC 
  29      1400110A 
ARM GAS  C:\Users\User\AppData\Local\Temp\ccNa8Vb2.s 			page 2


  29      60A6
  30 004c 02887000 		.ascii	"\002\210p\0003\035@D\003#\023\204\002\223L\020\016\023"
  30      331D4044 
  30      03231384 
  30      02934C10 
  30      0E13
  31 005e C8598C0C 		.ascii	"\310Y\214\014\347\030\3662122\001\255c`\316k9\257\300"
  31      E718F632 
  31      31323201 
  31      AD6360CE 
  31      6B39AFC0 
  32 0072 2031E722 		.ascii	" 1\347\"3\023\203\330\234]L,`\227\003\0000\" \263"
  32      331383D8 
  32      9C5D4C2C 
  32      60970300 
  32      302220B3 
  33              		.text
  34              		.section	.gnu.lto_.pureconst.ae02da73,"",%progbits
  35 0000 789C6365 		.ascii	"x\234ce`b`e`\000\222R\214R\000\001\005\000D"
  35      60626065 
  35      60009252 
  35      8C520001 
  35      050044
  36              		.text
  37              		.section	.gnu.lto__pal_lld_init.ae02da73,"",%progbits
  38 0000 789CA59B 		.ascii	"x\234\245\233yTU\345\032\207\317\267\367\006\231\035"
  38      795455E5 
  38      1A87CFB7 
  38      F706991D 
  39 0010 4B332B2B 		.ascii	"K3++\315\264\201\324R\263Y-\32345\353\277\326\352\336"
  39      CDB481D4 
  39      52B3592D 
  39      D33435EB 
  39      BFD6EADE 
  40 0024 6A55AED5 		.ascii	"jU\256\325J\327\265[\177z@T\234\347\001\025AQAQQ\021"
  40      4AD7B55B 
  40      7F7A4054 
  40      9CE70115 
  40      41514151 
  41 003a 27441105 		.ascii	"'D\021\005q\302\001\234\347\001\220\034PqF\341~\357"
  41      71C2019C 
  41      E701901C 
  41      507146E1 
  41      7EEF
  42 004c EF7C1FDF 		.ascii	"\357|\037\337>\302Y\234\375]\327\342\325s\330<\3739"
  42      3EC2599C 
  42      FD5DD7E2 
  42      D573D83C 
  42      FB39
  43 005e FBBC3EC0 		.ascii	"\373\274>\300A\003\\\206\353\227\036.\327p\227\313\365"
  43      41035C86 
  43      EB971E2E 
  43      D77097CB 
  43      F5
  44 006f 3C7F63A6 		.ascii	"<\177c\246\213\031S\012\\\256\250 \2031\372\203;\210"
  44      8B19530A 
  44      5CAEA820 
ARM GAS  C:\Users\User\AppData\Local\Temp\ccNa8Vb2.s 			page 3


  44      8331FA83 
  44      3B88
  45 0081 B946186C 		.ascii	"\271F\030l\004\233l\3166Y\316\230\222MF\373d7\377\225"
  45      049B6CCE 
  45      3659CE98 
  45      924D46FB 
  45      6437FF95 
  46 0095 3DFB66E0 		.ascii	"=\373f\340h\367\250\026\011\246\313\025\307\337\350"
  46      68F7A816 
  46      09A6CB15 
  46      C7DFE8
  47 00a4 174B66ED 		.ascii	"\027Kf\355\371Q\207bV\3177'\231\011&c\026\277yk\377"
  47      F9518762 
  47      56CF3727 
  47      99092663 
  47      16BF796B 
  48 00b9 DC4B1174 		.ascii	"\334K\021t\323`\255\371\315\262\252\264R\313\374\225"
  48      D360ADF9 
  48      CDB2AAB4 
  48      52CBFC95 
  49 00c9 B9F89F97 		.ascii	"\271\370\237\227\235\2357\250\335\022\267;\332\235}"
  49      9D9D37A8 
  49      DD12B73B 
  49      DA9D7D
  50 00d8 6D86E96E 		.ascii	"m\206\351n\223`\232l939\217-c\255X\012k\345\342w\271"
  50      93609A6C 
  50      3933398F 
  50      2D63AD58 
  50      0A6BE5E2 
  51 00ee 582A6B47 		.ascii	"X*kG\207_\\S53<\320\362\234\217\255`\201\214\377\236"
  51      875F5C53 
  51      35333CD0 
  51      F29C8FAD 
  51      60818CFF 
  52 0103 769865BB 		.ascii	"v\230e\273\253\252\307p\304\022v\250o\0223\370\307X"
  52      ABAAC770 
  52      C41276A8 
  52      6F1233F8 
  52      C758
  53 0115 268D001A 		.ascii	"&\215\000\032\2014\202\0301\202\351\217!4Bi\204\321"
  53      81348218 
  53      3182E98F 
  53      21344269 
  53      84D1
  54 0127 08A71141 		.ascii	"\010\247\021A\243!\215F4\032\323hB\243)\215f4\236\241"
  54      A3218D46 
  54      341AD368 
  54      42A3298D 
  54      66349EA1 
  55 013b F12C8DE6 		.ascii	"\361,\215\3464Z\320x\216FK\032\317\323 Y\353\005\032"
  55      345AD078 
  55      8E464B1A 
  55      CFD32059 
  55      EB051A
  56 014e 2FD27889 		.ascii	"/\322x\211Fk\032/\323x\205\306\2534\332\320hK\3435\032"
  56      466B1A2F 
  56      D37885C6 
ARM GAS  C:\Users\User\AppData\Local\Temp\ccNa8Vb2.s 			page 4


  56      AB34DAD0 
  56      684BE335 
  57 0163 ED68BC4E 		.ascii	"\355h\274N\243=\215\0164\336\240\361&\215\267h\274M"
  57      A33D8D0E 
  57      34DEA0F1 
  57      268DB768 
  57      BC4D
  58 0175 2392C63B 		.ascii	"#\222\306;4:\322\350D\2433\215wi\274G\243\013\215\256"
  58      343AD2E8 
  58      44A3338D 
  58      7769BC47 
  58      A30B8DAE 
  59 0189 34BAD178 		.ascii	"4\272\321x\237Fw\032\037\320\370\220\306G4>\246\361"
  59      9F46771A 
  59      1FD0F890 
  59      C647343E 
  59      A6F1
  60 019b 098D4F69 		.ascii	"\011\215Oi|F\243\007\215\2364z\321\370\234\306\0274"
  60      7C46A307 
  60      8D9E347A 
  60      D1F89CC6 
  60      1734
  61 01ad 7AD3F892 		.ascii	"z\323\370\222F\037\032}i|E\243\037\215\3764\276\246"
  61      461F1A7D 
  61      697C45A3 
  61      1F8DFE34 
  61      BEA6
  62 01bf 3180C640 		.ascii	"1\200\306@\032\203h|Cc0\215oi|G\303\345\032\307\237"
  62      1A83687C 
  62      4363308D 
  62      6F697C47 
  62      C3E51AC7 
  63 01d4 3ADAABF1 		.ascii	":\332\253\361\246A\277\233e,gs\331\361\035!\364l\306"
  63      A641BF9B 
  63      652C6773 
  63      D9F11D21 
  63      F46CC6
  64 01e7 9B067F92 		.ascii	"\233\006\177\222g\215\3129\320\200\326%\000+\022\023"
  64      678DCA39 
  64      D080D625 
  64      002B1213 
  65 01f7 9F5B12EC 		.ascii	"\237[\022\354\271\351\276\031\353\246\205\272z\256r"
  65      B9E9BE19 
  65      EBA685BA 
  65      7AAE72
  66 0206 5340028B 		.ascii	"S@\002\213\217\342k\330:\301\014d\253\370\256\254\344"
  66      8FE26BD8 
  66      3AC10C64 
  66      ABF8AEAC 
  66      E4
  67 0217 BB42C7DF 		.ascii	"\273B\307\337\236u\360|X\344Jw\014K0\033\2604\226\300"
  67      9E75F07C 
  67      58E44A77 
  67      0C4B301B 
  67      B03496C0 
  68 022b E6603BD9 		.ascii	"\346`;\331j\026\351*c#\037\214f\236s\231\236\323-)K"
  68      6A16E92A 
ARM GAS  C:\Users\User\AppData\Local\Temp\ccNa8Vb2.s 			page 5


  68      63231F8C 
  68      669E7399 
  68      9ED32D29 
  69 0240 BA8BEDB4 		.ascii	"\272\213\355\264XuC\266\206S\270\322\254`:\306\331\251"
  69      587543B6 
  69      8653B8D2 
  69      AC603AC6 
  69      D9A9
  70 0252 D6AA53A5 		.ascii	"\326\252S\245\263H\316'\320\346e'L\317\351\002\234\321"
  70      B348CE27 
  70      D0E66527 
  70      4CCFE902 
  70      9CD1
  71 0264 D68146FB 		.ascii	"\326\201F\373\3152\236\022'\330\377#\272^\2417\220h"
  71      CD329E12 
  71      27D8FF23 
  71      BA5EA137 
  71      9068
  72 0276 A0AB9845 		.ascii	"\240\253\230E'&M6\005\352\330\242\255\323#:\244\340"
  72      27264D36 
  72      05EAD8A2 
  72      ADD3233A 
  72      A4E0
  73 0288 2F79DE66 		.ascii	"/y\336f#.1(\301\014r\211\277\341\033Y\007\373sd\342"
  73      232E3128 
  73      C10C7289 
  73      BFE11B59 
  73      07FB7364 
  74 029d 39BABF6B 		.ascii	"9\272\277kOl\23089\007\321\306\005\307\233Al\2238\377"
  74      4F6C9838 
  74      3907D1C6 
  74      05C79B41 
  74      6C9338FF 
  75 02b1 82391B2B 		.ascii	"\2029\033+\"\370\371\247\300-\204m\206\201\341\302;"
  75      22F8F9A7 
  75      C02D846D 
  75      8681E1C2 
  75      3B
  76 02c2 33B6ECEC 		.ascii	"3\266\354\354>\342\011\275/1\202\237\210e\262H\022q"
  76      3EE209BD 
  76      2F31829F 
  76      8865B248 
  76      1271
  77 02d4 B12D6C04 		.ascii	"\261-l\004\231\265\026Z\343\213S\242\014\363\017\234"
  77      99B5165A 
  77      E38B53A2 
  77      0CF30F9C 
  78 02e4 B0FCD0F6 		.ascii	"\260\374\320\366\221\254m\022\302\2217/,\316\235\035"
  78      91AC6D12 
  78      C291372F 
  78      2CCE9D1D 
  79 02f4 C3C1A12C 		.ascii	"\303\301\241,\313\273\0350\336\312\332\362\217\270s"
  79      CBBB1D30 
  79      DECADAF2 
  79      8FB873
  80 0303 EA620123 		.ascii	"\352b\001#\343P\346v\3635b\333\370\373\275\037\367\314"
  80      E350E676 
ARM GAS  C:\Users\User\AppData\Local\Temp\ccNa8Vb2.s 			page 6


  80      F33562DB 
  80      F8FBBD1F 
  80      F7CC
  81 0315 AA51C921 		.ascii	"\252Q\311!\265\240AO\007\011\320l\326\226.\005\177\012"
  81      B5A0414F 
  81      0709D06C 
  81      D6962E05 
  81      7F0A
  82 0327 A2379755 		.ascii	"\2427\227U\377Y\323\246\030\317U[\020\210#\370\251\221"
  82      FF59D3A6 
  82      18CF555B 
  82      108823F8 
  82      A991
  83 0339 A938CF65 		.ascii	"\2518\317e\222\371b\333\371\303s\261\034z2\007\330\257"
  83      92F962DB 
  83      F9C373B1 
  83      1C7A3207 
  83      D8AF
  84 034b 6690D7D5 		.ascii	"f\220\327\325\344OV\030]\305\035\265\257bbu!?<\234\355"
  84      E44F5618 
  84      5DC51DB5 
  84      AF626275 
  84      213F3C9C 
  85 0360 C485343D 		.ascii	"\304\2054=D\226\213E\311\231\265\273\003\261\355\340"
  85      44968B45 
  85      C999B5BB 
  85      03B1EDE0 
  86 0370 5080A332 		.ascii	"P\200\2432.O\015\361\200#\350\361\263<A~\362\340\302"
  86      2E4F0DF1 
  86      8023E8F1 
  86      B33C417E 
  86      F2E0C2
  87 0383 D486B41F 		.ascii	"\324\206\264\037Q\356\304\037iEv\201+LY>m\311\000\317"
  87      51EEC41F 
  87      69457681 
  87      2B4C593E 
  87      6DC900CF 
  88 0397 638DDD11 		.ascii	"c\215\335\021\341\021\037\350\237ik\322\334\015\\\200"
  88      E1111FE8 
  88      9F696BD2 
  88      DC0D5C80 
  89 03a7 C0ED795A 		.ascii	"\300\355yZ\323\177\257\275\000\005\012\320>\362\032"
  89      D37FAFBD 
  89      00050AD0 
  89      3EF21A
  90 03b6 E8F11A2B 		.ascii	"\350\361\032+\275\0069\360\332\017\\\003\201+\320\367"
  90      BD0639F0 
  90      DA0F5C03 
  90      812BD0F7 
  91 03c6 3A005090 		.ascii	":\000P\220\000\035$\257A\036\257q\322\353\033\007^\207"
  91      001D24AF 
  91      411EAF71 
  91      D2EB1B07 
  91      5E87
  92 03d8 800B16B8 		.ascii	"\200\013\026\270\303\372^\205\000\205\010P\021y}\343"
  92      C3FA5E85 
  92      00850850 
ARM GAS  C:\Users\User\AppData\Local\Temp\ccNa8Vb2.s 			page 7


  92      11797DE3 
  93 03e8 F11A2FBD 		.ascii	"\361\032/\275\006;\360:\002\\\250\300\035\325\367:\006"
  93      063BF03A 
  93      025CA8C0 
  93      1DD5F73A 
  93      06
  94 03f9 5098001D 		.ascii	"P\230\000\035'\257\301\036\257\011\322\353[\007^'\200"
  94      27AFC11E 
  94      AF09D2EB 
  94      5B075E27 
  94      80
  95 040a 0B17B893 		.ascii	"\013\027\270\223\372^\247\000\212\020\240\323\344\365"
  95      FA5EA700 
  95      8A10A0D3 
  95      E4F5
  96 0418 ADC76BA2 		.ascii	"\255\307k\242\364\372\316\201\327\031\340\032\012\334"
  96      F4FACE81 
  96      D719E01A 
  96      0ADC
  97 0426 597DAF73 		.ascii	"Y}\257s\0005\022\240\363\344\365\235\275^(MM,\251=\270"
  97      003512A0 
  97      F3E4F59D 
  97      BD5E284D 
  97      4D2CA93D 
  98 043b 95B8B2A1 		.ascii	"\225\270\262\241?M\277\200\246{E<\255\376\210_\204S"
  98      3F4DBF80 
  98      A67B453C 
  98      ADFE885F 
  98      8453
  99 044d E3BA237E 		.ascii	"\343\272#~IF\374\262w\304\235\204\273\030\341\236\233"
  99      4946FCB2 
  99      77C49D84 
  99      BB18E19E 
  99      9B
 100 045e 53B92358 		.ascii	"S\271#X\204;\226\302]\"\302\235\246\025\356R\236\345"
 100      843B96C2 
 100      5D22C29D 
 100      A615EE52 
 100      9EE5
 101 0470 0B3EC37D 		.ascii	"\013>\303}\226\207\233\216(\366\021\356+\010w\031\355"
 101      96879B8E 
 101      28F611EE 
 101      2B087719 
 101      ED
 102 0481 C197FCFE 		.ascii	"\301\227\374\376\342\335\323G\207y\302\335\212\337\274"
 102      E2DDD347 
 102      8779C2DD 
 102      8ADFBC
 103 0490 39757B05 		.ascii	"9u{\005\263\255\305?\342\312\355\231\2748.\314;\334"
 103      B3ADC53F 
 103      E2CAED99 
 103      BC382ECC 
 103      3BDC
 104 04a2 5765B889 		.ascii	"We\270\211\310\256\251\315(\303#\212>\022_\036.7\243"
 104      C8AEA9CD 
 104      28C3238A 
 104      3E125F1E 
ARM GAS  C:\Users\User\AppData\Local\Temp\ccNa8Vb2.s 			page 8


 104      2E37A3
 105 04b5 C4B61925 		.ascii	"\304\266\031%;\307,\260\354\233q]\226\032\240\033\264"
 105      3BC72CB0 
 105      EC9B715D 
 105      961AA01B 
 105      B4
 106 04c6 195FAA52 		.ascii	"\031_\252R\303\264\217\177j\330\330rYj\340n\352{\335"
 106      C3B48F7F 
 106      6AD8D872 
 106      596AE06E 
 106      EA7BDD
 107 04d9 92A506E8 		.ascii	"\222\245\006\3506y\365Q\245\206W_\007^\025\262\324\300"
 107      3679F551 
 107      A586575F 
 107      075E15B2 
 107      D4C0
 108 04eb DDD1F7BA 		.ascii	"\335\321\367\272+K\015\320=\362\352\253J\015\257\257"
 108      2B4B0DD0 
 108      3DF2EAAB 
 108      4A0DAFAF 
 109 04fb 1C78DD97 		.ascii	"\034x\335\227\245\006\356\201\276\327CYj\200\036\221"
 109      A506EE81 
 109      BED74359 
 109      6A801E91 
 110 050b D757AAD4 		.ascii	"\327W\252\324\360\352\347\300\253R\226\032\270\307\372"
 110      F0EAE7C0 
 110      AB52961A 
 110      B8C7FA
 111 051a 5E4F64A9 		.ascii	"^Od\251\001\252\"\257~\252\324\360\352\357\300\253Z"
 111      01AA22AF 
 111      7EAAD4F0 
 111      EAEFC0AB 
 111      5A
 112 052b 961A38B7 		.ascii	"\226\0328\267\241\355\025e\210R\003\024mp\257\376\252"
 112      A1ED1565 
 112      88520314 
 112      6D70AFFE 
 112      AA
 113 053c D4F0FADA 		.ascii	"\324\360\372\332\201\327HC\224\032\270\030}\257Q\206"
 113      81D74843 
 113      941AB818 
 113      7DAF5186 
 114 054c 283540A3 		.ascii	"(5@\243\311\353k{\256\220\026U\352RY\352M~\225z\214"
 114      C9EB6B7B 
 114      AE901655 
 114      EA5259EA 
 114      4D7E957A 
 115 0561 51ABD499 		.ascii	"Q\253\324\231\365\227:\026NM\352.\365XC\224z\234\241"
 115      F5973A16 
 115      4E4DEA2E 
 115      F5584394 
 115      7A9CA1
 116 0574 5DEAF106 		.ascii	"]\352\361\006\225zFN\\Q\270(\365\024*\365\004\303S\352"
 116      957A464E 
 116      5C51B828 
 116      F5142AF5 
 116      04C353EA 
ARM GAS  C:\Users\User\AppData\Local\Temp\ccNa8Vb2.s 			page 9


 117 0588 4CAD524F 		.ascii	"L\255RO4\332\322\343\365Q\352{\274\324t\004?u\235\245"
 117      34DAD2E3 
 117      F551EA7B 
 117      BCD47404 
 117      3F759DA5 
 118 059c 9E6450A9 		.ascii	"\236dP\251'\033|\017>\243R\037^\277+\302S\352n\364\231"
 118      271B7C0F 
 118      3EA3521F 
 118      5EBF2BC2 
 118      53EA6EF4 
 119 05b1 D77D6A89 		.ascii	"\327}j\211\375\023\370\024\303s\345\306\346/\270\021"
 119      FD13F814 
 119      C373E5C6 
 119      E62FB811 
 120 05c1 EA5DEAA9 		.ascii	"\352]\352\251\206(5\021\3314\265\031\234MOWI\222\372"
 120      86283511 
 120      D934B519 
 120      9C4D4F57 
 120      4992FA
 121 05d4 1CCE1F70 		.ascii	"\034\316\037p\315f,\2773!=\330\276\031\323\015Qj\200"
 121      CD662CBF 
 121      33213DD8 
 121      BE19D30D 
 121      516A80
 122 05e7 66D0667C 		.ascii	"f\320f|\246J\015\323\036\376\251acg\032\242\324\300"
 122      A64A0DD3 
 122      1EFEA961 
 122      63671AA2 
 122      D4C0
 123 05f9 CDD2F79A 		.ascii	"\315\322\367\232m\210R\0034\207\274z\250R\303\253\247"
 123      6D885203 
 123      3487BC7A 
 123      A852C3AB 
 123      A7
 124 060a 03AF3843 		.ascii	"\003\2578C\224\032\270\271\372^\363\014Qj\200\346\223"
 124      941AB8B9 
 124      FA5EF30C 
 124      516A80E6 
 124      93
 125 061b 574F556A 		.ascii	"WOUjx\365r\340\025o\210R\003\267@\337+\301\020\245\006"
 125      78F572E0 
 125      156F8852 
 125      03B740DF 
 125      2BC110A5 
 126 0630 2891BC7A 		.ascii	"(\221\274z\251R\303\353s\007^\013\015Qj\340\026\351"
 126      A952C3EB 
 126      73075E0B 
 126      0D516AE0 
 126      16E9
 127 0642 7B2519A2 		.ascii	"{%\031\242\324\000-&\257\317U\251\341\365\205\003\257"
 127      D4002D26 
 127      AFCF55A9 
 127      E1F58503 
 127      AF
 128 0653 25862835 		.ascii	"%\206(5pK\365\275\222e\251\001J!\257/T\251\341\325\333"
 128      704BF5BD 
 128      9265A901 
ARM GAS  C:\Users\User\AppData\Local\Temp\ccNa8Vb2.s 			page 10


 128      4A21AF2F 
 128      54A9E1D5 
 129 0668 81D73259 		.ascii	"\201\3272Yj\340\226\353{\245\312R\003\264\202\274z\333"
 129      6AE096EB 
 129      7BA5CA52 
 129      03B482BC 
 129      7ADB
 130 067a 7385B4A8 		.ascii	"s\205\264\250RO\024\267\022\213\375*\365\312\332\245"
 130      524F14B7 
 130      128BFD2A 
 130      F5CADAA5 
 131 068a 2EADBFD4 		.ascii	".\255\277\324\253\340\324\264\356R\247\311R\257\326"
 131      ABE0D4B4 
 131      EE52A7C9 
 131      52AFD6
 132 0699 2FF51A94 		.ascii	"/\365\032\224:6uF\222)J=\207J\275V\224\272T\253\324"
 132      3A367546 
 132      92294A3D 
 132      874ABD56 
 132      94BA54AB 
 133 06ae E9BCC32B 		.ascii	"\351\274\303+}\226\272 !\020G\254\361Q\352u(u\006\355"
 133      7D96BA20 
 133      211047AC 
 133      F151EA75 
 133      287506ED 
 134 06c2 41777EFF 		.ascii	"Aw~\377\243\364Ue\342k\352\":\256\360nzY\200m/\326\213"
 134      A3F45565 
 134      E26BEA22 
 134      3AAEF06E 
 134      7A59806D 
 135 06d9 BDF8A77C 		.ascii	"\275\370\247|m^\210w\2527\310T\023\222mT\253\221\201"
 135      6D5E8877 
 135      AA37C854 
 135      13926D54 
 135      AB9181
 136 06ec D59837BE 		.ascii	"\325\2307\276\2528P\256\306Z\333j\034\251\330:9\320"
 136      AA3850AE 
 136      C65ADB6A 
 136      1CA9D83A 
 136      39D0
 137 06fe BE1A9B64 		.ascii	"\276\032\233d\252\001\332L\253\321]\245\032\252\037"
 137      AA01DA4C 
 137      ABD15DA5 
 137      1AAA1F
 138 070d F8A78695 		.ascii	"\370\247\206\225\315\224\251\006n\213\276W\226L5@[\311"
 138      CD94A906 
 138      6E8BBE57 
 138      964C3540 
 138      5BC9
 139 071f EB03956A 		.ascii	"\353\003\225jx}\350\300k\233L5p\331\372^\333e\252\001"
 139      787DE8C0 
 139      6B9B4C35 
 139      70D9FA5E 
 139      DB65AA01 
 140 0733 CA21AF0F 		.ascii	"\312!\257\017U\252\341\365\221\003\257\0352\325\300"
 140      55AAE1F5 
 140      9103AF1D 
ARM GAS  C:\Users\User\AppData\Local\Temp\ccNa8Vb2.s 			page 11


 140      32D5C0
 141 0742 EDD4F7CA 		.ascii	"\355\324\367\312\225\251\006(\217\274>R\251\206\327"
 141      95A90628 
 141      8FBC3E52 
 141      A986D7
 142 0751 C70EBC76 		.ascii	"\307\016\274v\311T\003\227\257\357\265[\246\032\240"
 142      C9540397 
 142      AFEFB55B 
 142      A61AA0
 143 0760 3DE4F5B1 		.ascii	"=\344\365\261J5\274>q\340\265W\246\032\270}\372^\373"
 143      4A35BC3E 
 143      71E0B557 
 143      A61AB87D 
 143      FA5EFB
 144 0773 65AA012A 		.ascii	"e\252\001* \257OT\252\341\365\251\003\257\0032\325\300"
 144      20AF4F54 
 144      AAE1F5A9 
 144      03AF0332 
 144      D5C0
 145 0785 1DD4F73A 		.ascii	"\035\324\367:$S\015\320a\362\372\324\336+\264E\245:"
 145      24530DD0 
 145      61F2FAD4 
 145      DE2BB445 
 145      A53A
 146 0797 5DA6FA96 		.ascii	"]\246\372\226_\251.\254\235\352\212\372S]\004\247fu"
 146      5FA92EAC 
 146      9DEA8AFA 
 146      535D04A7 
 146      6675
 147 07a9 A7FA884C 		.ascii	"\247\372\210L\365Q\375T\037C\252O\245\355\277\032$R"
 147      F551FD54 
 147      1F43AA4F 
 147      A5EDBF1A 
 147      2452
 148 07bb 9D48A93E 		.ascii	"\235H\251>.R]\241\225\352\023<\304\205>S]\302SMG"
 148      2E525DA1 
 148      95EA133C 
 148      C4853E53 
 148      5DC2534D 
 149 07d0 1CF391EA 		.ascii	"\034\363\221\352\223H\365)\332\203\316\374\376\013Q"
 149      9348F529 
 149      DA83CEFC 
 149      FE0B51
 150 07df 07AE847A 		.ascii	"\007\256\204zR}\023Wa\315\342\302 \333^\234\226{Q\266"
 150      527D1357 
 150      61CDE2C2 
 150      20DB5E9C 
 150      967B51B6 
 151 07f3 EA72A077 		.ascii	"\352r\240w\252\317\310T\023\222\235U\253q\012\253q1"
 151      AACFC854 
 151      13929D55 
 151      AB710AAB 
 151      7131
 152 0805 7F5CCDB7 		.ascii	"\177\\\315\267[\307m\233\261}\322\225\245\341^/\214"
 152      5BC76D9B 
 152      B17DD295 
 152      A5E15E2F 
ARM GAS  C:\Users\User\AppData\Local\Temp\ccNa8Vb2.s 			page 12


 152      8C
 153 0816 C9528373 		.ascii	"\311R\203s\2366\243\263*5L\337\365\317\014\033{A\226"
 153      9E36A3B3 
 153      2A354CDF 
 153      F5CF0C1B 
 153      7B4196
 154 0829 1AB88BDA 		.ascii	"\032\270\213\332Z\227d\250\301\271LZ\357\252PC\353="
 154      5A9764A8 
 154      C1B94C5A 
 154      EFAA5043 
 154      EB3D
 155 083b 075AC532 		.ascii	"\007Z\3052\324\300\225hk\225\312N\203s\205\264\336S"
 155      D4C09568 
 155      6B95CA4E 
 155      837385B4 
 155      DE53
 156 084d 9D865617 		.ascii	"\235\206V\027\007Ze\262\323\300\375\243\255uUf\032\234"
 156      075A65B2 
 156      D3C0FDA3 
 156      AD755566 
 156      1A9C
 157 085f 6BA4D545 		.ascii	"k\244\325Ee\032Z]\035h]\227\231\006\356\206\266V\271"
 157      651A5A5D 
 157      1D685D97 
 157      9906EE86 
 157      B656B9
 158 0872 AC343837 		.ascii	"\254487I\253\253\2524\264\2729\320\272%+\015\334mm\255"
 158      49ABABAA 
 158      34B4BA39 
 158      D0BA252B 
 158      0DDC6D6D 
 159 0887 0A196970 		.ascii	"\012\031ip\356\220V7\025ih\275\357@\353\256\2144p\367"
 159      EE905637 
 159      156968BD 
 159      EF40EBAE 
 159      8C3470F7 
 160 089b B4B5EECB 		.ascii	"\264\265\356\313F\203\363\200\264\336\267\207\012QQ"
 160      4683F380 
 160      B4DEB787 
 160      0A5151
 161 08aa 8D3E211B 		.ascii	"\215>!\033\375\304\257F?\254\335\350\352\372\033\375"
 161      FDC4AF46 
 161      3FACDDE8 
 161      EAFA1BFD 
 162 08ba 084ECFD4 		.ascii	"\010N\317\324\335\350J\331\350\307\372\215~\202F\037"
 162      DDE84AD9 
 162      E8C7FA8D 
 162      7E82461F 
 163 08ca 4C2E8D0D 		.ascii	"L.\215\015\020\215N\241FW\211FWk5\272\232\027\370\241"
 163      108D4EA1 
 163      46578946 
 163      576B35BA 
 163      9A17F8A1 
 164 08de CF4657F1 		.ascii	"\317FW\361F\323\021O|4\332mR\243\243\350\247\304o\362"
 164      46D3114F 
 164      7C34DA6D 
 164      52A3A3E8 
ARM GAS  C:\Users\User\AppData\Local\Temp\ccNa8Vb2.s 			page 13


 164      A7C46FF2 
 165 08f2 FB57DD5F 		.ascii	"\373W\335_\272\233y\032=\201\321\243\313\312s7\264\255"
 165      BA9B791A 
 165      3D81D1A3 
 165      CBCA7337 
 165      B4AD
 166 0904 45B4E9B9 		.ascii	"E\264\351\271teI\323V>\365\312\307HS4\232\220,\306\254"
 166      746549D3 
 166      563EF5CA 
 166      C7485334 
 166      9A902CC6 
 167 0919 D90C0EA7 		.ascii	"\331\014\016\247\227\276\246&\237\011\226\253Qe[\215"
 167      97BEA626 
 167      9F0996AB 
 167      51655B8D 
 168 0929 DBB78EED 		.ascii	"\333\267\216\355\017\362zM\314\024\221\006h\264\311"
 168      0FF27A4D 
 168      CC149106 
 168      68B4C9
 169 0938 57E34D15 		.ascii	"W\343M\025i\250\276\345\237\0326v\214)\"\015\\\254\276"
 169      69A8BEE5 
 169      9F1A3676 
 169      8C29220D 
 169      5CACBE
 170 094b D7585354 		.ascii	"\327XST\032\240q\344\365\226\2524\274\336v\3405\336"
 170      1AA071E4 
 170      F596AA34 
 170      BCDE76E0 
 170      35DE
 171 095d 1495066E 		.ascii	"\024\225\006n\202\276\327DSd\032\240I\344\365\266\312"
 171      82BED744 
 171      53641AA0 
 171      49E4F5B6 
 171      CA
 172 096e 34BC221D 		.ascii	"4\274\"\035xM6E\246\201\233\242\3575\325\024\235\006"
 172      784D3645 
 172      A6819BA2 
 172      EF35D514 
 172      9D06
 173 0980 681A7945 		.ascii	"h\032yE\252N\303\353\035\007^\323M\321i\340f\350{\315"
 173      AA4EC3EB 
 173      1D075ED3 
 173      4DD169E0 
 173      66E87BCD 
 174 0994 3445A801 		.ascii	"4E\250\001\232E^\357\250P\303\253\243\003\257\331\246"
 174      9A455EEF 
 174      A850C3AB 
 174      A303AFD9 
 174      A6
 175 09a5 08357073 		.ascii	"\0105ps\364\275\342LQj\200\346\222WGUjxur\3405\317\024"
 175      F4BDE24C 
 175      516A80E6 
 175      92574755 
 175      6A787572 
 176 09bd A5066EBE 		.ascii	"\245\006n\276\276W\274)R\015\320\002\362\352d\357\025"
 176      BE57BC29 
 176      520DD002 
ARM GAS  C:\Users\User\AppData\Local\Temp\ccNa8Vb2.s 			page 14


 176      F2EA64EF 
 176      15
 177 09ce DAA2525D 		.ascii	"\332\242R]-S\275\254\231?\251N0k\245:uF\275\251N\204"
 177      2D53BDAC 
 177      993FA94E 
 177      306BA53A 
 177      7546BDA9 
 178 09e4 D3B375A7 		.ascii	"\323\263u\247z\241)R\275\310\324Nu\222I\251\236~7\371"
 178      7AA12952 
 178      BDC8D44E 
 178      759249A9 
 178      9E7E37F9 
 179 09f8 824CF56A 		.ascii	"\202L\365jJ\365b\323\223\352\324\031:\251^b\266\245"
 179      4AF562D3 
 179      93EAD419 
 179      3AA95E62 
 179      B6A5
 180 0a0a C7EB23D5 		.ascii	"\307\353#\325GS\002q\004?u\235\251^\212T'\323\036\220"
 180      47530271 
 180      043F759D 
 180      A95E8A54 
 180      27D31E90 
 181 0a1e 5B7175B5 		.ascii	"[qu\265\351)u\012\225\372\341\335\203\253Clk\221\"\326"
 181      E929750A 
 181      95FAE1DD 
 181      83AB436C 
 181      6B9122D6 
 182 0a32 E2F1DC73 		.ascii	"\342\361\334sG\033x\227z\231,5\021\331r\265\031\311"
 182      471B7897 
 182      7A992C35 
 182      11D972B5 
 182      19C9
 183 0a44 D88CAC69 		.ascii	"\330\214\254i\351\353k^\023\343\017\270f3\222n\257\310"
 183      E9EB6B5E 
 183      13E30FB8 
 183      6633926E 
 183      AFC8
 184 0a56 F4FA462B 		.ascii	"\364\372F+U\226\032\240\025\264\031mU\251a\372\232\177"
 184      55961AA0 
 184      15B4196D 
 184      55A961FA 
 184      9A7F
 185 0a68 6AD8D895 		.ascii	"j\330\330\225\262\324\300\255\322\367J\223\245\006h"
 185      B2D4C0AD 
 185      D2F74A93 
 185      A50668
 186 0a77 3579BDA6 		.ascii	"5y\275\246J\015\257v\016\274\326\310R\003\267V\337+"
 186      4A0DAF76 
 186      0EBCD6C8 
 186      5203B756 
 186      DF2B
 187 0a89 5D961AA0 		.ascii	"]\226\032\240u\344\325N\225\032^\257;\360\312\220\245"
 187      75E4D54E 
 187      951A5EAF 
 187      3BF0CA90 
 187      A5
 188 0a9a 066EBDBE 		.ascii	"\006n\275\276\327\006Yj\2006\222\327\353\252\324\360"
ARM GAS  C:\Users\User\AppData\Local\Temp\ccNa8Vb2.s 			page 15


 188      D706596A 
 188      803692D7 
 188      EBAAD4F0 
 189 0aaa 6AEFC06B 		.ascii	"j\357\300k\223,5p\233\365\2752e\251\001\332B^\355U\251"
 189      932C3570 
 189      9BF5BD32 
 189      65A901DA 
 189      425EED55 
 190 0abf E1D5C181 		.ascii	"\341\325\301\201W\226,5p[\365\275\266\311R\003\224M"
 190      57962C35 
 190      705BF5BD 
 190      B6C95203 
 190      944D
 191 0ad1 5E1D54A9 		.ascii	"^\035T\251\341\365\206\003\257\355\262\324\300\345\350"
 191      E1F58603 
 191      AFEDB2D4 
 191      C0E5E8
 192 0ae0 7BED90A5 		.ascii	"{\355\220\245\006h'y\275a\317\025\322\242J\275D\334"
 192      06682779 
 192      BD61CF15 
 192      D2A24ABD 
 192      44DC
 193 0af2 4ACCF0AB 		.ascii	"J\314\360\253\324\271\265K\275\241\376R\347\301\251"
 193      D4B9B54B 
 193      BDA1FE52 
 193      E7C1A9
 194 0b01 79DDA5DE 		.ascii	"y\335\245\336%K\235\257_\352\335\250a\356\272\324\""
 194      254B9DAF 
 194      5FEADDA8 
 194      61EEBAD4 
 194      22
 195 0b12 59EA8D54 		.ascii	"Y\352\215T\352=\242\324\033\264J\275\227w8\327g\251"
 195      EA3DA2D4 
 195      1BB44ABD 
 195      977738D7 
 195      67A9
 196 0b24 6FF052D3 		.ascii	"o\360R\323\021\273}\224z\037J\275\237\366\340Ez\201"
 196      11BB7D94 
 196      7A1F4ABD 
 196      9FF6E045 
 196      7A81
 197 0b36 2A352A3D 		.ascii	"*5*=\310\223\352\235\224\352{\017\237\274a[\213\002"
 197      C893EA9D 
 197      94EA7B0F 
 197      9FBC615B 
 197      8B02
 198 0b48 B1160919 		.ascii	"\261\026\011\031\343\3707\263^\245> KMDvPm\306~l\306"
 198      E3F837B3 
 198      5EA53E20 
 198      4B4D4476 
 198      506DC67E 
 199 0b5e B5CAACB2 		.ascii	"\265\312\254\262\232\227\304\366\3306c\344\252\242R"
 199      9A97C4F6 
 199      D83663E4 
 199      AAA252
 200 0b6d AF9F331F 		.ascii	"\257\2373\037\222\245\006\3500m\306\213\252\3240}\311"
 200      92A506E8 
ARM GAS  C:\Users\User\AppData\Local\Temp\ccNa8Vb2.s 			page 16


 200      306DC68B 
 200      AAD4307D 
 200      C9
 201 0b7e 2F332C6C 		.ascii	"/3,l\241\0145hE\372ZGd\250\001:JZ/\251PC\253\265\377"
 201      A10C3568 
 201      45FA5A47 
 201      64A8013A 
 201      4A5A2FA9 
 202 0b97 5AC764A7 		.ascii	"Z\307d\247A;\256\257uBv\032\240\223\244\325Zu\032Z/"
 202      413BAEAF 
 202      7542761A 
 202      A093A4D5 
 202      5A751A5A 
 203 0bac FBAF754A 		.ascii	"\373\257uJf\032\264\323\372Zgd\246\001:KZ/\253LC\353"
 203      661AB4D3 
 203      FA5A6764 
 203      A6013A4B 
 203      5A2FAB4C 
 204 0bc2 15FFB5CE 		.ascii	"\025\377\265\316\311J\203v^_\353\202\2544@\027I\353"
 204      C94A8376 
 204      5E5FEB82 
 204      AC344017 
 204      49EB
 205 0bd4 15556968 		.ascii	"\025Uih\275\352\277\326%\031i\320.\353k\025\313H\003"
 205      BDEABFD6 
 205      251969D0 
 205      2EEB6B15 
 205      CB4803
 206 0be7 54425AAF 		.ascii	"TBZ\257\252HC\253\215\377Z\245\262\321\240]\321\327"
 206      AA4843AB 
 206      8DFF5AA5 
 206      B2D1A05D 
 206      D1D7
 207 0bf9 2A938D06 		.ascii	"*\223\215\006\350\037\322jc\017\025\242\242\032\275"
 207      E81FD26A 
 207      630F15A2 
 207      A21ABD
 208 0c08 5736FA82 		.ascii	"W6\372\202_\215\276Z\273\321\227\352o\36458\265\250"
 208      5F8DBE5A 
 208      BBD197EA 
 208      6FF43538 
 208      B5A8
 209 0c1a BBD1D765 		.ascii	"\273\321\327e\243o\3507\272\034\215~T\234;^\2768\235"
 209      A36FE837 
 209      BA1C8D7E 
 209      549C3B5E 
 209      BE389D
 210 0c2d 4D8DBE29 		.ascii	"M\215\276)\032}I\253\321\267x\201\257\372lt\336\262"
 210      1A7D49AB 
 210      D1B77881 
 210      AFFA6C74 
 210      DEB2
 211 0c3f 401C51EE 		.ascii	"@\034Q\356\243\321\267\321\350\012Z\203\346\374\376"
 211      A3D1B7D1 
 211      E80A5A83 
 211      E6FCFE
 212 0c4e A345590B 		.ascii	"\243EY\013\305\013\037\347\251\321\205\231\373\350\253"
ARM GAS  C:\Users\User\AppData\Local\Temp\ccNa8Vb2.s 			page 17


 212      C50B1FE7 
 212      A9D18599 
 212      FBE8AB
 213 0c5d DB9ABDB8 		.ascii	"\333\232\275\270#\366bv\332\311\250\247\276\234\276"
 213      23F66276 
 213      DAC9A8A7 
 213      BE9CBE
 214 0c6c 2B234D48 		.ascii	"+#MHvO\255F\005Vc\346\343\313\364Z\236g5n\332V\2432"
 214      764FAD46 
 214      055663E6 
 214      E3CBF45A 
 214      9E67356E 
 215 0c84 F67C8CD7 		.ascii	"\366|\214\3277Z\367e\244\001z@\253\321\\E\032\252-\374"
 215      375AF765 
 215      A4017A40 
 215      ABD15C45 
 215      1AAA2DFC 
 216 0c98 53C3CA3E 		.ascii	"S\303\312>\224\225\006\356\221\276W\245\2544@\217\311"
 216      949506EE 
 216      91BE57A5 
 216      AC34408F 
 216      C9
 217 0ca9 AB85AA34 		.ascii	"\253\205\2524\274\236s\340\365Df\032\270*}\257j\231"
 217      BC9E73E0 
 217      F544661A 
 217      B82A7DAF 
 217      6A99
 218 0cbb 6980DC16 		.ascii	"i\200\334\026\367zNe\032^-\035xEY\242\323\300E[\332"
 218      F77A4E65 
 218      1A5E2D1D 
 218      784559A2 
 218      D3C0455B 
 219 0cd0 5E232DD1 		.ascii	"^#-\321i\200b\310\253\245\3524\274\236w\3405\312\022"
 219      698062C8 
 219      ABA5EA34 
 219      BC9E77E0 
 219      35CA12
 220 0ce3 A1066EB4 		.ascii	"\241\006n\264\276\327\030K\204\032\240X\362z^\205\032"
 220      BED7184B 
 220      841AA058 
 220      F27A5E85 
 220      1A
 221 0cf4 5EAD1C78 		.ascii	"^\255\034x\215\265D\251\201\033\247\3575\336\022\245"
 221      8DB544A9 
 221      811BA7EF 
 221      35DE12A5 
 222 0d04 06680279 		.ascii	"\006h\002y\265R\245\206\327\013\016\274&Z\"\325\300"
 222      B552A586 
 222      D70B0EBC 
 222      265A22D5 
 222      C0
 223 0d15 4DD2F79A 		.ascii	"M\322\367\232l\211T\0034\205\274^\260\367\012mQ\251"
 223      6C895403 
 223      3485BC5E 
 223      B0F70A6D 
 223      51A9
 224 0d27 BE25537D 		.ascii	"\276%S}\335\257TO\265j\245\272\274\376TO\203\323su\247"
ARM GAS  C:\Users\User\AppData\Local\Temp\ccNa8Vb2.s 			page 18


 224      DDAF544F 
 224      B56AA5BA 
 224      BCFE544F 
 224      83D37375 
 225 0d3c 7ABA2552 		.ascii	"z\272%R=\303\322N\365L\213R=\365|\374\277D\251\363\251"
 225      3DC3D24E 
 225      F54C8B52 
 225      3DF57CFC 
 225      BF44A9F3 
 226 0d51 D4B32C4F 		.ascii	"\324\263,O\251\313\265J=\333jK\017\327\327\277\242\346"
 226      A9CBB54A 
 226      3DDB6A4B 
 226      0FD7D7BF 
 226      A2E6
 227 0d63 A5A623F8 		.ascii	"\245\246#\370\231\353,\365\034\213J\035g\3615h\304\357"
 227      99EB2CF5 
 227      1C8B4A1D 
 227      67F13568 
 227      C4EF
 228 0d75 BFB362F5 		.ascii	"\277\263b\365\230`O\251\037S\251wD\037-\265lk1\327\362"
 228      98604FA9 
 228      1F53A977 
 228      441F2DB5 
 228      6C6B31D7 
 229 0d8a 5CB9BD27 		.ascii	"\\\271\275'\266n\264\274K=\317\022\245&$\233\2576\203"
 229      B66EB4BC 
 229      4B3DCF12 
 229      A526249B 
 229      AF3683
 230 0d9d C3F947AC 		.ascii	"\303\371G\254\213^\274\240\346%1\376\210k6#\265 \377"
 230      8B5EBCA0 
 230      E62531FE 
 230      886B3623 
 230      B520FF
 231 0db0 8AD73F06 		.ascii	"\212\327?\006\212\267D\251\001Z@\233\321H\225\032\252"
 231      8AB744A9 
 231      015A409B 
 231      D148951A 
 231      AA
 232 0dc1 8DFD53C3 		.ascii	"\215\375S\303\306&X\242\324\300%\352{-\264D\251\001"
 232      C62658A2 
 232      D4C025EA 
 232      7B2DB444 
 232      A901
 233 0dd3 5A445E8D 		.ascii	"ZD^\215U\251\341\325\304\201W\222%J\015\334b}\257%\226"
 233      55A9E1D5 
 233      C4815792 
 233      254A0DDC 
 233      627DAF25 
 234 0de8 2835404B 		.ascii	"(5@K\311\253\211*5\274\232:\360J\226\245\006.E\337k"
 234      C9AB892A 
 234      35BC9A3A 
 234      F04A96A5 
 234      062E45DF 
 235 0dfd 992C3540 		.ascii	"\231,5@\313\311\253\251*5\274\2329\360J\225\245\006"
 235      CBC9ABA9 
 235      2A35BC9A 
ARM GAS  C:\Users\User\AppData\Local\Temp\ccNa8Vb2.s 			page 19


 235      39F04A95 
 235      A506
 236 0e0f 6E85BED7 		.ascii	"n\205\276\327JYj\200V\221W3Ujx=\343\300+M\226\032\270"
 236      4A596A80 
 236      56915733 
 236      556A783D 
 236      E3C02B4D 
 237 0e26 D5FA5E6B 		.ascii	"\325\372^kd\251\001ZK^\317\250R\303\353Y\007^\351\262"
 237      64A9015A 
 237      4B5ECFA8 
 237      52C3EB59 
 237      075EE9B2 
 238 0e3a D4C0ADD3 		.ascii	"\324\300\255\323\367\312\220\245\006h=y=k\357\025\332"
 238      F7CA90A5 
 238      06683D79 
 238      3D6BEF15 
 238      DA
 239 0e4b A24A3D5B 		.ascii	"\242J=[\334J|\350W\2517\324.ue\375\245\336\010\247\226"
 239      DC4A7CE8 
 239      57A937D4 
 239      2E7565FD 
 239      A5DE08A7 
 240 0e60 75977A93 		.ascii	"u\227z\223,\365f\375Rg\242\324q\033f\347\005\212T\037"
 240      2CF566FD 
 240      5267A2D4 
 240      711B66E7 
 240      058A541F 
 241 0e74 A4546F11 		.ascii	"\244To\021\251\256\324Ju\026\017\361\006\237\251\276"
 241      A9AED44A 
 241      75160FF1 
 241      069FA9BE 
 242 0e84 C7534D47 		.ascii	"\307SMGd\372H\365V\244z\033\355A0\277\177N\364\344i"
 242      64FA48F5 
 242      56A47A1B 
 242      ED4130BF 
 242      7F4EF4E4 
 243 0e99 9627D573 		.ascii	"\226'\325s\350?\317N\332\233w\304\376C\346l\261\027"
 243      E83FCF4E 
 243      DA9B77C4 
 243      FE43E66C 
 243      B117
 244 0eab 672ECDCA 		.ascii	"g.\315\312\177\352\213\352\3552\325\204d9j5\266a5\342"
 244      7FEA8BEA 
 244      ED32D584 
 244      64396A35 
 244      B66135E2 
 245 0ebf D36E1FA8 		.ascii	"\323n\037\250\371A\363\026\333j\314\317\275\270\335"
 245      F941F316 
 245      DB6ACCCF 
 245      BDB8DD
 246 0ece FB353199 		.ascii	"\37351\231j\200v\322j\004\253TC5\304?5\254l\256L5py"
 246      6A8076D2 
 246      6A04AB54 
 246      4335C43F 
 246      35AC6CAE 
 247 0ee6 FA5EBB64 		.ascii	"\372^\273d\252\001\312'\257\020\225jx\205:\360\332-"
 247      AA01CA27 
ARM GAS  C:\Users\User\AppData\Local\Temp\ccNa8Vb2.s 			page 20


 247      AF10956A 
 247      78853AF0 
 247      DA2D
 248 0ef8 530DDC1E 		.ascii	"S\015\334\036}\257\2752\325\000\355#\257P\225jx\205"
 248      7DAFBD32 
 248      D500ED23 
 248      AF50956A 
 248      7885
 249 0f0a 39F0DA2F 		.ascii	"9\360\332/S\015\\\201\276\327\001\231j\200\016\222W"
 249      530D5C81 
 249      BED70199 
 249      6A800E92 
 249      57
 250 0f1b 984A35BC 		.ascii	"\230J5\274\302\035x\035\222\251\006\356\260\276W\241"
 250      C21D781D 
 250      92A906EE 
 250      B0BE57A1 
 251 0f2b 4C354045 		.ascii	"L5@E\344\025\256R\015\257\010\007^Gd\252\201;\252\357"
 251      E415AE52 
 251      0DAF0807 
 251      5E4764AA 
 251      813BAAEF 
 252 0f3f 754CA61A 		.ascii	"uL\246\032\240\343\344\025\241R\015\257\206\016\274"
 252      A0E3E415 
 252      A1520DAF 
 252      860EBC
 253 0f4e 4EC85403 		.ascii	"N\310T\003wR\337\353\224L5@\247\311\253\241\275Wh\213"
 253      7752DFEB 
 253      944C3540 
 253      A7C9ABA1 
 253      BD57688B 
 254 0f62 4A7516DD 		.ascii	"Ju\026\335\272N\377uq&\376?;*5\216ggJ\201\313p\271~"
 254      BA4EFF75 
 254      7126FE3F 
 254      3B2A358E 
 254      67674A81 
 255 0f7a EED9FDFB 		.ascii	"\356\331\375\373\237~\033\362\343\220\357{\322\034\374"
 255      9F7E1BF2 
 255      E390EF7B 
 255      D21CFC
 256 0f89 E77F7F1E 		.ascii	"\347\177\177\0362\264c\327\277:\377\360\367\220?~\036"
 256      32B463D7 
 256      BF3AFFF0 
 256      F7903F7E 
 256      1E
 257 0f9a FAF770FB 		.ascii	"\372\367p\373\375\236"
 257      FD9E
 258 0fa0 23870EEF 		.ascii	"#\207\016\357\330\265K\344\320\341\221\277\375\373\367"
 258      D8B54BE4 
 258      D0E191BF 
 258      FDFBF7
 259 0faf C86143FF 		.ascii	"\310aC\377\363\347\360\310\301\337\366\357\334)\262"
 259      F3E7F0C8 
 259      C1DFF6EF 
 259      DC29B2
 260 0fbe 5FBF5E91 		.ascii	"_\277^\221\275\007\366\031\360W'z\327\017\303\370\333"
 260      BD07F619 
ARM GAS  C:\Users\User\AppData\Local\Temp\ccNa8Vb2.s 			page 21


 260      F057277A 
 260      D70FC3F8 
 260      DB
 261 0fcf EFBFFFFC 		.ascii	"\357\277\377\374\366O\256\300\237\206\376\361\313\220"
 261      F64FAEC0 
 261      9F86FEF1 
 261      CB90
 262 0fdd 5F037E1D 		.ascii	"_\003~\0356d\350\260\377\001\013\305\035O"
 262      3664E8B0 
 262      FF010BC5 
 262      1D4F
 263              		.text
 264              		.section	.gnu.lto__pal_lld_setgroupmode.ae02da73,"",%progbits
 265 0000 789CA557 		.ascii	"x\234\245WkPU\327\025\336\353\354s\037\\\356\005\037"
 265      6B5055D7 
 265      15DEEBEC 
 265      731F5CEE 
 265      051F
 266 0012 A9214A0C 		.ascii	"\251!J\014I\244D\203 \220\210c\034u\242\216\217\001"
 266      49A44483 
 266      20908863 
 266      1C75A28E 
 266      8F01
 267 0024 C1A63FFA 		.ascii	"\301\246?\372#3\251\011Nu\012\201\0001m'\323\\_\327"
 267      2333A909 
 267      4E750A81 
 267      00316D27 
 267      D35C5FD7 
 268 0038 B7B1F155 		.ascii	"\267\261\361U\2310\320&JPA\010\230\200\325\026EEL\300"
 268      9930D026 
 268      4A504108 
 268      9880D516 
 268      45454CC0 
 269 004c 104D1320 		.ascii	"\020M\023 &\342\003DCU\320\212\004\260k\255}.\367^\244"
 269      26E20344 
 269      4355D08A 
 269      04B06BAD 
 269      7D2EF75E 
 270 0061 E3303073 		.ascii	"\34300s\026\373\254\375}k\257o\357\265\367\331\327$"
 270      16FBACFD 
 270      7D6BAF6F 
 270      EFB5F7D9 
 270      D724
 271 0073 34F1D608 		.ascii	"4\361\326\010!\366\013!\016\341\003\201\002\264\255"
 271      21F60B21 
 271      0EE10381 
 271      02B4AD
 272 0082 B542ACB0 		.ascii	"\265B\254\260j UCj\372\2720\341\264\331\311\332u\315"
 272      6A205543 
 272      6AFABA30 
 272      E1B4D9C9 
 272      DA75CD
 273 0095 74EB17F8 		.ascii	"t\353\027\370\346\227;\005\337L\232\231\373,\334g\006"
 273      E6973B05 
 273      DF4C9A99 
 273      FB2CDC67 
 273      06
ARM GAS  C:\Users\User\AppData\Local\Temp\ccNa8Vb2.s 			page 22


 274 00a6 ABA258DC 		.ascii	"\253\242X\334\015+\330U\303O\2631\320\237\2016\267\333"
 274      0D2BD855 
 274      C34FB331 
 274      D09F8136 
 274      B7DB
 275 00b8 DFDDB06B 		.ascii	"\337\335\260k\001\253-\330\357\330T%\020\340P\203\037"
 275      01AB2DD8 
 275      EFD85425 
 275      10E05083 
 275      1F
 276 00c9 B3060050 		.ascii	"\263\006\000P\303i\005\361\236&u\223\331b\365\263\371"
 276      C36905F1 
 276      9E267593 
 276      D962F5B3 
 276      F9
 277 00da DB1D0180 		.ascii	"\333\035\001\200\257B\375\275/wI8\276\266\271\\\033"
 277      AF42FDBD 
 277      2F774938 
 277      BEB6B95C 
 277      1B
 278 00eb 9FE7C4BF 		.ascii	"\237\347\304\277\212]\2756\227sMP\016\002v\033 \310"
 278      8A5DBD36 
 278      97734D50 
 278      0E02761B 
 278      20C8
 279 00fd 83F188AA 		.ascii	"\203\361\210\252[]\364\241\334\"s$\200\216\257\267k"
 279      5B5DF4A1 
 279      DC227324 
 279      808EAFB7 
 279      6B
 280 010e B22E07D0 		.ascii	"\262.\007\320\253\006!\370ZY\373\240\314&\177\007\002"
 280      AB0621F8 
 280      5A59FBA0 
 280      CC267F07 
 280      02
 281 011f DB2BFFBE 		.ascii	"\333+\377\276\373\204#l\217\323\271\322Y\321\275]:\307"
 281      FB84236C 
 281      8FD3B9D2 
 281      59D1BD5D 
 281      3AC7
 282 0131 E54809FB 		.ascii	"\345H\011\373@b@\310\207`\370\004\202\005\272\004\354"
 282      406240C8 
 282      8760F804 
 282      8205BA04 
 282      EC
 283 0142 8730843F 		.ascii	"\2070\204?\330[\264\336*\223\231z\177\307\351l0\250"
 283      D85BB4DE 
 283      2A93997A 
 283      7FC7E96C 
 283      30A8
 284 0154 A70E8CD8 		.ascii	"\247\016\214\330\261\3129/G\352p\240?Y\027P\300\344"
 284      B1CA392F 
 284      47EA70A0 
 284      3F591750 
 284      C0E4
 285 0166 8E923DDB 		.ascii	"\216\222=\333\374\345[L\376b\313\321\337\030\334\332"
 285      FCE55B4C 
ARM GAS  C:\Users\User\AppData\Local\Temp\ccNa8Vb2.s 			page 23


 285      FE62CBD1 
 285      DF18DCDA 
 286 0176 03A3B733 		.ascii	"\003\243\2673\327\004\205\375\271&\001\007!\214\010"
 286      D70485FD 
 286      B9260107 
 286      218C08
 287 0185 9B56E45F 		.ascii	"\233V\344_\224r9\223\257\236\273|\015B?R#\027\004\375"
 287      94723993 
 287      AF9EBB7C 
 287      0D423F52 
 287      231704FD 
 288 0199 6595F3B4 		.ascii	"e\225\363\264S\317\221f(\362\345\323\037\302\363\037"
 288      53CF9166 
 288      28F2E5D3 
 288      1FC2F31F 
 289 01a9 9CFDC02A 		.ascii	"\234\375\300*\377\304\324\237\277\352vY\015jW\370ng"
 289      FFC4D49F 
 289      BFEA7659 
 289      0D6A57F8 
 289      6E67
 290 01bb C5EA1022 		.ascii	"\305\352\020\"~: \361\346\266\2235\232|\217\211[rj\232"
 290      7E3A20F1 
 290      E6B69335 
 290      9A7C8F89 
 290      5B726A9A 
 291 01cf 020C62BB 		.ascii	"\002\014b\273\207X: \261\371\273U\273\315r\0150\363"
 291      87583A20 
 291      B1F9BB55 
 291      BBCD720D 
 291      30F3
 292 01e1 FA96D273 		.ascii	"\372\226\322s6\203y\335\303\374l@\346\326\236z\247Y"
 292      368379DD 
 292      C3FC6C40 
 292      E6D69E7A 
 292      A759
 293 01f3 6E56CCBA 		.ascii	"nV\314\272\216\222}\272\301\274\344a\226\015\310\334"
 293      8E927DBA 
 293      C1BCE461 
 293      960DC8DC 
 294 0203 7CB3F36F 		.ascii	"|\263\363o\272\334\256\230U\337\327]sg\333\340a\036"
 294      BADCAE98 
 294      55DFD75D 
 294      7367DBE0 
 294      611E
 295 0215 1E9079A9 		.ascii	"\036\220y\251\270w\207\303\254\303? \024\312\361\371"
 295      B87787C3 
 295      ACC33F20 
 295      14CAF1F9 
 296 0225 1C9F43F8 		.ascii	"\034\237C\370\224\340S\014\241\252\270\340\010\230A"
 296      94E0530C 
 296      A1AAB8E0 
 296      089841
 297 0234 08DBFF43 		.ascii	"\010\333\377Ca\234\236\326\342\3756\231\2452\330{\244"
 297      619C9ED6 
 297      E2FD3699 
 297      A532D87B 
 297      A4
ARM GAS  C:\Users\User\AppData\Local\Temp\ccNa8Vb2.s 			page 24


 298 0245 67B33B83 		.ascii	"g\263;\203\037\012\206}\320\267FG\037\316\001\376\311"
 298      1F0A867D 
 298      D0B74647 
 298      1FCE01FE 
 298      C9
 299 0256 FC1DADCD 		.ascii	"\374\035\255\315\305\272\374H\361\333{O\375\350^\343"
 299      C5BAFC48 
 299      F1DB7B4F 
 299      FDE85EE3 
 300 0266 F3DBA4F3 		.ascii	"\363\333\244\363c\247F\354\177\015\300\256`\366\346"
 300      63A746EC 
 300      7F0DC0AE 
 300      60F6E6
 301 0275 1BEF6F04 		.ascii	"\033\357o\004\271W\261[\\7V\331\015\366\035\017\373"
 301      B957B15B 
 301      5C3756D9 
 301      0DF61D0F 
 301      FB
 302 0286 D800ECE3 		.ascii	"\330\000\354\343\314\336\324\224\233\347'\363\025{C"
 302      CCDED494 
 302      9BE727F3 
 302      157B43
 303 0295 D9955FBA 		.ascii	"\331\225_\272\207\336\336G\256\034\200|\002B\017~\015"
 303      87DEDE47 
 303      AE1C807C 
 303      02420F7E 
 303      0D
 304 02a6 15CEDE07 		.ascii	"\025\316\336\007k\261\220\303\033K\317\217\374\025p"
 304      6BB190C3 
 304      1B4BCF8F 
 304      FC1570
 305 02b5 BD6B8266 		.ascii	"\275k\202f\012\3618W\270\003p\266\260\226q\276\314\202"
 305      0AF13857 
 305      B80370B6 
 305      B09671BE 
 305      CC82
 306 02c7 66CB0654 		.ascii	"f\313\006T\327\376\214\261c\235[\034\014\014\240f \243"
 306      D7FE8CB1 
 306      639D5B1C 
 306      0C0CA066 
 306      20A3
 307 02d9 87517338 		.ascii	"\207Qs8SFPs\244\240\231~\014(\366(r<N&\210\314\023<"
 307      53465073 
 307      A4A0997E 
 307      0C28F628 
 307      723C4E26 
 308 02f1 81A3B169 		.ascii	"\201\243\261i\035\303\263A;\307\362$\275\217e}OQ3\204"
 308      1DC3B341 
 308      3BC7F224 
 308      BD8F657D 
 308      4F513384 
 309 0305 B37D1A68 		.ascii	"\263}\032h'?C\200g\311\214#\023J&\214\314sd\306\223"
 309      273F4380 
 309      67C98C23 
 309      134A268C 
 309      CC7364C6 
 310 031a 9940269C 		.ascii	"\231@&\234\314D2\021d&\221\211\"\023M&\206\314\213d"
ARM GAS  C:\Users\User\AppData\Local\Temp\ccNa8Vb2.s 			page 25


 310      CC443211 
 310      64269189 
 310      22134D26 
 310      86CC8B64 
 311 032e 26938925 		.ascii	"&\223\211%3\205\314T2/\221\231Ff:\231\031df\222y\231"
 311      3385CC54 
 311      322F9199 
 311      46663A99 
 311      19646692 
 312 0344 CC2C32B3 		.ascii	"\314,2\263\311\314!3\227\314<2\363\311, \023\307\363"
 312      C9CC2133 
 312      97CC3C32 
 312      F3C92C20 
 312      13C7F3
 313 0357 18CF13B3 		.ascii	"\030\317\023\263\220\347$\201\247#\221gm\021\317\243"
 313      90E72481 
 313      A7239167 
 313      6D11CFA3 
 314 0367 101BB038 		.ascii	"\020\033\2608\361H\335(5\374'[aU\267\353h}\032Uk\266"
 314      F148DD28 
 314      35FC275B 
 314      6155B7EB 
 314      687D1A55 
 315 037d F4CF9636 		.ascii	"\364\317\2266:3\333\213\362\354t\374Y@\302I\\\272\253"
 315      3A33DB8B 
 315      F2EC74FC 
 315      5940C249 
 315      5CBAAB
 316 0390 B03284EB 		.ascii	"\2602\204\353\031\343 J \253\335US_$\025\315\256h'\037"
 316      19E3204A 
 316      20ABDD55 
 316      535F2415 
 316      CDAE6827 
 317 03a5 DCAB0824 		.ascii	"\334\253\010$\232\02548\2054\016^m\200\034\210CP\351"
 317      9A153438 
 317      85340E5E 
 317      6D801C88 
 317      4350E9
 318 03b8 892A9755 		.ascii	"\211*\227U\305\006\250\362\216]N\261\035*\366\205\372"
 318      C506A8F2 
 318      8E5D4EB1 
 318      1D2AF685 
 318      FA
 319 03c9 52831680 		.ascii	"R\203\026\200\261!\274_\254@\364\373&\3669\221\003\025"
 319      B121BC5F 
 319      AC40F4FB 
 319      26F63991 
 319      0315
 320 03db B9AD2FB1 		.ascii	"\271\255/\261a*\261\352\217\017w\333Ub&8\335?\261\341"
 320      612AB1EA 
 320      8F0F77DB 
 320      55622638 
 320      DD3FB1E1 
 321 03ef 88F30D76 		.ascii	"\210\363\015v\210\202\015W\301z\352/\032\270\021*\330"
 321      88820D57 
 321      C17AEA2F 
 321      1AB8112A 
ARM GAS  C:\Users\User\AppData\Local\Temp\ccNa8Vb2.s 			page 26


 321      D8
 322 0400 9D0D6BEE 		.ascii	"\235\015k\356I\025\314\002\325\375\203\215D\034\202"
 322      4915CC02 
 322      D5FD838D 
 322      441C82
 323 040f 0ADBEF14 		.ascii	"\012\333\357\024\232\225\312@8\343\035\273\204b\217"
 323      9A95CA40 
 323      38E31DBB 
 323      84628F
 324 041e A4F7DCA6 		.ascii	"\244\367\334\246Q\354Qg\301\3165\307\317Z\210\201\207"
 324      51EC5167 
 324      C1CE35C7 
 324      CF5A8881 
 324      87
 325 042f 067CC1DB 		.ascii	"\006|\301\333e#~F\360#'\257\202\306k\227-\315\202\333"
 325      65237E46 
 325      F02327AF 
 325      82C66B97 
 325      2DCD82DB 
 326 0443 9C9F49B5 		.ascii	"\234\237I\265Y\270\256\332<\203R\265y\2454\325\306\252"
 326      59B8AEDA 
 326      3C8352B5 
 326      79A534D5 
 326      C6AA
 327 0455 C896A012 		.ascii	"\310\226\240\022-h|We:\012]\274\000W`uc\345\0110\274"
 327      2D687C57 
 327      653A0A5D 
 327      BC005760 
 327      7563E509 
 328 046b 98CAC19F 		.ascii	"\230\312\301\237\312\357;T\362\002\276T;\367.@\266|"
 328      CAEF3B54 
 328      F202BE54 
 328      3BF72E40 
 328      B67C
 329 047d 4C13D932 		.ascii	"L\023\3312\316\321u\271\016\356\202\206\205\240u}\332"
 329      CED175B9 
 329      0EEE8286 
 329      85A0757D 
 329      DA
 330 048e 84FE44C7 		.ascii	"\204\376D\307\341\226ztI\\?-\253\204\\\361\2163\315"
 330      E1967A74 
 330      495C3F2D 
 330      AB845CF1 
 330      8E33CD
 331 04a1 E8D17151 		.ascii	"\350\321qQ\264}%\350X\350\350jnE\217\011gVk`L\202#\213"
 331      B47D25E8 
 331      58E8E86A 
 331      6E458F09 
 331      67566B60 
 332 04b9 6966D2AB 		.ascii	"if\322\253e}F\276E\216\206\226c\200\322u\261.LU\347"
 332      657D46BE 
 332      458E8696 
 332      6380D275 
 332      B12E4C55 
 333 04ce 85C65CCD 		.ascii	"\205\306\\\315\353\320\305\235K[\226\266)\355O>g\361"
 333      EBD0C59D 
 333      4B5B96B6 
ARM GAS  C:\Users\User\AppData\Local\Temp\ccNa8Vb2.s 			page 27


 333      29ED4F3E 
 333      67F1
 334 04e0 60A9A1EC 		.ascii	"`\251\241\354\037\307)\362^\"\013.Q\255Z\242,W\275\237"
 334      1FC729F2 
 334      5E220B2E 
 334      51AD5AA2 
 334      2C57BD9F 
 335 04f4 020521CE 		.ascii	"\002\005!\316\373\223o\001\035\316*\320-\327z\223\002"
 335      FB936F01 
 335      1DCE2AD0 
 335      2DD77A93 
 335      02
 336 0505 3DC14B19 		.ascii	"=\301K\031\244\326\015=4,z\025\250\255\361\017\0125"
 336      A4D60D3D 
 336      342C7A15 
 336      A8ADF10F 
 336      0A35
 337 0517 1A9E0FA6 		.ascii	"\032\236\017\246Ui\205\225\355k\363\245r\216A\277\207"
 337      55698595 
 337      ED6BF3A5 
 337      728E41BF 
 337      87
 338 0528 5741BC31 		.ascii	"WA\2741*\203\236\3062P\230`\225h\337\216\261\340\216"
 338      2A839EC6 
 338      32509860 
 338      9568DF8E 
 338      B1E08E
 339 053b F9CA9D43 		.ascii	"\371\312\235C\253\021\350I\254{\204\372F\037\213~O\364"
 339      AB11E849 
 339      AC7B84FA 
 339      461F8B7E 
 339      4FF4
 340 054d E3147DAC 		.ascii	"\343\024}\254\242m\276\360\256\202<\345]\200V,\300:"
 340      A26DBEF0 
 340      AE823CE5 
 340      5D80562C 
 340      C03A
 341 055f 08262D3E 		.ascii	"\010&->qB\020\347\211s\202\342\204 \342\370\341\326"
 341      714210E7 
 341      897382E2 
 341      8420E2F8 
 341      E1D6
 342 0571 D635810A 		.ascii	"\3265\201\012\362\214wYJ>\350\357U\235Yg\317\201\354"
 342      F28C7759 
 342      4A3EE8EF 
 342      559D5967 
 342      CF81EC
 343 0584 15789DC2 		.ascii	"\025x\235\302\017\244_\266|\032\276\246\012\301\276"
 343      0FA45FB6 
 343      7C1ABEA6 
 343      0AC1BE
 344 0593 6FDBDB2B 		.ascii	"o\333\333+\355\221\005\316\325+\250\313\006\347 \007"
 344      ED9105CE 
 344      D52BA8CB 
 344      06E72007 
 345 05a3 FECAD72C 		.ascii	"\376\312\327,8\017\2214z\257\353\276\261\006\317\032"
 345      380F9134 
ARM GAS  C:\Users\User\AppData\Local\Temp\ccNa8Vb2.s 			page 28


 345      7AAFEBBE 
 345      B106CF1A 
 346 05b3 73D2DDB7 		.ascii	"s\322\335\267*\343p<\364\223\263\323U\355\257\234T\316"
 346      2AE3703C 
 346      F493B3D3 
 346      55EDAF9C 
 346      54CE
 347 05c5 D84579ED 		.ascii	"\330Ey\355\254\236H\276~9\344\276)\036\221\3057\236"
 347      AC9E48BE 
 347      7E39E4BE 
 347      291E91C5 
 347      379E
 348 05d7 2CFE0D91 		.ascii	",\376\015\221\030R\211\274\356\026\0316HU\337r<\240"
 348      185289BC 
 348      EE161936 
 348      4855DF72 
 348      3CA0
 349 05e9 78DFB955 		.ascii	"x\337\271U\2557\322}\316X\213nW\253\241j<\016\200~\245"
 349      AD37D27D 
 349      CE588B6E 
 349      57ABA16A 
 349      3C0E807E 
 350 05fe AADE804D 		.ascii	"\252\336\200M\300\015\213]CQU\357\311\242\201TMP\252"
 350      C00D8B5D 
 350      435155EF 
 350      C9A28154 
 350      4D50AA
 351 0611 6EB85585 		.ascii	"n\270U\205\017RU#\307\323(\336\367\254\212\2164C\303"
 351      0F525523 
 351      C7D328DE 
 351      F7AC8A8E 
 351      3443C3
 352 0624 441616AE 		.ascii	"D\026\026\2564\224\033\032\"\360\000\302\256\241h\270"
 352      34941B1A 
 352      22F000C2 
 352      AEA168B8 
 353 0634 E019F307 		.ascii	"\340\031\363\007\322\020A'QCes\341\013j\010\177\336"
 353      D2104127 
 353      51436573 
 353      E10B6A08 
 353      7FDE
 354 0646 11820F42 		.ascii	"\021\202\017B\223\350\264I\354>[\331[8Eu\323\200\325"
 354      93E8B449 
 354      EC3E5BD9 
 354      5B384575 
 354      D380D5
 355 0659 67767D62 		.ascii	"gv}bW\207\246\005~\354C\233\305\021\223\344\011\351"
 355      5787A605 
 355      7EEC439B 
 355      C51193E4 
 355      09E9
 356 066b DC634CC8 		.ascii	"\334cL\310\244AN\310EN\216\357qM\356ev/j\224\332*^S"
 356      A4414EC8 
 356      454E8EEF 
 356      714DEE65 
 356      762F6A94 
 357 0683 148D03A0 		.ascii	"\024\215\003\240\337w\212b\370\024\211VS\0241\320\024"
ARM GAS  C:\Users\User\AppData\Local\Temp\ccNa8Vb2.s 			page 29


 357      DF778A62 
 357      F8148956 
 357      531431D0 
 357      14
 358 0694 FDF95153 		.ascii	"\375\371QSt\311\223\305e\232\242\030\226g\351\223\327"
 358      74C993C5 
 358      659AA218 
 358      9667E993 
 358      D7
 359 06a5 E596F7E2 		.ascii	"\345\226\367\342 \345]\341\300:\005\276\332_\336\344"
 359      20E55DE1 
 359      C03A05BE 
 359      DA5FDEE4 
 360 06b5 87E4C5E2 		.ascii	"\207\344\305\342\000\350\367\2257\205\345\305\016E^"
 360      00E8F795 
 360      3785E5C5 
 360      0E455E
 361 06c4 B3278B16 		.ascii	"\263'\213\026\2227\205\345Yi\255Y\336\317'\015yS\007"
 361      923785E5 
 361      5969AD59 
 361      DECF270D 
 361      795307
 362 06d7 29EF1A07 		.ascii	")\357\032\0076Q\340Vw9\273\345\275\304\345<\325wKN\303"
 362      3651E056 
 362      7739BBE5 
 362      BDC4E53C 
 362      D5774B4E 
 363 06ec 6F257629 		.ascii	"o%v)1\221\003\211Y\376(1\327=c\336 1\323X\214\237\330"
 363      31910389 
 363      59FE2831 
 363      D73D63DE 
 363      2031D358 
 364 0703 1AACC4AC 		.ascii	"\032\254\304\254\2532\304L\037\244\230\237<\201\333"
 364      AB32C44C 
 364      1FA4989F 
 364      3C81DB
 365 0712 FA8B99C1 		.ascii	"\372\213\231\301b\246\373\212\231\311bf\014E\314\177"
 365      62A6FB8A 
 365      99C96266 
 365      0C45CC7F 
 366 0722 3C63DE24 		.ascii	"<c\336$13\005o\276\3322\367\346\363\332m6\261.@I\334"
 366      3133056F 
 366      BEDA32F7 
 366      E6F3DA6D 
 366      36B12E40 
 367 0738 9067487C 		.ascii	"\220gH|y\220\022oy\352\374v\377r\234\365P9\316\306\001"
 367      7990126F 
 367      79EAFC76 
 367      FF729CF5 
 367      5039CEC6 
 368 074d D0EF5B8E 		.ascii	"\320\357[\216s\270\034g\017\245\034\333=Yt\220\3509"
 368      73B81C67 
 368      0FA51CDB 
 368      3D597490 
 368      E839
 369 075f 2CCFBF4F 		.ascii	",\317\277O\336&\267\274\271\203\224w\307S\347w\373\313"
 369      DE26B7BC 
ARM GAS  C:\Users\User\AppData\Local\Temp\ccNa8Vb2.s 			page 30


 369      B9839477 
 369      C753E777 
 369      FBCB
 370 0771 9BF790BC 		.ascii	"\233\367\220\274\3718\000\372}\345-`y\363\207\"\357"
 370      F93800FA 
 370      7DE52D60 
 370      79F38722 
 370      EF
 371 0782 BF9E2CEE 		.ascii	"\277\236,\356\221\274\005,\317\316WLu\325\275\275T]"
 371      91BC052C 
 371      CFCE574C 
 371      75D5BDBD 
 371      545D
 372 0794 02E3E86A 		.ascii	"\002\343\350j\370\274\327\245\225/\220q\352|>U>\311"
 372      F8BCD7A5 
 372      952F9071 
 372      EA7C3E55 
 372      3EC9
 373 07a6 40795F0F 		.ascii	"@y_\017t\274*v\366\225\204Cl\252\342\240\267\\\005\035"
 373      74BC2A76 
 373      F6958443 
 373      6CAAE2A0 
 373      B75C051D 
 374 07ba C66F8B78 		.ascii	"\306o\213x\374\226\373\004\345\333j\274\272\273\034"
 374      FC96FB04 
 374      E5DB6ABC 
 374      BABB1C
 375 07c9 EDC854A8 		.ascii	"\355\310T\250\205\370m"
 375      85F86D
 376 07d0 E4DF0EBE 		.ascii	"\344\337\016\2767\373\205\012V\323\221\254`\011\370"
 376      37FB850A 
 376      56D391AC 
 376      6009F8
 377 07df F9F185F1 		.ascii	"\371\361\205\361\2358A\301\276\311P\250D\334\010\276"
 377      9D3841C1 
 377      BEC950A8 
 377      44DC08BE 
 378 07ef 28BE1527 		.ascii	"(\276\025'\022j\247\253\255\343\267\012\266H}L\016\255"
 378      126AA7AB 
 378      ADE3B70A 
 378      B6487D4C 
 378      0EAD
 379 0801 FDB2D8A6 		.ascii	"\375\262\330\246>&\000\367\275Y|\367^\304\312\002\350"
 379      3E2600F7 
 379      BD597CF7 
 379      5EC4CA02 
 379      E8
 380 0812 47531B5E 		.ascii	"GS\033^\336[>\264\250\233\247\240\237T\200n\374\222"
 380      DE5B3EB4 
 380      A89BA7A0 
 380      9F54806E 
 380      FC92
 381 0824 25CD9AFA 		.ascii	"%\315\232\372\352\033K\227\275\276\354\325Yd_\311|;"
 381      EA1B4B97 
 381      BDBEECD5 
 381      59645FC9 
 381      7C3B
ARM GAS  C:\Users\User\AppData\Local\Temp\ccNa8Vb2.s 			page 31


 382 0836 69596A54 		.ascii	"iYjT\354\362\230\327\336Y\366fR\352;\031\336~\205L\315"
 382      ECF298D7 
 382      DE59F666 
 382      52EA3B19 
 382      DE7E854C 
 383 084b 888A9D1C 		.ascii	"\210\212\235\034\231\232\021\271tqrdZjzfF\344+\277\216"
 383      999A11B9 
 383      74717264 
 383      5A6A7A66 
 383      46E42BBF 
 384 0860 8F898E8C 		.ascii	"\217\211\216\214\213\233\03597q~\302\362h\352z-\015"
 384      8B9B1D39 
 384      37717EC2 
 384      F268EA7A 
 384      2D0D
 385 0872 9FE4E4A4 		.ascii	"\237\344\344\244\2107\204N(=eq\306\357\365\224\324\244"
 385      8837844E 
 385      283D6571 
 385      C6EFF594 
 385      D4A4
 386 0884 25F2F565 		.ascii	"%\362\365e\231\372\342\344\314tS\332\333iI\351\226\324"
 386      99FAE2E4 
 386      CC7453DA 
 386      DB6949E9 
 386      96D4
 387 0896 8CB4254B 		.ascii	"\214\264%K\222\322\315\251\231\177L[\222n\"H\272\225"
 387      92D2CDA9 
 387      997F4C5B 
 387      926E2248 
 387      BA95
 388 08a8 FA89A1A5 		.ascii	"\372\211\241\245Di)\321Z\312\013\377\003h\366\022B"
 388      446929D1 
 388      5ACA0BFF 
 388      0368F612 
 388      42
 389              		.text
 390              		.section	.gnu.lto_.symbol_nodes.ae02da73,"",%progbits
 391 0000 789C6365 		.ascii	"x\234ce`bPc\000\002\246\271L\365\014\014\023\31610\000"
 391      60625063 
 391      0002A6B9 
 391      4CF50C0C 
 391      13CE3130 
 392 0015 A95D0D8E 		.ascii	"\251]\015\216@\221yL\365\214(\"\014\000\271[\011 "
 392      4091794C 
 392      F58C2822 
 392      0C00B95B 
 392      0920
 393              		.text
 394              		.section	.gnu.lto_.refs.ae02da73,"",%progbits
 395 0000 789C6365 		.ascii	"x\234ce`b`d\000\002\000\000I\000\011"
 395      60626064 
 395      00020000 
 395      490009
 396              		.text
 397              		.section	.gnu.lto_.decls.ae02da73,"",%progbits
 398 0000 789CCD59 		.ascii	"x\234\315YkPTI\226\276y\263\252(\212\207\006\272\033"
 398      6B505449 
ARM GAS  C:\Users\User\AppData\Local\Temp\ccNa8Vb2.s 			page 32


 398      96BE79B3 
 398      AA288A87 
 398      06BA1B
 399 0013 4E6CC70E 		.ascii	"Nl\307\016\321\313v\023\273\323\215\340\214N\354\354"
 399      D1CB7613 
 399      BBD38DE0 
 399      8C4EECEC 
 400 0023 CC8E028A 		.ascii	"\314\216\002\212\323tK\024=\275\261\021F\020\264\240"
 400      D3744B14 
 400      3DBDB111 
 400      4610B4A0 
 401 0033 4D0C520C 		.ascii	"M\014R\014\2243\335?6\342\362P^\"o\205Vl\037\330\202"
 401      9433DD3F 
 401      36E2F250 
 401      5E226F85 
 401      566C1FD8 
 402 0048 D062AB80 		.ascii	"\320b\253\200\010\010\315K(\036\322 \210<\024A\020\021"
 402      0808CD4B 
 402      281ED220 
 402      883C1441 
 402      1011
 403 005a 79AA3C1A 		.ascii	"y\252<\032eO\336\274E%\267\212\230\231\350\210\211\255"
 403      654FDEBC 
 403      4525B78A 
 403      9899E888 
 403      89AD
 404 006c E0DCCC93 		.ascii	"\340\334\314\223\371\335\223'\3179\231y\362\242\344"
 404      F9DD9327 
 404      CF399979 
 404      F2A2E4
 405 007b 786EE8A7 		.ascii	"xn\350\247\034W\251\340\270\000\304q\313\360\303\034"
 405      1C57A9E0 
 405      B800C471 
 405      CBF0C31C 
 406 008b C77DC399 		.ascii	"\307}\303\231~<\320\002\320o\020g\366\233\205\266uP"
 406      7E3CD002 
 406      D06F1067 
 406      F69B85B6 
 406      7550
 407 009d 7E02E400 		.ascii	"~\002\344\000\264\021\350\005\320\273@\351\320\227\012"
 407      B411E805 
 407      D0BB40E9 
 407      D0970A
 408 00ac A4023A0E 		.ascii	"\244\002:\0164\013m'\240\374%P\006P&\320V\240\177\202"
 408      340B6D27 
 408      A0FC2550 
 408      065026D0 
 408      56A07F82 
 409 00c0 F638283F 		.ascii	"\3668(?\007\032\206\272\001\310\031\352\015P\276\007"
 409      071A86BA 
 409      01C819EA 
 409      0D50BE07 
 410 00d0 653D94AE 		.ascii	"e=\224\256P\336\206r\013\224MP\376\033\224\265P\376"
 410      50DE8672 
 410      0B944D50 
 410      FE1B94B5 
 410      50FE
ARM GAS  C:\Users\User\AppData\Local\Temp\ccNa8Vb2.s 			page 33


 411 00e2 3B947550 		.ascii	";\224uPn\206\362)\224\317\200F\201\236\000\215\003="
 411      6E86F229 
 411      94CF8046 
 411      819E008D 
 411      033D
 412 00f4 079A041A 		.ascii	"\007\232\004\032\003z\0144\302\314'\333\302|\376\027"
 412      037A0C34 
 412      C2CC27DB 
 412      C27CFE17 
 413 0104 3A6D64F3 		.ascii	":md\363\371\025\340\020\320\022\324\313\244\271\371"
 413      F915E010 
 413      D012D4CB 
 413      A4B9F9
 414 0113 70547732 		.ascii	"pTw27\225\244/\321\225\350It#z\021\235\320\032v;\201"
 414      3795A42F 
 414      D195E849 
 414      74237A11 
 414      9DD01A76 
 415 0129 5171626D 		.ascii	"Qqbm\005\377\000\365!\030\022\255\027[\021\242O$\222"
 415      05FF00F5 
 415      211812AD 
 415      175B11A2 
 415      4F2492
 416 013c C82E1B7F 		.ascii	"\310.\033\177\010\211\355\320\312s\222`c\0232\276!\361"
 416      0889EDD0 
 416      CA739260 
 416      631332BE 
 416      21F1
 417 014e BCC4F292 		.ascii	"\274\304\362\222H\361Oz\0311\022i7\035\311\370\343("
 417      48F14F7A 
 417      19311269 
 417      371DC9F8 
 417      E328
 418 0160 9C6AC289 		.ascii	"\234j\302\211\322\351\333\2107\015\200\020\373\002#"
 418      D2E9DB88 
 418      370D8010 
 418      FB0223
 419 016f 90AA2DF5 		.ascii	"\220\252-\365\257\350\307\231&\207\214\263\237\316j"
 419      AFE8C799 
 419      26878CB3 
 419      9FCE6A
 420 017e 1ED13C44 		.ascii	"\036\321<D\375\244\365\314o\221\330v\251 k\330\032\363"
 420      FDA4F5CC 
 420      6F91D876 
 420      A9206BD8 
 420      1AF3
 421 0190 88D41F2E 		.ascii	"\210\324\037.\344\356|\277@\240?\265\263\311l\337G_"
 421      E4EE7CBF 
 421      40A03FB5 
 421      B3C96CDF 
 421      475F
 422 01a2 39858F61 		.ascii	"9\205\217a\344\240A\012\"\247\345\313!{`7j\220#\260"
 422      E4A0410A 
 422      22A7E5CB 
 422      217B6037 
 422      6A9023B0 
 423 01b6 89796F7E 		.ascii	"\211yo~J;3y`oT<w\243\354[\300\335\354\237\256\262\241"
ARM GAS  C:\Users\User\AppData\Local\Temp\ccNa8Vb2.s 			page 34


 423      4A3B3379 
 423      606F543C 
 423      77A3EC5B 
 423      C0DDEC9F 
 424 01cd D80144DE 		.ascii	"\330\001D\336\025\022cli\367<\341\033\273\262'4\370"
 424      1512636C 
 424      69F73CE1 
 424      1BBBB227 
 424      34F8
 425 01df 27E2F813 		.ascii	"'\342\370\023\321\303\0036\264o\023\260\355S\315\331"
 425      D1C30336 
 425      B46F13B0 
 425      ED53CDD9 
 426 01ef 12BB1ED8 		.ascii	"\022\273\036\330\276\270#\247U\330QD\3667\344\345\023"
 426      BEB823A7 
 426      55D85144 
 426      F637E4E5 
 426      13
 427 0200 85DED520 		.ascii	"\205\336\325 b\204u\320T8^\272`G\233\010\242=i&\307"
 427      628475D0 
 427      54385EBA 
 427      60479B08 
 427      A23D6926 
 428 0215 0AFF2BA9 		.ascii	"\012\377+\251\363Y\206{\325\012\344\254\371\232\314"
 428      F359867B 
 428      D50AE4AC 
 428      F99ACC
 429 0224 ABEAF6AB 		.ascii	"\253\352\366\253wSb\004\201G\245H\203J\020\230\000\275"
 429      77536204 
 429      8147A548 
 429      834A1098 
 429      00BD
 430 0236 4FACF4AE 		.ascii	"O\254\364\256\006\236\261\202\020)$G\011\326^\034*@"
 430      069EB182 
 430      10292447 
 430      09D65E1C 
 430      2A40
 431 0248 6FA17CF4 		.ascii	"o\241|\364\026\207n g\"\226\340P14\026A#\014\221\227"
 431      16876E20 
 431      672296E0 
 431      50313416 
 431      41230C91 
 432 025d 93724E85 		.ascii	"\223rN\205\213\2218F\375\255\336n\005\3228[\024PnA\000"
 432      8B913846 
 432      FDADDE6E 
 432      05D2385B 
 432      14506E41 
 433 0272 5566B9F0 		.ascii	"Uf\271\360\355\372\303D\2312P\346\246I\031\320\215\232"
 433      EDFAC344 
 433      993250E6 
 433      A64919D0 
 433      8D9A
 434 0284 7EF0665F 		.ascii	"~\360f_\004\217K\251\203\276,{aPR\213\250\201\235L\253"
 434      048F4BA9 
 434      83BE2C7B 
 434      6150528B 
 434      A8819D4C 
ARM GAS  C:\Users\User\AppData\Local\Temp\ccNa8Vb2.s 			page 35


 435 0299 6BE17105 		.ascii	"k\341q\005\355\033\351\216\312R\341\032\312$\277\276"
 435      ED1BE98E 
 435      CA52E11A 
 435      CA24BFBE 
 436 02a9 2FA87013 		.ascii	"/\250p\023e\022'\347\317*p;e\356G\315u\331\341n\221"
 436      651227E7 
 436      CF2A703B 
 436      65EE47CD 
 436      75D9E16E 
 437 02be B13E5278 		.ascii	"\261>Rx\343\272-r\"\277\015NN\316\347\210\356U\223\275"
 437      E3BA2D72 
 437      22BF0D4E 
 437      4ECEE788 
 437      EE5593BD 
 438 02d2 3F6B9879 		.ascii	"?k\230y,\010\251\266\242R5\240T#\332`\232\314Uxp\310"
 438      2C08A9B6 
 438      A25235A0 
 438      5423DA60 
 438      9ACC5578 
 439 02e8 151E1C7D 		.ascii	"\025\036\034}a\3617YBU4\026\321\325r\264\213\014<\366"
 439      61F13759 
 439      42553416 
 439      D1D572B4 
 439      8B0C3CF6 
 440 02fc 5F2670A5 		.ascii	"_&p\245\034|K\024]\200\030\331\014\274B\016\277&\327"
 440      1C7C4B14 
 440      5D8018D9 
 440      0CBC420E 
 440      BF26D7
 441 030f A4874157 		.ascii	"\244\207AWY\026.\242S\210\355\223\005\341\267\012\016"
 441      59162EA2 
 441      5388ED93 
 441      05E1B70A 
 441      0E
 442 0320 1542FF65 		.ascii	"\025B\377e\261\213\240\301\374\250\031\274U\207\234"
 442      B18BA0C1 
 442      FCA819BC 
 442      55879C
 443 032f 9001A801 		.ascii	"\220\001\250\001\250\036\3506P\023P-r\022\027\005\035"
 443      A81EE836 
 443      5013502D 
 443      72121705 
 443      1D
 444 0340 CFC08CF7 		.ascii	"\317\300\214\367\235\305\231\263s1x\231\320\327-\317"
 444      9DC599B3 
 444      73317899 
 444      D0D72DCF 
 445 0350 85C26968 		.ascii	"\205\302ihL\334r\210\020\004D`\234\024\026\322r\254"
 445      4CDC7288 
 445      10044460 
 445      9C1416D2 
 445      72AC
 446 0362 7C13DDA6 		.ascii	"|\023\335\246\302\325X\014\274\234\370\346b5\332\340"
 446      C2D5580C 
 446      BC9CF8E6 
 446      6235DAE0 
 447 0372 6C694EE8 		.ascii	"liN\350\016L\345o\231\026\035y\244A\005\353\037\265"
ARM GAS  C:\Users\User\AppData\Local\Temp\ccNa8Vb2.s 			page 36


 447      0E4CE56F 
 447      99161D79 
 447      A44105EB 
 447      1FB5
 448 0384 C28B2DA6 		.ascii	"\302\213-\246\220$z\210\303\033\227\264\203\264\244"
 448      90247A88 
 448      C31B97B4 
 448      83B4A4
 449 0393 635A5E5E 		.ascii	"cZ^^\344q\247\250\016\272R\036\375\334\236vV\221\316"
 449      E471A7A8 
 449      0EBA521E 
 449      FDDC9E76 
 449      5691CE
 450 03a6 84C34971 		.ascii	"\204\303IqV\270\217v\316\346^=\255\246\235\271\244\363"
 450      56B88F76 
 450      CEE65E3D 
 450      ADA69DB9 
 450      A4F3
 451 03b8 E9EBFA67 		.ascii	"\351\353\372gJ<D;\013Zn\367I\233L,\351\354\230k\213"
 451      4A3C443B 
 451      0B5A6EF7 
 451      499B4C2C 
 451      E9EC986B 
 452 03cd D1E031DA 		.ascii	"\321\3401\332\271\374\364\376yk\3329E\370\370\242\264"
 452      B9FCF4FE 
 452      796BDA39 
 452      45F8F8A2 
 452      B4
 453 03de F3EBF034 		.ascii	"\363\353\3604\355\354\0309\033-\355)m\204?\226t\355"
 453      EDEC1839 
 453      1B2DED29 
 453      6D843F96 
 453      74ED
 454 03f0 5B0D9EA7 		.ascii	"[\015\236\247\235\271#\247\216I\235\277\004\266\250"
 454      9DB923A7 
 454      8E499DBF 
 454      04B6A8
 455 03ff E5C60325 		.ascii	"\345\306\003%^\246}}3]16\370\210Bd\012\227\322/\252"
 455      5EA67D7D 
 455      335D3136 
 455      F8884264 
 455      0A97D22F 
 456 0414 702265DA 		.ascii	"p\"e\332Ne\033W\332u\262\251%\026.\253\351.vf\003\031"
 456      4E651B57 
 456      DA75B2A9 
 456      25162EAB 
 456      E92E7666 
 457 042a 21ABFF8A 		.ascii	"!\253\377\212\006\247\213X\273\327\017_T\332\240\015"
 457      06A78B58 
 457      BBD70F5F 
 457      54DAA00D 
 458 043a 4E2B3F67 		.ascii	"N+?g'\326\031\217\300\031\003\242w\207$OL\200'\206\301"
 458      27D6198F 
 458      C01903A2 
 458      7787244F 
 458      4C802786 
 459 044f EA4F819E 		.ascii	"\352O\201\236\001\215\002=\001\032\007z\0164\0114\006"
ARM GAS  C:\Users\User\AppData\Local\Temp\ccNa8Vb2.s 			page 37


 459      018D023D 
 459      011A077A 
 459      0E340934 
 459      06
 460 0460 F41868C4 		.ascii	"\364\030h\304\024p\3043\255\016i\202\320\260Y\364\315"
 460      1470C433 
 460      AD0E6982 
 460      D0B059F4 
 460      CD
 461 0471 B7E01B22 		.ascii	"\267\340\033\"r\305\333WV/\037\300W\377.B\0149\002\177"
 461      72C5DB57 
 461      562F1FC0 
 461      57FF2E42 
 461      0C39027F 
 462 0485 2887AF5A 		.ascii	"(\207\257Z\232\004\274\307\004\036\224\203\277Ar\264"
 462      9A04BCC7 
 462      041E9483 
 462      BF4172B4 
 463 0495 B7097D5F 		.ascii	"\267\011}_\216\356\226\243\007?0\241{\345\350\0363\275"
 463      8EEE96A3 
 463      073F30A1 
 463      7BE5E81E 
 463      33BD
 464 04a7 0719BD1F 		.ascii	"\007\031\275\037\310\341W\315\247\371\221\011\376\275"
 464      C8E157CD 
 464      A7F99109 
 464      FEBD
 465 04b5 1CDE66A6 		.ascii	"\034\336f\2469\243K\277\034\335g\24693\317{rt\227\271"
 465      39A34BBF 
 465      1CDD67A6 
 465      3933CF7B 
 465      727497B9 
 466 04c9 2A1F9AE0 		.ascii	"*\037\232\340\235r\370]\223pi\2157\3225>\264z\215K\316"
 466      9D72F85D 
 466      9370698D 
 466      37D2353E 
 466      B47A8D4B 
 467 04de 6E619CDD 		.ascii	"na\234\335!\227\325\316\014\015\021\371\335\302\370"
 467      2197D5CE 
 467      0C0D11F9 
 467      DDC2F8
 468 04ed E175F8A4 		.ascii	"\341u\370\244\030\221\374\353\276\307\277\220m\011\306"
 468      1891FCEB 
 468      BEC7BF90 
 468      6D09C6
 469 04fc 28443310 		.ascii	"(D3\020|?&\020\251\342]w\304-b\032\004M\231\266\210"
 469      7C3F2610 
 469      A9E25D77 
 469      C42D621A 
 469      044D99B6 
 470 0511 21E31691 		.ascii	"!\343\026\221=P5\244\334 \215\037\273\326\370\334\337"
 470      3D5035A4 
 470      DC208D1F 
 470      BBD6F8DC 
 470      DF
 471 0522 3C3839DA 		.ascii	"<89\332^\226e`\333\370\225c\026\3152\333(\207^ [\011"
 471      5E966560 
ARM GAS  C:\Users\User\AppData\Local\Temp\ccNa8Vb2.s 			page 38


 471      DBF89563 
 471      16CD32DB 
 471      28875E20 
 472 0538 98D53937 		.ascii	"\230\32597\256R\360\264\015}\252 mu\313sU\353\350\262"
 472      AE52F0B4 
 472      0D7DAA20 
 472      6D75CB73 
 472      55EBE8B2 
 473 054c E6990C63 		.ascii	"\346\231\014c#\3150j\332\273\223\024\233\216\213\351"
 473      23CD306A 
 473      DABB9314 
 473      9B8E8BE9 
 474 055c 4F94B09E 		.ascii	"O\224\260\236G\237\374#\232\003\311\257D\311\363h\023"
 474      479FFC23 
 474      9A03C9AF 
 474      44C9F368 
 474      13
 475 056d 3C5F2285 		.ascii	"<_\"\205d\360\326\334\001\253\267\317\010g\006\340\310"
 475      64F0D6DC 
 475      01ABB7CF 
 475      086706E0 
 475      C8
 476 057e 3C8A6FD4 		.ascii	"<\212o\324\014\013\202FAP(\317d\021\250\3023\027\026"
 476      0C0B8246 
 476      415028CF 
 476      6411A8C2 
 476      331716
 477 0591 1FBA0891 		.ascii	"\037\272\010\221\314\241\005\3646\274\374\374BT\332"
 477      CCA105F4 
 477      36BCFCFC 
 477      4254DA
 478 05a0 3A1CAF14 		.ascii	":\034\257\024\367\232K-yK\012|Fd\370\304\352S\343\266"
 478      F79A4B2D 
 478      794B0A7C 
 478      4664F8C4 
 478      EA53E3B6 
 479 05b4 6BE511AF 		.ascii	"k\345\021\257\327\314#&{7w\337\025\004G\264\004\207"
 479      D7CC2326 
 479      7B3777DF 
 479      150447B4 
 479      0487
 480 05c6 CB0FA6F1 		.ascii	"\313\017\246\361\313\214y\304\315\244\013\363X\264\006"
 480      CB8C79C4 
 480      CDA40BF3 
 480      58B406
 481 05d5 41506B44 		.ascii	"APkD\327\276J\261\303yt\340cu\267\027\224+I\322\342"
 481      D7BE4AB1 
 481      C37974E0 
 481      6375B717 
 481      942B49D2 
 482 05ea 1EE2DE08 		.ascii	"\036\342\336\010\036\362+\2710\213\232\011\274\305\024"
 482      1EF22BB9 
 482      308B9A09 
 482      BCC514
 483 05f9 E965CC70 		.ascii	"\351e\314p+\022G%\242\336 q\330\223\263\375O\245\275"
 483      2B124725 
 483      A2DE2071 
ARM GAS  C:\Users\User\AppData\Local\Temp\ccNa8Vb2.s 			page 39


 483      D893B3FD 
 483      4FA5BD
 484 060c DC99C926 		.ascii	"\334\231\311&\035h69\177\366q*\217\213\251ib\013\216"
 484      1D683639 
 484      7FF6712A 
 484      8F8BA969 
 484      620B8E
 485 061f D5604D2C 		.ascii	"\325`M,q\307_\223S\221\363g9}\300\016\227\321\327\277"
 485      71C75F93 
 485      5391F367 
 485      397DC00E 
 485      97D1D7BF 
 486 0633 997F58AC 		.ascii	"\231\177X\254\304U\224IL\257\256V\340:\312\234\317J"
 486      C4559449 
 486      4CAFAE56 
 486      E03ACA9C 
 486      CF4A
 487 0645 89516203 		.ascii	"\211Qb\003e\362R\223a7o\246L\346\245{\213\326\270\225"
 487      65F25293 
 487      61376FA6 
 487      4CE6A57B 
 487      8BD6B895 
 488 0659 3217167F 		.ascii	"2\027\026\177\230\"g\322;$\317\304L\226\371\016\315"
 488      982267D2 
 488      3B24CFC4 
 488      4C96F90E 
 488      CD
 489 066a 322B9B1A 		.ascii	"2+\233\032\277\266\305w\251\005\223\317\346'X\033]\007"
 489      BFB6C577 
 489      A90593CF 
 489      E627581B 
 489      5D07
 490 067c 1A2B9DB9 		.ascii	"\032+\235\271\225\360A)`\240w$u\217\361o\241D\336\350"
 490      95F04129 
 490      60A07724 
 490      758FF16F 
 490      A144DEE8 
 491 0690 BADBC5FF 		.ascii	"\272\333\305\377\\*\010\353Q2X(\211_1\366;\222\343n"
 491      5C2A08EB 
 491      51325828 
 491      895F31F6 
 491      3B92E36E 
 492 06a4 A5F48E68 		.ascii	"\245\364\216h\360C:\304R\324\361IS&\273\\\350V+&\217"
 492      F0433AC4 
 492      52D4F149 
 492      5326BB5C 
 492      E8562B26 
 493 06b9 E9F06AAA 		.ascii	"\351\360j\252\351U\220d\364\223\\\2154\013j\300 \221"
 493      E9559064 
 493      F4935C8D 
 493      340B6AC0 
 493      2091
 494 06cb F3E7CAD5 		.ascii	"\363\347\312\325xT\034D1\373\352h\217\206\234g\246\015"
 494      78541C44 
 494      31FBEA68 
 494      8F869C67 
 494      A60D
ARM GAS  C:\Users\User\AppData\Local\Temp\ccNa8Vb2.s 			page 40


 495 06dd 84E79825 		.ascii	"\204\347\230%v\234\247\273G\026\310\312\344\235\320"
 495      769CA7BB 
 495      4716C8CA 
 495      E49DD0
 496 06ec 099ECD89 		.ascii	"\011\236\315\211&{\235*f\006\004!\336VT\353(\250E^X"
 496      267B9D2A 
 496      66060421 
 496      DE5654EB 
 496      28A8455E 
 497 0701 D1403C75 		.ascii	"\321@<u\346\230\264\250\372\327\231BU$\026\321\031\026"
 497      E698B4A8 
 497      FAD79942 
 497      552416D1 
 497      1916
 498 0713 D1CC86F9 		.ascii	"\321\314\206\371\246\\C\002\0230\253s\"\305\335\007"
 498      A65C4302 
 498      1330AB73 
 498      22C5DD07 
 499 0723 13A90839 		.ascii	"\023\251\0109mtv\242\233gW\205}\204(\226\210K\000\261"
 499      6D7476A2 
 499      9B675785 
 499      7D842896 
 499      884B00B1 
 500 0737 27F98D96 		.ascii	"'\371\215\226\262\322Tq\212Q\342\036i\232\"\001\223"
 500      B2D25471 
 500      8A51E21E 
 500      699A2201 
 500      93
 501 0748 299E8229 		.ascii	")\236\202)f\303\024\277\344\331\315o\242|\223\270k\003"
 501      66C314BF 
 501      E4D9CD6F 
 501      A27C93B8 
 501      6B03
 502 075a 4AB66BC3 		.ascii	"J\266k\303t^\225;\244E\221]\233\244y\361k\017\014V\237"
 502      745E953B 
 502      A445915D 
 502      9BA479F1 
 502      6B0F0C56 
 503 076f 296F6AE6 		.ascii	")oj\3467\202\006\021kj\300\255\032\236\254\331\232\316"
 503      37820611 
 503      6B6AC0AD 
 503      1A9EACD9 
 503      9ACE
 504 0781 225B3C4E 		.ascii	"\"[<N\303s\270\2510R\215\247(s\272\345r\223\022\277"
 504      C373B8A9 
 504      30528DA7 
 504      2873BAE5 
 504      729312BF 
 505 0795 A04C59FE 		.ascii	"\240LY\376\345v\036/R\246\240t*\001\341H\225\310L\307"
 505      E5761E2F 
 505      52A6A074 
 505      2A01E148 
 505      95C84CC7 
 506 07a9 14EA711C 		.ascii	"\024\352q\034\255Gg'\337\341\351\322\373\031\260\307"
 506      AD476727 
 506      DFE1E9D2 
 506      FB19B0C7 
ARM GAS  C:\Users\User\AppData\Local\Temp\ccNa8Vb2.s 			page 41


 507 07b9 E34E0D28 		.ascii	"\343N\015(\244\273\032\331\036\257v\345\226\251q\222"
 507      A4BB1AD9 
 507      1EAF76E5 
 507      96A97192 
 508 07c9 88B54BCE 		.ascii	"\210\265K\316K.\321"
 508      4B2ED1
 509 07d0 20E9AA40 		.ascii	" \351\252@\323\234sBt\024\370\357?iZ{\004\374w\036\346"
 509      D39C7342 
 509      7414F8EF 
 509      3F695A7B 
 509      04FC771E 
 510 07e5 5BC0AF95 		.ascii	"[\300\257\225\004\023\364\342\257M\350\213rt\024\317"
 510      0413F4E2 
 510      AF4DE88B 
 510      727414CF 
 511 07f5 1CBE043D 		.ascii	"\034\276\004=\306\240c\344\350h9z\206A\037\266\214\246"
 511      C6A063E4 
 511      E868397A 
 511      86411FB6 
 511      8CA6
 512 0807 AAB007E3 		.ascii	"\252\260\007\343\327\260\012.\320>)\256\257\203\323"
 512      D7B00A2E 
 512      D03E29AE 
 512      AF83D3
 513 0816 AF80D573 		.ascii	"\257\200\325s\201\276\001\372\026\250\020\350\032\320"
 513      81BE01FA 
 513      16A810E8 
 513      1AD0
 514 0824 55A0CB40 		.ascii	"U\240\313@\227\200\362\201\362Vb\237(``LqN\256\000s"
 514      9780F281 
 514      F256629F 
 514      2860604C 
 514      714EAE00 
 515 0839 FFA0E841 		.ascii	"\377\240\350AF\335X9zu\222C\340=\214\3603r\3705\271"
 515      46DD5839 
 515      7A759243 
 515      E03D8CF0 
 515      3372F835 
 516 084e F0C55F99 		.ascii	"\360\305_\231\3209\026\275\302\200\333\031\321g-\353"
 516      D03916BD 
 516      C280DB19 
 516      D1672DEB 
 517 085e BDA209AC 		.ascii	"\275\242\011\254\252\007\025\032\212?\015A\032gYsF\372"
 517      AA07151A 
 517      8A3F0D41 
 517      1A675973 
 517      46FA
 518 0870 88714510 		.ascii	"\210qE\020\361_Y\326|\325\305\247\214&E\005\362E\216"
 518      F15F59D6 
 518      7CD5C5A7 
 518      8C264505 
 518      F2458E
 519 0883 AA5AE6AF 		.ascii	"\252Z\346\257+q\232\030\220\374\323\223\243\371V\262"
 519      2B719A18 
 519      90FCD393 
 519      A3F956B2 
 520 0893 2CC7E84C 		.ascii	",\307\350LT\002>\3741\376\244\232\324\337\022\263\234"
ARM GAS  C:\Users\User\AppData\Local\Temp\ccNa8Vb2.s 			page 42


 520      54023EFC 
 520      31FEA49A 
 520      D4DF12B3 
 520      9C
 521 08a4 62105464 		.ascii	"b\020Td\332^\211^\242:\361\206\236${6\025)\346\331T"
 521      DA5E895E 
 521      A23AF186 
 521      9E247B36 
 521      1529E6D9 
 522 08b9 E4066F2B 		.ascii	"\344\006o+\275\002\330\222\270\314'v\370\014U\275\263"
 522      BD02D892 
 522      B8CC2776 
 522      F80C55BD 
 522      B3
 523 08ca 75BAD41E 		.ascii	"u\272\324\0369\333\322QZ{\326G\221\371\226\001\276\324"
 523      39DBD251 
 523      5A7BD647 
 523      91F99601 
 523      BED4
 524 08dc 340CBC0E 		.ascii	"4\014\274\016\305\032\322\321M\230\324\252\001\316v"
 524      C51AD2D1 
 524      4D98D4AA 
 524      01CE76
 525 08eb 0F65DB8B 		.ascii	"\017e\333\213G-\221\023\311\213Gm\353\361\013\006\274"
 525      472D9113 
 525      C98B476D 
 525      EBF10B06 
 525      BC
 526 08fc 664653C1 		.ascii	"fFS\301\223\214\246\234\2272\232\245\262\230\021\205"
 526      938CA69C 
 526      97329AA5 
 526      B2981185 
 527 090c 29A3A9AC 		.ascii	")\243\251\254\243\031\015\240\320\242)\011X\224g4\267"
 527      A3190DA0 
 527      D0A22909 
 527      58946734 
 527      B7
 528 091d 7892D1CC 		.ascii	"x\222\321\314\326\346\316J\231U2\271\2755\\J\357\264"
 528      D6E6CE4A 
 528      995532B9 
 528      BD355C4A 
 528      EFB4
 529 092f C6F9749F 		.ascii	"\306\371t\2379\223\331\020\311\343\353\224)\036i\254"
 529      3993D910 
 529      C9E3EB94 
 529      291E69AC 
 530 093f D750A440 		.ascii	"\327P\244@\22097\006\226\020\256\244\235U\365G\237#"
 530      90393706 
 530      9610AEA4 
 530      9D55F547 
 530      9F23
 531 0951 6CA04CEC 		.ascii	"l\240L\354\243\230\016\0119/\332p\"\277\304\216\356"
 531      A3980E09 
 531      392FDA70 
 531      22BFC48E 
 531      EE
 532 0962 4F55E2A5 		.ascii	"OU\342\245\260z\256\333\016\267Qp|q\307\003\005I\025"
ARM GAS  C:\Users\User\AppData\Local\Temp\ccNa8Vb2.s 			page 43


 532      B07AAEDB 
 532      0EB75170 
 532      7C71C703 
 532      054915
 533 0975 04C95CF0 		.ascii	"\004\311\\\360\226\311\027\015\344H\204\270G\233\305"
 533      96C9170D 
 533      E44884B8 
 533      479BC5
 534 0984 F32EA322 		.ascii	"\363.\243\"\243\310\336!Y\212\034G\205\270Y\327C\360"
 534      A3C8DE21 
 534      598A1C47 
 534      85B859D7 
 534      43F0
 535 0996 D0606FE4 		.ascii	"\320`o\344\035\214\357\020\364\211\322\301){\334C\307"
 535      1D8CEF10 
 535      F489D2C1 
 535      297BDC43 
 535      C7
 536 09a7 49A97939 		.ascii	"I\251y9k\203\037P\246\357\\\372\005\005\325pT\314{\227"
 536      6B831F50 
 536      A6EF5CFA 
 536      0505D570 
 536      54CC7B97 
 537 09bb 96A21578 		.ascii	"\226\242\025x\210vF\226\335O\221L2 ~\222\212L\313Q\341"
 537      88764696 
 537      DD4F914C 
 537      32207E92 
 537      8A4CCB51 
 538 09d0 E7B4F387 		.ascii	"\347\264\363\207\211\213S*<G\231\222G\031\225RF\324"
 538      898B532A 
 538      3C479992 
 538      47199552 
 538      46D4
 539 09e2 4DF89AD9 		.ascii	"M\370\232\331S\323\2668\302J\354<\234s\367\250\025N"
 539      53D3B638 
 539      C24AEC3C 
 539      9C73F7A8 
 539      154E
 540 09f4 A0CC6C6F 		.ascii	"\240\314lob\275-\316\240Lm\303P\207\032\177E\231\204"
 540      62BD2DCE 
 540      A04C6DC3 
 540      50871A7F 
 540      459984
 541 0a07 BAA27AE9 		.ascii	"\272\242z\351\372\334@\370\210\321+1\030\347\321N\243"
 541      FADC40F8 
 541      88D12B31 
 541      18E7D14E 
 541      A3
 542 0a18 E51C24CB 		.ascii	"\345\034$\313M\267\325\304[\343k\264\263%.\025\316\335"
 542      4DB7D5C4 
 542      5BE36BB4 
 542      B3252E15 
 542      CEDD
 543 0a2a 32CA2C9F 		.ascii	"2\312,\237\234\312\266\3055\224)?\1778O\215[(SVR^/]"
 543      9CCAB6C5 
 543      3594293F 
 543      7F384F8D 
ARM GAS  C:\Users\User\AppData\Local\Temp\ccNa8Vb2.s 			page 44


 543      5B285356 
 544 0a42 893793B3 		.ascii	"\2117\223\263\2435\261\317\026w\322\276\313\2431UV\270"
 544      A335B1CF 
 544      1677D2BE 
 544      CBA33155 
 544      56B8
 545 0a54 5F7AAB65 		.ascii	"_z\253e\241\300\036\017KLo\221\013\236\244\365\263\243"
 545      A1C01E0F 
 545      4B4C6F91 
 545      0B9EA4F5 
 545      B3A3
 546 0a66 A590F5CE 		.ascii	"\245\220\365\316S\346Q\377\223x{\034\241\026\231#\225"
 546      53E651FF 
 546      93787B1C 
 546      A1169923 
 546      95
 547 0a77 1915D638 		.ascii	"\031\025\3268\2012\265\003p\345K\247\365g\361U\367y"
 547      8132B503 
 547      70E54BA7 
 547      F567F155 
 547      F779
 548 0a89 9C4D99BC 		.ascii	"\234M\231\274\322\304GJ\3745e\206J\242_)\360%\312\344"
 548      D2C4474A 
 548      FC356586 
 548      4AA25F29 
 548      F025CAE4 
 549 0a9d 2F9D6EB3 		.ascii	"/\235n\263\306\205\224i\27390l\217K(3Vy\344\261\344"
 549      C6859469 
 549      BB39306C 
 549      8F4B2833 
 549      5679E4B1 
 550 0ab2 8474126D 		.ascii	"\204t\022m\005\235\003\003H\272\311[\223\376\204\323"
 550      059D0303 
 550      48BAC95B 
 550      93FE84D3 
 551 0ac2 390A7C53 		.ascii	"9\012|S\004\377\313\354p\324=\0252]\344W\216:\270\322"
 551      04FFCBEC 
 551      70D43D15 
 551      325DE457 
 551      8E3AB8D2 
 552 0ad6 AFFAD18D 		.ascii	"\257\372\321\215\355a\246\362ViNc\204\220\263I\334\333"
 552      ED61A6F2 
 552      56694E63 
 552      8490B349 
 552      DCDB
 553 0ae8 6A61F12E 		.ascii	"ja\361.\260\213\264Z~B\2657c\323N\373\\\016\2574\203"
 553      B08BB45A 
 553      7E42B537 
 553      63D34EFB 
 553      5C0EAF34 
 554 0afd 1B18F87D 		.ascii	"\033\030\370}9\274\2337;\"\032\031\374#9>\332\014_\315"
 554      39BC9B37 
 554      3B221A19 
 554      FC23393E 
 554      DA0C5FCD 
 555 0b11 E21FCBF1 		.ascii	"\342\037\313\361f\033\271\241\211\201\337\221\303[\315"
 555      661BB9A1 
ARM GAS  C:\Users\User\AppData\Local\Temp\ccNa8Vb2.s 			page 45


 555      8981DF91 
 555      C35BCD
 556 0b20 C42FB2F8 		.ascii	"\304/\262\370\032\313\306a\357\316cM\230^\236a\375\241"
 556      1ACBC661 
 556      EFCE634D 
 556      985E9E61 
 556      FDA1
 557 0b32 DB12DEB8 		.ascii	"\333\022\336\270*Q\235\334:\203\015\214\370Q\271x\263"
 557      2A519DDC 
 557      3A830D8C 
 557      F851B978 
 557      B3
 558 0b43 E3B68785 		.ascii	"\343\266\207\205?\225\303\315\022\225A\326\366\235r"
 558      3F95C3CD 
 558      129541D6 
 558      F69D72
 559 0b52 788FE58F 		.ascii	"x\217\345\217\211\343\240\3543Q\317\005\351\360\211"
 559      89E3A0EC 
 559      3351CF05 
 559      E9F089
 560 0b61 C4CE2811 		.ascii	"\304\316(\021;\24198\\^\001E@\375\010P\002\320\014\360"
 560      3BA13938 
 560      5C5E0145 
 560      40FD0850 
 560      02D00CF0 
 561 0b75 C7A04C06 		.ascii	"\307\240L\006\232\206\372\033\2408\250\277\2062\006"
 561      9A86FA1B 
 561      A038A8BF 
 561      863206
 562 0b84 CA282001 		.ascii	"\312( \001h\012\370X(\347\241<\014\345\022\224G\241"
 562      680AF858 
 562      28E7A13C 
 562      0CE51294 
 562      47A1
 563 0b96 8C079A85 		.ascii	"\214\007\232\205z\022\224\213P.\003\275\004\232\000"
 563      7A12948B 
 563      502E03BD 
 563      049A00
 564 0ba5 7A01F403 		.ascii	"z\001\364\003P4\364M\256JRzX\2574\231\005\225\334l\325"
 564      5034F44D 
 564      AE4A527A 
 564      58AF3499 
 564      0595DC6C 
 565 0bba 6CC87E27 		.ascii	"l\310~'\207w\311\3413\254\331:\344\360\357\315R66\002"
 565      8777C9E1 
 565      33ACD93A 
 565      E4F0EFCD 
 565      52363602 
 566 0bce 1FC8E1FD 		.ascii	"\037\310\341\375f!2\330\310\204\310\200<D\314\362\307"
 566      662132D8 
 566      C884C880 
 566      3C44CCF2 
 566      C7
 567 0bdf 4176AE06 		.ascii	"Av\256\006\313se\235n`\265\357\261\274\340\330\364\224"
 567      CB73659D 
 567      6E60B5EF 
 567      B1BCE0D8 
ARM GAS  C:\Users\User\AppData\Local\Temp\ccNa8Vb2.s 			page 46


 567      F494
 568 0bf1 0DA92796 		.ascii	"\015\251'\226#\220\315l\352\011\036\256z\013\274\374"
 568      2390CD6C 
 568      EA091EAE 
 568      7A0BBCFC 
 569 0c01 730F5C1C 		.ascii	"s\017\\\034\352\0158\357\252 @jN\016\243^\271\264>s"
 569      EA0D38EF 
 569      AA20406A 
 569      4E0EA35E 
 569      B9B43E73 
 570 0c15 6559CF54 		.ascii	"eY\317TY\366\014\213\037c'w\327rD\263\370\031vv#r\274"
 570      59F60C8B 
 570      1F632777 
 570      D77244B3 
 570      F8197676 
 571 0c2c 79C6C9BA 		.ascii	"y\306\311\272\262\317\262\372\314w\265\036\003\343\311"
 571      B2CFB2FA 
 571      CC77B51E 
 571      03E3C9
 572 0c3b 7B724F76 		.ascii	"{rOv\231\231\232\225\376\320r\240\260Q\313:\276\315"
 572      99999A95 
 572      FED072A0 
 572      B051CB3A 
 572      BECD
 573 0c4d F256C5EA 		.ascii	"\362V\305\352\316Nu\330\362TW\375[\302hJ\342\252v\313"
 573      CE4E75D8 
 573      F25457FD 
 573      5BC2684A 
 573      E2AA76CB 
 574 0c61 51CE9AB2 		.ascii	"Q\316\232\262\235\225?fq\357a\376\215ahd\244\017Y\336"
 574      9D953F66 
 574      71EF61FE 
 574      8D616864 
 574      A40F59DE 
 575 0c75 96D945D1 		.ascii	"\226\331E\321\316\356\233-rS6\233\235*\254)\007-\237"
 575      CEEE9B2D 
 575      7253369B 
 575      9D2AAC29 
 575      072D9F
 576 0c88 12C62BEA 		.ascii	"\022\306+\352\313\202\202~\033\234o-\246\255'\316\306"
 576      CB82827E 
 576      1B9C6F2D 
 576      A6AD27CE 
 576      C6
 577 0c99 1659CB32 		.ascii	"\026Y\3132n\343\216\207\322`\243\373\377\270\351I\377"
 577      6EE38E87 
 577      D260A3FB 
 577      FFB8E949 
 577      FF
 578 0caa D268C662 		.ascii	"\322h\306b\216\235\2127\240\024\274\222\314.\030S\371"
 578      8E9D8A37 
 578      A014BC92 
 578      CC2E1853 
 578      F9
 579 0cbb A10BE345 		.ascii	"\241\013\343E\253Ry\0024\245\217\351X\374\252HJ\362"
 579      AB527902 
 579      34A58FE9 
ARM GAS  C:\Users\User\AppData\Local\Temp\ccNa8Vb2.s 			page 47


 579      58FCAA48 
 579      4AF2
 580 0ccd 0932A6E3 		.ascii	"\0112\246\343\211\335\252\257\233\226\376\341\302\375"
 580      89DDAAAF 
 580      9B96FEE1 
 580      C2FD
 581 0cdb C5FFB680 		.ascii	"\305\377\266\200\250\361\245;\215V\354\270\031\253\306"
 581      A8F1A53B 
 581      8D56ECB8 
 581      19ABC6
 582 0cea 3D2E8D7B 		.ascii	"=.\215{\\\034\367jkn\206\265\305q\271\277~PH\202\310"
 582      5C1CF76A 
 582      6B6E86B5 
 582      C571B9BF 
 582      7E504882 
 583 0cff 7F3046A7 		.ascii	"\1770F\247G\262l4\322\267\274\330\277\370e\015eb\015"
 583      47B26C34 
 583      D2B7BCD8 
 583      BFF8650D 
 583      65620D
 584 0d12 49B28F4C 		.ascii	"I\262\217L\336\303\270D\014\007\364U\252\360-\375\300"
 584      DEC3B844 
 584      0C07F455 
 584      AAF02DFD 
 584      C0
 585 0d23 0AEA499F 		.ascii	"\012\352I\237\024\027{N\334U\212m\344r\362%\026\033"
 585      14177B4E 
 585      DC558A6D 
 585      E472F225 
 585      161B
 586 0d35 133A0AF2 		.ascii	"\023:\012\362\354\326\274\205\234\302\344\026r\022K"
 586      ECD6BC85 
 586      9CC2E416 
 586      72124B
 587 0d44 B790C274 		.ascii	"\267\220\302t\303 \202[H\025\275\205\274\276\371X\020"
 587      C320825B 
 587      4815BD85 
 587      BCBEF958 
 587      10
 588 0d55 C03E0A05 		.ascii	"\300>\012\005\001\242,\223\357\240\272\372\"\222\215"
 588      01A22C93 
 588      EFA0BAFA 
 588      22928D
 589 0d64 DFE6ECFC 		.ascii	"\337\346\354\374B\375\203\375\202\203\003\374\202B\202"
 589      42FD83FD 
 589      828303FC 
 589      824282
 590 0d73 F4EA5D1F 		.ascii	"\364\352]\037\375\336\321\335\325\225S\371\374\316\303"
 590      FDDED1DD 
 590      D59553F9 
 590      FCCEC3
 591 0d82 5FEFAFF0 		.ascii	"_\357\257\360\337\037\026\254\361\363;\024\024\242\337"
 591      DF1F16AC 
 591      F1F33B14 
 591      14A2DF
 592 0d91 E2E6A78F 		.ascii	"\342\346\247\217F\373\376c\357\276\317\202>\015\242"
 592      46FBFE63 
ARM GAS  C:\Users\User\AppData\Local\Temp\ccNa8Vb2.s 			page 48


 592      EFBECF82 
 592      3E0DA2
 593 0da0 CF70FDA1 		.ascii	"\317p\375\241\200 \235\353\266?m\361\373sPH\200\356"
 593      80209DEB 
 593      B63F6DF1 
 593      FB735048 
 593      80EE
 594 0db2 CFE16CFB 		.ascii	"\317\341l\373^\275N\027\034\276\367@\310!G\261\346\350"
 594      5EBD4E17 
 594      1CBEF740 
 594      C82147B1 
 594      E6E8
 595 0dc4 1F76D031 		.ascii	"\037v\3201\360\340\247\201\001\001\201\001{\267\276"
 595      F0E0A781 
 595      01018101 
 595      7BB7BE
 596 0dd3 BFC5D16D 		.ascii	"\277\305\321m\263\353\266?\272\356\205\366\367Bt!\201"
 596      B3EBB63F 
 596      BAEE85F6 
 596      F7427421 
 596      81
 597 0de4 EF05FA83 		.ascii	"\357\005\372\203\344\240\220}\301\207\002\002\367\036"
 597      E4A0907D 
 597      C1870202 
 597      F71E
 598 0df2 F4075921 		.ascii	"\364\007Y!\201{\375\002\002\367\373\037\012\326\373"
 598      817BFD02 
 598      02F7FB1F 
 598      0AD6FB
 599 0e01 E9BF080D 		.ascii	"\351\277\010\015\014\177\3773NmT\347\213\277\2436\341"
 599      0C7FFF33 
 599      4E6D54E7 
 599      8BBFA336 
 599      E1
 600 0e12 5F84EFF5 		.ascii	"_\204\357\365\013\327\007\300\320\240\002\326\005\204"
 600      0BD707C0 
 600      D0A002D6 
 600      0584
 601 0e20 29430F85 		.ascii	")C\017\205\006\204Y\351\302C\003\003\003\302T:\242^"
 601      068459E9 
 601      C2430303 
 601      03C2543A 
 601      A25E
 602 0e32 98F2A02E 		.ascii	"\230\362\240. 0\214\330\355\263\000w\243v\356\344\351"
 602      20308CD8 
 602      EDB30077 
 602      A376EEE4 
 602      E9
 603 0e43 6BAE1DD3 		.ascii	"k\256\035\323N\221\272p\327m[]t\341.\237\371\007\273"
 603      4E91BA70 
 603      D76D5B5D 
 603      74E12E9F 
 603      F907BB
 604 0e56 84EAC2F4 		.ascii	"\204\352\302\364\341.\276\037\177\270\305\315\305\333"
 604      E12EBE1F 
 604      7FB8C5CD 
 604      C5DB
ARM GAS  C:\Users\User\AppData\Local\Temp\ccNa8Vb2.s 			page 49


 605 0e64 DBC36597 		.ascii	"\333\303e\227\317\356=\177r#]F\237\201\"\016\341\372"
 605      CFEE3D7F 
 605      72235D46 
 605      9F81220E 
 605      E1FA
 606 0e76 83608A03 		.ascii	"\203`\212\003\241A:\277\360@\375\241P?\275\312g7\361"
 606      A1413ABF 
 606      F040FDA1 
 606      503FBDCA 
 606      6737F1
 607 0e89 9DCAC78B 		.ascii	"\235\312\307\213\026\273h\261\223\026\236\264\360\240"
 607      16BB68B1 
 607      93169EB4 
 607      F0A0
 608 0e97 853B2D76 		.ascii	"\205;-v\320b;-> \205\265\317vow]\310\376\240\003\177"
 608      D0623B2D 
 608      3E2085B5 
 608      CF766F77 
 608      5DC8FEA0 
 609 0ead 8779ECE3 		.ascii	"\207y\354\343\376a%\016a\026\007\302t\207B\211!\325"
 609      FE61250E 
 609      611607C2 
 609      74874289 
 609      21D5
 610 0ebf 413A52F8 		.ascii	"A:R\370\351m\203tD\314A\377\360?\370\351\025\333wj\275"
 610      E96D8374 
 610      44CC41FF 
 610      F03FF8E9 
 610      15DB776A 
 611 0ed4 C8C35BE1 		.ascii	"\310\303[\341\355\376\201V\261\303W\253E\377\215\274"
 611      EDFE8156 
 611      B1C357AB 
 611      45FF8DBC 
 612 0ee4 94FB8203 		.ascii	"\224\373\202\003\375\303\244pu\335\352\247W\033+\030"
 612      FDC3A470 
 612      75DDEAA7 
 612      571B2B18 
 613 0ef4 84E23D1E 		.ascii	"\204\342=\036Z\274\333C\253\364\371\275\217\207\326"
 613      5ABCDB43 
 613      ABF4F9BD 
 613      8F87D6
 614 0f03 6A8FAF8F 		.ascii	"j\217\257\217\247\247\207V\265\347\343\377\361\361\324"
 614      A7A78756 
 614      B5E7E3FF 
 614      F1F1D4
 615 0f12 2A3FDCE3 		.ascii	"*?\334\343\341\251\305;\264Z[\306\240z\015\0356(\000"
 615      E1A9C53B 
 615      B45A5BC6 
 615      A07A0D1D 
 615      362800
 616 0f25 6479B87F 		.ascii	"dy\270\177\340\276s\227\326U\343\343\355\355\273}7\251"
 616      E0BE7397 
 616      D655E3E3 
 616      EDEDBB7D 
 616      37A9
 617 0f37 93EA6E37 		.ascii	"\223\352n7_RU\372\372\272\357\322Zk=}=\265\237xzl\305"
 617      5F5255FA 
ARM GAS  C:\Users\User\AppData\Local\Temp\ccNa8Vb2.s 			page 50


 617      FABAEFD2 
 617      5A6B3D7D 
 617      3DB59F78 
 618 0f4e EEBEA098 		.ascii	"\356\276\240\230\207\273\251\351\027\326\333}v\270y"
 618      87BBA9E9 
 618      17D6DB7D 
 618      76B879
 619 0f5d FB787EA4 		.ascii	"\373x~\244%5WZ3\366\376\334z\273\327\216-R\257\327\012"
 619      2535575A 
 619      33F6FEDC 
 619      7ABBD78E 
 619      2D52AFD7 
 620 0f72 CE4B8EDB 		.ascii	"\316K\216\333bE\244@\013)]\331\0367+\"A\354\361\222"
 620      6245A440 
 620      0B295DD9 
 620      1E372B22 
 620      41ECF192 
 621 0f86 105EAB11 		.ascii	"\020^\253\021\256j\362\256\326\367c-\251\270\222\312"
 621      AE6AF2AE 
 621      D6F7632D 
 621      A9B892CA 
 622 0f96 4ADF6635 		.ascii	"J\337f5y\233\366y\031A"
 622      799BF679 
 622      1941
 623 0fa0 5E1484DD 		.ascii	"^\024\204\335wk\025d\222V0_R\362\356Z\2439\334\016\374"
 623      776B1564 
 623      9256305F 
 623      52F2EE5A 
 623      A339DC0E 
 624 0fb5 88E8D8A7 		.ascii	"\210\350\330\247;xP\027\342\022\370\271\336\305\375"
 624      3B785017 
 624      E212F8B9 
 624      DEC5FD
 625 0fc4 43DFDDBE 		.ascii	"C\337\335\276\020$4Nvn\373\374s\027\321\021\373\267"
 625      1024344E 
 625      766EFBFC 
 625      7317D111 
 625      FBB7
 626 0fd6 6D853A04 		.ascii	"m\205:\004\272\215\326\335\335\357cXb\036\201\373\325"
 626      BA8DD6DD 
 626      DDEF6358 
 626      621E81FB 
 626      D5
 627 0fe7 64AF221E 		.ascii	"d\257\"\036\372?Z\010j\273"
 627      FA3F5A08 
 627      6ABB
 628              		.text
 629              		.section	.gnu.lto_.symtab.ae02da73,"",%progbits
 630 0000 5F70616C 		.ascii	"_pal_lld_init\000"
 630      5F6C6C64 
 630      5F696E69 
 630      7400
 631 000e 00       		.ascii	"\000"
 632 000f 00       		.ascii	"\000"
 633 0010 00       		.ascii	"\000"
 634 0011 00000000 		.ascii	"\000\000\000\000\000\000\000\000"
 634      00000000 
ARM GAS  C:\Users\User\AppData\Local\Temp\ccNa8Vb2.s 			page 51


 635 0019 F9000000 		.ascii	"\371\000\000\000"
 636 001d 5F70616C 		.ascii	"_pal_lld_setgroupmode\000"
 636      5F6C6C64 
 636      5F736574 
 636      67726F75 
 636      706D6F64 
 637 0033 00       		.ascii	"\000"
 638 0034 00       		.ascii	"\000"
 639 0035 00       		.ascii	"\000"
 640 0036 00000000 		.ascii	"\000\000\000\000\000\000\000\000"
 640      00000000 
 641 003e 3E010000 		.ascii	">\001\000\000"
 642              		.text
 643              		.section	.gnu.lto_.opts,"",%progbits
 644 0000 272D666D 		.ascii	"'-fmath-errno' '-fsigned-zeros' '-ftrapping-math' '"
 644      6174682D 
 644      6572726E 
 644      6F272027 
 644      2D667369 
 645 0033 2D666E6F 		.ascii	"-fno-trapv' '-fno-openmp' '-fno-openacc' '-mcpu=cor"
 645      2D747261 
 645      70762720 
 645      272D666E 
 645      6F2D6F70 
 646 0066 7465782D 		.ascii	"tex-m7' '-mno-thumb-interwork' '-mthumb' '-ggdb' '-"
 646      6D372720 
 646      272D6D6E 
 646      6F2D7468 
 646      756D622D 
 647 0099 4F322720 		.ascii	"O2' '-fomit-frame-pointer' '-falign-functions=16' '"
 647      272D666F 
 647      6D69742D 
 647      6672616D 
 647      652D706F 
 648 00cc 2D666675 		.ascii	"-ffunction-sections' '-fdata-sections' '-fno-common"
 648      6E637469 
 648      6F6E2D73 
 648      65637469 
 648      6F6E7327 
 649 00ff 2720272D 		.ascii	"' '-flto'\000"
 649      666C746F 
 649      2700
 650              		.text
 651              		.comm	__gnu_lto_v1,1,1
 652              		.comm	__gnu_lto_slim,1,1
 653              		.ident	"GCC: (GNU Tools for ARM Embedded Processors 6-2017-q1-update) 6.3.1 20170215 (release) [AR
ARM GAS  C:\Users\User\AppData\Local\Temp\ccNa8Vb2.s 			page 52


DEFINED SYMBOLS
                            *ABS*:00000000 hal_pal_lld.c
                            *COM*:00000001 __gnu_lto_v1
                            *COM*:00000001 __gnu_lto_slim

NO UNDEFINED SYMBOLS
