ARM GAS  C:\Users\User\AppData\Local\Temp\ccETI8ZM.s 			page 1


   1              		.cpu cortex-m7
   2              		.eabi_attribute 20, 1
   3              		.eabi_attribute 21, 1
   4              		.eabi_attribute 23, 3
   5              		.eabi_attribute 24, 1
   6              		.eabi_attribute 25, 1
   7              		.eabi_attribute 26, 1
   8              		.eabi_attribute 30, 2
   9              		.eabi_attribute 34, 1
  10              		.eabi_attribute 18, 4
  11              		.file	"hal_pal.c"
  12              		.text
  13              	.Ltext0:
  14              		.section	.gnu.lto_.profile.ae02e99e,"",%progbits
  15 0000 789C6365 		.ascii	"x\234ce`b`a```d\320\220\001\000\000\354\000Q"
  15      60626061 
  15      60606064 
  15      D0900100 
  15      00EC0051 
  16              		.text
  17              		.section	.gnu.lto_.icf.ae02e99e,"",%progbits
  18 0000 789C6365 		.ascii	"x\234ce`b\020a@\000f\206\343\227n\235fc\334\276\377"
  18      60621061 
  18      40006686 
  18      E3976E9D 
  18      6663DCBE 
  19 0015 D00F76A6 		.ascii	"\320\017v\246u;\036\256\342e\000\000hQ\011\233"
  19      753B1EAE 
  19      E2650000 
  19      6851099B 
  20              		.text
  21              		.section	.gnu.lto_.jmpfuncs.ae02e99e,"",%progbits
  22 0000 789C6365 		.ascii	"x\234ce`bPb@\000f\006FF\306zF&FF\346\372z&0\305\310"
  22      60625062 
  22      40006606 
  22      4646C67A 
  22      46264646 
  23 001b 069162AA 		.ascii	"\006\221b\252d\004Q\0009\324\002\300"
  23      64045100 
  23      39D402C0 
  24              		.text
  25              		.section	.gnu.lto_.inline.ae02e99e,"",%progbits
  26 0000 789C6365 		.ascii	"x\234ce`b\370\316\200\000\314\014\014\234\034\214\314"
  26      6062F8CE 
  26      8000CC0C 
  26      0C9C1C8C 
  26      CC
  27 0011 0C0A8C20 		.ascii	"\014\012\214 &\210t\000\223\012\034l\037\364\030\330"
  27      26887400 
  27      930A1C6C 
  27      1FF418D8 
  28 0021 16C83331 		.ascii	"\026\310310\276`g\201\220 \202\003\314\344\000\021\002"
  28      30BE6067 
  28      81902082 
  28      03CCE400 
  28      1102
  29 0033 60A600C8 		.ascii	"`\246\000\310\030F\006>^F\026\210)\214@\022b\224\002"
ARM GAS  C:\Users\User\AppData\Local\Temp\ccETI8ZM.s 			page 2


  29      1846063E 
  29      5E461688 
  29      298C4012 
  29      629402
  30 0046 C4406EA6 		.ascii	"\304@n\246\013\374\030F\001\305P\014aY /\001b)010\357"
  30      0BFC1846 
  30      01C5500C 
  30      6159202F 
  30      01622930 
  31 005d 10576000 		.ascii	"\020W`\000Zo\0012\231\211\201[\030\305}PC9\201r\304"
  31      5A6F0132 
  31      9989815B 
  31      18C57D50 
  31      43398172 
  32 0072 390F6893 		.ascii	"9\017h\223\004\310$\026^\240w'\370\201 \003\000\006"
  32      04C82416 
  32      5EA07727 
  32      F8812003 
  32      0006
  33 0084 0820CB   		.ascii	"\010 \313"
  34              		.text
  35              		.section	.gnu.lto_.pureconst.ae02e99e,"",%progbits
  36 0000 789C6365 		.ascii	"x\234ce`b`g```f\220b\224b\222\004\000\001\307\000b"
  36      60626067 
  36      60606066 
  36      90629462 
  36      92040001 
  37              		.text
  38              		.section	.gnu.lto_palReadBus.ae02e99e,"",%progbits
  39 0000 789C9591 		.ascii	"x\234\225\221\277O\024Q\020\307\347\373fowO\321\177"
  39      BF4F1451 
  39      10C7E7FB 
  39      666F774F 
  39      D17F
  40 0012 408A2B4C 		.ascii	"@\212+L\010\215\033b\"\211-\211\235\211\011-\011\201"
  40      088D1B62 
  40      22892D89 
  40      9D89092D 
  40      0981
  41 0024 A3E012E2 		.ascii	"\243\340\022\342\031W\244\344\335\012\250\020\301\020"
  41      1957A4E4 
  41      DD0AA810 
  41      C110
  42 0032 F5FC756E 		.ascii	"\365\374un\241\004Q\371\351\217\202\352\002&&&\376\200"
  42      A10451F9 
  42      E98F82EA 
  42      02262626 
  42      FE80
  43 0044 C6CA48D0 		.ascii	"\306\312H\320\346\022-\274\306\306\2403\273\220\\AC"
  43      E6122DBC 
  43      C6C6A033 
  43      BB905C41 
  43      43
  44 0055 B1F366E6 		.ascii	"\261\363f\346\315|f\276\3732d(4D\235DtL>0\301\334\374"
  44      CD7C66BE 
  44      FB326428 
  44      34449D44 
ARM GAS  C:\Users\User\AppData\Local\Temp\ccETI8ZM.s 			page 3


  44      744C3E30 
  45 006c 4854F20D 		.ascii	"HT\362\015\240\216\365A\303\006\303\230\3422ccd\351"
  45      A08EF541 
  45      C306C398 
  45      E2326363 
  45      64E9
  46 007e 214F722C 		.ascii	"!Or,e\216\204\277?\334\377~TC '\341\003\273y\335k\235"
  46      658E84BF 
  46      3FDCFF7E 
  46      54432027 
  46      E103BB79 
  47 0095 B536B2D5 		.ascii	"\2656\262\325\362\264\373h\345\263\315\306l\350\236"
  47      F2B4FB68 
  47      E5B3CDC6 
  47      6CE89E
  48 00a4 943F4533 		.ascii	"\224?E3f\321\2543\346\320*\305\243\033\3451\346s \361"
  48      66D1AC33 
  48      E6D02AC5 
  48      A31BE531 
  48      E67320F1 
  49 00b8 BF7EDB9A 		.ascii	"\277~\333\232\363[f\222\306\267\267\330\036\217\231"
  49      F35B6692 
  49      C6B7B7D8 
  49      1E8F99
  50 00c7 F10CDCD8 		.ascii	"\361\014\334\330()\302s\264h\375\366\362\316\355#\256"
  50      2829C273 
  50      B468FDF6 
  50      F2CEED23 
  50      AE
  51 00d8 F39849D9 		.ascii	"\363\230I\331\202|\001\027r.n\242jw\376]\265\325\237"
  51      827C0117 
  51      722E6EA2 
  51      6A77FE5D 
  51      B5D59F
  52 00eb 4F503993 		.ascii	"OP9\223\025\015\322\301\322\3538b2\0311\256\253\236"
  52      150DD2C1 
  52      D2EB3862 
  52      321931AE 
  52      AB9E
  53 00fd A7C627DD 		.ascii	"\247\306'\335\216\306\005\241R'$\220\223k\210Vk7\326"
  53      8EC605A1 
  53      52272490 
  53      936B8856 
  53      6B37D6
  54 0110 5DA55658 		.ascii	"]\245VXe\337\031]\373\344\251NN\326\375\363\356\375"
  54      65DF195D 
  54      FBE4A94E 
  54      4ED6FDF3 
  54      EEFD
  55 0122 B5A61895 		.ascii	"\265\246\030\225\222\2656\027\263Wa\203y\325&w3?\242"
  55      92B53617 
  55      B3576183 
  55      79D52677 
  55      333FA2
  56 0135 052F98B7 		.ascii	"\005/\230\267\351\225\217\005\304\270\253;\022\026\021"
  56      E9958F05 
  56      C4B8AB3B 
ARM GAS  C:\Users\User\AppData\Local\Temp\ccETI8ZM.s 			page 4


  56      121611
  57 0144 500D6BAB 		.ascii	"P\015k\253\331\024\3544\202\375\375\300Y\231\216\245"
  57      D914EC34 
  57      82FDFDC0 
  57      59998EA5 
  58 0154 5DF0977A 		.ascii	"]\360\227z}\275I\300#%\275:\204\345\004\254\252\261"
  58      7DBD49C0 
  58      2325BD3A 
  58      84E504AC 
  58      AAB1
  59 0166 9280A33D 		.ascii	"\222\200\243=p\346@+\036\306\313\204d\224\364*!]\251"
  59      70E6402B 
  59      1EC6CB84 
  59      6494F42A 
  59      215DA9
  60 0179 8F2145E9 		.ascii	"\217!E\351\232\002l\244{\007\242\033\274N\350\311+\275"
  60      9A026CA4 
  60      7B07A21B 
  60      BC4EE8C9 
  60      2BBD
  61 018b 49E97FF7 		.ascii	"I\351\177\367\350~2\300\243_\210r\273\031\375Q\343\242"
  61      E87E32C0 
  61      A35F8872 
  61      BB19FD51 
  61      E3A2
  62 019d 4ADE4116 		.ascii	"J\336A\026:\333q\272+\337_\350-tu\250\355\2744\330W"
  62      3ADB71BA 
  62      2BDF5FE8 
  62      2D7475A8 
  62      EDBC34D8 
  63 01b2 28B6B55F 		.ascii	"(\266\265_>\331=T8\337W\034\012\033\363ie1lk?\025\024"
  63      3ED93D54 
  63      38DF571C 
  63      0A1BF369 
  63      65316C6B 
  64 01c9 C3A0BF67 		.ascii	"\303\240\277g \010/\346\365\354\276\3203p\"O\334;\030"
  64      20082FE6 
  64      F5ECBED0 
  64      3370224F 
  64      DC3B18
  65 01dc FE078082 		.ascii	"\376\007\200\202\333\243"
  65      DBA3
  66              		.text
  67              		.section	.gnu.lto_palWriteBus.ae02e99e,"",%progbits
  68 0000 789C9553 		.ascii	"x\234\225SKh\023Q\024}g\336d2\223\217\272\024\354\242"
  68      4B681351 
  68      147D67DE 
  68      6432938F 
  68      BA14ECA2 
  69 0014 0B2174E3 		.ascii	"\013!t\343P\004\013n\013\356\024A\027.\012\245I\027"
  69      50040B6E 
  69      0BEE1441 
  69      172E0AA5 
  69      4917
  70 0026 0D1423A6 		.ascii	"\015\024#\246\265\313Nb\223J\213\037\220&U\032F\224"
  70      B5CB4E62 
  70      934A8B1F 
ARM GAS  C:\Users\User\AppData\Local\Temp\ccETI8ZM.s 			page 5


  70      9026551A 
  70      4694
  71 0038 5AA3F6E7 		.ascii	"Z\243\366\347?]H\210\213\202T\245]\350FQl\025\272\020"
  71      3F5D4888 
  71      8B8254A5 
  71      5DE84651 
  71      6C15BA10 
  72 004c 6A117421 		.ascii	"j\021t!\211\367\276i4\212\233>x\367\275\373;\357\336"
  72      89F7BE69 
  72      348A9B3E 
  72      78F7BDFB 
  72      3BEFDE
  73 005f 73677C42 		.ascii	"sg|B\023G\244\020'\204\020{hC\012h\227^\012\22125\200"
  73      1347A410 
  73      2784107B 
  73      68430A68 
  73      975E0A91 
  74 0076 2F8E0931 		.ascii	"/\216\0111\250a\020\027e^\2422\374\271\244\265L9\264"
  74      A8611017 
  74      655EA232 
  74      FCB9A4B5 
  74      4C39B4
  75 0089 CAF96F46 		.ascii	"\312\371oF\326\311\354v)\375\012m^\230B\013E-\017\315"
  75      D6C9EC76 
  75      29FD0A6D 
  75      5E98420B 
  75      452D0FCD 
  76 009d 4DC80BD2 		.ascii	"M\310\013\322\225\200N\352\327\027WWw\260\252\241\231"
  76      95804EEA 
  76      D7175757 
  76      77B0AAA1 
  76      99
  77 00ae D4CC723E 		.ascii	"\324\314r>+\345Q\010\272\277{\377\241hF&\035'\355\224"
  77      2BE55108 
  77      BABF7BFF 
  77      A1684626 
  77      1D27ED94 
  78 00c2 972E4B67 		.ascii	"\227.Kg\257+%nC\022 \212h\302-4\0112\011\334A\204\302"
  78      AF2B256E 
  78      4312208A 
  78      68C22D34 
  78      093209DC 
  79 00d9 0BD5EB8B 		.ascii	"\013\325\353\213Ay\\\245\226\334\211\242\261\225\372"
  79      41795CA5 
  79      96DC89A2 
  79      B195FA
  80 00e8 764CA5EA 		.ascii	"vL\245\352\270\373o\252.0\215\010\307\177\234\257\216"
  80      B8FB6FAA 
  80      2E308D08 
  80      C77F9CAF 
  80      8E
  81 00f9 850DFD46 		.ascii	"\205\015\375F\275\\\314\300\000\235\263+(;\325\3320"
  81      BD5CCCC0 
  81      009DB32B 
  81      283BD5DA 
  81      30
  82 010a 157013B5 		.ascii	"\025p\023\265C;\251ozLR\256O\007'\373\350j\030,\374"
ARM GAS  C:\Users\User\AppData\Local\Temp\ccETI8ZM.s 			page 6


  82      433BA96F 
  82      7A4C52AE 
  82      4F0727FB 
  82      E86A182C 
  83 011f 2C4C127E 		.ascii	",L\022~\213E\200\325 \213\020\2130\013!F\010\234\211"
  83      8B4580D5 
  83      208B108B 
  83      300B2146 
  83      089C89
  84 0132 1B951A9F 		.ascii	"\033\225\032\237r\035\351\205\365\2471~\256 \231\303"
  84      721DE985 
  84      F5A7317E 
  84      AE2099C3 
  85 0142 5CA6F2CA 		.ascii	"\\\246\362\312\317tH\325\307\367\305\347\347B.\012)"
  85      CF7448D5 
  85      C7F7C5E7 
  85      E7422E0A 
  85      29
  86 0153 E2B4D995 		.ascii	"\342\264\331\225f\201h\232\245\332\3317\271\226\236"
  86      6681689A 
  86      A5DAD937 
  86      B9969E
  87 0162 F1DBD38E 		.ascii	"\361\333\323\216\347\2620\007\027\343\212k\314\303\026"
  87      E7B23007 
  87      17E38A6B 
  87      CCC316
  88 0171 045DCDC2 		.ascii	"\004]\315\302C\366\025\250W~\313\362tc[\320:\356)h&"
  88      43F615A8 
  88      577ECBF2 
  88      74635BD0 
  88      3AEE2968 
  89 0186 04F715F4 		.ascii	"\004\367\025\364\331\237uh\277B7\032\321\315m\241\007"
  89      D99F7568 
  89      BF42371A 
  89      D1CD6DA1 
  89      07
  90 0197 F040A16B 		.ascii	"\360@\241k\214\376\320C\317\325\321-\017mec\251\020"
  90      8CFED043 
  90      CFD5D12D 
  90      0F6D6563 
  90      A910
  91 01a9 6456FCD8 		.ascii	"dV\374\330\205G\004C1\033\365\230\200*\302\372\253\252"
  91      85470443 
  91      311BF598 
  91      802AC2FA 
  91      ABAA
  92 01bb 2035EC55 		.ascii	" 5\354U\365'.\244\314&\333~\324ma\225\036\"[%\247\252"
  92      F5272EA4 
  92      CC26DB7E 
  92      D46D6195 
  92      1E225B25 
  93 01d1 6F1C81F5 		.ascii	"o\034\201\365\277\021\020\204\304\343\255N\336ln>\013"
  93      BF111084 
  93      C4E3AD4E 
  93      DE6C6E3E 
  93      0B
  94 01e2 51274329 		.ascii	"Q'C)v\205\360Du\3023 \347\350\332\247\327\276\337\316"
ARM GAS  C:\Users\User\AppData\Local\Temp\ccETI8ZM.s 			page 7


  94      7685F044 
  94      75C23320 
  94      E7E8DAA7 
  94      D7BEDFCE 
  95 01f6 304AB0C7 		.ascii	"0J\260\307i\014\324\345\002lzZ|A\372Z\355\274\252D\375"
  95      690CD4E5 
  95      026C7A5A 
  95      7C41FA5A 
  95      EDBCAA44 
  96 020b 2023C430 		.ascii	" #\3040}\024D\304\341\366\203\035\261\236x4\336\321"
  96      7D1444C4 
  96      E1F6831D 
  96      B19E7834 
  96      DED1
  97 021d CEF2585F 		.ascii	"\316\362X_\177w<\321\332vf\177\347@\374dwb \331h\367"
  97      7F773CD1 
  97      DA76667F 
  97      E740FC64 
  97      776220D9 
  98 0233 2213C9D6 		.ascii	"\"\023\311\326\266\003v\"i\367t\365\332\311\3231>;O"
  98      B6037622 
  98      69F774F5 
  98      DAC9D331 
  98      3E3B4F
  99 0246 75F5EE8B 		.ascii	"u\365\356\213\011\031\355O\352\321x_\362\027\374|\034"
  99      0919ED4F 
  99      EAD1785F 
  99      F217FC7C 
  99      1C
 100 0257 10       		.ascii	"\020"
 101              		.text
 102              		.section	.gnu.lto_palSetBusMode.ae02e99e,"",%progbits
 103 0000 789C9592 		.ascii	"x\234\225\222OhSA\020\306\347{\363\222\367b[\317\202"
 103      4F685341 
 103      10C6E77B 
 103      F392F762 
 103      5BCF82
 104 0013 3DE42084 		.ascii	"=\344 \204^|\024\301\202\327\036<\011\202\036z(\224"
 104      5E7C14C1 
 104      82D71E3C 
 104      09821E7A 
 104      2894
 105 0025 36111AA8 		.ascii	"6\021\032\250F|\326\036\263\215&\225\012\255Pj\254\030"
 105      467CD61E 
 105      B38D2695 
 105      0AAD506A 
 105      AC18
 106 0037 9E20A156 		.ascii	"\236 \241V\355?\253B\024!\364\"\370\227\366\252EQ\021"
 106      ED3FAB42 
 106      1421F422 
 106      F897F6AA 
 106      455111
 107 004a 8A162A1E 		.ascii	"\212\026*\036\274huf\243\240\336\272\260\273\263\273"
 107      BC687566 
 107      A3A0DEBA 
 107      B0BBB3BB 
 108 005a F3FD76F6 		.ascii	"\363\375v\366cc\344P\306!\352\"\242\335\322\301\004"
ARM GAS  C:\Users\User\AppData\Local\Temp\ccETI8ZM.s 			page 8


 108      6363E450 
 108      C621EA22 
 108      A2DDD2C1 
 108      04
 109 006b E7E20BA2 		.ascii	"\347\342\013\242a\337\00140>(\357 \217q.3\226G>\326"
 109      61DF0134 
 109      303E28EF 
 109      208F712E 
 109      3396473E 
 110 0080 9CB66923 		.ascii	"\234\266i#\255^^\365J\246\270+b\242)\351\3320\2156\311"
 110      AD5E5EF5 
 110      4AA6B82B 
 110      62A229E9 
 110      DA308D36 
 111 0095 5A39B770 		.ascii	"Z9\267p\225\3078b\300\225\345\227\347W\336\357\324\245"
 111      95C73862 
 111      C095E597 
 111      E757DEEF 
 111      D4A5
 112 00a7 83A42C8B 		.ascii	"\203\244,\213+\345\022\363a\220\304ko\336\316\370\251"
 112      2BE512F3 
 112      6190C46B 
 112      6FDECEF8 
 112      A9
 113 00b8 AA310553 		.ascii	"\2521\005S\177=\301fO\304\214\233`\001b\006\255\270"
 113      7F3DC166 
 113      4FC48C9B 
 113      60016206 
 113      ADB8
 114 00ca 8156922D 		.ascii	"\201V\222-\302-\244$\375\353Ru\242\211\217Z\351\323"
 114      C22DA424 
 114      FDEB5275 
 114      A2898F5A 
 114      E9D3
 115 00dc B1475DBF 		.ascii	"\261G]\277\225\317&\255\322\305\355\377\225.a\026)M"
 115      95CF26AD 
 115      D2C5EDFF 
 115      952E6116 
 115      294D
 116 00ee 7FB7B835 		.ascii	"\177\267\2705\331\022w\257\377\251\026s\210C\346\371"
 116      D91277AF 
 116      FFA91673 
 116      8843E6F9 
 117 00fe 55D4CDD6 		.ascii	"U\324\315\326\317\021S\377^\305\332\301\204<[\356b\321"
 117      CF1153FF 
 117      5EC5DAC1 
 117      843C5BEE 
 117      62D1
 118 0110 C65C19E2 		.ascii	"\306\\\031\3421\031\274\270F\036,\213FE\256\316\\`G"
 118      3119BCB8 
 118      461E2C8B 
 118      4645AECE 
 118      5C6047
 119 0123 675E47E1 		.ascii	"g^G\341\301\372FZ\201\025V\223.\025\227_z\372^\266\205"
 119      C1FA465A 
 119      81155693 
 119      2E15975F 
ARM GAS  C:\Users\User\AppData\Local\Temp\ccETI8ZM.s 			page 9


 119      7AFA5EB6 
 120 0138 7E7BFCE4 		.ascii	"~{\374\344|s\204\312\260\230\226\214\330\257\210\017"
 120      7C7384CA 
 120      B098968C 
 120      D8AF880F 
 121 0148 F3529D9E 		.ascii	"\363R\235\236U?\024\346\274`\3264\216\022X@\204\313"
 121      553F14E6 
 121      BC60D634 
 121      8E125840 
 121      84CB
 122 015a D64C2C22 		.ascii	"\326L,\" E'\032`w[\244\035\270cI\372B,\375K\212m\213"
 122      2045271A 
 122      60775BA4 
 122      1DB86349 
 122      FA422CFD 
 123 0172 D484BB96 		.ascii	"\324\204\273\226\344(\351\236%\235\335,\241\201\322"
 123      E428E99E 
 123      259DDD2C 
 123      A181D2
 124 0181 BA04489F 		.ascii	"\272\004H\237PJ\352\216\312k\265\317\257\274\374\017"
 124      504AEA8E 
 124      CA6BB5CF 
 124      AFBCFC0F 
 125 0191 E347DC3C 		.ascii	"\343G\334<\245\005\340>\362$\316\330t/\342\026\332@"
 125      A505E03E 
 125      F224CED8 
 125      742FE216 
 125      DA40
 126 01a3 E1DAC371 		.ascii	"\341\332\303q\313\260\337fT\322\304I\271\342P\347\201"
 126      CBB0DF66 
 126      54D2C449 
 126      B9E250E7 
 126      81
 127 01b4 EE747FB6 		.ascii	"\356t\177\266/\333\335\251\343\221\323\203\231l\256"
 127      2FDBDDA9 
 127      E391D383 
 127      996CAE
 128 01c3 BDE3CCBE 		.ascii	"\275\343\314\276\236\241\354\211Ln(\374{\277\221\231"
 128      9EA1EC89 
 128      4C6E28FC 
 128      7BBF9199 
 129 01d3 0BDB3BF6 		.ascii	"\013\333;\366\007\2710\350\357\035\010\302Si\235{N\366"
 129      07B930E8 
 129      EF1D08C2 
 129      53699D7B 
 129      4EF6
 130 01e5 0EEC4D13 		.ascii	"\016\354M\023\367\015\206\356\361\\\346\330/\222\247"
 130      F70D86EE 
 130      F15CE6D8 
 130      2F92A7
 131 01f4 D982     		.ascii	"\331\202"
 132              		.text
 133              		.section	.gnu.lto_.symbol_nodes.ae02e99e,"",%progbits
 134 0000 789C6365 		.ascii	"x\234ce`b\010d\000\002\2469L\365\014\014\023\31610\000"
 134      60620864 
 134      0002A639 
 134      4CF50C0C 
ARM GAS  C:\Users\User\AppData\Local\Temp\ccETI8ZM.s 			page 10


 134      13CE3130 
 135 0015 A95D0D8E 		.ascii	"\251]\015\216@\221\271L\365\214\250\"\363\230\352\231"
 135      4091B94C 
 135      F58CA822 
 135      F398EA99 
 136 0025 50441817 		.ascii	"PD\030\0272\3253\203E\030\030\032\032\034\030\030\230"
 136      32D53383 
 136      4518181A 
 136      1A1C1818 
 136      98
 137 0036 99981996 		.ascii	"\231\230\031\226<\374\307\310\000\000A\023\024\024"
 137      3CFCC7C8 
 137      00004113 
 137      1414
 138              		.text
 139              		.section	.gnu.lto_.refs.ae02e99e,"",%progbits
 140 0000 789C6365 		.ascii	"x\234ce`b`d\000\002\000\000I\000\011"
 140      60626064 
 140      00020000 
 140      490009
 141              		.text
 142              		.section	.gnu.lto_.decls.ae02e99e,"",%progbits
 143 0000 789CBD58 		.ascii	"x\234\275X{P\024G\032\237oz\027\226aA\013\274\234U1"
 143      7B501447 
 143      1A9F6F7A 
 143      17966141 
 143      0BBC9C55 
 144 0015 292E4774 		.ascii	").Gt\357\352\"\242W1\271$U^\324\304\324\231\303[\363"
 144      EFEA22A2 
 144      5731B924 
 144      555ED4C4 
 144      D499C35B 
 145 002a B8ABA26A 		.ascii	"\270\253\242j\213\260k\244\016Y\217]\222\312_7<\214"
 145      8BB06BA4 
 145      0E598F5D 
 145      92CA5F37 
 145      3C8C
 146 003c 6F0435A8 		.ascii	"o\0045\250\3708\300'\002B\214/\002(\007\370\002\021"
 146      F838C027 
 146      02428C2F 
 146      022807F8 
 146      0211
 147 004e 25CA4B5E 		.ascii	"%\312K^\361m$\210\200\212\250x_w\317\356\214\353\256"
 147      F16D2488 
 147      808AA878 
 147      5F77CFEE 
 147      8CEBAE
 148 0061 75555665 		.ascii	"uUVe\212\236\236\376\346\327\337\367\373\036\335\323"
 148      8A9E9EFE 
 148      E6D7DFF7 
 148      FB1EDDD3 
 149 0071 8B5E1085 		.ascii	"\213^\020\205\300PA('\202 \203 <\306K'\010B\221\240"
 149      C0504128 
 149      27822083 
 149      203CC64B 
 149      27084291 
 150 0086 5E741C88 		.ascii	"^t\034\210\357Fc\033\213\355e\020\236\272~-\012\202"
ARM GAS  C:\Users\User\AppData\Local\Temp\ccETI8ZM.s 			page 11


 150      EF46631B 
 150      8BED6510 
 150      9EBA7E2D 
 150      0A82
 151 0098 11FB106C 		.ascii	"\021\373\020lc\260\225b3 n\020\373\011\330\242\260\371"
 151      63B09562 
 151      33206E10 
 151      FB09D8A2 
 151      B0F9
 152 00aa E3F81EF6 		.ascii	"\343\370\036\366\375\330\016c\033Qt\003\312oR%\330\213"
 152      FDD80E63 
 152      1B517403 
 152      CA6F5225 
 152      D88B
 153 00bc C03A668F 		.ascii	"\300:f\217\366\257y\330\372\015\332\011\306\376\023"
 153      F6AF79D8 
 153      FA0DDA09 
 153      C6FE13
 154 00cb 8D2D6A87 		.ascii	"\215-j\207\332\363fkD\261\327\252\330\324+\366\250\035"
 154      DAF3666B 
 154      44B1D7AA 
 154      D8D42BF6 
 154      A81D
 155 00dd 6AA017BB 		.ascii	"j\240\027\273\026\376\310\374\243\375d\017\233\221>"
 155      16FEC8FC 
 155      A3FD640F 
 155      9B913E
 156 00ec 6C86FAF0 		.ascii	"l\206\372\360\257T\261;\005\307/a#\0366Q\235;\216T\364"
 156      AF54B13B 
 156      05C72F61 
 156      231E3651 
 156      9D3B8E54 
 157 0101 9687BD75 		.ascii	"\226\207\275u\004\016\254\254\251\020;\241\035\020\013"
 157      040EACAC 
 157      A9103BA1 
 157      1D100B
 158 0110 A3991480 		.ascii	"\243\231\024\200\337\20156|\354\272\000\230\034\245"
 158      DF813536 
 158      7CECBA00 
 158      981CA5
 159 011f A2A02875 		.ascii	"\242\240(u\211\3005C\031\213\312PTT\262?e2h4\362\327"
 159      89C03543 
 159      198BCA50 
 159      5454B23F 
 159      65326834 
 160 0135 DC92EBE2 		.ascii	"\334\222\353\342\364\371\003\233\346\232\015\242j\000"
 160      F4F9039B 
 160      E69A0DA2 
 160      6A00
 161 0143 403B41A3 		.ascii	"@;A\243\220\323V\336\273\371\011\252s\340\362\376\366"
 161      90D356DE 
 161      BBF909AA 
 161      73E0F2FE 
 161      F6
 162 0154 865357A5 		.ascii	"\206SW\245.\350\240\322\234i\300d?6\226?2\020\014!>"
 162      2EE8A0D2 
 162      9C69C064 
ARM GAS  C:\Users\User\AppData\Local\Temp\ccETI8ZM.s 			page 12


 162      3F36963F 
 162      32100C21 
 163 0169 77DDDFF5 		.ascii	"w\335\337\365\336\304B\231_\206\227\324\260\235M+\331"
 163      DEC44299 
 163      5F8697D4 
 163      B09D4D2B 
 163      D9
 164 017a 44D20984 		.ascii	"D\322\011\204H\240\243z\352\263/\005\343p\214\004a8"
 164      48A0A37A 
 164      EAB32F05 
 164      E3708C04 
 164      6138
 165 018c CC2E1BAC 		.ascii	"\314.\033\254\325\363\267\006\034>\336Q\262\324@^`\032"
 165      D5F3B706 
 165      1C3EDE51 
 165      B2D4405E 
 165      601A
 166 019e 3B4EE417 		.ascii	";N\344\027\320\211\023$\240dG\241\250\270\247\364~\020"
 166      D0891324 
 166      A06447A1 
 166      A8B8A7F4 
 166      7E10
 167 01b0 175144E3 		.ascii	"\027QD\343\252\376m\376\344E\372,n\250m\256\322\201"
 167      AAFE6DFE 
 167      E445FA2C 
 167      6EA86DAE 
 167      D281
 168 01c2 49DA41ED 		.ascii	"I\332A\355W\336\033\234\220\271X\226E\370\016$\370\026"
 168      57DE1B9C 
 168      90B95896 
 168      45F80E24 
 168      F816
 169 01d4 08EC8689 		.ascii	"\010\354\206\211\324\233\011\022\336\227\310r\212\234"
 169      D49B0912 
 169      DE97C872 
 169      8A9C
 170 01e2 912A07CC 		.ascii	"\221*\007\314\022\240\020\306A\001\214\023`/\230\250"
 170      12A010C6 
 170      41018C13 
 170      602F98A8 
 171 01f2 5A8A8312 		.ascii	"Z\212\203\022\024\026\243\020M\344o\313\314\363#\205"
 171      1416A310 
 171      4DE46FCB 
 171      CCF32385 
 172 0202 C06C1C3B 		.ascii	"\300l\034;|\241E\007\222\311\253\202\003^\024p2\267"
 172      7CA14507 
 172      92C9AB82 
 172      035E1470 
 172      32B7
 173 0214 F6BC726C 		.ascii	"\366\274rl\021%\263\037\311\354S\311 7\036\242\264\232"
 173      1125B31F 
 173      C9EC53C9 
 173      20371EA2 
 173      B49A
 174 0226 BB9941A4 		.ascii	"\273\231A\244\230\005RL?z\374\276\336\355\310\265\206"
 174      9805524C 
 174      3F7AFCBE 
ARM GAS  C:\Users\User\AppData\Local\Temp\ccETI8ZM.s 			page 13


 174      DEEDC8B5 
 174      86
 175 0237 B71BCEC9 		.ascii	"\267\033\316\311r\030\224\342\334\203\352\334\375\340"
 175      721894E2 
 175      DC83EADC 
 175      FDE0
 176 0245 D39343DE 		.ascii	"\323\223C\336=9\177\273?+\230\344\022\026\271\215\003"
 176      3D397FBB 
 176      3F2B98E4 
 176      1216B98D 
 176      03
 177 0256 1D370278 		.ascii	"\0357\002x\330M\232\244\204\360\244\014\345^^-\222]"
 177      D84D9AA4 
 177      84F0A40C 
 177      E55E5E2D 
 177      925D
 178 0268 1CBAA430 		.ascii	"\034\272\2440\275\232Hh)\365\377r\031g\224<^\333\035"
 178      BD9A4868 
 178      29F5FF72 
 178      1967943C 
 178      5EDB1D
 179 027b 448AF8F4 		.ascii	"D\212\370\364\336\264+\335\201\\\365X\034\026\015u\035"
 179      DEB42BDD 
 179      815CF558 
 179      1C160D75 
 179      1D
 180 028c D093BDFC 		.ascii	"\320\223\275\374\335\312\265UU:r\220\017\266n\310\\"
 180      DDCAB555 
 180      553A7290 
 180      0FB66EC8 
 180      5C
 181 029d AC27E57C 		.ascii	"\254'\345|\220\277:\243D\"\207\371\240\261\357\324\346"
 181      90BF3AA3 
 181      442287F9 
 181      A0B1EFD4 
 181      E6
 182 02ae 405E32A3 		.ascii	"@^2\243qx\364\361\275\312Q\\\243\210\303\365\273\233"
 182      7178F4F1 
 182      BDCA515C 
 182      A388C3F5 
 182      BB9B
 183 02c0 87034825 		.ascii	"\207\003H%\207n\037~\320Gkf<\255\031\242\251\230\361"
 183      876E1F7E 
 183      D0476B66 
 183      3CAD19A2 
 183      A998F1
 184 02d3 BC628ED4 		.ascii	"\274b\216\324\235\334a$\307\030X\314\310-X\036\340J"
 184      9DDC6124 
 184      C71858CC 
 184      C82D581E 
 184      E04A
 185 02e5 27BAA737 		.ascii	"'\272\2477\011p\024\3358F};\205\276\215W|;\211\302\023"
 185      097014DD 
 185      38467D3B 
 185      85BE8D57 
 185      7C3B89C2 
 186 02fa EE74DEDB 		.ascii	"\356t\336\333\367r\251,\217\206:\314H\255\232\221\361"
ARM GAS  C:\Users\User\AppData\Local\Temp\ccETI8ZM.s 			page 14


 186      F772A92C 
 186      8F863ACC 
 186      48AD9A91 
 186      F1
 187 030b 4A320F67 		.ascii	"J2\017g^\270*\221\263\334\304\303\324\254[jU\336\332"
 187      5EB82A91 
 187      B3DCC4C3 
 187      D4AC5B6A 
 187      55DEDA
 188 031e 33B98615 		.ascii	"3\271\206\025B\003N\255W\247\326\251\311\364\244q\332"
 188      42034EAD 
 188      57A7D6A9 
 188      C9F4A471 
 188      DA
 189 032f 0B0D3492 		.ascii	"\013\0154\2222\224Wn m\314\210n\340\356\2126\011B\303"
 189      3294576E 
 189      206DCC88 
 189      6EE0EE8A 
 189      360942C3 
 190 0343 C34D99D4 		.ascii	"\303M\231\324L\206,O\023\325,\011p\026B\251\0028\207"
 190      4C862C4F 
 190      13D52C09 
 190      701642A9 
 190      023887
 191 0356 BA7E8070 		.ascii	"\272~\200ph\204p\2668\363\250A\254\260\360\212\376n"
 191      688470B6 
 191      38F3A841 
 191      ACB0F08A 
 191      FE6E
 192 0368 595E6664 		.ascii	"Y^fd\264\216#-:\301\315 \202\2528J\025)\023\252\336"
 192      B48E232D 
 192      3AC1CD20 
 192      82AA384A 
 192      152913AA 
 193 037d 592F57A6 		.ascii	"Y/W\246\020\206>\343\025\035I\301\334\345\221r\011\267"
 193      10863EE3 
 193      151D49C1 
 193      DCE59172 
 193      09B7
 194 038f 038A1114 		.ascii	"\003\212\021\024o\371\266\240;\327\331\273\032 |\214"
 194      6FF9B6A0 
 194      3BD7D9BB 
 194      1A207C8C 
 195 039f 293C8F01 		.ascii	")<\217\001\233*\202\223\231Z\252\256\006\3256\301\030"
 195      9B2A8293 
 195      995AAAAE 
 195      06D536C1 
 195      18
 196 03b0 B5D254B5 		.ascii	"\265\322T\265\253\231\213\251\3624\235\326E\012\246"
 196      AB998BA9 
 196      F2349DD6 
 196      450AA6
 197 03bf 2E36A38B 		.ascii	".6\243\213-\350\342y\305EN\242\267|l\262,\003EiYpw\356"
 197      2DE8E279 
 197      C5454EA2 
 197      B77C6CB2 
 197      2C034569 
ARM GAS  C:\Users\User\AppData\Local\Temp\ccETI8ZM.s 			page 15


 198 03d7 9687AC49 		.ascii	"\226\207\254I\225OLb\253\263\332\267a\214z\177y\335"
 198      954F4C62 
 198      ABB3DAB7 
 198      618C7A7F 
 198      79DD
 199 03e9 29710C32 		.ascii	")q\0142H\366\311@x\302\274\246xCx\361\246U\237\337o"
 199      48F6C940 
 199      78C2BCA6 
 199      784378F1 
 199      A6559FDF 
 200 03fe 249DBC5A 		.ascii	"$\235\274Z\257\324\025\247\030\310E>\330R\277\247NO"
 200      AFD415A7 
 200      18C8453E 
 200      D852BFA7 
 200      4E4F
 201 0410 AEF24159 		.ascii	"\256\362AY\301\236F\221\364\360Aai\337r \203|p{q\261"
 201      C19E4691 
 201      F4F04161 
 201      69DF7220 
 201      837C707B 
 202 0426 933CE0CF 		.ascii	"\223<\340\317i\2333\032D\256\373\0178\314Z\272\251["
 202      699B331A 
 202      44AEFB0F 
 202      38CC5ABA 
 202      A95B
 203 0438 C7D74937 		.ascii	"\307\327I7]\031{\233v\225\031H\262\216b\2032\3623\016"
 203      5D197B9B 
 203      76951948 
 203      B28E6283 
 203      32F2330E 
 204 044c 4A108E57 		.ascii	"J\020\216Wh8\277LyrZ*\246\363\355\015re\032\326-\272"
 204      6838BF4C 
 204      79725A2A 
 204      A6F3ED0D 
 204      72651AD6 
 205 0462 DF85EE5F 		.ascii	"\337\205\356_\307\370?\351~\241\222|\212\036~GE_\362"
 205      C7F83FE9 
 205      7EA1927C 
 205      8A1E7E47 
 205      455FF2
 206 0475 4497813B 		.ascii	"D\227\201;Z\034\375\223\006}\304\023]\356\211\356\327"
 206      5A1CFD93 
 206      067DC413 
 206      5DEE89EE 
 206      D7
 207 0486 A02BBCA3 		.ascii	"\240+\274\2439\025w\231c\006.\"\340G\366\356\272R\346"
 207      39157799 
 207      63062E22 
 207      E047F6EE 
 207      BA52E6
 208 0499 7D58033D 		.ascii	"}X\003=\230\204\313\330n`\373\031\333Ml\267\260\365"
 208      9884CBD8 
 208      6E60FB19 
 208      DB4D6CB7 
 208      B0F5
 209 04ab 62FB09DB 		.ascii	"b\373\011\333Ul\327\260]q/\005J\240V\023\212NO\002E"
 209      556CD7B0 
ARM GAS  C:\Users\User\AppData\Local\Temp\ccETI8ZM.s 			page 16


 209      5D712F05 
 209      4AA05613 
 209      8A4E4F02 
 210 04c0 9E742F6A 		.ascii	"\236t/j\350\376\327\023]\011\236\221k\323(o\367\204"
 210      E8FED713 
 210      5D099E91 
 210      6BD3286F 
 210      F784
 211 04d2 B7792A1F 		.ascii	"\267y*\037~KEw{\315\212\006\334\250Q\335\341\235\267"
 211      7E4B4577 
 211      7BCD8A06 
 211      DCA851DD 
 211      E19DB7
 212 04e5 9B092EB2 		.ascii	"\233\011.\262\316\012\211\343[\261f\253\2743\327h\277"
 212      CE0A89E3 
 212      5BB166AB 
 212      BC33D768 
 212      BF
 213 04f6 EA5A2054 		.ascii	"\352Z T\375\005\357\314\271ze\265\225\205\260\325v\335"
 213      FD05EFCC 
 213      B97A65B5 
 213      9585B0D5 
 213      76DD
 214 0508 73CD4365 		.ascii	"s\315Ce\375\320>=Y\304\012R\274\261\361z\201?\204\232"
 214      FDD03E3D 
 214      59C40A52 
 214      BCB1F17A 
 214      813F849A 
 215 051c BC251306 		.ascii	"\274%\023\0060\207\317\223O\316\344\330a?\272\371\364"
 215      3087CF93 
 215      4FCEE4D8 
 215      613FBAF9 
 215      F4
 216 052d A3A2DBEA 		.ascii	"\243\242\333\352nKy1:\313j\333V\005\033\227\271\277"
 216      6E4B7931 
 216      3ACB6ADB 
 216      56051B97 
 216      B9BF
 217 053f A10CA8AE 		.ascii	"\241\014\250\256\350A0*S\020{p\351\372kAd5\247~\376"
 217      E841302A 
 217      53107B70 
 217      E9FA6B41 
 217      6435A77E 
 218 0554 F4EDD260 		.ascii	"\364\355\322`0\031\271\225\323m\243S\251\277\367\020"
 218      3019B995 
 218      D36DA353 
 218      A9BFF710 
 219 0564 7F473583 		.ascii	"\177G5\203\323\261\363\241\035\356\242SO\030xp}m+\360"
 219      D3B1F3A1 
 219      1DEEA253 
 219      4F187870 
 219      7D6D2BF0 
 220 0578 B56CA41B 		.ascii	"\265l\244\033|Yk\346(e-\323\327\203k\332\272\202\311"
 220      7C596BE6 
 220      28652DD3 
 220      D7836BDA 
 220      BA82C9
ARM GAS  C:\Users\User\AppData\Local\Temp\ccETI8ZM.s 			page 17


 221 058b 66DD1327 		.ascii	"f\335\023'\243\250\247OFQ\374;\327s\246\341\007 \333"
 221      A3A8A74F 
 221      4651FC3B 
 221      D773A6E1 
 221      0720DB
 222 059e 38DD9A2D 		.ascii	"8\335\232-\227\366\372\371:\266<F\"Q\312\007\346!\012"
 222      97F6FAF9 
 222      3AB63C46 
 222      2251CA07 
 222      E6210A
 223 05b1 1FB8BF73 		.ascii	"\037\270\277s\015\351\277\355\031\241G\217\021\314\373"
 223      0DE9BFED 
 223      19A1478F 
 223      11CCFB
 224 05c0 23D5B128 		.ascii	"#\325\261(\376\241\323\237\253\250]\257\247;J\250\211"
 224      FEA1D39F 
 224      ABA85DAF 
 224      A73B4AA8 
 224      89
 225 05d1 EFA4F70A 		.ascii	"\357\244\367\012\311\241\355\247W\3109U\300\346\014"
 225      C9A1EDA7 
 225      57C83955 
 225      C0E60C
 226 05e0 E39C54D1 		.ascii	"\343\234T\321\327\022\2423\372\177\307\013\221\206\356"
 226      D712A233 
 226      FA7FC70B 
 226      9186EE
 227 05ef 7B4F7484 		.ascii	"{Ot\204\007\370\342\3579\230\236\204\366x\005?\275;"
 227      07F8E2EF 
 227      39989E84 
 227      F678053F 
 227      BD3B
 228 0601 DCC7F743 		.ascii	"\334\307\367C\314*E\323jJ\023M\220,\206C\0126Y\324V"
 228      CC2A45D3 
 228      6A4A134D 
 228      902C8643 
 228      0A3659D4 
 229 0616 4B533EAF 		.ascii	"KS>\257[Dz\324\355\375\374\201AB\206\364\374|\326;\224"
 229      5B447AD4 
 229      EDFDFC81 
 229      414286F4 
 229      FC7CD63B 
 230 062b 6D0053A8 		.ascii	"m\000S\250\222\374\002Vb\213Q\373\"\321\035\"\252\302"
 230      92FC0256 
 230      628B51FB 
 230      22D11D22 
 230      AAC2
 231 063d 3B11F81A 		.ascii	";\021\370\032\355?\213\013\232k\312H\337\025\250\255"
 231      ED3F8B0B 
 231      9A6BCA48 
 231      DF15A8AD 
 232 064d CBC5A2B6 		.ascii	"\313\305\242\266.\227\210F\005\370}\313\315\313\242"
 232      2E978846 
 232      05F87DCB 
 232      CDCBA2
 233 065c 4EE432F8 		.ascii	"N\3442\370LGe\313WUl\013\030\233\305\216\341\251\362"
 233      4C4765CB 
ARM GAS  C:\Users\User\AppData\Local\Temp\ccETI8ZM.s 			page 18


 233      57556C0B 
 233      189BC58E 
 233      E1A9F2
 234 066f 689185CB 		.ascii	"h\221\205\313\365y\026`\2318\026\357KE\035\327\260\244"
 234      F5791660 
 234      993816EF 
 234      4B451DD7 
 234      B0A4
 235 0681 FDD07178 		.ascii	"\375\320qx%G\316\351\306\364\035!K\253\217c\372`\032"
 235      2547CEE9 
 235      C6F41D21 
 235      4BAB8F63 
 235      FA601A
 236 0694 8541BE9A 		.ascii	"\205A\276\232r|\304\373.\374>\300N\334\031\005X.\276"
 236      727CC4FB 
 236      2EFC3EC0 
 236      4EDC1905 
 236      582EBE
 237 06a7 82B377AE 		.ascii	"\202\263w\256O\255\013$\247\374X\311ew\264_\226\030"
 237      4FAD0B24 
 237      A7FC58C9 
 237      6577B45F 
 237      9618
 238 06b9 196A9193 		.ascii	"\031j\221\2239\333q\352\244\316Mp\245\310\204?\224\355"
 238      39DB71EA 
 238      A4CE4D70 
 238      A5C8843F 
 238      94ED
 239 06cb AC346819 		.ascii	"\2544h\031~\362\202\206\340*F0\335E\360|J])Q\0106m4"
 239      7EF28286 
 239      E02A4630 
 239      DD45F07C 
 239      4A5D2951 
 240 06e3 6205E019 		.ascii	"b\005\340\031\011OP\010\203\025j\300\361\361I\202\031"
 240      094F5008 
 240      83156AC0 
 240      F1F14982 
 240      19
 241 06f4 8CE0A3CE 		.ascii	"\214\340\243\316K\375\"i\341\004w\327\347?\324\221\253"
 241      4BFD2269 
 241      E10477D7 
 241      E73FD491 
 241      AB
 242 0705 6C20AEAC 		.ascii	"l \256\254\332\324c\364\265&\326\212\276\216\362\327"
 242      DAD463F4 
 242      B526D68A 
 242      BE8EF2D7 
 243 0715 1A26B5B0 		.ascii	"\032&\265\260\343\370\032Q\202\325\242\307q\234\246"
 243      E3F81A51 
 243      82D5A2C7 
 243      719CA6
 244 0724 64D5F621 		.ascii	"d\325\366!\302<\246\010\036\205.\271\277\207\270\243"
 244      C23CA608 
 244      1E852EB9 
 244      BF87B8A3 
 245 0734 F00D8FC2 		.ascii	"\360\015\217\302\225[\303\353\374}Fa\035\213B\226+\012"
 245      955BC3EB 
ARM GAS  C:\Users\User\AppData\Local\Temp\ccETI8ZM.s 			page 19


 245      FC7D4661 
 245      1D8B4296 
 245      2B0A
 246 0746 8736B66F 		.ascii	"\2076\266o\361W\323t\243\372\212,K:\212\202L\225D\246"
 246      F157D374 
 246      A3FA8A2C 
 246      4B3A8A82 
 246      4C9544A6 
 247 075a 6710D6B3 		.ascii	"g\020\326\263 \374\274=u\315(r\213\007\301\033\277;"
 247      20FCBC3D 
 247      75CD2872 
 247      8B07C11B 
 247      BF3B
 248 076c 8BAF9C06 		.ascii	"\213\257\234\006w\346\2629\277\334\226K\233\203\231"
 248      77E6B239 
 248      BFDC964B 
 248      9B8399
 249 077b 902ECE8D 		.ascii	"\220.\316\215\\x:k{-\361Iz3#\275\311E\372\366\331\236"
 249      5C783A6B 
 249      7B2DF149 
 249      7A3323BD 
 249      C945FAF6 
 250 0791 223F24DD 		.ascii	"\"?$\335\315\343\266\"\365\330\0129\027\030\0146\250"
 250      CDE3B622 
 250      F5D80A39 
 250      17180C36 
 250      A8
 251 07a2 AC3750D6 		.ascii	"\2547P\326\364a\013c{\247\240\252H\"\213\374\031\333"
 251      F4610B63 
 251      7BA7A0AA 
 251      48228BFC 
 251      19DB
 252 07b4 E6D6B452 		.ascii	"\346\326\264ReS\014\244\233\360\217\337\034\011\340"
 252      65530CA4 
 252      9BF08FDF 
 252      1C09E0
 253 07c3 9B620BE3 		.ascii	"\233b\013\343X?\220%\2215\034\373\250"
 253      583F9025 
 253      91351CFB 
 253      A8
 254 07d0 EFCC2323 		.ascii	"\357\314##\307J\324\321\224\222.=\375\331\"+\213\010"
 254      C74AD4D1 
 254      94922E3D 
 254      FDD9222B 
 254      8B08
 255 07e2 E5EA1ADA 		.ascii	"\345\352\032\332&b\276p\323\200\255\"\377q4T1l$\233"
 255      2662BE70 
 255      D380AD22 
 255      FF713454 
 255      316C249B 
 256 07f6 98265DF7 		.ascii	"\230&]\367\326\376\233~`\032\007 a\333\341\372M\213"
 256      D6FE9B7E 
 256      601A0720 
 256      61DBE1FA 
 256      4D8B
 257 0808 A1C5906D 		.ascii	"\241\305\220mW\350\342\225-\243\372\276\177S1?\274\367"
 257      57E8E295 
ARM GAS  C:\Users\User\AppData\Local\Temp\ccETI8ZM.s 			page 20


 257      2DA3FABE 
 257      7F53313F 
 257      BCF7
 258 081a E5C964AC 		.ascii	"\345\311d\254\000S\306\301$\254\242\035XE\273\230\235"
 258      0053C6C1 
 258      24ACA21D 
 258      5845BB98 
 258      9D
 259 082b 7C711CEC 		.ascii	"|q\034\354DC\331\270SP\011\032lM\277\333\256\013\311"
 259      4443D9B8 
 259      5350091A 
 259      6C4DBFDB 
 259      AE0BC9
 260 083e 50768830 		.ascii	"Pv\2100`\272s\021\227#R~\273\305\020\027K\212\316\250"
 260      60BA7311 
 260      9723527E 
 260      BBC51017 
 260      4B8ACEA8 
 261 0852 CFDD1820 		.ascii	"\317\335\030 )6\226<\323\006\242\253[\007\313\203\264"
 261      2936963C 
 261      D306A2AB 
 261      5B07CB83 
 261      B4
 262 0863 BA0B9EA5 		.ascii	"\272\013\236\245\273q\240\346h\300\253[\3453\225\254"
 262      BB71A0E6 
 262      68C0AB5B 
 262      E53395AC 
 263 0873 B6965F4A 		.ascii	"\266\226_J\223\223\277\306m\260P\014\201<L\023.u\315"
 263      9393BFC6 
 263      6DB0500C 
 263      813C4C13 
 263      2E75CD
 264 0886 E4FFA0E4 		.ascii	"\344\377\240\344#\374uQ$\276J\177\300\365>\\\004$\227"
 264      23FC7551 
 264      24BE4A7F 
 264      C0F53E5C 
 264      042497
 265 0899 2720A3AE 		.ascii	"' \243\256\353\357>\003^\354\012x\016\347\230<\260\365"
 265      EBEF3E03 
 265      5EEC0A78 
 265      0EE7983C 
 265      B0F5
 266 08ab 6690A7FF 		.ascii	"f\220\247\377\352n]\3028\026\27386\347\\\2531zz\344"
 266      EA6E5DC2 
 266      3816BB38 
 266      36E75CAB 
 266      317A7AE4 
 267 08bf 137DF2E6 		.ascii	"\023}\362\346\301\342 \305\243\213/&\347T&\207\301\267"
 267      C1E220C5 
 267      A38B2F26 
 267      E7542687 
 267      C1B7
 268 08d1 8A37B82F 		.ascii	"\2127\270/h&\356Q\274\331\313\2749q\274\352<\321\356"
 268      6826EE51 
 268      BCD9CBBC 
 268      3971BCEA 
 268      3CD1EE
ARM GAS  C:\Users\User\AppData\Local\Temp\ccETI8ZM.s 			page 21


 269 08e4 BBB45255 		.ascii	"\273\264RU\027\276\343\373.\355\021\334\371 \347n )"
 269      17BEE3FB 
 269      2EED11DC 
 269      F920E76E 
 269      2029
 270 08f6 566AAF3D 		.ascii	"Vj\257=yD9\210\007\323\377b\334h\335\252\324i\037\373"
 270      79443988 
 270      07D3FF62 
 270      DC68DDAA 
 270      D4691FFB 
 271 090a 69FB5369 		.ascii	"i\373Si\265\362O\216 \034\216\324\3645\007\371\214\324"
 271      B5F24F8E 
 271      201C8ED4 
 271      F43507F9 
 271      8CD4
 272 091c 2157A40E 		.ascii	"!W\244\016\362H\255j\356H\011\360\214\324\001L\310~"
 272      F248AD6A 
 272      EE4809F0 
 272      8CD4014C 
 272      C87E
 273 092e 969052E6 		.ascii	"\226\220R\346\373!\227\3575\347\322.\020\317H\371D\337"
 273      FB2197EF 
 273      35E7D22E 
 273      10CF48F9 
 273      44DF
 274 0940 B9D3D401 		.ascii	"\271\323\324\001J\244\332^\346\221\372^\211\024n\036"
 274      4AA4DA5E 
 274      E691FA5E 
 274      89146E1E 
 275 0950 9A89FB94 		.ascii	"\232\211\373\224H\225\211\257\012\322\302\230x\263-"
 275      489589AF 
 275      0AD2C298 
 275      78B32D
 276 095f C6FA6E92 		.ascii	"\306\372n\222\303\360\376_?\016\233\036\031)\350\026"
 276      C3F0FE5F 
 276      3F0E9B1E 
 276      1929E816 
 277 096f C438FE29 		.ascii	"\3048\376)Y,Iq\011\316)\223-\3164\210\375St\354\374"
 277      592C4971 
 277      09CE2993 
 277      2DCE3488 
 277      FD5374EC 
 278 0984 B8CFE2F8 		.ascii	"\270\317\342\370\335\341L\262\306\331#\247~1\305\362"
 278      DDE14CB2 
 278      C6D923A7 
 278      7E31C5F2 
 279 0994 655C82D5 		.ascii	"e\\\202\325\376\245C+\217v\332\355\361\216\350\317\023"
 279      FEA5432B 
 279      8F76DAED 
 279      F18EE8CF 
 279      13
 280 09a5 92C2D853 		.ascii	"\222\302\330SXL\342\2020\333\202\317lV\253\315\032\375"
 280      584CE282 
 280      30DB82CF 
 280      6C56ABCD 
 280      1AFD
 281 09b7 FAC42961 		.ascii	"\372\304)a\223'EN\375Wd4\312_K\260'\330^\263\305\240"
ARM GAS  C:\Users\User\AppData\Local\Temp\ccETI8ZM.s 			page 22


 281      9327454E 
 281      FD576434 
 281      CA5F4BB0 
 281      27D85EB3 
 282 09cd E6B884D8 		.ascii	"\346\270\204\330\370$\253-zA\014\352J\260E[\254\266"
 282      F824AB2D 
 282      7A410CEA 
 282      4AB0455B 
 282      ACB6
 283 09df 793149F1 		.ascii	"y1I\361N\213\363\253\2056\307\304\371\202\301E\347\253"
 283      4E8BF3AB 
 283      8536C7C4 
 283      F982C145 
 283      E7AB
 284 09f1 5F908DE3 		.ascii	"_\220\215\343+G\264\305\341\264\242i\244`\214\263/\264"
 284      2B47B4C5 
 284      E1B4A269 
 284      A4608CB3 
 284      2FB4
 285 0a03 273A6978 		.ascii	"':ix,N\353t\027\215\351\364>\367i\032\0329G\332\035"
 285      2C4EEB74 
 285      178DE9F4 
 285      3EF7691A 
 285      1A3947DA 
 286 0a18 91535F8F 		.ascii	"\221S_\217\260;\"\346\307\304GPM\216\210\271\037}8e"
 286      B03B22E6 
 286      C7C44750 
 286      4D8E88B9 
 286      1F7D3865 
 287 0a2c 72C4ECD9 		.ascii	"r\304\354\3313\"\336\237\363A\324\027\223\351+\013\346"
 287      3322DE9F 
 287      F341D417 
 287      93E92B0B 
 287      E6
 288 0a3d C4121F6F 		.ascii	"\304\022\037oE\213~\024\025g\325\375\371=\363,z\233"
 288      458B7E14 
 288      1567D5FD 
 288      F93DF32C 
 288      7A9B
 289 0a4f AD9B3DFD 		.ascii	"\255\233=\375/f\335\273s\315f\370\024f\351c\343m1\211"
 289      2F66DDBB 
 289      73CD66F8 
 289      1466E963 
 289      E36D3189 
 290 0a63 4AAA225F 		.ascii	"J\252\"_\2678\015\256\007\342\2609I\324\0143\371`\206"
 290      B7380DAE 
 290      07E2B039 
 290      49D40C33 
 290      F96086
 291 0a76 593FE7E3 		.ascii	"Y?\347\34393\314\376Qs\347\314\2349\303\354\027\365"
 291      3933CCFE 
 291      5173E7CC 
 291      9C39C3EC 
 291      17F5
 292 0a88 D13FE6CC 		.ascii	"\321?\346\3144\353?\214\2321\323L\3365\233\215\016\347"
 292      34EB3F8C 
 292      9A31D34C 
ARM GAS  C:\Users\User\AppData\Local\Temp\ccETI8ZM.s 			page 23


 292      DE359B8D 
 292      0EE7
 293 0a9a 028CEBE7 		.ascii	"\002\214\353\347\013\343\354\026\247\304]\214\263Z\234"
 293      0BE3EC16 
 293      A7C45D8C 
 293      B35A9C
 294 0aa9 7EF679F3 		.ascii	"~\366y\363P\213\221\252\264\314\213q8\337\2608\235\277"
 294      508B91AA 
 294      B4CC8B71 
 294      38DFB038 
 294      9DBF
 295 0abb 64EC5D61 		.ascii	"d\354]a\377\333sFZQ\350\012-j\324\177\020\205\005\377"
 295      FFDB7346 
 295      5A51E80A 
 295      2D6AD47F 
 295      108505FF 
 296 0acf E173EA75 		.ascii	"\341s\352u$\306\272u\306\012\201\330}\232\030\347\264"
 296      24C6BA75 
 296      C60A81D8 
 296      7D9A18E7 
 296      B4
 297 0ae0 A1E6207C 		.ascii	"\241\346 |\236ksR\033v\253\315\020g_\200\235\305\371"
 297      9E6B7352 
 297      1B76ABCD 
 297      10675F80 
 297      9DC5F9
 298 0af3 2B57662D 		.ascii	"+Wf-\030\327\317\023\355I\013\251<\310b\231\227\224"
 298      18D7CF13 
 298      ED490BA9 
 298      3CC86299 
 298      9794
 299 0b05 106BB14C 		.ascii	"\020k\261L\234\372\306\3247\015\256\221.v~L\242\366"
 299      9CFAC6D4 
 299      370DAE91 
 299      2E767E4C 
 299      A2F6
 300 0b17 DD1B7F7C 		.ascii	"\335\033\177|b\364\346\377\000\022'\251\037"
 300      62F4E6FF 
 300      001227A9 
 300      1F
 301              		.text
 302              		.section	.gnu.lto_.symtab.ae02e99e,"",%progbits
 303 0000 70616C52 		.ascii	"palReadBus\000"
 303      65616442 
 303      757300
 304 000b 00       		.ascii	"\000"
 305 000c 00       		.ascii	"\000"
 306 000d 00       		.ascii	"\000"
 307 000e 00000000 		.ascii	"\000\000\000\000\000\000\000\000"
 307      00000000 
 308 0016 0B010000 		.ascii	"\013\001\000\000"
 309 001a 70616C57 		.ascii	"palWriteBus\000"
 309      72697465 
 309      42757300 
 310 0026 00       		.ascii	"\000"
 311 0027 00       		.ascii	"\000"
 312 0028 00       		.ascii	"\000"
ARM GAS  C:\Users\User\AppData\Local\Temp\ccETI8ZM.s 			page 24


 313 0029 00000000 		.ascii	"\000\000\000\000\000\000\000\000"
 313      00000000 
 314 0031 10010000 		.ascii	"\020\001\000\000"
 315 0035 70616C53 		.ascii	"palSetBusMode\000"
 315      65744275 
 315      734D6F64 
 315      6500
 316 0043 00       		.ascii	"\000"
 317 0044 00       		.ascii	"\000"
 318 0045 00       		.ascii	"\000"
 319 0046 00000000 		.ascii	"\000\000\000\000\000\000\000\000"
 319      00000000 
 320 004e 18010000 		.ascii	"\030\001\000\000"
 321 0052 5F70616C 		.ascii	"_pal_lld_setgroupmode\000"
 321      5F6C6C64 
 321      5F736574 
 321      67726F75 
 321      706D6F64 
 322 0068 00       		.ascii	"\000"
 323 0069 02       		.ascii	"\002"
 324 006a 00       		.ascii	"\000"
 325 006b 00000000 		.ascii	"\000\000\000\000\000\000\000\000"
 325      00000000 
 326 0073 1E010000 		.ascii	"\036\001\000\000"
 327              		.text
 328              		.section	.gnu.lto_.opts,"",%progbits
 329 0000 272D666D 		.ascii	"'-fmath-errno' '-fsigned-zeros' '-ftrapping-math' '"
 329      6174682D 
 329      6572726E 
 329      6F272027 
 329      2D667369 
 330 0033 2D666E6F 		.ascii	"-fno-trapv' '-fno-openmp' '-fno-openacc' '-mcpu=cor"
 330      2D747261 
 330      70762720 
 330      272D666E 
 330      6F2D6F70 
 331 0066 7465782D 		.ascii	"tex-m7' '-mno-thumb-interwork' '-mthumb' '-ggdb' '-"
 331      6D372720 
 331      272D6D6E 
 331      6F2D7468 
 331      756D622D 
 332 0099 4F322720 		.ascii	"O2' '-fomit-frame-pointer' '-falign-functions=16' '"
 332      272D666F 
 332      6D69742D 
 332      6672616D 
 332      652D706F 
 333 00cc 2D666675 		.ascii	"-ffunction-sections' '-fdata-sections' '-fno-common"
 333      6E637469 
 333      6F6E2D73 
 333      65637469 
 333      6F6E7327 
 334 00ff 2720272D 		.ascii	"' '-flto'\000"
 334      666C746F 
 334      2700
 335              		.text
 336              		.comm	__gnu_lto_v1,1,1
 337              		.comm	__gnu_lto_slim,1,1
ARM GAS  C:\Users\User\AppData\Local\Temp\ccETI8ZM.s 			page 25


 338              		.ident	"GCC: (GNU Tools for ARM Embedded Processors 6-2017-q1-update) 6.3.1 20170215 (release) [AR
ARM GAS  C:\Users\User\AppData\Local\Temp\ccETI8ZM.s 			page 26


DEFINED SYMBOLS
                            *ABS*:00000000 hal_pal.c
                            *COM*:00000001 __gnu_lto_v1
                            *COM*:00000001 __gnu_lto_slim

NO UNDEFINED SYMBOLS
