ARM GAS  C:\Users\User\AppData\Local\Temp\ccI5sYik.s 			page 1


   1              		.cpu cortex-m7
   2              		.eabi_attribute 20, 1
   3              		.eabi_attribute 21, 1
   4              		.eabi_attribute 23, 3
   5              		.eabi_attribute 24, 1
   6              		.eabi_attribute 25, 1
   7              		.eabi_attribute 26, 1
   8              		.eabi_attribute 30, 2
   9              		.eabi_attribute 34, 1
  10              		.eabi_attribute 18, 4
  11              		.file	"nullstreams.c"
  12              		.text
  13              	.Ltext0:
  14              		.section	.gnu.lto_.profile.ae028e3d,"",%progbits
  15 0000 789C6365 		.ascii	"x\234ce`b`a```d\340f\003\000\000\234\000\036"
  15      60626061 
  15      60606064 
  15      E0660300 
  15      009C001E 
  16              		.text
  17              		.section	.gnu.lto_.icf.ae028e3d,"",%progbits
  18 0000 789C6365 		.ascii	"x\234ce`bPe@\0006\206#\357\033g016\276\377\323\316\313"
  18      60625065 
  18      40003686 
  18      23EF1B67 
  18      303136BE 
  19 0018 34ABFBA7 		.ascii	"4\253\373\247 \363\331\225\015+\270X\256M\352\330\317"
  19      20F3D995 
  19      0D2BB858 
  19      AE4DEAD8 
  19      CF
  20 0029 C6FAF5C6 		.ascii	"\306\372\365\306\3627l\014\000B\264\021\002"
  20      F2376C0C 
  20      0042B411 
  20      02
  21              		.text
  22              		.section	.gnu.lto_.jmpfuncs.ae028e3d,"",%progbits
  23 0000 789C6365 		.ascii	"x\234ce`bPe@\000V\006fFFF\026\006\206zF\020\003$\304"
  23      60625065 
  23      40005606 
  23      66464646 
  23      1606867A 
  24 0019 C404A699 		.ascii	"\304\004\246\231A$\013P\254\236\001\000\033\012\001"
  24      41240B50 
  24      AC9E0100 
  24      1B0A01
  25 0028 53       		.ascii	"S"
  26              		.text
  27              		.section	.gnu.lto_.inline.ae028e3d,"",%progbits
  28 0000 789C6365 		.ascii	"x\234ce`b\210e@\000V\006\006f&F\240 \003\003\333\002"
  28      60628865 
  28      40005606 
  28      06662646 
  28      A0200303 
  29 0016 7910C5C0 		.ascii	"y\020\305\300\210!\302\204!\302\214!\302\302\300\302"
  29      8821C284 
  29      21C28C21 
ARM GAS  C:\Users\User\AppData\Local\Temp\ccI5sYik.s 			page 2


  29      C2C2C0C2 
  30 0026 0C14617C 		.ascii	"\014\024a|\301\316\300\336\241\016\026b\000\000\355"
  30      C1CEC0DE 
  30      A10E1662 
  30      0000ED
  31 0035 770562   		.ascii	"w\005b"
  32              		.text
  33              		.section	.gnu.lto_.pureconst.ae028e3d,"",%progbits
  34 0000 789C6365 		.ascii	"x\234ce`b\340f```e``\0042\231\031X\244\000\001\262\000"
  34      6062E066 
  34      60606065 
  34      60600432 
  34      991958A4 
  35 0018 3C       		.ascii	"<"
  36              		.text
  37              		.section	.gnu.lto_writes.ae028e3d,"",%progbits
  38 0000 789C5D90 		.ascii	"x\234]\220KKBA\024\200\317\231\271>\202\364\017\324"
  38      4B4B4241 
  38      1480CF99 
  38      B93E82F4 
  38      0FD4
  39 0012 A245206E 		.ascii	"\242E n\272H\220\020\264r\323\276\225 \210\217\300\013"
  39      BA489010 
  39      B472D3BE 
  39      9520888F 
  39      C00B
  40 0024 E695AEE6 		.ascii	"\346\225\256\346\322\321\212\036B\031\245b\017t#\366"
  40      D2D18A1E 
  40      4219A562 
  40      0F7423F6 
  41 0034 D608A276 		.ascii	"\326\010\242v\322\336 \315U\273jY\213\326\2255ss!.f"
  41      D2DE20CD 
  41      55BB6A59 
  41      8BD69535 
  41      7373212E 
  42 0049 E69C33DF 		.ascii	"\346\2343\3377\3039\006 \340F\200\000\000\214\360\205"
  42      37C33906 
  42      20E04680 
  42      00008CF0 
  42      85
  43 005a 1490641F 		.ascii	"\024\220d\037\000Rf\202(\002fFH\022L\3426-P|\\\251\037"
  43      00526682 
  43      28026646 
  43      48124CE2 
  43      362D507C 
  44 0071 D22D5AE2 		.ascii	"\322-Z\342\230\304\323\317\346\376\253U\244\210c<=`"
  44      98C4D3CF 
  44      E6FEAB55 
  44      A488633C 
  44      3D60
  45 0083 AD0D93BD 		.ascii	"\255\015\223\275\312X\2325\012\2673;\313\253\263%J\240"
  45      CA589A35 
  45      0AB7333B 
  45      CBABB325 
  45      4AA0
  46 0095 C8E9631C 		.ascii	"\310\351c\034\305*\216\212/N\320\316\331v\263\2235Q"
  46      C52A8E8A 
ARM GAS  C:\Users\User\AppData\Local\Temp\ccI5sYik.s 			page 3


  46      2F4ED0CE 
  46      D976B393 
  46      3551
  47 00a7 0F028FAF 		.ascii	"\017\002\217\257\327\313w\303\266\212\356\275\355R6"
  47      D7CB77C3 
  47      B68AEEBD 
  47      ED5236
  48 00b6 5EA2144F 		.ascii	"^\242\024O\221\366\213\274\004x\2066\216\177e:\371!"
  48      91F68BBC 
  48      04788636 
  48      8E7F653A 
  48      F921
  49 00c8 EAD5D554 		.ascii	"\352\325\325T\345\246Dz\352wNW%<\037T%\300\013]\375"
  49      E5A6447A 
  49      EA774E57 
  49      253C1F54 
  49      25C00B5D 
  50 00dd 617B792B 		.ascii	"a{y+\365\353j\361>\367l\351\251O\005]%x9\250\022\300"
  50      F5EB6AF1 
  50      3EF76CE9 
  50      A94F055D 
  50      257839A8 
  51 00f3 1ADA04FF 		.ascii	"\032\332\004\377r\325\315Y\214\222h\207wQG#\237\033"
  51      72D5CD59 
  51      8C926887 
  51      77514723 
  51      9F1B
  52 0105 D45AD860 		.ascii	"\324Z\330`\335\3375\326x\257b\307\300\007\241\343\260"
  52      DDDF35D6 
  52      78AF62C7 
  52      C007A1E3 
  52      B0
  53 0116 C92131BE 		.ascii	"\311!1\276\014\177\200\237\364\003\323\345j\033\205"
  53      0C7F809F 
  53      F403D3E5 
  53      6A1B85
  54 0125 764485C8 		.ascii	"vD\205\310\011\0247\004\300\355\232\366\004B\212_\361"
  54      09143704 
  54      C0ED9AF6 
  54      04428A5F 
  54      F1
  55 0136 B8C43E17 		.ascii	"\270\304>\027\213\007\025\325\341\\\232\364&\224HPM"
  55      8B0715D5 
  55      E15C9AF4 
  55      26944850 
  55      4D
  56 0147 68FDF57F 		.ascii	"h\375\365\177R\325\034\316)Y\325\344\220/,\207\025\277"
  56      52D51CCE 
  56      2959D5E4 
  56      902F2C87 
  56      15BF
  57 0159 ACC516E7 		.ascii	"\254\305\026\347}\013\232\034\211\207\303\275x\"\000"
  57      7D0B9A1C 
  57      8987C3BD 
  57      782200
  58 0168 4489127F 		.ascii	"D\211\022\177\024#\1774\363\220b"
  58      14237F34 
ARM GAS  C:\Users\User\AppData\Local\Temp\ccI5sYik.s 			page 4


  58      F39062
  59              		.text
  60              		.section	.gnu.lto_reads.ae028e3d,"",%progbits
  61 0000 789C5D90 		.ascii	"x\234]\220\337+\203a\024\307\317\367y6\243\330?`\027"
  61      DF2B8361 
  61      14C7CFF7 
  61      7936A3D8 
  61      3F6017
  62 0013 2ED472E3 		.ascii	".\324r\343m)+\345j7\356]\251\225lS{k6y\215K\217!\277"
  62      6D292BE5 
  62      6A37EE5D 
  62      A9956C53 
  62      7B6B3679 
  63 002c 8A894D43 		.ascii	"\212\211MC\315\015\363\333\244\224\273%\267\010)\305"
  63      CD0DF3DB 
  63      A494BB25 
  63      B70829C5 
  64 003c 159772A1 		.ascii	"\025\227r\241\224\013\031\347yQr\361<\3179\347\371~"
  64      940B19E7 
  64      795172F1 
  64      3CCF39E7 
  64      F97E
  65 004e CEE97C9D 		.ascii	"\316\351|\235$(\014\2420\021\325\362\201$\210\3649\321"
  65      24280CA2 
  65      3011D5F2 
  65      812488F4 
  65      39D1
  66 0060 70A50074 		.ascii	"p\245\000t\240*AC\002C\230\225\213\022\227\243\305\025"
  66      A02A4143 
  66      02439895 
  66      8B1297A3 
  66      C515
  67 0072 3923F32C 		.ascii	"9#\363,sp\372r\266\364\350\326)P\307\351\262\272\232"
  67      7370FA72 
  67      B6F4E8D6 
  67      2950C7E9 
  67      B2BA9A
  68 0085 74351494 		.ascii	"t5\024\224J\251\322\342m\353\334\310X[^\012\312\261"
  68      4AA9D2E2 
  68      6DEBDCC8 
  68      585B5E0A 
  68      CAB1
  69 0097 7A031E14 		.ascii	"z\003\036\024\340\321#6\321\300\332\353\263\233\264"
  69      E0D12336 
  69      D1C0DAEB 
  69      B39BB4
  70 00a6 4B06411C 		.ascii	"K\006A\034\037N\254\036W{\327l\356~^\252\372\274\224"
  70      1F4EAC1E 
  70      577BD76C 
  70      EE7E5EAA 
  70      FABC94
  71 00b9 D882FC0B 		.ascii	"\330\202\374\013r\211\260\015/\313\337\247o\262U\262"
  71      7289B00D 
  71      2FCBDFA7 
  71      6FB255B2 
  72 00c9 D34687D7 		.ascii	"\323F\207\327\216\362\342\007=\315\330\250\003;\377"
  72      8EF2E207 
ARM GAS  C:\Users\User\AppData\Local\Temp\ccI5sYik.s 			page 5


  72      3DCDD8A8 
  72      033BFF
  73 00d8 510761D7 		.ascii	"Q\007a\327F?\324B\326-C6\232;\311\334\325\374N\315\332"
  73      463FD442 
  73      D62D4336 
  73      9A3BC9DC 
  73      D5FC4ECD 
  74 00ed A8C0DE7F 		.ascii	"\250\300\336\177T\020\366\341\325\372\207\203r\246\246"
  74      5410F6E1 
  74      D5FA8783 
  74      72A6A6
  75 00fc C2A1D7E1 		.ascii	"\302\241\327\341-\212\250`\337h\377\012%U\376\034W\245"
  75      2D8AA860 
  75      DF68FF0A 
  75      2555FE1C 
  75      57A5
  76 010e D775BC39 		.ascii	"\327u\2749\005\321\024\177k\343\246\031\345W>#\265\372"
  76      05D1147F 
  76      6BE3A619 
  76      E5573E23 
  76      B5FA
  77 0120 740D0D70 		.ascii	"t\015\015p\223\354\330\311\205K;&@8\260\015a\002Z\311"
  77      93ECD8C9 
  77      854B3B26 
  77      4038B00D 
  77      61025AC9 
  78 0134 6C47A025 		.ascii	"lG\240%\030\216\232!3\030\320w{\1772b&|\376\201\246"
  78      188E9A21 
  78      3318D077 
  78      7B7F3262 
  78      267CFE81 
  79 0149 CE41331E 		.ascii	"\316A3\036I\014Z\177\353\337\312\204\345\3637\033\011"
  79      490C5A7F 
  79      EBDFCA84 
  79      E5F3371B 
  79      09
  80 015a CB8876C5 		.ascii	"\313\210v\305\214\230\0312\254\376\276\356\256\036\313"
  80      8C981932 
  80      ACFEBEEE 
  80      AE1ECB
  81 0169 882763B1 		.ascii	"\210'c\261\237\2701L\302\354\025\241^\304\277\000\223"
  81      9FB8314C 
  81      C2EC15A1 
  81      5EC4BF00 
  81      93
  82 017a 5E9497   		.ascii	"^\224\227"
  83              		.text
  84              		.section	.gnu.lto_put.ae028e3d,"",%progbits
  85 0000 789C4D8F 		.ascii	"x\234M\217MKBA\024\206\317\231\271\251\013\353\007\224"
  85      4D4B4241 
  85      1486CF99 
  85      B9A90BEB 
  85      0794
  86 0012 8B1691B8 		.ascii	"\213\026\221\270\351&AR[!\332\267\012\004S\013\274`"
  86      E9264152 
  86      5B21DAB7 
  86      0A04530B 
ARM GAS  C:\Users\User\AppData\Local\Temp\ccI5sYik.s 			page 6


  86      BC60
  87 0024 DDE86A2D 		.ascii	"\335\350j-\235,-*\312\210\222B\320EQie\321\252\335%"
  87      9D2C2D2A 
  87      CA889242 
  87      D0455169 
  87      65D1AADD 
  88 0039 DA5A54F4 		.ascii	"\332ZT\364\007\312VQP\264\212\260\316\250\013\007f\346"
  88      07CA5651 
  88      50B48AB0 
  88      CEA80B07 
  88      66E6
  89 004b 7CBCCFCC 		.ascii	"|\274\317\314y[\200A7\002\214\001@\007m\344\200,}\013"
  89      795B8041 
  89      37028C01 
  89      40076DE4 
  89      802C7D0B 
  90 005f 306F6388 		.ascii	"0oc\2102\0206\2048\3038n\360\014\307\373\305\363,_\347"
  90      32103684 
  90      38C3386E 
  90      F00CC7FB 
  90      C5F32C5F 
  91 0074 39922994 		.ascii	"9\222)\224~\226\367^\332d\212\330Ii\345*\365\256\270"
  91      7E96F75E 
  91      DA648AD8 
  91      4969E52A 
  91      F5AEB8
  92 0087 0E052D33 		.ascii	"\016\005-3\3633\260\271\220\034\316q\006\273\244>B\007"
  92      F333B0B9 
  92      901CCE71 
  92      06BBA43E 
  92      4207
  93 0099 1EA2437E 		.ascii	"\036\242C~q\214.\322>\226\237\322V\356C\240\370r9\177"
  93      718C2ED2 
  93      3E969FD2 
  93      56EE43A0 
  93      F872397F 
  94 00ad 65771E08 		.ascii	"ew\036\010\221\020\346\315\026\027]9\316\261\200\274"
  94      9110E6CD 
  94      16175D39 
  94      CEB180BC 
  95 00bd 19A41260 		.ascii	"\031\244\022`\021\235$\317\246\012\257\234\373k\350"
  95      119D24CF 
  95      A60AAF9C 
  95      FB6BE8
  96 00cc 5BEAEBA3 		.ascii	"[\352\353\243\255\201V\276\231\260\347\270\202'u\264"
  96      AD8156BE 
  96      99B0E7B8 
  96      822775B4 
  97 00dc CF81BD12 		.ascii	"\317\201\275\022T\000O\321)\325\317\027\325\355V\213"
  97      54004FD1 
  97      29D5CF17 
  97      D5ED568B 
  98 00ec 2227A241 		.ascii	"\"'\242A\316\320B\326\241\364\200\246\250\376-\011\363"
  98      CED042D6 
  98      A1F480A6 
  98      A8FE2D09 
  98      F3
ARM GAS  C:\Users\User\AppData\Local\Temp\ccI5sYik.s 			page 7


  99 00fd 771F3343 		.ascii	"w\0373C\014`\205\332\322\373*\015O7\177\307D\276\270"
  99      0C6085DA 
  99      D2FB2A0D 
  99      4F377FC7 
  99      44BEB8
 100 0110 D62E017A 		.ascii	"\326.\001zd'y}g\225\246\031\002\226j\236\210@\251$v"
 100      6427797D 
 100      6795A619 
 100      02966A9E 
 100      8840A924 
 101 0125 D43BE80B 		.ascii	"\324;\350\013\205\265\240\346\363\312s$\032\033\327"
 101      85B5A0E6 
 101      F3CA7324 
 101      1A1BD7
 102 0134 74B767B6 		.ascii	"t\267g\266\317?\247M\215\353sFs\275\256\324\015\267"
 102      CF3FA74D 
 102      8DEB7346 
 102      73BDAED4 
 102      0DB7
 103 0146 A75FD50D 		.ascii	"\247_\325\0155\034\210\250\021-\250\032\321\231\211"
 103      351C88A8 
 103      112DA81A 
 103      D19989
 104 0155 C0A4A14E 		.ascii	"\300\244\241N\305\"\221F\334\023\002\246Mc\360\037d"
 104      C5229146 
 104      DC1302A6 
 104      4D63F01F 
 104      64
 105 0166 2481CF   		.ascii	"$\201\317"
 106              		.text
 107              		.section	.gnu.lto_get.ae028e3d,"",%progbits
 108 0000 789C6365 		.ascii	"x\234ce`bx\307\300\300\020\007\304\322@\314\310\314"
 108      606278C7 
 108      C0C01007 
 108      C4D240CC 
 108      C8CC
 109 0012 C0C834E1 		.ascii	"\300\3104\341\034\003C#\007\023##\210\321\300\301\310"
 109      1C034323 
 109      07132323 
 109      88D1C0C1 
 109      C8
 110 0023 50CFC458 		.ascii	"P\317\304X\317\330\317<\235\231\361b\313\2069\314}\314"
 110      CFD8CF3C 
 110      9D99F162 
 110      CB8639CC 
 110      7DCC
 111 0035 F381CA58 		.ascii	"\363\201\312X\200\334\217gg=\346\003q\031\031\025\200"
 111      80DC8F67 
 111      673DE603 
 111      71191915 
 111      80
 112 0046 DC273BDB 		.ascii	"\334';\333\336\262h.o\000\202\003\323g\261\315\333t"
 112      DEB2682E 
 112      6F008203 
 112      D367B1CD 
 112      DB74
 113 0058 A181733E 		.ascii	"\241\201s>3\023\303L\240\362\025\2142\214\313\031e@"
ARM GAS  C:\Users\User\AppData\Local\Temp\ccI5sYik.s 			page 8


 113      3313C34C 
 113      A0F2158C 
 113      328CCB19 
 113      6540
 114 006a 76AC64D4 		.ascii	"v\254d\324\004*\276|\366\352\004v\346\030F\006 {s\307"
 114      042ABE7C 
 114      F6EA0476 
 114      E6184606 
 114      207B73C7 
 115 007e 829D3CEA 		.ascii	"\202\235<\352K\033\032\232\032\016\034\231\314\334\240"
 115      4B1B1A9A 
 115      1A0E1C99 
 115      CCDCA0
 116 008d 329F9999 		.ascii	"2\237\231\231q\025#3\262F\240\020\003\343jFu\220\372"
 116      71152333 
 116      B246A010 
 116      03E36A46 
 116      7590FA
 117 00a0 471BFF4D 		.ascii	"G\033\377M\345ec\001\031\0144o\015#\033#\220^\177\211"
 117      E5656301 
 117      190C346F 
 117      0D231B23 
 117      905E7F89 
 118 00b4 F140C3BF 		.ascii	"\361@\303\277\377\355\015\007\236,f\334\352\306\304"
 118      FFED0D07 
 118      9E2C66DC 
 118      EAC6C4
 119 00c3 C0D00594 		.ascii	"\300\320\005\224\006\371\241\033\350\006 \315\374\226"
 119      06F9A11B 
 119      E80620CD 
 119      FC96
 120 00d1 B169C1F3 		.ascii	"\261i\301\363\036)\220\006\240!\007\037l\372\310\015"
 120      1E299006 
 120      A021071F 
 120      6CFAC80D 
 121 00e1 723C1323 		.ascii	"r<\023#\013\343Z\260\323\200:\030A*\201z#\235\255b\222"
 121      0BE35AB0 
 121      D3803A18 
 121      412A817A 
 121      239DAD62 
 122 00f6 33329332 		.ascii	"32\2232c\234AdpIiJf\276\241y\231q|yf^J~y1\2628De~\261"
 122      639C4164 
 122      7049694A 
 122      66BEA179 
 122      99717C79 
 123 0116 A1B9997E 		.ascii	"\241\271\231~~\261~Fb\216~Nf\222~qIQjbn\261~^iN\016"
 123      7EB17E46 
 123      628E7E4E 
 123      66927E71 
 123      49516A62 
 124 0131 94AD97CC 		.ascii	"\224\255\227\314\300\224Y\000\000\243\223q\225"
 124      C0945900 
 124      00A39371 
 124      95
 125              		.text
 126              		.section	.gnu.lto_nullObjectInit.ae028e3d,"",%progbits
 127 0000 789C4D50 		.ascii	"x\234MPMK[A\024\275\347\335\227\250\320\006\227\305"
ARM GAS  C:\Users\User\AppData\Local\Temp\ccI5sYik.s 			page 9


 127      4D4B5B41 
 127      14BDE7DD 
 127      97A8D006 
 127      97C5
 128 0012 BA702188 		.ascii	"\272p!\210\233>\244`\240[\241\177\300\225\020\010~\201"
 128      9B3EA460 
 128      A05BA17F 
 128      C0951008 
 128      7E81
 129 0024 0FD344FA 		.ascii	"\017\323D\372\264\202\233LR5\242h\272P\243bxJ\033\322"
 129      B4829B4C 
 129      5235A268 
 129      BA50A362 
 129      784A1BD2 
 130 0038 6A8D9A2E 		.ascii	"j\215\232.\304U\203\033\261\264\225\366\007tQ\305\242"
 130      C455831B 
 130      B1B495F6 
 130      077451C5 
 130      A2
 131 0049 6D17A222 		.ascii	"m\027\242\"\004\214\336\211.\034\230\231{\357\2349\367"
 131      048CDE89 
 131      2E1C9899 
 131      7BEF9C39 
 131      F7
 132 005a 9CEB2183 		.ascii	"\234\353!\203\222 \012\022\321c\331`\202\361\346;Q\254"
 132      92200A12 
 132      D163D960 
 132      82F1E63B 
 132      51AC
 133 006c D20074A0 		.ascii	"\322\000t\240*AQ\003Q$9\305\330I\034m\033\215Y%\253"
 133      2A415103 
 133      512439C5 
 133      D8491C6D 
 133      1B8D5925 
 134 0081 90FAE51D 		.ascii	"\220\372\345\035U#\217\\&\232\227\255\027\262h\024\324"
 134      55238F5C 
 134      269A97AD 
 134      17B26814 
 134      D4
 135 0092 8FE18D45 		.ascii	"\217\341\215E\236b\227\001S\322\323o\013\007>\235\032"
 135      9E629701 
 135      53D2D36F 
 135      0B073E9D 
 135      1A
 136 00a3 A893F4CF 		.ascii	"\250\223\364\317r\376\237\311\001\220\304\251\342\360"
 136      72FE9FC9 
 136      0190C4A9 
 136      E2F0
 137 00b1 8AD99051 		.ascii	"\212\331\220Q*\256\012_\247Y\325\273\314X\001\013!>"
 137      2AAE0A5F 
 137      A759D5BB 
 137      CC58010B 
 137      213E
 138 00c3 A016EF51 		.ascii	"\240\026\357QKR\"\254\242A\343\177o\226f\036z\315\333"
 138      4B5222AC 
 138      A241E37F 
 138      6F96661E 
ARM GAS  C:\Users\User\AppData\Local\Temp\ccI5sYik.s 			page 10


 138      7ACDDB
 139 00d6 86F808AF 		.ascii	"\206\370\010\257h\247\365\237(\250\322uB\025\316\337"
 139      68A7F59F 
 139      28A8D275 
 139      4215CEDF 
 140 00e6 E1E2B929 		.ascii	"\341\342\271)\3125\234\306\005\244-L\260\241o>F\274"
 140      CA359CC6 
 140      05A42D4C 
 140      B0A16F3E 
 140      46BC
 141 00f8 98486FF5 		.ascii	"\230Ho\365\351\177\3025;\262\263_\241eqY\312\345\356"
 141      E97FC235 
 141      3BB2B35F 
 141      A1657159 
 141      CAE5EE
 142 010b 97B1072E 		.ascii	"\227\261\007.\3221\361\266T\343\262\231\026\275k\322"
 142      D231F1B6 
 142      54E3B299 
 142      16BD6BD2 
 143 011b 5F3F660E 		.ascii	"_?f\016\343\271\012kM\373\256s\331\203\034\\\314\225"
 143      E3B90A6B 
 143      4DFBAE73 
 143      D9831C5C 
 143      CC95
 144 012d 4D631DD6 		.ascii	"Mc\035\326}2O\231\354u\361\363\231/z\245d:\236\267\032"
 144      7D324F99 
 144      EC75F1F3 
 144      992F7AA5 
 144      643A9EB7 
 145 0142 27B5BD85 		.ascii	"'\265\275\205\325^\315_\355\262\027\2332\321\215;\362"
 145      D55ECD5F 
 145      EDB2179B 
 145      32D18D3B 
 145      F2
 146 0153 EB937CAE 		.ascii	"\353\223|\256J\300s\322xH3\344\205]\230?!J\377\021_"
 146      4AC073D2 
 146      784833E4 
 146      855D983F 
 146      214AFF11 
 147 0168 FA3B092D 		.ascii	"\372;\011-\271<\341q\021+^\014\242\266\226g\201\316"
 147      B93CE171 
 147      112B5E0C 
 147      A2B69667 
 147      81CE
 148 017a 1EBBC30E 		.ascii	"\036\273\303\016\264\350\263\265\177\240\313\2164\371"
 148      B4E8B3B5 
 148      7FA0CB8E 
 148      34F9
 149 0188 5F3D0D0E 		.ascii	"_=\015\016\332\341\256\310\240s\277~\213\2148M\376f"
 149      DAE1AEC8 
 149      A073BF7E 
 149      8B8C384D 
 149      FE66
 150 019a 2BE2583D 		.ascii	"+\342X=\355!+dwXN\377\313\356\366\027\216\025\036\010"
 150      ED212B64 
 150      77584EFF 
 150      CBEEF617 
ARM GAS  C:\Users\User\AppData\Local\Temp\ccI5sYik.s 			page 11


 150      8E151E08 
 151 01ae 85EEE227 		.ascii	"\205\356\342'\235\304a\247\357\006sI\2474"
 151      9DC461A7 
 151      EF067349 
 151      A734
 152              		.text
 153              		.section	.gnu.lto_vmt.ae028e3d,"",%progbits
 154 0000 789C6365 		.ascii	"x\234ce`b\230\311\300\300\020\315\000\001\323\231\031"
 154      606298C9 
 154      C0C010CD 
 154      0001D399 
 154      19
 155 0011 77EE7C73 		.ascii	"w\356|s\233\275\376oCGC\303\203\3569\314u\363\231\031"
 155      9BBDFE6F 
 155      434743C3 
 155      83EE39CC 
 155      75F39919 
 156 0025 66326348 		.ascii	"f2cH-x\306<\237\231q&3#\206\304*\240\004\323Lf&\014"
 156      2D78C63C 
 156      9F997126 
 156      332386C4 
 156      2AA004D3 
 157 003d 89574CF3 		.ascii	"\211WL\363\231\231g23\203%\276>{\262\237\303b[C\307"
 157      99996732 
 157      338325BE 
 157      3E7BB29F 
 157      C3625B43 
 158 0052 820687F9 		.ascii	"\202\006\207\371\314,3\230\031\030W1\326\317`fd\\\011"
 158      CC2C3398 
 158      19185731 
 158      D6CF6066 
 158      645C09
 159 0065 A2981857 		.ascii	"\242\230\030W\200(f\306\345\214\365\014\214\253\031"
 159      802866C6 
 159      E58CF50C 
 159      8CAB19
 160 0074 2D18229D 		.ascii	"-\030\"\235\255b\22232\2232c\234AdpIiJf\276\241y\231"
 160      AD629233 
 160      32933263 
 160      9C416470 
 160      49694A66 
 161 008c 717C7966 		.ascii	"q|yf^J~y1\2628De~\261\241\271\231~~\261~Fb\216~Nf\222"
 161      5E4A7E79 
 161      31B23844 
 161      657EB1A1 
 161      B9997E7E 
 162 00a9 7E714951 		.ascii	"~qIQjbn\261~^iN\016\224\255\227\314\000\000US[\360"
 162      6A626EB1 
 162      7E5E694E 
 162      0E94AD97 
 162      CC000055 
 163              		.text
 164              		.section	.gnu.lto_.symbol_nodes.ae028e3d,"",%progbits
 165 0000 789C6365 		.ascii	"x\234ce`b\310e\000\002\2469L\365\014\014\023\31610\000"
 165      6062C865 
 165      0002A639 
 165      4CF50C0C 
ARM GAS  C:\Users\User\AppData\Local\Temp\ccI5sYik.s 			page 12


 165      13CE3130 
 166 0015 A91D0B0E 		.ascii	"\251\035\013\0166\260\001\305\3462\3253\242\213\315"
 166      36B001C5 
 166      E632D533 
 166      A28BCD
 167 0024 63AA6742 		.ascii	"c\252gB\027\233\317T\317\214.\266\220\251\236\005&\266"
 167      179BCF54 
 167      CF8C2EB6 
 167      90A99E05 
 167      26B6
 168 0036 ABC19181 		.ascii	"\253\301\221\201\201u\001\023C\203\022\003\0033\003"
 168      81750113 
 168      43831203 
 168      033303
 169 0045 0097641C 		.ascii	"\000\227d\034\271"
 169      B9
 170              		.text
 171              		.section	.gnu.lto_.refs.ae028e3d,"",%progbits
 172 0000 789C05C1 		.ascii	"x\234\005\301\261\001\000\000\010\303\2404\332\335\377"
 172      B1010000 
 172      08C3A034 
 172      DADDFF
 173 000f AF158A1C 		.ascii	"\257\025\212\034\220\265\331\212Q\207\007\003S\000<"
 173      90B5D98A 
 173      51870703 
 173      53003C
 174              		.text
 175              		.section	.gnu.lto_.decls.ae028e3d,"",%progbits
 176 0000 789CBD56 		.ascii	"x\234\275VkL\024W\024\2363\263\273\300\262\200\221\306"
 176      6B4C1457 
 176      149E33B3 
 176      BBC0B280 
 176      91C6
 177 0012 D88434C4 		.ascii	"\330\2044\304\320\224?eE\033m\232\376hC\322\307\017"
 177      D0943F65 
 177      451B6D9A 
 177      FE6843D2 
 177      C70F
 178 0024 6BD25693 		.ascii	"k\322V\223&\233l`\331\3026\260k\231\241\326\376\032"
 178      269B6C60 
 178      D9C236B0 
 178      6B99A1D6 
 178      FE1A
 179 0036 41A868B5 		.ascii	"A\250h\265P\252\210\212\245\330Z\037 Z\021\025\244\202"
 179      50AA888A 
 179      A5D85A1F 
 179      205A1115 
 179      A482
 180 0048 550B8A16 		.ascii	"U\013\212\026|\324ZY(\212R)\362.\210\330\322s\357\235"
 180      7CD45A59 
 180      288A5229 
 180      F22E88D8 
 180      D273EF9D 
 181 005c D7E292FE 		.ascii	"\327\342\222\376h\332\011gv\356\231s\356\367\235\307"
 181      68DA0967 
 181      76EE9973 
 181      EEF79DC7 
ARM GAS  C:\Users\User\AppData\Local\Temp\ccI5sYik.s 			page 13


 182 006c 3D8399E3 		.ascii	"=\203\231\343\271\035\341\034\367\214\300q5\300q\323"
 182      B91DE11C 
 182      F78CC071 
 182      35C071D3 
 183 007c 7885701C 		.ascii	"x\205p\034W\305\351\227\031\3454J\013\312\015\024?\312"
 183      57C5E997 
 183      19E5344A 
 183      0BCA0D14 
 183      3FCA
 184 008e 140A9A73 		.ascii	"\024\012\232s\217\270\300+\017\230\375\\\224'P\016\243"
 184      8FB8C02B 
 184      0F98FD5C 
 184      9427500E 
 184      A3
 185 009f AC4039A9 		.ascii	"\254@9\251\274\007e\257\231W\361,~g\015~-A\374\216\314"
 185      BC0765AF 
 185      9957F12C 
 185      7E670D7E 
 185      2D41FC8E 
 186 00b4 F0BBAEF8 		.ascii	"\360\273\256\370\325\031\374n\004\361\253\307\027\246"
 186      D519FC6E 
 186      04F1ABC7 
 186      17A6
 187 00c2 207EAA8F 		.ascii	" ~\252\217?\210\317\004\276 \271Yi\360{\2002\2162\214"
 187      3F88CF04 
 187      BE20B959 
 187      69F07B80 
 187      328E328C 
 188 00d6 32A4F88E 		.ascii	"2\244\370\216(\277\263\345hR\341|\017\245\033\3456\312"
 188      28BFB3E5 
 188      6852E17C 
 188      0FA51BE5 
 188      36CA
 189 00e8 1DC59F70 		.ascii	"\035\305\237p\032D\371\035\245\037e@\321\371\2258H\016"
 189      1A44F91D 
 189      A51F6540 
 189      D1F99538 
 189      480E
 190 00fa 82E5AF44 		.ascii	"\202\345\257D\200\332Mg\032\370N\350\000\036a\347\260"
 190      80DA4D67 
 190      1AF84EE8 
 190      001E61E7 
 190      B0
 191 010b 4880DD81 		.ascii	"H\200\335\201\012]N\253\027\000\325\243\226\247wfHU"
 191      0A5D4EAB 
 191      1700D5A3 
 191      96A77766 
 191      4855
 192 011d A07A286B 		.ascii	"\240z(k^Y\362\312\226\364Oq\006\303\216\3545CR/\226"
 192      5E59F2CA 
 192      96F44F71 
 192      06C38EEC 
 192      3543522F 
 193 0132 03F640DD 		.ascii	"\003\366@\335To\340u\000\000\243\203aCF[y\257\361\343"
 193      546FE075 
 193      0000A383 
 193      6143465B 
ARM GAS  C:\Users\User\AppData\Local\Temp\ccI5sYik.s 			page 14


 193      79AFF1E3 
 194 0146 F4E0408D 		.ascii	"\364\340@\215~\270\264\365\256\265\013\374D[\376\022"
 194      7EB8B4F5 
 194      AEB50BFC 
 194      445BFE12 
 195 0156 50DD851D 		.ascii	"P\335\205\035eE \360@\236\273&\367\276\222P)\263+\364"
 195      654520F0 
 195      409EBB26 
 195      F7BE9250 
 195      29B32BF4 
 196 016a 493D6DFE 		.ascii	"I=m\376\346}\007\204\315\002,\267\002\301\214BUu\377"
 196      E67D0784 
 196      CD022CB7 
 196      02C18C42 
 196      5575FF
 197 017d 89C908A6 		.ascii	"\211\311\010\246\"\026_M\016\036\263\011s\351s\373\272"
 197      22165F4D 
 197      0E1EB309 
 197      73E973FB 
 197      BA
 198 018e 433B89F5 		.ascii	"C;\211\365\\+\230\010\352\305\355\267#q\371\204\025"
 198      5C2B9808 
 198      EAC5EDB7 
 198      2371F984 
 198      15
 199 019f 624B04BE 		.ascii	"bK\004\276\275\341~w(\304[\367\020\220\306\037\213\023"
 199      BDE17E77 
 199      28C45BF7 
 199      1090C61F 
 199      8B13
 200 01b1 46F36499 		.ascii	"F\363d\231\207\303`\205*\020`?$\020\312\313\255x_/\313"
 200      87C36085 
 200      2A10603F 
 200      2410CACB 
 200      AD785F2F 
 201 01c6 397261AE 		.ascii	"9ra\256\034\366\032\007\325\020\003\007!\206\203C\020"
 201      1CF61A07 
 201      D5100307 
 201      21868343 
 201      10
 202 01d7 4F40891D 		.ascii	"O@\211\035T\242\362\000*\021e\327\351\301\2656\023)"
 202      54A2F200 
 202      2A1165D7 
 202      E9C1B536 
 202      1329
 203 01e9 2BD929C5 		.ascii	"+\331)\305Dt\325y=\373B\0219\006i\203\201s\014\343\\"
 203      4474D579 
 203      3DFB4211 
 203      39066983 
 203      81730CE3 
 204 01fe D3385A65 		.ascii	"\3238Ze\022\312\200,\370\332\232\236\355V\215\326te"
 204      12CA802C 
 204      F8DA9A9E 
 204      ED568DD6 
 204      7465
 205 0210 42DEC784 		.ascii	"B\336\307\204\3261\334\354\250N+F\2435T!\013\3639X\034"
 205      D631DCEC 
ARM GAS  C:\Users\User\AppData\Local\Temp\ccI5sYik.s 			page 15


 205      A84E2B46 
 205      A3355421 
 205      0BF33958 
 206 0225 030B9154 		.ascii	"\003\013\221T-\222\212QH\325 \251#\214\324\276/\366"
 206      2D928A51 
 206      48D520A9 
 206      238CD4BE 
 206      2FF6
 207 0237 9E8910AA 		.ascii	"\236\211\020\252hv\371\322-M5\221\032\302\340\245\005"
 207      6876F9D2 
 207      2D4D3591 
 207      1AC2E0A5 
 207      05
 208 0248 4768E075 		.ascii	"Gh\340u\210p\\G@\300\340\020'\202C\324\017\217\216\200"
 208      88705C47 
 208      40C0E010 
 208      278243D4 
 208      0F8F8E80 
 209 025c 55B15FFF 		.ascii	"U\261_\377\317\366\307\233O\365\331l\033\264\314B=\342"
 209      CFF6C79B 
 209      4FF5D96C 
 209      1BB4CC42 
 209      3DE2
 210 026e ABC9E5E0 		.ascii	"\253\311\345\340$\330\224\232\177\346\357\277\024I\023"
 210      24D8949A 
 210      7FE6EFBF 
 210      144913
 211 027d 8A3AF816 		.ascii	"\212:\370\026hF\267^\316)\017\243\312\0256h`\272\263"
 211      6846B75E 
 211      CE290FA3 
 211      CA153668 
 211      60BAB3
 212 0290 D3138D51 		.ascii	"\323\023\215Q\254\334<./\017\265\226\205\263r\317\301"
 212      ACDC3C2E 
 212      2F0FB596 
 212      85B372CF 
 212      C1
 213 02a1 656FF785 		.ascii	"eo\367\205\212\250\371[iK\345\312sX\241\033\021\357"
 213      8AA8F95B 
 213      694BE5CA 
 213      7358A11B 
 213      11EF
 214 02b3 14C56B82 		.ascii	"\024\305k\202\371x\377\016L\014\264t\357\347\035a\013"
 214      F978FF0E 
 214      4C0CB474 
 214      EFE71D61 
 214      0B
 215 02c4 CAE5B65F 		.ascii	"\312\345\266_\261\006\367\027\376\261;_nC\307\227\250"
 215      B106F717 
 215      FEB13B5F 
 215      6E43C797 
 215      A8
 216 02d5 21ECD3D3 		.ascii	"!\354\323\323\204\217x\337\013]\000\337@'6\374iX\200"
 216      848F78DF 
 216      0B5D00DF 
 216      402736FC 
 216      695880
ARM GAS  C:\Users\User\AppData\Local\Temp\ccI5sYik.s 			page 16


 217 02e8 FE934517 		.ascii	"\376\223E\027k\314B\201\011fk\211+S\237\015\363\306"
 217      6BCC4281 
 217      09666B89 
 217      2B539F0D 
 217      F3C6
 218 02fa F0EB02C2 		.ascii	"\360\353\002\302?\253\205\177i\354\302x\004uF\035\234"
 218      3FAB857F 
 218      69ECC278 
 218      0475461D 
 218      9C
 219 030b 61A1EEBA 		.ascii	"a\241\356\272\275\347\224Y\015\377\034\323\265\216\347"
 219      BDE79459 
 219      0DFF1CD3 
 219      B58EE7
 220 031a 35F1B307 		.ascii	"5\361\263\007\330L\003\374A\015\260\376\352\266kV%\300"
 220      D84C03FC 
 220      410DB0FE 
 220      EAB66B56 
 220      25C0
 221 032c 5B5B05F9 		.ascii	"[[\005\371s\364\232C\214\340{=\270\357g\006\327B\203"
 221      73F49A43 
 221      8CE07B3D 
 221      B8EF6706 
 221      D74283
 222 033f 9B1E1CED 		.ascii	"\233\036\034\355\264\011\237\262\340\206\177\350\331"
 222      B4099FB2 
 222      E0867FE8 
 222      D9
 223 034c 02944A9D 		.ascii	"\002\224J\235\026\334\350\216\2355\032\275\013\214^"
 223      16DCE88E 
 223      9D351ABD 
 223      0B8C5E
 224 035b DEA6AA12 		.ascii	"\336\246\252\022+\226\303\302\216n\010\252z\206\036"
 224      2B96C3C2 
 224      8E6E08AA 
 224      7A861E
 225 036a D69A988A 		.ascii	"\326\232\230\212\220\376\020Ue\245\035\207#\205b\272"
 225      90FE1055 
 225      65A51D87 
 225      238562BA 
 226 037a 35DFDF5D 		.ascii	"5\337\337]\260!\324p\024\226\224\016\311r,\264#\316"
 226      B021D470 
 226      1496940E 
 226      C9722CB4 
 226      23CE
 227 038c 8F3A498B 		.ascii	"\217:I\213\322\247\362c'\264\015;\317\242t\336%T^d\235"
 227      D2A7F263 
 227      27B40D3B 
 227      CFA274DE 
 227      25545E64 
 228 03a1 37323954 		.ascii	"729T\203\307\215al\350\036\3713\012\254\361A7\270\032"
 228      83C78D61 
 228      6CE81EF9 
 228      330AACF1 
 228      4137B81A 
 229 03b5 6403F5D4 		.ascii	"d\003\365\324,:JO\315\025$sY'\323NO\015\202\\\377\344"
 229      2C3A4A4F 
ARM GAS  C:\Users\User\AppData\Local\Temp\ccI5sYik.s 			page 17


 229      CD152473 
 229      5927D34E 
 229      4F0D825C 
 230 03cb CA4D8BF0 		.ascii	"\312M\213\3605\003\231\354k\256\012\327\002\351\332"
 230      350399EC 
 230      6BAE0AD7 
 230      02E9DA
 231 03da 2414ECFE 		.ascii	"$\024\354\376T\226Mp\035\235\257\351\316W`\326P~\012"
 231      54964D70 
 231      1D9DAFE9 
 231      CE5760D6 
 231      507E0A
 232 03ed 1ECAA1BE 		.ascii	"\036\312\241\276\302\257m\306\232_\017\250\371\317\264"
 232      C2AF6DC6 
 232      9A5F0FA8 
 232      F9CFB4
 233 03fc E6AD6ACD 		.ascii	"\346\255j\315+'~\253\013\327\232\372\271^\275\251\321"
 233      2B277EAB 
 233      0BD79AFA 
 233      B95EBDA9 
 233      D1
 234 040d 10CEEB44 		.ascii	"\020\316\353D\316\317\254\373\015Z\367j\177\305\372"
 234      CECFACFB 
 234      0D5AF76A 
 234      7FC5FA
 235 041c 08A1D84C 		.ascii	"\010\241\330L\353~\260r\352\220U\2551+\373\301\302\373"
 235      EB7EB072 
 235      EA9055AD 
 235      312BFBC1 
 235      C2FB
 236 042e F36627D3 		.ascii	"\363f'\323A\311\334T\311\374\331\262\361\230E!\3237"
 236      41C9DC54 
 236      C9FCD9B2 
 236      F1984521 
 236      D337
 237 0440 BF546ECC 		.ascii	"\277Tn\314\221I>\321\012~\321\231\3742\223\211\2372"
 237      91493ED1 
 237      0A7ED199 
 237      FC329389 
 237      9F32
 238 0452 29DCFC70 		.ascii	")\334\374p*T(aL\212\246\277\272\032&\354a\213\355\365"
 238      2A542861 
 238      4C8AA6BF 
 238      BA1A26EC 
 238      618BEDF5 
 239 0466 63E7CD6C 		.ascii	"c\347\315l\010\204\342rh*\367L\270\361\230\221H\365"
 239      0884E272 
 239      682AF74C 
 239      B8F19891 
 239      48F5
 240 0478 63D6AD1D 		.ascii	"c\326\255\035\263\201\374:\177\244\260\237m\362\327"
 240      B381FC3A 
 240      7FA4B09F 
 240      6DF2D7
 241 0487 B90DBD21 		.ascii	"\271\015\275!F\257\346\000\257\333\232\327\265\336\023"
 241      46AFE600 
 241      AFDB9AD7 
ARM GAS  C:\Users\User\AppData\Local\Temp\ccI5sYik.s 			page 18


 241      B5DE13
 242 0496 E3E14235 		.ascii	"\343\341B5\363*8|\357A\244\321\253)\300\353\216\346"
 242      F32A387C 
 242      EF41A4D1 
 242      AB29C0EB 
 242      8EE6
 243 04a8 957370AC 		.ascii	"\225sp\2545R8\312\274\32415\227\215\251\332\273-\347"
 243      355238CA 
 243      BCD43135 
 243      978DA9DA 
 243      BB2DE7
 244 04bb AC6C6AC9 		.ascii	"\254lj\311\344SQ\262\253\366\333\200\000:\0026\275\247"
 244      E45351B2 
 244      ABF6DB80 
 244      003A0236 
 244      BDA7
 245 04cd 6E6A29DC 		.ascii	"nj)\334XQf\203\350\270\270\370\270\270\"\332BXY\023"
 245      58516683 
 245      E8B8B8F8 
 245      B8B822DA 
 245      42585913 
 246 04e1 07BFA16D 		.ascii	"\007\277\241m/i\241\273\230\325>\210&\231\205\373\330"
 246      2F69A1BB 
 246      98D53E88 
 246      269985FB 
 246      D8
 247 04f2 4E831007 		.ascii	"N\203\020\007\277\243\364\243\014@\034\375\304V\020"
 247      BFA3F4A3 
 247      0C401CFD 
 247      C45610
 248 0501 9CC6AEE3 		.ascii	"\234\306\256\343\302\300\236|\2710\231D\012\267\024"
 248      C2C09E7C 
 248      B9309944 
 248      0AB714
 249 0510 3FAD17ED 		.ascii	"?\255\027\355\004\270\232\300+\366\315\320\274\220\244"
 249      04B89AC0 
 249      2BF6CDD0 
 249      BC90A4
 250 051f 92B65080 		.ascii	"\222\266P\200\351\257\224d\"1e\275?\220/\340\027\235"
 250      E9AF9464 
 250      223165BD 
 250      3F902FE0 
 250      179D
 251 0531 18714A89 		.ascii	"\030qJ\211u\330\361%\330\005\353\004\022\023m\201 ;"
 251      75D8F125 
 251      D805EB04 
 251      12136D81 
 251      203B
 252 0543 3D868A49 		.ascii	"=\206\212I\205\236\240\004)(\231E\3719[\"\242\225\214"
 252      859EA004 
 252      29289945 
 252      F9395B22 
 252      A2958C
 253 0556 AC9F2D23 		.ascii	"\254\237-#\\\320t\240{\356\316\323[\303\214\371\037"
 253      5CD074A0 
 253      7BEECED3 
 253      5BC38CF9 
ARM GAS  C:\Users\User\AppData\Local\Temp\ccI5sYik.s 			page 19


 253      1F
 254 0567 32207130 		.ascii	"2 q0\254\346_8\360eyC8\304\305G3v\347\266=U\234+#C\264"
 254      ACE65F38 
 254      F0657943 
 254      38C4C547 
 254      3376E7B6 
 255 0582 C0EE1560 		.ascii	"\300\356\025`,8C\226\226\361\022\232\226\261\300\264"
 255      2C384396 
 255      96F1129A 
 255      96B1C0B4 
 256 0592 14299380 		.ascii	"\024)\223\200\220\326!\307\224\032\216b\015Gt\242;7"
 256      90D621C7 
 256      941A8E62 
 256      0D4774A2 
 256      3B37
 257 05a4 77D4DA84 		.ascii	"w\324\332\2042\013\0358G\012\216\236\342!:>\330\016"
 257      320B1D38 
 257      470A8E9E 
 257      E2213A3E 
 257      D80E
 258 05b6 30818EC1 		.ascii	"0\201\216\3016aT~\332f!T\306\321\340\017\375\034\022"
 258      3661547E 
 258      DA662154 
 258      C6D1E00F 
 258      FD1C12
 259 05c9 661CFB6E 		.ascii	"f\034\373n\265w\206\032\3631\036\220\217\007Z\2237\177"
 259      B577861A 
 259      F3311E90 
 259      8F075A93 
 259      377F
 260 05db 3CB185A7 		.ascii	"<\261\205\247\363\001u\312\200hx\264\361\023\223qB\254"
 260      F30175CA 
 260      806878B4 
 260      F1139371 
 260      42AC
 261 05ed 9C671810 		.ascii	"\234g\030\020\017\351\200\230T\007D\333Z\377\311\020"
 261      0FE98098 
 261      540744DB 
 261      5AFFC910 
 262 05fd 1C10E574 		.ascii	"\034\020\345tZ\275\270\275R\233Vh\210\263@\343\3269"
 262      5ABDB8BD 
 262      529B5668 
 262      88B340E3 
 262      D639
 263 060f 73464CD1 		.ascii	"sFL\321\031\321\332>\325\024\365\364n\271\255Qn\274"
 263      19D1DA3E 
 263      D514F5F4 
 263      6EB9AD51 
 263      6EBC
 264 0621 5B3A0F3F 		.ascii	"[:\017?p\254x]\314Sk\003\216j\336\306\177\254\037\301"
 264      70AC785D 
 264      CC536B03 
 264      8E6ADEC6 
 264      7FAC1FC1 
 265 0635 D39C6575 		.ascii	"\323\234eu\226Gr\213\241\257\276\261\"6)1\221\263\210"
 265      9647728B 
 265      A1AFBEB1 
ARM GAS  C:\Users\User\AppData\Local\Temp\ccI5sYik.s 			page 20


 265      22362931 
 265      91B388
 266 0648 9E8FDC4E 		.ascii	"\236\217\334N)\007\\/8\\\351\236\024\017\273\213Rv\252"
 266      29075C2F 
 266      385CE99E 
 266      140FBB8B 
 266      5276AA
 267 065b C797B8F4 		.ascii	"\307\227\270\364\203\305\316\325\036o\252o\265h\324"
 267      83C5CED5 
 267      1E6FAA6F 
 267      B568D4
 268 066a 3B249F2F 		.ascii	";$\237/Ct\244y\263c\351SlrVf\254;3\305\235\232\352N"
 268      4374A479 
 268      B363E953 
 268      6C725666 
 268      AC3B33C5 
 269 0682 752C4958 		.ascii	"u,IX\034\273ha\342\322\367\023\035\031\236\024G\232"
 269      1CBB6861 
 269      E2D2F713 
 269      1D199E14 
 269      479A
 270 0694 CBE5C0F7 		.ascii	"\313\345\300\367\317z}^\367\263\356dD@\203\204D\207"
 270      CF7A7D5E 
 270      F7B3EE64 
 270      44408384 
 270      4487
 271 06a6 C7EBCAC8 		.ascii	"\307\353\312\310Nu;D\011\275\336MH\347\302\234\316l"
 271      4E753B44 
 271      09BDDE4D 
 271      48E7C29C 
 271      CE6C
 272 06b8 8F577ADE 		.ascii	"\217Wz\336)\255\373o\330\004\262P\3613\223q/\257\333"
 272      29ADFB6F 
 272      D804B250 
 272      F1339371 
 272      2FAFDB
 273 06cb E14416C9 		.ascii	"\341D\026\311\331\031\222SZ\263\312-\"\237\020\205\315"
 273      D9199253 
 273      5AB3CA2D 
 273      229F1085 
 273      CD
 274 06dc 9AFF918C 		.ascii	"\232\377\221\214\270Ft81#\210\214\014\336IR\221\223"
 274      B8467438 
 274      3123888C 
 274      0CDE4952 
 274      9193
 275 06ee C8FDADC7 		.ascii	"\310\375\255\307\221\015zf\351\023\023\227.\261\373"
 275      910D7A66 
 275      E9131397 
 275      2EB1FB
 276 06fd 447B7A72 		.ascii	"D{zr\206\035\323o\027\245,wr\246h\367fgd(\317\011.\316"
 276      861DD36F 
 276      17A52C77 
 276      72A668F7 
 276      66676428 
 277 0715 8C0FA9A2 		.ascii	"\214\017\251\242\260*[\302\254#\330\342EN)D\3715g\212"
 277      B02A5BC2 
ARM GAS  C:\Users\User\AppData\Local\Temp\ccI5sYik.s 			page 21


 277      AC23D8E2 
 277      454E2944 
 277      F935678A 
 278 0729 694E29ED 		.ascii	"iN)\355_`\273|\231\231>\257}\225/K\022\355/\277\271"
 278      5F60BB7C 
 278      99993EAF 
 278      7D952F4B 
 278      12ED2FBF 
 279 073e 2C69D987 		.ascii	",i\331\207D\267\312\223\341\316\022\355\257&%\331]\351"
 279      44B7CA93 
 279      E1CE12ED 
 279      AF2625D9 
 279      5DE9
 280 0750 6A968534 		.ascii	"j\226\2054\267\024I\310-Oy\317\355\222^\367z$\341\203"
 280      B71449C8 
 280      2D4F79CF 
 280      ED925EF7 
 280      7A24E183 
 281 0764 4CC94408 		.ascii	"L\311D\010\232i\263F\274\201o\337\242\324W.{\373\277"
 281      9A69B346 
 281      BC816FDF 
 281      A2D4572E 
 281      7BFBBF
 282 0777 CA493A67 		.ascii	"\312I:g\325q\376\006\335\316\206z"
 282      D571FE06 
 282      DDCE867A 
 283              		.text
 284              		.section	.gnu.lto_.symtab.ae028e3d,"",%progbits
 285 0000 6E756C6C 		.ascii	"nullObjectInit\000"
 285      4F626A65 
 285      6374496E 
 285      697400
 286 000f 00       		.ascii	"\000"
 287 0010 00       		.ascii	"\000"
 288 0011 00       		.ascii	"\000"
 289 0012 00000000 		.ascii	"\000\000\000\000\000\000\000\000"
 289      00000000 
 290 001a FB000000 		.ascii	"\373\000\000\000"
 291              		.text
 292              		.section	.gnu.lto_.opts,"",%progbits
 293 0000 272D666D 		.ascii	"'-fmath-errno' '-fsigned-zeros' '-ftrapping-math' '"
 293      6174682D 
 293      6572726E 
 293      6F272027 
 293      2D667369 
 294 0033 2D666E6F 		.ascii	"-fno-trapv' '-fno-openmp' '-fno-openacc' '-mcpu=cor"
 294      2D747261 
 294      70762720 
 294      272D666E 
 294      6F2D6F70 
 295 0066 7465782D 		.ascii	"tex-m7' '-mno-thumb-interwork' '-mthumb' '-ggdb' '-"
 295      6D372720 
 295      272D6D6E 
 295      6F2D7468 
 295      756D622D 
 296 0099 4F322720 		.ascii	"O2' '-fomit-frame-pointer' '-falign-functions=16' '"
 296      272D666F 
ARM GAS  C:\Users\User\AppData\Local\Temp\ccI5sYik.s 			page 22


 296      6D69742D 
 296      6672616D 
 296      652D706F 
 297 00cc 2D666675 		.ascii	"-ffunction-sections' '-fdata-sections' '-fno-common"
 297      6E637469 
 297      6F6E2D73 
 297      65637469 
 297      6F6E7327 
 298 00ff 2720272D 		.ascii	"' '-flto'\000"
 298      666C746F 
 298      2700
 299              		.text
 300              		.comm	__gnu_lto_v1,1,1
 301              		.comm	__gnu_lto_slim,1,1
 302              		.ident	"GCC: (GNU Tools for ARM Embedded Processors 6-2017-q1-update) 6.3.1 20170215 (release) [AR
ARM GAS  C:\Users\User\AppData\Local\Temp\ccI5sYik.s 			page 23


DEFINED SYMBOLS
                            *ABS*:00000000 nullstreams.c
                            *COM*:00000001 __gnu_lto_v1
                            *COM*:00000001 __gnu_lto_slim

NO UNDEFINED SYMBOLS
