ARM GAS  C:\Users\User\AppData\Local\Temp\cc0Pj2Gc.s 			page 1


   1              		.cpu cortex-m7
   2              		.eabi_attribute 20, 1
   3              		.eabi_attribute 21, 1
   4              		.eabi_attribute 23, 3
   5              		.eabi_attribute 24, 1
   6              		.eabi_attribute 25, 1
   7              		.eabi_attribute 26, 1
   8              		.eabi_attribute 30, 2
   9              		.eabi_attribute 34, 1
  10              		.eabi_attribute 18, 4
  11              		.file	"nvic.c"
  12              		.text
  13              	.Ltext0:
  14              		.section	.gnu.lto_.profile.ae029ede,"",%progbits
  15 0000 789C6365 		.ascii	"x\234ce`b`a```d\220\022\003\000\000\312\000="
  15      60626061 
  15      60606064 
  15      90120300 
  15      00CA003D 
  16              		.text
  17              		.section	.gnu.lto_.icf.ae029ede,"",%progbits
  18 0000 789C6365 		.ascii	"x\234ce`b\220b@\000\026\206\027\337\372'q3~\336ur'\033"
  18      60629062 
  18      40001686 
  18      17DFFA27 
  18      71337EDE 
  19 0018 D385E635 		.ascii	"\323\205\3465\217\270\231;\356\375hab\000\000\253P\014"
  19      8FB8993B 
  19      EEFD6861 
  19      620000AB 
  19      500C
  20 002a 3B       		.ascii	";"
  21              		.text
  22              		.section	.gnu.lto_.jmpfuncs.ae029ede,"",%progbits
  23 0000 789C6365 		.ascii	"x\234ce`b\220b@\000\026\006&FF\346\372zF \250g\202\260"
  23      60629062 
  23      40001606 
  23      264646E6 
  23      FA7A4620 
  24 0018 99416C06 		.ascii	"\231Al\006\000)\250\003:"
  24      0029A803 
  24      3A
  25              		.text
  26              		.section	.gnu.lto_.inline.ae029ede,"",%progbits
  27 0000 789C4D8C 		.ascii	"x\234M\214\321\021\2000\014B!M\323\350\217#\324\011"
  27      D1118030 
  27      0C42214D 
  27      D3E88F23 
  27      D409
  28 0012 5CD2453A 		.ascii	"\\\322E:\222\2438\202\261\236U>\270\343\036\220!\330"
  28      92A33882 
  28      B19E553E 
  28      B8E31E90 
  28      21D8
  29 0024 F1498179 		.ascii	"\361I\201y\242pe\204\333\324\316\015\326\252@\216E\021"
  29      A2706584 
  29      DBD4CE0D 
ARM GAS  C:\Users\User\AppData\Local\Temp\cc0Pj2Gc.s 			page 2


  29      D6AA408E 
  29      4511
  30 0036 C9833808 		.ascii	"\311\2038\010/d\257$m\365\251\004\325~\"\310J\366\227"
  30      2F64AF24 
  30      6DF5A904 
  30      D57E22C8 
  30      4AF697
  31 0049 14BBDF41 		.ascii	"\024\273\337A(\241\330;\035pLq\001\226\277\015\245"
  31      28A1D83B 
  31      1D704C71 
  31      0196BF0D 
  31      A5
  32              		.text
  33              		.section	.gnu.lto_.pureconst.ae029ede,"",%progbits
  34 0000 789C6365 		.ascii	"x\234ce`b\340d```a\220b\224b\222b\226\002\000\002\321"
  34      6062E064 
  34      60606061 
  34      90629462 
  34      92629602 
  35 0017 0083     		.ascii	"\000\203"
  36              		.text
  37              		.section	.gnu.lto_nvicEnableVector.ae029ede,"",%progbits
  38 0000 789C9D53 		.ascii	"x\234\235SMHTQ\024\276\337;3\363ft\234\326\321\220."
  38      4D485451 
  38      14BEDF3B 
  38      33F36674 
  38      9CD6D190 
  39 0015 0271D363 		.ascii	"\002q\323c\010\022\332\325@;7\265\013Cj\\8\220\363\304"
  39      0812DAD5 
  39      403B37B5 
  39      0B436A5C 
  39      3890F3C4 
  40 0029 316DE775 		.ascii	"1m\347u\264\221,J\312\237\214\2067\201\345_:jVj\005"
  40      B4912C4A 
  40      CA9F8C86 
  40      3781E55F 
  40      3A6A566A 
  41 003e C320C42C 		.ascii	"\303 \304,,\012wA\213&\212Y\0306\264h\241\326\271\357"
  41      2C0A7741 
  41      8B268A59 
  41      1836B468 
  41      A1D6B9EF 
  42 0052 0D24548B 		.ascii	"\015$T\213\272p\177\3169\337w\316\371\356}\317-4q\202"
  42      BA707FCE 
  42      39DF77CE 
  42      F9EE7DCF 
  42      2D347182 
  43 0066 84880821 		.ascii	"\204\210\010!\016\360\004\011h\203\257\204\350\361j"
  43      0EF00409 
  43      6883AF84 
  43      E8F16A
  44 0075 803A482F 		.ascii	"\200:H/D\267\206n\334\240QB\256\377\323\212V7!ydGK\373"
  44      44B7866E 
  44      DCA05142 
  44      AEFFD38A 
  44      56372179 
  45 008d E5641616 		.ascii	"\345d\026\026\323\307x\252\201\011\3241\352M\337\374"
ARM GAS  C:\Users\User\AppData\Local\Temp\cc0Pj2Gc.s 			page 3


  45      D3C778AA 
  45      8109D431 
  45      EA4DDFFC 
  46 009d 5DBA4E16 		.ascii	"]\272N\026\001.6\277\256\337)\004\224\251\241\206\315"
  46      012E36BF 
  46      AEDF2904 
  46      94A9A186 
  46      CD
  47 00ae 1D393412 		.ascii	"\03594\022\240\263\020|\036\313\015\277\253\252\275"
  47      A0B3107C 
  47      1ECB0DBF 
  47      ABAABD
  48 00bd 2F654266 		.ascii	"/eBf\327\206H\036\262\2100\015\342\204\230B\020\223"
  48      D786481E 
  48      B288300D 
  48      E2849842 
  48      1093
  49 00cf 080A7609 		.ascii	"\010\012v\011\314\240\226\3413\211\317\233DM6\365J~"
  49      CCA096E1 
  49      3389CF9B 
  49      444D36F5 
  49      4A7E
  50 00e1 A7A097A9 		.ascii	"\247\240\227\251\037\207\313\324\207\177\240\316\242"
  50      1F87CBD4 
  50      877FA0CE 
  50      A2
  51 00ee 56E13F2C 		.ascii	"V\341?,\354\016Wy\\N\257\230\203\007\274g\336\"+w\177"
  51      EC0E5779 
  51      5C4EAF98 
  51      8307BC67 
  51      DE222B77 
  52 0103 F4CBECC6 		.ascii	"\364\313\354\306\003\214\236\364\003\012\2561\321Ej"
  52      038C9EF4 
  52      030AAE31 
  52      D1456A
  53 0112 714355D6 		.ascii	"qCU\326\371\350\366\252\305\307\213G\210\001\316\241"
  53      F9E8F6AA 
  53      C5C78B47 
  53      8801CEA1 
  54 0122 2EE72A69 		.ascii	".\347*ij\247\"\022\245\376\235L\205J\233\"-E\020E\364"
  54      6AA72212 
  54      A5FE9D4C 
  54      854A9B22 
  54      2D451045 
  55 0137 6E25E138 		.ascii	"n%\3418\210}{\257\305\003\0272\334^\021\271\221|\265"
  55      887D7BAF 
  55      C5031732 
  55      DC5E11B9 
  55      917CB5
  56 014a C27074E4 		.ascii	"\302pt\344r\356\265\256\242\272-o\351\336\227\357~\307"
  56      72EEB5AE 
  56      A2BA2D6F 
  56      E9DE97EF 
  56      7EC7
  57 015c 94B95E19 		.ascii	"\224\271^\031`\327\315\315\322r\300B\252\207o?}\320"
  57      60D7CDCD 
  57      D272C042 
ARM GAS  C:\Users\User\AppData\Local\Temp\cc0Pj2Gc.s 			page 4


  57      AA876F3F 
  57      7DD0
  58 016e 222F1658 		.ascii	"\"/\026X\347<'R\204\365\367\213\203\373\214Y\331\327"
  58      E73C2752 
  58      84F5F78B 
  58      83FB8C59 
  58      D9D7
  59 0180 236B2CF2 		.ascii	"#k,\362a\021\026n\333\357\242\262M\177\233\244PF\005"
  59      6111166E 
  59      DBEFA2B2 
  59      4D7F9BA4 
  59      504605
  60 0193 D3318B2A 		.ascii	"\3231\213*\360\010F\212\334\366\233-!\304-\252\206K"
  60      F008468A 
  60      DCF69B2D 
  60      21C42DAA 
  60      864B
  61 01a5 C9D442BA 		.ascii	"\311\324B\272\334\263\316a&\346\307W\267\375N\317n<"
  61      DCB3CE61 
  61      26E6C757 
  61      B7FD4ECF 
  61      6E3C
  62 01b7 B67BEEDD 		.ascii	"\266{\356\335NN\371\034\220\327\001\335\032\237[\251"
  62      4E4EF91C 
  62      90D701DD 
  62      1A9F5BA9 
  63 01c7 522037AA 		.ascii	"R 7\252\361\304\001m%\363\272\003\362\251\372k/\223"
  63      F1C4016D 
  63      25F3BA03 
  63      F2A9FA6B 
  63      2F93
  64 01d9 5E270DF0 		.ascii	"^'\015\360\024A\246:\352\215\262\372\177\321V\211e["
  64      1441A63A 
  64      EA8DB2FA 
  64      7FD15689 
  64      655B
  65 01eb 1B7ED7D6 		.ascii	"\033~\327\326i\221\037+J\233nk[U\332|v\251\342@\241"
  65      69911F2B 
  65      4A9B6E6B 
  65      5B55DA7C 
  65      76A9E240 
  66 0200 F2BF8A3D 		.ascii	"\362\277\212=\263\213i\177)\366\374W\261\027N\261M$"
  66      B38B697F 
  66      29F6FC57 
  66      B1174EB1 
  66      4D24
  67 0212 D2996BF6 		.ascii	"\322\231k\3665\332?\305\0007\312\037\011'8\023>\326"
  67      35DA3FC5 
  67      0037CA1F 
  67      09273813 
  67      3ED6
  68 0224 1869899E 		.ascii	"\030i\211\236\2176\206\325z\272\343bs\324\014\325w\036"
  68      8F3686D5 
  68      7ABAE362 
  68      73D40CD5 
  68      771E
  69 0236 69EA8AC6 		.ascii	"i\352\212\306\232\315\256\370^\277\2034\343\241\372"
ARM GAS  C:\Users\User\AppData\Local\Temp\cc0Pj2Gc.s 			page 5


  69      9ACDAEF8 
  69      5EBF8334 
  69      E3A1FA
  70 0245 A3861937 		.ascii	"\243\206\0317Z\316]0\332\314\366\216\270\0211[[\315"
  70      5ACE5D30 
  70      DACCF68E 
  70      B811315B 
  70      5BCD
  71 0257 9871FC54 		.ascii	"\230q\374TC\270\341\222\021\353\214F\016G\004b\256\266"
  71      43B8E192 
  71      11EB8C46 
  71      0E470462 
  71      AEB6
  72 0269 F6A8F913 		.ascii	"\366\250\371\023\270\262)\332"
  72      B8B229DA 
  73              		.text
  74              		.section	.gnu.lto_nvicDisableVector.ae029ede,"",%progbits
  75 0000 789C9592 		.ascii	"x\234\225\222Mh\023Q\020\307\337\177g\223lm\223^\005"
  75      4D681351 
  75      10C7DF7F 
  75      67936C6D 
  75      935E05
  76 0013 83F62094 		.ascii	"\203\366 \224^\\\202`\301\233\004\274\365\2427\251\212"
  76      5E5C8260 
  76      C19B04BC 
  76      F5A237A9 
  76      8A
  77 0024 A64217EC 		.ascii	"\246B\027\354\256\230\232z\353K?R\250\250E\333\324\212"
  77      AE989A7A 
  77      EB4B3F52 
  77      A8A845DB 
  77      D48A
  78 0036 6123449A 		.ascii	"a#D\232\266\266\351G\324\326S\010\202\004\214\242\340"
  78      B6B6E947 
  78      D4D65308 
  78      82048CA2 
  78      E0
  79 0047 49F06045 		.ascii	"I\360`E\364P\251\245\007\017\265:o\327C\301\223\017"
  79      F450A9A5 
  79      070FB53A 
  79      6FD743C1 
  79      930F
  80 0059 DEC7BCFD 		.ascii	"\336\307\274\375\315\374g\346m@h\342\222&\3049!\304"
  80      CDFC67E6 
  80      6D4068E2 
  80      9226C439 
  80      21C4
  81 006b 019E2001 		.ascii	"\001\236 \001m\354\265\020iC\003\324A\032\020\375\032"
  81      6DECB510 
  81      694303D4 
  81      411A10FD 
  81      1A
  82 007c FA719B26 		.ascii	"\372q\233&\011\325\221/kZ\333\264\344Q\231,\0073rx\277"
  82      09D5912F 
  82      6B5ADBB4 
  82      E451992C 
  82      07337278 
ARM GAS  C:\Users\User\AppData\Local\Temp\cc0Pj2Gc.s 			page 6


  83 0091 4B424CF1 		.ascii	"KBL\361T\003\323hc\352\355\320\342\003\272E.\001:\233"
  83      5403D368 
  83      63EAEDD0 
  83      E203BA45 
  83      2E013A9B 
  84 00a5 3FEAF7D7 		.ascii	"?\352\367\327#\312\324\320\302\346/9\236\215\320Y\010"
  84      23CAD4D0 
  84      C2E62F39 
  84      9E8DD059 
  84      08
  85 00b6 3E4F5527 		.ascii	">OU'>\204[\037I9 +\257\306I\036v\2110\013\342\200\230"
  85      3E845B1F 
  85      4939202B 
  85      AFC6491E 
  85      7689300B 
  86 00cd 41144544 		.ascii	"A\024ED\005_\011\314\241U\361\237\226v'\302A\335\027"
  86      055F09CC 
  86      A155F19F 
  86      967627C2 
  86      41DD17
  87 00e0 C46304C1 		.ascii	"\304c\004\301{\351\035*r\367\367\210\254|.\340\375I"
  87      7BE91D2A 
  87      72F7F788 
  87      AC7C2EE0 
  87      FD49
  88 00f2 0350B8C6 		.ascii	"\003P\270\306\216:\251E\347% \304(\373\250\212n\220"
  88      8E3AA945 
  88      E72520C4 
  88      28FBA88A 
  88      6E90
  89 0104 A676FA86 		.ascii	"\246v\372\206\301\255L}%\017\025'GZ\216\300\012\265"
  89      C1AD4C7D 
  89      250F1527 
  89      475A8EC0 
  89      0AB5
  90 0116 C2F39D26 		.ascii	"\302\363\235&\225l\000\001\314\263<c;\231\231\006\037"
  90      956C0001 
  90      CCB33C63 
  90      3B999906 
  90      1F
  91 0127 221FBA5B 		.ascii	"\"\037\272[XX\013+H\307!,\370\320f\246\026\362!Us\371"
  91      58580B2B 
  91      48C7212C 
  91      F8D066A6 
  91      16F22155 
  92 013d C5CB8CE1 		.ascii	"\305\313\214\341\207\001J\210\262+C\325l\315T\014\003"
  92      87014A88 
  92      B22B43D5 
  92      6CCD540C 
  92      03
  93 014e D9E1EA9B 		.ascii	"\331\341\352\233\220\002\202^#\312\017\277\377l\362"
  93      9002825E 
  93      23CA0FBF 
  93      FF6CF2
  94 015d 4D591D94 		.ascii	"MY\035\224\021\276\272\263\261\265\032q\221Ks\263\363"
  94      11BEBAB3 
  94      B1B51A71 
ARM GAS  C:\Users\User\AppData\Local\Temp\cc0Pj2Gc.s 			page 7


  94      914B73B3 
  94      F3
  95 016e 075D0A61 		.ascii	"\007]\012a\211;\262\310j\312\241\376qy\254\331\234\227"
  95      893BB2C8 
  95      6ACAA1FE 
  95      7179ACD9 
  95      9C97
  96 0180 4369D9E2 		.ascii	"Ci\331\342\222\201e\270\270\347=\203\2126\273]\244X"
  96      928165B8 
  96      B8E73D83 
  96      8A36BB5D 
  96      A458
  97 0192 497DCCA7 		.ascii	"I}\314\247\\j\300\012L\256\320{\2422b\234\242Jf\373"
  97      5C6AC00A 
  97      4CAED07B 
  97      A232629C 
  97      A24A66FB 
  98 01a6 6B713DF4 		.ascii	"kq=\3647\235\377\021\333\207'\236\030\376\025\263]j"
  98      379DFF11 
  98      DB87279E 
  98      18FE15B3 
  98      5D6A
  99 01b8 C4532506 		.ascii	"\304S%\006O\354\031b{km\204\300*\307\334\300@~\356\246"
  99      4FEC1962 
  99      7B6B6D84 
  99      C02AC7DC 
  99      C0407EEE 
 100 01cd D778EFBF 		.ascii	"\327x\357\277\031e\234\237\204\023<\023?\336\231\350"
 100      19659C9F 
 100      84133C13 
 100      3FDE99E8 
 101 01dd B62E5A9D 		.ascii	"\266.Z\235q\265\236\356\275\326e9\261\366\324\321\363"
 101      71B59EEE 
 101      BDD66539 
 101      B1F6D4D1 
 101      F3
 102 01ee 7D96DDE5 		.ascii	"}\226\335\345\364%\367\336\373\244\223\214\265\0373"
 102      F425F7DE 
 102      FBA4938C 
 102      B51F33
 103 01fd 9DA4D97D 		.ascii	"\235\244\331}\341\262y\305\271\332\2334\023NO\217c\233"
 103      E1B279C5 
 103      B9DA9B34 
 103      134E4F8F 
 103      639B
 104 020f 274E75C4 		.ascii	"'Nu\304;\256\233v\312J\034I\010\330\177\000\340s\344"
 104      3BAE9B76 
 104      CA4A1C49 
 104      08D87F00 
 104      E073E4
 105 0222 C9       		.ascii	"\311"
 106              		.text
 107              		.section	.gnu.lto_nvicSetSystemHandlerPriority.ae029ede,"",%progbits
 108 0000 789C6D51 		.ascii	"x\234mQMh\023Q\020\236o'\311\256\202=\027\355\241\007"
 108      4D681351 
 108      109E6F27 
 108      C9AE823D 
ARM GAS  C:\Users\User\AppData\Local\Temp\cc0Pj2Gc.s 			page 8


 108      17EDA107 
 109 0014 21F4D225 		.ascii	"!\364\322%\010\026\274I\316\275\350M*R\223B\026\332"
 109      0816BC49 
 109      CEBDE84D 
 109      2A529342 
 109      16DA
 110 0026 6C496AEB 		.ascii	"lIj\353\255o\223\266\301\012U\3244U\014\033(Rm\215i"
 110      AD6F93B6 
 110      C10A55D4 
 110      34550C1B 
 110      28526D8D 
 111 003b D54BB048 		.ascii	"\325K\260H\310\311\034T\364\330\223ZQ\002\006\374\351"
 111      C8C91C54 
 111      F4D8935A 
 111      510206FC 
 111      E9
 112 004c D5EABC6D 		.ascii	"\325\352\274m\204\036|\360~f\346\373\346\3157\023&\203"
 112      841E7CF0 
 112      7E66E6FB 
 112      E6CD3713 
 112      2683
 113 005e 3A207288 		.ascii	": r\210\350\204l0\301\270\371\206\310\263\014@?\224"
 113      E8846C30 
 113      C1B8F986 
 113      C8B30C40 
 113      3F94
 114 0070 059A3530 		.ascii	"\005\23250\213\033\\b4\013_\352\306\300\232\222\325"
 114      8B1B5C62 
 114      340B5FEA 
 114      C6C09A92 
 114      D5
 115 0081 28ED4516 		.ascii	"(\355E\026\324|\257\317Dwe\353\2055\014\010\352\335"
 115      D47CAFCF 
 115      447765EB 
 115      85350C08 
 115      EADD
 116 0093 DCE67D5E 		.ascii	"\334\346}^b\237\201\220\230?^\337\333\355\321\246\201"
 116      629F8190 
 116      983F5EDF 
 116      DBEDD1A6 
 116      81
 117 00a4 7E31F3B7 		.ascii	"~1\363\267_n[|\021$\357\216jy\221\350\003\245r\252\361"
 117      5F6E5B7C 
 117      1124EF8E 
 117      6A7991E8 
 117      03A572AA 
 118 00b9 B9C8EAA4 		.ascii	"\271\310\352\244\317\214u\260$\304#\364\341!\372H\\"
 118      CF8C75B0 
 118      24C423F4 
 118      E121FA48 
 118      5C
 119 00ca 840D4405 		.ascii	"\204\015D\005\276\221\373\332a\036\013\250\327Z\277"
 119      BE91FBDA 
 119      611E0BA8 
 119      D75ABF
 120 00d9 77CD2E75 		.ascii	"w\315.u\257\324\245>\376\017\265\212\250\306\177\332"
 120      AFD4A53E 
ARM GAS  C:\Users\User\AppData\Local\Temp\cc0Pj2Gc.s 			page 9


 120      FE0FB58A 
 120      A8C67FDA 
 121 00e9 DA2F1E8B 		.ascii	"\332/\036\213\204V\377\225\213'\210\210r\252\275GC\355"
 121      8456FF95 
 121      8B278888 
 121      72AABD47 
 121      43ED
 122 00fb FF294801 		.ascii	"\377)H\001\275;\277,\023\320\014C\270!\326G\030\372"
 122      BD3BBF2C 
 122      13D00C43 
 122      B821D647 
 122      18FA
 123 010d 73A24521 		.ascii	"s\242E!\351\206\\gC\337\334F\356g\241Z\377\000\235\250"
 123      E9865C67 
 123      43DFDC46 
 123      EE67A15A 
 123      FF009DA8 
 124 0121 CC469941 		.ascii	"\314F\231Am\344\277/t\035,\276\303\275\010#\204\232"
 124      6DE4BF2F 
 124      741D2CBE 
 124      C3BD0823 
 124      849A
 125 0133 D4D44673 		.ascii	"\324\324Fs\2715\2501\022]\236o\2765u4\022h\362\352\333"
 125      B935A831 
 125      125D9E6F 
 125      BE357534 
 125      1268F2EA 
 126 0148 77C207A6 		.ascii	"w\302\007\246\332\311\253\036\315_\311}\264|\224=iy"
 126      DAC9AB1E 
 126      CD5FC97D 
 126      B47C943D 
 126      6979
 127 015a E5B8CF26 		.ascii	"\345\270\317&\266D\334\246$\322\204o\305W\353G\355\252"
 127      B644DCA6 
 127      24D2846F 
 127      C557EB47 
 127      EDAA
 128 016c 9AF354BF 		.ascii	"\232\363T\277\317\026\236\302\307J0\014\011\256\336"
 128      CF169EC2 
 128      C74A300C 
 128      09AEDE
 129 017b 2AC76335 		.ascii	"*\307c5\035\253d|>\202g\260\313\034\016\346\364\034"
 129      1DAB647C 
 129      3E8267B0 
 129      CB1C0EE6 
 129      F41C
 130 018d 31A95046 		.ascii	"1\251PF\237\253\274X\012\012\016\346\267(\032D\233A"
 130      9FABBC58 
 130      0A0A0EE6 
 130      B7281A44 
 130      9B41
 131 019f 74217E66 		.ascii	"t!~f$\221r.;#q}\236\237\272\222t\334\330\320\364\251"
 131      2491722E 
 131      3B23717D 
 131      9E9FBA92 
 131      74DCD8D0 
 132 01b5 4B334E3A 		.ascii	"K3N:\351\316d\017\373\017\220n66t\332v\263vjt\334\236"
ARM GAS  C:\Users\User\AppData\Local\Temp\cc0Pj2Gc.s 			page 10


 132      E9CE640F 
 132      FB0F906E 
 132      363674DA 
 132      76B3766A 
 133 01cc 74335359 		.ascii	"t3SY;\341NL\270i\373\354\271\341\370\360U;=\355$\006"
 133      3BE14E4C 
 133      B869FBEC 
 133      B9E1F8F0 
 133      553B3DED 
 134 01e2 1364A646 		.ascii	"\023d\246F\323\311\361\261Lh2\343\270\177\001b\365\300"
 134      D3C9F1B1 
 134      4C6832E3 
 134      B87F0162 
 134      F5C0
 135 01f4 A7       		.ascii	"\247"
 136              		.text
 137              		.section	.gnu.lto_nvicClearPending.ae029ede,"",%progbits
 138 0000 789C4D51 		.ascii	"x\234MQML\023Q\020\236og\267-\011\255W\023\033\345`"
 138      4D4C1351 
 138      109E6F67 
 138      B72D09AD 
 138      57131BE5 
 139 0015 4288099B 		.ascii	"B\210\011\233\306D\022o\246\007N\\\364fP\243\345\300"
 139      C644126F 
 139      A6074E5C 
 139      F46650A3 
 139      E5C0
 140 0027 26D23516 		.ascii	"&\3225\026\2137^\013\264\021\023!\012E\214\315\326X"
 140      8B375E0B 
 140      B4111321 
 140      0A458CCD 
 140      D658
 141 0039 C38F4201 		.ascii	"\303\217B\001=\010^\232\215\027\016h\360\252\361\240"
 141      3D085E9A 
 141      8D170E68 
 141      F0AAF1A0 
 142 0049 89890708 		.ascii	"\211\211\007\0106\036<\0002\257\353\301\227\274\331"
 142      361E3C00 
 142      32AFEBC1 
 142      97BCD9
 143 0058 996FBFF9 		.ascii	"\231o\277\371f\336\214E\006\355\202\350*\021\235\220"
 143      66DE8C45 
 143      06ED82E8 
 143      2A119D90 
 144 0068 0B261893 		.ascii	"\013&\030\223\037\210r\021\003\320\216\212\200\206\015"
 144      1F887211 
 144      03D08E8A 
 144      80860D
 145 0077 0C638267 		.ascii	"\014c\202g\030~\361\307\272\3211\247\344\324g6\302\005"
 145      187EF1C7 
 145      BAD131A7 
 145      E4D46736 
 145      C205
 146 0089 3576DC63 		.ascii	"5v\334c\242Y\271\372`\016\035\302\332\036]y\312\017"
 146      A259B9FA 
 146      600E1DC2 
 146      DA1E5D79 
ARM GAS  C:\Users\User\AppData\Local\Temp\cc0Pj2Gc.s 			page 11


 146      CA0F
 147 009b D863C094 		.ascii	"\330c\300\224\360\327\326\223\3571\035\032h\223\360"
 147      F0D7D693 
 147      EF311D1A 
 147      6893F0
 148 00aa 404D9562 		.ascii	"@M\225b|\005$\376\254?\3759\332\376B\251\274\252\277"
 148      7C0524FE 
 148      AC3FFD39 
 148      DAFE42A9 
 148      BCAABF
 149 00bd 9F6275DA 		.ascii	"\237bu\332c\306\"X\004\261\2008\346\021'\201\010/\321"
 149      63C62258 
 149      04B18038 
 149      E6112781 
 149      082FD1
 150 00d0 AEF9DF56 		.ascii	"\256\371\337V\017\247\243!3(\210W\010I\357T\373\204"
 150      0FA7A321 
 150      33288857 
 150      0849EF54 
 150      FB84
 151 00e2 BA3AFC5B 		.ascii	"\272:\374[T\365/UlwG\000M7$\321dmL1\226\245=\242qI\324"
 151      54F52F55 
 151      6C774700 
 151      4D3724D1 
 151      646D4C31 
 152 00fd CFBACF86 		.ascii	"\317\272\317\206\376\362O\2144\012\007\357*\320be6\312"
 152      FEF24F8C 
 152      340A07EF 
 152      2AD06265 
 152      36CA
 153 010f 0C29B359 		.ascii	"\014)\263Y\335\330o\325\035[\260\260$=\010m\277p\257"
 153      DDD86FD5 
 153      1D5BB0B0 
 153      243D086D 
 153      BF70AF
 154 0122 25207140 		.ascii	"% q@zT]^\217j\222\211SX\016H{\205\205p@2q&.T\001\363"
 154      7A545D5E 
 154      8F6A9289 
 154      53580E48 
 154      7B858570 
 155 013e 8DE23F75 		.ascii	"\215\342?uK`\001\374\322f\247\006D\2434\346\177\014"
 155      4B6001FC 
 155      D266A706 
 155      44A334E6 
 155      7F0C
 156 0150 6B8D5073 		.ascii	"k\215Ps\034o\236\355\376i\015B\345\217\250\230@\017"
 156      1C6F9EED 
 156      FE690D42 
 156      E58FA898 
 156      400F
 157 0162 771A6F63 		.ascii	"w\032oc\036\3129\031y\345\244\307a\254\310\\jRN'l}]"
 157      1ECA3919 
 157      79E5A4C7 
 157      61ACC85C 
 157      6A524E27 
 158 0179 9B3C662F 		.ascii	"\233<f/\251\321\234j\3638\202Uxx\334\\\206V[\374=\317"
 158      A9D19C6A 
ARM GAS  C:\Users\User\AppData\Local\Temp\cc0Pj2Gc.s 			page 12


 158      F3388255 
 158      7878DC5C 
 158      86565BFC 
 159 018f 899AFE59 		.ascii	"\211\232\376Y\311z\334\2025\330\362\304\346\242^#!\375"
 159      C97ADC82 
 159      35D8F2C4 
 159      E6A25E23 
 159      21FD
 160 01a1 D00EF295 		.ascii	"\320\016\362\225\347\023\315\366\232\013\034g\350\261"
 160      E713CDF6 
 160      9A0B1C67 
 160      E8B1
 161 01af 08E772F2 		.ascii	"\010\347r\362|o\252\337\271\341\364&\265\2754x\247\317"
 161      7C6FAADF 
 161      B9E1F426 
 161      B5BD3478 
 161      A7CF
 162 01c1 71135DD9 		.ascii	"q\023]\331\263\327\206\234t\237;\224\371\037\017\230"
 162      B3D7869C 
 162      749F3B94 
 162      F91F0F98 
 163 01d1 6E26D175 		.ascii	"n&\321u\316v3v\377\365\233\366-\367\366`\306N\271\003"
 163      CE763376 
 163      FFF59BF6 
 163      2DF7F660 
 163      C64EB903 
 164 01e5 036EDABE 		.ascii	"\003n\332\276p\261'\331s\327Ng\235Tg\212\220>\002}\316"
 164      70B127D9 
 164      73D74E67 
 164      9D54678A 
 164      903E027D 
 165 01fa BC73     		.ascii	"\274s"
 166              		.text
 167              		.section	.gnu.lto_.symbol_nodes.ae029ede,"",%progbits
 168 0000 789C6365 		.ascii	"x\234ce`b\360b\000\002\2469L\365\014\014\023\31610\000"
 168      6062F062 
 168      0002A639 
 168      4CF50C0C 
 168      13CE3130 
 169 0015 A95D0D8E 		.ascii	"\251]\015\216@\221\271L\365\214\250\"\363\230\352\231"
 169      4091B94C 
 169      F58CA822 
 169      F398EA99 
 170 0025 5045E633 		.ascii	"PE\3463\3253\243\2100\000\000\276\274\022:"
 170      D533A388 
 170      300000BE 
 170      BC123A
 171              		.text
 172              		.section	.gnu.lto_.refs.ae029ede,"",%progbits
 173 0000 789C6365 		.ascii	"x\234ce`b`d\000\002\000\000I\000\011"
 173      60626064 
 173      00020000 
 173      490009
 174              		.text
 175              		.section	.gnu.lto_.decls.ae029ede,"",%progbits
 176 0000 789CDD59 		.ascii	"x\234\335Y{PTYz\357\323\247\033\232\226\207\213\324"
 176      7B505459 
ARM GAS  C:\Users\User\AppData\Local\Temp\cc0Pj2Gc.s 			page 13


 176      7AEFD3A7 
 176      1B9A9687 
 176      8BD4
 177 0012 64B26113 		.ascii	"d\262a\0233\353\326PIVD7\243\225JUd\032\215T\215\273"
 177      33EBD650 
 177      49564437 
 177      A3954A55 
 177      641A8D54 
 178 0028 54A36E2A 		.ascii	"T\243n*e\025\345 \273\262\245\260\021\334Yw\223\231"
 178      6515E520 
 178      BBB2A5B0 
 178      11DC5977 
 178      9399
 179 003a 46407928 		.ascii	"F@y(\202\202\330<\024E\036\012\010\010\002\012h\213"
 179      8282D83C 
 179      14451E0A 
 179      0808020A 
 179      688B
 180 004c 0A88828A 		.ascii	"\012\210\202\212\202\202\274EDD\207\207/\020!\337y\\"
 180      8282BC45 
 180      44448787 
 180      2F1021DF 
 180      795C
 181 005e FA70E9B6 		.ascii	"\372p\351\266\246*\251\374\221.\276{\357w\316\357~\347"
 181      A62AA9FC 
 181      912EBE7B 
 181      EF77CEEF 
 181      7EE7
 182 0070 77BEEF3B 		.ascii	"w\276\357;\257\213Z\241T\234\376\251B1\214\025\212\243"
 182      AF8B5AA1 
 182      549CFEA9 
 182      42318C15 
 182      8AA3
 183 0082 48A19881 		.ascii	"H\241\230\201\237Z\241P\024(\314?\025\310E\220K &\220"
 183      9F5AA150 
 183      1428CC3F 
 183      15C84590 
 183      4B202690 
 184 0096 1AC5FCDF 		.ascii	"\032\305\374\337.x\327\001\356\233@\234A\\@J@\\A>\007"
 184      2E78D701 
 184      EE9B409C 
 184      415C404A 
 184      405C413E 
 185 00ab F9152903 		.ascii	"\371\025)\003\314\"\220G\360\334\016\362\034d\010\004"
 185      CC229047 
 185      F0DC0EF2 
 185      1C640804 
 186 00bb 9A5628A1 		.ascii	"\232V(\241\334\016\304\026\004\361\366\344\277\377\202"
 186      DC0EC416 
 186      04F1F6E4 
 186      BFFF82
 187 00ca 0A7B0B6D 		.ascii	"\012{\013m\310\355Kv\245v\224 \032\304\332@\274\037"
 187      C8ED4B76 
 187      A5769420 
 187      1AC4DA40 
 187      BC1F
 188 00dc F25F1854 		.ascii	"\362_\030Th\255\360'\266+\240\276\014\344\033\304l\022"
ARM GAS  C:\Users\User\AppData\Local\Temp\cc0Pj2Gc.s 			page 14


 188      68ADF027 
 188      B62BA0BE 
 188      0CE41BC4 
 188      6C12
 189 00ee 3BA9DC9E 		.ascii	";\251\334\236\211\353uh\256\315H+6\011_\037\013|\311"
 189      89EB7568 
 189      AECD482B 
 189      36095F1F 
 189      0B7CC9
 190 0101 EB76DCA6 		.ascii	"\353v\334\246%\037'cTv\340Z\265\262\013u \350\023ZH"
 190      251F2763 
 190      5476E05A 
 190      B5B20B75 
 190      20E8135A 
 191 0116 4B116257 		.ascii	"K\021bWD\205\2523\322\017!Z\016\245J\0057,\025!\351"
 191      4485AA33 
 191      D20F215A 
 191      0EA54A05 
 191      372C1521 
 192 012b 0DAE2BB9 		.ascii	"\015\256+\271\252\344&\351\037\177\031\011\026Y5kI\372"
 192      AAE426E9 
 192      1F7F1909 
 192      1659356B 
 192      49FA
 193 013d 31EEEC81 		.ascii	"1\356\354\201\276&\275\215\224\346\006\020\022_\020"
 193      BE26BD8D 
 193      94E60610 
 193      125F10
 194 014c 0C32DABC 		.ascii	"\0142\332\274~\226\237\302\3349$\365~\324xk@\333\215"
 194      7E969FC2 
 194      DC3924F5 
 194      7ED4786B 
 194      40DB8D
 195 015f 3A4969C6 		.ascii	":Ii\306jD\313R\357\367e*1\204\026\236\273'r\327.\315"
 195      6A44CB52 
 195      EFF7652A 
 195      3184169E 
 195      BB2772D7 
 196 0175 37B09FE6 		.ascii	"7\260\237\346\357\315n\353\254?\235\207\3430\372\\\213"
 196      EFCD6EEB 
 196      AC3F9D87 
 196      E330FA5C 
 196      8B
 197 0186 489B4E50 		.ascii	"H\233NPT8|a\302\201\025\021D\363\301\261S\266\330\225"
 197      54387C61 
 197      C2811511 
 197      44F3C1B1 
 197      53B6D895 
 198 019a 3EDF8D28 		.ascii	">\337\215(J#hg-R\221V\033S\036;\202\352\242E\213\223"
 198      4A236867 
 198      2D529156 
 198      1B531E3B 
 198      82EAA245 
 199 01b0 B1D2D8F0 		.ascii	"\261\322\330\360\240F\205\334\264\331\244\021\323\314"
 199      A04685DC 
 199      B4D9A411 
 199      D3CC
ARM GAS  C:\Users\User\AppData\Local\Temp\cc0Pj2Gc.s 			page 15


 200 01be ABCF13F6 		.ascii	"\253\317\023\366\031\014JT\214\264\250\000at\006-%\224"
 200      190C4A54 
 200      8CB4A800 
 200      6174062D 
 200      2594
 201 01d0 3F27818F 		.ascii	"?'\201\2172\030\366\030\342\303\015v\353\024\250\020"
 201      3218F618 
 201      E2C30D76 
 201      EB14A810 
 202 01e0 B9A2B3C8 		.ascii	"\271\242\263\310U\201\212\220\033i\224\340P>\024\346"
 202      55818A90 
 202      1B6994E0 
 202      503E14E6 
 203 01f0 4121B472 		.ascii	"A!\264r\372T\302I\033\\\200\010\003e\355\245G\017UH"
 203      FA54C249 
 203      1B5C8008 
 203      0365EDA5 
 203      470F5548 
 204 0204 EB66D140 		.ascii	"\353f\321@\251\005\003\214\314\333\263\237\325F\022"
 204      A905038C 
 204      CCDBB39F 
 204      D54612
 205 0213 322540E6 		.ascii	"2%@\346\234\231\014pc~\250\231\350^\250\"\251C\000_"
 205      9C990C70 
 205      637EA899 
 205      E85EA822 
 205      A943005F 
 206 0227 AB48514C 		.ascii	"\253HQL\326\215I<[v\036\321\302\3533oMN\314\003J\342"
 206      D68D493C 
 206      5B761ED1 
 206      C2EB336F 
 206      4D4ECC03 
 207 023d 9C915BE9 		.ascii	"\234\221[\351\013\230\007\026\202z\363\356\330\003\373"
 207      0B980716 
 207      827AF3EE 
 207      D803FB
 208 024c 4F8F502F 		.ascii	"O\217P/\207\033\026*\321\246OP\005\020)\007\"\012t\001"
 208      871B162A 
 208      D1A64F50 
 208      05102907 
 208      220A7401 
 209 0260 7D0AD732 		.ascii	"}\012\3272\244bMN=\014\033\266\371,\303\220\321c0\325"
 209      A4624D4E 
 209      3D0C1BB6 
 209      F92CC390 
 209      D16330D5 
 210 0274 352D797A 		.ascii	"5-yz\316`\000\212\006\025\301\241\323f\216\360\010\327"
 210      CE60008A 
 210      0615C1A1 
 210      D3668EF0 
 210      08D7
 211 0286 5CD48D50 		.ascii	"\\\324\215P\016\352\202\014\270\210>\203\327[\272\252"
 211      0EEA820C 
 211      B8883E83 
 211      D75BBAAA 
 212 0296 47308EC5 		.ascii	"G0\216\305\310\012\375kEy\037\034\255r\251\246\\\252"
 212      C80AFD6B 
ARM GAS  C:\Users\User\AppData\Local\Temp\cc0Pj2Gc.s 			page 16


 212      45791F1C 
 212      AD72A9A6 
 212      5CAA
 213 02a8 242E47CE 		.ascii	"$.G\316\025N+9\227\346\2774\032L{\014\304[\200B\225"
 213      154E2B39 
 213      97E6BF34 
 213      1A4C7B0C 
 213      C45B8042 
 214 02bd 66269572 		.ascii	"f&\225r&\227(\223\342w\317\3031NgL\262\237O^\260\227"
 214      26972893 
 214      E277CFC3 
 214      314E674C 
 214      B29F4F5E 
 215 02d3 2CFDD5AC 		.ascii	",\375\325\254%\322\247\313fK\227\345\226L\324RuN\262"
 215      25D2A7CB 
 215      664B97E5 
 215      964CD452 
 215      754EB2
 216 02e6 37BEC80C 		.ascii	"7\276\310\014UV\264\277\325pCC?\231C\351\212\331\320"
 216      5556B4BF 
 216      D5704343 
 216      3F9943E9 
 216      8AD9D0
 217 02f9 15B9A11A 		.ascii	"\025\271\241\032j(\277\345x\245=\013\223\301\225d\352"
 217      6A28BFE5 
 217      78A53D0B 
 217      93C19564 
 217      EA
 218 030a 957DA55C 		.ascii	"\225}\245\\\037\261\005=\261\340q9bz\274\013\350\203"
 218      1FB1053D 
 218      B1E07139 
 218      627ABC0B 
 218      E883
 219 031c 2D39290E 		.ascii	"-9)\016,\216\206\023\010\012\322\247\246\"T\370&\243"
 219      2C8E8613 
 219      080AD2A7 
 219      A62254F8 
 219      26A3
 220 032e D2DB3A7D 		.ascii	"\322\333:}\223\247}\270\232\014\203\262g\207\026h\243"
 220      93A77DB8 
 220      9A0C83B2 
 220      67871668 
 220      A3
 221 033f 8867690A 		.ascii	"\210gi\012\222\012)\011\025\350\006\311)\344\356\212"
 221      920A2909 
 221      15E806C9 
 221      29E4EE8A 
 222 034f EA59FE8E 		.ascii	"\352Y\376\216?\272\222\241u\216\247h\203a\261\212\306"
 222      3FBA92A1 
 222      758EA768 
 222      8361B18A 
 222      C6
 223 0360 A816E0D7 		.ascii	"\250\026\340\327)\274\0019K/\021t\177V\177\206\035g"
 223      29BC0139 
 223      4B2F1174 
 223      7F567F86 
 223      1D67
ARM GAS  C:\Users\User\AppData\Local\Temp\cc0Pj2Gc.s 			page 17


 224 0372 6E03FADE 		.ascii	"n\003\372\336\204\276LG\316\234\020\273\223\260\377"
 224      84BE4C47 
 224      CE9C10BB 
 224      93B0FF
 225 0381 B08A3325 		.ascii	"\260\2123%\2435\356A\302\277\340\026\306\363a\361\341"
 225      A335EE41 
 225      C2BFE016 
 225      C6F361F1 
 225      E1
 226 0392 2235C37E 		.ascii	"\"5\303~O\260\243\323YI6Vy\336\221x\336f<\013#\373O"
 226      4FB0A3D3 
 226      59493656 
 226      79DE9178 
 226      DE663C0B 
 227 03a9 6BE06D57 		.ascii	"k\340mW\230\012\2200\017\270\262y\240\3244^\240\302"
 227      980A9030 
 227      0FB8B279 
 227      A0D4345E 
 227      A0C2
 228 03bb 0F694BCA 		.ascii	"\017iK\312\262\322\376\024\2550\324?\2510\030\026\242"
 228      B2D2FE14 
 228      AD30D43F 
 228      A9301816 
 228      A2
 229 03cc 16E8D83D 		.ascii	"\026\350\330=sl\\gG\372\310I\003\376T\201V\270\242e"
 229      736C5C67 
 229      47FAC849 
 229      03FE5481 
 229      56B8A265 
 230 03e0 304CEFC3 		.ascii	"0L\357\3030u\345\303\264\031\350\334\345\343\374x\356"
 230      3075E5C3 
 230      B419E8DC 
 230      E5E3FC78 
 230      EE
 231 03f1 3507DCC7 		.ascii	"5\007\334\307\0320&])u\234m\000\206o\011\035\276\017"
 231      1A30265D 
 231      29759C6D 
 231      00866F09 
 231      1DBE0F
 232 0404 A1855673 		.ascii	"\241\205Vs\013-\310J\023\017,71\376\244\252\334\306"
 232      0B2DC84A 
 232      130F2C37 
 232      31FEA4AA 
 232      DCC6
 233 0416 1C0A44ED 		.ascii	"\034\012D\3555B\375-\352\2216\032\212;R(2\362\215\303"
 233      3542FD2D 
 233      EA91361A 
 233      8A3B5228 
 233      32F28DC3 
 234 042a B6C47DE1 		.ascii	"\266\304}\341?\314z\267!r\310V\264\336\3761\353e\335"
 234      3FCC7AB7 
 234      2172C856 
 234      B4DEFE31 
 234      EB65DD
 235 043d 89D13C25 		.ascii	"\211\321<%3\310dz\261s\324\264\200\351=\304\375\023"
 235      33C8647A 
 235      B173D4B4 
ARM GAS  C:\Users\User\AppData\Local\Temp\cc0Pj2Gc.s 			page 18


 235      80E93DC4 
 235      FD13
 236 044f C3475B34 		.ascii	"\303G[4<\320\216\240_\035O\033\265\307C|\274?\252\216"
 236      3CD08EA0 
 236      5F1D4F1B 
 236      B5C7437C 
 236      BC3FAA8E 
 237 0463 E2915E09 		.ascii	"\342\221^\011\352\236\241\342T;\253\201\356\225\002"
 237      EA9EA1E2 
 237      543BAB81 
 237      EE9502
 238 0472 DDC37846 		.ascii	"\335\303xF\016\244w(\345\011\331\005\360N\012\357\243"
 238      0EA47728 
 238      E509D905 
 238      F04E0AEF 
 238      A3
 239 0483 3C7B259E 		.ascii	"<{%\236\311/&~\314\363Q\234\363\235\351\234\217\316"
 239      C92F267E 
 239      CCF3519C 
 239      F39DE99C 
 239      8FCE
 240 0495 0E5E4ED3 		.ascii	"\016^N\323r\226dB\274z/5\317\026\277b,_\305D\276\345"
 240      72966442 
 240      BC7A2F35 
 240      CF16BF62 
 240      2C5FC544 
 241 04ab E3860CBA 		.ascii	"\343\206\014\272\007'\236\274\323Ze9(\261|\312X\306"
 241      07279EBC 
 241      D35A6539 
 241      28B17CCA 
 241      58C6
 242 04bd A49D4CB7 		.ascii	"\244\235L\267\221\263|\002\360~\012\177FY\016J,\243"
 242      91B37C02 
 242      F07E0A7F 
 242      46590E4A 
 242      2CA3
 243 04cf F2E3AE62 		.ascii	"\362\343\256b\026\253\037\262*\300\03372\312\214s\206"
 243      16AB1FB2 
 243      2AC01B37 
 243      32CA8C73 
 243      86
 244 04e0 E5D0C7EC 		.ascii	"\345\320\307\354\277-{\377\210w;\003\023\217W\266%\360"
 244      BF2D7BFF 
 244      88773B03 
 244      138F57B6 
 244      25F0
 245 04f2 75A0471C 		.ascii	"u\240G\034\266.|\330\206\015\026\355\303x\202\371a<"
 245      B62E7CD8 
 245      860D16ED 
 245      C37882F9 
 245      613C
 246 0504 39325AC3 		.ascii	"92Z\303\300\177\001j}j\332_[u\303\250\344\206\021F\363"
 246      C07F016A 
 246      7D6ADA5F 
 246      5B75C3A8 
 246      E4861146 
 247 0519 52D3A30A 		.ascii	"R\323\243\012;\271\033^\002\374\005\205\217Q\232\243"
ARM GAS  C:\Users\User\AppData\Local\Temp\cc0Pj2Gc.s 			page 19


 247      3BB91B5E 
 247      02FC0585 
 247      8F519AA3 
 248 0529 12CDD2EA 		.ascii	"\022\315\322\352\321,i\366 4\237\344\365ejq\270\212"
 248      D12C69F6 
 248      20349FE4 
 248      F5656A71 
 248      B88A
 249 053b D238638A 		.ascii	"\3228c\212\255\347\341\310 \261\232I\035I\267\307Q\254"
 249      ADE7E1C8 
 249      20B19A49 
 249      1D49B7C7 
 249      51AC
 250 054d 520AA433 		.ascii	"R\012\2443\017\344\355ge\305J|\210U~\350\216\217\267"
 250      0FE4ED67 
 250      65C54A7C 
 250      88557EE8 
 250      8E8FB7
 251 0560 E56F92DC 		.ascii	"\345o\222\334\354nk)\266\307\311\254\262l\340F\255\364"
 251      EC6E6B29 
 251      B6C7C9AC 
 251      B26CE046 
 251      ADF4
 252 0572 26A98C2E 		.ascii	"&\251\214.\354\213U\343\014V\331\333\3714\306\021g1"
 252      EC8B55E3 
 252      0C56D9DB 
 252      F934C611 
 252      6731
 253 0584 A5AE76CF 		.ascii	"\245\256v\317\357p!{\276\3718\342\037\330K\021d\202"
 253      EF70217B 
 253      BEF938E2 
 253      1FD84B11 
 253      6482
 254 0596 BE7EAAF8 		.ascii	"\276~\252\3708f\376\313\240\351_r%&\334\011\227R\260"
 254      3866FECB 
 254      A0E95F72 
 254      2526DC09 
 254      9752B0
 255 05a9 D3D5DE9C 		.ascii	"\323\325\336\234T\015Z\302\177\213\310\305m\311ICD\230"
 255      540D5AC2 
 255      7F8BC8C5 
 255      6DC94943 
 255      4498
 256 05bb C174FB20 		.ascii	"\301t\373 \276t\273\301`\3501!\364\0109\243&\230\035"
 256      BE74BBC1 
 256      60E83121 
 256      F40839A3 
 256      26981D
 257 05ce 62948B66 		.ascii	"b\224\213f\307\035\272I\375\344A\266\253\354\215\232"
 257      C71DBA49 
 257      FDE441B6 
 257      ABEC8D9A 
 258 05de 3FC32502 		.ascii	"?\303%\002\243\347\200~\307\321R\334\321\3339\350p@"
 258      A3E7807E 
 258      C7D152DC 
 258      D1DB39E8 
 258      7040
ARM GAS  C:\Users\User\AppData\Local\Temp\cc0Pj2Gc.s 			page 20


 259 05f0 FFA791A2 		.ascii	"\377\247\221\242Iv\204)\031z6\265\256\212h2Q\015\375"
 259      49768429 
 259      197A36B5 
 259      AE8A6832 
 259      510DFD
 260 0603 89D986B0 		.ascii	"\211\331\206\260\240\017\334\266\024,\236X\002\272\341"
 260      A00FDCB6 
 260      142C9E58 
 260      02BAE1
 261 0612 CF66F41B 		.ascii	"\317f\364\0339\372\265\234w\337\237\314\274\247\345"
 261      39FAB59C 
 261      77DF9FCC 
 261      BCA7E5
 262 0621 BCDD65E0 		.ascii	"\274\335e\3401\001<%\007\277\227\233n\026\\\362J\216"
 262      31013C25 
 262      07BF979B 
 262      6E165CF2 
 262      4A8E
 263 0633 1E37A313 		.ascii	"\0367\243\023x\032\256V) K\\a\235 U\004\015\243\013"
 263      781AAE56 
 263      29204B5C 
 263      619D2055 
 263      040DA30B 
 264 0647 1D54BAA1 		.ascii	"\035T\272\241}\312%(\022$\012$\016$\034d/H4H,\310\001"
 264      7DCA2528 
 264      12240A24 
 264      0E241C64 
 264      2F483448 
 265 065e 9078903D 		.ascii	"\220x\220= \373A\"\224K\350V\2249\244]p\310\367r\207"
 265      20FB4122 
 265      944BE856 
 265      9439A45D 
 265      70C8F772 
 266 0673 0CCBDD37 		.ascii	"\014\313\3357\311\321\260\202\242:\216\226\326Utm\236"
 266      C9D1B082 
 266      A23A8E96 
 266      D655746D 
 266      9E
 267 0684 FB843E0E 		.ascii	"\373\204>\016\310\373\370x\236m!\220\223r&\023f4[\237"
 267      C8FBF878 
 267      9E6D2190 
 267      93722613 
 267      66345B9F 
 268 0698 5A279DC3 		.ascii	"Z'\235\303\014\006DP\012\2766\231;\365\362\275\313!"
 268      0C064450 
 268      0ABE3699 
 268      3BF5F2BD 
 268      CB21
 269 06aa 83A17E19 		.ascii	"\203\241~\031\231Xa\237\302lI\323-\034XfmA\326O\267"
 269      9958619F 
 269      C26C49D3 
 269      2D1C5866 
 269      6D41D64F 
 270 06bf 765F43D8 		.ascii	"v_C\330\250\246k`X\325\361\246\005\310m\021k\243iJ\003"
 270      A8A66B60 
 270      58D5F1A6 
 270      05C86D11 
ARM GAS  C:\Users\User\AppData\Local\Temp\cc0Pj2Gc.s 			page 21


 270      6BA3694A 
 271 06d4 5B777418 		.ascii	"[wt\030^NP\316\256\200\244E\313qA\207 \034\377\033\241"
 271      5E4E50CE 
 271      AE80A445 
 271      CB714187 
 271      201CFF1B 
 272 06e9 218335AE 		.ascii	"!\2035\256x\314\321>fv\317MY\230\347\254D\245==\222"
 272      78CCD13E 
 272      6676CF4D 
 272      5998E7AC 
 272      44A53D3D 
 273 06fe C01DC0B5 		.ascii	"\300\035\300\265q\235\211|m\312%\273\245\246\307Wc\370"
 273      719D897C 
 273      6DCA25BB 
 273      A5A6C757 
 273      63F8
 274 0710 C29641F4 		.ascii	"\302\226A\364\316\350\227\2368\223v\021\305\224\335"
 274      CEE8979E 
 274      38937611 
 274      C594DD
 275 071f EB52599D 		.ascii	"\353RY\235\013\217*\371\\\350N\247\302\376\333E%N|*"
 275      0B8F2AF9 
 275      5CE84EA7 
 275      C2FEDB45 
 275      254E7C2A 
 276 0733 0C97A642 		.ascii	"\014\227\246B3\332\250t\226\336!\350\276\264\276V\007"
 276      33DAA874 
 276      96DE21E8 
 276      BEB4BE56 
 276      07
 277 0744 5CC0DA89 		.ascii	"\\\300\332\211(\350\354\342\213\355Q\302!2\247\247\026"
 277      28E8ECE2 
 277      8BED51C2 
 277      2132A7A7 
 277      16
 278 0755 E15256F9 		.ascii	"\341RV\371voW\007\306\027\230rz\264$\234\263\215'\310"
 278      766F5707 
 278      C6179872 
 278      7AB4249C 
 278      B38D27C8 
 279 0769 9184A418 		.ascii	"\221\204\244\030'lb\225i\351\357\177\214\353\330\363"
 279      276C6295 
 279      69E9EF7F 
 279      8CEBD8F3 
 280 0779 99CEBCF3 		.ascii	"\231\316\274\363|\252}G\026\306\227\021Oz\370\213\237"
 280      7CAA7D47 
 280      16C69711 
 280      4F7AF88B 
 280      9F
 281 078a 825A5415 		.ascii	"\202ZT\025\361\202\237\215Ld>\233\312\035\370\0047\261"
 281      F1829F8D 
 281      4C643E9B 
 281      CA1DF804 
 281      37B1
 282 079c 576F9CBA 		.ascii	"Wo\234\2728\305\331\220&^\034\212\032r\260\352\204l"
 282      38C5D990 
 282      265E1C8A 
ARM GAS  C:\Users\User\AppData\Local\Temp\cc0Pj2Gc.s 			page 22


 282      1A72B0EA 
 282      846C
 283 07ae C909594A 		.ascii	"\311\011YJ\266n\035z\222\343(_\0202!\350'\225\004\236"
 283      B66E1D7A 
 283      92E3285F 
 283      103221E8 
 283      2795049E 
 284 07c2 43BD902D 		.ascii	"C\275\220-y\341q\346\3651\033\276}$"
 284      79E171E6 
 284      F5311BBE 
 284      7D24
 285 07d0 2CF7DE3D 		.ascii	",\367\336=\3747\370!\243q\354~z\224\032w3e\312\030o"
 285      FC37F821 
 285      A371EC7E 
 285      7A941A77 
 285      3365CA18 
 286 07e5 E23BE241 		.ascii	"\342;\342A\002L\2511n\303\203\254n`\274\3771\302/\231"
 286      024CA931 
 286      6EC383AC 
 286      6E60BCFF 
 286      31C22F99 
 287 07f9 D23AD4D5 		.ascii	"\322:\324\325\315W\221\036\002\034\274\227\365T\215"
 287      CD57911E 
 287      021CBC97 
 287      F5548D
 288 0808 DF706452 		.ascii	"\337pdRe\265\006O3\245%\361V\262\212!\037\022\344t^"
 288      65B5064F 
 288      33A525F1 
 288      56B28A21 
 288      1F12E474 
 289 081d D6B41D8E 		.ascii	"\326\264\035\216\260\241\225C\306{\031\216x?S2\337\024"
 289      B0A19543 
 289      C67B198E 
 289      783F5332 
 289      DF14
 290 082f 97F2D5F5 		.ascii	"\227\362\325\365\016A\316\324\274}\350\200\023Y\345"
 290      0E41CED4 
 290      BC7DE880 
 290      1359E5
 291 083e D3FB79E1 		.ascii	"\323\373y\3416\370\030S\316g\227\234\341\310z\202|a"
 291      36F81853 
 291      CE67979C 
 291      E1C87A82 
 291      7C61
 292 0850 1CB9EF84 		.ascii	"\034\271\357\204\263Ye\306t\302\311\005\322& \352\207"
 292      B35965C6 
 292      74C2C905 
 292      D22620EA 
 292      87
 293 0861 6C026A7B 		.ascii	"l\002j{3Sx\020M\304\334\233*\023\264\225\317\314\031"
 293      33537810 
 293      4DC4DC9B 
 293      2A13B495 
 293      CFCC19
 294 0874 F7D6ECB3 		.ascii	"\367\326\354\263\301\347\230r0\274\353[\006\374g\320"
 294      C1E79872 
 294      30BCEB5B 
ARM GAS  C:\Users\User\AppData\Local\Temp\cc0Pj2Gc.s 			page 23


 294      06FC67D0 
 295 0884 F61FCD89 		.ascii	"\366\037\315\211\267a\321\355!\353\354\207\216\260i"
 295      B761D1ED 
 295      21EBEC87 
 295      8EB069
 296 0893 25AB267B 		.ascii	"%\253&{\265\367{\272\342\254G\324$E\3642\213\350\355"
 296      B5F77BBA 
 296      E2AC47D4 
 296      2445F432 
 296      8BE8ED
 297 08a6 ACF87095 		.ascii	"\254\370p\225<\242\227 \242\3254\242WhDMRD\363\033\353"
 297      3CA29720 
 297      A2D534A2 
 297      5768444D 
 297      5244F31B 
 298 08bb 3AB8FFA3 		.ascii	":\270\377\243Hb\025T\275\210\346]xE\026\356\230\272"
 298      48621554 
 298      BD88E65D 
 298      784516EE 
 298      98BA
 299 08cd FE4227BE 		.ascii	"\376B'\276\222\222\335F\336\336\266t\276\371\350 \357"
 299      9292DD46 
 299      DEDEB674 
 299      BEF9E820 
 299      EF
 300 08de 3FABB8DC 		.ascii	"?\253\270\334\252\261\312\255V\342v\235qK\271\177-\322"
 300      AAB1CAAD 
 300      56E2769D 
 300      714BB97F 
 300      2DD2
 301 08f0 56CEED1A 		.ascii	"V\316\355\032p\273J\271\325Qn\265\022\267\241\327Of"
 301      70BB4AB9 
 301      D5516EB5 
 301      12B7A1D7 
 301      4F66
 302 0902 34B88279 		.ascii	"4\270\202y,\255\364\360\357\360%\366\234?\232\220\205"
 302      2CADF4F0 
 302      EFF025F6 
 302      9C3F9A90 
 302      85
 303 0913 F075A644 		.ascii	"\360u\246D\365\356\273\3077\014\357\350\27696\241\321"
 303      F5EEBBC7 
 303      370CEFE8 
 303      BE3936A1 
 303      D1
 304 0924 11DF6295 		.ascii	"\021\337b\225\265GR\223\354\360\035\246\314<k\313\344"
 304      B5475293 
 304      ECF01DA6 
 304      CC3C6BCB 
 304      E4
 305 0935 7D1BA19F 		.ascii	"}\033\241\2379\246\322\313\271\356\"lK\\\370\266\244"
 305      39A6D2CB 
 305      B9EE226C 
 305      4B5CF8B6 
 305      A4
 306 0946 37263519 		.ascii	"7&5\031\341V\366\356Tl\265\321\372\341\247Y\352\347"
 306      E156F6EE 
ARM GAS  C:\Users\User\AppData\Local\Temp\cc0Pj2Gc.s 			page 24


 306      546CB5D1 
 306      FAE1A759 
 306      EAE7
 307 0958 59960813 		.ascii	"Y\226\010\023\021\345=H\336\317;\320\317\333\264\237"
 307      11E53D48 
 307      DECF3BD0 
 307      CFDBB49F 
 308 0968 F7683F9B 		.ascii	"\367h?\233\245~F\267t\234\233\203\276\240\374\010\372"
 308      A57E46B7 
 308      749C9B83 
 308      BEA0FC08 
 308      FA
 309 0979 DEC08908 		.ascii	"\336\300\211\010>\334\357\320/*\374\243\2013\373h \355"
 309      3EDCEFD0 
 309      2F2AFCA3 
 309      8133FB68 
 309      20ED
 310 098b 9F5CF8FE 		.ascii	"\237\\\370\376i\374`|\027\302]\254\0275cE9\374]\222"
 310      69FC607C 
 310      17C25DAC 
 310      17356345 
 310      39FC5D92 
 311 099f 6751C6B1 		.ascii	"gQ\306\261;NV;\325.u\252\215\005\257\355\335\365v\265"
 311      3B4E563B 
 311      D52E75AA 
 311      8D05AFED 
 311      DDF576B5 
 312 09b3 BC530F80 		.ascii	"\274S\017\200f+\245\371\210\322l\227hv\225\030\007l"
 312      662BA5F9 
 312      88D26C97 
 312      68769518 
 312      076C
 313 09c5 E59DB28A 		.ascii	"\345\235\262\212\216\275~\276\226\247a=\321\337\227"
 313      8EBD7EBE 
 313      96A7613D 
 313      D1DF97
 314 09d4 9E3BA3C6 		.ascii	"\236;\243\306O\370xN\315-\326\340a\246\224\277\314+"
 314      4FF8784E 
 314      CD2DD6E0 
 314      61A694BF 
 314      CC2B
 315 09e6 77E0638C 		.ascii	"w\340c\214\246T\345\253\006\276>h\204j\027^]s0s5\036"
 315      A654E5AB 
 315      06BE3E68 
 315      846A175E 
 315      5D733073 
 316 09fc B7F901CB 		.ascii	"\267\371\001\313C\277\324\335e\264\267I\325I\347\347"
 316      43BFD4DD 
 316      65B4B749 
 316      D549E7E7 
 317 0a0c 4D8C7DC0 		.ascii	"M\214}\300\277\227\362\177B\371\367K\374\317\276\036"
 317      BF97F27F 
 317      42F9F74B 
 317      FCCFBE1E 
 318 0a1c BFA895F7 		.ascii	"\277\250\225\367\326*:w -\216\207a\025\250G'N\0149\340"
 318      D62A3A77 
 318      202D8E87 
ARM GAS  C:\Users\User\AppData\Local\Temp\cc0Pj2Gc.s 			page 25


 318      6115A847 
 318      274E0C39 
 319 0a31 4946F2C5 		.ascii	"IF\362\305\313\251BG<\303\224\312\362\252Z\336\271e"
 319      CBA94247 
 319      3CC394CA 
 319      F2AA5ADE 
 319      B965
 320 0a43 64F0E55F 		.ascii	"d\360\345_iZ\200#lYF\306\037/\261\3031LI\035\357|\306"
 320      695A8023 
 320      6C5946C6 
 320      1F2FB1C3 
 320      314C491D 
 321 0a5a 53D98DF4 		.ascii	"S\331\215\364:\363\330!;|\220\325\315\304G\031mq\"S"
 321      3AF3D821 
 321      3B7C90D5 
 321      CDC44719 
 321      6D712253 
 322 0a6e 129B1233 		.ascii	"\022\233\0223\027`#S\336\017&\266\361Y\332^8\205\270"
 322      17602353 
 322      DE0F26B6 
 322      F159DA5E 
 322      3885B8
 323 0a81 F0538829 		.ascii	"\360S\210)'\361o\361q\006}\320\026q\201C\027\200\032"
 323      27F16FF1 
 323      71067DD0 
 323      16718143 
 323      17801A
 324 0a94 7FB3FBDF 		.ascii	"\177\263\373\337\254z\362\265\344\311W,q\032\352o\035"
 324      AC7AF2B5 
 324      E4C9572C 
 324      711AEA6F 
 324      1D
 325 0aa5 50C9CFC9 		.ascii	"P\311\317\311c\340\234Q\352\2347\3249\257%\347d\032"
 325      63E09C51 
 325      EA9C37D4 
 325      39AF25E7 
 325      641A
 326 0ab7 C327D5F2 		.ascii	"\303'\325\362s\257Utus\307j|\212q|\335\324\321\213p"
 326      73AF5574 
 326      7573C76A 
 326      7C8A717C 
 326      DDD4D18B 
 327 0acc 2E53226E 		.ascii	".S\"n\336\310\261\305\371L\031>\335X\017s/S\372\007"
 327      DEC8B1C5 
 327      F94C193E 
 327      DD580F73 
 327      2F53FA07 
 328 0ae0 262B302E 		.ascii	"&+0.gJ\366\360\311\003v\270\212)u\0057\222\3711,\237"
 328      674AF6F0 
 328      C90376B8 
 328      8A297505 
 328      3792F931 
 329 0af6 2CA5531D 		.ascii	",\245S\035\227\277\267\347\016\371;\262\334\335\272"
 329      97BFB7E7 
 329      0EF93BB2 
 329      DCDDBA
 330 0b05 DC688F6B 		.ascii	"\334h\217k(\370\027\331\311\371\025\266\263\247\210"
ARM GAS  C:\Users\User\AppData\Local\Temp\cc0Pj2Gc.s 			page 26


 330      28F817D9 
 330      C9F915B6 
 330      B3A788
 331 0b14 8FFD16B1 		.ascii	"\217\375\026\261\233\233\244\263\243\300t,>s\316`\210"
 331      9B9BA4B3 
 331      A3C0742C 
 331      3E73CE60 
 331      88
 332 0b25 B6A18781 		.ascii	"\266\241\207\201\323\260\011\313\302\302a \227\366\266"
 332      D3B009CB 
 332      C2C26120 
 332      97F6B6
 333 0b34 10B14D64 		.ascii	"\020\261Md\"\2740\026\205\331\341\201\344V\227\034\337"
 333      22BC3016 
 333      85D9E181 
 333      E456971C 
 333      DF
 334 0b45 39074F37 		.ascii	"9\007O7\2351\034\017[\031t^\216/\235g\277=F\260_)\307"
 334      9D311C0F 
 334      5B19745E 
 334      8E2F9D67 
 334      BF3D46B0 
 335 0b5c 5F9C8327 		.ascii	"_\234\203'\035\230\374\326|\226\231\222\303\335\345"
 335      1D98FCD6 
 335      7C969992 
 335      C3DDE5
 336 0b6b E8A1686C 		.ascii	"\350\241hl\206\337\220\303\331\031b\016\376;3|D\016"
 336      86DF90C3 
 336      D919620E 
 336      FE3B337C 
 336      440E
 337 0b7d EF9F076F 		.ascii	"\357\237\007o\217\025\314\027\312\361g\347\221\257\211"
 337      8F15CC17 
 337      CAF167E7 
 337      91AF89
 338 0b8c 12F0C372 		.ascii	"\022\360\303r\374\220Rvn\033\022\315\347\313\341y\363"
 338      FC905276 
 338      6E1B12CD 
 338      E7CBE179 
 338      F3
 339 0b9d CC3788F8 		.ascii	"\3147\210\370sr|\361|:\"\276\3042^\244\263_\200\247"
 339      73727CF1 
 339      7C3A22BE 
 339      C4325EA4 
 339      B35F80A7 
 340 0bb1 C8E147E4 		.ascii	"\310\341G\344\360I\021n\3002x\222\034>&\270\376{\271"
 340      F049116E 
 340      C0327892 
 340      1C3E26B8 
 340      FE7BB9
 341 0bc4 F1177274 		.ascii	"\361\027rt\215\200~/G\367\212h\232\304\337\232s\354"
 341      8D807E2F 
 341      47F78A68 
 341      9AC4DF9A 
 341      73EC
 342 0bd6 83C5A411 		.ascii	"\203\305\244\021O\2641\230\235\233`\323B\317:\004-m"
 342      4FB43198 
ARM GAS  C:\Users\User\AppData\Local\Temp\cc0Pj2Gc.s 			page 27


 342      9D9B60D3 
 342      42CF3A04 
 342      2D6D
 343 0be8 65F8294B 		.ascii	"e\370)K\364b\263\030\324gr\353O\345\\\206\304\001\325"
 343      F462B318 
 343      D46772EB 
 343      4FE55C86 
 343      C401D5
 344 0bfb 6D794089 		.ascii	"my@\211\247qq<\325!\031\274|\336\370k\210\026\360\037"
 344      A771713C 
 344      D52119BC 
 344      7CDEF86B 
 344      8816F01F 
 345 0c0f E4F8A679 		.ascii	"\344\370\246y9\320'F)MN'u\036\276Yp\374\204\034\336"
 345      39D02746 
 345      294D4E27 
 345      751EBE59 
 345      70FC841C 
 346 0c24 3A2FA8E2 		.ascii	":/\250\342\370\253\227\303k\344\235\255\331\317]\017"
 346      F8AB97C3 
 346      6BE49DAD 
 346      D9CF5D0F 
 347 0c34 2700748A 		.ascii	"'\000t\212\303\245s\001:1\307:9\016\177\007\22708\374"
 347      C3A57301 
 347      3A31C73A 
 347      390E7F07 
 347      973038FC 
 348 0c48 007A9CA3 		.ascii	"\000z\234\243\2459\233\037%\004.}b\266\027X\036Mb\372"
 348      A5399B1F 
 348      25042E7D 
 348      62B61758 
 348      1E4D62FA 
 349 0c5c 0A1D7D69 		.ascii	"\012\035}i9\037\347\370E\364\343q9\376\330\374\261*"
 349      391FE7F8 
 349      45F4E371 
 349      39FED8FC 
 349      B12A
 350 0c6e 989FB49C 		.ascii	"\230\237\264\234\300s\340b\222=\267<s\210\323j\2378"
 350      C073E062 
 350      923DB73C 
 350      7388D36A 
 350      9F38
 351 0c80 AD56C8F1 		.ascii	"\255V\310\361\345\362\244l\216\026\340\215r\370\315"
 351      E5F2A46C 
 351      8E16E08D 
 351      72F8CD
 352 0c8f 7970D17A 		.ascii	"yp\321z\225\345I[pe\273\320\327w\226s\206q\027\277\001"
 352      95E5495B 
 352      7065BBD0 
 352      D7779673 
 352      867117BF 
 353 0ca4 CC4020A7 		.ascii	"\314@ \247i\035\201\223\017\000\371\330\015%\340%(\022"
 353      691D8193 
 353      0F00F9D8 
 353      0D25E025 
 353      2812
 354 0cb6 241EE438 		.ascii	"$\036\3448\310Q\220S \251 \373@\016\202\244\203D\203"
ARM GAS  C:\Users\User\AppData\Local\Temp\cc0Pj2Gc.s 			page 28


 354      C8519053 
 354      20A920FB 
 354      400E82A4 
 354      834483
 355 0cc9 64801C06 		.ascii	"d\200\034\006)\004)\006I\004\331\003\222\015R\002r\004"
 355      29042906 
 355      4904D903 
 355      920D5202 
 355      7204
 356 0cdb E424C859 		.ascii	"\344$\310Y\220\323 {A\214 E g@\016\201d\202D\200\234"
 356      90D3207B 
 356      418C2045 
 356      2067400E 
 356      81648244 
 357 0cf1 004902C9 		.ascii	"\000I\002\311\005\011\007\331\017\022\013R\012\022\005"
 357      050907D9 
 357      0F120B52 
 357      0A1205
 358 0d00 92061203 		.ascii	"\222\006\022\003r\016$\014$\005$\017\344\030H\001H2"
 358      720E240C 
 358      2405240F 
 358      E4184801 
 358      4832
 359 0d12 C801901C 		.ascii	"\310\001\220\034\2208,}/J\204\374\235\214\3429\337\001"
 359      90382C7D 
 359      2F4A84FC 
 359      9D8CE239 
 359      DF01
 360 0d24 59FC907B 		.ascii	"Y\374\220{G\332\262\242\026\371\020\031\333/\214\357"
 360      47DAB2A2 
 360      16F91019 
 360      DB2F8CEF 
 361 0d34 64CB93B0 		.ascii	"d\313\223\260\2308c1B\342\224Y^\217\205\310\366\211"
 361      98386331 
 361      42E29459 
 361      5E8F85C8 
 361      F689
 362 0d46 89D06079 		.ascii	"\211\320`y\301\024\247a\321z\230\034\376X\016o\020\007"
 362      C114A761 
 362      D17A981C 
 362      FE580E6F 
 362      1007
 363 0d58 4986E541 		.ascii	"I\206\345A\"|\222\032\230f\237\244\0005\367\223\024"
 363      227C921A 
 363      98669FA4 
 363      0035F793 
 363      14
 364 0d69 B1D5B55F 		.ascii	"\261\325\265_\334\311\244[\236\271\204\236\265\213="
 364      DCC9A45B 
 364      9EB9849E 
 364      B58B3D
 365 0d78 BB6539C5 		.ascii	"\273e9\305\347\254\355\342\210\033\264<\255\317\331"
 365      E7ACEDE2 
 365      881BB43C 
 365      ADCFD9
 366 0d87 F844F338 		.ascii	"\370D\3638\302y\222~\370#x\351\224\311\247\272\331\021"
 366      C279927E 
ARM GAS  C:\Users\User\AppData\Local\Temp\cc0Pj2Gc.s 			page 29


 366      F82378E9 
 366      94C9A7BA 
 366      D911
 367 0d99 4A262F29 		.ascii	"J&/)\356\003\200\177\314\355K\233w\3243o&\025g\2573"
 367      EE03807F 
 367      CCED4B9B 
 367      77D4336F 
 367      261567AF 
 368 0dae 96F76D1E 		.ascii	"\226\367m\036f\3535\022\233\373`\375.\207K\247;\376"
 368      66EB3512 
 368      9BFB60FD 
 368      2E874BA7 
 368      3BFE
 369 0dc0 DD5DB0DE 		.ascii	"\335]\260\336,Z/\262\274\221\221\276\3575u'5\251p=\335"
 369      2C5A2FB2 
 369      BC9191BE 
 369      EF357527 
 369      35A9703D 
 370 0dd5 8F2AEFF6 		.ascii	"\217*\357\366\2769\242F\213\334,\215\\T\016\003\366"
 370      BE39A246 
 370      8BDC2C8D 
 370      5C540E03 
 370      F6
 371 0de6 FFEBE065 		.ascii	"\377\353\340e\031Z{\000\207\223\014-\203^\236\307\263"
 371      195A7B00 
 371      87930C2D 
 371      835E9EC7 
 371      B3
 372 0df7 5F3449C2 		.ascii	"_4I\302R_\335\277\337v@-~t,\023\374\252@\025\230}t\204"
 372      525FDDBF 
 372      DF76402D 
 372      7E742C13 
 372      FCAA4015 
 373 0e0f 3BF9FF41 		.ascii	";\371\377A\312\305N'|\227\235\012N\0166\336\340\207"
 373      CAC54E27 
 373      7C979D0A 
 373      4E0E36DE 
 373      E087
 374 0e21 B09F90EF 		.ascii	"\260\237\220\357P\207\207\343\020;\024\014\222\003\366"
 374      508787E3 
 374      103B140C 
 374      9203F6
 375 0e30 89C6F123 		.ascii	"\211\306\361#Z\334\315\260\025\325/\2263(\3717\304\335"
 375      5ADCCDB0 
 375      15D52F96 
 375      3328F937 
 375      C4DD
 376 0e42 63297DC8 		.ascii	"c)}\310\3521\351\022\346\307\244jL\217I-\357\252'\355"
 376      EA31E912 
 376      E6C7A46A 
 376      4C8F492D 
 376      EFAA27ED 
 377 0e56 F12035A4 		.ascii	"\361 5\244\352\311\034{n\203\334\\\021\322\202\320."
 377      EAC91C7B 
 377      6E83DC5C 
 377      11D282D0 
 377      2E
ARM GAS  C:\Users\User\AppData\Local\Temp\cc0Pj2Gc.s 			page 30


 378 0e67 C24F03E9 		.ascii	"\302O\003\351\213\265\3502\306|\000*R\014`~\344;Rl\351"
 378      8BB5E832 
 378      C67C002A 
 378      520C607E 
 378      E43B526C 
 379 0e7c 3F972688 		.ascii	"?\227&\210u\015m\347*vEW\240\241\024\203\206\226\220"
 379      750D6DE7 
 379      2A764557 
 379      A0A11483 
 379      869690
 380 0e8f 6F8E6FB3 		.ascii	"o\216o\263\2634\342I\213\330\256\004\334EL\370]\303"
 380      B334E249 
 380      8BD8AE04 
 380      DC454CF8 
 380      5DC3
 381 0ea1 CE124B82 		.ascii	"\316\022K\202\216o<\301\376+H\332\210\372h\033\200>"
 381      8E6F3CC1 
 381      FE2B48DA 
 381      88FA681B 
 381      803E
 382 0eb3 D29DD2A9 		.ascii	"\322\235\322\251\025m_\377\230\355\244\310\201\263\013"
 382      156D5FFF 
 382      98EDA4C8 
 382      81B30B
 383 0ec2 7E9669B8 		.ascii	"~\226i\270c2\230\2566-K\335c2\204\257F\265\330\031U"
 383      633298AE 
 383      362D4BDD 
 383      633284AF 
 383      46B5D819 
 384 0ed7 41284DE8 		.ascii	"A(M\3503\341\325\013P\262A\251@u\370g\212\205A\177\010"
 384      33E1D50B 
 384      50B241A9 
 384      4075F867 
 384      8A85417F 
 385 0eec F45F13B4 		.ascii	"\364_\023\264\345\353\355\001\233\002\374C\203wj\376"
 385      E5EBED01 
 385      9B02FC43 
 385      83776AFE 
 386 0efc F5971B17 		.ascii	"\365\227\033\027\353<<\024Z?\277]\201A\241+\226\373"
 386      EB3C3C14 
 386      5A3FBF5D 
 386      8141A12B 
 386      96FB
 387 0f0e 854620FF 		.ascii	"\205F \377\177\332\354\277-\360\353@v\015\011\335\265"
 387      7FDAECBF 
 387      2DF0EB40 
 387      760D09DD 
 387      B5
 388 0f1f 3530D863 		.ascii	"50\330c\345\037V\370}\023\030\2645\370\233\020\261|"
 388      E51F56F8 
 388      7D1318B4 
 388      35F89B10 
 388      B17C
 389 0f31 736870F0 		.ascii	"shp\360\366\220\315\277\015\332\265\230>-\336\262s\307"
 389      F690CDBF 
 389      0DDAB598 
 389      3E2DDEB2 
ARM GAS  C:\Users\User\AppData\Local\Temp\cc0Pj2Gc.s 			page 31


 389      73C7
 390 0f43 E2801D5F 		.ascii	"\342\200\035_\007l\335\032\260u\363\027KW,^\276\314"
 390      076CDD1A 
 390      B075F317 
 390      4B572C5E 
 390      BECC
 391 0f55 63E57F78 		.ascii	"c\345\177xl\206\362\237\007\005\007\005\374<`\013X\016"
 391      6C86F29F 
 391      07050705 
 391      FC3C600B 
 391      580E
 392 0f67 0CF2DFBE 		.ascii	"\014\362\337\276kk\300\346\035[\300VP\300f\277\255\001"
 392      6B6BC0E6 
 392      1D5BC056 
 392      50C066BF 
 392      AD01
 393 0f79 BFD9B26B 		.ascii	"\277\331\262k{\250_\350\356\337\007\204,\335\246\320"
 393      7BA85FE8 
 393      EEDF0784 
 393      2CDDA6D0 
 394 0f89 487476FF 		.ascii	"Htv\377\037\262\011\331\035\262\331/$t+4\015\024\376"
 394      1FB209D9 
 394      1DB2D92F 
 394      24742B34 
 394      0D14FE
 395 0f9c 5D27B5AC 		.ascii	"]'\265\254"
 396 0fa0 2357DFF9 		.ascii	"#W\337\371-\013\345\014\031\034\342\261\362\013\367"
 396      2D0BE50C 
 396      191CE2B1 
 396      F20BF7
 397 0faf E010F76D 		.ascii	"\340\020\367m[\266\273\377>xgh\210\273\177\360\216\035"
 397      5BB6BBFF 
 397      3E786768 
 397      88BB7FF0 
 397      8E1D
 398 0fc1 C141EE9E 		.ascii	"\301A\356\236\372\365\272\365\177t'\001X\352\257\370"
 398      FAF5BAF5 
 398      7F742701 
 398      58EAAFF8 
 399 0fd1 11B97B05 		.ascii	"\021\271{\005\206\230#\341JJ|\003B}w\207\204\006\354"
 399      869823E1 
 399      4A4A7C03 
 399      427D7787 
 399      8406EC
 400 0fe4 58B72568 		.ascii	"X\267%h\353\366\200\235>;\003\203w\006\206\356\246q"
 400      EBF6809D 
 400      3E3B0383 
 400      770686EE 
 400      A671
 401 0ff6 D36D0FD8 		.ascii	"\323m\017\330\262\323' \010\330"
 401      B2D32720 
 401      08D8
 402 1000 FDD64EBF 		.ascii	"\375\326N\277\306w\215~\323\032\257\177Tz\373\330\261"
 402      C6778D7E 
 402      D31AAF7F 
 402      547AFBD8 
 402      B1
ARM GAS  C:\Users\User\AppData\Local\Temp\cc0Pj2Gc.s 			page 32


 403 1011 D8ADF20B 		.ascii	"\330\255\362\013\265\345\367\331\352_\250\274=\277\324"
 403      B5E5F7D9 
 403      EA5FA8BC 
 403      3DBFD4
 404 1020 CFAA2B54 		.ascii	"\317\252+T\336:\037\263\272\\\345\355\353\243\327\350"
 404      DE3A1FB3 
 404      BA5CE5ED 
 404      EBA3D7E8 
 405 1030 99E60195 		.ascii	"\231\346\001\225k\314\225\313\240r\215^\345\273\301"
 405      6BCC95CB 
 405      A0728D5E 
 405      E5BBC1
 406 103f 5BEFF73F 		.ascii	"[\357\367?p\004\357~\300\037C\335u\353}\275}\335\271"
 406      7004EF7E 
 406      C01F43DD 
 406      75EB7DBD 
 406      7DDDB9
 407 1052 AFA16267 		.ascii	"\257\241bg\200\237\377\216\225\340h\273_n\362\326\371"
 407      809FFF8E 
 407      95E068BB 
 407      5F6EF2D6 
 407      F9
 408 1063 6D80C8CF 		.ascii	"m\200\310\317\266\276\312\306s\335\227\276:\275J\347"
 408      B6BECAC6 
 408      73DD97BE 
 408      3ABD4AE7 
 409 1073 A9D39367 		.ascii	"\251\323\223g\037\270ym\320\255\207\2337\275\315BW\332"
 409      1FB8796D 
 409      D0AD879B 
 409      37BDCD42 
 409      57DA
 410 1085 78E974DE 		.ascii	"x\351t\336\276\277\326\220\333\372M\236:5<\370\376\332"
 410      BEBFD690 
 410      DBFA4D9E 
 410      3A353CF8 
 410      FEDA
 411 1097 16AE44E3 		.ascii	"\026\256D\343\367\215P\352MK)\306\326\233\3367\316Z"
 411      F78D50EA 
 411      4D4B29C6 
 411      D69BDE37 
 411      CE5A
 412 10a9 F9829478 		.ascii	"\371\202\224x~\365\325F\365\372Mk\365\313\351\325\203"
 412      7EF5D546 
 412      F5FA4D6B 
 412      F5CBE9D5 
 412      83
 413 10ba 5E97A975 		.ascii	"^\227\251u>\204\204\316\327w\315Wp\323\371z{\351\261"
 413      3E8484CE 
 413      D777CD57 
 413      70D3F97A 
 413      7BE9B1
 414 10cd 6E835EAD 		.ascii	"n\203^\255\373\012\236l\275\275\374\274}=\201\226\227"
 414      FB0A9E6C 
 414      BDBDFCBC 
 414      7D3D8196 
 414      97
 415 10de DFFAB5F4 		.ascii	"\337\372\265\364\346\311n^\354\346\263V\257\362\\\353"
ARM GAS  C:\Users\User\AppData\Local\Temp\cc0Pj2Gc.s 			page 33


 415      E6C96E5E 
 415      ECE6B356 
 415      AFF25CEB 
 416 10ee AB577DB9 		.ascii	"\253W}\271\326S\257^\277\036\256*/\242\257#\027\035"
 416      D653AF5E 
 416      BF1EAE2A 
 416      2FA2AF23 
 416      171D
 417 1100 5CD4BEEB 		.ascii	"\\\324\276\353t\360\350\273\316\007\354\352\364\030"
 417      74F0E8BB 
 417      CE07ECEA 
 417      F418
 418 110e FAADF6F4 		.ascii	"\372\255\366\364\326C\3577m\370\225\036\302\002\020"
 418      D643EF37 
 418      6DF8951E 
 418      C20210
 419 111d 9DCF466F 		.ascii	"\235\317Fo/\265\347\227\000\327\370\352\276\244\336"
 419      2FB5E797 
 419      00D7F8EA 
 419      BEA4DE
 420 112c 72F0F3FB 		.ascii	"r\360\363\373\315\256 \177?\277\245+W\255Z\251\2214"
 420      CDAE207F 
 420      3FBFA52B 
 420      57AD5AA9 
 420      9134
 421 113e 95FFB62D 		.ascii	"\225\377\266-;\377\033\245\213#\022"
 421      3BFF1BA5 
 421      8B2312
 422              		.text
 423              		.section	.gnu.lto_.symtab.ae029ede,"",%progbits
 424 0000 6E766963 		.ascii	"nvicEnableVector\000"
 424      456E6162 
 424      6C655665 
 424      63746F72 
 424      00
 425 0011 00       		.ascii	"\000"
 426 0012 00       		.ascii	"\000"
 427 0013 00       		.ascii	"\000"
 428 0014 00000000 		.ascii	"\000\000\000\000\000\000\000\000"
 428      00000000 
 429 001c BA000000 		.ascii	"\272\000\000\000"
 430 0020 6E766963 		.ascii	"nvicDisableVector\000"
 430      44697361 
 430      626C6556 
 430      6563746F 
 430      7200
 431 0032 00       		.ascii	"\000"
 432 0033 00       		.ascii	"\000"
 433 0034 00       		.ascii	"\000"
 434 0035 00000000 		.ascii	"\000\000\000\000\000\000\000\000"
 434      00000000 
 435 003d BE000000 		.ascii	"\276\000\000\000"
 436 0041 6E766963 		.ascii	"nvicSetSystemHandlerPriority\000"
 436      53657453 
 436      79737465 
 436      6D48616E 
 436      646C6572 
ARM GAS  C:\Users\User\AppData\Local\Temp\cc0Pj2Gc.s 			page 34


 437 005e 00       		.ascii	"\000"
 438 005f 00       		.ascii	"\000"
 439 0060 00       		.ascii	"\000"
 440 0061 00000000 		.ascii	"\000\000\000\000\000\000\000\000"
 440      00000000 
 441 0069 C0000000 		.ascii	"\300\000\000\000"
 442 006d 6E766963 		.ascii	"nvicClearPending\000"
 442      436C6561 
 442      7250656E 
 442      64696E67 
 442      00
 443 007e 00       		.ascii	"\000"
 444 007f 00       		.ascii	"\000"
 445 0080 00       		.ascii	"\000"
 446 0081 00000000 		.ascii	"\000\000\000\000\000\000\000\000"
 446      00000000 
 447 0089 C2000000 		.ascii	"\302\000\000\000"
 448              		.text
 449              		.section	.gnu.lto_.opts,"",%progbits
 450 0000 272D666D 		.ascii	"'-fmath-errno' '-fsigned-zeros' '-ftrapping-math' '"
 450      6174682D 
 450      6572726E 
 450      6F272027 
 450      2D667369 
 451 0033 2D666E6F 		.ascii	"-fno-trapv' '-fno-openmp' '-fno-openacc' '-mcpu=cor"
 451      2D747261 
 451      70762720 
 451      272D666E 
 451      6F2D6F70 
 452 0066 7465782D 		.ascii	"tex-m7' '-mno-thumb-interwork' '-mthumb' '-ggdb' '-"
 452      6D372720 
 452      272D6D6E 
 452      6F2D7468 
 452      756D622D 
 453 0099 4F322720 		.ascii	"O2' '-fomit-frame-pointer' '-falign-functions=16' '"
 453      272D666F 
 453      6D69742D 
 453      6672616D 
 453      652D706F 
 454 00cc 2D666675 		.ascii	"-ffunction-sections' '-fdata-sections' '-fno-common"
 454      6E637469 
 454      6F6E2D73 
 454      65637469 
 454      6F6E7327 
 455 00ff 2720272D 		.ascii	"' '-flto'\000"
 455      666C746F 
 455      2700
 456              		.text
 457              		.comm	__gnu_lto_v1,1,1
 458              		.comm	__gnu_lto_slim,1,1
 459              		.ident	"GCC: (GNU Tools for ARM Embedded Processors 6-2017-q1-update) 6.3.1 20170215 (release) [AR
ARM GAS  C:\Users\User\AppData\Local\Temp\cc0Pj2Gc.s 			page 35


DEFINED SYMBOLS
                            *ABS*:00000000 nvic.c
                            *COM*:00000001 __gnu_lto_v1
                            *COM*:00000001 __gnu_lto_slim

NO UNDEFINED SYMBOLS
