ARM GAS  C:\Users\User\AppData\Local\Temp\ccIw6P2w.s 			page 1


   1              		.cpu cortex-m7
   2              		.eabi_attribute 20, 1
   3              		.eabi_attribute 21, 1
   4              		.eabi_attribute 23, 3
   5              		.eabi_attribute 24, 1
   6              		.eabi_attribute 25, 1
   7              		.eabi_attribute 26, 1
   8              		.eabi_attribute 30, 2
   9              		.eabi_attribute 34, 1
  10              		.eabi_attribute 18, 4
  11              		.file	"hal.c"
  12              		.text
  13              	.Ltext0:
  14              		.section	.gnu.lto_.profile.a3780495,"",%progbits
  15 0000 789C6365 		.ascii	"x\234ce`b`a```d0e\007\000\000\361\000I"
  15      60626061 
  15      60606064 
  15      30650700 
  15      00F10049 
  16              		.text
  17              		.section	.gnu.lto_.icf.a3780495,"",%progbits
  18 0000 789C6365 		.ascii	"x\234ce`b\340`@\000F\206u}\233\337\2631\000\000\015"
  18      6062E060 
  18      40004686 
  18      757D9BDF 
  18      B3310000 
  19 0015 E302F5   		.ascii	"\343\002\365"
  20              		.text
  21              		.section	.gnu.lto_.jmpfuncs.a3780495,"",%progbits
  22 0000 789C6365 		.ascii	"x\234ce`bPg@\000F\010\305\3048\235\231\261\371\327\376"
  22      60625067 
  22      40004608 
  22      C5C4389D 
  22      99B1F9D7 
  23 0015 CF7CF57F 		.ascii	"\317|\365\177\033$\34633,f\006I.g\254g`d\001\262\000"
  23      1B24E633 
  23      332C6606 
  23      492E67AC 
  23      67606401 
  24 002b B8140894 		.ascii	"\270\024\010\224"
  25              		.text
  26              		.section	.gnu.lto_.inline.a3780495,"",%progbits
  27 0000 789C6365 		.ascii	"x\234ce`b\320c@\000F\006\006NSF\240 \003\003\333\002"
  27      6062D063 
  27      40004606 
  27      064E5346 
  27      A0200303 
  28 0016 7926B010 		.ascii	"y&\260\020\027\012\301\304\015R\005f2\000\0005\014\001"
  28      170AC1C4 
  28      0D520566 
  28      32000035 
  28      0C01
  29 0028 79       		.ascii	"y"
  30              		.text
  31              		.section	.gnu.lto_.pureconst.a3780495,"",%progbits
  32 0000 789C6365 		.ascii	"x\234ce`b`f```d\220\000\000\000\204\000$"
  32      60626066 
ARM GAS  C:\Users\User\AppData\Local\Temp\ccIw6P2w.s 			page 2


  32      60606064 
  32      90000000 
  32      840024
  33              		.text
  34              		.section	.gnu.lto_halInit.a3780495,"",%progbits
  35 0000 789C7590 		.ascii	"x\234u\220?H\302Q\020\307\357~\317\177AFCCaC\253K\""
  35      3F48C251 
  35      10C7EF7E 
  35      CF7F4146 
  35      43436143 
  36 0017 4142AB53 		.ascii	"AB\253S5\266\012Q:\370\243\350\007\375*\307\3373\013"
  36      35B60A51 
  36      3AF8A3E8 
  36      07FD2AC7 
  36      DF330B
  37 002a C1A05ACC 		.ascii	"\301\240Z\314\014\342\375(B\313\322ls\352\207[KA\215"
  37      0CE2FD28 
  37      42CBD26C 
  37      73EA875B 
  37      4B418D
  38 003d 4D453464 		.ascii	"ME4dA\320V\250\335\323\210\006;\270w\357\335}\270\373"
  38      41D056A8 
  38      DDD38806 
  38      3BB877EF 
  38      DD7DB8FB 
  39 0051 DEB38302 		.ascii	"\336\263\203\002&\002L\002\200\207\034\031\240\262}"
  39      26024C02 
  39      80871C19 
  39      A0B27D
  40 0060 0D107729 		.ascii	"\015\020w)\210\362\302]\010\206\202\006n\261\014\303"
  40      88F2C25D 
  40      08868206 
  40      6EB10CC3 
  41 0070 6AF2B9A2 		.ascii	"j\362\271\242xs\234\314\312\274\017\360\274\205\202"
  41      78739CCC 
  41      CABC0FF0 
  41      BC8582
  42 007f 0164C9A5 		.ascii	"\001d\311\245a\016\275@\330c\271\221v;l\355<\346\321"
  42      610EBD40 
  42      D863B991 
  42      763B6CED 
  42      3CE6D1
  43 0092 4123A074 		.ascii	"A#\240t\213\026o4\223\334z:\300\273\011'@\212\312r\306"
  43      8B166F34 
  43      93DC7A3A 
  43      C0BB0927 
  43      408ACA72 
  44 00a7 06536464 		.ascii	"\006Sdd5L\230_\036\311\313&\225\312\353\275\323\250"
  44      354C985F 
  44      1EC9CB26 
  44      95CAEBBD 
  44      D3A8
  45 00b9 73976098 		.ascii	"s\227`\230e\324\001\217\321\000Al\015\327\314\243\356"
  45      65D4018F 
  45      D100416C 
  45      0DD7CCA3 
  45      EE
ARM GAS  C:\Users\User\AppData\Local\Temp\ccIw6P2w.s 			page 3


  46 00ca 0E1CCB52 		.ascii	"\016\034\313R\025\360\2048*\354\254Wo\234\233L0\033"
  46      15F08438 
  46      2AECAC57 
  46      6F9C9B4C 
  46      301B
  47 00dc CA67E2F3 		.ascii	"\312g\342\363\362\243\207\270~J\034Ja\224\273\332+\314"
  47      F2A387B8 
  47      7E4A1C4A 
  47      6194BBDA 
  47      2BCC
  48 00ee 09DC8FF7 		.ascii	"\011\334\217\367\012f\307S\332\262\200\203\255B\363"
  48      0A66C753 
  48      DAB28083 
  48      AD42F3
  49 00fd E5A2D845 		.ascii	"\345\242\330E\360.\347C\262\301\031\012l\015\304\"\032"
  49      F02EE743 
  49      B2C1190A 
  49      6C0DC422 
  49      1A
  50 010e 8239406A 		.ascii	"\2029@j\255\273;k\245\346X\372\325\2320\037\372:s6\342"
  50      ADBB3B6B 
  50      A5E658FA 
  50      D59A301F 
  50      FA3A7336 
  51 0123 CEFF70F5 		.ascii	"\316\377p\365\1778;q\345\037\356\015W\315\\\272\255"
  51      7F383B71 
  51      E51FEE0D 
  51      57CD5CBA 
  51      AD
  52 0134 455A8A7E 		.ascii	"EZ\212~\206\376\216\326\036\017\216\205\302QuV\015\005"
  52      86FE8ED6 
  52      1E0F8E85 
  52      C2517556 
  52      0D05
  53 0146 E539B5B4 		.ascii	"\3459\265\264\034Q5\177`ed:\246.D\264\230\3767\337&"
  53      1C51357F 
  53      6065643A 
  53      A62E44B4 
  53      98FE37DF 
  54 015b 35DD1F18 		.ascii	"5\335\037\030\365i\272/:3\357\323\027\3032\016\207\341"
  54      F569BA2F 
  54      3A33EFD3 
  54      17C3320E 
  54      87E1
  55 016d 1B6CC5A4 		.ascii	"\033l\305\244\021"
  55      11
  56              		.text
  57              		.section	.gnu.lto_.symbol_nodes.a3780495,"",%progbits
  58 0000 789C55C9 		.ascii	"x\234U\311\261\015\3020\024E\321\353g\23392\012\231"
  58      B10DC230 
  58      1445D1EB 
  58      679B3932 
  58      0A99
  59 0012 ECBB6000 		.ascii	"\354\273`\000Z\244$@\344)R\247f\006\220\230\003\361"
  59      5AA42440 
  59      E42952A7 
  59      66069098 
ARM GAS  C:\Users\User\AppData\Local\Temp\ccIw6P2w.s 			page 4


  59      03F1
  60 0024 71855F73 		.ascii	"q\205_s\244\3732\342\202O\223\014\316\017p\2662B\276"
  60      A4FB32E2 
  60      824F930C 
  60      CE0F70B6 
  60      3242BE
  61 0037 8AC19FB0 		.ascii	"\212\301\237\260\312B{\240\224\243\207\273L]\270\311"
  61      CA427BA0 
  61      94A387BB 
  61      4C5DB8C9 
  62 0047 62171659 		.ascii	"b\027\026Y\352\302,\313\377!r\240>?!\222\331\233\211"
  62      EAC22CCB 
  62      FF2172A0 
  62      3E3F2192 
  62      D99B89
  63 005a 7733727A 		.ascii	"w3rz\375\024\325\345\013\212{%\237"
  63      FD14D5E5 
  63      0B8A7B25 
  63      9F
  64              		.text
  65              		.section	.gnu.lto_.refs.a3780495,"",%progbits
  66 0000 789C6365 		.ascii	"x\234ce`b`c```d`bdb\000\000\000\275\000\024"
  66      60626063 
  66      60606064 
  66      60626462 
  66      000000BD 
  67              		.text
  68              		.section	.gnu.lto_.decls.a3780495,"",%progbits
  69 0000 789CBD56 		.ascii	"x\234\275VkPTG\026\276}{^\\\306hAv\343\017kCY\244\344"
  69      6B505447 
  69      16BE7D7B 
  69      5E5CC668 
  69      4176E30F 
  70 0019 47848046 		.ascii	"G\204\200FR\371\2215\213QI\210\262\225M~lQ550\243L\025"
  70      52F99135 
  70      8B514988 
  70      B2954D7E 
  70      6C513535 
  71 0031 CCCCCE0C 		.ascii	"\314\314\316\0141\326\376\271\204g4\210\217\274\306"
  71      31D6FEB9 
  71      84673488 
  71      8FBCC6
  72 0040 52A3D15A 		.ascii	"R\243\321Z!\022\300g|D\035_\200\204\307\250+B\344\025"
  72      2112C067 
  72      7C441D5F 
  72      8084C7A8 
  72      2B42E415 
  73 0054 54765544 		.ascii	"TvUD\360\021@\205\311\351\356{\271\227\013\376H\231"
  73      F0114085 
  73      C9E9EE7B 
  73      B9970BFE 
  73      4899
  74 0066 CAAD39DD 		.ascii	"\312\2559\335\367\364\371\356wN\237>\335\323z\216\347"
  74      F7F4F9EE 
  74      774E9F3E 
  74      DDD37A8E 
  74      E7
ARM GAS  C:\Users\User\AppData\Local\Temp\ccIw6P2w.s 			page 5


  75 0077 769B39EE 		.ascii	"v\2339\356O:\216\333\302q\\\010\036\036\372\357@\020"
  75      4F3A8EDB 
  75      C2715C08 
  75      1E1EFAEF 
  75      4010
  76 0089 C820C71E 		.ascii	"\310 \307\036\003\3100\310#\220' c <\000t\210\341\014"
  76      03C830C8 
  76      23902720 
  76      63203C00 
  76      7488E10C 
  77 009d 889BF00C 		.ascii	"\210\233\360\014\202n\204\376\003\020#\274\017AoB\214"
  77      826E84FE 
  77      031023BC 
  77      0F416F42 
  77      8C
  78 00ae 6F8070A3 		.ascii	"o\200p\243\211\274\204\207\360\215I\374\217\270\251"
  78      89BC8487 
  78      F08D49FC 
  78      8FB8A9
  79 00bd 79BFC4E8 		.ascii	"y\277\304\350B~\365\026\274\016\243\010\001\351@\035"
  79      427EF516 
  79      BC0EA308 
  79      01E9401D 
  80 00cd 6CDC7CED 		.ascii	"l\334|\3559P\237\027P\024\250%\345c/2\343W<\250\207"
  80      39509F17 
  80      5014A825 
  80      E5632F32 
  80      E3573CA8 
  81 00e2 8FDF4960 		.ascii	"\217\337I`\352,\320\216v\014\006\302\031\266\033\221"
  81      EA2CD08E 
  81      760C06C2 
  81      19B61B91 
  82 00f2 6FC59222 		.ascii	"o\305\222\"33\017\023\375|\313\326~\001C\034\360\336"
  82      33330F13 
  82      FD7CCBD6 
  82      7E01431C 
  82      F0DE
  83 0104 9F7FA33B 		.ascii	"\237\177\243;\234\331f\202zq\240a\253\244\316\000\265"
  83      9CD96682 
  83      7A71A061 
  83      ABA4CE00 
  83      B5
  84 0115 FD93C26D 		.ascii	"\375\223\302m\006\034F\221\035u\345{H@s\004D\3227\035"
  84      061C4691 
  84      1D75E57B 
  84      48407304 
  84      44D2371D 
  85 0129 86AAFA8E 		.ascii	"\206\252\372\216\214LcC\004\3215R\2668\266Bd\217\351"
  85      8C4C6343 
  85      04D13552 
  85      B638B642 
  85      648FE9
  86 013c 2FCA5C2E 		.ascii	"/\312\\.\226\336\333e\304/\020\020\357\257\277rZ\207"
  86      96DEDB65 
  86      C42F1010 
  86      EFAFBF72 
  86      5A87
ARM GAS  C:\Users\User\AppData\Local\Temp\ccIw6P2w.s 			page 6


  87 014e 6284FF10 		.ascii	"b\204\377\020P\340\312\2039\033\212D\221G\207\220\200"
  87      50E0CA83 
  87      391B8A44 
  87      91478790 
  87      80
  88 015f 0E208CF6 		.ascii	"\016 \214\366\243X\222\2239\002\264\305\242\370\261"
  88      A3589293 
  88      3902B4C5 
  88      A2F8B1
  89 016e B83E4F0C 		.ascii	"\270>O\014[\312\24124\013\355F\2638t\020\305\020\177"
  89      5BCAA132 
  89      340BED46 
  89      B3387410 
  89      C5107F
  90 0181 0487F6C1 		.ascii	"\004\207\366\301\340^\030\004\027\345\2736|c\300e\210"
  90      E05E1804 
  90      17E5BB36 
  90      7C63C065 
  90      88
  91 0192 FAA83971 		.ascii	"\372\2509q\265U\207\204\230)\011\216LA\300\202i\256"
  91      B5558784 
  91      9829098E 
  91      4C41C082 
  91      69AE
  92 01a4 9C5D5340 		.ascii	"\234]S@\2029\014\301|\257\004\003\261\261y\364\034m"
  92      82390CC1 
  92      7CAF0403 
  92      B1B179F4 
  92      1C6D
  93 01b6 CFE5F11E 		.ascii	"\317\345\361\036\226\271\315\307\036\324\353Y\252L\240"
  93      96B9CDC7 
  93      1ED4EB59 
  93      AA4CA0
  94 01c5 DEDD74AE 		.ascii	"\336\335t\256\221\307U\314\326\333\232\3477\340\203"
  94      91C755CC 
  94      D6DB9AE7 
  94      37E083
  95 01d4 4C593FDA 		.ascii	"LY?\332&\032\360q\246\224\334\035\336\241\303g\231\322"
  95      261AF071 
  95      A694DC1D 
  95      DEA1C367 
  95      99D2
  96 01e6 9637D432 		.ascii	"\2267\3242\015\327S%\254\260\352\360\0013\212&Odtt\314"
  96      0DD75325 
  96      ACB0EAF0 
  96      01338A26 
  96      4F647474 
  97 01fb 3724F640 		.ascii	"7$\366@\250\355\345\272{\327Eq\243\231\006\025\200\240"
  97      A8EDE5BA 
  97      7BD74571 
  97      A3990615 
  97      80A0
  98 020d 6A50A432 		.ascii	"jP\2442\231Jh8\024\017\015\307>x\364\206_\014\344c\212"
  98      994A6838 
  98      140F0DC7 
  98      3E78F486 
  98      5F0CE463 
ARM GAS  C:\Users\User\AppData\Local\Temp\ccIw6P2w.s 			page 7


  99 0222 3EA945C7 		.ascii	">\251E\307i\300\267\376\252\200\177\320\202\217Q\352"
  99      69C0B7FE 
  99      AA807FD0 
  99      828F51EA 
 100 0232 32A4E256 		.ascii	"2\244\342V\301\217j\341U\332H~R\241\217OMN\321\033H"
 100      C18F6AE1 
 100      55DA487E 
 100      52A18F4F 
 100      4D4ED11B 
 101 0247 EED78BE2 		.ascii	"\356\327\213\342B\035\207\366\200\375[j\"hH?:\017\253"
 101      421D87F6 
 101      80FD5B6A 
 101      2268483F 
 101      3A0FAB
 102 025a 751A45A3 		.ascii	"u\032E\243Z\220s g@\316\202\324\201\234B\321\264\302"
 102      5A907320 
 102      6740CE82 
 102      D4819C42 
 102      D1B4C2
 103 026d 98BF7A95 		.ascii	"\230\277z\225\277\023S\316\\=\227\372\245\012\272z\352"
 103      BF1353CE 
 103      5C3D97FA 
 103      A50ABA7A 
 103      EA
 104 027e B930382B 		.ascii	"\27108+\215\376\023\021\271\242\210\010\214\223\312"
 104      8DFE1311 
 104      B9A28808 
 104      8C93CA
 105 028d 42AAED93 		.ascii	"B\252\355\223c\371A\003>\200i\341\355Z\323p\310\204"
 105      63F94103 
 105      3E8069E1 
 105      ED5AD370 
 105      C884
 106 029f 2263A69A 		.ascii	"\"c\246\232\023j\200\251\374\226i1\317\275u\006\330"
 106      136A80A9 
 106      FC966931 
 106      CFBD7506 
 106      D8
 107 02b0 4CE847F8 		.ascii	"L\350G\370\260^)I\022\007u/\357\365\010i\257\0275>\334"
 107      B05E2949 
 107      1207752F 
 107      EFF50869 
 107      AF17353E 
 108 02c5 CDE35A1A 		.ascii	"\315\343Z\032\016\252\376!\377\316s\314\030 \306\265"
 108      0EAAFE21 
 108      FFCE73CC 
 108      1820C6B5 
 109 02d5 05A59F18 		.ascii	"\005\245\237\030q\0233\336/\333\267\315\304\214e\304"
 109      711333DE 
 109      2FDBB7CD 
 109      C48C65C4 
 110 02e5 7873B4E6 		.ascii	"xs\264\346\266\036_f\306\212\306\332v\351\364)&\306"
 110      B61E5F66 
 110      C68AC6DA 
 110      76E9F429 
 110      26C6
 111 02f7 4B43C122 		.ascii	"KC\301\"\001\2673c\350f\333\3160f\034 \372\232\203\233"
ARM GAS  C:\Users\User\AppData\Local\Temp\ccIw6P2w.s 			page 8


 111      01B73363 
 111      E866DBCE 
 111      30661C20 
 111      FA9A839B 
 112 030b 764EC7D7 		.ascii	"vN\307\327\230\361R\357\216|\351\260\011\022}]\351\376"
 112      98F152EF 
 112      8E7CE9B0 
 112      09127D5D 
 112      E9FE
 113 031d BD02BEC5 		.ascii	"\275\002\276\305\214e\275[\326I\306\327@=\330x\270S"
 113      8C65BD5B 
 113      D649C6D7 
 113      403DD878 
 113      B853
 114 032f 8F0799AD 		.ascii	"\217\007\231\255\375^KQ8\036fJ\325\223\317v\033p\210"
 114      FD5E4B51 
 114      381E664A 
 114      D593CF76 
 114      1B7088
 115 0342 29C12D5B 		.ascii	")\301-[\345\235v\200\234v%U!\023;\336\266G\022\017\376"
 115      E59D7680 
 115      9C762555 
 115      21133BDE 
 115      B647120F 
 116 0357 8E6A0117 		.ascii	"\216j\001\027\352\010v\332h\327\203\223\341(2z\374\211"
 116      EA0876DA 
 116      68D78393 
 116      E128327A 
 116      FC89
 117 0369 89562F46 		.ascii	"\211V/F',F\007]\335ni%n\303J\364@\326{A\376\017r\003"
 117      272C4607 
 117      5DDD6E69 
 117      256EC34A 
 117      F440D67B 
 118 0382 E43AC84D 		.ascii	"\344:\310M\220[ } \377\003\371\031\344\232Rpde\232\""
 118      905B207D 
 118      20FF03F9 
 118      19E49A52 
 118      7064659A 
 119 0397 368962DD 		.ascii	"6\211b\335+tm\276\203\265!\224\343\253]1q\373\000\376"
 119      2B746DBE 
 119      83B52194 
 119      E3AB5D31 
 119      71FB00FE 
 120 03ab F4DBB9B4 		.ascii	"\364\333\271\264\344\010\274]\013\237\2605\011x\271"
 120      E408BC5D 
 120      0B9FB035 
 120      0978B9
 121 03ba 02EED282 		.ascii	"\002\356\322\202\313\221\026\235\242\240[\264\350\313"
 121      CB91169D 
 121      A2A05BB4 
 121      E8CB
 122 03c8 5A74CF3B 		.ascii	"Zt\317;\012\272U\213\2762)\356\036U\334W\265\360\312"
 122      0ABA558B 
 122      BE3229EE 
 122      1E55DC57 
 122      B5F0CA
ARM GAS  C:\Users\User\AppData\Local\Temp\ccIw6P2w.s 			page 9


 123 03db C9D35CA6 		.ascii	"\311\323\\\246\300\233\264\360\306I\221\253b\371I\213"
 123      C09BB4F0 
 123      C64991AB 
 123      62F9498B 
 124 03eb 6E9B14B9 		.ascii	"n\233\024\271j\236\377\325\242/M\016\345]\005~Q\013"
 124      6A9EFFD5 
 124      A22F4D0E 
 124      E55D057E 
 124      510B
 125 03fd BFA0904B 		.ascii	"\277\240\220K{\374<\333\343\335\023\367\270\264\330"
 125      7BFC3CDB 
 125      E3DD13F7 
 125      B8B4D8
 126 040c 8DAAC50E 		.ascii	"\215\252\305\016j\271\232U\256\241\"O\215\364\025L\307"
 126      6AB99A55 
 126      AEA1224F 
 126      8DF4154C 
 126      C7
 127 041d 25B422F9 		.ascii	"%\264\"\371\321\366\353\257j\216\004\271\012\321](\276"
 127      D1F6EBAF 
 127      6A8E04B9 
 127      0AD15D28 
 127      BE
 128 042e 67294416 		.ascii	"g)D\026xK3=\"\372\201\350\216rDt\313G\304\326\356\300"
 128      784B333D 
 128      22FA81E8 
 128      8E724474 
 128      CB47C4D6 
 129 0444 357DA4E4 		.ascii	"5}\244\344\277\370i\376\271\337\354\234\374\265=<\366"
 129      BFF869FE 
 129      B9DFEC9C 
 129      FCB53D3C 
 129      F6
 130 0455 3936AF19 		.ascii	"96\257\031\377\233E\003\252c\224C\203\310L\200\244\007"
 130      FF9B4503 
 130      AA639443 
 130      83C84C80 
 130      A407
 131 0467 F0A192B3 		.ascii	"\360\241\222\263\307\371N(}\270y\241\031\224\202\335"
 131      C7F94E28 
 131      7DB879A1 
 131      199482DD 
 132 0477 8F107444 		.ascii	"\217\020tD\250\032\222\037\204\3508\214\362\234t\375"
 132      A81A921F 
 132      84E8388C 
 132      F29C74FD 
 133 0487 928790FC 		.ascii	"\222\207\220\374\205\244\363\222\312K\224\364'}\214"
 133      85A4F392 
 133      CA4B94F4 
 133      277D8C
 134 0496 548CCCCC 		.ascii	"T\214\314\314<\311\017\273\201!\351\246F\331\331\327"
 134      3CC90FBB 
 134      8121E9A6 
 134      46D9D9D7 
 135 04a6 88571C20 		.ascii	"\210W\034 \244\376@E\310\302\226\354\343\361q\312\344"
 135      A4FE4045 
 135      C8C296EC 
ARM GAS  C:\Users\User\AppData\Local\Temp\ccIw6P2w.s 			page 10


 135      E3F171CA 
 135      E4
 136 04b7 909CAA41 		.ascii	"\220\234\252A\177C\257\320\005i\207\221\355\013\021"
 136      7F43AFD0 
 136      05698791 
 136      ED0B11
 137 04c6 1D1BD82F 		.ascii	"\035\033\330/\366\010\370KZ'\350\\h(0\235\235r\274\352"
 137      F608F84B 
 137      5A27E85C 
 137      6828309D 
 137      9D72BCEA 
 138 04da 26F63CBB 		.ascii	"&\366<\273\211\015\347^>%\314\374\202^\255\362\304\031"
 138      890DE75E 
 138      3E25CCFC 
 138      825EADF2 
 138      C419
 139 04ec 3CFAE0CF 		.ascii	"<\372\340\317\350\027H\364C\232\350!4\023\332t\235T"
 139      E81748F4 
 139      439AE821 
 139      3413DA74 
 139      9D54
 140 04fe 7EC19263 		.ascii	"~\301\222c\302\354\355\342\366n\270@\254\305\303\025"
 140      C2ECEDE2 
 140      F66EB840 
 140      ACC5C315 
 141 050e 8562103E 		.ascii	"\205b\020>[Hq\350\201R\"\360\012\355}8`\320=(\012\016"
 141      5B4871E8 
 141      815222F0 
 141      0AED7D38 
 141      60D03D28 
 142 0524 AE87B3C9 		.ascii	"\256\207\263\311\177\310\276\376.=\276\311\302\332\260"
 142      7FC8BEFE 
 142      2E3DBEC9 
 142      C2DAB0
 143 0533 2FD88381 		.ascii	"/\330\203\201\254\033\012\255v\033\256\314\253\371T"
 143      AC1B0AAD 
 143      761BAECC 
 143      ABF954
 144 0542 DC8118D5 		.ascii	"\334\201\030\325\210B5B\250\310\313#J\321\320\333\361"
 144      88423542 
 144      A8C8CB23 
 144      4AD1D0DB 
 144      F1
 145 0553 6F7C4A4F 		.ascii	"o|JO\031*?o\276k\224\030\256\036\301\267G\256\213\305"
 145      192A3F6F 
 145      BE6B9418 
 145      AE1EC1B7 
 145      47AE8BC5 
 146 0567 022378AC 		.ascii	"\002#x\254\020<\226\011\236P\202\341#\237\325\012\270"
 146      103C9609 
 146      9E5082E1 
 146      239FD50A 
 146      B8
 147 0578 D2C02EA9 		.ascii	"\322\300.\251\301=\255f\211\341~\023>Y^\030He\004\243"
 147      C13DAD66 
 147      89E17E13 
 147      3E595E18 
ARM GAS  C:\Users\User\AppData\Local\Temp\ccIw6P2w.s 			page 11


 147      486504A3 
 148 058c 0AC1A84C 		.ascii	"\012\301\250L0F\011\276\255\360\337\010\303\305FJ\340"
 148      304609BE 
 148      ADF0DF08 
 148      C3C5464A 
 148      E0
 149 059d BF3CD467 		.ascii	"\277<\324g\320\361\254\024I\236`\354\314\305\326R\335"
 149      D0F1AC14 
 149      499E60EC 
 149      CCC5D652 
 149      DD
 150 05ae 53339ACB 		.ascii	"S3\232\313\223\214\212\274\224\322]\315\243\337\233"
 150      938C8ABC 
 150      94D25DCD 
 150      A3DF9B
 151 05bd A4081EB7 		.ascii	"\244\010\036\267\275\374\351N\032\001\200PH\211 $G\360"
 151      BDFCE94E 
 151      1A018050 
 151      48892024 
 151      47F0
 152 05cf 314F22F0 		.ascii	"1O\"\360o+\255\306\370\013\026\301\306\315O\232x9\011"
 152      6F2BADC6 
 152      F80B16C1 
 152      C6CD4F9A 
 152      783909
 153 05e2 7D782CA4 		.ascii	"}x,\244$!\217\037g\200W\306\220O\031\352\316T\376\022"
 153      24218F1F 
 153      678057C6 
 153      904F19EA 
 153      CE54FE12 
 154 05f6 8EF34C94 		.ascii	"\216\363L\224\241\263\246\316\257{i\2478 \222k\341k"
 154      A1B3A6CE 
 154      AF7B69A7 
 154      3820926B 
 154      E16B
 155 0608 6BF39A44 		.ascii	"k\363\232Dq\007Ow\\\001cP\375\273\025\020\"T\310\277"
 155      71074F77 
 155      5C016350 
 155      FDBB1510 
 155      2254C8BF 
 156 061c 44AEE5C3 		.ascii	"D\256\345\303W:\315\352MJ\234*\233\264\2107\313\356"
 156      573ACDEA 
 156      4D4A9C2A 
 156      9BB48837 
 156      CBEE
 157 062e E1956EEA 		.ascii	"\341\225n\352\257[tj<\231\246\202/\346\331\246&\275"
 157      AF5B746A 
 157      3C99A682 
 157      2FE6D9A6 
 157      26BD
 158 0640 21F5ED45 		.ascii	"!\365\355EV\237Ug]\341\3112-Y\366~TR|<'X,9\016\247o"
 158      569F5567 
 158      5DE1C932 
 158      2D59F67E 
 158      54527C3C 
 159 065b 5E82C597 		.ascii	"^\202\305\227\2172^O\313\310t\244;X\353\365\345\330"
 159      8F325E4F 
ARM GAS  C:\Users\User\AppData\Local\Temp\ccIw6P2w.s 			page 12


 159      CBC874A4 
 159      3B58EBF5 
 159      E5D8
 160 066d 1CAEF8C4 		.ascii	"\034\256\370\304\017\347YV9\2346\327*\257z<\315\347"
 160      0FE75956 
 160      399C36D7 
 160      2AAF7A3C 
 160      CDE7
 161 067f 726579D3 		.ascii	"rey\323V:s\242\350[\224\325\223\035e\317N\267\333lv"
 161      563A73A2 
 161      E85B94D5 
 161      931D65CF 
 161      4EB7DB6C 
 162 0694 5BDA82D8 		.ascii	"[\332\202\330yQ\011\257\304'\376+>\015\306\347:]N\373"
 162      795109AF 
 162      C427FE2B 
 162      3E0DC6E7 
 162      3A5D4EFB 
 163 06a8 5CBB1598 		.ascii	"\\\273\025\230\035\316\214\254\034\233=-\333\012\\N"
 163      1DCE8CAC 
 163      1C9B3D2D 
 163      DB0A5C4E 
 164 06b8 7B9AC566 		.ascii	"{\232\305f_a\315\311\362Y|\253\335vol&g\222\303Y\375"
 164      5F61CDC9 
 164      F2597CAB 
 164      DD766F6C 
 164      266792C3 
 165 06ce 0746E35D 		.ascii	"\007F\343]\355M\263x}6p\015!`\227\315\243w\347\270m"
 165      ED4DB378 
 165      7D36700D 
 165      216097CD 
 165      A377E7B8 
 166 06e3 1EA3CBEB 		.ascii	"\036\243\313\353\266\333m\036\203\213\204\347\321g\273"
 166      B6DB6D1E 
 166      838B84E7 
 166      D167BB
 167 06f2 6C760F49 		.ascii	"lv\017I`\246-I\216.\211\264\357M\216N5\316\220.o|\342"
 167      60A62D49 
 167      8E2E89B4 
 167      EF4D8E4E 
 167      35CE902E 
 168 0709 82389737 		.ascii	"\2028\2277.\323\232\025\347vy|\336\270\367\376\361\356"
 168      2ED39A15 
 168      E776797C 
 168      DEB8F7FE 
 168      F1EE
 169 071b BC84B894 		.ascii	"\274\204\270\224\224EqKR\223\227\177\230@L\0267HV\226"
 169      9445714B 
 169      5293977F 
 169      98404C16 
 169      37485696 
 170 072f 0D0289F0 		.ascii	"\015\002\211\360\372\262!\025+\335\016\227\305k\367"
 170      FAB22115 
 170      2BDD0E97 
 170      C56BF7
 171 073e E5B82D3E 		.ascii	"\345\270->Cj2YDC\352R\326-a\335b\326\275\305\272E\254"
 171      436A3259 
ARM GAS  C:\Users\User\AppData\Local\Temp\ccIw6P2w.s 			page 13


 171      4443EA52 
 171      D62D61DD 
 171      62D6BDC5 
 172 0755 4B62DDDF 		.ascii	"Kb\335\337X\367&\353\336!]X\352\233)I.\347\012\307J"
 172      58F726EB 
 172      DE215D58 
 172      EA9B2949 
 172      2EE70AC7 
 173 076a 23784C76 		.ascii	"#xLv:|\311\3178\037\257'\203\364\261\031\234\301\353"
 173      3A7CC9CF 
 173      381FAF27 
 173      83F4B119 
 173      9CC1EB
 174 077d 2384A9CF 		.ascii	"#\204\251\317H(-\015\315\210\227\254JX\272\313\352\261"
 174      48282D0D 
 174      CD8897AC 
 174      4A58BACB 
 174      EAB1
 175 078f 11EAF467 		.ascii	"\021\352\364g\244\246D$\371\226e\357'\245\274\265<~"
 175      A4A64424 
 175      F99665EF 
 175      27A5BCB5 
 175      3C7E
 176 07a1 FE7CCBE2 		.ascii	"\376|\313\342\304\005\211\377Lf&pft\257\312&\256\376"
 176      C40589FF 
 176      4C662670 
 176      6674AFCA 
 176      26AEFE
 177 07b4 FE3BCE02 		.ascii	"\376;\316\002(\201y\232\274\276\026\007\360\2333U\212"
 177      2881799A 
 177      BCBE1607 
 177      F09B3355 
 177      8A
 178 07c5 E577AC29 		.ascii	"\345w\254)\332.N\374\350\243\270"
 178      DA2E4EFC 
 178      E8A3B8
 179 07d0 4CA59C88 		.ascii	"L\245\234\210gy\277e\320\345\377\025\202\334\010\345"
 179      6779BF65 
 179      D0E5FF15 
 179      82DC08E5 
 180              		.text
 181              		.section	.gnu.lto_.symtab.a3780495,"",%progbits
 182 0000 68616C49 		.ascii	"halInit\000"
 182      6E697400 
 183 0008 00       		.ascii	"\000"
 184 0009 00       		.ascii	"\000"
 185 000a 00       		.ascii	"\000"
 186 000b 00000000 		.ascii	"\000\000\000\000\000\000\000\000"
 186      00000000 
 187 0013 F8000000 		.ascii	"\370\000\000\000"
 188 0017 70616C5F 		.ascii	"pal_default_config\000"
 188      64656661 
 188      756C745F 
 188      636F6E66 
 188      696700
 189 002a 00       		.ascii	"\000"
 190 002b 02       		.ascii	"\002"
ARM GAS  C:\Users\User\AppData\Local\Temp\ccIw6P2w.s 			page 14


 191 002c 00       		.ascii	"\000"
 192 002d 00000000 		.ascii	"\000\000\000\000\000\000\000\000"
 192      00000000 
 193 0035 06010000 		.ascii	"\006\001\000\000"
 194 0039 7374496E 		.ascii	"stInit\000"
 194      697400
 195 0040 00       		.ascii	"\000"
 196 0041 02       		.ascii	"\002"
 197 0042 00       		.ascii	"\000"
 198 0043 00000000 		.ascii	"\000\000\000\000\000\000\000\000"
 198      00000000 
 199 004b FA000000 		.ascii	"\372\000\000\000"
 200 004f 626F6172 		.ascii	"boardInit\000"
 200      64496E69 
 200      7400
 201 0059 00       		.ascii	"\000"
 202 005a 02       		.ascii	"\002"
 203 005b 00       		.ascii	"\000"
 204 005c 00000000 		.ascii	"\000\000\000\000\000\000\000\000"
 204      00000000 
 205 0064 FC000000 		.ascii	"\374\000\000\000"
 206 0068 70776D49 		.ascii	"pwmInit\000"
 206      6E697400 
 207 0070 00       		.ascii	"\000"
 208 0071 02       		.ascii	"\002"
 209 0072 00       		.ascii	"\000"
 210 0073 00000000 		.ascii	"\000\000\000\000\000\000\000\000"
 210      00000000 
 211 007b FE000000 		.ascii	"\376\000\000\000"
 212 007f 5F70616C 		.ascii	"_pal_lld_init\000"
 212      5F6C6C64 
 212      5F696E69 
 212      7400
 213 008d 00       		.ascii	"\000"
 214 008e 02       		.ascii	"\002"
 215 008f 00       		.ascii	"\000"
 216 0090 00000000 		.ascii	"\000\000\000\000\000\000\000\000"
 216      00000000 
 217 0098 02010000 		.ascii	"\002\001\000\000"
 218 009c 68616C5F 		.ascii	"hal_lld_init\000"
 218      6C6C645F 
 218      696E6974 
 218      00
 219 00a9 00       		.ascii	"\000"
 220 00aa 02       		.ascii	"\002"
 221 00ab 00       		.ascii	"\000"
 222 00ac 00000000 		.ascii	"\000\000\000\000\000\000\000\000"
 222      00000000 
 223 00b4 04010000 		.ascii	"\004\001\000\000"
 224              		.text
 225              		.section	.gnu.lto_.opts,"",%progbits
 226 0000 272D666D 		.ascii	"'-fmath-errno' '-fsigned-zeros' '-ftrapping-math' '"
 226      6174682D 
 226      6572726E 
 226      6F272027 
 226      2D667369 
 227 0033 2D666E6F 		.ascii	"-fno-trapv' '-fno-openmp' '-fno-openacc' '-mcpu=cor"
ARM GAS  C:\Users\User\AppData\Local\Temp\ccIw6P2w.s 			page 15


 227      2D747261 
 227      70762720 
 227      272D666E 
 227      6F2D6F70 
 228 0066 7465782D 		.ascii	"tex-m7' '-mno-thumb-interwork' '-mthumb' '-ggdb' '-"
 228      6D372720 
 228      272D6D6E 
 228      6F2D7468 
 228      756D622D 
 229 0099 4F322720 		.ascii	"O2' '-fomit-frame-pointer' '-falign-functions=16' '"
 229      272D666F 
 229      6D69742D 
 229      6672616D 
 229      652D706F 
 230 00cc 2D666675 		.ascii	"-ffunction-sections' '-fdata-sections' '-fno-common"
 230      6E637469 
 230      6F6E2D73 
 230      65637469 
 230      6F6E7327 
 231 00ff 2720272D 		.ascii	"' '-flto'\000"
 231      666C746F 
 231      2700
 232              		.text
 233              		.comm	__gnu_lto_v1,1,1
 234              		.comm	__gnu_lto_slim,1,1
 235              		.ident	"GCC: (GNU Tools for ARM Embedded Processors 6-2017-q1-update) 6.3.1 20170215 (release) [AR
ARM GAS  C:\Users\User\AppData\Local\Temp\ccIw6P2w.s 			page 16


DEFINED SYMBOLS
                            *ABS*:00000000 hal.c
                            *COM*:00000001 __gnu_lto_v1
                            *COM*:00000001 __gnu_lto_slim

NO UNDEFINED SYMBOLS
