ARM GAS  C:\Users\User\AppData\Local\Temp\ccy5DGgx.s 			page 1


   1              		.cpu cortex-m7
   2              		.eabi_attribute 20, 1
   3              		.eabi_attribute 21, 1
   4              		.eabi_attribute 23, 3
   5              		.eabi_attribute 24, 1
   6              		.eabi_attribute 25, 1
   7              		.eabi_attribute 26, 1
   8              		.eabi_attribute 30, 2
   9              		.eabi_attribute 34, 1
  10              		.eabi_attribute 18, 4
  11              		.file	"hal_st.c"
  12              		.text
  13              	.Ltext0:
  14              		.section	.gnu.lto_.profile.a3784903,"",%progbits
  15 0000 789C6365 		.ascii	"x\234ce`b`a```d\220\342\001\000\000\300\0003"
  15      60626061 
  15      60606064 
  15      90E20100 
  15      00C00033 
  16              		.text
  17              		.section	.gnu.lto_.icf.a3784903,"",%progbits
  18 0000 789C6365 		.ascii	"x\234ce`bP`@\000V\206\205??\354\345a|\177c\371J\026"
  18      60625060 
  18      40005686 
  18      853F3FEC 
  18      E5617C7F 
  19 0018 A67D171E 		.ascii	"\246}\027\036\254ga~\177\256\367/;\313\211\217\213\026"
  19      AC67617E 
  19      7FAEF72F 
  19      3BCB898F 
  19      8B16
  20 002a F0320000 		.ascii	"\3602\000\000\0217\020\034"
  20      1137101C 
  21              		.text
  22              		.section	.gnu.lto_.jmpfuncs.a3784903,"",%progbits
  23 0000 789C6365 		.ascii	"x\234ce`b\020c@\000V\020\301\010\004\365L\014\014\314"
  23      60621063 
  23      40005610 
  23      C10804F5 
  23      4C0C0CCC 
  24 0014 209A0528 		.ascii	" \232\005(\000\000\016\012\0011"
  24      00000E0A 
  24      0131
  25              		.text
  26              		.section	.gnu.lto_.inline.a3784903,"",%progbits
  27 0000 789C6365 		.ascii	"x\234ce`b\310g@\000V\006\006\026\036F\240 \003\003\333"
  27      6062C867 
  27      40005606 
  27      06161E46 
  27      A0200303 
  28 0015 027910C5 		.ascii	"\002y\020\305\300\310\005\"\030\330X\031\031\031\004"
  28      C0C80522 
  28      18D85819 
  28      191904
  29 0024 18191898 		.ascii	"\030\031\030\230\330>\350\301%\231\030X\230\201\312"
  29      D83EE8C1 
  29      25991858 
ARM GAS  C:\Users\User\AppData\Local\Temp\ccy5DGgx.s 			page 2


  29      9881CA
  30 0033 992EF0C3 		.ascii	"\231.\360\303\205\230ABP\245\310\342,\230J\031\000\312"
  30      85984142 
  30      50A5C8E2 
  30      2C984A19 
  30      00CA
  31 0045 39089E   		.ascii	"9\010\236"
  32              		.text
  33              		.section	.gnu.lto_.pureconst.a3784903,"",%progbits
  34 0000 789C6365 		.ascii	"x\234ce`b\340f```e\220`\224b\222b\226b\221\002\000\004"
  34      6062E066 
  34      60606065 
  34      90609462 
  34      92629662 
  35 0018 1000A2   		.ascii	"\020\000\242"
  36              		.text
  37              		.section	.gnu.lto_stInit.a3784903,"",%progbits
  38 0000 789C6365 		.ascii	"x\234ce`bX\314\300\300\340\007\304\322@\314\310\314"
  38      606258CC 
  38      C0C0E007 
  38      C4D240CC 
  38      C8CC
  39 0012 C0C834E1 		.ascii	"\300\3104\341\034\003C#\007\023##\210\321\300\301\310"
  39      1C034323 
  39      07132323 
  39      88D1C0C1 
  39      C8
  40 0023 50CFC458 		.ascii	"P\317\304X\317\330\317<\235\231\361P\373\263\235L\232"
  40      CFD8CF3C 
  40      9D99F150 
  40      FBB39D4C 
  40      9A
  41 0034 CB1B80E0 		.ascii	"\313\033\200\340\300\364\037\222\015+\0160\316gf`\230"
  41      C0F41F92 
  41      0D2B0E30 
  41      CE676660 
  41      98
  42 0045 09C420C0 		.ascii	"\011\304 \300\270\234Q\223\001\250\354\321\306\177S"
  42      B89C5193 
  42      01A8ECD1 
  42      C67F53
  43 0054 79D95820 		.ascii	"y\331X \342\214+\030\331\030\201\364\372K\214\007\032"
  43      E28C2B18 
  43      D91881F4 
  43      FA4B8C07 
  43      1A
  44 0065 FEFD6F6F 		.ascii	"\376\375oo8pg\021\343\177V\240T\027\020\203\354\350"
  44      38706711 
  44      E37F56A0 
  44      54171083 
  44      ECE8
  45 0077 666602D1 		.ascii	"ff\002\321\314\257\031\233\027\374\226\006\251\007\031"
  45      CCAF199B 
  45      17FC9606 
  45      A90719
  46 0086 B273E79B 		.ascii	"\262s\347\233\333\354\365\177\0338\34633\316d\006\232"
  46      DBECF57F 
ARM GAS  C:\Users\User\AppData\Local\Temp\ccy5DGgx.s 			page 3


  46      1B38E633 
  46      33CE6406 
  46      9A
  47 0097 C0B892B1 		.ascii	"\300\270\222\261\236a>P\355[\306\246\005\377\271\301"
  47      9E613E50 
  47      ED5BC6A6 
  47      05FFB9C1 
  48 00a7 EA40A00B 		.ascii	"\352@\240\013(\011\324\316\304\300\340\343l\025\223"
  48      2809D4CE 
  48      C4C0E0E3 
  48      6C1593
  49 00b6 9C919994 		.ascii	"\234\221\231\224\031\343\014\"\203KJS2\363\015\315\313"
  49      19E30C22 
  49      834B4A53 
  49      32F30DCD 
  49      CB
  50 00c7 8CE3CB33 		.ascii	"\214\343\3133\363R\362\313\213\221\305!*\363\213\015"
  50      F352F2CB 
  50      8B91C521 
  50      2AF38B0D 
  51 00d7 CDCDF4F3 		.ascii	"\315\315\364\363\213\3653\022s\364\213\213\222At|q\211"
  51      8BF53312 
  51      73F48B8B 
  51      9241747C 
  51      7189
  52 00e9 5E320300 		.ascii	"^2\003\000\227\332S\305"
  52      97DA53C5 
  53              		.text
  54              		.section	.gnu.lto_stStartAlarm.a3784903,"",%progbits
  55 0000 789CA552 		.ascii	"x\234\245RKH\224Q\024\276\337\275\343?\303\364\260E"
  55      4B489451 
  55      14BEDFBD 
  55      E33FC3F4 
  55      B045
  56 0012 8BA05944 		.ascii	"\213\240YD b\013\177&!\241\255\021\004J\013\2056\202"
  56      20620B7F 
  56      2621A1AD 
  56      11044A0B 
  56      853682
  57 0025 E8183860 		.ascii	"\350\0308`M\370O\272\313\353\244Ic\257M3\316b\372\205"
  57      4DF84FBA 
  57      CBEBA449 
  57      63AF4D33 
  57      CE62FA85 
  58 0039 29D4319F 		.ascii	")\3241\237=\324\262\370\231\2126\345\210-\012J\210@"
  58      3DD4B2F8 
  58      998A36E5 
  58      882D0A4A 
  58      8840
  59 004b 29281093 		.ascii	")(\020\223$\002\247s\357La\273\250\013\367q\316\375"
  59      2402A773 
  59      EF4C61BB 
  59      A80BF771 
  59      CEFD
  60 005d CE77BE73 		.ascii	"\316w\276s\357)b\234e9c\217\031c{iB0\360k\363\214uy"
  60      EF29629C 
  60      6539638F 
ARM GAS  C:\Users\User\AppData\Local\Temp\ccy5DGgx.s 			page 4


  60      19637B69 
  60      4230F06B 
  61 0075 38A00ED2 		.ascii	"8\240\016\322\003\326\311\321\211\253\".\220\351]\231"
  61      03D6C9D1 
  61      89AB222E 
  61      90E95D99 
  62 0085 E5658392 		.ascii	"\345e\203\222\206\023\2371.\310\236=\266`,AS\015\014"
  62      86139F31 
  62      2EC89E3D 
  62      B6602C41 
  62      530D0C
  63 0098 A28C50CF 		.ascii	"\242\214P\317r\033N\361\025a\013\200\223\271\270\372"
  63      721B4EF1 
  63      15610B80 
  63      93B9B8FA 
  64 00a8 22B94D99 		.ascii	"\"\271M\231\034\273\310\374\221\236xW,\216\203\321y"
  64      1CBBC8FC 
  64      919E7857 
  64      2C8E83D1 
  64      79
  65 00b9 ED86B3BF 		.ascii	"\355\206\263\277\364\226\224\021\351|>/\344n[\010\244"
  65      F4969411 
  65      E97C3E2F 
  65      E46E5B08 
  65      A4
  66 00ca 21880FC3 		.ascii	"!\210\017\303\360a\010>F.\206\021\224*\370\207\311\315"
  66      F061083E 
  66      462E8611 
  66      942AF887 
  66      C9CD
  67 00dc EB3B0C57 		.ascii	"\353;\014W\352WJ\334\206\001\332\307\027\341\310\315"
  67      EA574ADC 
  67      8601DAC7 
  67      17E1C8CD 
  68 00ec 5CAF74D6 		.ascii	"\\\257t\326o\342\325Q7i\247\010A\261.\306\242\204T\225"
  68      6FE2D551 
  68      3769A708 
  68      41B12EC6 
  68      A2845495 
  69 0100 F409AE76 		.ascii	"\364\011\256v\261\014\256\270.:\321\247^qB\313x\375"
  69      B10CAEB8 
  69      2E3AD1A7 
  69      5E7142CB 
  69      78FD
  70 0112 3619F796 		.ascii	"6\031\367\226\244\264\216\225\304\366~\351D\366))\243"
  70      A4B48E95 
  70      C4F67EE9 
  70      44F62929 
  70      A3
  71 0123 7F4AD125 		.ascii	"\177J\321%\216\241$IL\237\020Y\353\315N\277\031\011"
  71      8EA12449 
  71      4C9F1059 
  71      EBCD4EBF 
  71      1909
  72 0135 FFD6D59D 		.ascii	"\377\326\325\235\177\226\005C(\220\026\227\020\330\242"
  72      7F960543 
  72      28901697 
ARM GAS  C:\Users\User\AppData\Local\Temp\ccy5DGgx.s 			page 5


  72      10D8A2
  73 0144 9B611C06 		.ascii	"\233a\034\006QL\300H\012\221g\311\304\276\317=Y\212"
  73      514CC048 
  73      0A9167C9 
  73      C4BECF3D 
  73      598A
  74 0156 B8959390 		.ascii	"\270\225\223\220\261\236L\326\255\336\252H\007\316\217"
  74      B19E4CD6 
  74      ADDEAA48 
  74      07CE8F
  75 0165 6EAC7AF3 		.ascii	"n\254z\363\246\"w\221+5\366\355\271\307F\022\26600E"
  75      A6227791 
  75      2B35F6ED 
  75      B9C74612 
  75      B6303045 
  76 0179 CA269532 		.ascii	"\312&\2252\272H\277\\\377\3526Gew\227\0348g\0137\356"
  76      BA48BF5C 
  76      FFEA3647 
  76      6577971C 
  76      38670B37 
  77 018e C0463F15 		.ascii	"\300F?\025\257\263\022 \027\233\\2\374\343\0320E\341"
  77      AFB31220 
  77      179B5C32 
  77      FCE31A30 
  77      45E1
  78 01a0 1EDC8589 		.ascii	"\036\334\205\211\003\276\002\002\367\340'YJ\323\372"
  78      03BE0202 
  78      F7E02759 
  78      4AD3FA
  79 01af C7B99E9D 		.ascii	"\307\271\236\235\005E\177\233\317\203\373:\037\012l"
  79      05457F9B 
  79      CF83FB3A 
  79      1F0A6C
  80 01be D330B7D6 		.ascii	"\3230\267\326Cm\204\031\212\324\354\217\376\201}V\263"
  80      436D8419 
  80      8AD4EC8F 
  80      FE817D56 
  80      B3
  81 01cf F302FB03 		.ascii	"\363\002\373\003\315>g_\032\366\346\3319\036R\3442\""
  81      CD3E675F 
  81      1AF6E6D9 
  81      391E52E4 
  81      3222
  82 01e1 EFFB8602 		.ascii	"\357\373\206\002\272/\324\037\260/\210\014\014^\206"
  82      BA2FD41F 
  82      B02F880C 
  82      0C5E86
  83 01f0 72E8EF8B 		.ascii	"r\350\357\213\222>j\002j\371\352\252\303\365\201\226"
  83      923E6A02 
  83      6AF9EAAA 
  83      C3F58196 
  84 0200 6053B0BE 		.ascii	"`S\260\276J\255\265\341\263\315\301\220\277\262\275"
  84      4AADB5E1 
  84      B3CDC190 
  84      BFB2BD
  85 020f A2A12378 		.ascii	"\242\241#x\2729\324am\365\347\221!\313_y\310\014YfK"
  85      BA39D461 
ARM GAS  C:\Users\User\AppData\Local\Temp\ccy5DGgx.s 			page 6


  85      6DF5E791 
  85      21CB5F79 
  85      C80C5966 
  86 0224 63AB69B5 		.ascii	"c\253i\265\005\324\336`\205\313\003\314\335\330d\205"
  86      05D4DE60 
  86      85CB03CC 
  86      DDD86485 
  87 0234 83A74EBA 		.ascii	"\203\247N\272\324\322\364\237\314gBma\313\254\255\253"
  87      D4D2F49F 
  87      CC67426D 
  87      61CBACAD 
  87      AB
  88 0245 A9386856 		.ascii	"\2518hVW\0371\353\216\325\264\373\013\271\032Z[\233"
  88      571F31EB 
  88      8ED5B4FB 
  88      0BB91A5A 
  88      5B9B
  89 0257 CB5BD84F 		.ascii	"\313[\330O\015\232,\377"
  89      0D9A2CFF 
  90              		.text
  91              		.section	.gnu.lto_stStopAlarm.a3784903,"",%progbits
  92 0000 789CA550 		.ascii	"x\234\245P\277KBQ\024>\337\273\366\222\240=(Z\232\\"
  92      BF4B4251 
  92      143EDFBB 
  92      F692A03D 
  92      285A9A5C 
  93 0014 BC5890D0 		.ascii	"\274X\220\320\320b\004\201N6\012R:\370@z\341\263\034"
  93      D0620481 
  93      4E360A52 
  93      3AF8407A 
  93      E1B31C
  94 0027 7D862558 		.ascii	"}\206%XTK?\034\342\015\016\366\303\03786\004bAS\005"
  94      544B3F1C 
  94      E20D0EF6 
  94      C31F3836 
  94      04624153 
  95 003c FD05E150 		.ascii	"\375\005\341P4\004ARA\220\335\373\214p\357\300\271\347"
  95      34044152 
  95      4190DDFB 
  95      8C70EFC0 
  95      B9E7
  96 004e DEEF7CF7 		.ascii	"\336\357|\367\373\316\275}\244\020\007Q\235\210\206"
  96      FBCEBD7D 
  96      A4100751 
  96      9D8886
  97 005d 45821194 		.ascii	"E\202\021\224\335[\242\214S\001\344\306t\202\322\012"
  97      DD5BA28C 
  97      5301E4C6 
  97      7482D20A 
  98 006d D2D86107 		.ascii	"\322\330a\007\014\315\334\343\271\342*\231\"\032\007"
  98      0CCDDCE3 
  98      B9E22A99 
  98      221A07
  99 007c 6D75C35C 		.ascii	"mu\303\\\037\262\030QA\244\014\224\340\"Ak\325\277\367"
  99      1FB21851 
  99      41A40C94 
  99      E022416B 
ARM GAS  C:\Users\User\AppData\Local\Temp\ccy5DGgx.s 			page 7


  99      D5BFF7
 100 008f 06554717 		.ascii	"\006UG\027\3071TaA\265{4\314\357N\316l\\\025\3615+Z"
 100      C7315461 
 100      41B57B34 
 100      CCEF4ECE 
 100      6C5C15F1 
 101 00a6 7991D263 		.ascii	"y\221\322c\223)\262\262g4\333\237\326\345S\253\357O"
 101      9329B2B2 
 101      6734DB9F 
 101      D6E553AB 
 101      EF4F
 102 00b8 23DBB5FA 		.ascii	"#\333\265\372T\231\255S`\350\325\307\011Tap\012U\200"
 102      5499AD53 
 102      60E8D5C7 
 102      09546170 
 102      0A5580
 103 00cb FBEBCDBB 		.ascii	"\373\353\315\273\376mf1\330\234\333\312\307\353@\367"
 103      FE6D6631 
 103      D89CDBCA 
 103      C7EB40F7 
 104 00db 28351C02 		.ascii	"(5\034\002*V\337\257\235\026\216`1\005e\214\340\014"
 104      2A56DFAF 
 104      9D168E60 
 104      3105658C 
 104      E00C
 105 00ed 2324B9A7 		.ascii	"#$\271\2477\355\267~^1\263\031\363\241\2635Z\236\266"
 105      37EDB77E 
 105      5E31B319 
 105      F3A1B335 
 105      5A9EB6
 106 0100 18430516 		.ascii	"\030C\005\026\016\305\204\266\011\252\340\275\036b\016"
 106      0EC584B6 
 106      09AAE0BD 
 106      1E620E
 107 010f D4C4ED17 		.ascii	"\324\304\355\027\254=l^\214\311\331\354\037\310\213"
 107      AC3D6C5E 
 107      8CC9D9EC 
 107      1FC88B
 108 011e 86788A42 		.ascii	"\206x\212B\344\367M\205\"1mQ\013\371\344\032L\256D5"
 108      E4F74D85 
 108      22316D51 
 108      0BF9E41A 
 108      4CAE4435 
 109 0132 DDE35D9D 		.ascii	"\335\343]\235\010\247\264\245\250\2362z\361.S7<\336"
 109      08A7B4A5 
 109      A89E327A 
 109      F12E5337 
 109      3CDE
 110 0144 49AE1B3C 		.ascii	"I\256\033<\266\020\347F\"\"k\330H\272#\264\370O\261"
 110      B610E746 
 110      22226BD8 
 110      48BA23B4 
 110      F84FB1
 111 0157 653D9134 		.ascii	"e=\2214xp>01\316\375\376\031>?\027X\365\374\312\207"
 111      78703E30 
 111      31CEFDFE 
 111      193E3F17 
ARM GAS  C:\Users\User\AppData\Local\Temp\ccy5DGgx.s 			page 8


 111      58F5FCCA 
 112 016c E3F1A83B 		.ascii	"\343\361\250;F?d\253\247\013"
 112      463F64AB 
 112      A70B
 113              		.text
 114              		.section	.gnu.lto_stSetAlarm.a3784903,"",%progbits
 115 0000 789CA552 		.ascii	"x\234\245RMh\023A\024\236o'\311\206\250T\320\203`\016"
 115      4D681341 
 115      149E6F27 
 115      C986A854 
 115      D083600E 
 116 0014 2294520F 		.ascii	"\"\224R\017]b\301\202\327\012\"\244xh\301K!4\211\220"
 116      5D62C182 
 116      D70A22A4 
 116      7868C14B 
 116      21348990 
 117 0028 4034D28D 		.ascii	"@4\322\215\355\315N\327\326`\012\325\213I{X\267\020"
 117      EDCD4ED7 
 117      D6600AD5 
 117      8B497B58 
 117      B710
 118 003a A51ACD5F 		.ascii	"\245\032\315_UT\024Y\342\337E[\350E\241\021D\254\340"
 118      55541459 
 118      E2DF455B 
 118      E845A111 
 118      44ACE0
 119 004d 4128F527 		.ascii	"A(\365'\210\320\370fS\245\236\035\230y\363\336|\357"
 119      88D0F866 
 119      53A59E1D 
 119      9879F3DE 
 119      7CEF
 120 005f 7BDF7B8C 		.ascii	"{\337{\214\233)l\227\302\330\023\306\330^\332\340\014"
 120      9B296C97 
 120      C2D813C6 
 120      D85EDAE0 
 120      0C
 121 0070 CAE545C6 		.ascii	"\312\345E\306\306\275\012 /\302\0136\246`\014\227x\216"
 121      C6BD0A20 
 121      2FC20B36 
 121      A6600C97 
 121      788E
 122 0082 A396FEF4 		.ascii	"\243\226\376\364P\351\234\027\264\354\\E\275 &\367X"
 122      50E99C17 
 122      B4EC5C45 
 122      BD2026F7 
 122      58
 123 0093 9CB159DA 		.ascii	"\234\261Y\332ra\036\235\204z\336l\330m\323\334\342\200"
 123      72611E9D 
 123      847ADE6C 
 123      D86DD3DC 
 123      E280
 124 00a5 42EEF2DA 		.ascii	"B\356\362\332+s\233t\025\354$\367W\241Ro\343\307\301"
 124      2B739B74 
 124      15EC24F7 
 124      57A1526F 
 124      E3C7C1
 125 00b8 E8BE7ED5 		.ascii	"\350\276~\325\336\337q]\010C\330\365\363\\\354\2668"
ARM GAS  C:\Users\User\AppData\Local\Temp\ccy5DGgx.s 			page 9


 125      DEDF715D 
 125      0843D8F5 
 125      F35CECB6 
 125      38
 126 00c9 47019CF8 		.ascii	"G\001\234\370p\023~\334\200\237Q\210\341\026:$\374C"
 126      70137EDC 
 126      809F5188 
 126      E1163A24 
 126      FC43
 127 00db 75E3CA0E 		.ascii	"u\343\312\016\217+\377\247$n\303\003\262\345e\330b\243"
 127      8F2BFFA7 
 127      246EC303 
 127      B2E565D8 
 127      62A3
 128 00ed 9916F6C7 		.ascii	"\231\026\366\307kxt\324M\332)\203S\256\213\261\014!"
 128      6B7874D4 
 128      4DDA2983 
 128      53AE8BB1 
 128      0C21
 129 00ff 6527535C 		.ascii	"e'S\\\221\226\257B\221\\\027\355\3143\037?\341\310x"
 129      9196AF42 
 129      915C17ED 
 129      CC331F3F 
 129      E1C878
 130 0112 B362E67C 		.ascii	"\263b\346|\355yG\307\013s\373\214\260\215}RJ\361_)N"
 130      ED7947C7 
 130      0B73FB8C 
 130      B08D7D52 
 130      4AF15F29 
 131 0127 8B25B49B 		.ascii	"\213%\264\233\304\364\031\306zz\351\376\333R\352\257"
 131      C4F419C6 
 131      7A7AE9FE 
 131      DB52EAAF 
 132 0137 AE89D658 		.ascii	"\256\211\326X\036\250\\\202\034q\263\034[t3\224\341"
 132      1EA85C82 
 132      1C71B31C 
 132      5B743394 
 132      E1
 133 0148 218A0A3C 		.ascii	"!\212\012<&\347-\226Z\366\347\343\247\337\015U\006\011"
 133      26E72D96 
 133      5AF6E7E3 
 133      A7DF0D55 
 133      0609
 134 015a 999DAC2D 		.ascii	"\231\235\254-\251rVn'q\261\330X\363\265\\I\356\242P"
 134      A972566E 
 134      2771B1D8 
 134      58F3B55C 
 134      49EEA250 
 135 016e BEF4E3A5 		.ascii	"\276\364\343\245\327\202\011\213{\260@\312\252R\031"
 135      D782098B 
 135      7BB040CA 
 135      AA5219
 136 017d 3D145E7F 		.ascii	"=\024^\177\373\252jE11.\346\316Y\\\305\035X\230\241"
 136      FBAA6A45 
 136      31312EE6 
 136      CE595CC5 
 136      1D5898A1 
ARM GAS  C:\Users\User\AppData\Local\Temp\ccy5DGgx.s 			page 10


 137 0191 E69DAA04 		.ascii	"\346\235\252\004hf\253\357<\201\262\003X\240t/\356B"
 137      6866ABEF 
 137      3C81B203 
 137      58A0742F 
 137      EE42
 138 01a3 C301FF26 		.ascii	"\303\001\377&\002\367\020 Yl\025\306\373\251z\304\231"
 138      02F71020 
 138      596C15C6 
 138      FBA97AC4 
 138      99
 139 01b4 ADEC837D 		.ascii	"\255\354\203}\2011\327\230\206\0148#\310PS4H\3726\301"
 139      8131D798 
 139      860C3823 
 139      C8505334 
 139      48FA36C1 
 140 01c8 DEC38391 		.ascii	"\336\303\203\221X<\034\037\354\225g\177\352l4\236\014"
 140      583C1C1F 
 140      EC95677F 
 140      EA6C349E 
 140      0C
 141 01d9 F48C7487 		.ascii	"\364\214t\207F\343\247\243\311Q}k\274\205L\352\201\236"
 141      46E3A7A3 
 141      C9517D6B 
 141      BC854CEA 
 141      819E
 142 01eb 435A52D7 		.ascii	"CZR\327bC\011M\037\216H\033\322S]\021\246\016\205\365"
 142      6243094D 
 142      1F8E481B 
 142      D2535D11 
 142      A60E85F5 
 143 01ff 54FCD449 		.ascii	"T\374\324I\227<\302\377\311|&9\234\322\265\376\201\276"
 143      973CC2FF 
 143      C97C2639 
 143      9CD2B5FE 
 143      81BE
 144 0211 EE835A30 		.ascii	"\356\203Z0xD\0338\3267\022\330\254\025J$\242]1\366\033"
 144      78441B38 
 144      D63712D8 
 144      AC154A24 
 144      A25D31F6 
 145 0226 29C5EFAB 		.ascii	")\305\357\253"
 146              		.text
 147              		.section	.gnu.lto_stGetAlarm.a3784903,"",%progbits
 148 0000 789CA590 		.ascii	"x\234\245\220OH\024a\030\306\337g\336\335\231\251\210"
 148      4F481461 
 148      18C6DF67 
 148      DEDD99A9 
 148      88
 149 0011 3ADBD2DD 		.ascii	":\333\322\335\016\016\223\240\320\325 \202\365\244G"
 149      0E0E93A0 
 149      D0D52082 
 149      F5A447
 150 0020 61C9DDC3 		.ascii	"a\311\335\303.,M8\233\036\375\\\014\373\207J\240\253"
 150      2E2C4D38 
 150      9B1EFD5C 
 150      0CFB874A 
 150      A0AB
ARM GAS  C:\Users\User\AppData\Local\Temp\ccy5DGgx.s 			page 11


 151 0032 C432C10A 		.ascii	"\3042\301\012\376\251u\334k\207\030\214\350R\026\336"
 151      FEA975DC 
 151      6B87188C 
 151      E85216DE 
 152 0042 03112F1E 		.ascii	"\003\021/\036\202E%\023\303\351\375v%\274\367\301\367"
 152      82452513 
 152      C3E9FD76 
 152      25BCF7C1 
 152      F7
 153 0053 E77DF9F1 		.ascii	"\347}\371\361\274\317\363%\311\240\247 j\020\321\015"
 153      BCCFF325 
 153      C9A0A720 
 153      6A10D10D 
 154 0063 D9608231 		.ascii	"\331`\2021\273E4a\033\200~(\0334n`\0343\\a|\212\217"
 154      BB453461 
 154      1B807E28 
 154      1B346E60 
 154      1C335C61 
 155 007a A36BD31C 		.ascii	"\243k\323\034hL\312\355\346\227\352\025]\002\327\245"
 155      684CCAED 
 155      E697EA15 
 155      5D02D7A5 
 156 008a 5C5B0A0F 		.ascii	"\\[\012\017\354\316e\245\312*\2524\255\327\033\337U"
 156      ECCE65A5 
 156      CA2AAA34 
 156      ADD71BDF 
 156      55
 157 009b 32608316 		.ascii	"2`\203\026\005_A\012\313H\351\031\253\350$\241w\033"
 157      055F410A 
 157      CB48E919 
 157      ABE824A1 
 157      771B
 158 00ad 677357CD 		.ascii	"gsW\315D\215I\003\322_\203)V(\334F\244\316\342)\025"
 158      448D4903 
 158      D25F8329 
 158      5628DC46 
 158      A4CEE229 
 159 00c2 EDD5707A 		.ascii	"\355\325pz/aP\300\314r$\210\236\013\250]\275\020U\271"
 159      2F6150C0 
 159      CC722488 
 159      9E0BA85D 
 159      BD1055B9 
 160 00d6 791F9B1F 		.ascii	"y\037\233\037N\202\217\361\356\245\177\202\223JVT\371"
 160      4E828FF1 
 160      EEA57F82 
 160      934A5654 
 160      F9
 161 00e7 6D75B414 		.ascii	"mu\264\024\027\031\027\206\021\336\302\224Q\357`VY'"
 161      17191786 
 161      11DEC294 
 161      51EF6056 
 161      5927
 162 00f9 987FB2F9 		.ascii	"\230\177\262\371\315\322\011\222-l\253~\334\274\334"
 162      CDD20992 
 162      2D6CAB7E 
 162      DCBCDC
 163 0108 2EB54C42 		.ascii	".\265LBZ\265\365_\237\355\000U\004lb]R\324u\012\235"
ARM GAS  C:\Users\User\AppData\Local\Temp\ccy5DGgx.s 			page 12


 163      5AB5F55F 
 163      9FED0055 
 163      046C625D 
 163      52D4750A 
 164 011d F6EBD1A1 		.ascii	"\366\353\321\241\345\324\325\344\204\332\211_\336\014"
 164      E5D4D5E4 
 164      84DA895F 
 164      DE0C
 165 012b 5F096121 		.ascii	"_\011a!D\200\005q\331\032$T<\337\370a\272\241\246\336"
 165      44800571 
 165      D91A2454 
 165      3CDFF861 
 165      BAA1A6DE 
 166 013f BC3702B6 		.ascii	"\2747\002\266\261\001\007\267R\347\004\032pi\037\345"
 166      B10107B7 
 166      52E7041A 
 166      70691FE5 
 167 014f 83A9556E 		.ascii	"\203\251Un\273b1F?Q\336y\366\207u\000\351\310\247Hr"
 167      BB623146 
 167      3F51DE79 
 167      F6877500 
 167      E9C8A748 
 168 0164 E8C40651 		.ascii	"\350\304\006Q\272\357\316P6_\030.\014\365\351s\240\364"
 168      BAEFCE50 
 168      365F182E 
 168      0CF5E973 
 168      A0F4
 169 0176 3857F0DC 		.ascii	"8W\360\334\336\321\356\314X\341a\316\033\363/\366\333"
 169      DED1EECC 
 169      58E161CE 
 169      1BF32FF6 
 169      DB
 170 0187 A4E7BBBD 		.ascii	"\244\347\273\275=\216\347;\371\007E\307\037\311\352"
 170      3D8EE73B 
 170      F90745C7 
 170      1FC9EA
 171 0196 3BE397BA 		.ascii	";\343\227\272\2624\374\237b\217\274\221\222\357\014"
 171      B234FC9F 
 171      628FBC91 
 171      92EF0C
 172 01a5 0CF677DF 		.ascii	"\014\366w\337v\322\351\273\316\340\375\376Q\367\\>S"
 172      76D2E9BB 
 172      CEE0FDFE 
 172      51F75C3E 
 172      53
 173 01b6 2CE6BAF2 		.ascii	",\346\272\362\364\027\231\262\303'"
 173      F41799B2 
 173      C327
 174              		.text
 175              		.section	.gnu.lto_.symbol_nodes.a3784903,"",%progbits
 176 0000 789C55C8 		.ascii	"x\234U\310K\015\200@\014\006\341\351\277\254/\020\305"
 176      4B0D8040 
 176      0C06E1E9 
 176      BFAC2F10 
 176      C5
 177 0011 B92B0101 		.ascii	"\271+\001\001<\023T \002\015(!4\334:\227I\276\212\030"
 177      3C135420 
ARM GAS  C:\Users\User\AppData\Local\Temp\ccy5DGgx.s 			page 13


 177      020D2821 
 177      34DC3A97 
 177      49BE8A18 
 178 0025 8934CB61 		.ascii	"\2114\313a\272!v\265!d\221[\226U\256,\233\274d\331\345"
 178      BA2176B5 
 178      2164915B 
 178      9655AE2C 
 178      9BBC64D9 
 179 003a 5D123BE4 		.ascii	"]\022;\344\365\027h\255\207B\345|^\343\003\325E\035"
 179      F51768AD 
 179      8742E57C 
 179      5EE303D5 
 179      451D
 180 004c 35       		.ascii	"5"
 181              		.text
 182              		.section	.gnu.lto_.refs.a3784903,"",%progbits
 183 0000 789C6365 		.ascii	"x\234ce`b`d\000\002\000\000I\000\011"
 183      60626064 
 183      00020000 
 183      490009
 184              		.text
 185              		.section	.gnu.lto_.decls.a3784903,"",%progbits
 186 0000 789CBD57 		.ascii	"x\234\275WkP\024W\026\356\323w@\030@\315\350f\335Z\267"
 186      6B501457 
 186      16EED377 
 186      401840CD 
 186      E866DD5A 
 187 0015 96B28850 		.ascii	"\226\262\210P[\025p\300\325\252\375a\231\214\331$U1"
 187      5B1570C0 
 187      D5AAFD61 
 187      998CD924 
 187      5531
 188 0027 D91ADCD4 		.ascii	"\331\032\334\324\376`k\012\201D\252x\270\316\230Tj\177"
 188      FE606B0A 
 188      8144AA78 
 188      B8CE9854 
 188      6A7F
 189 0039 A4658841 		.ascii	"\244e\210AbT\242\250\340\013D\020E\005D1\210\312\010"
 189      6254A2A8 
 189      E00B4410 
 189      45054431 
 189      88CA08
 190 004c 3A411E2E 		.ascii	":A\036.\301(\"\012\370\214O$\370B\324\260\347>\232n"
 190      C128220A 
 190      F88C4F24 
 190      F842D4B0 
 190      E73E9A6E 
 191 0060 DB21BB5B 		.ascii	"\333!\273[\251l\327\234\236{\356\375\316w\316=\347\336"
 191      A96CD79C 
 191      9E7BEEFD 
 191      CE77CE3D 
 191      E7DE
 192 0072 BEDD7E92 		.ascii	"\276\335~\222,\025Y$\351\004\221\244\012\220\244a\274"
 192      2C155924 
 192      E90491A4 
 192      0A90A461 
 192      BC
ARM GAS  C:\Users\User\AppData\Local\Temp\ccy5DGgx.s 			page 14


 193 0083 FC2549DA 		.ascii	"\374%I\332-i\027\325\367\240\034F\251C9\212r\014\305"
 193      2D6917D5 
 193      F7A01C46 
 193      A943398A 
 193      720CC5
 194 0096 2BBD78FD 		.ascii	"+\275x\375\0359\220Jz\037\345\204\216G\026\034\276l"
 194      1D39904A 
 194      7A1FE584 
 194      8E47161C 
 194      BE6C
 195 00a8 FE893681 		.ascii	"\376\2116\201\302\006C\221&\242\034D\011G\371\025\216"
 195      C2064391 
 195      26A21C44 
 195      0947F915 
 195      8E
 196 00b9 4D44B98A 		.ascii	"MD\271\212\355\016\211s\277\204\272\214\342\007\234"
 196      ED0E8973 
 196      BF84BA8C 
 196      E2079C
 197 00c8 97C6F56B 		.ascii	"\227\306\365kl\343O\232\012\317s\177\212\272Ip\253\\"
 197      6CE34F9A 
 197      0ACF737F 
 197      8ABA4970 
 197      AB5C
 198 00da 9487C254 		.ascii	"\224\207\302T{:\247\010\203\035\275\334\377C\\\240\306"
 198      7B3AA708 
 198      831DBDDC 
 198      FF435CA0 
 198      C6
 199 00eb 25F2F307 		.ascii	"%\362\363\007\021O\264\201w\231\3404\362M\375\017\234"
 199      114FB481 
 199      7799E034 
 199      F24DFD0F 
 199      9C
 200 00fc 34DFD305 		.ascii	"4\337\323\005\347\014\003\347:\002\325_\036;,w\303y"
 200      E70C03E7 
 200      3A02D55F 
 200      1E3B2C77 
 200      C379
 201 010e 402C8C67 		.ascii	"@,\214g\275\000\374\016L\230:\254^\000\254\037{eI\220"
 201      BD00FC0E 
 201      4C983AAC 
 201      5E00AC1F 
 201      7B654990 
 202 0122 AA5DA05A 		.ascii	"\252]\240Z\010]\026\252,(\331O\030\203\216\221\017s"
 202      085D16AA 
 202      2C28D94F 
 202      18838E91 
 202      0F73
 203 0134 4FEAC5E7 		.ascii	"O\352\305\347\300\033\314L\265\006Ys\000\2407\320\021"
 203      C01BCC4C 
 203      B5065973 
 203      00A037D0 
 203      11
 204 0145 F2B0C5F8 		.ascii	"\362\260\305\370H|\22269Pg\377C^\3135s\017\\\240\275"
 204      487C9236 
 204      395067FF 
ARM GAS  C:\Users\User\AppData\Local\Temp\ccy5DGgx.s 			page 15


 204      435ECB35 
 204      730F5CA0 
 205 015a 05B381F5 		.ascii	"\005\263\201\365}\276\267\257\307\217\3402\301v\317"
 205      7DBEB7AF 
 205      C78FE032 
 205      C176CF
 206 0169 E3D23F47 		.ascii	"\343\322?G\356R\370\025\360\033-m\307\207\037y\306\255"
 206      EE52F815 
 206      F01B2D6D 
 206      C7871F79 
 206      C6AD
 207 017b 20603183 		.ascii	" `1\203\214j{\177\313\246 T'\232a<\252\203KN\0375OZ"
 207      8C6A7B7F 
 207      CBA62054 
 207      279A613C 
 207      AA834B4E 
 208 0193 CBACDCCA 		.ascii	"\313\254\334\312x\031\336\177\031v\301d(\203\311\350"
 208      7819DE7F 
 208      1976C164 
 208      2883C9E8 
 209 01a3 7C374CC2 		.ascii	"|7L\302\373|\023g\362d\254\336=fJ\201R\320\253x:2~\277"
 209      FB7C1367 
 209      F264ACDE 
 209      3D664A81 
 209      52D0AB78 
 210 01bb D6AD94A2 		.ascii	"\326\255\224\242U(E\301\016 \260\023\"i\304\330\304"
 210      552845C1 
 210      0E20B013 
 210      2269C4D8 
 210      C4
 211 01cc 7B29F400 		.ascii	"{)\364\000l\207n\234\317\036\230\202\326\356]\347\262"
 211      6C876E9C 
 211      CF1E9882 
 211      D6EE5DE7 
 211      B2
 212 01dd FD888305 		.ascii	"\375\210\203\005[<\364\244\237`\020S\3150<L\260\243"
 212      5B3CF4A4 
 212      9F601053 
 212      CD303C4C 
 212      B0A3
 213 01ef FC76CDE3 		.ascii	"\374v\315\343\020\336A\307\353\232O\224\004\223\024"
 213      10DE41C7 
 213      EB9A4F94 
 213      049314
 214 01fe DA965715 		.ascii	"\332\226W\025\226}\021\010\346\210,E\311\2401\372EH"
 214      967D1108 
 214      E6882C45 
 214      C9A031FA 
 214      4548
 215 0210 2311C23E 		.ascii	"#\021\302>\210\2406\3243Tbg\005v\226\320\271x\2067O"
 215      88A036D4 
 215      33546267 
 215      057696D0 
 215      B9788637 
 216 0225 5DF7B9A2 		.ascii	"]\367\271\242\310P\005f\330\253E7\325\314's$\247\353"
 216      C8500566 
 216      D8AB4537 
ARM GAS  C:\Users\User\AppData\Local\Temp\ccy5DGgx.s 			page 16


 216      D5CC2773 
 216      24A7EB
 217 0238 9A993C03 		.ascii	"\232\231<\003\346\343\251{\355]\023D\230\271\351\243"
 217      E6E3A97B 
 217      ED5D1344 
 217      98B9E9A3 
 218 0248 C6E8639F 		.ascii	"\306\350c\237Q\323\003h\272_3E&\374\363\031G\265\217"
 218      51D30368 
 218      BA5F3345 
 218      26FCF319 
 218      47B58F
 219 025b 38D0C9CA 		.ascii	"8\320\311\312\375]O\307\021\2050'\245\2336\334\361\037"
 219      FD5D4FC7 
 219      11853027 
 219      A59B36DC 
 219      F11F
 220 026d 71D27163 		.ascii	"q\322qcz\011sr\020\235|\255990\272\223\032\337Nv\037"
 220      7A097372 
 220      109D7CAD 
 220      393930BA 
 220      931ADF4E 
 221 0283 F5B48498 		.ascii	"\365\264\204\230\350\246\240TX,\332\347\036\316\032"
 221      E8A6A054 
 221      582CDAE7 
 221      1ECE1A
 222 0292 3B6A590F 		.ascii	";jY\017\261\262\326\202\250\253\2733\247R\253k\370\305"
 222      B1B2D682 
 222      A8ABBB33 
 222      A752AB6B 
 222      F8C5
 223 02a4 BD8A8291 		.ascii	"\275\212\202\221)&\212\203r-\264rca\017\263\302\236"
 223      29268A83 
 223      722DB472 
 223      63610FB3 
 223      C29E
 224 02b6 78B2772C 		.ascii	"x\262w,\351fs\204\033\203\245\336`A\325\376\333<\305"
 224      E9667384 
 224      1B83A5DE 
 224      6041D5FE 
 224      DB3CC5
 225 02c9 83B3C039 		.ascii	"\203\263\3009\322\025rD#:b$\252cD_U=\332\342Gnr\246"
 225      D2157244 
 225      233A6224 
 225      AA63445F 
 225      553DDAE2 
 226 02e1 A1EF9BEB 		.ascii	"\241\357\233\353\375\005S\375\357F\230hH\036\215\311"
 226      FD0553FD 
 226      EF469868 
 226      481E8DC9 
 227 02f1 63643ACA 		.ascii	"cd:\312\230v\335o\333\033B\036p\246\322\262b%H\237\013"
 227      9876DD6F 
 227      DB1B421E 
 227      70A6D2B2 
 227      6225489F 
 228 0306 9A262D19 		.ascii	"\232&-\031\015\317\255\361\256\342\2422\325\255w\313"
 228      0DCFADF1 
 228      AEE2A232 
ARM GAS  C:\Users\User\AppData\Local\Temp\ccy5DGgx.s 			page 17


 228      D5AD77CB 
 229 0316 CB39EA1A 		.ascii	"\3139\352\032G\024\324k~\353\215~\2171\277?,\277[\200"
 229      4714D46B 
 229      7EEB8D7E 
 229      8F31BF3F 
 229      2CBF5B80 
 230 032a F53631BF 		.ascii	"\36561\277[\252V\254\014A\252^\254\366\367\313\310\023"
 230      5BAA56AC 
 230      0C41AA5E 
 230      ACF6F7CB 
 230      C813
 231 033c B777B952 		.ascii	"\267w\271R\010lS\301q\215\3528\245\242\015/\243\370"
 231      086C53C1 
 231      718DEA38 
 231      A5A20D2F 
 231      A3F8
 232 034e 36B36223 		.ascii	"6\263b#\341\333\325D\031[\363/\217\345\3335\224\356"
 232      E1DBD544 
 232      195BF32F 
 232      8FE5DB35 
 232      94EE
 233 0360 F2C18EEE 		.ascii	"\362\301\216\356\340\340l\272:V\271\225\300\267\030"
 233      E0E06CBA 
 233      3A56B995 
 233      C0B718
 234 036f 5923CEE5 		.ascii	"Y#\316\345\0336\227\023\020\254\322b\023\361\007.\346"
 234      1B369713 
 234      10ACD262 
 234      13F1072E 
 234      E6
 235 0380 D60572B6 		.ascii	"\326\005r\266\2634\246\374\332\373M~\\\017\240\303}"
 235      B334A6FC 
 235      DAFB4D7E 
 235      5C0FA0C3 
 235      7D
 236 0391 65074238 		.ascii	"e\007B8\273\207\016\237\272V\230\031\314\207\333\250"
 236      BB870E9F 
 236      BA569819 
 236      CC87DBA8 
 237 03a1 DE70E69B 		.ascii	"\336p\346\233~\023\271\313\347s\241qG\031\215,\234n"
 237      7E13B9CB 
 237      E773A171 
 237      47198D2C 
 237      9C6E
 238 03b3 DAE1E171 		.ascii	"\332\341\341q\272m\033\316\267m\373\312\201mc\310\003"
 238      BA6D1BCE 
 238      B76DFBCA 
 238      816D63C8 
 238      03
 239 03c4 0697F39A 		.ascii	"\006\227\363\232:\352\265=5\274yV\336\000M\344)L\376"
 239      3AEAB53D 
 239      35BC7956 
 239      DE004DE4 
 239      294CFE
 240 03d7 B7DAECC3 		.ascii	"\267\332\354\303GV;\233\21742\031h\307\325\036.V{\033"
 240      47563B9B 
 240      8F343219 
ARM GAS  C:\Users\User\AppData\Local\Temp\ccy5DGgx.s 			page 18


 240      68C7D51E 
 240      2E567B1B 
 241 03eb 76FE8BAF 		.ascii	"v\376\213\257\366\035\333r\266\372\023\305\217\371\360"
 241      F61DDB72 
 241      B6FA13C5 
 241      8FF9F0
 242 03fa 1EE93A6B 		.ascii	"\036\351:kR\237\015F\2023>\010\324\015>\305\313\366"
 242      529F0D46 
 242      82333E08 
 242      D40D3EC5 
 242      CBF6
 243 040c DE690CE6 		.ascii	"\336i\014\346;-\230S \036\016Y\273V4\020s\026]/\377"
 243      3B2D9853 
 243      201E0E59 
 243      BB563410 
 243      73165D2F 
 244 0421 0D2B5AB4 		.ascii	"\015+Z\264\264<i\365#\313XX\360\305\361\375^Q\303F\252"
 244      B43C69F5 
 244      23CB5858 
 244      F0C5F1FD 
 244      5E51C346 
 245 0436 AF39D850 		.ascii	"\2579\330P\033D\226\363\301\313\331\227\032\374I\016"
 245      1B4496F3 
 245      C1CBD997 
 245      1AFC490E 
 246 0446 57D40258 		.ascii	"W\324\002XD\001\266t=h\002\222\313\007k\017\034\362"
 246      4401B674 
 246      3D680292 
 246      CB076B0F 
 246      1CF2
 247 0458 8A624DD3 		.ascii	"\212bM\323=\271-\374\311]}\355\204\327\314k\247\000"
 247      3DB92DFC 
 247      C95D7DED 
 247      84D7CC6B 
 247      A700
 248 046a EA87DBCF 		.ascii	"\352\207\333\317\317&\371\334\262~\240b\273\250#}\272"
 248      CF26F9DC 
 248      B27EA062 
 248      BBA8237D 
 248      BA
 249 047b 66E50DB4 		.ascii	"f\345\015\264\215\243\323Q\304\252\241\201\215,\232"
 249      8DA3D351 
 249      C4AAA181 
 249      8D2C9A
 250 048a CB74D610 		.ascii	"\313t\326\0205\031.\361\251t\016\036?\347gY\305\320"
 250      35192EF1 
 250      A9740E1E 
 250      3FE76759 
 250      C5D0
 251 049c 583113CB 		.ascii	"X1\023\313R/\302{\030\374\012XT#v\274\344\366\215\325"
 251      522FC27B 
 251      18FC0A58 
 251      542376BC 
 251      E4F68DD5 
 252 04b0 833B7E0A 		.ascii	"\203;~\012\274\247\250x\235\231l\346An\270w\341\206"
 252      BCA7A878 
 252      9D996CE6 
ARM GAS  C:\Users\User\AppData\Local\Temp\ccy5DGgx.s 			page 19


 252      416EB877 
 252      E186
 253 04c2 589B11A8 		.ascii	"X\233\021\250\226<\254u\007\220\255|l\365\221M\255c"
 253      963CAC75 
 253      0790AD7C 
 253      6CF5914D 
 253      AD63
 254 04d4 480957D4 		.ascii	"H\011W\324=`\341{ \243\343u\262\223\217\324\345|u\001"
 254      3D60E17B 
 254      20A3E375 
 254      B2938FD4 
 254      E57C7501 
 255 04e8 C81EAEF4 		.ascii	"\310\036\256\364e^\355\025\371\231\204jn\363\255pR\305"
 255      655EED15 
 255      F999846A 
 255      6EF3AD70 
 255      52C5
 256 04fa 877E6C6C 		.ascii	"\207~ll\010'5\274\355\255.\335\016\244\216+\003\371"
 256      082735BC 
 256      EDAD2EDD 
 256      0EA48E2B 
 256      03F9
 257 050c DE5B66D2 		.ascii	"\336[f\322\300\225\202\366\215_\007\020/WJ\006\327\342"
 257      C09582F6 
 257      8D5F0710 
 257      2F574A06 
 257      D7E2
 258 051e 11D4CC95 		.ascii	"\021\324\314\225\357jNg\005\2216\256dUV\256\017\"\337"
 258      EF6A4E67 
 258      059136AE 
 258      645556AE 
 258      0F22DF
 259 0531 7125A3B6 		.ascii	"q%\243\2663G\234\256\275T\277R|\245 PT\305\037\365\354"
 259      33479CAE 
 259      BD54BF52 
 259      7CA52050 
 259      54C51FF5 
 260 0546 F6964740 		.ascii	"\366\226G@\316rpv\365\251n\323\250ux\254\326a\032+C"
 260      CE727076 
 260      F5A96ED3 
 260      A87578AC 
 260      D6611A2B 
 261 055b EEE1DCFD 		.ascii	"\356\341\334\375c\215ehAt3C\017\261\314>V3\333v\265"
 261      638D6568 
 261      41743343 
 261      0FB1CC3E 
 261      5633DB76 
 262 0570 A8D864AC 		.ascii	"\250\330d\254\303h\350\227\357f\037}\020\002aaa\023"
 262      C368E897 
 262      EF661F7D 
 262      10026161 
 262      6113
 263 0582 C2745704 		.ascii	"\302tW\004\273oU2\335\212\347n-\271\276\373\344r\245"
 263      BB6F5532 
 263      DD8AE76E 
 263      2DB9BEFB 
 263      E472A5
ARM GAS  C:\Users\User\AppData\Local\Temp\ccy5DGgx.s 			page 20


 264 0595 A01E1815 		.ascii	"\240\036\030\025\246\031\206a\202\266\017\3163\336F"
 264      A6198661 
 264      82B60FCE 
 264      33DE46
 265 05a4 7A97B8C9 		.ascii	"z\227\270\311\2454|Jg\022\006?i\204\267\276\000o\322"
 265      A5347C4A 
 265      6712063F 
 265      6984B7BE 
 265      006FD2
 266 05b7 C1BB8CF0 		.ascii	"\301\273\214\360N\006\267Rt\216\230\323l\223\004\217"
 266      4E06B752 
 266      748E98D3 
 266      6C93048F 
 267 05c7 70FC211B 		.ascii	"p\374!\033\242h\334\203\260\\\216\200%r\030((Y(\237"
 267      A268DC83 
 267      B05C8E80 
 267      25721828 
 267      2859289F 
 268 05db A164A0AC 		.ascii	"\241d\240\254B\311D\371\002e)\3122\224/QV\240|\216\222"
 268      42C944F9 
 268      026529CA 
 268      32942F51 
 268      56A07C8E 
 269 05f0 83F214C2 		.ascii	"\203\362\024\302\340G\224ll\273Q\236a{\245\034\306\236"
 269      E047946C 
 269      6CBB519E 
 269      617BA51C 
 269      C69E
 270 0602 C63CC673 		.ascii	"\306<\306s)Z\214\367\2151F\031g\324\256C?\360\211\266"
 270      295A8CF7 
 270      8D314619 
 270      67D4AE43 
 270      3FF089B6 
 271 0616 6AE0011D 		.ascii	"j\340\001\035\370\007#\270\007\014\350s\272d\235\365"
 271      F80723B8 
 271      070CE873 
 271      BA649DF5 
 272 0626 9D5B1DBA 		.ascii	"\235[\035\272>UC\3375\242\357\030\3217u\221\014\030"
 272      3E5543DF 
 272      35A2EF18 
 272      D1377591 
 272      0C18
 273 0638 D1CD2FD4 		.ascii	"\321\315/\324\255]G~\333\010\277i$\037\320\241\257\031"
 273      AD5D477E 
 273      DB08BF69 
 273      241FD0A1 
 273      AF19
 274 064a D1DD46F4 		.ascii	"\321\335F\364%](\367|\207\242O\212\216\373\226\357H"
 274      255D28F7 
 274      7C87A24F 
 274      8A8EFB96 
 274      EF48
 275 065c 9E0B5C97 		.ascii	"\236\013\\\227\303s\276\027\334s\353S\307\336\347;\211"
 275      C373BE17 
 275      DC73EB53 
 275      C7DEE73B 
 275      89
ARM GAS  C:\Users\User\AppData\Local\Temp\ccy5DGgx.s 			page 21


 276 066d 1CCECF94 		.ascii	"\034\316\317\224\223\267-K\024\005(L\022\347\211\266"
 276      93B72D4B 
 276      1405284C 
 276      12E789B6 
 277 067d 8EAEDDB1 		.ascii	"\216\256\335\261\254v+\215\323\030\331\015#\331\367"
 277      AC762B8D 
 277      D318D90D 
 277      23D9F7
 278 068c 2F5444E7 		.ascii	"/TD\347\372\272o\364H\244K\020\236\266\204\301\237\200"
 278      FABA6FF4 
 278      48A44B10 
 278      9EB684C1 
 278      9F80
 279 069e 0506055C 		.ascii	"\005\006\005\\\335\372\320d$\037\322\345\270\337\367"
 279      DDFAD064 
 279      241FD2E5 
 279      B8DFF7
 280 06ad C2D3930F 		.ascii	"\302\323\223\017\245r\362\253H~Q\300\325\347\273( \207"
 280      A572F2AB 
 280      487E51C0 
 280      D5E7BB28 
 280      2087
 281 06bf D3378496 		.ascii	"\3237\204\2263\245cI\235?;\233\3537\037\312\303\363"
 281      33A56349 
 281      9D3F3B9B 
 281      EB371FCA 
 281      C3F3
 282 06d1 7F024FCF 		.ascii	"\177\002O\317\303>\177\374,\2015\362\004\370J\0369p"
 282      C33E7FFC 
 282      2C8135F2 
 282      04F84A1E 
 282      3970
 283 06e3 69B27CEF 		.ascii	"i\262|\357pX\215\033\373\227\336\344\364d\270\261\362"
 283      70588D1B 
 283      FB97DEE4 
 283      F464B8B1 
 283      F2
 284 06f4 A2AC7FA1 		.ascii	"\242\254\177\241\242\021j\317\344\\9\230\275\233\341"
 284      A2116ACF 
 284      E45C3998 
 284      BD9BE1
 285 0703 3F820BAB 		.ascii	"?\202\013\253\356\347\207\220f\177~\216\237i\352\002"
 285      EEE78790 
 285      667F7E8E 
 285      9F69EA02 
 286 0713 7CBDF3F4 		.ascii	"|\275\363\364\262\327\273\232\317\232\361i\271D\231"
 286      B2D7BB9A 
 286      CF9AF169 
 286      B94499
 287 0722 FD167B47 		.ascii	"\375\026{G]\253M\022\233\317\277+\256\223\351\213\336"
 287      5DAB4D12 
 287      9BCFBF2B 
 287      AE93E98B 
 287      DE
 288 0733 D33DD515 		.ascii	"\323=\325\025A\244\233\223\025\335\254i\020G}\010\252"
 288      41A49B93 
 288      15DDAC69 
ARM GAS  C:\Users\User\AppData\Local\Temp\ccy5DGgx.s 			page 22


 288      10477D08 
 288      AA
 289 0744 E7B7AE29 		.ascii	"\347\267\256)6\361S\344:\035.l\275\267\326Lns\354\223"
 289      36F153E4 
 289      3A1D2E6C 
 289      BDB7D64C 
 289      6E73EC93 
 290 0758 EB6B3A81 		.ascii	"\353k:\201ciP\015\267\367=\032\375p\337$\213Ce\243\314"
 290      6369500D 
 290      B7F73D1A 
 290      FD70DF24 
 290      8B4365A3 
 291 076d 4E95D383 		.ascii	"N\225\323\203\207\207\202\311\003\306d\352-\032\270"
 291      878782C9 
 291      03C664EA 
 291      2D1AB8
 292 077c 855F2493 		.ascii	"\205_$\223\001\314(%\352\307\243\004\205\262\0316\313"
 292      01CC2825 
 292      EAC7A304 
 292      85B21936 
 292      CB
 293 078d 44FDF8CE 		.ascii	"D\375\370\316W\220\276\377S\332\315\337\325\372\267"
 293      5790BEFF 
 293      53DACDDF 
 293      D5FAB7
 294 079c 2A649204 		.ascii	"*d\222\0041\354\254\202-X\236B\346g\253<\031\012\320"
 294      31ECAC82 
 294      2D589E42 
 294      E667AB3C 
 294      190AD0
 295 07af 513E969A 		.ascii	"Q>\226\232\366\240\303\257\333j6\004i\007\0230\356|"
 295      F6A0C3AF 
 295      DB6A3604 
 295      69071330 
 295      EE7C
 296 07c1 C4E5C934 		.ascii	"\304\345\3114\276\"\331\242FI\321\253Z\0137"
 296      BE22D9A2 
 296      4649D1AB 
 296      5A0B37
 297 07d0 049A858F 		.ascii	"\004\232\205\217\254\237\364\201\350\252\316\245\353"
 297      AC9FF481 
 297      E8AACEA5 
 297      EB
 298 07dd 03F5DCDB 		.ascii	"\003\365\334\333~\212{c\371\365\306\240W\212\2246\017"
 298      7E8A7B63 
 298      F9F5C6A0 
 298      578A9436 
 298      0F
 299 07ee 7EE6D487 		.ascii	"~\346\324\207Wfx\024\367l(\226-\260\001\213\205\337"
 299      57667814 
 299      F76C2896 
 299      2DB0018B 
 299      85DF
 300 0800 323AD3F5 		.ascii	"2:\323\365\3303O\226\240D~\205~\024\014\327\024\204"
 300      D8334F96 
 300      A0447E85 
 300      7E140CD7 
ARM GAS  C:\Users\User\AppData\Local\Temp\ccy5DGgx.s 			page 23


 300      1484
 301 0812 90219EFE 		.ascii	"\220!\236\376\245\331\031\225\376Z\335[\265\272\323"
 301      A5D91995 
 301      FE5ADD5B 
 301      B5BAD3
 302 0821 77F1ED5A 		.ascii	"w\361\355Z\335\267\033\353^\312\352^wc[\276\211,\037"
 302      DDB71BEB 
 302      5ECAEA5E 
 302      77635BBE 
 302      892C1F
 303 0834 C3C976B6 		.ascii	"\303\311v\266\225\217\021dM\221\374+\247\220\177\345"
 303      958F1164 
 303      4D91FC2B 
 303      A7907FE5 
 304 0844 ECD09876 		.ascii	"\354\320\230v\030\231v2\246\236\252+\025@6q\246\216"
 304      18997632 
 304      A69EAA2B 
 304      15403671 
 304      A68E
 305 0856 CECC1AB1 		.ascii	"\316\314\032\261*\202t/\376\023\305\213\377\263\376"
 305      2A82742F 
 305      FE13C58B 
 305      FFB3FE
 306 0865 B667E28D 		.ascii	"\266g\342\215\320\214\352\301\214\212\036\277Q\027M"
 306      D08CEAC1 
 306      8C8A1EBF 
 306      51174D
 307 0874 B9BA68F6 		.ascii	"\271\272h\366\360<w\256xx\336d\254\341nL\326.\226\254"
 307      F03C77AE 
 307      7878DE64 
 307      ACE16E4C 
 307      D62E96AC 
 308 0888 0A96E772 		.ascii	"\012\226\347r5\317\015\235\367\017\205\030\2532*\372"
 308      35CF0D9D 
 308      F70F8518 
 308      AB322AFA 
 309 0898 FCBE9E21 		.ascii	"\374\276\236!\030\251\312\014Q\225JQ\025\374\234\323"
 309      18A9CA0C 
 309      51954A51 
 309      15FC9CD3 
 310 08a8 999689AA 		.ascii	"\231\226\211\252\354eU\251^\227;\213\224\361\3317\254"
 310      EC6555A9 
 310      5E973B8B 
 310      94F1D937 
 310      AC
 311 08b9 AFAA97B5 		.ascii	"\257\252\227\265\242<+>\251\026\205~\270Ui\251\2542"
 311      A23C2B3E 
 311      A916857E 
 311      B85569A9 
 311      AC32
 312 08cb A6721F4B 		.ascii	"\246r\037KeEg_\343\030r\210\223y\263/\0373\215\2044"
 312      6545675F 
 312      E3187288 
 312      9379B32F 
 312      1F338D84 
 313 08e0 CB10D2B1 		.ascii	"\313\020\322\261\347B\332/B\252\226_\221\374\235\256"
 313      E742DA2F 
ARM GAS  C:\Users\User\AppData\Local\Temp\ccy5DGgx.s 			page 24


 313      42AA965F 
 313      91FC9DAE 
 314 08f0 B7D3925D 		.ascii	"\267\323\222]\001o\276\373\327P\233\325*\275c\373S\\"
 314      016FBEFB 
 314      D7509BD5 
 314      2ABD63FB 
 314      535C
 315 0902 C282E4F9 		.ascii	"\302\202\344\371\311q6z\217u-NLN\267\316\374(\306\361"
 315      C971367A 
 315      8F752D4E 
 315      4C4EB7CE 
 315      FC28C6F1 
 316 0916 71725A62 		.ascii	"qrZb\372\307N}?G\246;\2553gD\245;\243\026\304\247D9"
 316      FAC74E7D 
 316      3F47A63B 
 316      AD336744 
 316      A53BA316 
 317 092e 1725D07F 		.ascii	"\027%\320\177\207\323\025\231 \005;]\261\256\370E\256"
 317      87D31599 
 317      20053B5D 
 317      B1AEF845 
 317      AE
 318 093f D752E217 		.ascii	"\327R\342\027\245\232\035\216\305\311i.\353\014\207"
 318      A59A1D8E 
 318      C5C9692E 
 318      EB0C87
 319 094e 2B131254 		.ascii	"+\023\022T/\354\356|\321\213\256?\316\225\236\236\342"
 319      2FECEE7C 
 319      D18BAE3F 
 319      CE959E9E 
 319      E2
 320 095f 8CFB306D 		.ascii	"\214\3730mq(k\205\"YhR\352\374\244\304\304\244\304\270"
 320      71286B85 
 320      22596852 
 320      EAFCA4C4 
 320      C4A4C4B8 
 321 0973 199131A1 		.ascii	"\031\2211\241\321\323\2543\377a\215\303\376W\323\322"
 321      D1D3AC33 
 321      FF618DC3 
 321      FE57D3D2 
 322 0983 D3925E4D 		.ascii	"\323\222^M\212G\346\344\264\204\224\305\211Iq\251\361"
 322      8A47E6E4 
 322      B48494C5 
 322      894971A9 
 322      F1
 323 0994 C8959614 		.ascii	"\310\225\226\024\347HL\372 ~q\212\313\341\372da\222"
 323      E7484CFA 
 323      207E718A 
 323      CBE1FA64 
 323      6192
 324 09a6 33728114 		.ascii	"3r\201\024\240\206\363\311\3771\032\347'\3168LN\"\272"
 324      A086F3C9 
 324      FF311AE7 
 324      27CE384C 
 324      4E22BA
 325 09b9 C6100251 		.ascii	"\306\020\002Qu%\247&9\\\261?#\357\213\\Q\202>*a\001"
 325      7525A726 
ARM GAS  C:\Users\User\AppData\Local\Temp\ccy5DGgx.s 			page 25


 325      395CB13F 
 325      23EF8B5C 
 325      51823E2A 
 326 09cf 6514130C 		.ascii	"e\024\023\014\242\351O_\310\263\217\355$\227\332|S4"
 326      A2E94F5F 
 326      C8B38FED 
 326      2497DA7C 
 326      5334
 327 09e1 11E14849 		.ascii	"\021\341HIIt$\343\022\230\3773+\2770}\221\313\031\025"
 327      497424E3 
 327      1298FF33 
 327      2BBF307D 
 327      91CB1915 
 328 09f5 3B6F6E4C 		.ascii	";onLt\324;\357\314\211\232\367\366\334\217\254b-P'\030"
 328      74D43BEF 
 328      CC899AF7 
 328      F6DC8FAC 
 328      622D5027 
 329 0a0a 909FCD36 		.ascii	"\220\237\3156\327\036#\026BL\264\303\025\2406\344\367"
 329      D71E2316 
 329      424CB4C3 
 329      15A036E4 
 329      F7
 330 0a1b ECA63973 		.ascii	"\354\2469s_\263\22396\273\351\3659\363\354\304f\263"
 330      5FB39339 
 330      36BBE9F5 
 330      39F3ECC4 
 330      66B3
 331 0a2d 133BCA6B 		.ascii	"\023;\312kv;\371K\254\215\330\336\235g\262\331\336\260"
 331      763BF94B 
 331      AC8DD8DE 
 331      9D67B2D9 
 331      DEB0
 332 0a3f 338E6876 		.ascii	"3\216hv\267\2227\336\264\313\261h\371\366\033vS\354"
 332      B79237DE 
 332      B4CBB168 
 332      F9F61B76 
 332      53EC
 333 0a51 5C44DBEC 		.ascii	"\\D\333\354\321(VD\376\315\036\377\213L\310\351J\245"
 333      D1285644 
 333      FECD1EFF 
 333      8B4CC8E9 
 333      4AA5
 334 0a63 0127A7F2 		.ascii	"\001'\247\362\004\013\305\341\262\210T:\351\202w\304"
 334      040BC5E1 
 334      B288543A 
 334      E98277C4 
 335 0a73 D3EC8638 		.ascii	"\323\354\2068\034\037,NKp8\"g\316\210\231\036\240j\246"
 335      1C1F2C4E 
 335      4B703822 
 335      67CE8899 
 335      1EA06AA6 
 336 0a87 8405F18B 		.ascii	"\204\005\361\213^\032\201\247/\344\350\361jO\222\017"
 336      5E1A81A7 
 336      2FE4E8F1 
 336      6A4F920F 
 337 0a97 F3E95675 		.ascii	"\363\351Vu\370C\237\303\177\3747^'\263y"
ARM GAS  C:\Users\User\AppData\Local\Temp\ccy5DGgx.s 			page 26


 337      F8439FC3 
 337      7FFC375E 
 337      27B379
 338              		.text
 339              		.section	.gnu.lto_.symtab.a3784903,"",%progbits
 340 0000 7374496E 		.ascii	"stInit\000"
 340      697400
 341 0007 00       		.ascii	"\000"
 342 0008 00       		.ascii	"\000"
 343 0009 00       		.ascii	"\000"
 344 000a 00000000 		.ascii	"\000\000\000\000\000\000\000\000"
 344      00000000 
 345 0012 AE000000 		.ascii	"\256\000\000\000"
 346 0016 73745374 		.ascii	"stStartAlarm\000"
 346      61727441 
 346      6C61726D 
 346      00
 347 0023 00       		.ascii	"\000"
 348 0024 00       		.ascii	"\000"
 349 0025 00       		.ascii	"\000"
 350 0026 00000000 		.ascii	"\000\000\000\000\000\000\000\000"
 350      00000000 
 351 002e BD000000 		.ascii	"\275\000\000\000"
 352 0032 73745374 		.ascii	"stStopAlarm\000"
 352      6F70416C 
 352      61726D00 
 353 003e 00       		.ascii	"\000"
 354 003f 00       		.ascii	"\000"
 355 0040 00       		.ascii	"\000"
 356 0041 00000000 		.ascii	"\000\000\000\000\000\000\000\000"
 356      00000000 
 357 0049 BF000000 		.ascii	"\277\000\000\000"
 358 004d 73745365 		.ascii	"stSetAlarm\000"
 358      74416C61 
 358      726D00
 359 0058 00       		.ascii	"\000"
 360 0059 00       		.ascii	"\000"
 361 005a 00       		.ascii	"\000"
 362 005b 00000000 		.ascii	"\000\000\000\000\000\000\000\000"
 362      00000000 
 363 0063 C1000000 		.ascii	"\301\000\000\000"
 364 0067 73744765 		.ascii	"stGetAlarm\000"
 364      74416C61 
 364      726D00
 365 0072 00       		.ascii	"\000"
 366 0073 00       		.ascii	"\000"
 367 0074 00       		.ascii	"\000"
 368 0075 00000000 		.ascii	"\000\000\000\000\000\000\000\000"
 368      00000000 
 369 007d C4000000 		.ascii	"\304\000\000\000"
 370 0081 73745F6C 		.ascii	"st_lld_init\000"
 370      6C645F69 
 370      6E697400 
 371 008d 00       		.ascii	"\000"
 372 008e 02       		.ascii	"\002"
 373 008f 00       		.ascii	"\000"
 374 0090 00000000 		.ascii	"\000\000\000\000\000\000\000\000"
ARM GAS  C:\Users\User\AppData\Local\Temp\ccy5DGgx.s 			page 27


 374      00000000 
 375 0098 C6000000 		.ascii	"\306\000\000\000"
 376              		.text
 377              		.section	.gnu.lto_.opts,"",%progbits
 378 0000 272D666D 		.ascii	"'-fmath-errno' '-fsigned-zeros' '-ftrapping-math' '"
 378      6174682D 
 378      6572726E 
 378      6F272027 
 378      2D667369 
 379 0033 2D666E6F 		.ascii	"-fno-trapv' '-fno-openmp' '-fno-openacc' '-mcpu=cor"
 379      2D747261 
 379      70762720 
 379      272D666E 
 379      6F2D6F70 
 380 0066 7465782D 		.ascii	"tex-m7' '-mno-thumb-interwork' '-mthumb' '-ggdb' '-"
 380      6D372720 
 380      272D6D6E 
 380      6F2D7468 
 380      756D622D 
 381 0099 4F322720 		.ascii	"O2' '-fomit-frame-pointer' '-falign-functions=16' '"
 381      272D666F 
 381      6D69742D 
 381      6672616D 
 381      652D706F 
 382 00cc 2D666675 		.ascii	"-ffunction-sections' '-fdata-sections' '-fno-common"
 382      6E637469 
 382      6F6E2D73 
 382      65637469 
 382      6F6E7327 
 383 00ff 2720272D 		.ascii	"' '-flto'\000"
 383      666C746F 
 383      2700
 384              		.text
 385              		.comm	__gnu_lto_v1,1,1
 386              		.comm	__gnu_lto_slim,1,1
 387              		.ident	"GCC: (GNU Tools for ARM Embedded Processors 6-2017-q1-update) 6.3.1 20170215 (release) [AR
ARM GAS  C:\Users\User\AppData\Local\Temp\ccy5DGgx.s 			page 28


DEFINED SYMBOLS
                            *ABS*:00000000 hal_st.c
                            *COM*:00000001 __gnu_lto_v1
                            *COM*:00000001 __gnu_lto_slim

NO UNDEFINED SYMBOLS
