ARM GAS  C:\Users\User\AppData\Local\Temp\ccktQ3Ig.s 			page 1


   1              		.cpu cortex-m7
   2              		.eabi_attribute 20, 1
   3              		.eabi_attribute 21, 1
   4              		.eabi_attribute 23, 3
   5              		.eabi_attribute 24, 1
   6              		.eabi_attribute 25, 1
   7              		.eabi_attribute 26, 1
   8              		.eabi_attribute 30, 2
   9              		.eabi_attribute 34, 1
  10              		.eabi_attribute 18, 4
  11              		.file	"hal_pal.c"
  12              		.text
  13              	.Ltext0:
  14              		.section	.gnu.lto_.profile.a3780a8d,"",%progbits
  15 0000 789C6365 		.ascii	"x\234ce`b`a```d\320\220\001\000\000\354\000Q"
  15      60626061 
  15      60606064 
  15      D0900100 
  15      00EC0051 
  16              		.text
  17              		.section	.gnu.lto_.icf.a3780a8d,"",%progbits
  18 0000 789C6365 		.ascii	"x\234ce`b\020a@\000f\206\343\227n\235fc\334\276\377"
  18      60621061 
  18      40006686 
  18      E3976E9D 
  18      6663DCBE 
  19 0015 D00F76A6 		.ascii	"\320\017v\246u;\036\256\342e\000\000hQ\011\233"
  19      753B1EAE 
  19      E2650000 
  19      6851099B 
  20              		.text
  21              		.section	.gnu.lto_.jmpfuncs.a3780a8d,"",%progbits
  22 0000 789C6365 		.ascii	"x\234ce`bPb@\000f\006FF\306zF&FF\346\372z&0\305\310"
  22      60625062 
  22      40006606 
  22      4646C67A 
  22      46264646 
  23 001b 069162AA 		.ascii	"\006\221b\252d\004Q\0009\324\002\300"
  23      64045100 
  23      39D402C0 
  24              		.text
  25              		.section	.gnu.lto_.inline.a3780a8d,"",%progbits
  26 0000 789C6365 		.ascii	"x\234ce`b\370\316\200\000\314\014\014\234\034\214\314"
  26      6062F8CE 
  26      8000CC0C 
  26      0C9C1C8C 
  26      CC
  27 0011 0C0A8C20 		.ascii	"\014\012\214 &\210t\000\223\012\034l\037\364\030\330"
  27      26887400 
  27      930A1C6C 
  27      1FF418D8 
  28 0021 16C83331 		.ascii	"\026\310310\276`g\201\220 \202\003\314\344\000\021\002"
  28      30BE6067 
  28      81902082 
  28      03CCE400 
  28      1102
  29 0033 60A600C8 		.ascii	"`\246\000\310\030F\006>^F\026\210)\214@\022b\224\002"
ARM GAS  C:\Users\User\AppData\Local\Temp\ccktQ3Ig.s 			page 2


  29      1846063E 
  29      5E461688 
  29      298C4012 
  29      629402
  30 0046 C4406EA6 		.ascii	"\304@n\246\013\374\030F\001\305P\014aY /\001b)010\357"
  30      0BFC1846 
  30      01C5500C 
  30      6159202F 
  30      01622930 
  31 005d 10576000 		.ascii	"\020W`\000Zo\0012\231\211\201[\030\305}PC9\201r\304"
  31      5A6F0132 
  31      9989815B 
  31      18C57D50 
  31      43398172 
  32 0072 390F6893 		.ascii	"9\017h\223\004\310$\026^\240w'\370\201 \003\000\006"
  32      04C82416 
  32      5EA07727 
  32      F8812003 
  32      0006
  33 0084 0820CB   		.ascii	"\010 \313"
  34              		.text
  35              		.section	.gnu.lto_.pureconst.a3780a8d,"",%progbits
  36 0000 789C6365 		.ascii	"x\234ce`b`g```f\220b\224b\222\004\000\001\307\000b"
  36      60626067 
  36      60606066 
  36      90629462 
  36      92040001 
  37              		.text
  38              		.section	.gnu.lto_palReadBus.a3780a8d,"",%progbits
  39 0000 789C9591 		.ascii	"x\234\225\221\277O\024Q\020\307\347\373fowO\321\177"
  39      BF4F1451 
  39      10C7E7FB 
  39      666F774F 
  39      D17F
  40 0012 408A2B4C 		.ascii	"@\212+L\010\215\033b\"\211-\211\235\211\011-\011\201"
  40      088D1B62 
  40      22892D89 
  40      9D89092D 
  40      0981
  41 0024 A3E012E2 		.ascii	"\243\340\022\342\031W\244\344\335\012\250\020\301\020"
  41      1957A4E4 
  41      DD0AA810 
  41      C110
  42 0032 F5FC756E 		.ascii	"\365\374un\241\004Q\371\351\217\202\352\002&&&\376\200"
  42      A10451F9 
  42      E98F82EA 
  42      02262626 
  42      FE80
  43 0044 C6CA48D0 		.ascii	"\306\312H\320\346\022-\274\306\306\2403\273\220\\AC"
  43      E6122DBC 
  43      C6C6A033 
  43      BB905C41 
  43      43
  44 0055 B1F366E6 		.ascii	"\261\363f\346\315|f\276\3732d(4D\235DtL>0\301\334\374"
  44      CD7C66BE 
  44      FB326428 
  44      34449D44 
ARM GAS  C:\Users\User\AppData\Local\Temp\ccktQ3Ig.s 			page 3


  44      744C3E30 
  45 006c 4854F20D 		.ascii	"HT\362\015\240\216\365A\303\006\303\230\3422ccd\351"
  45      A08EF541 
  45      C306C398 
  45      E2326363 
  45      64E9
  46 007e 214F722C 		.ascii	"!Or,e\216\204\277?\334\377~TC '\341\003\273y\335k\235"
  46      658E84BF 
  46      3FDCFF7E 
  46      54432027 
  46      E103BB79 
  47 0095 B536B2D5 		.ascii	"\2656\262\325\362\264\373h\345\263\315\306l\350\236"
  47      F2B4FB68 
  47      E5B3CDC6 
  47      6CE89E
  48 00a4 943F4533 		.ascii	"\224?E3f\321\2543\346\320*\305\243\033\3451\346s \361"
  48      66D1AC33 
  48      E6D02AC5 
  48      A31BE531 
  48      E67320F1 
  49 00b8 BF7EDB9A 		.ascii	"\277~\333\232\363[f\222\306\267\267\330\036\217\231"
  49      F35B6692 
  49      C6B7B7D8 
  49      1E8F99
  50 00c7 F10CDCD8 		.ascii	"\361\014\334\330()\302s\264h\375\366\362\316\355#\256"
  50      2829C273 
  50      B468FDF6 
  50      F2CEED23 
  50      AE
  51 00d8 F39849D9 		.ascii	"\363\230I\331\202|\001\027r.n\242jw\376]\265\325\237"
  51      827C0117 
  51      722E6EA2 
  51      6A77FE5D 
  51      B5D59F
  52 00eb 4F503993 		.ascii	"OP9\223\025\015\322\301\322\3538b2\0311\256\253\236"
  52      150DD2C1 
  52      D2EB3862 
  52      321931AE 
  52      AB9E
  53 00fd A7C627DD 		.ascii	"\247\306'\335\216\306\005\241R'$\220\223k\210Vk7\326"
  53      8EC605A1 
  53      52272490 
  53      936B8856 
  53      6B37D6
  54 0110 5DA55658 		.ascii	"]\245VXe\337\031]\373\344\251NN\326\375\363\356\375"
  54      65DF195D 
  54      FBE4A94E 
  54      4ED6FDF3 
  54      EEFD
  55 0122 B5A61895 		.ascii	"\265\246\030\225\222\2656\027\263Wa\203y\325&w3?\242"
  55      92B53617 
  55      B3576183 
  55      79D52677 
  55      333FA2
  56 0135 052F98B7 		.ascii	"\005/\230\267\351\225\217\005\304\270\253;\022\026\021"
  56      E9958F05 
  56      C4B8AB3B 
ARM GAS  C:\Users\User\AppData\Local\Temp\ccktQ3Ig.s 			page 4


  56      121611
  57 0144 500D6BAB 		.ascii	"P\015k\253\331\024\3544\202\375\375\300Y\231\216\245"
  57      D914EC34 
  57      82FDFDC0 
  57      59998EA5 
  58 0154 5DF0977A 		.ascii	"]\360\227z}\275I\300#%\275:\204\345\004\254\252\261"
  58      7DBD49C0 
  58      2325BD3A 
  58      84E504AC 
  58      AAB1
  59 0166 9280A33D 		.ascii	"\222\200\243=p\346@+\036\306\313\204d\224\364*!]\251"
  59      70E6402B 
  59      1EC6CB84 
  59      6494F42A 
  59      215DA9
  60 0179 8F2145E9 		.ascii	"\217!E\351\232\002l\244{\007\242\033\274N\350\311+\275"
  60      9A026CA4 
  60      7B07A21B 
  60      BC4EE8C9 
  60      2BBD
  61 018b 49E97FF7 		.ascii	"I\351\177\367\350~2\300\243_\210r\273\031\375Q\343\242"
  61      E87E32C0 
  61      A35F8872 
  61      BB19FD51 
  61      E3A2
  62 019d 4ADE4116 		.ascii	"J\336A\026:\333q\272+\337_\350-tu\250\355\2744\330W"
  62      3ADB71BA 
  62      2BDF5FE8 
  62      2D7475A8 
  62      EDBC34D8 
  63 01b2 28B6B55F 		.ascii	"(\266\265_>\331=T8\337W\034\012\033\363ie1lk?\025\024"
  63      3ED93D54 
  63      38DF571C 
  63      0A1BF369 
  63      65316C6B 
  64 01c9 C3A0BF67 		.ascii	"\303\240\277g \010/\346\365\354\276\3203p\"O\334;\030"
  64      20082FE6 
  64      F5ECBED0 
  64      3370224F 
  64      DC3B18
  65 01dc FE078082 		.ascii	"\376\007\200\202\333\243"
  65      DBA3
  66              		.text
  67              		.section	.gnu.lto_palWriteBus.a3780a8d,"",%progbits
  68 0000 789C9553 		.ascii	"x\234\225SKh\023Q\024}g\336d2\223\217\272\024\354\242"
  68      4B681351 
  68      147D67DE 
  68      6432938F 
  68      BA14ECA2 
  69 0014 0B2174E3 		.ascii	"\013!t\343P\004\013n\013\356\024A\027.\012\245I\027"
  69      50040B6E 
  69      0BEE1441 
  69      172E0AA5 
  69      4917
  70 0026 0D1423A6 		.ascii	"\015\024#\246\265\313Nb\223J\213\037\220&U\032F\224"
  70      B5CB4E62 
  70      934A8B1F 
ARM GAS  C:\Users\User\AppData\Local\Temp\ccktQ3Ig.s 			page 5


  70      9026551A 
  70      4694
  71 0038 5AA3F6E7 		.ascii	"Z\243\366\347?]H\210\213\202T\245]\350FQl\025\272\020"
  71      3F5D4888 
  71      8B8254A5 
  71      5DE84651 
  71      6C15BA10 
  72 004c 6A117421 		.ascii	"j\021t!\211\367\276i4\212\233>x\367\275\373;\357\336"
  72      89F7BE69 
  72      348A9B3E 
  72      78F7BDFB 
  72      3BEFDE
  73 005f 73677C42 		.ascii	"sg|B\023G\244\020'\204\020{hC\012h\227^\012\22125\200"
  73      1347A410 
  73      2784107B 
  73      68430A68 
  73      975E0A91 
  74 0076 2F8E0931 		.ascii	"/\216\0111\250a\020\027e^\2422\374\271\244\265L9\264"
  74      A8611017 
  74      655EA232 
  74      FCB9A4B5 
  74      4C39B4
  75 0089 CAF96F46 		.ascii	"\312\371oF\326\311\354v)\375\012m^\230B\013E-\017\315"
  75      D6C9EC76 
  75      29FD0A6D 
  75      5E98420B 
  75      452D0FCD 
  76 009d 4DC80BD2 		.ascii	"M\310\013\322\225\200N\352\327\027WWw\260\252\241\231"
  76      95804EEA 
  76      D7175757 
  76      77B0AAA1 
  76      99
  77 00ae D4CC723E 		.ascii	"\324\314r>+\345Q\010\272\277{\377\241hF&\035'\355\224"
  77      2BE55108 
  77      BABF7BFF 
  77      A1684626 
  77      1D27ED94 
  78 00c2 972E4B67 		.ascii	"\227.Kg\257+%nC\022 \212h\302-4\0112\011\334A\204\302"
  78      AF2B256E 
  78      4312208A 
  78      68C22D34 
  78      093209DC 
  79 00d9 0BD5EB8B 		.ascii	"\013\325\353\213Ay\\\245\226\334\211\242\261\225\372"
  79      41795CA5 
  79      96DC89A2 
  79      B195FA
  80 00e8 764CA5EA 		.ascii	"vL\245\352\270\373o\252.0\215\010\307\177\234\257\216"
  80      B8FB6FAA 
  80      2E308D08 
  80      C77F9CAF 
  80      8E
  81 00f9 850DFD46 		.ascii	"\205\015\375F\275\\\314\300\000\235\263+(;\325\3320"
  81      BD5CCCC0 
  81      009DB32B 
  81      283BD5DA 
  81      30
  82 010a 157013B5 		.ascii	"\025p\023\265C;\251ozLR\256O\007'\373\350j\030,\374"
ARM GAS  C:\Users\User\AppData\Local\Temp\ccktQ3Ig.s 			page 6


  82      433BA96F 
  82      7A4C52AE 
  82      4F0727FB 
  82      E86A182C 
  83 011f 2C4C127E 		.ascii	",L\022~\213E\200\325 \213\020\2130\013!F\010\234\211"
  83      8B4580D5 
  83      208B108B 
  83      300B2146 
  83      089C89
  84 0132 1B951A9F 		.ascii	"\033\225\032\237r\035\351\205\365\2471~\256 \231\303"
  84      721DE985 
  84      F5A7317E 
  84      AE2099C3 
  85 0142 5CA6F2CA 		.ascii	"\\\246\362\312\317tH\325\307\367\305\347\347B.\012)"
  85      CF7448D5 
  85      C7F7C5E7 
  85      E7422E0A 
  85      29
  86 0153 E2B4D995 		.ascii	"\342\264\331\225f\201h\232\245\332\3317\271\226\236"
  86      6681689A 
  86      A5DAD937 
  86      B9969E
  87 0162 F1DBD38E 		.ascii	"\361\333\323\216\347\2620\007\027\343\212k\314\303\026"
  87      E7B23007 
  87      17E38A6B 
  87      CCC316
  88 0171 045DCDC2 		.ascii	"\004]\315\302C\366\025\250W~\313\362tc[\320:\356)h&"
  88      43F615A8 
  88      577ECBF2 
  88      74635BD0 
  88      3AEE2968 
  89 0186 04F715F4 		.ascii	"\004\367\025\364\331\237uh\277B7\032\321\315m\241\007"
  89      D99F7568 
  89      BF42371A 
  89      D1CD6DA1 
  89      07
  90 0197 F040A16B 		.ascii	"\360@\241k\214\376\320C\317\325\321-\017mec\251\020"
  90      8CFED043 
  90      CFD5D12D 
  90      0F6D6563 
  90      A910
  91 01a9 6456FCD8 		.ascii	"dV\374\330\205G\004C1\033\365\230\200*\302\372\253\252"
  91      85470443 
  91      311BF598 
  91      802AC2FA 
  91      ABAA
  92 01bb 2035EC55 		.ascii	" 5\354U\365'.\244\314&\333~\324ma\225\036\"[%\247\252"
  92      F5272EA4 
  92      CC26DB7E 
  92      D46D6195 
  92      1E225B25 
  93 01d1 6F1C81F5 		.ascii	"o\034\201\365\277\021\020\204\304\343\255N\336ln>\013"
  93      BF111084 
  93      C4E3AD4E 
  93      DE6C6E3E 
  93      0B
  94 01e2 51274329 		.ascii	"Q'C)v\205\360Du\3023 \347\350\332\247\327\276\337\316"
ARM GAS  C:\Users\User\AppData\Local\Temp\ccktQ3Ig.s 			page 7


  94      7685F044 
  94      75C23320 
  94      E7E8DAA7 
  94      D7BEDFCE 
  95 01f6 304AB0C7 		.ascii	"0J\260\307i\014\324\345\002lzZ|A\372Z\355\274\252D\375"
  95      690CD4E5 
  95      026C7A5A 
  95      7C41FA5A 
  95      EDBCAA44 
  96 020b 2023C430 		.ascii	" #\3040}\024D\304\341\366\203\035\261\236x4\336\321"
  96      7D1444C4 
  96      E1F6831D 
  96      B19E7834 
  96      DED1
  97 021d CEF2585F 		.ascii	"\316\362X_\177w<\321\332vf\177\347@\374dwb \331h\367"
  97      7F773CD1 
  97      DA76667F 
  97      E740FC64 
  97      776220D9 
  98 0233 2213C9D6 		.ascii	"\"\023\311\326\266\003v\"i\367t\365\332\311\3231>;O"
  98      B6037622 
  98      69F774F5 
  98      DAC9D331 
  98      3E3B4F
  99 0246 75F5EE8B 		.ascii	"u\365\356\213\011\031\355O\352\321x_\362\027\374|\034"
  99      0919ED4F 
  99      EAD1785F 
  99      F217FC7C 
  99      1C
 100 0257 10       		.ascii	"\020"
 101              		.text
 102              		.section	.gnu.lto_palSetBusMode.a3780a8d,"",%progbits
 103 0000 789C9592 		.ascii	"x\234\225\222OhSA\020\306\347{\363\222\367b[\317\202"
 103      4F685341 
 103      10C6E77B 
 103      F392F762 
 103      5BCF82
 104 0013 3DE42084 		.ascii	"=\344 \204^|\024\301\202\327\036<\011\202\036z(\224"
 104      5E7C14C1 
 104      82D71E3C 
 104      09821E7A 
 104      2894
 105 0025 36111AA8 		.ascii	"6\021\032\250F|\326\036\263\215&\225\012\255Pj\254\030"
 105      467CD61E 
 105      B38D2695 
 105      0AAD506A 
 105      AC18
 106 0037 9E20A156 		.ascii	"\236 \241V\355?\253B\024!\364\"\370\227\366\252EQ\021"
 106      ED3FAB42 
 106      1421F422 
 106      F897F6AA 
 106      455111
 107 004a 8A162A1E 		.ascii	"\212\026*\036\274huf\243\240\336\272\260\273\263\273"
 107      BC687566 
 107      A3A0DEBA 
 107      B0BBB3BB 
 108 005a F3FD76F6 		.ascii	"\363\375v\366cc\344P\306!\352\"\242\335\322\301\004"
ARM GAS  C:\Users\User\AppData\Local\Temp\ccktQ3Ig.s 			page 8


 108      6363E450 
 108      C621EA22 
 108      A2DDD2C1 
 108      04
 109 006b E7E20BA2 		.ascii	"\347\342\013\242a\337\00140>(\357 \217q.3\226G>\326"
 109      61DF0134 
 109      303E28EF 
 109      208F712E 
 109      3396473E 
 110 0080 9CB66923 		.ascii	"\234\266i#\255^^\365J\246\270+b\242)\351\3320\2156\311"
 110      AD5E5EF5 
 110      4AA6B82B 
 110      62A229E9 
 110      DA308D36 
 111 0095 5A39B770 		.ascii	"Z9\267p\225\3078b\300\225\345\227\347W\336\357\324\245"
 111      95C73862 
 111      C095E597 
 111      E757DEEF 
 111      D4A5
 112 00a7 83A42C8B 		.ascii	"\203\244,\213+\345\022\363a\220\304ko\336\316\370\251"
 112      2BE512F3 
 112      6190C46B 
 112      6FDECEF8 
 112      A9
 113 00b8 AA310553 		.ascii	"\2521\005S\177=\301fO\304\214\233`\001b\006\255\270"
 113      7F3DC166 
 113      4FC48C9B 
 113      60016206 
 113      ADB8
 114 00ca 8156922D 		.ascii	"\201V\222-\302-\244$\375\353Ru\242\211\217Z\351\323"
 114      C22DA424 
 114      FDEB5275 
 114      A2898F5A 
 114      E9D3
 115 00dc B1475DBF 		.ascii	"\261G]\277\225\317&\255\322\305\355\377\225.a\026)M"
 115      95CF26AD 
 115      D2C5EDFF 
 115      952E6116 
 115      294D
 116 00ee 7FB7B835 		.ascii	"\177\267\2705\331\022w\257\377\251\026s\210C\346\371"
 116      D91277AF 
 116      FFA91673 
 116      8843E6F9 
 117 00fe 55D4CDD6 		.ascii	"U\324\315\326\317\021S\377^\305\332\301\204<[\356b\321"
 117      CF1153FF 
 117      5EC5DAC1 
 117      843C5BEE 
 117      62D1
 118 0110 C65C19E2 		.ascii	"\306\\\031\3421\031\274\270F\036,\213FE\256\316\\`G"
 118      3119BCB8 
 118      461E2C8B 
 118      4645AECE 
 118      5C6047
 119 0123 675E47E1 		.ascii	"g^G\341\301\372FZ\201\025V\223.\025\227_z\372^\266\205"
 119      C1FA465A 
 119      81155693 
 119      2E15975F 
ARM GAS  C:\Users\User\AppData\Local\Temp\ccktQ3Ig.s 			page 9


 119      7AFA5EB6 
 120 0138 7E7BFCE4 		.ascii	"~{\374\344|s\204\312\260\230\226\214\330\257\210\017"
 120      7C7384CA 
 120      B098968C 
 120      D8AF880F 
 121 0148 F3529D9E 		.ascii	"\363R\235\236U?\024\346\274`\3264\216\022X@\204\313"
 121      553F14E6 
 121      BC60D634 
 121      8E125840 
 121      84CB
 122 015a D64C2C22 		.ascii	"\326L,\" E'\032`w[\244\035\270cI\372B,\375K\212m\213"
 122      2045271A 
 122      60775BA4 
 122      1DB86349 
 122      FA422CFD 
 123 0172 D484BB96 		.ascii	"\324\204\273\226\344(\351\236%\235\335,\241\201\322"
 123      E428E99E 
 123      259DDD2C 
 123      A181D2
 124 0181 BA04489F 		.ascii	"\272\004H\237PJ\352\216\312k\265\317\257\274\374\017"
 124      504AEA8E 
 124      CA6BB5CF 
 124      AFBCFC0F 
 125 0191 E347DC3C 		.ascii	"\343G\334<\245\005\340>\362$\316\330t/\342\026\332@"
 125      A505E03E 
 125      F224CED8 
 125      742FE216 
 125      DA40
 126 01a3 E1DAC371 		.ascii	"\341\332\303q\313\260\337fT\322\304I\271\342P\347\201"
 126      CBB0DF66 
 126      54D2C449 
 126      B9E250E7 
 126      81
 127 01b4 EE747FB6 		.ascii	"\356t\177\266/\333\335\251\343\221\323\203\231l\256"
 127      2FDBDDA9 
 127      E391D383 
 127      996CAE
 128 01c3 BDE3CCBE 		.ascii	"\275\343\314\276\236\241\354\211Ln(\374{\277\221\231"
 128      9EA1EC89 
 128      4C6E28FC 
 128      7BBF9199 
 129 01d3 0BDB3BF6 		.ascii	"\013\333;\366\007\2710\350\357\035\010\302Si\235{N\366"
 129      07B930E8 
 129      EF1D08C2 
 129      53699D7B 
 129      4EF6
 130 01e5 0EEC4D13 		.ascii	"\016\354M\023\367\015\206\356\361\\\346\330/\222\247"
 130      F70D86EE 
 130      F15CE6D8 
 130      2F92A7
 131 01f4 D982     		.ascii	"\331\202"
 132              		.text
 133              		.section	.gnu.lto_.symbol_nodes.a3780a8d,"",%progbits
 134 0000 789C6365 		.ascii	"x\234ce`b\010d\000\002\2469L\365\014\014\023\31610\000"
 134      60620864 
 134      0002A639 
 134      4CF50C0C 
ARM GAS  C:\Users\User\AppData\Local\Temp\ccktQ3Ig.s 			page 10


 134      13CE3130 
 135 0015 A95D0D8E 		.ascii	"\251]\015\216@\221\271L\365\214\250\"\363\230\352\231"
 135      4091B94C 
 135      F58CA822 
 135      F398EA99 
 136 0025 50441817 		.ascii	"PD\030\0272\3253\203E\030\030\032\032\034\030\030\230"
 136      32D53383 
 136      4518181A 
 136      1A1C1818 
 136      98
 137 0036 99981996 		.ascii	"\231\230\031\226<\374\307\310\000\000A\023\024\024"
 137      3CFCC7C8 
 137      00004113 
 137      1414
 138              		.text
 139              		.section	.gnu.lto_.refs.a3780a8d,"",%progbits
 140 0000 789C6365 		.ascii	"x\234ce`b`d\000\002\000\000I\000\011"
 140      60626064 
 140      00020000 
 140      490009
 141              		.text
 142              		.section	.gnu.lto_.decls.a3780a8d,"",%progbits
 143 0000 789CBD58 		.ascii	"x\234\275X{P\024G\032\237oz\027\226aA\013\274\234U1"
 143      7B501447 
 143      1A9F6F7A 
 143      17966141 
 143      0BBC9C55 
 144 0015 292E4774 		.ascii	").Gt\357\352\"\"WzuI\252\274\250\271\244\316\034\336"
 144      EFEA2222 
 144      577A7549 
 144      AABCA8B9 
 144      A4CE1CDE 
 145 0029 9AC75D15 		.ascii	"\232\307]\025U[\204]#u\310z\354\222T\376\272\341a|#"
 145      555B845D 
 145      2375C87A 
 145      EC9254FE 
 145      BAE1617C 
 146 003e A8210AEA 		.ascii	"\250!\012\352\361\360\205\240\020\343\003\002(\007\370"
 146      F1F085A0 
 146      10E30302 
 146      2807F8
 147 004d 0888A851 		.ascii	"\010\210\250Qy\010B|\033\211\"\022A\214p_w\317\354\214"
 147      7908427C 
 147      1B892212 
 147      418C705F 
 147      77CFEC8C 
 148 0061 EB6EEAAA 		.ascii	"\353n\352\252R\225)zz\372\233_\177\337\357{tO/FA\024"
 148      5295297A 
 148      7AFA9B5F 
 148      7FDFEF7B 
 148      744F2F46 
 149 0077 82C305A1 		.ascii	"\202\303\005\241\206\010\202\014\2020\206\227A\020\204"
 149      8608820C 
 149      82308697 
 149      411084
 150 0086 3D8276D1 		.ascii	"=\202v\321q0\276\033\217m\"\266\347Ax\352\372\245(\010"
 150      7130BE1B 
ARM GAS  C:\Users\User\AppData\Local\Temp\ccktQ3Ig.s 			page 11


 150      8F6D22B6 
 150      E74178EA 
 150      FAA52808 
 151 009a 66ECC3B0 		.ascii	"f\354\303\260M\300V\205\315\204\270A\354\247`\213\305"
 151      4DC05685 
 151      CD84B841 
 151      ECA7608B 
 151      C5
 152 00ab 1688E321 		.ascii	"\026\210\343!\354\007\260\035\3066\252\350\006\224\337"
 152      EC07B01D 
 152      C636AAE8 
 152      0694DF
 153 00ba A64AB017 		.ascii	"\246J\260\027\201u\314\036\355_\362\262\365+\264\023"
 153      8175CC1E 
 153      ED5FF2B2 
 153      F52BB413 
 154 00ca 8AFDBB3A 		.ascii	"\212\375\273:[\324\016\265\347\313\326\250b\257C\261"
 154      5BD40EB5 
 154      E7CBD6A8 
 154      62AF43B1 
 155 00da 6954EC51 		.ascii	"iT\354Q;\324\300\035\354\332\371#\363\217\366\323\275"
 155      3BD4C01D 
 155      ECDAF923 
 155      F38FF6D3 
 155      BD
 156 00eb 6C46FBB1 		.ascii	"lF\373\261\031\356\307\277*\305n\014\216\237\303F\274"
 156      19EEC7BF 
 156      2AC56E0C 
 156      8E9FC346 
 156      BC
 157 00fc 6CA23A4F 		.ascii	"l\242:O\034\251\350e/{\237\0218\270\246\261V\274\004"
 157      1CA9E865 
 157      2F7B9F11 
 157      38B8A6B1 
 157      56BC04
 158 010f 5D805818 		.ascii	"]\200X\030\317\244\000\374\016\254\261\341\230z\001"
 158      CFA400FC 
 158      0EACB1E1 
 158      987A01
 159 011e 30394A45 		.ascii	"09JEAQ\252\212@\235\241\214Ee(**\331\2372\031t\032\371"
 159      4151AA8A 
 159      409DA18C 
 159      4565282A 
 159      2AD99F32 
 160 0136 6B6E49BD 		.ascii	"knI\2758}\376\300\246\251\263A\324\014\000\350'\350"
 160      387DFEC0 
 160      A6A9B341 
 160      D40C00E8 
 160      27E8
 161 0148 1472DACA 		.ascii	"\024r\332\312{\017?As\016T\357\357m:y]\352\201n*-\230"
 161      7B0F3F41 
 161      730E54EF 
 161      EF6D3A79 
 161      5DEA816E 
 162 015f 054CF6CD 		.ascii	"\005L\366\315\331\232\307&\202!\304\347\236\207\273"
 162      D99AC726 
 162      8221C4E7 
ARM GAS  C:\Users\User\AppData\Local\Temp\ccktQ3Ig.s 			page 12


 162      9E87BB
 163 016e 5E9F5A26 		.ascii	"^\237Z&\363\313\364\234\026\2663\231\025\233I\026\201"
 163      F3CBF49C 
 163      16B63399 
 163      159B4916 
 163      81
 164 017f 30090C54 		.ascii	"0\011\014TOK\336\225P\034N\220 \002\207y\325\203MF\376"
 164      4F4BDE95 
 164      501C4E90 
 164      20028779 
 164      D5834D46 
 165 0194 D684C3B1 		.ascii	"\326\204\303\261\035\025+L\344\031\246\261\373DI)\235"
 165      1D152B4C 
 165      E419A6B1 
 165      FB444929 
 165      9D
 166 01a5 3845024A 		.ascii	"8E\002Jv\034\212\312\373\252\036\206p\021E\234];\260"
 166      761C8ACA 
 166      FBAA1E86 
 166      7011459C 
 166      5D3BB0
 167 01b8 2D903C4B 		.ascii	"-\220<K\237\305MMm\365\006\260H;\250\375\272\241\301"
 167      9FC54D4D 
 167      6DF506B0 
 167      483BA8FD 
 167      BAA1C1
 168 01cb 2939CB64 		.ascii	")9\313dY\204/@\202\317\201\300n\230J\275\231\"\341}"
 168      59842F40 
 168      82CF81C0 
 168      6E984ABD 
 168      9922E17D 
 169 01df B92CA7CB 		.ascii	"\271,\247\313\331\031r\320\033\002\224\301$(\205I\002"
 169      D91972D0 
 169      1B0294C1 
 169      24288549 
 169      02
 170 01f0 EC030B55 		.ascii	"\354\003\013UKqP\201\302r\024\242\211\222m9E\001\244"
 170      4B715081 
 170      C27214A2 
 170      89926D39 
 170      4501A4
 171 0203 0C988D63 		.ascii	"\014\230\215c\207/\266\033@\262\370Tp\320\207\002N\346"
 171      872FB61B 
 171      40B2F854 
 171      70D08702 
 171      4EE6
 172 0215 EEDE178E 		.ascii	"\356\336\027\216-\245d\016 \231\375\032\031\344\306"
 172      2DA5640E 
 172      2099FD1A 
 172      19E4C6
 173 0224 4394D9F8 		.ascii	"C\224\331\370 '\204\224\263@\212YG\217?4z\034\271\321"
 173      20278494 
 173      B3408A59 
 173      478F3F34 
 173      7A1CB9D1 
 174 0238 FA4AEB39 		.ascii	"\372J\3539Y\216\200*\234{H\233{\000\374zR\351\333\223"
 174      598E802A 
ARM GAS  C:\Users\User\AppData\Local\Temp\ccktQ3Ig.s 			page 13


 174      9C7B489B 
 174      7B00FC7A 
 174      52E9DB93 
 175 024c F3F70672 		.ascii	"\363\367\006rCI!a\221\313\277\337}+\210\207\335\242"
 175      43492161 
 175      91CBBFDF 
 175      7D2B8887 
 175      DDA2
 176 025e 4B4A184F 		.ascii	"KJ\030O\312p\341\325u\"\331\305\241\313\313\262\032"
 176      CA70E1D5 
 176      7522D9C5 
 176      A1CBCBB2 
 176      1A
 177 026f 88849632 		.ascii	"\210\204\2262\376/\227qF\305\330\206\336\020\262\207"
 177      FE2F9771 
 177      46C5D886 
 177      DE10B287 
 178 027f 4FBF9379 		.ascii	"O\277\223y\2557\230\253\236\210\303=\303=\007\215d\037"
 178      AD3798AB 
 178      9E88C33D 
 178      C33D078D 
 178      641F
 179 0291 7FB76643 		.ascii	"\177\267fC}\275\201\034\342\203\342M9\313\214\244\206"
 179      7DBD811C 
 179      E283E24D 
 179      39CB8CA4 
 179      86
 180 02a2 0F4AD665 		.ascii	"\017J\326eWH\3440\037\234\355?\271%\230\227\314x\034"
 180      5748E430 
 180      1F9CED3F 
 180      B9259897 
 180      CC781C
 181 02b5 1E1D1BAA 		.ascii	"\036\035\033\252\033\3075\2128\334\270\273m$\210\324"
 181      1BC7358A 
 181      38DCB8BB 
 181      6D2488D4 
 182 02c5 71E8F691 		.ascii	"q\350\366\221G\375\264f&\323\232!\272\212\231\314+\346"
 182      47FDB466 
 182      26D39A21 
 182      BA8A99CC 
 182      2BE6
 183 02d7 48F3573B 		.ascii	"H\363W;\314\344\030\003\213\331\205\245\253\202\324"
 183      CCE41803 
 183      8BD985A5 
 183      AB82D4
 184 02e6 74A27B46 		.ascii	"t\242{F\213\000G\321\215c\324\267\223\350\333d\305\267"
 184      8B0047D1 
 184      8D63D4B7 
 184      93E8DB64 
 184      C5B7
 185 02f8 AF5078C2 		.ascii	"\257Px\302\223\316\241\375\317W\311\362xh\306\2144i"
 185      93CEA1FD 
 185      CF57C9F2 
 185      7868C68C 
 185      3469
 186 030a 1999AC24 		.ascii	"\031\231\254$\363p\316\305\353\0229\303M\374\220\221"
 186      F370CEC5 
ARM GAS  C:\Users\User\AppData\Local\Temp\ccktQ3Ig.s 			page 14


 186      EB1239C3 
 186      4DFC9091 
 187 031a 7B57ABCA 		.ascii	"{W\253\312\273{\2477\262Bh\305\251-\332\324f-\231\336"
 187      BB7BA737 
 187      B24268C5 
 187      A92DDAD4 
 187      662D99DE 
 188 032e 344EF9A0 		.ascii	"4N\371\240\201F\322\207\213jL\244\223\0311\334\177\260"
 188      8146D287 
 188      8B6A4CA4 
 188      931931DC 
 188      7FB0
 189 0340 BA5382F0 		.ascii	"\272S\202\360\310HK\0165\223-\313\263D-K\002\234\201"
 189      C8484B0E 
 189      35932DCB 
 189      B3442D4B 
 189      029C81
 190 0353 70AA00CE 		.ascii	"p\252\000\316\241\256\257!\022\316B$[\234E\324 VXd\355"
 190      A1AEAF21 
 190      12CE4224 
 190      5B9C45D4 
 190      20565864 
 191 0368 40AF2CAF 		.ascii	"@\257,\25743Z\307\221\026\235\340a\020EU\034\245\212"
 191      34335AC7 
 191      91169DE0 
 191      61104555 
 191      1CA58A
 192 037b 9409F5AF 		.ascii	"\224\011\365\257n\224\353\322\011C\237\366\211\216\246"
 192      6E94EBD2 
 192      09439FF6 
 192      898EA6
 193 038a 60EEF268 		.ascii	"`\356\362h\215\204\333\001\305\010\212\267|[0\234\273"
 193      8D84DB01 
 193      C5088AB7 
 193      7C5B309C 
 193      BB
 194 039b 74671D40 		.ascii	"tg\035@\344\004Kd\021\003^\250\015Mcj\251\272FT{\001"
 194      E4044B64 
 194      11035EA8 
 194      0D4D636A 
 194      A9BA4654 
 195 03b1 266895A6 		.ascii	"&h\225\246\251]\307\\\314\220g\031\364.R0u\261\015]"
 195      A95DC75C 
 195      CC906719 
 195      F42E5230 
 195      75B10D5D 
 196 03c5 6C4717CF 		.ascii	"lG\027\317+.r\022wj&\246\3112P\224\236\005w\347AM\330"
 196      2B2E7212 
 196      776A26A6 
 196      C9325094 
 196      9E0577E7 
 197 03dc FA0CF9C4 		.ascii	"\372\014\371\3044\266:\033\374\033\306\250\017\3244"
 197      34B63A1B 
 197      FC1BC6A8 
 197      0FD434
 198 03eb 9F142720 		.ascii	"\237\024' \2034\277\014\204'\314\353\2127\214\027of"
 198      8334BF0C 
ARM GAS  C:\Users\User\AppData\Local\Temp\ccktQ3Ig.s 			page 15


 198      8427CCEB 
 198      8A378C17 
 198      6F66
 199 03fd C3F90366 		.ascii	"\303\371\003fr\211W\353\265\346\362t\023\271\314\007"
 199      728957EB 
 199      B5E6F274 
 199      13B9CC07 
 200 040d 5B5BF636 		.ascii	"[[\3666\033\311u>\250.\335{V$}|PV\325\277\012\310 \037"
 200      1BC9753E 
 200      A82EDD7B 
 200      56247D7C 
 200      5056D5BF 
 201 0425 DC5B56EE 		.ascii	"\334[V\356&\217\370s\346\226\354V\221\353\376\035\016"
 201      268FF873 
 201      E696EC56 
 201      91EBFE1D 
 201      0E
 202 0436 73576CEE 		.ascii	"sWl\3565\360u\322KW\306\276\013\273\252M$\315@\261!"
 202      35F075D2 
 202      4B57C6BE 
 202      0BBBAA4D 
 202      24CD40B1 
 203 044b D925D987 		.ascii	"\331%\331\207$\210\304+<\222_\226\"93\003\323\371\312"
 203      2488C42B 
 203      3C925F96 
 203      22393303 
 203      D3F9CA
 204 045e 26B92E13 		.ascii	"&\271.\023\353\026\335\357A\367ob\374\237t\277LI>E\217"
 204      EB16DDEF 
 204      41F76F62 
 204      FC9F74BF 
 204      4C493E45 
 205 0473 BCAAA1AF 		.ascii	"\274\252\241\257x\243\253\301\023-\216\376V\207>\342"
 205      78A3ABC1 
 205      132D8EFE 
 205      56873EE2 
 206 0483 8DAEF146 		.ascii	"\215\256\361F\017\350\320\265\276\321\234\212\247\314"
 206      0FE8D0B5 
 206      BED19C8A 
 206      A7CC
 207 0491 31039711 		.ascii	"1\003\227\021\360\015{wS)\363~\254\201>L\302Ul\267\260"
 207      F00D7B77 
 207      5329F37E 
 207      AC813E4C 
 207      C2556CB7 
 208 04a6 7D87ED36 		.ascii	"}\207\3556\266\273\330\356`\373\026\333ul7\260]\363"
 208      B6BBD8EE 
 208      60FB16DB 
 208      756C37B0 
 208      5DF3
 209 04b8 2C054AA0 		.ascii	",\005J\240I\027\212K\336\004\366x\323\275\254\243\373"
 209      49178A4B 
 209      DE04F678 
 209      D3BDACA3 
 209      FB
 210 04c9 5F6F741D 		.ascii	"_ot\035xG\256S\247\274\313\033\336\351\255|\344e\015"
 210      7847AE53 
ARM GAS  C:\Users\User\AppData\Local\Temp\ccktQ3Ig.s 			page 16


 210      A7BCCB1B 
 210      DEE9AD7C 
 210      E4650D
 211 04dc DDEB332B 		.ascii	"\335\3533+:\360Y\235\352n\337\274=Lp\221]\252\2258\276"
 211      3AF0599D 
 211      EA6EDFBC 
 211      3D4C7091 
 211      5DAA9538 
 212 04f1 036BB6DE 		.ascii	"\003k\266\3367s\235\366\353\352\002\241\352/\372f\316"
 212      37739DF6 
 212      EBEA02A1 
 212      EA2FFA66 
 212      CE
 213 0502 D52BABAD 		.ascii	"\325+\253\255:\214\255\266\233\336k\036\352Z\206\367"
 213      3A8CADB6 
 213      9BDE6B1E 
 213      EA5A86F7 
 214 0512 1BC95256 		.ascii	"\033\311RV\220\342\255\374\233\245\201\020n\361\225"
 214      90E2ADFC 
 214      9BA58110 
 214      6EF195
 215 0521 4CB88F39 		.ascii	"L\270\2179\374)\371\344L\216\035\016\240\233\317\000"
 215      FC29F9E4 
 215      4C8E1D0E 
 215      A09BCF00 
 216 0531 2ABAA7ED 		.ascii	"*\272\247\355\266\224\027\243\263\262\251sm\250y\245"
 216      B69417A3 
 216      B3B2A973 
 216      6DA879A5 
 217 0541 E71BCA80 		.ascii	"\347\033\312\200\332\212\036\004\2632\005\261\207Vl"
 217      DA8A1E04 
 217      B33205B1 
 217      87566C
 218 0550 BC1142D6 		.ascii	"\274\021B\326q\352\347O\335\253\012\005\213\231[9\325"
 218      71EAE74F 
 218      DDAB0A05 
 218      8B995B39 
 218      D5
 219 0561 393E83FA 		.ascii	"9>\203\372;\204\370\357538\035;?\332\341\001:\365\204"
 219      3B84F8EF 
 219      3533381D 
 219      3B3FDAE1 
 219      013AF584 
 220 0575 81473737 		.ascii	"\201G77t\000_\313f\272\301Ww\344\214S\3262}=\270\276"
 220      74005FCB 
 220      66BAC157 
 220      77E48C53 
 220      D6327D3D 
 221 058b B327946C 		.ascii	"\263'\224l1<q2\212}\372d\024\313\277s}\247[\277\006"
 221      313C7132 
 221      8A7DFA64 
 221      14CBBF73 
 221      7DA75BBF 
 222 05a0 B28DD36D 		.ascii	"\262\215\323m\334ze_\200\277c\313\030\022\211U>0?\240"
 222      DC7A655F 
 222      80BF63CB 
 222      18128955 
ARM GAS  C:\Users\User\AppData\Local\Temp\ccktQ3Ig.s 			page 17


 222      3E303FA0 
 223 05b4 F091E73B 		.ascii	"\360\221\347;\327\232\365\353\276Qz\364\030\305\274"
 223      D79AF5EB 
 223      BE517AF4 
 223      18C5BC
 224 05c3 3FD61C8B 		.ascii	"?\326\034\213\345\037:\343\271\332\246\215F\272\243"
 224      E51F3AE3 
 224      B9DAA68D 
 224      46BAA3
 225 05d2 845BF84E 		.ascii	"\204[\370N:TF*\267\237Z-\027\324\003\2333\202s2D\177"
 225      3A54462A 
 225      B79F5A2D 
 225      17D4039B 
 225      33827332 
 226 05e8 4B88CE18 		.ascii	"K\210\316\030\370\015/D\032\272/\275\321Q^\340\313\277"
 226      F80D2F44 
 226      1ABA2FBD 
 226      D1515EE0 
 226      CBBF
 227 05fa E5607A12 		.ascii	"\345`z\022\332\353\023\374\364\356\360\020\337\0173"
 227      DAEB13FC 
 227      F4EEF010 
 227      DF0F33
 228 0609 AB144DAB 		.ascii	"\253\024M\253)S\264@\232\030\011\351\330dQ_-\027Jx\335"
 228      2953B440 
 228      9A1809E9 
 228      D864515F 
 228      2D174A78 
 229 061e 22D2AB6E 		.ascii	"\"\322\253n\037\226\334\037$d\330\310\317gw\206\363"
 229      1F96DC1F 
 229      2464D8C8 
 229      CF677786 
 229      F3
 230 062f 4C600957 		.ascii	"L`\011W\222_\312Jl\031j_*zBDU\370&\002\237\240\375\037"
 230      925FCA4A 
 230      6C196A5F 
 230      2A7A4244 
 230      55F82602 
 231 0647 E382E62E 		.ascii	"\343\202\346.dg\355\012\326\327\3452Q_\227\313E\263"
 231      6467ED0A 
 231      D6D7E532 
 231      515F97CB 
 231      45B3
 232 0659 02FCB2FD 		.ascii	"\002\374\262\375\366U\321 r\031\274o\240\262Ukk\267"
 232      F655D120 
 232      7219BC6F 
 232      A0B2556B 
 232      6BB7
 233 066b 054DCC65 		.ascii	"\005M\314e\307\360\014y\274\310\302\245~\236\005X)N"
 233      C7F00C79 
 233      BCC8C2A5 
 233      7E9E0558 
 233      294E
 234 067d C4FB0AD1 		.ascii	"\304\373\012\321\3005,\357\252<\016/\024\310\005\275"
 234      C0352CEF 
 234      AA3C0E2F 
 234      14C805BD 
ARM GAS  C:\Users\User\AppData\Local\Temp\ccktQ3Ig.s 			page 18


 235 068d 98BE2364 		.ascii	"\230\276#dE\303qL\037\314\2420(\321R\216\217x\337\205"
 235      45C3714C 
 235      1FCCA230 
 235      28D1528E 
 235      8F78DF85 
 236 06a1 DF07D889 		.ascii	"\337\007\330\211;\243\000\253\304\027p\366\316\215\031"
 236      3BA300AB 
 236      C41770F6 
 236      CE8D19
 237 06b0 CDC1E464 		.ascii	"\315\301\344d\000+\271\274\356\256\253\022#C-r2g\272"
 237      002BB9BC 
 237      EEAEAB12 
 237      23432D72 
 237      3267BA
 238 06c3 4F7E65F0 		.ascii	"O~e\360\020\\#2\341\327\325;\353Lz\206\357>\243#\270"
 238      105C2332 
 238      E1D7D53B 
 238      EB4C7A86 
 238      EF3EA323 
 239 06d8 9611CC52 		.ascii	"\226\021\314R\011\236Oo\256\"\012\301\013\371f\254\000"
 239      099E4F6F 
 239      AE220AC1 
 239      0BF966AC 
 239      00
 240 06e9 3C23E109 		.ascii	"<#\341\011\012a\260Z\0138>>I0\233\021||\351\312\200"
 240      0A61B05A 
 240      0B383E3E 
 240      49309B11 
 240      7C7CE9CA 
 241 06fe 48DA39C1 		.ascii	"H\3329\301\335-%?\030\310u6\020\327\324o\3563\373[\023"
 241      DD2D253F 
 241      18C87536 
 241      10D7D46F 
 241      EE33FB5B 
 242 0713 1B447F47 		.ascii	"\033D\177G\371\033\255\323\332\331q|\275(\301:\321\353"
 242      F91BADD3 
 242      DAD9717C 
 242      BD28C13A 
 242      D1EB
 243 0725 384E53B2 		.ascii	"8NS\262v\3730a\036S\004\217B\217<\320G<Q\370\224G\341"
 243      76FB3061 
 243      1E53048F 
 243      428F3CD0 
 243      473C51F8 
 244 073c DADD91CF 		.ascii	"\332\335\221\317\002\375F\3413\026\205\\5\012\225\371"
 244      02FD46E1 
 244      3316855C 
 244      350A95F9 
 245 074c 5D5B03B5 		.ascii	"][\003\2654\335j\270&\313\222\201\242 G#\221\343\035"
 245      34DD6AB8 
 245      26CB9281 
 245      A2204723 
 245      91E31D
 246 075f 848D2C08 		.ascii	"\204\215,\010\337m\317X?\216\334\345A\360\305\357\373"
 246      DF6DCF58 
 246      3F8EDCE5 
 246      41F0C5EF 
ARM GAS  C:\Users\User\AppData\Local\Temp\ccktQ3Ig.s 			page 19


 246      FB
 247 0770 65D74E81 		.ascii	"e\327N\201'sy\234_a\373\225-\241LH\027g>\027\236\312"
 247      2773799C 
 247      5F61FB95 
 247      2DA14C48 
 247      17673E17 
 248 0786 DDDE44FC 		.ascii	"\335\336D\374\222\336\302HoVI\337;\323\267'\000I\367"
 248      92DEC248 
 248      6F5649DF 
 248      3BD3B727 
 248      0049F7
 249 0799 F2B8ADCE 		.ascii	"\362\270\255\3168\266Z.\004\006\203M\032\353M\2245}"
 249      38B65A2E 
 249      0406834D 
 249      1AEB4D94 
 249      357D
 250 07ab D8CAD816 		.ascii	"\330\312\330\026l\315/&di c\333\326\221Y\245l\212\301"
 250      6CCD2F26 
 250      64692063 
 250      DBD69159 
 250      A56C8AC1 
 251 07bf 7413FEE6 		.ascii	"t\023\376\346\323#A|Slg\034[\356\347Jd"
 251      D323417C 
 251      536C671C 
 251      5BEEE74A 
 251      64
 252 07d0 3DC73EEE 		.ascii	"=\307>\356?\375\330\314\261\022u4\275\242\307H\177\266"
 252      3FFDD8CC 
 252      B1127534 
 252      BDA2C748 
 252      7FB6
 253 07e2 C8CA2242 		.ascii	"\310\312\"B\271\266\206\266\211\230/\3344\240X\344?"
 253      B9B686B6 
 253      89982FDC 
 253      34A058E4 
 253      3F
 254 07f3 8E866B47 		.ascii	"\216\206kG\314d3\323d\350-\036\270\035\000\226I\000"
 254      CC6433D3 
 254      64E82D1E 
 254      B81D0096 
 254      4900
 255 0805 12B61DEA 		.ascii	"\022\266\035\352oZ\014-\206l\273B\027\257<\031\325\367"
 255      6F5A0C2D 
 255      866CBB42 
 255      17AF3C19 
 255      D5F7
 256 0817 FF9B8AF9 		.ascii	"\377\233\212\371\341\275\277H&\023\005\210\231\004\323"
 256      E1BDBF48 
 256      26130588 
 256      9904D3
 257 0826 B08A7660 		.ascii	"\260\212v`\025\355bvJ\304I\260\023\015\345\341NA%h\260"
 257      15ED6276 
 257      4AC449B0 
 257      130DE5E1 
 257      4E412568 
 258 083b 23EB4197 		.ascii	"#\353A\227!,[\331!\"\200\351.D\\\201H\371\355\026\303"
 258      212C5BD9 
ARM GAS  C:\Users\User\AppData\Local\Temp\ccktQ3Ig.s 			page 20


 258      212280E9 
 258      2E445C81 
 258      48F9ED16 
 259 0850 5496149D 		.ascii	"T\226\024\235\335R\230\037$)6\226\377\250\015D7t\014"
 259      DD52981F 
 259      24293696 
 259      FFA80D44 
 259      37740C
 260 0863 D684E875 		.ascii	"\326\204\350u\227\376\230\356\341\254\343\265!/\026"
 260      97FE98EE 
 260      E1ACE3B5 
 260      212F16
 261 0872 CBA7EB58 		.ascii	"\313\247\353Xm\255\272\222)\247}\202\333`\231\030\006"
 261      6DADBA92 
 261      29A77D82 
 261      DB609918 
 261      06
 262 0883 4598265C 		.ascii	"E\230&\\\352\272\311\377A\311\333\370\353b\217\370\""
 262      EABAC9FF 
 262      41C9DBF8 
 262      EB628FF8 
 262      22
 263 0894 FDA5F768 		.ascii	"\375\245\367hG\211\231\024\362\004d7\367\374\335o\300"
 263      47899914 
 263      F2046437 
 263      F7FCDD6F 
 263      C0
 264 08a5 CBD58017 		.ascii	"\313\325\200\027p\216i\367\213o\207x\373\257\355\326"
 264      708E69F7 
 264      8B6F8778 
 264      FBAFEDD6 
 265 08b5 158C63B9 		.ascii	"\025\214c\271\312\261\255\340F\243\331\333#\277\350"
 265      CAB1ADE0 
 265      46A3D9DB 
 265      23BFE8
 266 08c4 91CA3179 		.ascii	"\221\3121y\234\342\321\345g\323\012\352\322\"\340s\305"
 266      9CE2D1E5 
 266      67D30AEA 
 266      D222E073 
 266      C5
 267 08d5 1BDC1774 		.ascii	"\033\334\027t\023\367*\336\354c\336\2348^\177\236\350"
 267      13F72ADE 
 267      EC63DE9C 
 267      385E7F9E 
 267      E8
 268 08e6 F75D5AA9 		.ascii	"\367]Z\251\232\013_\360}\227\366tQ\177q\265\002H\271"
 268      9A0B5FF0 
 268      7D97F674 
 268      517F71B5 
 268      0248B9
 269 08f9 527B5D69 		.ascii	"R{]i\243\312A<\224\376\027\343VG\261R\247\375\354\247"
 269      A3CA413C 
 269      94FE17E3 
 269      5647B152 
 269      A7FDECA7 
 270 090d EDB7550D 		.ascii	"\355\267U\015\312?9Bp8\332\330\337\026\3427R\225j\244"
 270      CA3F3942 
ARM GAS  C:\Users\User\AppData\Local\Temp\ccktQ3Ig.s 			page 21


 270      7038DAD8 
 270      DF16E237 
 270      52956AA4 
 271 0921 0EF148AD 		.ascii	"\016\361H\255m\353N\017\362\216\324AL\310\001\226\220"
 271      6DEB4E0F 
 271      F28ED441 
 271      4CC80196 
 271      90
 272 0932 2AE67BA5 		.ascii	"*\346{\245\352{\343\271\314\213\304;R~\321\355C\253"
 272      EA7BE3B9 
 272      CC8BC43B 
 272      527ED1ED 
 272      43AB
 273 0944 47839548 		.ascii	"G\203\225Hu>\317#\365\245\022)\334<t\023\367+\221\252"
 273      753ECF23 
 273      F5A51229 
 273      DC3C7413 
 273      F72B91AA 
 274 0958 165F14A4 		.ascii	"\026_\024\244%\361IVG\274\375\265T\227\351\317\177}"
 274      25F14956 
 274      47BCFDB5 
 274      5497E9CF 
 274      7F7D
 275 096a 27627674 		.ascii	"'bvt\264`X\034\357\372\247d\263\245&&\273c\246\333\334"
 275      B460581C 
 275      EFFAA764 
 275      B3A52626 
 275      BB63A6DB 
 276 097f 9990F0C7 		.ascii	"\231\220\360\307\270\204E\211\357'\362\273\313\235j"
 276      B8844589 
 276      EF27F2BB 
 276      CB9D6A
 277 098e 4F7446CF 		.ascii	"OtF\317\3740\306\366Qb\262\335\371\221K/\217s;\235I"
 277      FC30C6F6 
 277      5162B2DD 
 277      F9914B2F 
 277      8F733B9D 
 278 09a3 AEB80F92 		.ascii	"\256\270\017\222S#\330SD|\312\342\010\307\342\367\035"
 278      5323D853 
 278      447CCAE2 
 278      08C7E2F7 
 278      1D
 279 09b4 76BBC31E 		.ascii	"v\273\303\0367cjL\304\364i\3213\377\025\035\207\362"
 279      37636A4C 
 279      C4F469D1 
 279      33FF151D 
 279      87F2
 280 09c6 97929DC9 		.ascii	"\227\222\235\311\216\227\034\361\250919!)\325\356\210"
 280      8E971CF1 
 280      A8393139 
 280      2129D5EE 
 280      88
 281 09d7 5B1C8FBA 		.ascii	"[\034\217\272\222\035q6\273ca|j\222\333\346\376x\211"
 281      921D7136 
 281      BB63617C 
 281      6A92DBE6 
 281      FE7889
ARM GAS  C:\Users\User\AppData\Local\Temp\ccktQ3Ig.s 			page 22


 282 09ea C3357591 		.ascii	"\3035u\221`R\351|\3743\262q}\354\212\263\271\334v4\215"
 282      6052E97C 
 282      FC33B271 
 282      7DEC8AB3 
 282      B9DC7634 
 283 09ff 14CC89CE 		.ascii	"\024\314\211\316%\316\0247\015\217\315m\237\255\322"
 283      25CE1437 
 283      0D8FCD6D 
 283      9FADD2
 284 0a0e 984DEF0B 		.ascii	"\230M\357\013\236\246\241\223s\244\323\025=sF\224\323"
 284      9EA6A193 
 284      73A4D315 
 284      3D734694 
 284      D3
 285 0a1f 15B5283E 		.ascii	"\025\265(>)\212jrE-x\373\255\230\351Q\363\346\315\211"
 285      298A6A72 
 285      452D78FB 
 285      AD98E951 
 285      F3E6CD89 
 286 0a33 FAF3FC37 		.ascii	"\372\363\3747c?\234N_\3310'\266\244$;Z\014\240\250D"
 286      633F9C4E 
 286      5FD93027 
 286      B6A4243B 
 286      5A0CA0A8 
 287 0a48 BBE14FAF 		.ascii	"\273\341O\257[\337\240\267y\206y\263\377b5\274\266\300"
 287      5BDFA0B7 
 287      798679B3 
 287      FF6235BC 
 287      B6C0
 288 0a5a 6A85F7E0 		.ascii	"j\205\367\340\015cB\222#>EIU\364\014\233\333\244>\020"
 288      0D634292 
 288      233E4549 
 288      55F40C9B 
 288      DBA43E10 
 289 0a6e 97C34D62 		.ascii	"\227\303Mb\347X\311\233s\254\306\371\357\314\237c\015"
 289      E758C99B 
 289      73ACC6F9 
 289      EFCC9F63 
 289      0D
 290 0a7f 8C5D307F 		.ascii	"\214]0\177\356\3349\326\200\330\267\3771\177\256\325"
 290      EEDC39D6 
 290      80D8B7FF 
 290      317FAED5 
 291 0a8f F856EC9C 		.ascii	"\370V\354\234\271V\362\232\325jv\271\027c\\?X\222\350"
 291      B956F29A 
 291      D56A76B9 
 291      17635C3F 
 291      5892E8
 292 0aa2 B4B925EE 		.ascii	"\264\271%\356b\242\335\346\016p.\\\210Z\314T\245ma\274"
 292      62A2DDE6 
 292      0E702E5C 
 292      885ACC54 
 292      A56D61BC 
 293 0ab6 CBFD079B 		.ascii	"\313\375\007\233\333\375s\306^\015\373\337~b\244\025"
 293      DBFD73C6 
 293      5E0DFBDF 
 293      7E62A415 
ARM GAS  C:\Users\User\AppData\Local\Temp\ccktQ3Ig.s 			page 23


 294 0ac6 856A6851 		.ascii	"\205jhQ\243\361\315X,\370\267~\242^WJ\202Gg\202\020"
 294      A3F1CD58 
 294      2CF8B77E 
 294      A25E574A 
 294      82476782 
 295 0adb 8CDD7B29 		.ascii	"\214\335{)\211n\007j\016\301\347\005\0167\265\341\264"
 295      896E076A 
 295      0EC1E705 
 295      0E37B5E1 
 295      B4
 296 0aec 3B4C89CE 		.ascii	";L\211\316\305\330\331\334\277P3k\303\270~\220\342L"
 296      C5D8D9DC 
 296      BF50336B 
 296      C3B87E90 
 296      E24C
 297 0afe 5D42E521 		.ascii	"]B\345!6\333\302\324\344\004\233m\352\314\0311\321&"
 297      36DBC2D4 
 297      E4049B6D 
 297      EACC1931 
 297      D126
 298 0b10 75644858 		.ascii	"udHX\024\237\362\304\273\031\372\321\357\243\377\007"
 298      149FF2C4 
 298      BB19FAD1 
 298      EFA3FF07 
 299 0b20 6E43A7B9 		.ascii	"nC\247\271"
 300              		.text
 301              		.section	.gnu.lto_.symtab.a3780a8d,"",%progbits
 302 0000 70616C52 		.ascii	"palReadBus\000"
 302      65616442 
 302      757300
 303 000b 00       		.ascii	"\000"
 304 000c 00       		.ascii	"\000"
 305 000d 00       		.ascii	"\000"
 306 000e 00000000 		.ascii	"\000\000\000\000\000\000\000\000"
 306      00000000 
 307 0016 0B010000 		.ascii	"\013\001\000\000"
 308 001a 70616C57 		.ascii	"palWriteBus\000"
 308      72697465 
 308      42757300 
 309 0026 00       		.ascii	"\000"
 310 0027 00       		.ascii	"\000"
 311 0028 00       		.ascii	"\000"
 312 0029 00000000 		.ascii	"\000\000\000\000\000\000\000\000"
 312      00000000 
 313 0031 10010000 		.ascii	"\020\001\000\000"
 314 0035 70616C53 		.ascii	"palSetBusMode\000"
 314      65744275 
 314      734D6F64 
 314      6500
 315 0043 00       		.ascii	"\000"
 316 0044 00       		.ascii	"\000"
 317 0045 00       		.ascii	"\000"
 318 0046 00000000 		.ascii	"\000\000\000\000\000\000\000\000"
 318      00000000 
 319 004e 18010000 		.ascii	"\030\001\000\000"
 320 0052 5F70616C 		.ascii	"_pal_lld_setgroupmode\000"
 320      5F6C6C64 
ARM GAS  C:\Users\User\AppData\Local\Temp\ccktQ3Ig.s 			page 24


 320      5F736574 
 320      67726F75 
 320      706D6F64 
 321 0068 00       		.ascii	"\000"
 322 0069 02       		.ascii	"\002"
 323 006a 00       		.ascii	"\000"
 324 006b 00000000 		.ascii	"\000\000\000\000\000\000\000\000"
 324      00000000 
 325 0073 1E010000 		.ascii	"\036\001\000\000"
 326              		.text
 327              		.section	.gnu.lto_.opts,"",%progbits
 328 0000 272D666D 		.ascii	"'-fmath-errno' '-fsigned-zeros' '-ftrapping-math' '"
 328      6174682D 
 328      6572726E 
 328      6F272027 
 328      2D667369 
 329 0033 2D666E6F 		.ascii	"-fno-trapv' '-fno-openmp' '-fno-openacc' '-mcpu=cor"
 329      2D747261 
 329      70762720 
 329      272D666E 
 329      6F2D6F70 
 330 0066 7465782D 		.ascii	"tex-m7' '-mno-thumb-interwork' '-mthumb' '-ggdb' '-"
 330      6D372720 
 330      272D6D6E 
 330      6F2D7468 
 330      756D622D 
 331 0099 4F322720 		.ascii	"O2' '-fomit-frame-pointer' '-falign-functions=16' '"
 331      272D666F 
 331      6D69742D 
 331      6672616D 
 331      652D706F 
 332 00cc 2D666675 		.ascii	"-ffunction-sections' '-fdata-sections' '-fno-common"
 332      6E637469 
 332      6F6E2D73 
 332      65637469 
 332      6F6E7327 
 333 00ff 2720272D 		.ascii	"' '-flto'\000"
 333      666C746F 
 333      2700
 334              		.text
 335              		.comm	__gnu_lto_v1,1,1
 336              		.comm	__gnu_lto_slim,1,1
 337              		.ident	"GCC: (GNU Tools for ARM Embedded Processors 6-2017-q1-update) 6.3.1 20170215 (release) [AR
ARM GAS  C:\Users\User\AppData\Local\Temp\ccktQ3Ig.s 			page 25


DEFINED SYMBOLS
                            *ABS*:00000000 hal_pal.c
                            *COM*:00000001 __gnu_lto_v1
                            *COM*:00000001 __gnu_lto_slim

NO UNDEFINED SYMBOLS
