ARM GAS  C:\Users\User\AppData\Local\Temp\ccfBElwn.s 			page 1


   1              		.cpu cortex-m7
   2              		.eabi_attribute 20, 1
   3              		.eabi_attribute 21, 1
   4              		.eabi_attribute 23, 3
   5              		.eabi_attribute 24, 1
   6              		.eabi_attribute 25, 1
   7              		.eabi_attribute 26, 1
   8              		.eabi_attribute 30, 2
   9              		.eabi_attribute 34, 1
  10              		.eabi_attribute 18, 4
  11              		.file	"main.c"
  12              		.text
  13              	.Ltext0:
  14              		.section	.gnu.lto_.profile.ebb96303,"",%progbits
  15 0000 789C6365 		.ascii	"x\234ce`b`e```d\230\302\250\001\000\002|\000\313"
  15      60626065 
  15      60606064 
  15      98C2A801 
  15      00027C00 
  16              		.text
  17              		.section	.gnu.lto_.icf.ebb96303,"",%progbits
  18 0000 789C6365 		.ascii	"x\234ce`b\340c@\000&\206\331_\017nbf\232\333\372\373"
  18      6062E063 
  18      40002686 
  18      D95F0F6E 
  18      62669ADB 
  19 0016 22070300 		.ascii	"\"\007\003\000.\347\006\026"
  19      2EE70616 
  20              		.text
  21              		.section	.gnu.lto_.jmpfuncs.ebb96303,"",%progbits
  22 0000 789C7DD1 		.ascii	"x\234}\321\273n\3020\024\006\340\363\333!IY*v\336\025"
  22      BB6EC230 
  22      1406E0F3 
  22      DB214959 
  22      2A76DE15 
  23 0014 AB436140 		.ascii	"\253Ca@\225:QUB\031\030\2704PR.\005\211\011P\253\322"
  23      953A5155 
  23      421918B8 
  23      3450522E 
  23      05890950 
  24 002a 8A898D1D 		.ascii	"\212\211\215\0351\364\011@H\370\304\346\"5\215%/\347"
  24      31F40940 
  24      48F8C4E6 
  24      22358D25 
  24      2FE7
  25 003c F7E79C13 		.ascii	"\367\347\234\023gHPN\320yAo\201\212D\365\351\361p\363"
  25      6748504E 
  25      D079416F 
  25      818A44F5 
  25      E9F170F3 
  26 0050 200349D8 		.ascii	" \003I\330z\250#O\344r}<\376]{\205\203\362\003\211\232"
  26      7AA8234F 
  26      E4727D3C 
  26      FE5D7B85 
  26      83F20389 
  27 0065 64D14081 		.ascii	"d\321@\201\340\020\207\203\342O\224e$\0004\331P\"\323"
  27      E0108783 
ARM GAS  C:\Users\User\AppData\Local\Temp\ccfBElwn.s 			page 2


  27      E24F9465 
  27      240034D9 
  27      5022D3
  28 0078 5F41CBB2 		.ascii	"_A\313\262\264s\2721\274\\\256\237\004\345\246\275^"
  28      B473BA31 
  28      BC5CAE9F 
  28      04E5A6BD 
  28      5E
  29 0089 20B4CC49 		.ascii	" \264\314I\356\252}aW\241\254I\235\242c\302\004\312"
  29      EEAA7D61 
  29      57A1AC49 
  29      9DA263C2 
  29      04CA
  30 009b 9DBDA6D1 		.ascii	"\235\275\246\321\356\277\224\233\215\322\350\233\011"
  30      EEBF949B 
  30      8DD2E89B 
  30      09
  31 00a8 E3399FA7 		.ascii	"\3439\237\247\373Y\374{\035\250RI9\350\351q\340\307"
  31      FB59FC7B 
  31      1DA85249 
  31      39E8E971 
  31      E0C7
  32 00ba 72BD18AD 		.ascii	"r\275\030\255<\3162P\012\350\363\240\\_\256v\337\267"
  32      3CCE3250 
  32      0AE8F3A0 
  32      5C5FAE76 
  32      DFB7
  33 00cc 5C777107 		.ascii	"\\wq\007\014\314\223\\\303\341\346\353#k!0<\271N\024"
  33      0CCC935C 
  33      C3E1E6EB 
  33      236B2130 
  33      3CB94E14 
  34 00e0 565DEB04 		.ascii	"V]\353\004\336\377\272\376\374\363\3367\016\030\305"
  34      DEFFBAFE 
  34      FCF3DE37 
  34      0E18C5
  35 00ef CC1CD3EB 		.ascii	"\314\034\323\353\010\322\375\206\371"
  35      08D2FD86 
  35      F9
  36              		.text
  37              		.section	.gnu.lto_.inline.ebb96303,"",%progbits
  38 0000 789C6365 		.ascii	"x\234ce`b\310c@\000F\006\006\255\311Z\214\014Ll\007"
  38      6062C863 
  38      40004606 
  38      06ADC95A 
  38      8C0C4C6C 
  39 0015 CEAB30B0 		.ascii	"\316\2530\260\000e\201\200\211\233\021(\301\302\313"
  39      00658180 
  39      899B1128 
  39      C1C2CB
  40 0024 C8C0CCC0 		.ascii	"\310\300\314\3000\301\017\223\301\314\303\000R\211J"
  40      30C10F93 
  40      C1CCC300 
  40      52894A
  41 0033 B1F03280 		.ascii	"\261\3602\200d1hF.\030\301\000\000\033\323\006\215"
  41      64316846 
  41      2E18C100 
ARM GAS  C:\Users\User\AppData\Local\Temp\ccfBElwn.s 			page 3


  41      001BD306 
  41      8D
  42              		.text
  43              		.section	.gnu.lto_.pureconst.ebb96303,"",%progbits
  44 0000 789C6365 		.ascii	"x\234ce`b`f```d0\001\000\000\240\000@"
  44      60626066 
  44      60606064 
  44      30010000 
  44      A00040
  45              		.text
  46              		.section	.gnu.lto_main.ebb96303,"",%progbits
  47 0000 789C8D55 		.ascii	"x\234\215UYO\023Q\024\276\337=3m\255-.\340\223}\350"
  47      594F1351 
  47      14BEDF3D 
  47      336DAD2D 
  47      2EE0937D 
  48 0015 8B21F0E0 		.ascii	"\213!\360\340\317\360\037\370l\014\372`\242>\351\203"
  48      CFF01FF8 
  48      6C0CFA60 
  48      A23EE983 
  49 0025 4F1D91A5 		.ascii	"O\035\221\245\212\212&\"\016\261\231&\304(\262h\225"
  49      8A8A2622 
  49      0EB19926 
  49      C428B268 
  49      95
  50 0036 D5B50282 		.ascii	"\325\265\002\202\"\240\" \202[\024\214[L4\032\003\004"
  50      22A02220 
  50      825B148C 
  50      5B4C341A 
  50      0304
  51 0048 F5DC993A 		.ascii	"\365\334\231:lu\244\311\334\316\2349\347[\356rF\027"
  51      6C75A4C9 
  51      DCCE9C39 
  51      E75BEE72 
  51      4617
  52 005a 526CF50B 		.ascii	"Rl\365\013\221'\204\330\302\027|\002\362\304\240\020"
  52      912784D8 
  52      C2177C02 
  52      F2C4A010 
  53 006a 070312E4 		.ascii	"\007\003\022\344\334\220\324\342\371\302\010\352j\014"
  53      DC90D4E2 
  53      F9C208EA 
  53      6A0C
  54 0078 69D09DB0 		.ascii	"i\320\235\260\356\274\277\023\200\210I\322t\360(\234"
  54      EEBCBF13 
  54      808849D2 
  54      74F0289C 
  55 0088 5F255513 		.ascii	"_%U\023\036\227\\>K\307\311\"\001\215\037\277\016\324"
  55      1E975C3E 
  55      4BC7C922 
  55      018D1FBF 
  55      0ED4
  56 009a BCCD518F 		.ascii	"\274\315Q\217@\224\037GN5\325\207\012\316\033\374KW"
  56      40941F47 
  56      4E35D587 
  56      0ACE1BFC 
  56      4B57
ARM GAS  C:\Users\User\AppData\Local\Temp\ccfBElwn.s 			page 4


  57 00ac 8FE59917 		.ascii	"\217\345\231\027\322\232ER\230\234}\001\021\234GD\251"
  57      D29A4552 
  57      989C7D01 
  57      119C4744 
  57      A9
  58 00bd A94381E0 		.ascii	"\251C\201\340\344\241\206\243\345:\005\241\356-\363"
  58      E4A186A3 
  58      E53A05A1 
  58      EE2DF3
  59 00cc FD61DA54 		.ascii	"\375a\332Tk\027\366T\221i\244K\242\\\211\213\240\305"
  59      6B17F654 
  59      9169A44B 
  59      A25C898B 
  59      A0C5
  60 00de C54265BF 		.ascii	"\305Be\277I\375\252\012\3734\324c\223\302f\310\006\370"
  60      49FDAA0A 
  60      FB34D463 
  60      93C266C8 
  60      06F8
  61 00f0 C07F2A72 		.ascii	"\300\177*ri\010i\343\327\357r#\375e\375\305\215\271"
  61      690869E3 
  61      D7EF7223 
  61      FD65FDC5 
  61      8DB9
  62 0102 102A28ED 		.ascii	"\020*(\3551l\2179\302\".:\302\027D\005\313\003}\302"
  62      316C8F39 
  62      C2222E3A 
  62      C2174405 
  62      CB037DC2 
  63 0116 A1E4CF02 		.ascii	"\241\344\317\002\205\242\340;:>O\370csF\300\"\315$\205"
  63      85A2E03B 
  63      3A3E4FF8 
  63      637346C0 
  63      22CD2485 
  64 012a DB881817 		.ascii	"\333\210\030\027\351B\345M#{\236\344\274&7\257,yNf\311"
  64      E942E54D 
  64      237B9EE4 
  64      BC2637AF 
  64      2C794E66 
  65 013f F3998A1A 		.ascii	"\363\231\212\032\2278\217_\324t\316v\255R\263\347\207"
  65      97388F5F 
  65      D474CE76 
  65      AD52B3E7 
  65      87
  66 0150 118F1B1A 		.ascii	"\021\217\033\032.#\302\341\346\356\336\262\200\012\363"
  66      2E23C2E1 
  66      E6EEDEB2 
  66      800AF3
  67 015f AC226587 		.ascii	"\254\"e\207\232R\015\011\237\012\005P,q\005\021\213"
  67      9A520D09 
  67      9F0A0550 
  67      2C710511 
  67      8B
  68 0170 56D92C75 		.ascii	"V\331,u\036,W\231%\003\331\372\356~O\320\2014\200f\236"
  68      1E2C5799 
  68      2503D9FA 
  68      EE7E4FD0 
ARM GAS  C:\Users\User\AppData\Local\Temp\ccfBElwn.s 			page 5


  68      81348066 
  69 0185 CE05188D 		.ascii	"\316\005\030\215\036\030-\363\030\023}\355\303\376\014"
  69      1E182DF3 
  69      18137DED 
  69      C3FE0C
  70 0194 0683B4DA 		.ascii	"\006\203\264\332\301\301\341\231\007k2\302\200\266\277"
  70      C1C1E199 
  70      076B32C2 
  70      80B6BF
  71 01a3 A0A5C954 		.ascii	"\240\245\311T6\320\240I\032\203\266;\366O\227v>\264"
  71      36D0A049 
  71      1A83B63B 
  71      F64F9776 
  71      3EB4
  72 01b5 01576349 		.ascii	"\001WcI\336\352ZrV\372c\377Hw\320B\002\026\205p\015"
  72      DEEA5A72 
  72      56FA63FF 
  72      4877D042 
  72      02168570 
  73 01ca 3174A85D 		.ascii	"1t\250]\300/\2223\323#!N\216\033FT\001\\\207\345\254"
  73      C02F9233 
  73      D323214E 
  73      8E1B4654 
  73      015C87E5 
  74 01df 0B6E20B6 		.ascii	"\013n \266\020;\274\024;\\\253\226t1v\016n1\366\315"
  74      103BBC14 
  74      3B5CAB96 
  74      7431760E 
  74      6E31F6CD 
  75 01f3 E5D8C95B 		.ascii	"\345\330\311[P\020\267]\3644b\026\255\261\035\266\025"
  75      5010B75D 
  75      F4346216 
  75      ADB11DB6 
  75      15
  76 0204 FEDBE11D 		.ascii	"\376\333\341\035\307\341bKr\271\245N\017K].i\267m\351"
  76      C7E1624B 
  76      72B9A54E 
  76      0F4B5D2E 
  76      69B76DE9 
  77 0218 BF1EEE7A 		.ascii	"\277\036\356zz\350q\341z\347=\\\367\360p/\233\007Z\356"
  77      7AE871E1 
  77      7AE73D5C 
  77      F7F0702F 
  77      9B075AEE 
  78 022c E1BE8787 		.ascii	"\341\276\207\207>\227\364\301\312<\364{z\030p\341\006"
  78      3E97F4C1 
  78      CA3CF47B 
  78      7A1870E1 
  78      06
  79 023d 1D0F5328 		.ascii	"\035\017S(N\276\355\263c\352h\243P\365\210\012V\311"
  79      4EBEEDB3 
  79      63EA68A3 
  79      50F5880A 
  79      56C9
  80 024f 4D8CA6E0 		.ascii	"M\214\246\340\034\373\004\023}\300\241\323e7\353\203"
  80      1CFB0413 
  80      7DC0A1D3 
ARM GAS  C:\Users\User\AppData\Local\Temp\ccfBElwn.s 			page 6


  80      6537EB83 
  81 025f 2A334161 		.ascii	"*3Aa\0161A\325\\U\245\335\314$\276\023\0362-\343E\377"
  81      0E3141D5 
  81      5C55A5DD 
  81      CC24BE13 
  81      1E322DE3 
  82 0275 82719A98 		.ascii	"\202q\232\230D\311X\327\273R\312\224qMi[\305$\234\232"
  82      44C958D7 
  82      BB52CA94 
  82      714D695B 
  82      C5249C9A 
  83 0289 CA418147 		.ascii	"\312A\201GNW\372\301'\2650\"kFC\011\222\272\222\240"
  83      4E57FAC1 
  83      27B53022 
  83      6B464309 
  83      92BA92A0 
  84 029d 89783E29 		.ascii	"\211x>)y\263Cr\251<}\211<\311\362\212\277\225\037\033"
  84      79B34372 
  84      A93C7D89 
  84      3CC9F28A 
  84      BF951F1B 
  85 02b1 80C393A3 		.ascii	"\200\303\223\243B|2\243Y\026g\255\311\345\002\217\263"
  85      427C32A3 
  85      591667AD 
  85      C9E5028F 
  85      B3
  86 02c2 2D4E9633 		.ascii	"-N\22633\344\2618O\334\331\034\266\027\347\206u\264"
  86      33E4B138 
  86      4FDCD91C 
  86      B617E786 
  86      75B4
  87 02d4 CE6E12EB 		.ascii	"\316n\022\353 1\202\010\013\261h\275\323\314\350\337"
  87      20318208 
  87      0BB168BD 
  87      D3CCE8DF 
  88 02e4 524657B8 		.ascii	"RFW\270\327\237zH\031s\245<\263\245\264\224\367\247"
  88      D79F7A48 
  88      1973A53C 
  88      B3A5B494 
  88      F7A7
  89 02f6 325280F1 		.ascii	"2R\200\361ER\352<\244L\254p\313>\367\220\362\302\225"
  89      4552EA3C 
  89      A44CAC70 
  89      CB3EF790 
  89      F2C295
  90 0309 F292B316 		.ascii	"\362\222\263\026r\227$\033\263q\347\232\344c\356W\016"
  90      7297241B 
  90      B371E79A 
  90      E463EE57 
  90      0E
  91 031a 77E2CCC9 		.ascii	"w\342\314\3119\273\247\347\341\275\037\257UC\334\240"
  91      39BBA7E7 
  91      E1BD1FAF 
  91      5543DCA0 
  92 032a F687E4ED 		.ascii	"\366\207\344\355C3\243y\274\007\264\361\352\015\374"
  92      4333A379 
  92      BC07B4F1 
ARM GAS  C:\Users\User\AppData\Local\Temp\ccfBElwn.s 			page 7


  92      EA0DFC
  93 0339 F981FD39 		.ascii	"\371\201\3759\363\357\331\276k\357\346\"\021\334\261"
  93      F3EFD9BE 
  93      6BEFE622 
  93      11DCB1
  94 0348 7FDF816D 		.ascii	"\177\337\201mE\007\212v\357\374\003\026lfj"
  94      45078A76 
  94      EFFC0316 
  94      6C666A
  95              		.text
  96              		.section	.gnu.lto_pwmLEDconf.ebb96303,"",%progbits
  97 0000 789C6365 		.ascii	"x\234ce`bHfd`\000\"0\230\316\314\270\376\315\316\237"
  97      60624866 
  97      64600022 
  97      3098CECC 
  97      B8FECDCE 
  98 0015 BC7DCCF3 		.ascii	"\274}\314\363\231\201\202@\356\264\326C\347\331A\\F"
  98      99818240 
  98      EEB4D643 
  98      E7D9415C 
  98      46
  99 0026 30F7D19D 		.ascii	"0\367\321\235\003\263\230-\2665t,hP\230\317\3144\003"
  99      03B3982D 
  99      B635742C 
  99      685098CF 
  99      CC3403
 100 0039 A86A39A3 		.ascii	"\250j9\243\314\014\240\354\012F\031\220\202C\2376,\347"
 100      CC0CA0EC 
 100      0A461990 
 100      82439F36 
 100      2CE7
 101 004b 01A96766 		.ascii	"\001\251gfd\006r\267\0349\336\306\0011\215\021\310\235"
 101      640672B7 
 101      1C39DEC6 
 101      01318D11 
 101      C89D
 102 005d D9FFF93D 		.ascii	"\331\377\371=/\252\366\325(\332\217\376\377~\200\037"
 102      2FAAF6D5 
 102      28DA8FFE 
 102      FF7E801F 
 103 006d A29D8918 		.ascii	"\242\235\211\030\365\004\335\263\267cz'\027D\201\303"
 103      F504DDB3 
 103      B7637A27 
 103      174481C3 
 104 007d 7C661646 		.ascii	"|f\026FC\031\306\365\214\026\214F2\214\353\200\324Z"
 104      4319C6F5 
 104      8C168C46 
 104      328CEB80 
 104      D45A
 105 008f 4619C635 		.ascii	"F\031\3065@z\025\220^\311h\001\322pa\335\312\331|\020"
 105      407A1590 
 105      5EC96801 
 105      D27061DD 
 105      CAD97C10 
 106 00a3 174F3807 		.ascii	"\027O8\007\022\270\263b\316!V\210\300\202Cr@\201\333"
 106      12B8B362 
 106      CE215688 
ARM GAS  C:\Users\User\AppData\Local\Temp\ccfBElwn.s 			page 8


 106      C0824372 
 106      4081DB
 107 00b6 73F64E62 		.ascii	"s\366Nb\207\030\2310\237\231u\0063\023\343&\220\235"
 107      87189930 
 107      9F997506 
 107      3313E326 
 107      909D
 108 00c8 CC8C1B41 		.ascii	"\314\214\033A\024\013\310\352\031\314\254\214\033\030"
 108      140BC8EA 
 108      19CCAC8C 
 108      1B18
 109 00d6 2D6630B3 		.ascii	"-f0\263A\334\303\016\242\030\0307\003\355\000\000\272"
 109      41DCC30E 
 109      A2181837 
 109      03ED0000 
 109      BA
 110 00e7 976C53   		.ascii	"\227lS"
 111              		.text
 112              		.section	.gnu.lto_.symbol_nodes.ebb96303,"",%progbits
 113 0000 789C55CB 		.ascii	"x\234U\313\273\015\3020\024\205\341\343c\034\036K\200"
 113      BB0DC230 
 113      1485E1E3 
 113      631C1E4B 
 113      80
 114 0011 98849598 		.ascii	"\230\204\225\230\340\006\311\242\200\206\001x\205\030"
 114      E006C9A2 
 114      80860178 
 114      8518
 115 001f 86489D9A 		.ascii	"\206H\235\232\031@r\311\014\010\333q\201\253\357\350"
 115      194072C9 
 115      0C08DB71 
 115      81ABEFE8 
 116 002f BFBA0604 		.ascii	"\277\272\006\004\024\000\236(\300\341\011\004\272\272"
 116      14009E28 
 116      C0E10904 
 116      BABA
 117 003d 09CDDCC8 		.ascii	"\011\315\334\310E8\231#\365f\031GK\225\202#\242\352"
 117      45389923 
 117      F5661947 
 117      4B958223 
 117      A2EA
 118 004f 4151E907 		.ascii	"AQ\351\007\250\353U\010w\012\213\320Pt\021\256\224Q"
 118      A8EB5508 
 118      770A8BD0 
 118      507411AE 
 118      9451
 119 0061 112E1453 		.ascii	"\021.\024S\2043\245\372\017\0323\270\327WiL\321''\360"
 119      8433A5FA 
 119      0F1A33B8 
 119      D757694C 
 119      D12727F0 
 120 0075 59FB1E74 		.ascii	"Y\373\036t\3111\372\254\317\332\355g\256Q\301\357|\267"
 120      C931FAAC 
 120      CFDAED67 
 120      AE51C1EF 
 120      7CB7
 121 0087 8EC3EEF3 		.ascii	"\216\303\356\363p\3030\350\343\300\017\341iA*"
ARM GAS  C:\Users\User\AppData\Local\Temp\ccfBElwn.s 			page 9


 121      70C330E8 
 121      E3C00FE1 
 121      69412A
 122              		.text
 123              		.section	.gnu.lto_.refs.ebb96303,"",%progbits
 124 0000 789C05C1 		.ascii	"x\234\005\301\311\001\000 \010\004\261e@\216\267\372"
 124      C9010020 
 124      0804B165 
 124      408EB7FA 
 125 0010 B5FF324D 		.ascii	"\265\3772M\226\320\2234\302\022\022/(\242\241\261\215"
 125      96D09334 
 125      C212122F 
 125      28A2A1B1 
 125      8D
 126 0021 1FE2EA03 		.ascii	"\037\342\352\003\014\226\000\275"
 126      0C9600BD 
 127              		.text
 128              		.section	.gnu.lto_.decls.ebb96303,"",%progbits
 129 0000 789CBD59 		.ascii	"x\234\275YyP\024Y\232\257\227/\013\212\262@\027\335"
 129      79501459 
 129      9AAF972F 
 129      0B8AB240 
 129      17DD
 130 0012 0E6382D8 		.ascii	"\016c\202\3305:\030%vwT\260\267\273c{f\267\273\301\351"
 130      353A1825 
 130      767754B0 
 130      B7BB637B 
 130      66B7BBC1 
 131 0027 76C7832D 		.ascii	"v\307\203-\354\235\235Xw\011\204\352\206m\016\007\312"
 131      EC9D9D58 
 131      770984EA 
 131      866D0E07 
 131      CA
 132 0038 EEF1AF2D 		.ascii	"\356\361\257-\016\345\020\005T\220S\361\0009D@.\271"
 132      0EE51005 
 132      549053F1 
 132      00394440 
 132      2EB9
 133 004a 2F414E0F 		.ascii	"/AN\017\024\004T@\024<9\304V\021l\331\357\275\227U\231"
 133      14045440 
 133      143C39C4 
 133      56116CD9 
 133      EFBD9755 
 134 005f 5554F5CC 		.ascii	"UT\365\314D\367l\005_f~\231\277\367}\277\367\275\367"
 134      44F76C05 
 134      5F667E99 
 134      BFF77DBF 
 134      F7BDF7
 135 0072 BE975F22 		.ascii	"\276\227_\"\227q2\336Q&\373\310J&\363E2\331\002\374"
 135      977132DE 
 135      5126FBC8 
 135      4A26F345 
 135      32D902FC 
 136 0086 B04C262B 		.ascii	"\260L&+\000\261\006Y\015\362\317p\277\036\316\333\341"
 136      00B10659 
 136      0DF2CF70 
 136      BF1ECEDB 
ARM GAS  C:\Users\User\AppData\Local\Temp\ccfBElwn.s 			page 10


 136      E1
 137 0097 1C09B206 		.ascii	"\034\011\262\006\256\243\341,\0230qp\235\004\222\016"
 137      AEA3E12C 
 137      13307170 
 137      9D04920E 
 138 00a7 7202A400 		.ascii	"r\002\244\000\244\010\344<\010\017\317K\341\\\016r\001"
 138      A408E43C 
 138      080FCF4B 
 138      E15C0E72 
 138      01
 139 00b8 A44A68A7 		.ascii	"\244Jh\247\377\375-8{\007\316\366 +@\334e\314~5\340"
 139      FFFD2D38 
 139      7B07CEF6 
 139      202B40DC 
 139      65CC7E35 
 140 00cd 0A416A04 		.ascii	"\012Aj\004\237\304\337Y\220Z\304\370\374\013b|\266\200"
 140      9FC4DF59 
 140      905AC4F8 
 140      FC0B627C 
 140      B680
 141 00df 6482D409 		.ascii	"d\202\324\011\034\323\310\0311\336\211&\034\317\013"
 141      1CD3C819 
 141      31DE8926 
 141      1CCF0B
 142 00ee BC0A049E 		.ascii	"\274\012\004\236\351\002o\302Q\317\215\360,5\341\270"
 142      E9026FC2 
 142      51CF8DF0 
 142      2C35E1B8 
 143 00fe 1B385A09 		.ascii	"\0338Z\011\274>\202g\377\210\030\327\367\004\377\012"
 143      BC3E8267 
 143      FF8818D7 
 143      F704FF0A 
 144 010e B8FE10CE 		.ascii	"\270\376\020\316\357\203\374\006\344_A6\201l\000q\001"
 144      EF83FC06 
 144      E45F4136 
 144      816C0071 
 144      01
 145 011f 7136B1A7 		.ascii	"q6\261\247\377\035\305\350ZDQ:>\210\221\275\022\361"
 145      FF1DC5E8 
 145      5A44513A 
 145      3E8891BD 
 145      12F1
 146 0131 A03EEB4E 		.ascii	"\240>\353N\275g\007\352\012%Z\005\352d\304\330\310\022"
 146      BD6707EA 
 146      0A255A05 
 146      EA64C4D8 
 146      C812
 147 0143 F67425A8 		.ascii	"\366t%\250=\323]\031\202\272\014\324\216\224\327\267"
 147      3DD35D19 
 147      82BA0CD4 
 147      8E94D7B7 
 148 0153 EC308788 		.ascii	"\3540\207\210\235;m\271\371\304\316\032%\"#\270\024"
 148      9D3B6DB9 
 148      F9C4CE1A 
 148      252223B8 
 148      14
 149 0164 6E153EAD 		.ascii	"n\025>\255|m\313n\021\304\360\353\234_\257=\253c?\305"
ARM GAS  C:\Users\User\AppData\Local\Temp\ccfBElwn.s 			page 11


 149      7C6DCB6E 
 149      11C4F0EB 
 149      9C5FAF3D 
 149      AB633FC5 
 150 0178 4A91424F 		.ascii	"J\221BO\334\314ik\374W\004\304\245t\334l\342\221\223"
 150      DCCC696B 
 150      FC5704C4 
 150      A574DC6C 
 150      E29193
 151 018b 329B801A 		.ascii	"2\233\200\032\036<_\223\020\251\323q\250\030)Q!\302"
 151      1E3C5F93 
 151      10A9D371 
 151      A8182951 
 151      21C2
 152 019d E81C5A0B 		.ascii	"\350\034Z\013m\300\"\034\243t\2720]|\270\316\346s\031"
 152      6DC0221C 
 152      A374BA30 
 152      5D7CB8CE 
 152      E67319
 153 01b0 CA410EE8 		.ascii	"\312A\016\350\014r\220\241\"\344D\374\021\034*\200\233"
 153      0C7290A1 
 153      22E444FC 
 153      111C2A80 
 153      9B
 154 01c1 67E126B8 		.ascii	"g\341&\270\310=\235p\322\012\237D\324Gk\335\255~\036"
 154      C83D9D70 
 154      D20A9F44 
 154      D4476BDD 
 154      AD7E1E
 155 01d4 299DCC1A 		.ascii	")\235\314\032(5c\200\221\031.x\267u/!S\002d\316\213"
 155      28356380 
 155      91192E78 
 155      B7752F21 
 155      530264CE 
 156 01e9 64801BEB 		.ascii	"d\200\033\353G\341L\356)k\234\305\342Q\270\367~\256"
 156      47E14CEE 
 156      296B9CC5 
 156      E251B8F7 
 156      7EAE
 157 01fb 023AEF00 		.ascii	"\002:\357\000\361@\222`8\260`\2246</\340\3619\212\345"
 157      F1409260 
 157      38B06094 
 157      363C2FE0 
 157      F1398AE5 
 158 020f CA4BEFA7 		.ascii	"\312K\357\247*%\235~\347\202N\267\014U\201\233\013\242"
 158      2A259D7E 
 158      E7824EB7 
 158      0C55819B 
 158      0BA2
 159 0221 1B07439F 		.ascii	"\033\007C\237\247O\352\360J\031\332\340\200\326\003"
 159      A74FEAF0 
 159      4A19DAE0 
 159      80D603
 160 0230 E14A20EC 		.ascii	"\341J \354 \020\256\000\302\345B\217\217\347\\\264\305"
 160      2010AE00 
 160      C2E5428F 
 160      8FE75CB4 
ARM GAS  C:\Users\User\AppData\Local\Temp\ccfBElwn.s 			page 12


 160      C5
 161 0241 17988394 		.ascii	"\027\230\203\224\304\306R;\203\003\350H\011\355H-x\250"
 161      C4C6523B 
 161      8303E848 
 161      09ED482D 
 161      78A8
 162 0253 163D5421 		.ascii	"\026=T!\013.j\314\273\030+\276\037j\207\033\230\213"
 162      0B2E6ACC 
 162      BB182BBE 
 162      1F6A871B 
 162      988B
 163 0265 998ED1DB 		.ascii	"\231\216\321\333K\365A5n\336`\2469c25\260\376v\217N"
 163      4BF54135 
 163      6EDE60A6 
 163      39633235 
 163      B0FE768F 
 164 027a B70AD503 		.ascii	"\267\012\325\003\223:\221I\255>\244\251\325\337u\310"
 164      933A9149 
 164      AD3EA4A9 
 164      D5DF75C8 
 165 028a D9845380 		.ascii	"\331\204S\200\332\337\021z\210\307\305\230\206\260\344"
 165      DADF117A 
 165      88C7C598 
 165      86B0E4
 166 0299 624EBB1D 		.ascii	"bN\273\035\256\244\012\367 {\272\234\2634\246-\026\307"
 166      AEA40AF7 
 166      207BBA9C 
 166      B334A62D 
 166      16C7
 167 02ab F4F29D15 		.ascii	"\364\362\235\025a:\035B\027\301\177\263\350\277D\357"
 167      613A1D42 
 167      17C17FB3 
 167      E8BF44EF 
 168 02bb BF24A9F7 		.ascii	"\277$\251\367\2505na\016\337\014\335\271\304\341.\346"
 168      A8356E61 
 168      0EDF0CDD 
 168      B9C4E12E 
 168      E6
 169 02cc 70ACB9A5 		.ascii	"p\254\271\245Ln\311a\273E\2073\377\005s\037\265\201"
 169      4C6EC961 
 169      BB458733 
 169      FF05731F 
 169      B581
 170 02de BB4B66DC 		.ascii	"\273Kf\334=z[\370\200\307\275\314]\305d~\205-\353{\003"
 170      3D7A5BF8 
 170      80C7BDCC 
 170      5DC5647E 
 170      852DEB7B 
 171 02f3 D173C6D3 		.ascii	"\321s\306\323\017\252\230\376!\250{+\342\0260\276\315"
 171      0FAA98FE 
 171      21A87B2B 
 171      E21630BE 
 171      CD
 172 0304 B0D51535 		.ascii	"\260\325\0255\255B\234\326\223\331U\373,\313\206\255"
 172      AD429CD6 
 172      93D955FB 
 172      2CCB86AD 
ARM GAS  C:\Users\User\AppData\Local\Temp\ccfBElwn.s 			page 13


 173 0314 621D06BD 		.ascii	"b\035\006\275\375t\325\033\241\251\034\324\211CQ\217"
 173      FD74D51B 
 173      A1A91CD4 
 173      8943518F 
 174 0324 6D955184 		.ascii	"m\225Q\204\020eN\356\353\271\313\3205\302\006\255s@"
 174      10654EEE 
 174      EBB9CBD0 
 174      35C206AD 
 174      7340
 175 0336 57D9303F 		.ascii	"W\3310?/\311:\274\004\2170G\321cS\307\025x\214\305\240"
 175      2FC93ABC 
 175      048F3047 
 175      D16353C7 
 175      15788CC5 
 176 034b E8DA58EC 		.ascii	"\350\332X\354\022K1\350\265\030\203\271\377$1\270\001"
 176      124B31E8 
 176      B51883B9 
 176      FF2431B8 
 176      01
 177 035c 31B86E26 		.ascii	"1\270n&\006\372n\257\020\272\375$o\360\206\035\236b"
 177      06FA6EAF 
 177      10BAFD24 
 177      6FF0861D 
 177      9E62
 178 036e EE5B165E 		.ascii	"\356[\026^5,e\035\341$\371h\005\313G\207[\257\215\332"
 178      352C651D 
 178      E124F968 
 178      05CB4787 
 178      5BAF8DDA 
 179 0382 E05906ED 		.ascii	"\340Y\006\355\313\312\213\264\301\373x\252,\274I\316"
 179      CBCA8BB4 
 179      C1FB78AA 
 179      2CBC49CE 
 180 0392 58828F32 		.ascii	"X\202\2172%}\270i\310\206\031\271H\364\362\341#\321"
 180      257DB869 
 180      C88619B9 
 180      48F4F2E1 
 180      23D1
 181 03a4 2A662593 		.ascii	"*f%\223\344\300\374[\371\307l\360\011\006\336{`\242"
 181      E4C0FC5B 
 181      F9C76CF0 
 181      0906DE7B 
 181      60A2
 182 03b6 10E36CA6 		.ascii	"\020\343l\246\334\311\230z\316\343\"\336\210\213;\343"
 182      DCC9987A 
 182      CEE322DE 
 182      888B3BE3 
 183 03c6 F2FD4052 		.ascii	"\362\375@R\217-.g\317j\373\257\336\343xN\206\356A\017"
 183      8F2D2E67 
 183      CF6AFBAF 
 183      DEE3784E 
 183      86EE410F 
 184 03da 474958E1 		.ascii	"GIX\341\346\231\263\203\271V\270\201!\306\347\367\306"
 184      E699B383 
 184      B956B881 
 184      21C6E7F7 
 184      C6
ARM GAS  C:\Users\User\AppData\Local\Temp\ccfBElwn.s 			page 14


 185 03eb DB12C418 		.ascii	"\333\022\304\030 \376\336\001\335G<\271\035\231u\262"
 185      20FEDE01 
 185      DD473CB9 
 185      1D9975B2 
 186 03fb 4581DB19 		.ascii	"E\201\333\031\246 \365A\270\202`\036\000\346\357\034"
 186      A620F541 
 186      B882601E 
 186      00E6EF1C 
 187 040b D038C570 		.ascii	"\3208\305p9O\336\036\267F\012\247}t\251\205\205\212"
 187      394FDE1E 
 187      B7460AA7 
 187      7D74A985 
 187      858A
 188 041d 4B4D861E 		.ascii	"KM\206\036!\005\211(z\014\321\177\210x\223\365\366 "
 188      21058928 
 188      7A0CD17F 
 188      887893F5 
 188      F620
 189 042f 15A73643 		.ascii	"\025\2476CB\345\011N&\204^\310\302)GF\332\354p\266\234"
 189      42E5094E 
 189      26845EC8 
 189      C2294746 
 189      DAEC70B6 
 190 0444 8E6CEC74 		.ascii	"\216l\354tq\233y\027h\002,\377\260\227\227)Vd\200\237"
 190      719B7917 
 190      68022CFF 
 190      B0979729 
 190      5664809F 
 191 0458 02E88938 		.ascii	"\002\350\2118\300\304#u4\320\237R\301\341b\352\010]"
 191      C0C42375 
 191      34D09F52 
 191      C1E162EA 
 191      085D
 192 046a A89D7061 		.ascii	"\250\235paC\341\000Z\325\235g\015\302x\216\220\244\271"
 192      43E1005A 
 192      D59D670D 
 192      C2788E90 
 192      A4B9
 193 047c EF665D09 		.ascii	"\357f]\011\306\325\014Zq7\261^\030\266~\242_\037?\021"
 193      C6D50C5A 
 193      7137B15E 
 193      18B67EA2 
 193      5F1F3F11 
 194 0490 214CEAAB 		.ascii	"!L\352\253Do\356\2734\315\343z\006\216:{\260\031\223"
 194      446FEEBB 
 194      34CDE37A 
 194      068E3A7B 
 194      B01993
 195 04a3 291EFE27 		.ascii	")\036\376'exh\321\3255\337-\307-\254\371\376\226\262"
 195      657868D1 
 195      D535DF2D 
 195      C72DACF9 
 195      FE96B2
 196 04b6 5661576C 		.ascii	"VaWl#\372\221\252\346\352%\270\215=\274\0273\332l\205"
 196      23FA91AA 
 196      E6EA25B8 
 196      8D3DBC17 
ARM GAS  C:\Users\User\AppData\Local\Temp\ccfBElwn.s 			page 15


 196      33DA6C85 
 197 04ca BB9972FC 		.ascii	"\273\231r\374\326\213\016\204\2571\245|\274\275U)\254"
 197      D68B0E84 
 197      AF31A57C 
 197      BCBD5529 
 197      AC
 198 04db 3BC2BFB6 		.ascii	";\302\277\266\347\366\307\270\217=k\232):#\320%K2*e"
 198      E7F6C7B8 
 198      8F3D6B9A 
 198      293A23D0 
 198      254B322A 
 199 04f0 E6EA528B 		.ascii	"\346\352R\213k\360\255~\015~\317\310\015\314\266\014"
 199      6BF0AD7E 
 199      0D7ECFC8 
 199      0DCCB60C 
 200 0500 CAEDE329 		.ascii	"\312\355\343)\032\362%O\367\240y\200\347Q\370\002\262"
 200      1AF2254F 
 200      F7A07980 
 200      E751F802 
 200      B2
 201 0511 D737A233 		.ascii	"\3277\24233q\322N\012~\361C\340s\247\262\216*\361 #"
 201      3371D24E 
 201      0A7EF143 
 201      E073A7B2 
 201      8E2AF120 
 202 0526 99F6FCCE 		.ascii	"\231\366\374\316#!\306N\240f\277\254\016W\340!\366\354"
 202      2321C64E 
 202      A066BFAC 
 202      0E57E021 
 202      F6EC
 203 0538 705D46B7 		.ascii	"p]F\2675\036e\212\376=\301\236\275'\204\335\374\024"
 203      351E658A 
 203      FE3DC19E 
 203      BD2784DD 
 203      FC14
 204 054a 8FB327F5 		.ascii	"\217\263'\365\011\207\356 \374\230)\211\235O\326\340"
 204      0987EE20 
 204      FC982989 
 204      9D4FD6E0 
 205 055a 2976FDB6 		.ascii	")v\375\266\255y\015~\301\256[\313s\316 <\317\224\231"
 205      AD790D7E 
 205      C1AE5BCB 
 205      73CE203C 
 205      CF9499
 206 056d D4D6274A 		.ascii	"\324\326'J\274\300\224\314\236\364\013\012\034fE\225"
 206      BCC094CC 
 206      9EF40B0A 
 206      1C664595 
 207 057d ECD9A46C 		.ascii	"\354\331\244l\025\216d\312\215\312\336\250%8\226)Q\305"
 207      158E64CA 
 207      8DCADEA8 
 207      25389629 
 207      51C5
 208 058f C5C94B70 		.ascii	"\305\311Kp<S\302\252\007\022\204\2540B\364\373Y\367"
 208      3C53C2AA 
 208      071284AC 
 208      3042F4FB 
ARM GAS  C:\Users\User\AppData\Local\Temp\ccfBElwn.s 			page 16


 208      59F7
 209 05a1 33F5E9CF 		.ascii	"3\365\351\317\012\364\230\236\256W\010\037a\340\230"
 209      0AF4989E 
 209      AE57081F 
 209      61E098
 210 05b0 F2EB43BC 		.ascii	"\362\353C\274\305\300\037\346\204\300\257\247qO\254"
 210      C5C01FE6 
 210      84C0AFA7 
 210      714FAC
 211 05bf 4D2CB333 		.ascii	"M,\2633\215{\037\240\033)\372\010g\257oC\320W\307Ne"
 211      8D7B1FA0 
 211      1B29FA08 
 211      67AF6F43 
 211      D057C74E 
 212 05d4 F1A681B7 		.ascii	"\361\246\201\267\204~g*\246\361\205-rtt\\\356(\3719"
 212      847E672A 
 212      A6F1852D 
 212      7274745C 
 212      EE28F939 
 213 05e8 D1E3495D 		.ascii	"\321\343I]D\270\256\341J'~Xp9V\227\331\204\250\2519"
 213      44B8AEE1 
 213      4A277E58 
 213      70395697 
 213      D984A8A9 
 214 05fd 584D29DC 		.ascii	"XM)\334rq*wR\2739\344(cMF\003St\015\021\230\302\277"
 214      72712A77 
 214      52BB39E4 
 214      28634D46 
 214      0353740D 
 215 0615 33853F5F 		.ascii	"3\205?_\004\357\220\300_\233\302_Q\2703A'\010}\372\230"
 215      04EF90C0 
 215      5F9BC25F 
 215      51B83341 
 215      27087DFA 
 216 062a 97A104CE 		.ascii	"\227\241\004\316\001\305s\344\021A\2234\220\3159\241"
 216      01C573E4 
 216      11419334 
 216      90CD39A1 
 217 063a 34CE11A5 		.ascii	"4\316\021\245\202\234\0049\016\222\016\222\007r\014"
 217      829C0439 
 217      0E920E92 
 217      07720C
 218 0649 240B2413 		.ascii	"$\013$\023\344\024\310\031\220\034\220\023 \371 I \311"
 218      E414C819 
 218      901C9013 
 218      20F92049 
 218      20C9
 219 065b 20A74132 		.ascii	" \247A2@\216\202\344r\2164+1\216\203\376\"\307\203\234"
 219      408E82E4 
 219      728E342B 
 219      318E83FE 
 219      22C7839C 
 220 066f 09C775A6 		.ascii	"\011\307u\246=\352\221\240\343\314\242\235E\360\214"
 220      3DEA91A0 
 220      E3CCA29D 
 220      45F08C
 221 067e 04BCDF14 		.ascii	"\004\274\337\024\234\207L\320\203\222`\2754\037[\011"
ARM GAS  C:\Users\User\AppData\Local\Temp\ccfBElwn.s 			page 17


 221      9C874CD0 
 221      839260BD 
 221      341F5B09 
 222 068e BA294044 		.ascii	"\272)@DG\233\332\3165E?\2260\2115E7.\032\267\036\211"
 222      479BDACE 
 222      35453F96 
 222      30893545 
 222      372E1AB7 
 223 06a4 F14853F8 		.ascii	"\361HS\370^\316\264\233\022t\250)\372\262)\225Q\011"
 223      5ECEB49B 
 223      1274A829 
 223      FAB22995 
 223      5109
 224 06b6 9503E6A9 		.ascii	"\225\003\346\251H\203\"\261\275\317<\023#\342\222\030"
 224      488322B1 
 224      BDCF3C13 
 224      23E29218 
 225 06c6 CE9A9F70 		.ascii	"\316\232\237pF\363Sb=\312|\020\031\\x\235{j\037J^\347"
 225      46F35362 
 225      3DCA7C10 
 225      195C789D 
 225      7B6A1F4A 
 226 06dc 0026DDDD 		.ascii	"\000&\335\335\230\255\361\011\373\303\341\272\266\365"
 226      98ADF109 
 226      FBC3E1BA 
 226      B6F5
 227 06ea D45884A9 		.ascii	"\324X\204\251\2610\323\240=\226\270\0167\21760\015\005"
 227      B130D3A0 
 227      3D96B80E 
 227      378F3630 
 227      0D05
 228 06fc 78602885 		.ascii	"x`(\205'r\366\350\220\000\327/}4c\032\2659I\214c\314"
 228      2772F6E8 
 228      9000D72F 
 228      7D34631A 
 228      B539498C 
 229 0712 4F3CA9F1 		.ascii	"O<\251\361\271\000f\\\007\306\337\010Q\323'ta\000\031"
 229      B900665C 
 229      07C6DF08 
 229      51D32774 
 229      610019
 230 0725 9CBCA374 		.ascii	"\234\274\243t\365\345\330\341y\232\354\270\246c5)PN"
 230      F5E5D8E1 
 230      799AECB8 
 230      A6633529 
 230      504E
 231 0737 2D1736E6 		.ascii	"-\0276\346I\2721\237\203\326g9\303\306L\202e~\205\243"
 231      49BA319F 
 231      83D66739 
 231      C3C64C82 
 231      657E85A3 
 232 074b 0258D87F 		.ascii	"\002X\330\177\351ENv\206Gqw9U\214\341-\2222\024sr!\247"
 232      E9454E76 
 232      86477177 
 232      39558CE1 
 232      2D923214 
 233 0763 6240C7C2 		.ascii	"b@\307\302WC'l\021\311\227\366\313!m:\251T+y\325r!\201"
ARM GAS  C:\Users\User\AppData\Local\Temp\ccfBElwn.s 			page 18


 233      5743276C 
 233      11C997F6 
 233      CB216D3A 
 233      A9542B79 
 234 077b AAC8C969 		.ascii	"\252\310\311i\271\223\243\023\374\244\335\031\002Kw"
 234      B993A313 
 234      FCA4DD19 
 234      024B77
 235 078a A8A522A1 		.ascii	"\250\245\"\241/\227\241/\235\300\241\003\244\035\244"
 235      2F97A12F 
 235      9DC0A103 
 235      A41DA4
 236 0799 04E43C48 		.ascii	"\004\344<H\261!\361\000\025\250N\336\233\230\273\257"
 236      B121F100 
 236      15A84EDE 
 236      9B98BBAF 
 237 07a9 D31D52D1 		.ascii	"\323\035R\321\264?\014\201/Z\234}\205Q%\015\232\204"
 237      B43F0C81 
 237      2F5A9C7D 
 237      8551250D 
 237      9A84
 238 07bb 5125E86E 		.ascii	"Q%\350nSt\227\321\250\222\341\350\371\232\215j)\214"
 238      537497D1 
 238      A892E1E8 
 238      F99A8D6A 
 238      298C
 239 07cd 6A9900   		.ascii	"j\231\000"
 240 07d0 BF02F0CB 		.ascii	"\277\002\360\313\246k^\262\243\224I02\322R\377\302n"
 240      A66B5EB2 
 240      A3944930 
 240      32D252FF 
 240      C26E
 241 07e2 34808689 		.ascii	"4\200\206\211w\035:Z!t\272\022\256/@'\313\215:\371\330"
 241      771D3A5A 
 241      2174BA12 
 241      AE2F4027 
 241      CB8D3AF9 
 242 07f7 9371AEE2 		.ascii	"\223q\256\342T\350&\220\250\260\220]\315\231\227\375"
 242      54E82690 
 242      A8B0905D 
 242      CD9997FD 
 243 0807 11DB73FF 		.ascii	"\021\333s\377\315l\223W\375\036\263\266\235\305\265"
 243      CD6C9357 
 243      FD1EB3B6 
 243      9DC5B5
 244 0816 3B34C4D6 		.ascii	";4\304\326n\205\361\332\225\314\212\032n\245\330\274"
 244      6E85F1DA 
 244      95CC8A1A 
 244      6EA5D8BC 
 245 0826 073C5603 		.ascii	"\007<V\003g\206\264\200\222I I\364\273C\270n\031\207"
 245      6786B480 
 245      92492049 
 245      F4BB43B8 
 245      6E1987
 246 0839 FEFD1D34 		.ascii	"\376\375\0354\000\210~\212\000<\25189\362\015\206\203"
 246      00887E8A 
 246      003CA938 
ARM GAS  C:\Users\User\AppData\Local\Temp\ccfBElwn.s 			page 19


 246      39F20D86 
 246      83
 247 084a AB3A68B1 		.ascii	"\253:h\261\223\227Z\2547\232\215ul6J\3431\015\017\247"
 247      93975AAC 
 247      379A8D75 
 247      6C364AE3 
 247      310D0FA7 
 248 085e 08A96B40 		.ascii	"\010\251k@\252Q\010\311U\270\276\002!i\005i\001\271"
 248      AA5108C9 
 248      55B8BE02 
 248      21690569 
 248      01B9
 249 0870 08D20CD2 		.ascii	"\010\322\014\322\004\322`\024\246\2419\007\226\230`"
 249      04D26014 
 249      A6A13907 
 249      969860
 250 087f A2A36710 		.ascii	"\242\243g\020\247F\013[\205Y\237\223B\203?\317\347\333"
 250      A7460B5B 
 250      85599F93 
 250      42833FCF 
 250      E7DB
 251 0891 D73F633E 		.ascii	"\327?c>\311\\\3157\365i\234\201\350P\376\341\250\256"
 251      C95CCD37 
 251      F5699C81 
 251      E850FEE1 
 251      A8AE
 252 08a3 2114D342 		.ascii	"!\024\323B\275L\200\013\005A\236\3512\030\374\003\033"
 252      BD4C800B 
 252      05419EE9 
 252      3218FC03 
 252      1B
 253 08b4 76525437 		.ascii	"vRT7\231\232n\\l:\210\301IQ\334j\036.1>4%\004\353\022"
 253      999A6E5C 
 253      6C3A88C1 
 253      4951DC6A 
 253      1E2E313E 
 254 08cd 04ABC314 		.ascii	"\004\253\303\024.\231\260\222\001l3\032\300KF\003\030"
 254      2E99B092 
 254      016C331A 
 254      C04B4603 
 254      18
 255 08de 25CD10A8 		.ascii	"%\315\020\250\013\002($\011\331\237\220!^>\026\242\250"
 255      0B022824 
 255      09D99F90 
 255      215E3E16 
 255      A2A8
 256 08f0 5F3D453F 		.ascii	"_=E?\310\275\351\177\214{Zd\201:C\367\370\211\331\344"
 256      C8BDE97F 
 256      8C7B5A64 
 256      813A43F7 
 256      F889D9E4 
 257 0904 B659B464 		.ascii	"\266Y\264d\365\274\234\240\251\275\0330#b\315U\264("
 257      F5BC9CA0 
 257      A9BD1B30 
 257      2362CD55 
 257      B428
 258 0916 B59BEBE9 		.ascii	"\265\233\353\351\037M\207\314\305\370C\266@\213L7W:"
ARM GAS  C:\Users\User\AppData\Local\Temp\ccfBElwn.s 			page 20


 258      1F4D87CC 
 258      C5F843B6 
 258      408B4C37 
 258      573A
 259 0928 9F267FF6 		.ascii	"\237&\177\366<L\227\274\236V}w\215'\310\242\225>\271"
 259      3C4C97BC 
 259      9E567D77 
 259      8D27C8A2 
 259      953EB9
 260 093b 8C1A6A34 		.ascii	"\214\032j46d(Q\363\233\017\222\022\225,\273I\261/\215"
 260      36642851 
 260      F39B0F92 
 260      12952CBB 
 260      49B12F8D 
 261 094f B42F0CD4 		.ascii	"\264/\014\324\227\266\214~\266!a\037\024!\325td\365"
 261      97B68C7E 
 261      B621611F 
 261      1421D574 
 261      64F5
 262 0961 9F967E39 		.ascii	"\237\226~9\274\217|\344\"\031\363\226\210\251\240f\310"
 262      BC8F7CE4 
 262      2219F396 
 262      88A9A066 
 262      C8
 263 0972 2A868D27 		.ascii	"*\206\215'\276\2648\224\227n<\335F3\345\006\233)\344"
 263      BEB43894 
 263      976E3CDD 
 263      4633E506 
 263      9B29E4
 264 0985 0CE0D913 		.ascii	"\014\340\331\023\367ac\217\264\246UD\321\302\221\021"
 264      F761638F 
 264      B4A65544 
 264      D1C29111 
 265 0995 5B1CCB94 		.ascii	"[\034\313\224\202\331\341r9N`\312\201#MM<Nb\312\251"
 265      82D9E172 
 265      394E60CA 
 265      81234D4D 
 265      3C4E62CA 
 266 09aa 94844839 		.ascii	"\224\204H9NcJ\356\241\370\"%\316`Jr\336\3159\033|\234"
 266      4E634AEE 
 266      A1F82225 
 266      CE604A72 
 266      DECD391B 
 267 09c0 295973F3 		.ascii	")Ys\363\323\244\334\\M>\236b\311\327\302\325\354ka}"
 267      D3A4DC5C 
 267      4D3E9E62 
 267      C9D7C2D5 
 267      EC6B617D 
 268 09d4 673BD441 		.ascii	"g;\324AY\024\314\305\237\310\337o\243\377\352\002\011"
 268      5914CCC5 
 268      9FC8DF6F 
 268      A3FFEA02 
 268      09
 269 09e5 4DEE2433 		.ascii	"M\356$3\24434\002C\271Z(n\357\3006~\2333\324\376%\177"
 269      A4333402 
 269      43B95A28 
 269      6EEFC036 
ARM GAS  C:\Users\User\AppData\Local\Temp\ccfBElwn.s 			page 21


 269      7E9B33D4 
 270 09fc 53493E2B 		.ascii	"SI>+\016sJ4$\356\376\253\205\332\245.\341\326\270\022"
 270      0E734A34 
 270      24EEFEAB 
 270      85DAA52E 
 270      E1D6B812 
 271 0a10 1731176F 		.ascii	"\0271\027o\302\223\246x\311\367B\227\213\364{\341=h"
 271      C293A678 
 271      C9F74297 
 271      8BF47BE1 
 271      3D68
 272 0a22 7A576C3A 		.ascii	"zWl:\314\031\276\027\232\322\0305C\203\024j\263'k\024"
 272      CC19BE17 
 272      9AD21835 
 272      4383146A 
 272      B3276B14 
 273 0a36 B8923AE1 		.ascii	"\270\222:\341\237\277\214\035T\222\315\\\334\2549\231"
 273      9FBF8C1D 
 273      5492CD5C 
 273      DCAC3999 
 274 0a46 24FA63C2 		.ascii	"$\372c\302\354|\010\266\036\300l\0347\336\234\247\360"
 274      EC7C08B6 
 274      1EC06C1C 
 274      37DE9CA7 
 274      F0
 275 0a57 C0998350 		.ascii	"\300\231\203P\0335\"\312\353\026\360\"-\014\024\350"
 275      1B3522CA 
 275      EB16F022 
 275      2D0C14E8 
 276 0a67 AC1B90AC 		.ascii	"\254\033\220\254\247\246_%\353\032\3020E\3377\213\226"
 276      A7A65F25 
 276      EB1AC230 
 276      45DF378B 
 276      96
 277 0a78 CCD1B735 		.ascii	"\314\321\2675J\262\236\306\214\247(\260\27614y\010!"
 277      4AB29EC6 
 277      8CA728B0 
 277      BE313479 
 277      0821
 278 0a8a C7154E8E 		.ascii	"\307\025N\216l\023\357\253\265\013\245f\211\271A0\373"
 278      6C13EFAB 
 278      B50BA566 
 278      89B94130 
 278      FB
 279 0a9b 985B616E 		.ascii	"\230[an\231\036\022\012N\262\010\305>\0220\351\343\023"
 279      991E120A 
 279      4EB208C5 
 279      3E1230E9 
 279      E313
 280 0aad E8E353E8 		.ascii	"\350\343S\350\343#\243\0257Y\263\222.\024@-^q/k\354"
 280      E323A315 
 280      3759B392 
 280      2E14402D 
 280      5E712F6B 
 281 0ac2 C50C3E60 		.ascii	"\305\014>`\3311)\260k:\273\270\025\300 \324\"\003\231"
 281      D93129B0 
 281      6B3ABBB8 
ARM GAS  C:\Users\User\AppData\Local\Temp\ccfBElwn.s 			page 22


 281      15C020D4 
 281      220399
 282 0ad5 917B6813 		.ascii	"\221{h\023\321\334[\246\302'\025t\376\215u\026\206)"
 282      D1DC5BA6 
 282      C2271574 
 282      FE8D7516 
 282      8629
 283 0ae7 7036538E 		.ascii	"p6S\216u\237\353\224\343<\246T\347\237\353\341p\021"
 283      759FEB94 
 283      E33CA654 
 283      E79FEBE1 
 283      7011
 284 0af9 53CE564E 		.ascii	"S\316VN\357G\370\002S\236E\026jq=\273\216\310\210\277"
 284      EF47F802 
 284      539E4516 
 284      6A713DBB 
 284      8EC888BF 
 285 0b0d C2B102FD 		.ascii	"\302\261\002\375\037@M\212N\037\341\205\317<\344\323"
 285      1F404D8A 
 285      4E1FE185 
 285      CF3CE4D3 
 286 0b1d D9F9BE9C 		.ascii	"\331\371\276\234j\005n\241X\333\370\334\370\012%)\213"
 286      6A056EA1 
 286      58DBF8DC 
 286      F80A2529 
 286      8B
 287 0b2e 0D75B193 		.ascii	"\015u\261\223PP\375R|g\236\201\376\316\377`\0358\367"
 287      5050FD52 
 287      7C679E81 
 287      FECEFF60 
 287      1D38F7
 288 0b41 2B49B166 		.ascii	"+I\261f\212^\374\262/A\367\231\242\027\327S\022t\257"
 288      8A5EFCB2 
 288      2F41F799 
 288      A217D753 
 288      1274AF
 289 0b54 79F4E297 		.ascii	"y\364\342\227\246\027\260\014\276\243\317\346\205\211"
 289      A617B00C 
 289      BEA3CFE6 
 289      8589
 290 0b62 1D8E9DD0 		.ascii	"\035\216\235\320\002D\375\025\310\033\020\035vDo\341"
 290      0244FD15 
 290      C81B101D 
 290      76446FE1 
 291 0b72 1C06E750 		.ascii	"\034\006\347P\220\357\341\3725\310\034\310\254QI\334"
 291      90EFE1FA 
 291      35C81CC8 
 291      AC5149DC 
 292 0b82 2109C533 		.ascii	"!\011\3053S\002\213J\264Q\011\335\233\246hi\021%Tt\022"
 292      53028B4A 
 292      B45109DD 
 292      9BA66869 
 292      11255474 
 293 0b97 E353A6F0 		.ascii	"\343S\246\360EE\361\334G\"\372\271\331Q\221\200{$\246"
 293      4545F1DC 
 293      4722FAB9 
 293      D9519180 
ARM GAS  C:\Users\User\AppData\Local\Temp\ccfBElwn.s 			page 23


 293      7B24A6
 294 0baa A7CDF396 		.ascii	"\247\315\363\226\226=C\265J\206\237\200I\332o\236\271"
 294      963D43B5 
 294      4A869F80 
 294      49DA6F9E 
 294      B9
 295 0bbb C4FA788D 		.ascii	"\304\372x\215\244\300\2334\317\\Z-NV\263\015m\336t\221"
 295      A4C09B34 
 295      CF5C5A2D 
 295      4E56B30D 
 295      6DDE7491 
 296 0bcf A386EED9 		.ascii	"\243\206\356\331R9n\247\023\222{\224\3660\337\032-w"
 296      52396EA7 
 296      13927B94 
 296      F630DF1A 
 296      2D77
 297 0be1 32379868 		.ascii	"27\230h\037\214\341\217\031O\306\244\265\216\356\336"
 297      1F8CE18F 
 297      194FC6A4 
 297      B58EEEDE 
 298 0bf1 7BF17214 		.ascii	"{\361r\024\201\015\371u\236nU\344\223U\307`\234\235"
 298      810DF975 
 298      9E6E55E4 
 298      9355C760 
 298      9C9D
 299 0c03 749B2240 		.ascii	"t\233\"@q\011Gb\375;.\271\004|^w\356\033\036\3671\372"
 299      71094762 
 299      FD3B2EB9 
 299      047C5E77 
 299      EE1B1EF7 
 300 0c19 079AD29F 		.ascii	"\007\232\322\237\252,}\244\217\301\226>\322\217\367"
 300      AA2C7DA4 
 300      8FC1963E 
 300      D28FF7
 301 0c28 B3FF8C44 		.ascii	"\263\377\214Dc\250\274\261\311gzr\227|\356<p\261\226"
 301      63A8BCB1 
 301      C9677A72 
 301      977CEE3C 
 301      70B196
 302 0c3b 1B829713 		.ascii	"\033\202\227\023\362\336\274\214\366\007!vDT\250\272"
 302      F2DEBC8C 
 302      F6072176 
 302      4454A8BA 
 303 0c4b A0FF2144 		.ascii	"\240\377!D\357\303]\216\036\031\220\336B\372\026\202"
 303      EFC35D8E 
 303      1E1990DE 
 303      42FA1682 
 304 0c5b CE092A27 		.ascii	"\316\011*'\230\244\177Bc$\261\310\0363O\372\237\214"
 304      98A47F42 
 304      6324B1C8 
 304      1E334FFA 
 304      9F8C
 305 0c6d C1191319 		.ascii	"\301\031\023\031\265\316Z#Nt\200\220\264\201\304 \243"
 305      B5CE5A23 
 305      4E748090 
 305      B481C420 
 305      A3
ARM GAS  C:\Users\User\AppData\Local\Temp\ccfBElwn.s 			page 24


 306 0c7e 2D3C37F0 		.ascii	"-<7\360\223\211\235C\372I\362,\245k\\9\014oS\344\037"
 306      93899D43 
 306      FA49F22C 
 306      A56B5C39 
 306      0C6F53E4 
 307 0c93 C01F23F6 		.ascii	"\300\037#\366\021\275\253\3630\306\303,\353\315\206"
 307      11BDABF3 
 307      30C6C32C 
 307      EBCD86
 308 0ca2 F6362A57 		.ascii	"\3666*WJ\352\016w\245\244\3568\210I\335\261\223g\306"
 308      4AEA0E77 
 308      A5A4EE38 
 308      8849DDB1 
 308      9367C6
 309 0cb5 469EB527 		.ascii	"F\236\265'*\336\315\324e\336\205\235:]~6o\237\356*4"
 309      2ADECDD4 
 309      65DE859D 
 309      3A5D7E36 
 309      6F9FEE2A 
 310 0cca FB98E2D0 		.ascii	"\373\230\342\320\001q\000\340\022\216\261x\030\241\375"
 310      017100E0 
 310      128EB178 
 310      18A1FD
 311 0cd9 7808B8C5 		.ascii	"x\010\270\305\341w\311?\312\342\243\333\354\360S\346"
 311      E177C93F 
 311      CAE2A3DB 
 311      ECF053E6 
 312 0ce9 38AEECD6 		.ascii	"8\256\354\326\233\245\370\025\033\377\234\214\264\011"
 312      9BA5F815 
 312      1BFF9C8C 
 312      B409
 313 0cf7 2BC35E7E 		.ascii	"+\303^~%G>q\203\374\307\3550\214k\202h\366\236\345\275"
 313      25473E71 
 313      83FCC7ED 
 313      308C6B82 
 313      68F69EE5 
 314 0d0c FC1036BB 		.ascii	"\374\0206\273\227\02746t\221\177`\310\250\251\235\364"
 314      97173436 
 314      74917F60 
 314      C8A8A99D 
 314      F4
 315 0d1d BF1705E1 		.ascii	"\277\027\005\341\013Qv+-UZ\211\264\307G\260\320\345"
 315      0B51762B 
 315      2D555A89 
 315      B4C747B0 
 315      D0E5
 316 0d2f F371650F 		.ascii	"\363qe\017U\320\345\021\362\266V%O\211n\215\325\235"
 316      55D0E511 
 316      F2B65625 
 316      4F896E8D 
 316      D59D
 317 0d41 401486E2 		.ascii	"@\024\206\342Ef\361\244\303\344\"\211v4=r\252\232\303"
 317      4566F1A4 
 317      C3E42289 
 317      76343D72 
 317      AA9AC3
 318 0d54 39ECBDA8 		.ascii	"9\354\275\250\2538\267\330\216r \257\324\214\303@\354"
ARM GAS  C:\Users\User\AppData\Local\Temp\ccfBElwn.s 			page 25


 318      AB38B7D8 
 318      8E7220AF 
 318      D48CC340 
 318      EC
 319 0d65 709B35BD 		.ascii	"p\2335\275Gj\225dLoV\325\3244\333\360\372\362.\205\335"
 319      476A9564 
 319      4C6F56D5 
 319      D434DBF0 
 319      FAF22E85 
 320 0d7a 7C5B9F5E 		.ascii	"|[\237^a\231m\032e\233\252g\3339\222\374\332N`{/\025"
 320      61996D1A 
 320      659BAA67 
 320      DB3992FC 
 320      DA4E607B 
 321 0d90 77E5EE6B 		.ascii	"w\345\356kp\247 tT\344zT\3175\235r\035N(\210\266\302"
 321      70A72074 
 321      54E47A54 
 321      CF359D72 
 321      1D4E2888 
 322 0da6 958CEBFD 		.ascii	"\225\214\353\375\330\302{\012J\341\022\2530\341^\357"
 322      D8C27B0A 
 322      4AE112AB 
 322      30E15EEF 
 323 0db6 647FFC52 		.ascii	"d\177\374R\003\255c\214VS\311\275\327J\213\2642)\255"
 323      03AD638C 
 323      5653C9BD 
 323      D74A8BB4 
 323      3229AD
 324 0dc9 E37A5A25 		.ascii	"\343zZ%\217\342g\365A\354\330\234\242k\342\010\002e"
 324      8FE267F5 
 324      41ECD89C 
 324      A26BE208 
 324      0265
 325 0ddb 889C32F4 		.ascii	"\210\2342\364\234NPN\023Y\341\207\227\342&\306\251*"
 325      9C4E504E 
 325      1359E187 
 325      97E226C6 
 325      A92A
 326 0ded 2E6B1653 		.ascii	".k\026S\377\321\2061\214\270\3702\301\026\367S\000w"
 326      FFD18631 
 326      8CB8F832 
 326      C116F753 
 326      0077
 327 0dff B0E5D26B 		.ascii	"\260\345\322k\271a\362\300;\327B{\014y7\317\006\370"
 327      B961F2C0 
 327      3BD7427B 
 327      0C7937CF 
 327      06F8
 328 0e11 69D3AC60 		.ascii	"i\323\254`6\303d\231\3110\340\345E\344\330eD=\023S\247"
 328      36C36499 
 328      C930E0E5 
 328      45E4D865 
 328      443D1353 
 329 0e26 58CF2BA2 		.ascii	"X\317+\242\223\037\330\3421\346\272\367\362\263J;\344"
 329      931FD8E2 
 329      31E6BAF7 
 329      F2B34A3B 
ARM GAS  C:\Users\User\AppData\Local\Temp\ccfBElwn.s 			page 26


 329      E4
 330 0e37 A412BEEC 		.ascii	"\244\022\276\354\015.\013'\351(\017r]\216\350\030\362"
 330      0D2E0B27 
 330      E9280F72 
 330      5D8EE818 
 330      F2
 331 0e48 9DCCA8D4 		.ascii	"\235\314\250\324\223fF\224\013\276\305\344\010\016N"
 331      93664694 
 331      0BBEC5E4 
 331      080E4E
 332 0e57 F4DFCB60 		.ascii	"\364\337\313`\363\205\3309\303\274^N\312\352\300\026"
 332      F385D839 
 332      C3BC5E4E 
 332      CAEAC016 
 333 0e67 E37D96C6 		.ascii	"\343}\226\306;_\037\357g\327\236\026X\011\361\036\217"
 333      3B5F1FEF 
 333      67D79E16 
 333      5809F11E 
 333      8F
 334 0e78 C5C9E775 		.ascii	"\305\311\347u\021r\202A'ER'\365\021/\240\021\257\375"
 334      11728241 
 334      27455227 
 334      F5112FA0 
 334      11AFFD
 335 0e8b AEA54585 		.ascii	"\256\245E\205\247\225\346s\202\221\263B\243\234\020"
 335      A795E673 
 335      8291B342 
 335      A39C10
 336 0e9a 3E3E7C8B 		.ascii	">>|\213\023|]\037\226?bS\0160\350\234\350\354\234\336"
 336      137C5D1F 
 336      963F6253 
 336      0E30E89C 
 336      E8EC9CDE 
 337 0eae 59117536 		.ascii	"Y\021u6]\242\033U\342\366%\254.\231n\272n-\030\350\234"
 337      5DA21B55 
 337      E2F625AC 
 337      2E996EBA 
 337      6E2D18E8 
 338 0ec3 930F9C31 		.ascii	"\223\017\2341\030(\026\015\024\353\015\234\247\006\302"
 338      1828160D 
 338      14EB0D9C 
 338      A706C2
 339 0ed2 AF1C4CB3 		.ascii	"\257\034L\263\302\307U\324@C\353\213\333V??\305\226"
 339      C2C755D4 
 339      4043EB8B 
 339      DB563F3F 
 339      C596
 340 0ee4 E880D3DB 		.ascii	"\350\200\323\333\033\021\272({Z\230\2250\003\206\317"
 340      1B11BA28 
 340      7B5A9895 
 340      300386CF 
 341 0ef4 10327287 		.ascii	"\0202r\207|\221\302?'\377%\216yP'\307Y\314\310xYr\266"
 341      7C91C23F 
 341      27FF258E 
 341      795027C7 
 341      59CCC878 
 342 0f0b 9D6064E6 		.ascii	"\235`d\346\177CuM\254\264+[d\241\214Z(\247\026\322o"
ARM GAS  C:\Users\User\AppData\Local\Temp\ccfBElwn.s 			page 27


 342      7F43754D 
 342      ACB42B5B 
 342      64A18C5A 
 342      28A716D2 
 343 0f20 A7EB96E2 		.ascii	"\247\353\226\342|f\341xXx\024/X\350\021-T,\262PA-\\"
 343      7C66E178 
 343      5878142F 
 343      58E8112D 
 343      542CB250 
 344 0f37 A0166286 		.ascii	"\240\026b\206F\017\363\270\230Y8\220P\232lM,4\320\364"
 344      460FF3B8 
 344      98593890 
 344      509A6C4D 
 344      2C34D0F4 
 345 0f4b 5A720A76 		.ascii	"Zr\012vrD\253\275J\301\210\370\221\220\334\331\016;"
 345      7244ABBD 
 345      4AC188F8 
 345      9190DCD9 
 345      0E3B
 346 0f5d 54153533 		.ascii	"T\02553<{sH%\335{I\370$\337\227\304\275\267\232\356"
 346      3C7B7348 
 346      25DD7B49 
 346      F824DF97 
 346      C4BDB79A 
 347 0f72 BD6D979A 		.ascii	"\275m\227\232z\261\024\177\326\010_\203YIYC\301\373"
 347      7AB1147F 
 347      D6085F83 
 347      59495943 
 347      C1FB
 348 0f84 3A2B2F1B 		.ascii	":+/\033\325\237\231F\340Z\001\\K\301\215\205\203\217"
 348      D59F9946 
 348      E05A015C 
 348      4BC18D85 
 348      838F
 349 0f96 8DC06946 		.ascii	"\215\300iF\340:\001\\G\301"
 349      E03A015C 
 349      47C1
 350 0fa0 11799917 		.ascii	"\021y\231\027\255\245\340D#p\275\000&g\271\267\177\220"
 350      ADA5E044 
 350      2370BD00 
 350      2667B9B7 
 350      7F90
 351 0fb2 F7D78ACF 		.ascii	"\367\327\212\317\266~\261\312\325\331Y\246\364\364\334"
 351      B67EB1CA 
 351      D5D959A6 
 351      F4F4DC
 352 0fc1 ED17A8DD 		.ascii	"\355\027\250\335\340\342\251\215@\336\377\264\303\333"
 352      E0E2A98D 
 352      40DEFFB4 
 352      C3DB
 353 0fcf D76FA71F 		.ascii	"\327o\247\037;\206hw\373\370\0059\177\360\315\006\317"
 353      3B866877 
 353      FBF80539 
 353      7FF0CD06 
 353      CF
 354 0fe0 6FFD027D 		.ascii	"o\375\002}\202\276\015\221\336\337\241\015\012\362\017"
 354      82BE0D91 
ARM GAS  C:\Users\User\AppData\Local\Temp\ccfBElwn.s 			page 28


 354      DEDFA10D 
 354      0AF20F
 355 0fef D9F155E0 		.ascii	"\331\361U\340\356U\364j\225Wp\300*M\300N\215"
 355      EE55F46A 
 355      955770C0 
 355      2A4DC04E 
 355      8D
 356 1000 8F8FC667 		.ascii	"\217\217\306g\307\373k7\254rY\357\374\301\357\235w\300"
 356      C7FB6B37 
 356      AC7259EF 
 356      FCC1EF9D 
 356      77C0
 357 1012 FD5F0406 		.ascii	"\375_\004\006\005j~\241\361\002\313~\201\336\376\273"
 357      056A7EA1 
 357      F102CB7E 
 357      81DEFEBB 
 358 1022 7D343B02 		.ascii	"}4;\002\274\300V\240f\207\247\217\346K\257\335\376Z"
 358      BCC056A0 
 358      6687A78F 
 358      E64BAFDD 
 358      FE5A
 359 1034 4FED9E5D 		.ascii	"O\355\236]\232\220\265\2762\205\236\316\236\377G6!{"
 359      9A90B5BE 
 359      32859ECE 
 359      9EFF4736 
 359      217B
 360 1046 42767886 		.ascii	"Bvx\206h}\3005\241\340\355\353\025\030\250\361\017\261"
 360      687DC035 
 360      A1E0EDEB 
 360      1518A8F1 
 360      0FB1
 361 1058 61C1F9D0 		.ascii	"a\301\371\320Sk-\234U\273\276\015\020\236zj\275]\365"
 361      536B2D9C 
 361      55BBBE0D 
 361      109E7A6A 
 361      BD5DF5
 362 106b 0C5DC9D1 		.ascii	"\014]\311\321c1C\311}\206\014\012q\376\340\375uA!\353"
 362      633143C9 
 362      7D860C0A 
 362      71FEE0FD 
 362      754121EB 
 363 107f 7CBDFCD7 		.ascii	"|\275\374\327\355\012\012\326\206\254\363\330\276e\203"
 363      ED0A0AD6 
 363      86ACF3D8 
 363      BE6583
 364 108e CBBACD9B 		.ascii	"\313\272\315\233\335\326m\337\264\345\033g\362\304\023"
 364      DDD66DDF 
 364      B4E51B67 
 364      F2C413
 365 109d BC78FAFB 		.ascii	"\274x\372\373\373\000\027kM\240\327N\177\215\317\022"
 365      FB00176B 
 365      4DA0D74E 
 365      7F8DCF12 
 366 10ad EA383020 		.ascii	"\35280 \344kO\255\325.M\260_\220\217\202\334\012\204"
 366      E46B4FAD 
 366      D52E4DB0 
 366      5F908F82 
ARM GAS  C:\Users\User\AppData\Local\Temp\ccfBElwn.s 			page 29


 366      DC0A84
 367 10c0 C8597907 		.ascii	"\310Yy\007\005~\351\367\025\366\016v\341\003\202|46"
 367      057EE9F7 
 367      15F60E76 
 367      E103827C 
 367      3436
 368 10d2 F0809C3D 		.ascii	"\360\200\234=\265\012o/\177\377\235^\336_\333\022\254"
 368      B50A6F2F 
 368      7FFF9D5E 
 368      DE5FDB12 
 368      AC
 369 10e3 70EDA95D 		.ascii	"p\355\251]\346\376\333-\256\254\027\256\264\251\315"
 369      E6FEDB2D 
 369      AEAC17AE 
 369      B4A9CD
 370 10f2 97C19ADF 		.ascii	"\227\301\232\337\357\326\004z\357\341}\3744\3016\344"
 370      EFD6047A 
 370      EFE17DFC 
 370      34C136E4 
 371 1102 397D200F 		.ascii	"9} \017\321zi5D\367To\374\304\355w\012r\345\261}\233"
 371      D17A6935 
 371      44F7546F 
 371      FCC4ED77 
 371      0A72E5B1 
 372 1118 BB925C7C 		.ascii	"\273\222\\|\261u\323\326M\333\377\355G\206A\030\004"
 372      B175D3D6 
 372      4DDBFFED 
 372      47864118 
 372      04
 373 1129 7DC7A1D3 		.ascii	"}\307\241\323J8Q\307\236Z\342\332-\330\357\033M0\326"
 373      4A3851C7 
 373      9E5AE2DA 
 373      2DD8EF1B 
 373      4D30D6
 374 113c FA05C85D 		.ascii	"\372\005\310]]\267\2507p\333\324\274\333\226O\324\330"
 374      5DB7A837 
 374      70DBD4BC 
 374      DB964FD4 
 374      D8
 375 114d CD55CD7F 		.ascii	"\315U\315\177\352\266]\215]]\325X\015\362\211Z\215\335"
 375      EAB65D8D 
 375      5D5DD558 
 375      0DF2895A 
 375      8DDD
 376 115f 3D5CB1EB 		.ascii	"=\\\261\353\326\355\274\253\353F5\305\273\320\2433\336"
 376      D6EDBCAB 
 376      EB4635C5 
 376      BBD0A333 
 376      DE
 377 1170 F8999AF3 		.ascii	"\370\231\232\363\200\226\2336\252y\217-\200vU\273\200"
 377      80969B36 
 377      AA798F2D 
 377      807655BB 
 377      80
 378 1181 3803F23F 		.ascii	"8\003\362?\324^\177\221\261\014\321\006\220\251\354"
 378      D45E7F91 
 378      B10CD106 
ARM GAS  C:\Users\User\AppData\Local\Temp\ccfBElwn.s 			page 30


 378      90A9EC
 379 1190 473AB5C4 		.ascii	"G:\265\304\240xj\371O~\255\376\234\0346\363\233]\177"
 379      A0786AF9 
 379      4F7EADFE 
 379      9C1C36F3 
 379      9B5D7F
 380 11a3 039DF050 		.ascii	"\003\235\360P\253\321o\321\347\26085^\301\302\232t~"
 380      ABD16FD1 
 380      E7B03835 
 380      5EC1C29A 
 380      747E
 381 11b5 1F06507F 		.ascii	"\037\006P\177\201C4Z\237\237\230\343g\356\233\266}\343"
 381      8143345A 
 381      9F9F98E3 
 381      67EE9BB6 
 381      7DE3
 382 11c7 C2E20EC2 		.ascii	"\302\342\016\302&\034\336\346\246\306\233\334\324r\367"
 382      261CDEE6 
 382      A6C69BDC 
 382      D472F7
 383 11d6 2FDCDDD4 		.ascii	"/\334\335\324\326\333<\3347ntS[m\333\376;w\210\347\226"
 383      D6DB3CDC 
 383      376E7453 
 383      5B6DDBFE 
 383      3B7788E7 
 384 11eb 6D6E1BD5 		.ascii	"mn\033\325\370S\265Z\305z\363\325.\277 `\351\027\304"
 384      F853B55A 
 384      C57AF3D5 
 384      2EBF2060 
 384      E917C4
 385 11fe E61B1FE0 		.ascii	"\346\033\037\340\345\027hM\016k\275eJo\337\355\276>"
 385      E517684D 
 385      0E6BBD65 
 385      4A6FDFED 
 385      BE3E
 386 1210 1EFE1ACD 		.ascii	"\036\376\032\315.\033X`\320q@x\374\210>\004k\015s\305"
 386      2E1B5860 
 386      D0714078 
 386      FC883E04 
 386      6B0D73C5 
 387 1224 DB975814 		.ascii	"\333\227X\024R\206\372\247\262\251\365\015\326x\371"
 387      5286FAA7 
 387      B2A9F50D 
 387      D678F9
 388 1233 1093CB60 		.ascii	"\020\223\313`\006n\244+OX'd\261yh\275\202\265\177\255"
 388      066EA42B 
 388      4F582764 
 388      B17968BD 
 388      82B57FAD 
 389 1247 8F95278C 		.ascii	"\217\225'\214\310W\301A\273w\221\256\253\374\202Ht\003"
 389      C857C141 
 389      BB7791AE 
 389      ABFC8248 
 389      7403
 390 1259 BCC8FA54 		.ascii	"\274\310\372T2\305\317\007\246\257\267\257\307\236\220"
 390      32C5CF07 
 390      A6AFB7AF 
ARM GAS  C:\Users\User\AppData\Local\Temp\ccfBElwn.s 			page 31


 390      C79E90
 391 1268 4D817EDA 		.ascii	"M\201~\332\255?a\307I^\200Q#f\267\374t\213\017\254\312"
 391      AD3F61C7 
 391      495E8051 
 391      2366B7FC 
 391      748B0FAC 
 392 127d C96A73A6 		.ascii	"\311js\246\307\367\350q\003Y\212\2337\272\221\014\363"
 392      C7F7E871 
 392      03598A9B 
 392      37BA910C 
 392      F3
 393 128e 7F71C627 		.ascii	"\177q\306'\312"
 393      CA
 394              		.text
 395              		.section	.gnu.lto_.symtab.ebb96303,"",%progbits
 396 0000 6D61696E 		.ascii	"main\000"
 396      00
 397 0005 00       		.ascii	"\000"
 398 0006 00       		.ascii	"\000"
 399 0007 00       		.ascii	"\000"
 400 0008 00000000 		.ascii	"\000\000\000\000\000\000\000\000"
 400      00000000 
 401 0010 8F010000 		.ascii	"\217\001\000\000"
 402 0014 70776D4C 		.ascii	"pwmLEDconf\000"
 402      4544636F 
 402      6E6600
 403 001f 00       		.ascii	"\000"
 404 0020 00       		.ascii	"\000"
 405 0021 00       		.ascii	"\000"
 406 0022 00000000 		.ascii	"\000\000\000\000\000\000\000\000"
 406      00000000 
 407 002a BA010000 		.ascii	"\272\001\000\000"
 408 002e 50574D44 		.ascii	"PWMD3\000"
 408      3300
 409 0034 00       		.ascii	"\000"
 410 0035 02       		.ascii	"\002"
 411 0036 00       		.ascii	"\000"
 412 0037 00000000 		.ascii	"\000\000\000\000\000\000\000\000"
 412      00000000 
 413 003f B8010000 		.ascii	"\270\001\000\000"
 414 0043 50574D44 		.ascii	"PWMD4\000"
 414      3400
 415 0049 00       		.ascii	"\000"
 416 004a 02       		.ascii	"\002"
 417 004b 00       		.ascii	"\000"
 418 004c 00000000 		.ascii	"\000\000\000\000\000\000\000\000"
 418      00000000 
 419 0054 B6010000 		.ascii	"\266\001\000\000"
 420 0058 50574D44 		.ascii	"PWMD1\000"
 420      3100
 421 005e 00       		.ascii	"\000"
 422 005f 02       		.ascii	"\002"
 423 0060 00       		.ascii	"\000"
 424 0061 00000000 		.ascii	"\000\000\000\000\000\000\000\000"
 424      00000000 
 425 0069 B4010000 		.ascii	"\264\001\000\000"
 426 006d 63685468 		.ascii	"chThdSleep\000"
ARM GAS  C:\Users\User\AppData\Local\Temp\ccfBElwn.s 			page 32


 426      64536C65 
 426      657000
 427 0078 00       		.ascii	"\000"
 428 0079 02       		.ascii	"\002"
 429 007a 00       		.ascii	"\000"
 430 007b 00000000 		.ascii	"\000\000\000\000\000\000\000\000"
 430      00000000 
 431 0083 96010000 		.ascii	"\226\001\000\000"
 432 0087 70776D45 		.ascii	"pwmEnableChannel\000"
 432      6E61626C 
 432      65436861 
 432      6E6E656C 
 432      00
 433 0098 00       		.ascii	"\000"
 434 0099 02       		.ascii	"\002"
 435 009a 00       		.ascii	"\000"
 436 009b 00000000 		.ascii	"\000\000\000\000\000\000\000\000"
 436      00000000 
 437 00a3 9C010000 		.ascii	"\234\001\000\000"
 438 00a7 70776D53 		.ascii	"pwmStart\000"
 438      74617274 
 438      00
 439 00b0 00       		.ascii	"\000"
 440 00b1 02       		.ascii	"\002"
 441 00b2 00       		.ascii	"\000"
 442 00b3 00000000 		.ascii	"\000\000\000\000\000\000\000\000"
 442      00000000 
 443 00bb A1010000 		.ascii	"\241\001\000\000"
 444 00bf 5F70616C 		.ascii	"_pal_lld_setgroupmode\000"
 444      5F6C6C64 
 444      5F736574 
 444      67726F75 
 444      706D6F64 
 445 00d5 00       		.ascii	"\000"
 446 00d6 02       		.ascii	"\002"
 447 00d7 00       		.ascii	"\000"
 448 00d8 00000000 		.ascii	"\000\000\000\000\000\000\000\000"
 448      00000000 
 449 00e0 AD010000 		.ascii	"\255\001\000\000"
 450 00e4 63685379 		.ascii	"chSysInit\000"
 450      73496E69 
 450      7400
 451 00ee 00       		.ascii	"\000"
 452 00ef 02       		.ascii	"\002"
 453 00f0 00       		.ascii	"\000"
 454 00f1 00000000 		.ascii	"\000\000\000\000\000\000\000\000"
 454      00000000 
 455 00f9 B0010000 		.ascii	"\260\001\000\000"
 456 00fd 68616C49 		.ascii	"halInit\000"
 456      6E697400 
 457 0105 00       		.ascii	"\000"
 458 0106 02       		.ascii	"\002"
 459 0107 00       		.ascii	"\000"
 460 0108 00000000 		.ascii	"\000\000\000\000\000\000\000\000"
 460      00000000 
 461 0110 B2010000 		.ascii	"\262\001\000\000"
 462              		.text
ARM GAS  C:\Users\User\AppData\Local\Temp\ccfBElwn.s 			page 33


 463              		.section	.gnu.lto_.opts,"",%progbits
 464 0000 272D666D 		.ascii	"'-fmath-errno' '-fsigned-zeros' '-ftrapping-math' '"
 464      6174682D 
 464      6572726E 
 464      6F272027 
 464      2D667369 
 465 0033 2D666E6F 		.ascii	"-fno-trapv' '-fno-openmp' '-fno-openacc' '-mcpu=cor"
 465      2D747261 
 465      70762720 
 465      272D666E 
 465      6F2D6F70 
 466 0066 7465782D 		.ascii	"tex-m7' '-mno-thumb-interwork' '-mthumb' '-ggdb' '-"
 466      6D372720 
 466      272D6D6E 
 466      6F2D7468 
 466      756D622D 
 467 0099 4F322720 		.ascii	"O2' '-fomit-frame-pointer' '-falign-functions=16' '"
 467      272D666F 
 467      6D69742D 
 467      6672616D 
 467      652D706F 
 468 00cc 2D666675 		.ascii	"-ffunction-sections' '-fdata-sections' '-fno-common"
 468      6E637469 
 468      6F6E2D73 
 468      65637469 
 468      6F6E7327 
 469 00ff 2720272D 		.ascii	"' '-flto'\000"
 469      666C746F 
 469      2700
 470              		.text
 471              		.comm	__gnu_lto_v1,1,1
 472              		.comm	__gnu_lto_slim,1,1
 473              		.ident	"GCC: (GNU Tools for ARM Embedded Processors 6-2017-q1-update) 6.3.1 20170215 (release) [AR
ARM GAS  C:\Users\User\AppData\Local\Temp\ccfBElwn.s 			page 34


DEFINED SYMBOLS
                            *ABS*:00000000 main.c
                            *COM*:00000001 __gnu_lto_v1
                            *COM*:00000001 __gnu_lto_slim

NO UNDEFINED SYMBOLS
