ARM GAS  C:\Users\User\AppData\Local\Temp\ccfSCbES.s 			page 1


   1              		.cpu cortex-m7
   2              		.eabi_attribute 20, 1
   3              		.eabi_attribute 21, 1
   4              		.eabi_attribute 23, 3
   5              		.eabi_attribute 24, 1
   6              		.eabi_attribute 25, 1
   7              		.eabi_attribute 26, 1
   8              		.eabi_attribute 30, 2
   9              		.eabi_attribute 34, 1
  10              		.eabi_attribute 18, 4
  11              		.file	"nvic.c"
  12              		.text
  13              	.Ltext0:
  14              		.section	.gnu.lto_.profile.a378359c,"",%progbits
  15 0000 789C6365 		.ascii	"x\234ce`b`a```d\220\022\003\000\000\312\000="
  15      60626061 
  15      60606064 
  15      90120300 
  15      00CA003D 
  16              		.text
  17              		.section	.gnu.lto_.icf.a378359c,"",%progbits
  18 0000 789C6365 		.ascii	"x\234ce`b\220b@\000\026\206\027\337\372'q3~\336ur'\033"
  18      60629062 
  18      40001686 
  18      17DFFA27 
  18      71337EDE 
  19 0018 D385E635 		.ascii	"\323\205\3465\217\270\231;\356\375hab\000\000\253P\014"
  19      8FB8993B 
  19      EEFD6861 
  19      620000AB 
  19      500C
  20 002a 3B       		.ascii	";"
  21              		.text
  22              		.section	.gnu.lto_.jmpfuncs.a378359c,"",%progbits
  23 0000 789C6365 		.ascii	"x\234ce`b\220b@\000\026\006&FF\346\372zF \250g\202\260"
  23      60629062 
  23      40001606 
  23      264646E6 
  23      FA7A4620 
  24 0018 99416C06 		.ascii	"\231Al\006\000)\250\003:"
  24      0029A803 
  24      3A
  25              		.text
  26              		.section	.gnu.lto_.inline.a378359c,"",%progbits
  27 0000 789C4D8C 		.ascii	"x\234M\214\321\021\2000\014B!M\323\350\217#\324\011"
  27      D1118030 
  27      0C42214D 
  27      D3E88F23 
  27      D409
  28 0012 5CD2453A 		.ascii	"\\\322E:\222\2438\202\261\236U>\270\343\036\220!\330"
  28      92A33882 
  28      B19E553E 
  28      B8E31E90 
  28      21D8
  29 0024 F1498179 		.ascii	"\361I\201y\242pe\204\333\324\316\015\326\252@\216E\021"
  29      A2706584 
  29      DBD4CE0D 
ARM GAS  C:\Users\User\AppData\Local\Temp\ccfSCbES.s 			page 2


  29      D6AA408E 
  29      4511
  30 0036 C9833808 		.ascii	"\311\2038\010/d\257$m\365\251\004\325~\"\310J\366\227"
  30      2F64AF24 
  30      6DF5A904 
  30      D57E22C8 
  30      4AF697
  31 0049 14BBDF41 		.ascii	"\024\273\337A(\241\330;\035pLq\001\226\277\015\245"
  31      28A1D83B 
  31      1D704C71 
  31      0196BF0D 
  31      A5
  32              		.text
  33              		.section	.gnu.lto_.pureconst.a378359c,"",%progbits
  34 0000 789C6365 		.ascii	"x\234ce`b\340d```a\220b\224b\222b\226\002\000\002\321"
  34      6062E064 
  34      60606061 
  34      90629462 
  34      92629602 
  35 0017 0083     		.ascii	"\000\203"
  36              		.text
  37              		.section	.gnu.lto_nvicEnableVector.a378359c,"",%progbits
  38 0000 789C9D53 		.ascii	"x\234\235SMHTQ\024\276\337;3\363ft\234\326\321\220."
  38      4D485451 
  38      14BEDF3B 
  38      33F36674 
  38      9CD6D190 
  39 0015 0271D363 		.ascii	"\002q\323c\010\022\332\325@;7\265\013Cj\\8\220\363\304"
  39      0812DAD5 
  39      403B37B5 
  39      0B436A5C 
  39      3890F3C4 
  40 0029 316DE775 		.ascii	"1m\347u\264\221,J\312\237\214\2067\201\345_:jVj\005"
  40      B4912C4A 
  40      CA9F8C86 
  40      3781E55F 
  40      3A6A566A 
  41 003e C320C42C 		.ascii	"\303 \304,,\012wA\213&\212Y\0306\264h\241\326\271\357"
  41      2C0A7741 
  41      8B268A59 
  41      1836B468 
  41      A1D6B9EF 
  42 0052 0D24548B 		.ascii	"\015$T\213\272p\177\3169\337w\316\371\356}\317-4q\202"
  42      BA707FCE 
  42      39DF77CE 
  42      F9EE7DCF 
  42      2D347182 
  43 0066 84880821 		.ascii	"\204\210\010!\016\360\004\011h\203\257\204\350\361j"
  43      0EF00409 
  43      6883AF84 
  43      E8F16A
  44 0075 803A482F 		.ascii	"\200:H/D\267\206n\334\240QB\256\377\323\212V7!ydGK\373"
  44      44B7866E 
  44      DCA05142 
  44      AEFFD38A 
  44      56372179 
  45 008d E5641616 		.ascii	"\345d\026\026\323\307x\252\201\011\3241\352M\337\374"
ARM GAS  C:\Users\User\AppData\Local\Temp\ccfSCbES.s 			page 3


  45      D3C778AA 
  45      8109D431 
  45      EA4DDFFC 
  46 009d 5DBA4E16 		.ascii	"]\272N\026\001.6\277\256\337)\004\224\251\241\206\315"
  46      012E36BF 
  46      AEDF2904 
  46      94A9A186 
  46      CD
  47 00ae 1D393412 		.ascii	"\03594\022\240\263\020|\036\313\015\277\253\252\275"
  47      A0B3107C 
  47      1ECB0DBF 
  47      ABAABD
  48 00bd 2F654266 		.ascii	"/eBf\327\206H\036\262\2100\015\342\204\230B\020\223"
  48      D786481E 
  48      B288300D 
  48      E2849842 
  48      1093
  49 00cf 080A7609 		.ascii	"\010\012v\011\314\240\226\3413\211\317\233DM6\365J~"
  49      CCA096E1 
  49      3389CF9B 
  49      444D36F5 
  49      4A7E
  50 00e1 A7A097A9 		.ascii	"\247\240\227\251\037\207\313\324\207\177\240\316\242"
  50      1F87CBD4 
  50      877FA0CE 
  50      A2
  51 00ee 56E13F2C 		.ascii	"V\341?,\354\016Wy\\N\257\230\203\007\274g\336\"+w\177"
  51      EC0E5779 
  51      5C4EAF98 
  51      8307BC67 
  51      DE222B77 
  52 0103 F4CBECC6 		.ascii	"\364\313\354\306\003\214\236\364\003\012\2561\321Ej"
  52      038C9EF4 
  52      030AAE31 
  52      D1456A
  53 0112 714355D6 		.ascii	"qCU\326\371\350\366\252\305\307\213G\210\001\316\241"
  53      F9E8F6AA 
  53      C5C78B47 
  53      8801CEA1 
  54 0122 2EE72A69 		.ascii	".\347*ij\247\"\022\245\376\235L\205J\233\"-E\020E\364"
  54      6AA72212 
  54      A5FE9D4C 
  54      854A9B22 
  54      2D451045 
  55 0137 6E25E138 		.ascii	"n%\3418\210}{\257\305\003\0272\334^\021\271\221|\265"
  55      887D7BAF 
  55      C5031732 
  55      DC5E11B9 
  55      917CB5
  56 014a C27074E4 		.ascii	"\302pt\344r\356\265\256\242\272-o\351\336\227\357~\307"
  56      72EEB5AE 
  56      A2BA2D6F 
  56      E9DE97EF 
  56      7EC7
  57 015c 94B95E19 		.ascii	"\224\271^\031`\327\315\315\322r\300B\252\207o?}\320"
  57      60D7CDCD 
  57      D272C042 
ARM GAS  C:\Users\User\AppData\Local\Temp\ccfSCbES.s 			page 4


  57      AA876F3F 
  57      7DD0
  58 016e 222F1658 		.ascii	"\"/\026X\347<'R\204\365\367\213\203\373\214Y\331\327"
  58      E73C2752 
  58      84F5F78B 
  58      83FB8C59 
  58      D9D7
  59 0180 236B2CF2 		.ascii	"#k,\362a\021\026n\333\357\242\262M\177\233\244PF\005"
  59      6111166E 
  59      DBEFA2B2 
  59      4D7F9BA4 
  59      504605
  60 0193 D3318B2A 		.ascii	"\3231\213*\360\010F\212\334\366\233-!\304-\252\206K"
  60      F008468A 
  60      DCF69B2D 
  60      21C42DAA 
  60      864B
  61 01a5 C9D442BA 		.ascii	"\311\324B\272\334\263\316a&\346\307W\267\375N\317n<"
  61      DCB3CE61 
  61      26E6C757 
  61      B7FD4ECF 
  61      6E3C
  62 01b7 B67BEEDD 		.ascii	"\266{\356\335NN\371\034\220\327\001\335\032\237[\251"
  62      4E4EF91C 
  62      90D701DD 
  62      1A9F5BA9 
  63 01c7 522037AA 		.ascii	"R 7\252\361\304\001m%\363\272\003\362\251\372k/\223"
  63      F1C4016D 
  63      25F3BA03 
  63      F2A9FA6B 
  63      2F93
  64 01d9 5E270DF0 		.ascii	"^'\015\360\024A\246:\352\215\262\372\177\321V\211e["
  64      1441A63A 
  64      EA8DB2FA 
  64      7FD15689 
  64      655B
  65 01eb 1B7ED7D6 		.ascii	"\033~\327\326i\221\037+J\233nk[U\332|v\251\342@\241"
  65      69911F2B 
  65      4A9B6E6B 
  65      5B55DA7C 
  65      76A9E240 
  66 0200 F2BF8A3D 		.ascii	"\362\277\212=\263\213i\177)\366\374W\261\027N\261M$"
  66      B38B697F 
  66      29F6FC57 
  66      B1174EB1 
  66      4D24
  67 0212 D2996BF6 		.ascii	"\322\231k\3665\332?\305\0007\312\037\011'8\023>\326"
  67      35DA3FC5 
  67      0037CA1F 
  67      09273813 
  67      3ED6
  68 0224 1869899E 		.ascii	"\030i\211\236\2176\206\325z\272\343bs\324\014\325w\036"
  68      8F3686D5 
  68      7ABAE362 
  68      73D40CD5 
  68      771E
  69 0236 69EA8AC6 		.ascii	"i\352\212\306\232\315\256\370^\277\2034\343\241\372"
ARM GAS  C:\Users\User\AppData\Local\Temp\ccfSCbES.s 			page 5


  69      9ACDAEF8 
  69      5EBF8334 
  69      E3A1FA
  70 0245 A3861937 		.ascii	"\243\206\0317Z\316]0\332\314\366\216\270\0211[[\315"
  70      5ACE5D30 
  70      DACCF68E 
  70      B811315B 
  70      5BCD
  71 0257 9871FC54 		.ascii	"\230q\374TC\270\341\222\021\353\214F\016G\004b\256\266"
  71      43B8E192 
  71      11EB8C46 
  71      0E470462 
  71      AEB6
  72 0269 F6A8F913 		.ascii	"\366\250\371\023\270\262)\332"
  72      B8B229DA 
  73              		.text
  74              		.section	.gnu.lto_nvicDisableVector.a378359c,"",%progbits
  75 0000 789C9592 		.ascii	"x\234\225\222Mh\023Q\020\307\337\177g\223lm\223^\005"
  75      4D681351 
  75      10C7DF7F 
  75      67936C6D 
  75      935E05
  76 0013 83F62094 		.ascii	"\203\366 \224^\\\202`\301\233\004\274\365\2427\251\212"
  76      5E5C8260 
  76      C19B04BC 
  76      F5A237A9 
  76      8A
  77 0024 A64217EC 		.ascii	"\246B\027\354\256\230\232z\353K?R\250\250E\333\324\212"
  77      AE989A7A 
  77      EB4B3F52 
  77      A8A845DB 
  77      D48A
  78 0036 6123449A 		.ascii	"a#D\232\266\266\351G\324\326S\010\202\004\214\242\340"
  78      B6B6E947 
  78      D4D65308 
  78      82048CA2 
  78      E0
  79 0047 49F06045 		.ascii	"I\360`E\364P\251\245\007\017\265:o\327C\301\223\017"
  79      F450A9A5 
  79      070FB53A 
  79      6FD743C1 
  79      930F
  80 0059 DEC7BCFD 		.ascii	"\336\307\274\375\315\374g\346m@h\342\222&\3049!\304"
  80      CDFC67E6 
  80      6D4068E2 
  80      9226C439 
  80      21C4
  81 006b 019E2001 		.ascii	"\001\236 \001m\354\265\020iC\003\324A\032\020\375\032"
  81      6DECB510 
  81      694303D4 
  81      411A10FD 
  81      1A
  82 007c FA719B26 		.ascii	"\372q\233&\011\325\221/kZ\333\264\344Q\231,\0073rx\277"
  82      09D5912F 
  82      6B5ADBB4 
  82      E451992C 
  82      07337278 
ARM GAS  C:\Users\User\AppData\Local\Temp\ccfSCbES.s 			page 6


  83 0091 4B424CF1 		.ascii	"KBL\361T\003\323hc\352\355\320\342\003\272E.\001:\233"
  83      5403D368 
  83      63EAEDD0 
  83      E203BA45 
  83      2E013A9B 
  84 00a5 3FEAF7D7 		.ascii	"?\352\367\327#\312\324\320\302\346/9\236\215\320Y\010"
  84      23CAD4D0 
  84      C2E62F39 
  84      9E8DD059 
  84      08
  85 00b6 3E4F5527 		.ascii	">OU'>\204[\037I9 +\257\306I\036v\2110\013\342\200\230"
  85      3E845B1F 
  85      4939202B 
  85      AFC6491E 
  85      7689300B 
  86 00cd 41144544 		.ascii	"A\024ED\005_\011\314\241U\361\237\226v'\302A\335\027"
  86      055F09CC 
  86      A155F19F 
  86      967627C2 
  86      41DD17
  87 00e0 C46304C1 		.ascii	"\304c\004\301{\351\035*r\367\367\210\254|.\340\375I"
  87      7BE91D2A 
  87      72F7F788 
  87      AC7C2EE0 
  87      FD49
  88 00f2 0350B8C6 		.ascii	"\003P\270\306\216:\251E\347% \304(\373\250\212n\220"
  88      8E3AA945 
  88      E72520C4 
  88      28FBA88A 
  88      6E90
  89 0104 A676FA86 		.ascii	"\246v\372\206\301\255L}%\017\025'GZ\216\300\012\265"
  89      C1AD4C7D 
  89      250F1527 
  89      475A8EC0 
  89      0AB5
  90 0116 C2F39D26 		.ascii	"\302\363\235&\225l\000\001\314\263<c;\231\231\006\037"
  90      956C0001 
  90      CCB33C63 
  90      3B999906 
  90      1F
  91 0127 221FBA5B 		.ascii	"\"\037\272[XX\013+H\307!,\370\320f\246\026\362!Us\371"
  91      58580B2B 
  91      48C7212C 
  91      F8D066A6 
  91      16F22155 
  92 013d C5CB8CE1 		.ascii	"\305\313\214\341\207\001J\210\262+C\325l\315T\014\003"
  92      87014A88 
  92      B22B43D5 
  92      6CCD540C 
  92      03
  93 014e D9E1EA9B 		.ascii	"\331\341\352\233\220\002\202^#\312\017\277\377l\362"
  93      9002825E 
  93      23CA0FBF 
  93      FF6CF2
  94 015d 4D591D94 		.ascii	"MY\035\224\021\276\272\263\261\265\032q\221Ks\263\363"
  94      11BEBAB3 
  94      B1B51A71 
ARM GAS  C:\Users\User\AppData\Local\Temp\ccfSCbES.s 			page 7


  94      914B73B3 
  94      F3
  95 016e 075D0A61 		.ascii	"\007]\012a\211;\262\310j\312\241\376qy\254\331\234\227"
  95      893BB2C8 
  95      6ACAA1FE 
  95      7179ACD9 
  95      9C97
  96 0180 4369D9E2 		.ascii	"Ci\331\342\222\201e\270\270\347=\203\2126\273]\244X"
  96      928165B8 
  96      B8E73D83 
  96      8A36BB5D 
  96      A458
  97 0192 497DCCA7 		.ascii	"I}\314\247\\j\300\012L\256\320{\2422b\234\242Jf\373"
  97      5C6AC00A 
  97      4CAED07B 
  97      A232629C 
  97      A24A66FB 
  98 01a6 6B713DF4 		.ascii	"kq=\3647\235\377\021\333\207'\236\030\376\025\263]j"
  98      379DFF11 
  98      DB87279E 
  98      18FE15B3 
  98      5D6A
  99 01b8 C4532506 		.ascii	"\304S%\006O\354\031b{km\204\300*\307\334\300@~\356\246"
  99      4FEC1962 
  99      7B6B6D84 
  99      C02AC7DC 
  99      C0407EEE 
 100 01cd D778EFBF 		.ascii	"\327x\357\277\031e\234\237\204\023<\023?\336\231\350"
 100      19659C9F 
 100      84133C13 
 100      3FDE99E8 
 101 01dd B62E5A9D 		.ascii	"\266.Z\235q\265\236\356\275\326e9\261\366\324\321\363"
 101      71B59EEE 
 101      BDD66539 
 101      B1F6D4D1 
 101      F3
 102 01ee 7D96DDE5 		.ascii	"}\226\335\345\364%\367\336\373\244\223\214\265\0373"
 102      F425F7DE 
 102      FBA4938C 
 102      B51F33
 103 01fd 9DA4D97D 		.ascii	"\235\244\331}\341\262y\305\271\332\2334\023NO\217c\233"
 103      E1B279C5 
 103      B9DA9B34 
 103      134E4F8F 
 103      639B
 104 020f 274E75C4 		.ascii	"'Nu\304;\256\233v\312J\034I\010\330\177\000\340s\344"
 104      3BAE9B76 
 104      CA4A1C49 
 104      08D87F00 
 104      E073E4
 105 0222 C9       		.ascii	"\311"
 106              		.text
 107              		.section	.gnu.lto_nvicSetSystemHandlerPriority.a378359c,"",%progbits
 108 0000 789C6D51 		.ascii	"x\234mQMh\023Q\020\236o'\311\256\202=\027\355\241\007"
 108      4D681351 
 108      109E6F27 
 108      C9AE823D 
ARM GAS  C:\Users\User\AppData\Local\Temp\ccfSCbES.s 			page 8


 108      17EDA107 
 109 0014 21F4D225 		.ascii	"!\364\322%\010\026\274I\316\275\350M*R\223B\026\332"
 109      0816BC49 
 109      CEBDE84D 
 109      2A529342 
 109      16DA
 110 0026 6C496AEB 		.ascii	"lIj\353\255o\223\266\301\012U\3244U\014\033(Rm\215i"
 110      AD6F93B6 
 110      C10A55D4 
 110      34550C1B 
 110      28526D8D 
 111 003b D54BB048 		.ascii	"\325K\260H\310\311\034T\364\330\223ZQ\002\006\374\351"
 111      C8C91C54 
 111      F4D8935A 
 111      510206FC 
 111      E9
 112 004c D5EABC6D 		.ascii	"\325\352\274m\204\036|\360~f\346\373\346\3157\023&\203"
 112      841E7CF0 
 112      7E66E6FB 
 112      E6CD3713 
 112      2683
 113 005e 3A207288 		.ascii	": r\210\350\204l0\301\270\371\206\310\263\014@?\224"
 113      E8846C30 
 113      C1B8F986 
 113      C8B30C40 
 113      3F94
 114 0070 059A3530 		.ascii	"\005\23250\213\033\\b4\013_\352\306\300\232\222\325"
 114      8B1B5C62 
 114      340B5FEA 
 114      C6C09A92 
 114      D5
 115 0081 28ED4516 		.ascii	"(\355E\026\324|\257\317Dwe\353\2055\014\010\352\335"
 115      D47CAFCF 
 115      447765EB 
 115      85350C08 
 115      EADD
 116 0093 DCE67D5E 		.ascii	"\334\346}^b\237\201\220\230?^\337\333\355\321\246\201"
 116      629F8190 
 116      983F5EDF 
 116      DBEDD1A6 
 116      81
 117 00a4 7E31F3B7 		.ascii	"~1\363\267_n[|\021$\357\216jy\221\350\003\245r\252\361"
 117      5F6E5B7C 
 117      1124EF8E 
 117      6A7991E8 
 117      03A572AA 
 118 00b9 B9C8EAA4 		.ascii	"\271\310\352\244\317\214u\260$\304#\364\341!\372H\\"
 118      CF8C75B0 
 118      24C423F4 
 118      E121FA48 
 118      5C
 119 00ca 840D4405 		.ascii	"\204\015D\005\276\221\373\332a\036\013\250\327Z\277"
 119      BE91FBDA 
 119      611E0BA8 
 119      D75ABF
 120 00d9 77CD2E75 		.ascii	"w\315.u\257\324\245>\376\017\265\212\250\306\177\332"
 120      AFD4A53E 
ARM GAS  C:\Users\User\AppData\Local\Temp\ccfSCbES.s 			page 9


 120      FE0FB58A 
 120      A8C67FDA 
 121 00e9 DA2F1E8B 		.ascii	"\332/\036\213\204V\377\225\213'\210\210r\252\275GC\355"
 121      8456FF95 
 121      8B278888 
 121      72AABD47 
 121      43ED
 122 00fb FF294801 		.ascii	"\377)H\001\275;\277,\023\320\014C\270!\326G\030\372"
 122      BD3BBF2C 
 122      13D00C43 
 122      B821D647 
 122      18FA
 123 010d 73A24521 		.ascii	"s\242E!\351\206\\gC\337\334F\356g\241Z\377\000\235\250"
 123      E9865C67 
 123      43DFDC46 
 123      EE67A15A 
 123      FF009DA8 
 124 0121 CC469941 		.ascii	"\314F\231Am\344\277/t\035,\276\303\275\010#\204\232"
 124      6DE4BF2F 
 124      741D2CBE 
 124      C3BD0823 
 124      849A
 125 0133 D4D44673 		.ascii	"\324\324Fs\2715\2501\022]\236o\2765u4\022h\362\352\333"
 125      B935A831 
 125      125D9E6F 
 125      BE357534 
 125      1268F2EA 
 126 0148 77C207A6 		.ascii	"w\302\007\246\332\311\253\036\315_\311}\264|\224=iy"
 126      DAC9AB1E 
 126      CD5FC97D 
 126      B47C943D 
 126      6979
 127 015a E5B8CF26 		.ascii	"\345\270\317&\266D\334\246$\322\204o\305W\353G\355\252"
 127      B644DCA6 
 127      24D2846F 
 127      C557EB47 
 127      EDAA
 128 016c 9AF354BF 		.ascii	"\232\363T\277\317\026\236\302\307J0\014\011\256\336"
 128      CF169EC2 
 128      C74A300C 
 128      09AEDE
 129 017b 2AC76335 		.ascii	"*\307c5\035\253d|>\202g\260\313\034\016\346\364\034"
 129      1DAB647C 
 129      3E8267B0 
 129      CB1C0EE6 
 129      F41C
 130 018d 31A95046 		.ascii	"1\251PF\237\253\274X\012\012\016\346\267(\032D\233A"
 130      9FABBC58 
 130      0A0A0EE6 
 130      B7281A44 
 130      9B41
 131 019f 74217E66 		.ascii	"t!~f$\221r.;#q}\236\237\272\222t\334\330\320\364\251"
 131      2491722E 
 131      3B23717D 
 131      9E9FBA92 
 131      74DCD8D0 
 132 01b5 4B334E3A 		.ascii	"K3N:\351\316d\017\373\017\220n66t\332v\263vjt\334\236"
ARM GAS  C:\Users\User\AppData\Local\Temp\ccfSCbES.s 			page 10


 132      E9CE640F 
 132      FB0F906E 
 132      363674DA 
 132      76B3766A 
 133 01cc 74335359 		.ascii	"t3SY;\341NL\270i\373\354\271\341\370\360U;=\355$\006"
 133      3BE14E4C 
 133      B869FBEC 
 133      B9E1F8F0 
 133      553B3DED 
 134 01e2 1364A646 		.ascii	"\023d\246F\323\311\361\261Lh2\343\270\177\001b\365\300"
 134      D3C9F1B1 
 134      4C6832E3 
 134      B87F0162 
 134      F5C0
 135 01f4 A7       		.ascii	"\247"
 136              		.text
 137              		.section	.gnu.lto_nvicClearPending.a378359c,"",%progbits
 138 0000 789C4D51 		.ascii	"x\234MQML\023Q\020\236og\267-\011\255W\023\033\345`"
 138      4D4C1351 
 138      109E6F67 
 138      B72D09AD 
 138      57131BE5 
 139 0015 4288099B 		.ascii	"B\210\011\233\306D\022o\246\007N\\\364fP\243\345\300"
 139      C644126F 
 139      A6074E5C 
 139      F46650A3 
 139      E5C0
 140 0027 26D23516 		.ascii	"&\3225\026\2137^\013\264\021\023!\012E\214\315\326X"
 140      8B375E0B 
 140      B4111321 
 140      0A458CCD 
 140      D658
 141 0039 C38F4201 		.ascii	"\303\217B\001=\010^\232\215\027\016h\360\252\361\240"
 141      3D085E9A 
 141      8D170E68 
 141      F0AAF1A0 
 142 0049 89890708 		.ascii	"\211\211\007\0106\036<\0002\257\353\301\227\274\331"
 142      361E3C00 
 142      32AFEBC1 
 142      97BCD9
 143 0058 996FBFF9 		.ascii	"\231o\277\371f\336\214E\006\355\202\350*\021\235\220"
 143      66DE8C45 
 143      06ED82E8 
 143      2A119D90 
 144 0068 0B261893 		.ascii	"\013&\030\223\037\210r\021\003\320\216\212\200\206\015"
 144      1F887211 
 144      03D08E8A 
 144      80860D
 145 0077 0C638267 		.ascii	"\014c\202g\030~\361\307\272\3211\247\344\324g6\302\005"
 145      187EF1C7 
 145      BAD131A7 
 145      E4D46736 
 145      C205
 146 0089 3576DC63 		.ascii	"5v\334c\242Y\271\372`\016\035\302\332\036]y\312\017"
 146      A259B9FA 
 146      600E1DC2 
 146      DA1E5D79 
ARM GAS  C:\Users\User\AppData\Local\Temp\ccfSCbES.s 			page 11


 146      CA0F
 147 009b D863C094 		.ascii	"\330c\300\224\360\327\326\223\3571\035\032h\223\360"
 147      F0D7D693 
 147      EF311D1A 
 147      6893F0
 148 00aa 404D9562 		.ascii	"@M\225b|\005$\376\254?\3759\332\376B\251\274\252\277"
 148      7C0524FE 
 148      AC3FFD39 
 148      DAFE42A9 
 148      BCAABF
 149 00bd 9F6275DA 		.ascii	"\237bu\332c\306\"X\004\261\2008\346\021'\201\010/\321"
 149      63C62258 
 149      04B18038 
 149      E6112781 
 149      082FD1
 150 00d0 AEF9DF56 		.ascii	"\256\371\337V\017\247\243!3(\210W\010I\357T\373\204"
 150      0FA7A321 
 150      33288857 
 150      0849EF54 
 150      FB84
 151 00e2 BA3AFC5B 		.ascii	"\272:\374[T\365/UlwG\000M7$\321dmL1\226\245=\242qI\324"
 151      54F52F55 
 151      6C774700 
 151      4D3724D1 
 151      646D4C31 
 152 00fd CFBACF86 		.ascii	"\317\272\317\206\376\362O\2144\012\007\357*\320be6\312"
 152      FEF24F8C 
 152      340A07EF 
 152      2AD06265 
 152      36CA
 153 010f 0C29B359 		.ascii	"\014)\263Y\335\330o\325\035[\260\260$=\010m\277p\257"
 153      DDD86FD5 
 153      1D5BB0B0 
 153      243D086D 
 153      BF70AF
 154 0122 25207140 		.ascii	"% q@zT]^\217j\222\211SX\016H{\205\205p@2q&.T\001\363"
 154      7A545D5E 
 154      8F6A9289 
 154      53580E48 
 154      7B858570 
 155 013e 8DE23F75 		.ascii	"\215\342?uK`\001\374\322f\247\006D\2434\346\177\014"
 155      4B6001FC 
 155      D266A706 
 155      44A334E6 
 155      7F0C
 156 0150 6B8D5073 		.ascii	"k\215Ps\034o\236\355\376i\015B\345\217\250\230@\017"
 156      1C6F9EED 
 156      FE690D42 
 156      E58FA898 
 156      400F
 157 0162 771A6F63 		.ascii	"w\032oc\036\3129\031y\345\244\307a\254\310\\jRN'l}]"
 157      1ECA3919 
 157      79E5A4C7 
 157      61ACC85C 
 157      6A524E27 
 158 0179 9B3C662F 		.ascii	"\233<f/\251\321\234j\3638\202Uxx\334\\\206V[\374=\317"
 158      A9D19C6A 
ARM GAS  C:\Users\User\AppData\Local\Temp\ccfSCbES.s 			page 12


 158      F3388255 
 158      7878DC5C 
 158      86565BFC 
 159 018f 899AFE59 		.ascii	"\211\232\376Y\311z\334\2025\330\362\304\346\242^#!\375"
 159      C97ADC82 
 159      35D8F2C4 
 159      E6A25E23 
 159      21FD
 160 01a1 D00EF295 		.ascii	"\320\016\362\225\347\023\315\366\232\013\034g\350\261"
 160      E713CDF6 
 160      9A0B1C67 
 160      E8B1
 161 01af 08E772F2 		.ascii	"\010\347r\362|o\252\337\271\341\364&\265\2754x\247\317"
 161      7C6FAADF 
 161      B9E1F426 
 161      B5BD3478 
 161      A7CF
 162 01c1 71135DD9 		.ascii	"q\023]\331\263\327\206\234t\237;\224\371\037\017\230"
 162      B3D7869C 
 162      749F3B94 
 162      F91F0F98 
 163 01d1 6E26D175 		.ascii	"n&\321u\316v3v\377\365\233\366-\367\366`\306N\271\003"
 163      CE763376 
 163      FFF59BF6 
 163      2DF7F660 
 163      C64EB903 
 164 01e5 036EDABE 		.ascii	"\003n\332\276p\261'\331s\327Ng\235Tg\212\220>\002}\316"
 164      70B127D9 
 164      73D74E67 
 164      9D54678A 
 164      903E027D 
 165 01fa BC73     		.ascii	"\274s"
 166              		.text
 167              		.section	.gnu.lto_.symbol_nodes.a378359c,"",%progbits
 168 0000 789C6365 		.ascii	"x\234ce`b\360b\000\002\2469L\365\014\014\023\31610\000"
 168      6062F062 
 168      0002A639 
 168      4CF50C0C 
 168      13CE3130 
 169 0015 A95D0D8E 		.ascii	"\251]\015\216@\221\271L\365\214\250\"\363\230\352\231"
 169      4091B94C 
 169      F58CA822 
 169      F398EA99 
 170 0025 5045E633 		.ascii	"PE\3463\3253\243\2100\000\000\276\274\022:"
 170      D533A388 
 170      300000BE 
 170      BC123A
 171              		.text
 172              		.section	.gnu.lto_.refs.a378359c,"",%progbits
 173 0000 789C6365 		.ascii	"x\234ce`b`d\000\002\000\000I\000\011"
 173      60626064 
 173      00020000 
 173      490009
 174              		.text
 175              		.section	.gnu.lto_.decls.a378359c,"",%progbits
 176 0000 789CDD59 		.ascii	"x\234\335Y{PTYz\357\323\247\033\232\026\320 5\231l\330"
 176      7B505459 
ARM GAS  C:\Users\User\AppData\Local\Temp\ccfSCbES.s 			page 13


 176      7AEFD3A7 
 176      1B9A16D0 
 176      2035996C 
 177 0015 C44CDC1A 		.ascii	"\304L\334\032*\311\212\350f\234\244R\025\261\321H\325"
 177      2AC98AE8 
 177      669CA452 
 177      15B1D148 
 177      D5
 178 0026 B84B35EA 		.ascii	"\270K5\352\246RVQ\016\262+[\012\033\301\235u7\231i\004"
 178      A6525651 
 178      0EB22B5B 
 178      0A1BC19D 
 178      75379969 
 179 003b 94872228 		.ascii	"\224\207\"(\210\315CQ\344\241\200\200 \240\200\266("
 179      88CD4351 
 179      E4A18080 
 179      20A080B6 
 179      28
 180 004c 0F515051 		.ascii	"\017QPQP\220\267\210\210\350\360\360\005\"\344;\217"
 180      5090B788 
 180      88E8F0F0 
 180      0522E43B 
 180      8F
 181 005d 4B1F2EDD 		.ascii	"K\037.\335\326Tm*\177\244\213\357\336\373\235\363\273"
 181      D6546D2A 
 181      7FA48BEF 
 181      DEFB9DF3 
 181      BB
 182 006e DFF99DEF 		.ascii	"\337\371\235\357\373\316\353\242V(\025g\376V\241\030"
 182      FBCEEBA2 
 182      56281567 
 182      FE56A118 
 183 007e C60AC531 		.ascii	"\306\012\3051\244P\314\300O\255P(\362\025\346\237\012"
 183      A450CCC0 
 183      4FAD5028 
 183      F215E69F 
 183      0A
 184 008f E412C865 		.ascii	"\344\022\310e\020\023H\265b\376o7\274\353\000\367\315"
 184      101348B5 
 184      62FE6F37 
 184      BCEB00F7 
 184      CD
 185 00a0 204E20CE 		.ascii	" N \316 \305 . \237\203\374\202\224\001f1\310#xn\007"
 185      20C5202E 
 185      209F83FC 
 185      82940166 
 185      31C82378 
 186 00b6 790E3204 		.ascii	"y\0162\004\002M+\224Pn\007b\013\202x{\362\337\177C\205"
 186      024D2B94 
 186      506E0762 
 186      0B82787B 
 186      F2DF7F43 
 187 00cb BD8536E4 		.ascii	"\275\2056\344\366%\273R;J\020\015bm \336\017\371/\024"
 187      F625BB52 
 187      3B4A100D 
 187      626D20DE 
 187      0FF92F14 
ARM GAS  C:\Users\User\AppData\Local\Temp\ccfSCbES.s 			page 14


 188 00df 2AB456F8 		.ascii	"*\264V\370\023\333\345P_\012\362\015b6\211\235\024n"
 188      13DBE550 
 188      5F0AF20D 
 188      6236899D 
 188      146E
 189 00f1 CFC4F53A 		.ascii	"\317\304\365:4\327f\204\025\233\204\257\267\005\276"
 189      34D76684 
 189      159B84AF 
 189      B705BE
 190 0100 E4753B6E 		.ascii	"\344u;n\323\222\217\2230*=x\275J\331\205:\020\364\011"
 190      D3928F93 
 190      302A3D78 
 190      BD4AD985 
 190      3A10F409 
 191 0114 2DA2A508 		.ascii	"-\242\245\010\261+\242B\325\031\351\207\020-\207R\245"
 191      B12BA242 
 191      D519E987 
 191      102D8752 
 191      A5
 192 0125 821B968A 		.ascii	"\202\033\226\212\220\364\006\327\225\\Ur\223\364\217"
 192      90F406D7 
 192      955C5572 
 192      93F48F
 193 0134 BF8C048B 		.ascii	"\277\214\004\213\254\232\265$\375\030w\366@_\223\336"
 193      AC9AB524 
 193      FD1877F6 
 193      405F93DE 
 194 0144 464A7303 		.ascii	"FJs\003\010\211/\010\006\031m^?\313Oa\356\034\222z?"
 194      08892F08 
 194      06196D5E 
 194      3FCB4F61 
 194      EE1C927A 
 195 0159 6ABC35A0 		.ascii	"j\2745\240\355F\235\2444}5\242e)\367\3732\224\030B\013"
 195      ED469DA4 
 195      347D35A2 
 195      6529F7FB 
 195      32941842 
 196 016e CFDD1339 		.ascii	"\317\335\0239\353\226\345\031\330O\363\367f\267u\326"
 196      EB96E519 
 196      D84FF3F7 
 196      66B775D6 
 197 017e 9FC9C5B1 		.ascii	"\237\311\305\261\030}\256E\244\315\205PT0|q\302\201"
 197      187DAE45 
 197      A4CD8550 
 197      54307C71 
 197      C281
 198 0190 151144F3 		.ascii	"\025\021D\363\241\261\323\266\330\205>\337\015/L%h'"
 198      A1B1D3B6 
 198      D8853EDF 
 198      0D2F4C25 
 198      6827
 199 01a2 2D529156 		.ascii	"-R\221V\033\223\037;\202\352\254EK\222\260\322\330\360"
 199      1B931F3B 
 199      82EAAC45 
 199      4B92B0D2 
 199      D8F0
 200 01b4 A05A855C 		.ascii	"\240Z\205\\\265Y\244\021\323\314\253\317\343\367\033"
ARM GAS  C:\Users\User\AppData\Local\Temp\ccfSCbES.s 			page 15


 200      B559A411 
 200      D3CCABCF 
 200      E3F71B
 201 01c3 0C4A5484 		.ascii	"\014JT\204\264(\037at\026-#\224?'\201\2174\030\366\032"
 201      B4281F61 
 201      74162D23 
 201      943F2781 
 201      8F3418F6 
 202 01d8 E2C20C76 		.ascii	"\342\302\014v\353\025\250\000\271\240s\310E\201\012"
 202      EB15A800 
 202      B9A073C8 
 202      45810A
 203 01e7 912B6994 		.ascii	"\221+i\224\340P\036\024\346B!\264r\346t\374)\033\234"
 203      E0501E14 
 203      E64221B4 
 203      72E674FC 
 203      291B9C
 204 01fa 8F080365 		.ascii	"\217\010\003e\355\345G\017UH\353j\321@\211\005\003\214"
 204      EDE5470F 
 204      5548EB6A 
 204      D1408905 
 204      038C
 205 020c CCDB739F 		.ascii	"\314\333s\237\325F\0202\305@\346\274\231\014pc~\250"
 205      D5461032 
 205      C540E6BC 
 205      990C7063 
 205      7EA8
 206 021e 9EE85EA4 		.ascii	"\236\350^\244\"\251C\000_\253HQt\346\215I<[v\001\321"
 206      22A94300 
 206      5FAB4851 
 206      74E68D49 
 206      3C5B7601 
 207 0233 C29A99B7 		.ascii	"\302\232\231\267\246\205\314\003J\342\234\221[i\013"
 207      A685CC03 
 207      4AE29C91 
 207      5B690B
 208 0242 98071681 		.ascii	"\230\007\026\201z\363\356\330\003\373O\217R/\207\031"
 208      7AF3EED8 
 208      03FB4F8F 
 208      522F8719 
 209 0252 1629D1E6 		.ascii	"\026)\321\346OP9\020)\003\"\012t\021}\012\327R\244b"
 209      4F503910 
 209      2903220A 
 209      74117D0A 
 209      D752A462 
 210 0266 4D4E3D0C 		.ascii	"MN=\014\035\266\371,\335\220\336c0\3255-}z\336`\000"
 210      1DB6F92C 
 210      DD90DE63 
 210      30D5352D 
 210      7D7ADE60 
 211 027b 8A0615C1 		.ascii	"\212\006\025\301\2413f\216\360\010\327\034\324\215P"
 211      A133668E 
 211      F008D71C 
 211      D48D50
 212 028a 36EA820C 		.ascii	"6\352\202\014\270\204>\203\327[\272\252F0\216\301\310"
 212      B8843E83 
 212      D75BBAAA 
ARM GAS  C:\Users\User\AppData\Local\Temp\ccfSCbES.s 			page 16


 212      46308EC1 
 212      C8
 213 029b 0AFDEB85 		.ascii	"\012\375\353\205\271\037\034\255r\251\242\\*%.G\317"
 213      B91F1CAD 
 213      72A9A25C 
 213      2A252E47 
 213      CF
 214 02ac 174C2B39 		.ascii	"\027L+9\227\346\2770\032L{\015\304[\200B\025f&\025r"
 214      97E6BF30 
 214      1A4C7B0D 
 214      C45B8042 
 214      15662615 
 215 02c1 26972993 		.ascii	"&\227)\223\242w\317\3030NcL\262\236O^\264\227,\375\345"
 215      A277CFC3 
 215      304E634C 
 215      B29E4F5E 
 215      B4972CFD 
 216 02d6 AC25D2A7 		.ascii	"\254%\322\247+fKW\344\226L\324RUv\222\027\276\304\014"
 216      2B664B57 
 216      E4964CD4 
 216      52557692 
 216      17BEC40C 
 217 02ea 5594B7BF 		.ascii	"U\224\267\277\325pCC?\236C\351\252\331\320U\271\241"
 217      D5704343 
 217      3F9E43E9 
 217      AAD9D055 
 217      B9A1
 218 02fc 6A6A28AF 		.ascii	"jj(\257\345D\205=\013\223\301\205d\352\325\375%\\\037"
 218      E544853D 
 218      0B93C185 
 218      64EAD5FD 
 218      255C1F
 219 030f B1053D21 		.ascii	"\261\005=!\377q\031bz\2343\350\203-\331\311\016,\216"
 219      FF711962 
 219      7A9C33E8 
 219      832DD9C9 
 219      0E2C8E
 220 0322 8693080A 		.ascii	"\206\223\010\012\322\246\246\302U\370&\243\322\333:"
 220      D2A6A6C2 
 220      55F826A3 
 220      D2DB3A
 221 0331 7D93A77D 		.ascii	"}\223\247}\230\232\014\203\322g\207\027h#\211gi\012"
 221      989A0C83 
 221      D2678717 
 221      68238967 
 221      690A
 222 0343 920A2909 		.ascii	"\222\012)\011\025\350\006\311)\344\346\202\352Y\376"
 222      15E806C9 
 222      29E4E682 
 222      EA59FE
 223 0352 8E3FBA9A 		.ascii	"\216?\272\232\256u\212\243h\203a\211\212\306\250\026"
 223      AE758AA3 
 223      68836189 
 223      8AC6A816 
 224 0362 E03514DE 		.ascii	"\3405\024\336\200\234\244\227\010\272?\263?\335\216"
 224      809CA497 
 224      08BA3FB3 
ARM GAS  C:\Users\User\AppData\Local\Temp\ccfSCbES.s 			page 17


 224      3FDD8E
 225 0371 33B7017D 		.ascii	"3\267\001}_|_\206#gN\210\335\211?pD\305\231\222\321"
 225      5F7C5F86 
 225      23674E88 
 225      DD893F70 
 225      44C59992 
 226 0386 1AFB20FE 		.ascii	"\032\373 \376_q\013\343\371\260\350H\241\232a\277'\330"
 226      5F710BE3 
 226      F9B0E848 
 226      A19A61BF 
 226      27D8
 227 0398 D1E9CC44 		.ascii	"\321\351\314D\033\253<\357H<o3\236\005\021\375g4\360"
 227      1BAB3CEF 
 227      483C6F33 
 227      9E0511FD 
 227      6734F0
 228 03ab B60B4C05 		.ascii	"\266\013L\005H\230\007\\\330<Pb\032\317W\341\207\264"
 228      4898075C 
 228      D83C5062 
 228      1ACF57E1 
 228      87B4
 229 03bd 25656949 		.ascii	"%eiI\177\262V\030\352\237\224\033\014\213P\013t\354"
 229      7FB25618 
 229      EA9F941B 
 229      0C8B500B 
 229      74EC
 230 03cf 9E39362E 		.ascii	"\23696.\263#}\344\224\001\177\252@+]\320r\030\246\367"
 230      B3237DE4 
 230      94017FAA 
 230      402B5DD0 
 230      7218A6F7 
 231 03e3 6198BAF0 		.ascii	"a\230\272\360a\332\014t\356\362q~\"\347\272\003\356"
 231      61DA0C74 
 231      EEF2717E 
 231      22E7BA03 
 231      EE
 232 03f4 630D1813 		.ascii	"c\015\030\023\257\2268\3166\000\303\267\230\016\337"
 232      AF9638CE 
 232      3600C3B7 
 232      980EDF
 233 0403 87D042AB 		.ascii	"\207\320B\253\271\205\026d\245\211\007\226\233\030\177"
 233      B9851664 
 233      A5890796 
 233      9B187F
 234 0412 52596663 		.ascii	"RYfc\016\005\242\366\032\241\376\026\365H\033\015\305"
 234      0E05A2F6 
 234      1AA1FE16 
 234      F5481B0D 
 234      C5
 235 0423 1D2914E9 		.ascii	"\035)\024\351y\306a[\342\276\260\037f\275\333\0201d"
 235      79C6615B 
 235      E2BEB01F 
 235      66BDDB10 
 235      3164
 236 0435 2B5A6FFF 		.ascii	"+Zo\377\230\365\322\356\204(\236\222\351d2\275\3249"
 236      98F5D2EE 
 236      84289E92 
ARM GAS  C:\Users\User\AppData\Local\Temp\ccfSCbES.s 			page 18


 236      E96432BD 
 236      D439
 237 0447 6A5AC0F4 		.ascii	"jZ\300\364\036\342\376\211\341c-\032\036hG\320\257\215"
 237      1EE2FE89 
 237      E1632D1A 
 237      1E6847D0 
 237      AF8D
 238 0459 A78EDAE3 		.ascii	"\247\216\332\343!>\336\037UE\362H\257\002u\357PQ\212"
 238      213EDE1F 
 238      5545F248 
 238      AF0275EF 
 238      50518A
 239 046c 9DD540F7 		.ascii	"\235\325@\367J\201\356a<#\006\322:\224\362\204\354\002"
 239      4A81EE61 
 239      3C2306D2 
 239      3A94F284 
 239      EC02
 240 047e 782785F7 		.ascii	"x'\205\367Q\236\275\022\317\244\027\023?\342\371(\316"
 240      519EBD12 
 240      CFA41713 
 240      3FE2F928 
 240      CE
 241 048f F94E74CE 		.ascii	"\371Nt\316G\347\006\257\244j9K2!^\273\227\222k\213_"
 241      47E706AF 
 241      A46A394B 
 241      32215EBB 
 241      97926B8B 
 242 04a4 3196AFA2 		.ascii	"1\226\257\242#\336\362qC\006\335\203\223O\336i\255\262"
 242      23DEF271 
 242      4306DD83 
 242      934FDE69 
 242      ADB2
 243 04b6 1C94583E 		.ascii	"\034\224X>e,\243SO\245\331\310Y>\001x?\205?\243,\007"
 243      652CA353 
 243      4FA5D9C8 
 243      593E0178 
 243      3F853FA3 
 244 04cc 25969179 		.ascii	"%\226\221y\261\3270\213\325\017Y\025\340\215\033\351"
 244      B1D7308B 
 244      D50F5915 
 244      E08D1BE9 
 245 04dc A5C639C3 		.ascii	"\245\3069\303r\350c\366\337\226\276\177\304\273\235"
 245      72E863F6 
 245      DF96BE7F 
 245      C4BB9D
 246 04eb 8E89C72B 		.ascii	"\216\211\307+\332\342\371:\320#\016[g>lC\007\013\367"
 246      DAE2F93A 
 246      D0230E5B 
 246      673E6C43 
 246      070BF7
 247 04fe 633CC1FC 		.ascii	"c<\301\3740\236\024\021\245a\340?\007\265>%\365\257"
 247      309E1411 
 247      A561E03F 
 247      07B53E25 
 247      F5AF
 248 0510 ACBA6154 		.ascii	"\254\272aTr\303\010\243y\271\351Q\271\235\334\015/\001"
 248      72C308A3 
ARM GAS  C:\Users\User\AppData\Local\Temp\ccfSCbES.s 			page 19


 248      79B9E951 
 248      B99DDC0D 
 248      2F01
 249 0522 FE82C2C7 		.ascii	"\376\202\302\307(\315Q\211fI\325h\2464{\020\232Or\373"
 249      28CD5189 
 249      6649D568 
 249      A6347B10 
 249      9A4F72FB 
 250 0536 32B4384C 		.ascii	"2\2648LEi\2345\305\324\363p\244\223X\315\244\214\244"
 250      45699C35 
 250      C5D4F370 
 250      A49358CD 
 250      A48CA4
 251 0549 D9E34856 		.ascii	"\331\343HV)\005\322\211\007\362\366\263\322\"%>\314"
 251      2905D289 
 251      07F2F6B3 
 251      D222253E 
 251      CC
 252 055a 2A3F74C7 		.ascii	"*?t\307\305\331\3627Inv\267\265\024\331\343$VY:p\243"
 252      C5D9F237 
 252      496E76B7 
 252      B514D9E3 
 252      2456593A 
 253 0570 567A9354 		.ascii	"Vz\223TF\025\364\305\250q:\253\354\355|\032\355\210"
 253      4615F4C5 
 253      A8713AAB 
 253      ECED7C1A 
 253      ED88
 254 0582 33995257 		.ascii	"3\231RW\273\3677\270\200=\337|\034\376\017\354\245p"
 254      BBF737B8 
 254      803DDF7C 
 254      1CFE0FEC 
 254      A570
 255 0594 3241D79C 		.ascii	"2A\327\234.:\201\231\377\322i\372\027_\215\016[\210"
 255      2E3A8199 
 255      FFD269FA 
 255      175F8D0E 
 255      5B88
 256 05a6 4B2878E1 		.ascii	"K(x\341\265\336\354\024\015Z\312\177\213\311\305u\351"
 256      B5DEEC14 
 256      0D5ACA7F 
 256      8BC9C575 
 256      E9
 257 05b7 294378A8 		.ascii	")Cx\250\301t\373\020\276|\273\301`\3501!\364\0109\241"
 257      C174FB10 
 257      BE7CBBC1 
 257      60E83121 
 257      F40839A1 
 258 05cb 26981DA2 		.ascii	"&\230\035\242\225\213g\307\035\272I\375\344N\266\253"
 258      958B67C7 
 258      1DBA49FD 
 258      E44EB6AB 
 259 05db EC8DEA3F 		.ascii	"\354\215\352?\302%\034\243\347\200~\307\321R\334\321"
 259      C2251CA3 
 259      E7807EC7 
 259      D152DCD1 
 260 05eb DB39E830 		.ascii	"\3339\3500@\377\227\221\242Iv\204*\031z6\265\256\211"
ARM GAS  C:\Users\User\AppData\Local\Temp\ccfSCbES.s 			page 20


 260      40FF9791 
 260      A2497684 
 260      2A197A36 
 260      B5AE89
 261 05fe 6832510D 		.ascii	"h2Q\015\375\201\331\206\260\240\017\334\266\024,\236"
 261      FD81D986 
 261      B0A00FDC 
 261      B6142C9E 
 262 060e 5802BAE1 		.ascii	"X\002\272\341\217f\364\0339\372\265\234w\337\037\314"
 262      8F66F41B 
 262      39FAB59C 
 262      77DF1FCC 
 263 061e BCA7E5BC 		.ascii	"\274\247\345\274\335d\3401\001<%\007\277\227\233n\026"
 263      DD64E031 
 263      013C2507 
 263      BF979B6E 
 263      16
 264 062f 5CF24A8E 		.ascii	"\\\362J\216\0367\243\343y\032\256V) K\\`\235 U\004\015"
 264      1E37A3E3 
 264      791AAE56 
 264      29204B5C 
 264      609D2055 
 265 0645 A30B1D52 		.ascii	"\243\013\035R\272\242\375\312\245(\002$\022$\026$\014"
 265      BAA2FDCA 
 265      A5280224 
 265      12241624 
 265      0C
 266 0656 641F4814 		.ascii	"d\037H\024H\014\310A\2208\220\275 \007@\302\225K\351"
 266      480CC841 
 266      903890BD 
 266      200740C2 
 266      954BE9
 267 0669 569439A4 		.ascii	"V\2249\244]p\310\367r\207\014\313\3357\311\321\260\202"
 267      5D70C8F7 
 267      72870CCB 
 267      DD37C9D1 
 267      B082
 268 067b A23A8E96 		.ascii	"\242:\216\226\326Ut}\236\373\204>\016\310\373\370x\236"
 268      D655747D 
 268      9EFB843E 
 268      0EC8FBF8 
 268      789E
 269 068d 6D219093 		.ascii	"m!\220\223r&\023f4[\237Z'\235B\015\006DP\012\2766\231"
 269      72261366 
 269      345B9F5A 
 269      279D420D 
 269      0644500A 
 270 06a4 3BF5F2BD 		.ascii	";\365\362\275\363a\203\241~9\231Xa\237\302lI\323-\034"
 270      F36183A1 
 270      7E399958 
 270      619FC26C 
 270      49D32D1C 
 271 06b8 58666D41 		.ascii	"XfmA\326O\267v_G\330\250\246k`h\345\211\246\005\310"
 271      D64FB776 
 271      5F47D8A8 
 271      A66B6068 
 271      E589A605 
ARM GAS  C:\Users\User\AppData\Local\Temp\ccfSCbES.s 			page 21


 272 06cd 75316BA3 		.ascii	"u1k\243iJ\003[wt\004^\216W\316\256\200\244E\313qA\207"
 272      694A035B 
 272      7774045E 
 272      8E57CEAE 
 272      80A445CB 
 273 06e4 211CFF1B 		.ascii	"!\034\377\033\241!\2035\266h\314\321>zv\317MY\230\347"
 273      A1218335 
 273      B668CCD1 
 273      3E7A76CF 
 273      4D5998E7 
 274 06f8 AC04A53D 		.ascii	"\254\004\245==\222\300\035\300\265\261\235\011|m\312"
 274      3D92C01D 
 274      C0B5B19D 
 274      097C6DCA 
 275 0708 21BBA5A6 		.ascii	"!\273\245\246\307\327\242\371\302\226N\364\316\250\227"
 275      C7D7A2F9 
 275      C2964EF4 
 275      CEA897
 276 0717 1E388376 		.ascii	"\0368\203v\021E\227\336\353RY\235\013\217)\371\\\350"
 276      114597DE 
 276      EB52599D 
 276      0B8F29F9 
 276      5CE8
 277 0729 46A7C2FE 		.ascii	"F\247\302\376\333\205\305\013\371T\030&M\205f\264Q\351"
 277      DB85C50B 
 277      F9541826 
 277      4D8566B4 
 277      51E9
 278 073b 24BD43D0 		.ascii	"$\275C\320}\251}\255\0168\237\265\023\236\337\331\305"
 278      7DA97DAD 
 278      0E389FB5 
 278      139EDFD9 
 278      C5
 279 074c 17DB6384 		.ascii	"\027\333c\204CDvO-\302%\254\362\355\276\256\016\214"
 279      4344764F 
 279      2DC225AC 
 279      F2EDBEAE 
 279      0E8C
 280 075e 2F32E5CC 		.ascii	"/2\345\314hq\030g\033G\220#\361\211\321\013\261\211"
 280      68711867 
 280      1B479023 
 280      F189D10B 
 280      B189
 281 0770 55A6A6BD 		.ascii	"U\246\246\275\377\021\256c\317g;s/\360\251\366\035Y"
 281      FF11AE63 
 281      CF673B73 
 281      2FF0A9F6 
 281      1D59
 282 0782 185F863F 		.ascii	"\030_\206?\351\341/~\012jae\370\013~62\221\371l*g\340"
 282      E9E12F7E 
 282      0A6A6165 
 282      F80B7E36 
 282      3291F96C 
 283 0799 13DCC45E 		.ascii	"\023\334\304^\275q\372\322\024gC\232xq8r\310\301\252"
 283      BD71FAD2 
 283      1467439A 
 283      78713872 
ARM GAS  C:\Users\User\AppData\Local\Temp\ccfSCbES.s 			page 22


 283      C8C1AA
 284 07ac 13B22427 		.ascii	"\023\262$'d*\331\272u\370I\266\243|A\310\200\240\237"
 284      642AD9BA 
 284      75F849B6 
 284      A37C41C8 
 284      80A09F
 285 07bf 52127836 		.ascii	"R\022x6\365B\226\344\205\307\0315c6|\373H"
 285      F54296E4 
 285      85C71935 
 285      63367CFB 
 285      48
 286 07d0 58EEBB7B 		.ascii	"X\356\273{\344\257\361CF\343\370\375\264H5\356f\312"
 286      E4AFF143 
 286      46E3F8FD 
 286      B44835EE 
 286      66CA
 287 07e2 9431CEC4 		.ascii	"\2241\316\304w\304\203\004\230\\m\334\216\007Y\335\300"
 287      77C48304 
 287      985C6DDC 
 287      8E0759DD 
 287      C0
 288 07f3 78FF6384 		.ascii	"x\377c\204_2\245u\250\253\233\257\"=\0048x/\363\251"
 288      5F32A575 
 288      A8AB9BAF 
 288      223D0438 
 288      782FF3A9 
 289 0807 1ABFE1C8 		.ascii	"\032\277\341\310\304\212*\015\236fJK\302\255$\025C>"
 289      C48A2A0D 
 289      9E664A4B 
 289      C2AD2415 
 289      433E
 290 0819 24C8E9DC 		.ascii	"$\310\351\334\314i;\034nC+\207\214\367\322\035\361\001"
 290      CC693B1C 
 290      6E432B87 
 290      8CF7D21D 
 290      F101
 291 082b A664BC29 		.ascii	"\246d\274)*\341\253\353\035\202\234\251~\373\320\001"
 291      2AE1ABEB 
 291      1D829CA9 
 291      7EFBD001 
 292 083b 27B0CAA7 		.ascii	"'\260\312\247\367s\303l\360q\246\\\310*>\313\221\365"
 292      F773C36C 
 292      F071A65C 
 292      C82A3ECB 
 292      91F5
 293 084d 04F9C238 		.ascii	"\004\371\3028r\177!\316b\225\351\323\361\247\026H\233"
 293      727F21CE 
 293      6295E9D3 
 293      F1A71648 
 293      9B
 294 085e 80C81FB2 		.ascii	"\200\310\037\262\011\250\355\315H\346A4\021so*M\320"
 294      09A8EDCD 
 294      48E64134 
 294      11736F2A 
 294      4DD0
 295 0870 561E3367 		.ascii	"V\0363g\334W\275\337\006\237g\312\241\260\256o\031\360"
 295      DC57BDDF 
ARM GAS  C:\Users\User\AppData\Local\Temp\ccfSCbES.s 			page 23


 295      069F67CA 
 295      A1B0AE6F 
 295      19F0
 296 0882 5F403B70 		.ascii	"_@;p,;\316\206E\267\207\254\263\037:B\247\225\254\232"
 296      2C3BCE86 
 296      45B787AC 
 296      B31F3A42 
 296      A795AC9A 
 297 0896 ECD5DEEF 		.ascii	"\354\325\336\357\355\212\265\036Q\223\024\321+,\242"
 297      ED8AB51E 
 297      519314D1 
 297      2B2CA2
 298 08a5 B733E3C2 		.ascii	"\2673\343\302T\362\210^\206\210V\321\210^\245\0215I"
 298      54F2885E 
 298      868856D1 
 298      885EA511 
 298      3549
 299 08b7 11CD6BAC 		.ascii	"\021\315k\254\353\340\376\217$\211\225_\371\"\212w\341"
 299      EBE0FE8F 
 299      2489955F 
 299      F9228A77 
 299      E1
 300 08c8 1559B8A3 		.ascii	"\025Y\270\243\353\372\013\026\362\225\224\3546r\367"
 300      EBFA0B16 
 300      F29594EC 
 300      3672F7
 301 08d7 B5A5F1CD 		.ascii	"\265\245\361\315G\007y\377Y\371\225V\215Un\265\022\267"
 301      470779FF 
 301      59F99556 
 301      8D556EB5 
 301      12B7
 302 08e9 1AC62DF9 		.ascii	"\032\306-\371\376\365\010[9\267\353\300\355\032\345"
 302      FEF5085B 
 302      39B7EBC0 
 302      ED1AE5
 303 08f8 5647B9D5 		.ascii	"VG\271\325J\334\206^?\231\321\340r\346\261\324\222#"
 303      4ADC865E 
 303      3F99D1E0 
 303      72E6B1D4 
 303      9223
 304 090a BFC197D9 		.ascii	"\277\301\227\331s\336h|&\3025L\211\354\335\177\217o"
 304      73DE687C 
 304      26C2354C 
 304      89ECDD7F 
 304      8F6F
 305 091c 18DED17D 		.ascii	"\030\336\321}sL|\243#\276\305*k\217\246$\332\341;L\231"
 305      734C7CA3 
 305      23BEC52A 
 305      6B8FA624 
 305      DAE13B4C 
 306 0931 79D696C1 		.ascii	"y\326\226\301\3736B?sL\245\225q\335Y\330\2268\363mI"
 306      FB36423F 
 306      734CA595 
 306      71DD59D8 
 306      9638F36D 
 307 0946 6F744A12 		.ascii	"otJ\022\302\255\354\335\251\230*\243\365\303O\263\324"
 307      C2ADECDD 
ARM GAS  C:\Users\User\AppData\Local\Temp\ccfSCbES.s 			page 24


 307      A9982AA3 
 307      F5C34FB3 
 307      D4
 308 0957 CF732C11 		.ascii	"\317s,\021&\302\313z\220\274\237w\240\237\267i?\357"
 308      26C2CB7A 
 308      90BC9F77 
 308      A09FB769 
 308      3FEF
 309 0969 D17E364B 		.ascii	"\321~6K\375\214j\3518?\007}Q\371\021\364\275\201\223"
 309      FD8C6AE9 
 309      383F077D 
 309      51F911F4 
 309      BD8193
 310 097c E17CB8DF 		.ascii	"\341|\270\337\241_T\370G\003'\366\321@\332?9\363\375"
 310      A15F54F8 
 310      470327F6 
 310      D140DA3F 
 310      39F3FD
 311 098f D3F8A1B8 		.ascii	"\323\370\241\270.\204\273X/\252\307\012\263\371\273"
 311      2E84BB58 
 311      2FAAC70A 
 311      B3F9BB
 312 099e 24CF228D 		.ascii	"$\317\"\215cw\026Z\355T\273\324\2516\026\274\266w5\355"
 312      6377165A 
 312      ED54BBD4 
 312      A93616BC 
 312      B67735ED 
 313 09b2 6A79A71E 		.ascii	"jy\247\036\000\315VJ\363\021\245\331.\321\354*6\016"
 313      00CD564A 
 313      F311A5D9 
 313      2ED1EC2A 
 313      360E
 314 09c4 D8CA3B65 		.ascii	"\330\312;e\025\035Ss\241\226\247a=\321\337\227\234?"
 314      151D5373 
 314      A196A761 
 314      3DD1DF97 
 314      9C3F
 315 09d6 ABC64FF8 		.ascii	"\253\306O\370xN\311)\322\340a\246\224\275\314-s\340"
 315      784EC929 
 315      D2E061A6 
 315      94BDCC2D 
 315      73E0
 316 09e8 638CA654 		.ascii	"c\214\246T\305\253\006\276>h\204jg^]}(c5\036\267\371"
 316      C5AB06BE 
 316      3E68846A 
 316      675E5D7D 
 316      2863351E 
 317 09fe 01CB43BF 		.ascii	"\001\313C\277\324\335\345\264\267\211U\211\027\346M"
 317      D4DDE5B4 
 317      B7895589 
 317      17E64D
 318 0a0d 8C7DC0BF 		.ascii	"\214}\300\277\227\362\177B\371\367K\374\317\275\036"
 318      97F27F42 
 318      F9F74BFC 
 318      CFBD1E
 319 0a1c BFA495F7 		.ascii	"\277\244\225\367\326*:g 5\226\207\341KP\217M\234\034"
 319      D62A3A67 
ARM GAS  C:\Users\User\AppData\Local\Temp\ccfSCbES.s 			page 25


 319      20359687 
 319      E14B508F 
 319      4D9C1C
 320 0a2f 72C0938C 		.ascii	"r\300\223\214\344\213\227S\005\216x\206)\025e\225\265"
 320      E48B9753 
 320      058E7886 
 320      29156595 
 320      B5
 321 0a40 BC73CBC9 		.ascii	"\274s\313\311\340\313\273\332\264\000\207\333\262\214"
 321      E0CBBBDA 
 321      B40087DB 
 321      B28C
 322 0a4e 8C3B516C 		.ascii	"\214;Ql\207\243\231\2222\336\371\214\247\262+\351u\306"
 322      87A39992 
 322      32DEF98C 
 322      A7B22BE9 
 322      75C6
 323 0a60 F1C376F8 		.ascii	"\361\303v\370\020\253\233\211\2134\332\342\004\246$"
 323      10AB9B89 
 323      8B34DAE2 
 323      04A624
 324 0a6f 3425642C 		.ascii	"4%d,\300F\246\274\037Lh\343\263\264\275p\012q\346\247"
 324      C046A6BC 
 324      1F4C68E3 
 324      B3B4BD70 
 324      0A71E6A7 
 325 0a83 105376C2 		.ascii	"\020Sv\302\337\340\023\014\372\240-\374\"\207.\0005"
 325      DFE0130C 
 325      FAA02DFC 
 325      22872E00 
 325      35
 326 0a94 EE66F7BF 		.ascii	"\356f\367\277[\365\344k\311\223\257X\3424\324\337:\250"
 326      5BF5E46B 
 326      C993AF58 
 326      E234D4DF 
 326      3AA8
 327 0aa6 929F93C7 		.ascii	"\222\237\223\307\3009\243\3249o\250s^K\316\3110\206"
 327      C039A3D4 
 327      396FA873 
 327      5E4BCEC9 
 327      3086
 328 0ab8 4DAAE5E7 		.ascii	"M\252\345\347^\253\350\252\346\216\325\3704\343\370"
 328      5EABE8AA 
 328      E68ED5F8 
 328      34E3F8
 329 0ac7 BAA9A317 		.ascii	"\272\251\243\027\341\034\246\204\337\274\221m\213\363"
 329      E11CA684 
 329      DFBC916D 
 329      8BF3
 330 0ad5 98327CA6 		.ascii	"\2302|\246\261\036\346^\246\364\017L\226c\\\306\224"
 330      B11EE65E 
 330      A6F40F4C 
 330      96635CC6 
 330      94
 331 0ae6 ACE15307 		.ascii	"\254\341S\007\355p%S\352\362o$\361cX\036YJ\247:\256"
 331      ED702553 
 331      EAF26F24 
ARM GAS  C:\Users\User\AppData\Local\Temp\ccfSCbES.s 			page 26


 331      F163581E 
 331      594AA73A 
 332 0afb 7C6FCF1D 		.ascii	"|o\317\035\362wd\271\273u\245\321\036WS\360\317\262"
 332      F27764B9 
 332      BB75A5D1 
 332      1E5753F0 
 332      CFB2
 333 0b0d 92F2CA6D 		.ascii	"\222\362\312mgO\021\037\373-f7WIgG\201\351\030|\366"
 333      674F111F 
 333      FB2D6637 
 333      57496747 
 333      81E9187C 
 334 0b22 BCC11065 		.ascii	"\274\301\020eC\017\003g`\023\226\211\205\303@\016\355"
 334      430F0367 
 334      60139689 
 334      85C3400E 
 334      ED
 335 0b33 6D01629B 		.ascii	"m\001b\233\310\004xa,\022\263\303\003\311\255.9\276"
 335      C8047861 
 335      2C12B3C3 
 335      03C9AD2E 
 335      39BE
 336 0b45 730E9E6E 		.ascii	"s\016\236n:\2439\036\2662\350\202\034_2\317~{\264`\277"
 336      3AA3391E 
 336      B632E882 
 336      1C5F32CF 
 336      7E7BB460 
 337 0b5a 428EBF34 		.ascii	"B\216\2774\007O:0\371\255\371,3%\207\273\311\321CQ\330"
 337      074F3A30 
 337      F9ADF92C 
 337      332587BB 
 337      C9D14351 
 338 0b6f 0CBF2187 		.ascii	"\014\277!\207\2633\304\034\374wf\370\210\034\336?\017"
 338      B333C41C 
 338      FC7766F8 
 338      881CDE3F 
 338      0F
 339 0b80 DE1E2398 		.ascii	"\336\036#\230/\220\343\317\315#_\035)\340\207\345\370"
 339      2F90E3CF 
 339      CD235F1D 
 339      29E087E5 
 339      F8
 340 0b91 21A5ECDC 		.ascii	"!\245\354\3346$\232\317\223\303s\347\231o\020\361\347"
 340      36249ACF 
 340      93C373E7 
 340      996F10F1 
 340      E7
 341 0ba2 E5F8A2F9 		.ascii	"\345\370\242\371tD|\261e\274H\347\200\000O\226\303\217"
 341      74447CB1 
 341      65BC48E7 
 341      80004F96 
 341      C38F
 342 0bb4 CAE19322 		.ascii	"\312\341\223\"\334\200e\360D9|Lp\375\367r\343/\344\350"
 342      DC8065F0 
 342      44397C4C 
 342      70FDF772 
 342      E32FE4E8 
ARM GAS  C:\Users\User\AppData\Local\Temp\ccfSCbES.s 			page 27


 343 0bc8 6A01FD5E 		.ascii	"j\001\375^\216\356\025\3214\211\2775\347\330\007\213"
 343      8EEE15D1 
 343      3489BF35 
 343      E7D8078B 
 344 0bd8 49239E68 		.ascii	"I#\236h\2431;7\301\246\205\236u\010Z\332\312\360S\226"
 344      A3313B37 
 344      C1A6859E 
 344      75085ADA 
 344      CAF05396 
 345 0bec E8C56631 		.ascii	"\350\305f1\250\317\344\326\237\312\271\014\211\003\252"
 345      A8CFE4D6 
 345      9FCAB90C 
 345      8903AA
 346 0bfb DBF28012 		.ascii	"\333\362\200\022O\343\342x\252C2x\331\274\361\327\020"
 346      4FE3E278 
 346      AA433278 
 346      D9BCF1D7 
 346      10
 347 0c0c 25E03FC8 		.ascii	"%\340?\310\361M\363r\240O\214R\252\234N\312<|\263\340"
 347      F14DF372 
 347      A04F8C52 
 347      AA9C4ECA 
 347      3C7CB3E0 
 348 0c20 F80939BC 		.ascii	"\370\0119\274u^P\305\361W/\207W\313;[}\200\273\036N"
 348      755E50C5 
 348      F1572F87 
 348      57CB3B5B 
 348      7D80BB1E 
 349 0c35 00E83487 		.ascii	"\000\3504\207K\347\002tr\216ur\034\376\016.\241p\370"
 349      4BE70274 
 349      728E7572 
 349      1CFE0E2E 
 349      A170F8
 350 0c48 01F43847 		.ascii	"\001\3648GKs6?J\010\\\372\304l\317\267<\232\304\364"
 350      4B73363F 
 350      4A085CFA 
 350      C46CCFB7 
 350      3C9AC4F4 
 351 0c5c 153AFAD2 		.ascii	"\025:\372\322r>\316\361\213\350\307\023r\374\361\371"
 351      723ECEF1 
 351      8BE8C713 
 351      72FCF1F9 
 352 0c6c 6355303F 		.ascii	"cU0?i9\201\347\300\305${ny\346\020\247\325>qZ-\227\343"
 352      693981E7 
 352      C0C5247B 
 352      6E79E610 
 352      A7D53E71 
 353 0c84 CBE449D9 		.ascii	"\313\344I\331\034%\300\033\345\360\233\363\340\242\365"
 353      1C25C01B 
 353      E5F09BF3 
 353      E0A2F5
 354 0c93 4ACB93B6 		.ascii	"J\313\223\266\340\312v\241\257\357,\347\014\343.~\003"
 354      E0CA76A1 
 354      AFEF2CE7 
 354      0CE32E7E 
 354      03
 355 0ca4 9881404E 		.ascii	"\230\201@N\323:\002'\037\000\362\260+\212\307KQ\004"
ARM GAS  C:\Users\User\AppData\Local\Temp\ccfSCbES.s 			page 28


 355      D33A0227 
 355      1F00F2B0 
 355      2B8AC74B 
 355      5104
 356 0cb6 481CC809 		.ascii	"H\034\310\011\220c \247AR@\366\203\034\002I\003\211"
 356      906320A7 
 356      415240F6 
 356      831C0249 
 356      0389
 357 0cc8 02490739 		.ascii	"\002I\0079\002R\000R\004\222\000\262\027$\013\244\030"
 357      02520052 
 357      049200B2 
 357      17240BA4 
 357      18
 358 0cd9 E428C829 		.ascii	"\344(\310)\220s g@\366\201\030A\012A\316\202\034\006"
 358      90732067 
 358      40F68118 
 358      410A41CE 
 358      821C06
 359 0cec C9000907 		.ascii	"\311\000\011\0079\011\222\010\222\003\022\006r\000$"
 359      39099208 
 359      92031206 
 359      720024
 360 0cfb 06A40424 		.ascii	"\006\244\004$\022$\025$\032\344<H(H2H.\310q\220|\220"
 360      12241524 
 360      1AE43C48 
 360      28483248 
 360      2EC87190 
 361 0d11 24908320 		.ascii	"$\220\203 \331 \261X\372^\224\000\371;\031\311s\276"
 361      D920B158 
 361      FA5E9400 
 361      F93B19C9 
 361      73BE
 362 0d23 03B2F821 		.ascii	"\003\262\370!\367\216\264eE-\362!2v@\030\337I\226'a"
 362      F78EB465 
 362      452DF221 
 362      32764018 
 362      DF499627 
 363 0d38 3171C6A2 		.ascii	"1q\306\242\205\304)\265\274\036\013\221\355\023\023"
 363      85C429B5 
 363      BC1E0B91 
 363      ED1313
 364 0d47 A1C1F282 		.ascii	"\241\301\362\202)N\303\242\365P9\374\261\034\336 \016"
 364      294EC3A2 
 364      F55039FC 
 364      B11CDE20 
 364      0E
 365 0d58 9274CB83 		.ascii	"\222t\313\203D\370$50\315>I\001j\356')b\253\353\200"
 365      44F82435 
 365      30CD3E49 
 365      016AEE27 
 365      2962ABEB 
 366 0d6d B89349B3 		.ascii	"\270\223I\263<s\011=k\027{v\313r\212\317Y\333\305\021"
 366      3C73093D 
 366      6B177B76 
 366      CB728ACF 
 366      59DBC511 
ARM GAS  C:\Users\User\AppData\Local\Temp\ccfSCbES.s 			page 29


 367 0d81 3768795A 		.ascii	"7hyZ\237\263\361\211\342q\204\363$\375\360G\360\322"
 367      9FB3F189 
 367      E27184F3 
 367      24FDF047 
 367      F0D2
 368 0d93 29934F75 		.ascii	")\223Ou\263#\224L^R\334\007\000\377\230\333\2276\357"
 368      B323944C 
 368      5E52DC07 
 368      00FF98DB 
 368      9736EF
 369 0da6 A867DE4C 		.ascii	"\250g\336L*\316^g-\357\333\334\315\326\253%6\367\301"
 369      2ACE5E67 
 369      2DEFDBDC 
 369      CDD6AB25 
 369      36F7C1
 370 0db9 FA5D0E97 		.ascii	"\372]\016\227Nw\374\273\273`\275Y\264^hy##}\337k\352"
 370      4E77FCBB 
 370      BB60BD59 
 370      B45E6879 
 370      23237DDF 
 371 0dcf 4E6C52E1 		.ascii	"NlR\341z\272\037U\336\355}sT\215\026\273Z\032\271\250"
 371      7ABA1F55 
 371      DEED7D73 
 371      548D16BB 
 371      5A1AB9A8 
 372 0de3 0C06ECFF 		.ascii	"\014\006\354\377\327\301\3132\264\366 \016#\031Z\012"
 372      D7C1CB32 
 372      B4F6200E 
 372      23195A0A 
 373 0df3 BDBC8067 		.ascii	"\275\274\200g\277h\222\204\245\276\272\177\277\355\240"
 373      BF689284 
 373      A5BEBA7F 
 373      BFEDA0
 374 0e02 5AFCE858 		.ascii	"Z\374\350X*\370U\201\3121\373\350\010w\362\331\256\346"
 374      2AF85581 
 374      CA31FBE8 
 374      0877F2D9 
 374      AEE6
 375 0e14 E08023BE 		.ascii	"\340\200#\276\313N\005\247\006\033o\360C\330\217\311"
 375      CB4E05A7 
 375      061B6FF0 
 375      43D88FC9 
 376 0e24 77A823C3 		.ascii	"w\250#\303\261\210\035\012\006\311\001\373d\343\370"
 376      B1881D0A 
 376      06C901FB 
 376      64E3F8
 377 0e33 512DEE66 		.ascii	"Q-\356f\330\362\252\027+\030\224\374\033\342\356\361"
 377      D8F2AA17 
 377      2B1894FC 
 377      1BE2EEF1 
 378 0e43 E43E64F5 		.ascii	"\344>d\365\230t\031\363cR\025\246\307\244\226wU\223"
 378      987419F3 
 378      635215A6 
 378      C7A49677 
 378      5593
 379 0e55 F678901A 		.ascii	"\366x\220\032R\365d\214=\267A\256.\010iAh\027\341\247"
 379      52F5648C 
ARM GAS  C:\Users\User\AppData\Local\Temp\ccfSCbES.s 			page 30


 379      3DB741AE 
 379      2E086941 
 379      6817E1A7 
 380 0e69 81F4C55A 		.ascii	"\201\364\305Zt\005c>\000\025\311\0060?\362\035)\266"
 380      7405633E 
 380      0015C906 
 380      303FF21D 
 380      29B6
 381 0e7b F49F4B13 		.ascii	"\364\237K\023\304\272\232\266s\015\273\240\253\320P"
 381      C4BA9AB6 
 381      730DBBA0 
 381      ABD050
 382 0e8a B241434B 		.ascii	"\262ACK\3107\307\267Y\231\032\361\244ElW\000\356\022"
 382      C837C7B7 
 382      59991AF1 
 382      A4456C57 
 382      00EE12
 383 0e9d 26FCAE63 		.ascii	"&\374\256c'\211%A\3075\236d\377\025$mD~\264\015@\037"
 383      27892541 
 383      C7359E64 
 383      FF15246D 
 383      447EB40D 
 384 0eb3 ED4EEED4 		.ascii	"\355N\356\324\212\266k>f\373]\350\304+\373\237d\030"
 384      8AB66B3E 
 384      66FB5DE8 
 384      C42BFB9F 
 384      6418
 385 0ec5 EE980CA6 		.ascii	"\356\230\014\246kM\313S\366\232\014a\253Q-vB\225\020"
 385      6B4DCB53 
 385      F69A0C61 
 385      AB512D76 
 385      429510
 386 0ed8 4A13FA4C 		.ascii	"J\023\372Lx\365\"\224lT*P\035\376\211bQ\340\357\002"
 386      78F52294 
 386      6C542A50 
 386      1DFE8962 
 386      51E0EF02 
 387 0eec FCD6066E 		.ascii	"\374\326\006n\375z\207\377f\177\277\220\240]\232\177"
 387      FD7A87FF 
 387      667FBF90 
 387      A05D9A7F 
 388 0efc FBF9A625 		.ascii	"\373\371\246%:ww\205\326\327ww@`\310\312\025\276!\341"
 388      3A777785 
 388      D6D77777 
 388      4060C8CA 
 388      15BE21E1 
 389 0f10 C8EF9FB7 		.ascii	"\310\357\237\267\370m\017\370:\200]\203Cvo\013\010r"
 389      F86D0FF8 
 389      3A805D83 
 389      43766F0B 
 389      0872
 390 0f22 5FF5BB95 		.ascii	"_\365\273\225\276\337\004\004n\013\372&X,\337\022\022"
 390      BEDF0404 
 390      6E0BFA26 
 390      582CDF12 
 390      12
 391 0f33 14B42378 		.ascii	"\024\264#x\313\257\003w/\241OK\266\356\332\271\304\177"
ARM GAS  C:\Users\User\AppData\Local\Temp\ccfSCbES.s 			page 31


 391      CBAF0377 
 391      2FA14F4B 
 391      B6EEDAB9 
 391      C47F
 392 0f45 E7D7FEDB 		.ascii	"\347\327\376\333\266\371o\333\362\305\262\225KV,w_\365"
 392      B6F96FDB 
 392      F2C5B295 
 392      4B562C77 
 392      5FF5
 393 0f57 9FEE5BA0 		.ascii	"\237\356[\240\374\247\201A\201\376?\365\337\012\226"
 393      FCA78141 
 393      81FE3FF5 
 393      DF0A96
 394 0f66 0302FD76 		.ascii	"\003\002\375v\354\336\346\277e\347V\260\025\350\277"
 394      ECDEE6BF 
 394      65E756B0 
 394      15E8BF
 395 0f75 C5779BFF 		.ascii	"\305w\233\377\257\266\356\336\021\342\033\262\347\267"
 395      AFB6EEDE 
 395      11E21BB2 
 395      E7B7
 396 0f83 FEC1CBB6 		.ascii	"\376\301\313\266+4\022\235=\377\207l\202\367\004o\361"
 396      2B34129D 
 396      3DFF876C 
 396      82F7046F 
 396      F1
 397 0f94 0D0ED906 		.ascii	"\015\016\331\006M\003\205\377\320I-\353"
 397      4D0385FF 
 397      D0492DEB 
 398 0fa0 C8D5677E 		.ascii	"\310\325g~\313B9C\006\005\273\257\372\302-(\330m\373"
 398      CB423943 
 398      0605BBAF 
 398      FAC22D28 
 398      D86DFB
 399 0fb3 D61D6EBF 		.ascii	"\326\035n\277\015\332\025\022\354\346\027\264sgP\240"
 399      0DDA1512 
 399      ECE617B4 
 399      736750A0 
 400 0fc3 9B877E83 		.ascii	"\233\207~\203n\303\357\335H\000\226\371)\376\214\334"
 400      6EC3EFDD 
 400      480096F9 
 400      29FE8CDC 
 401 0fd3 3D0382CD 		.ascii	"=\003\202\315\221p!%>\376!>{\202C\374w\256\337\032\270"
 401      91702125 
 401      3EFE213E 
 401      7B8243FC 
 401      77AEDF1A 
 402 0fe8 6D87FF2E 		.ascii	"m\207\377.\357]\001A\273\002B\366\320\270\351v\370o"
 402      EF5D0141 
 402      BB0242F6 
 402      D0B8E976 
 402      F86F
 403 0ffa DDE5ED1F 		.ascii	"\335\345\355\037\010\354"
 403      08EC
 404 1000 7E6DA75F 		.ascii	"~m\247_\353\263V\277y\255\347?*\275\274\355X\354\276"
 404      EBB356BF 
 404      79ADE73F 
ARM GAS  C:\Users\User\AppData\Local\Temp\ccfSCbES.s 			page 32


 404      2ABDBCED 
 404      58ECBE
 405 1013 F40DB1E5 		.ascii	"\364\015\261\345\367\331\352\237\251\274<\326\350g\325"
 405      F7D9EA9F 
 405      A9BC3CD6 
 405      E867D5
 406 1022 952A2F9D 		.ascii	"\225*/\235\267Y]\241\362\362\361\326k\364Ls\207\312"
 406      B7595DA1 
 406      F2F2F1D6 
 406      6BF44C73 
 406      87CA
 407 1034 B5E6CAE5 		.ascii	"\265\346\312\345P\271V\257\362\331\350\245\367\375\023"
 407      50B956AF 
 407      F2D9E8A5 
 407      F7FD13
 408 1043 1CC1BBEF 		.ascii	"\034\301\273\357\377\373\0207\335\006\037/\0377\356"
 408      FFFB1037 
 408      DD061F2F 
 408      1F37EE
 409 1052 6BA8D8E5 		.ascii	"k\250\330\345\357\353\267s\0258\332\356\347\233\275"
 409      EFEBB773 
 409      1538DAEE 
 409      E79BBD
 410 1061 74BE1B21 		.ascii	"t\276\033!\362\263\255\177i\343\261~\215\217N\257\322"
 410      F2B3AD7F 
 410      69E3B17E 
 410      8D8F4EAF 
 410      D2
 411 1072 79E8F4E4 		.ascii	"y\350\364\344\331\033n\236\033u\033\340\346Eo\263\320"
 411      D91B6E9E 
 411      1B751BE0 
 411      E6456FB3 
 411      D0
 412 1083 55369E3A 		.ascii	"U6\236:\235\227\317/5\344\266a\263\207N\015\017>\277"
 412      9D97CF2F 
 412      35E4B661 
 412      B3874E0D 
 412      0F3EBF
 413 1096 B4852BD1 		.ascii	"\264\205+\321\370}\023\224z\321R\212\261\365\242\367"
 413      F87D1394 
 413      7AD1528A 
 413      B1F5A2F7 
 414 10a6 4DB356BE 		.ascii	"M\263V\276 %\036_}\265I\275a\363:\375\012zu\247\327"
 414      20251E5F 
 414      7DB549BD 
 414      61F33AFD 
 414      0A7A75A7 
 415 10bb E56A9D37 		.ascii	"\345j\2357!\241\363\361Y\373\025\334t>^\236z\254\333"
 415      21A1F3F1 
 415      59FB15DC 
 415      743E5E9E 
 415      7AACDB
 416 10ce A857EBBE 		.ascii	"\250W\353\276\202'[/O_/\037\017\240\345\351\273a\035"
 416      82275B2F 
 416      4F5F2F1F 
 416      0FA0E5E9 
 416      BB611D
ARM GAS  C:\Users\User\AppData\Local\Temp\ccfSCbES.s 			page 33


 417 10e1 BD79B09B 		.ascii	"\275y\260\233'\273y\257\323\253<\326\371\350Uk\326y"
 417      27BB79AF 
 417      D3AB3CD6 
 417      F9E8556B 
 417      D679
 418 10f3 E8D51B36 		.ascii	"\350\325\0336\300U\345I\364\365\344\242\203\213\332"
 418      C055E549 
 418      F4F5E4A2 
 418      838BDA
 419 1102 67BD0E1E 		.ascii	"g\275\016\036}\326{\203]\235\036C\277\325\036^z\350"
 419      7DD67B83 
 419      5D9D1E43 
 419      BFD51E5E 
 419      7AE8
 420 1114 FDE68DBF 		.ascii	"\375\346\215\277\320CX\000\242\363\336\344\345\251\366"
 420      D0435800 
 420      A2F3DEE4 
 420      E5A9F6
 421 1123 5803708D 		.ascii	"X\003p\215\217n\015\365\226\203\257\357\257v\007\372"
 421      8F6E0DF5 
 421      9683AFEF 
 421      AF7607FA 
 422 1133 F9FA2E5B 		.ascii	"\371\372.[\365\305\312\177\322H\232\312o\373\326]\377"
 422      F5C5CA7F 
 422      D2489ACA 
 422      6FFBD65D 
 422      FF
 423 1144 03272D23 		.ascii	"\003'-#\260"
 423      B0
 424              		.text
 425              		.section	.gnu.lto_.symtab.a378359c,"",%progbits
 426 0000 6E766963 		.ascii	"nvicEnableVector\000"
 426      456E6162 
 426      6C655665 
 426      63746F72 
 426      00
 427 0011 00       		.ascii	"\000"
 428 0012 00       		.ascii	"\000"
 429 0013 00       		.ascii	"\000"
 430 0014 00000000 		.ascii	"\000\000\000\000\000\000\000\000"
 430      00000000 
 431 001c BA000000 		.ascii	"\272\000\000\000"
 432 0020 6E766963 		.ascii	"nvicDisableVector\000"
 432      44697361 
 432      626C6556 
 432      6563746F 
 432      7200
 433 0032 00       		.ascii	"\000"
 434 0033 00       		.ascii	"\000"
 435 0034 00       		.ascii	"\000"
 436 0035 00000000 		.ascii	"\000\000\000\000\000\000\000\000"
 436      00000000 
 437 003d BE000000 		.ascii	"\276\000\000\000"
 438 0041 6E766963 		.ascii	"nvicSetSystemHandlerPriority\000"
 438      53657453 
 438      79737465 
 438      6D48616E 
ARM GAS  C:\Users\User\AppData\Local\Temp\ccfSCbES.s 			page 34


 438      646C6572 
 439 005e 00       		.ascii	"\000"
 440 005f 00       		.ascii	"\000"
 441 0060 00       		.ascii	"\000"
 442 0061 00000000 		.ascii	"\000\000\000\000\000\000\000\000"
 442      00000000 
 443 0069 C0000000 		.ascii	"\300\000\000\000"
 444 006d 6E766963 		.ascii	"nvicClearPending\000"
 444      436C6561 
 444      7250656E 
 444      64696E67 
 444      00
 445 007e 00       		.ascii	"\000"
 446 007f 00       		.ascii	"\000"
 447 0080 00       		.ascii	"\000"
 448 0081 00000000 		.ascii	"\000\000\000\000\000\000\000\000"
 448      00000000 
 449 0089 C2000000 		.ascii	"\302\000\000\000"
 450              		.text
 451              		.section	.gnu.lto_.opts,"",%progbits
 452 0000 272D666D 		.ascii	"'-fmath-errno' '-fsigned-zeros' '-ftrapping-math' '"
 452      6174682D 
 452      6572726E 
 452      6F272027 
 452      2D667369 
 453 0033 2D666E6F 		.ascii	"-fno-trapv' '-fno-openmp' '-fno-openacc' '-mcpu=cor"
 453      2D747261 
 453      70762720 
 453      272D666E 
 453      6F2D6F70 
 454 0066 7465782D 		.ascii	"tex-m7' '-mno-thumb-interwork' '-mthumb' '-ggdb' '-"
 454      6D372720 
 454      272D6D6E 
 454      6F2D7468 
 454      756D622D 
 455 0099 4F322720 		.ascii	"O2' '-fomit-frame-pointer' '-falign-functions=16' '"
 455      272D666F 
 455      6D69742D 
 455      6672616D 
 455      652D706F 
 456 00cc 2D666675 		.ascii	"-ffunction-sections' '-fdata-sections' '-fno-common"
 456      6E637469 
 456      6F6E2D73 
 456      65637469 
 456      6F6E7327 
 457 00ff 2720272D 		.ascii	"' '-flto'\000"
 457      666C746F 
 457      2700
 458              		.text
 459              		.comm	__gnu_lto_v1,1,1
 460              		.comm	__gnu_lto_slim,1,1
 461              		.ident	"GCC: (GNU Tools for ARM Embedded Processors 6-2017-q1-update) 6.3.1 20170215 (release) [AR
ARM GAS  C:\Users\User\AppData\Local\Temp\ccfSCbES.s 			page 35


DEFINED SYMBOLS
                            *ABS*:00000000 nvic.c
                            *COM*:00000001 __gnu_lto_v1
                            *COM*:00000001 __gnu_lto_slim

NO UNDEFINED SYMBOLS
