ARM GAS  C:\Users\User\AppData\Local\Temp\ccJ5Hp4P.s 			page 1


   1              		.cpu cortex-m7
   2              		.eabi_attribute 20, 1
   3              		.eabi_attribute 21, 1
   4              		.eabi_attribute 23, 3
   5              		.eabi_attribute 24, 1
   6              		.eabi_attribute 25, 1
   7              		.eabi_attribute 26, 1
   8              		.eabi_attribute 30, 2
   9              		.eabi_attribute 34, 1
  10              		.eabi_attribute 18, 4
  11              		.file	"board.c"
  12              		.text
  13              	.Ltext0:
  14              		.section	.gnu.lto_.profile.a45aac67,"",%progbits
  15 0000 789C6365 		.ascii	"x\234ce`b`a```d\340c\006\000\000\237\000\036"
  15      60626061 
  15      60606064 
  15      E0630600 
  15      009F001E 
  16              		.text
  17              		.section	.gnu.lto_.icf.a45aac67,"",%progbits
  18 0000 789C6365 		.ascii	"x\234ce`b\020a@\000f\206\205??\354\345a\354m}r\233\213"
  18      60621061 
  18      40006686 
  18      853F3FEC 
  18      E561EC6D 
  19 0018 E9EBEF93 		.ascii	"\351\353\357\223\027\371\030\000h\037\011\350"
  19      17F91800 
  19      681F09E8 
  20              		.text
  21              		.section	.gnu.lto_.jmpfuncs.a45aac67,"",%progbits
  22 0000 789C6365 		.ascii	"x\234ce`b\340d@\000&\020\301\010\304\000\001\227\000"
  22      6062E064 
  22      40002610 
  22      C108C400 
  22      019700
  23 0013 14       		.ascii	"\024"
  24              		.text
  25              		.section	.gnu.lto_.inline.a45aac67,"",%progbits
  26 0000 789C6365 		.ascii	"x\234ce`b\320f@\000&\006\006\026\036F\020\305\300\266"
  26      6062D066 
  26      40002606 
  26      06161E46 
  26      10C5C0B6 
  27 0014 401E4431 		.ascii	"@\036D10r\201\010\006f&Ta\006\000-\355\001\352"
  27      30728108 
  27      06662654 
  27      6106002D 
  27      ED01EA
  28              		.text
  29              		.section	.gnu.lto_.pureconst.a45aac67,"",%progbits
  30 0000 789C6365 		.ascii	"x\234ce`b`e`\000\222\022\214\014\000\000\345\000("
  30      60626065 
  30      60009212 
  30      8C0C0000 
  30      E50028
  31              		.text
ARM GAS  C:\Users\User\AppData\Local\Temp\ccJ5Hp4P.s 			page 2


  32              		.section	.gnu.lto___early_init.a45aac67,"",%progbits
  33 0000 789C6365 		.ascii	"x\234ce`bX\312\300\300\220\002\304\322@\314\310\314"
  33      606258CA 
  33      C0C09002 
  33      C4D240CC 
  33      C8CC
  34 0012 C0C834E1 		.ascii	"\300\3104\341\034\003C#\007\023##\210\321\300\301\310"
  34      1C034323 
  34      07132323 
  34      88D1C0C1 
  34      C8
  35 0023 50CFC458 		.ascii	"P\317\304X\317\330\317<\235\231\361P\373\263\235L\232"
  35      CFD8CF3C 
  35      9D99F150 
  35      FBB39D4C 
  35      9A
  36 0034 CB1B80E0 		.ascii	"\313\033\200\340\300\364klm\015\255\022\363\231\031"
  36      C0F46B6C 
  36      6D0DAD12 
  36      F39919
  37 0043 18660231 		.ascii	"\030f\0021\0100.g\324d\000*{\264\361\337T^6\026\210"
  37      08302E67 
  37      D464002A 
  37      7BB4F1DF 
  37      545E3616 
  38 0058 38E30A46 		.ascii	"8\343\012F6F \275\376\022\343\201\206\177\377\333\033"
  38      364620BD 
  38      FE12E381 
  38      867FFFDB 
  38      1B
  39 0069 0E9C59CC 		.ascii	"\016\234Y\314x\327\015(\325\005\304 ;\272\231\231@4"
  39      78D70D28 
  39      D505C420 
  39      3BBA9999 
  39      4034
  40 007b F36BC6E6 		.ascii	"\363k\306\346\005\333{\231A\032@\246\354\334\371\346"
  40      05DB7B99 
  40      411A40A6 
  40      ECDCF9E6 
  41 008b 367BFDDF 		.ascii	"6{\375\337\006\216\371\314\2143\231\201F0\256d\254g"
  41      068EF9CC 
  41      8C339981 
  41      4630AE64 
  41      AC67
  42 009d 980F54FC 		.ascii	"\230\017T\374\226\261i\301\356^F\260B\020\350\002\312"
  42      96B169C1 
  42      EE5E46B0 
  42      4210E802 
  42      CA
  43 00ae 020D6062 		.ascii	"\002\015`b`Hr\266\212I\316\310L\312\214q\006\221\301"
  43      604872B6 
  43      8A49CEC8 
  43      4CCA8C71 
  43      0691C1
  44 00c1 25A52999 		.ascii	"%\245)\231\371\206\346e\306\361\345\231y)\371\345\305"
  44      F986E665 
  44      C6F1E599 
ARM GAS  C:\Users\User\AppData\Local\Temp\ccJ5Hp4P.s 			page 3


  44      7929F9E5 
  44      C5
  45 00d2 C8E21095 		.ascii	"\310\342\020\225\371\305\206\346f\372\371\305\372\031"
  45      F9C586E6 
  45      66FAF9C5 
  45      FA19
  46 00e0 8939FA49 		.ascii	"\2119\372I\371\211E)\305\372\301!\361~\241\316>\256"
  46      F9894529 
  46      C5FAC121 
  46      F17EA1CE 
  46      3EAE
  47 00f2 FE862626 		.ascii	"\376\206&&\361n\346f\346Q\236\020)\275d\006\000eXZ8"
  47      F16EE666 
  47      E6519E10 
  47      29BD6406 
  47      0065585A 
  48              		.text
  49              		.section	.gnu.lto_boardInit.a45aac67,"",%progbits
  50 0000 789C6365 		.ascii	"x\234ce`b\250d``H\001bi fdf`d\232p\216\201\241\221\203"
  50      6062A864 
  50      60604801 
  50      62692066 
  50      64666064 
  51 001b 899111C4 		.ascii	"\211\221\021\304h\340`d\250gb\254g\354g\236\316\314"
  51      68E06064 
  51      A86762AC 
  51      67EC679E 
  51      CECC
  52 002d 78A8FDD9 		.ascii	"x\250\375\331N&\315\345\015@p`\372\006\256\266\206V"
  52      4E26CDE5 
  52      0D407060 
  52      FA06AEB6 
  52      8656
  53 003f 89F9CC0C 		.ascii	"\211\371\314\014\0143\201\030\004\030\2273j2\000\225"
  53      0C338118 
  53      04189733 
  53      6A320095 
  54 004f 3DDAF86F 		.ascii	"=\332\370o*/\033\013D\234q\005#\033#\220^\177\211\361"
  54      2A2F1B0B 
  54      449C7105 
  54      231B2390 
  54      5E7F89F1 
  55 0063 40C3BFFF 		.ascii	"@\303\277\377\355\015\007\276,b\334\354\305\304\300"
  55      ED0D07BE 
  55      2C62DCEC 
  55      C5C4C0
  56 0072 D0059406 		.ascii	"\320\005\224\006\331\321\315\314\004\242\231\33726)"
  56      D9D1CDCC 
  56      04A299DF 
  56      323629
  57 0081 805483CD 		.ascii	"\200T\203\315\352bf\004\011\002\225%9[\305$gd&e\306"
  57      EA626604 
  57      09029525 
  57      395BC524 
  57      67642665 
  58 0096 3883C8E0 		.ascii	"8\203\310\340\222\322\224\314|C\3632\343\370\362\314"
  58      92D294CC 
ARM GAS  C:\Users\User\AppData\Local\Temp\ccJ5Hp4P.s 			page 4


  58      7C43F332 
  58      E3F8F2CC 
  59 00a6 BC94FCF2 		.ascii	"\274\224\374\362bdq\210\312\374bCs3\375\374b\375\214"
  59      62647188 
  59      CAFC6243 
  59      7333FDFC 
  59      62FD8C
  60 00b9 C41CFDA4 		.ascii	"\304\034\375\244\374\304\242\224b\375\340\220x\277P"
  60      FCC4A294 
  60      62FDE090 
  60      78BF50
  61 00c8 671F577F 		.ascii	"g\037W\177C\023\223x7s3\363(O\210\224^2\003\000VsK."
  61      43139378 
  61      377333F3 
  61      284F8894 
  61      5E320300 
  62              		.text
  63              		.section	.gnu.lto_pal_default_config.a45aac67,"",%progbits
  64 0000 789CCD93 		.ascii	"x\234\315\223[o\022Q\020\307w8@\013\275\240\211\217"
  64      5B6F1251 
  64      10C77738 
  64      400BBDA0 
  64      898F
  65 0012 7E0063E2 		.ascii	"~\000c\342;_\301o\343G8\024\023\021//&\262\301\030\210"
  65      3B5FC16F 
  65      E3473814 
  65      13112F2F 
  65      26B2C118 
  66 0027 0DB12C14 		.ascii	"\015\261,\024\220\332*h[@,\240\326\226\312Z\201\336"
  66      90DA2A68 
  66      5B402CA0 
  66      D696CA5A 
  66      81DE
  67 0039 1243432A 		.ascii	"\022CC*\365\322\242mEY\317p\316j\266i\350\253\373\260"
  67      F5D2A26D 
  67      4559CF70 
  67      CE6AB669 
  67      E8ABFBB0 
  68 004d FFCC7F77 		.ascii	"\377\314\177wg~3g\326\"\231\244\313\026I\002\211_>\002"
  68      677E3367 
  68      D62299A4 
  68      CB164902 
  68      895F3E02 
  69 0061 F156EA68 		.ascii	"\361V\352h\3446\011\020f\2620\364\263\363\225\360P\323"
  69      E4360910 
  69      66B230F4 
  69      B3F395F0 
  69      50D3
  70 0073 08335662 		.ascii	"\0103Vb!\217\231\033\252\242*\026f\215\357mfm\316\031"
  70      218F991B 
  70      AAA22A16 
  70      668DEF6D 
  70      666DCE19 
  71 0087 EA09D22B 		.ascii	"\352\011\322+\001\0022{\364\020\316\313\004\270\230"
  71      0102327B 
  71      F410CECB 
  71      04B898
ARM GAS  C:\Users\User\AppData\Local\Temp\ccJ5Hp4P.s 			page 5


  72 0096 B81008A3 		.ascii	"\270\020\010\243\230a\002\305\302M+\212\364\037\345"
  72      986102C5 
  72      C24D2B8A 
  72      F41FE5
  73 00a5 B8B5F245 		.ascii	"\270\265\362E\265\360\366\226E{\261\275v\314\312-\007"
  73      B5F0F696 
  73      457BB1BD 
  73      76CCCA2D 
  73      07
  74 00b6 0BF783E5 		.ascii	"\013\367\203\345\222\265_\225\030\2572\331\247J\335"
  74      92B55F95 
  74      18AF32D9 
  74      A74ADD
  75 00c5 B750019E 		.ascii	"\267P\001\236\222n\345\260\210\277\032\273\364w\252"
  75      926EE5B0 
  75      88BF1ABB 
  75      F477AA
  76 00d4 1E74B49A 		.ascii	"\036t\264\232\177\307\241\2773\265\215\263\337\371\264"
  76      7FC7A1BF 
  76      33B58DB3 
  76      DFF9B4
  77 00e3 DB167094 		.ascii	"\333\026p\224\322|\217\267\363\273e6\322L\031h\222\234"
  77      D27C8FB7 
  77      F3BB6536 
  77      D24C1968 
  77      929C
  78 00f5 E6D14934 		.ascii	"\346\321I4\011N\023.\245V\005\215\026\320\2009\321\007"
  78      094E132E 
  78      A556058D 
  78      16D08039 
  78      D107
  79 0107 4B9F4DFD 		.ascii	"K\237M\375z\234>}\222\263\353nY\300\356k\2326\314\254"
  79      7A9C3E7D 
  79      92B3EB6E 
  79      59C0EE6B 
  79      9A36CCAC 
  80 011b 395FF8FE 		.ascii	"9_\370\376h\277\264ONO[\227\033q\001{\200q\363pr\315"
  80      68BFB44F 
  80      4E4F5B97 
  80      1B71017B 
  80      8071F370 
  81 0131 AE4F2EDB 		.ascii	"\256O.\333;\260\255\345\233!\207\276\263\363]<\264\314"
  81      3BB0ADE5 
  81      9B2187BE 
  81      B3F35D3C 
  81      B4CC
  82 0143 55DA1CD4 		.ascii	"U\332\034\324'w\201\031\207\205n\340\330)>7\240<\343"
  82      27778119 
  82      87856EE0 
  82      D8293E37 
  82      A03CE3
  83 0156 28E99350 		.ascii	"(\351\223PR\034%S\331\316\011\224\204\253\205\225\277"
  83      521C2553 
  83      D9CE0994 
  83      84AB8595 
  83      BF
  84 0167 8D353E98 		.ascii	"\2155>\230\270S\016\252v\346\270\223\311\252Yg\321\264"
ARM GAS  C:\Users\User\AppData\Local\Temp\ccJ5Hp4P.s 			page 6


  84      B8530EAA 
  84      76E6B893 
  84      C9AA5967 
  84      D1B4
  85 0179 DE675157 		.ascii	"\336gQW]\274\3449\307\342\315\245\26161\242d\015(\031"
  85      5DBCE439 
  85      C7E2CDA5 
  85      B13631A2 
  85      640D2819 
  86 018d 8E326F40 		.ascii	"\2162o@\2313LE\233~\367\336\246\367\227A\024z\267\266"
  86      99334C45 
  86      9B7EF7DE 
  86      A6F79741 
  86      147AB7B6 
  87 01a1 2A9C6ED7 		.ascii	"*\234n\327\304\214\305\374\265\232([Q*\212\231Y\353"
  87      C48CC5FC 
  87      B59A285B 
  87      512A8A99 
  87      59EB
  88 01b3 C57084FC 		.ascii	"\305p\204\374\203\303A\3359\360&\305\357\357\242\256"
  88      83C341DD 
  88      39F026C5 
  88      EFEFA2AE 
  89 01c3 0C2E837B 		.ascii	"\014.\203{\355h\343\330\212\025\014|\013\234\357%\347"
  89      ED68E3D8 
  89      8A150C7C 
  89      0B9CEF25 
  89      E7
  90 01d4 CB1B46F5 		.ascii	"\313\033F\365\202\363e\275\015\357\000O\353\255\\d\206"
  90      82F365BD 
  90      0DEF004F 
  90      EBAD5C64 
  90      86
  91 01e5 52FD7143 		.ascii	"R\375qC\320$|\224\0161+\362\353\343=qle\305E\021P\365"
  91      D0247C94 
  91      0E312BF2 
  91      EBE33D71 
  91      6C65C545 
  92 01fc 8F5F173B 		.ascii	"\217_\027;4A\323*\266\261\333\334\3508\2144oN\242ym"
  92      3441D32A 
  92      B6B1DBDC 
  92      E8388C34 
  92      6F4EA279 
  93 0211 98D62B4E 		.ascii	"\230\326+NS\3424\205\342\367\264\330\303\004Kn\222\311"
  93      53E23485 
  93      E2F7B4D8 
  93      C3044B6E 
  93      92C9
  94 0223 002C8253 		.ascii	"\000,\202S&\203PD\261A\016\305\016\263(C\360\024e\030"
  94      26835044 
  94      B1410EC5 
  94      0EB32843 
  94      F0146518 
  95 0237 665046E0 		.ascii	"fPF\3401\312(\304Q\034\020E9\003\021\224\263\240\200"
  95      31CA28C4 
  95      511C1045 
  95      39031194 
ARM GAS  C:\Users\User\AppData\Local\Temp\ccJ5Hp4P.s 			page 7


  95      B3A080
  96 024a 5382B7EC 		.ascii	"S\202\267\354\366\007\272\363\251\016"
  96      F607BAF3 
  96      A90E
  97              		.text
  98              		.section	.gnu.lto_.symbol_nodes.a45aac67,"",%progbits
  99 0000 789C6365 		.ascii	"x\234ce`b\360`\000\002\246\271L\365\014\014\023\316"
  99      6062F060 
  99      0002A6B9 
  99      4CF50C0C 
  99      13CE
 100 0012 313000A9 		.ascii	"10\000\251]\015\216@\221yL\365\214(\"\254s\230\030\032"
 100      5D0D8E40 
 100      91794CF5 
 100      8C2822AC 
 100      7398181A 
 101 0026 95808A19 		.ascii	"\225\200\212\031\3473\3253\201\245\030\030\032\032\034"
 101      E733D533 
 101      81A51818 
 101      1A1A1C
 102 0035 18189881 		.ascii	"\030\030\230\201p\311\203\177\214\014\000se\020\322"
 102      70C9837F 
 102      8C0C0073 
 102      6510D2
 103              		.text
 104              		.section	.gnu.lto_.refs.a45aac67,"",%progbits
 105 0000 789C6365 		.ascii	"x\234ce`b`d\000\002\000\000I\000\011"
 105      60626064 
 105      00020000 
 105      490009
 106              		.text
 107              		.section	.gnu.lto_.decls.a45aac67,"",%progbits
 108 0000 789CBD56 		.ascii	"x\234\275V{P\224U\024\377\316\336e\205\005\202\001\247"
 108      7B509455 
 108      14FFCEDE 
 108      65850582 
 108      01A7
 109 0012 F10F6762 		.ascii	"\361\017gb\034\032\251\231 \260\244i\032\3230\037EJ"
 109      1C1AA999 
 109      20B0A469 
 109      1AD3301F 
 109      454A
 110 0024 53F947B3 		.ascii	"S\371G\263\315\316\302\256\272\323\262\273\355.\232"
 110      CDCEC2AE 
 110      BAD3B2BB 
 110      ED2E9A
 111 0033 D33F1FB2 		.ascii	"\323?\037\262\204\217x4\366\242\321\006\323\022J\005"
 111      848F7834 
 111      F6A2D106 
 111      D3124A05 
 112 0043 F111BE57 		.ascii	"\361\021\276WLD\004DI\024\345\345#\362\301[\005,\221"
 112      4C440444 
 112      4914E5E5 
 112      23F2C15B 
 112      052C91
 113 0056 CEBDF75B 		.ascii	"\316\275\367[\276\317\017\372\303\251\351\016\277{\277"
 113      BECF0FFA 
ARM GAS  C:\Users\User\AppData\Local\Temp\ccJ5Hp4P.s 			page 8


 113      C3A9E90E 
 113      BF7BBF
 114 0065 73CFEF9E 		.ascii	"s\317\357\236s\356\271\347^6@\320\010o\007\013\302d"
 114      73EEB9E7 
 114      5E3640D0 
 114      086F070B 
 114      C264
 115 0077 22085A10 		.ascii	"\"\010Z\020\204QlZA\020v\010rC\225\260\023Q\206(G M"
 115      84516C5A 
 115      41107608 
 115      724395B0 
 115      13518628 
 116 008e 18111E6D 		.ascii	"\030\021\036m\037\000\347-A<T\254\327Hk\313\205\361"
 116      1F00E72D 
 116      413C54AC 
 116      D7486BCB 
 116      85F1
 117 00a0 CD04DCD6 		.ascii	"\315\004\334\326\022I\006\311\207\272\375%\331\236\216"
 117      124906C9 
 117      87BAFD25 
 117      D99E8E
 118 00af 68463C40 		.ascii	"hF<@D \032\020\347\021\215\210\263\210s\210&\304\031"
 118      44201A10 
 118      E7118D88 
 118      B3887388 
 118      26C419
 119 00c2 440F6200 		.ascii	"D\017b\000q\027\321\217\350C\334C\014\"\206\021w\020"
 119      7117D18F 
 119      E843DC43 
 119      0C228611 
 119      7710
 120 00d4 DD88DE09 		.ascii	"\335\210\336\011\374\321\3665\201}\271\277\036\326\264"
 120      FCD1F635 
 120      817DB9BF 
 120      1ED6B4
 121 00e3 410BE01E 		.ascii	"A\013\340\036 \234G\010\274\007\006&\216\372\033\000"
 121      209C4708 
 121      BC070626 
 121      8EFA1B00 
 122 00f3 9BC7598D 		.ascii	"\233\307Y\215 m\314?\005\376\025\222\254\221D\215d\222"
 122      206DCC3F 
 122      05FE1592 
 122      AC91448D 
 122      6492
 123 0105 FD498B41 		.ascii	"\375I\213Aa\221\253\271'\177\343y\342\037l\231\1775"
 123      6191ABB9 
 123      277FE379 
 123      E21F6C99 
 123      7F35
 124 0117 68640700 		.ascii	"hd\007\000\312\005\012\203<lI?\026\237 o\016\374\273"
 124      CA050A83 
 124      3C6C493F 
 124      169F206F 
 124      0EFCBB
 125 012a EF2FACED 		.ascii	"\357/\254\355\324\267C+\235-\232\015|\256;\277>\214"
 125      D4B7432B 
 125      9D2D9A0D 
ARM GAS  C:\Users\User\AppData\Local\Temp\ccJ5Hp4P.s 			page 9


 125      7CAE3BBF 
 125      3E8C
 126 013c 68807EB7 		.ascii	"h\200~\267\337/\236\027\273]\344-\360)9m'F\207|ay\004"
 126      DF2F9E17 
 126      BB5DE42D 
 126      F029396D 
 126      2746877C 
 127 0153 22F4A041 		.ascii	"\"\364\240A\361\\_\355\246`\024'\353!\034\305\341\314"
 127      F15C5FED 
 127      A6601427 
 127      EB211CC5 
 127      E1CC
 128 0165 F3C7F453 		.ascii	"\363\307\364S\276b\253\262\304p\015,y\022\266\303T\370"
 128      BE62ABB2 
 128      C4700D2C 
 128      7912B6C3 
 128      54F8
 129 0177 19A6A2F3 		.ascii	"\031\246\242\363\0350\005\373T-\267\364Cw}i\340\264"
 129      1D3005FB 
 129      542DB7F4 
 129      43777D69 
 129      E0B4
 130 0189 22B1A843 		.ascii	"\"\261\250C\364\235\274\366\354\225rQ\314\306eZJ\203"
 130      F49DBCF6 
 130      EC957251 
 130      CCC6655A 
 130      4A83
 131 019b 1220F013 		.ascii	"\022 \360\023\304\322\220\361\023\373bh\007\330\006"
 131      C4D290F1 
 131      13FB6268 
 131      07D806
 132 01aa 6DB8A19D 		.ascii	"m\270\241\2350\015\227\327v\266~B>a\301z\213\256\357"
 132      300D97D7 
 132      76B67E42 
 132      3E61C17A 
 132      8BAEEF
 133 01bd D7A1A532 		.ascii	"\327\241\2452\264T\371L\241\350[\215v4\314N\251l\247"
 133      B454F94C 
 133      A1E85B8D 
 133      7634CC4E 
 133      A96CA7
 134 01d0 546DA78C 		.ascii	"Tm\247\214\331\021o\034l\011#\331\300,\225ni\372\"\024"
 134      D9116F1C 
 134      6C0923D9 
 134      C02C956E 
 134      69FA2214 
 135 01e4 2D7588A2 		.ascii	"-u\210\242o\350\247WFs\252>\0237\003\213\034v\311\246"
 135      6FE8A757 
 135      4673AA3E 
 135      1337038B 
 135      1C76C9A6 
 136 01f8 765153F4 		.ascii	"vQS\364\243\234\231\250>\276s0\230\014r\023\015\033"
 136      A39C99A8 
 136      3EBE7330 
 136      980C7213 
 136      0D1B
 137 020a 37D504F0 		.ascii	"7\325\004\360\004\355\241\031\312-\035\015\344\011*"
ARM GAS  C:\Users\User\AppData\Local\Temp\ccJ5Hp4P.s 			page 10


 137      04EDA119 
 137      CA2D1D0D 
 137      E4092A
 138 0219 8AA462C9 		.ascii	"\212\244b\311\303\247\270\366\033\252\2558\334\235\300"
 138      C3A7B8F6 
 138      1BAAAD38 
 138      DC9DC0
 139 0228 C5A9281D 		.ascii	"\305\251(\035h\355\367I\331\354\000z\"u\337^{\202\313"
 139      68EDF749 
 139      D9EC007A 
 139      2275DF5E 
 139      7B82CB
 140 023b 51541473 		.ascii	"QT\024ssB8{\230\252O5m\352\321\223\265\374\304z\274"
 140      7342387B 
 140      98AA4F35 
 140      6DEAD193 
 140      B5FCC47A 
 141 0250 BF770473 		.ascii	"\277w\004s\345\024\024\317z\3136\022.j\025\347\024\301"
 141      E51414CF 
 141      7ACB3612 
 141      2E6A15E7 
 141      14C1
 142 0262 CFA965ED 		.ascii	"\317\251e\355\247\337\351H\001_\331Z]\3623\245N\327"
 142      A7DFE948 
 142      015FD95A 
 142      5DF233A5 
 142      4ED7
 143 0274 032DA330 		.ascii	"\003-\2430\232\207\256\375\367C\371\024e\234\313\037"
 143      9A87AEFD 
 143      F743F914 
 143      659CCB1F 
 144 0284 D83A897C 		.ascii	"\330:\211|\311\350\232\302\232\013\225Z\210\321\377"
 144      C9E89AC2 
 144      9A0B955A 
 144      88D1FF
 145 0293 480FD977 		.ascii	"H\017\331w\262vV\341\200(F\301\257\240\207J9E\323\365"
 145      B27656E1 
 145      802846C1 
 145      AFA0874A 
 145      3945D3F5 
 146 02a7 D8AF11C5 		.ascii	"\330\257\021\305\325bA\226\030\264@\200\375X\006\207"
 146      D5624196 
 146      18B44080 
 146      FD580687 
 147 02b7 B10CE038 		.ascii	"\261\014\3408\304P\273\224\007\307p\322\207\223\350"
 147      C450BB94 
 147      07C770D2 
 147      8793E8
 148 02c6 A364EBE7 		.ascii	"\243d\353\347\337\353\310\217\204\371\250:r\371\242"
 148      DFEBC88F 
 148      84F9A83A 
 148      72F9A2
 149 02d5 16F43113 		.ascii	"\026\3641\023\03289\201\001\036\314h\367\264\252lz\364"
 149      1A383981 
 149      011ECC68 
 149      F7B4AA6C 
 149      7AF4
ARM GAS  C:\Users\User\AppData\Local\Temp\ccJ5Hp4P.s 			page 11


 150 02e7 5518CC09 		.ascii	"U\030\314\0119\030\214\215\327\334\325\003-\231\032"
 150      39188C8D 
 150      D7DCD503 
 150      2D991A
 151 02f6 52A265BB 		.ascii	"R\242e\273\372\366\340]\377I\005\242\330\273\341D\235"
 151      FAF6E05D 
 151      FF4905A2 
 151      D8BBE144 
 151      9D
 152 0307 86ECE0BA 		.ascii	"\206\354\340\272\316\213Y\205:\262\233\013\005#\315"
 152      CE8B5985 
 152      3AB29B0B 
 152      0523CD
 153 0316 A28E1CE4 		.ascii	"\242\216\034\344Bn\357\360f-\251\344Bs\326PS(\251fB"
 153      426EEFF0 
 153      662DA9E4 
 153      4273D650 
 153      5328A966 
 154 032b D0A7A515 		.ascii	"\320\247\245\025{B \232\266\310\350\350\230\357i\354"
 154      7B42209A 
 154      B6C8E8E8 
 154      98EF69EC 
 155 033b BEDE42B2 		.ascii	"\276\336B\262\276\244\3763\261\250\022XT\365\030\325"
 155      BEA4FE33 
 155      B1A81258 
 155      54F518D5 
 156 034b 6F1029EF 		.ascii	"o\020)\357\346\020\273\032\361\330\011|\305\237\263"
 156      E610BB1A 
 156      F1D8097C 
 156      C59FB3
 157 035a B082BD84 		.ascii	"\260\202\275\204\261\353\324\3548\025\371\326\2532\271"
 157      B1EBD4EC 
 157      3815F9D6 
 157      AB32B9
 158 0369 464D3EC5 		.ascii	"FM>\305L\357\007\205m\005\275ZM?\242\216\344\222\202"
 158      4CEF0785 
 158      6D05BD5A 
 158      4D3FA28E 
 158      E49282
 159 037c 7D7A62E3 		.ascii	"}zb\343\214\3759M~\201(\316\326\012P\201\372_\230\212"
 159      8CFD394D 
 159      7E8128CE 
 159      D60A5081 
 159      FA5F988A 
 160 0390 B231FF70 		.ascii	"\2621\377p\001\217\253\001\242\341<\242\021q\026q\016"
 160      018FAB01 
 160      A2E13CA2 
 160      11711671 
 160      0E
 161 03a1 D1843803 		.ascii	"\321\2048\003\321\354\"q\1775\012\177\265\023\356\\"
 161      D1EC2271 
 161      7F350A7F 
 161      B513EE5C 
 162 03b1 B9979A05 		.ascii	"\271\227\232\0052\373\350\304{\341t^\033=G\"2E\021("
 162      32FBE8C4 
 162      7BE1745E 
 162      1B3D4722 
ARM GAS  C:\Users\User\AppData\Local\Temp\ccJ5Hp4P.s 			page 12


 162      32451128 
 163 03c5 4D90EA42 		.ascii	"M\220\352Bz\322\216>\3646\350Hy\000\253\274\255\353"
 163      7AD28E3E 
 163      F436E848 
 163      7900ABBC 
 163      ADEB
 164 03d7 6AF70542 		.ascii	"j\367\005Bd\314D{\202K\270\225\307\331\026\367\334Y"
 164      64CC447B 
 164      824BB895 
 164      C7D916F7 
 164      DC59
 165 03e9 ADC33714 		.ascii	"\255\3037\024\232q\341E\271&i\034\314\275\377\322GH"
 165      9A71E145 
 165      B926691C 
 165      CCBDFFD2 
 165      4748
 166 03fb 973EA7EE 		.ascii	"\227>\247\356\3366\0159\301\302\201\262C\336\356'\270"
 166      DE360D39 
 166      C1C281B2 
 166      43DEEE27 
 166      B8
 167 040c D24795EB 		.ascii	"\322G\225\353\263\363\327N\"\265\\y\247\270\374\273"
 167      B3F3D74E 
 167      22B55C79 
 167      A7B8FCBB 
 168 041c 40AE2CA6 		.ascii	"@\256,\246\312\233#U\267\003H#Wn\257;\331\"=\000k\250"
 168      CA9B2355 
 168      B7034823 
 168      576EAF3B 
 168      D9223D00 
 169 0432 B271A821 		.ascii	"\262q\250!GO.q\345\350\315\346-A\\\331G\345u{7l\011"
 169      474F2E71 
 169      E5E8CDE6 
 169      2D415CD9 
 169      47E5757B 
 170 0449 2357B8B2 		.ascii	"#W\270\262\261s\263Wzf\032\250\234\227\277{\227\236"
 170      B173B357 
 170      7A661AA8 
 170      9C97BF7B 
 170      979E
 171 045b DCE0CAE2 		.ascii	"\334\340\312\342\316\215y\222\362%\024\367\326U\264"
 171      CE8D7992 
 171      F22514F7 
 171      D655B4
 172 046a 05905EAE 		.ascii	"\005\220^\256k\031h\312\301w\220\013\245\017\276\330"
 172      6B1968CA 
 172      C177900B 
 172      A50FBED8 
 173 047a A623235C 		.ascii	"\246##\\\310+l-\323\023\257\216\012\241#\355w\217\006"
 173      C82B6C2D 
 173      D313AF8E 
 173      0AA123ED 
 173      778F06
 174 048d 4364F458 		.ascii	"Cd\364X\213\211Vf{/f{\017;\276.)\325C\230\352\036L\353"
 174      8B895666 
 174      7B2F667B 
 174      0F3BBE2E 
ARM GAS  C:\Users\User\AppData\Local\Temp\ccJ5Hp4P.s 			page 13


 174      29D54398 
 175 04a5 00E22EA2 		.ascii	"\000\342.\242\037\321\207\270\207\030D\014#\356 \272"
 175      1FD187B8 
 175      8718440C 
 175      23EE20BA 
 176 04b5 11BD7245 		.ascii	"\021\275rE\321\324\327Gl\020\305\352\347Y\362\017b\362"
 176      D1D4D747 
 176      6C10C5EA 
 176      E759F20F 
 176      62F2
 177 04c7 A9C9B1E3 		.ascii	"\251\311\261\343<\360\350\375@~\345\033\231\254\246"
 177      3CF0E8FD 
 177      407EE51B 
 177      99ACA6
 178 04d6 28FD969A 		.ascii	"(\375\226\232\376\310\335\243\344\3052\371\266\232\274"
 178      FEC8DDA3 
 178      E4C532F9 
 178      B69ABC
 179 04e5 0FD4EC64 		.ascii	"\017\324\354d\231}]\315\276\246f_}Sfw\252\331\277\217"
 179      997D5DCD 
 179      BEA6665F 
 179      7D536677 
 179      AAD9BF8F 
 180 04f9 8BFBAA22 		.ascii	"\213\373\252\"\356\233j\372\241\361\333\\$\323[\324"
 180      EE9B6AFA 
 180      A1F1DB5C 
 180      24D35BD4 
 181 0509 F4CBE322 		.ascii	"\364\313\343\"W\304rC\315\376c\\\344\212}^U\263\257"
 181      57C47243 
 181      CDFE635C 
 181      E48A7D5E 
 181      55B3AF
 182 051c 8C0FE52D 		.ascii	"\214\017\345-\231\336\241\246\267\313\306\245K|\212"
 182      99DEA1A6 
 182      B7CBC6A5 
 182      4B7C8A
 183 052b 5FE2AE47 		.ascii	"_\342\256G/\261t\330u\212\303nS\333jU\270\306\212<v"
 183      2FB174D8 
 183      758AC36E 
 183      53DB6A55 
 183      B8C68A3C 
 184 0540 BF2B3B8C 		.ascii	"\277+;\214\254g\025\251\031i\271\376\242\352\316\373"
 184      AC6715A9 
 184      1969B9FE 
 184      A2EACEFB 
 185 0550 AB10FEC2 		.ascii	"\253\020\376\302\342\3737\205\310\003o:\303\336\200"
 185      E2FB3785 
 185      C8036F3A 
 185      C3DE80
 186 055f 3FD1D07D 		.ascii	"?\321\320}\371\015\350\362\277\001\233:|\327\002\"%"
 186      F90DE8F2 
 186      BF019B3A 
 186      7CD70222 
 186      25
 187 0570 FF6BFEC9 		.ascii	"\377k\376\311\277\360\330\316\321t\371\275\323_\006"
 187      BFF0D8CE 
 187      D174F9BD 
ARM GAS  C:\Users\User\AppData\Local\Temp\ccJ5Hp4P.s 			page 14


 187      D35F06
 188 057f 3FBD452C 		.ascii	"?\275E,\363\341?\353\343a%\370\333(\010\036\240\301"
 188      F3E13FEB 
 188      E36125F8 
 188      DB28081E 
 188      A0C1
 189 0591 DD3C0EC5 		.ascii	"\335<\016\305}\2433\357\342\317\333\021x\232\376\004"
 189      7DA333EF 
 189      E2CFDB11 
 189      789AFE04 
 190 05a1 1CBED016 		.ascii	"\034\276\320\026\022\262n\354?0\373\021\344\177`\005"
 190      12B26EEC 
 190      3F30FB11 
 190      E47F6005 
 191 05b1 780821FE 		.ascii	"x\010!\376m\340\247\020b4ZL.\333*\243\325n\365\004\316"
 191      6DE0A710 
 191      62345A4C 
 191      2EDB2AA3 
 191      D56EF504 
 192 05c6 5FF45E54 		.ascii	"_\364^TR|\274\220\232\364\262!m\2715\325jH\242\375;"
 192      527CBC90 
 192      9AF4B221 
 192      6DB935D5 
 192      6A48A2FD 
 193 05db 9E0CB3D5 		.ascii	"\236\014\263\325\021\237\270b\206q\245\325nv\254t+\347"
 193      119FB862 
 193      8671A5D5 
 193      6E76AC74 
 193      2BE7
 194 05ed 39D3E18E 		.ascii	"9\323\341\216O\234\031\347p\307-7\331\342R\035&\227"
 194      4F9C19E7 
 194      70C72D37 
 194      D9E2521D 
 194      2697
 195 05ff D91DF7CE 		.ascii	"\331\035\367\316\273\306E\357%%\277\2768\376\205\027"
 195      BBC645EF 
 195      2525BFBE 
 195      38FE8517 
 196 060f 8CF31267 		.ascii	"\214\363\022g&\276\277\220\253b\323\204 \366\261\020"
 196      26BEBF90 
 196      AB62D384 
 196      20F6B110 
 197 061f BD86BB3D 		.ascii	"\275\206\273=\3513\022\214i6G\332\207,\014\343\277\364"
 197      E933128C 
 197      693647DA 
 197      872C0CE3 
 197      BFF4
 198 0631 EE74B83C 		.ascii	"\356t\270<\324\371[3\022x?/\361\343\217\251\306h\263"
 198      D4F95B33 
 198      12783F2F 
 198      F1E38FA9 
 198      C668B3
 199 0644 9963970B 		.ascii	"\231c\227\013\021N\3744[\226\2322l\036c\232\303\276"
 199      114EFC34 
 199      5B969A32 
 199      6C1E639A 
 199      C3BE
ARM GAS  C:\Users\User\AppData\Local\Temp\ccJ5Hp4P.s 			page 15


 200 0656 D4BA4C97 		.ascii	"\324\272L\227\362\306\\\223\307\2445-u\331\364Fc\206"
 200      F2C65C93 
 200      C7A4352D 
 200      75D9F446 
 200      6386
 201 0668 D5EEC190 		.ascii	"\325\356\301\220<^H\363\207\302z\367\370P\024\363\006"
 201      3C5E48F3 
 201      87C27AF7 
 201      F85014F3 
 201      06
 202 0679 8FC36173 		.ascii	"\217\303as\033\226\3313\242\330W\224\311\225\036eIO"
 202      1B96D933 
 202      A2D85794 
 202      C9951E65 
 202      494F
 203 068b B598CD16 		.ascii	"\265\230\315\026\263af\354\214\250\204\347\343\023?"
 203      B36166EC 
 203      8CA884E7 
 203      E3133F
 204 069a 8A37E0FC 		.ascii	"\2127\340\374sv\207\335\362\234\305\204\226\255\366"
 204      737687DD 
 204      F29CC584 
 204      96ADF6
 205 06a9 345B86D9 		.ascii	"4[\206\331bH7\241-\273\3050\026\232g\225\323\342\306"
 205      624837A1 
 205      2DBBC530 
 205      169A6795 
 205      D3E2C6
 206 06bc 7803FDE1 		.ascii	"x\003\375\341\254\372\037\243q\257r\033\214n\217\031"
 206      ACFA1FA3 
 206      71AF721B 
 206      8C6E8F19 
 207 06cc 5D6308C4 		.ascii	"]c\010\304av\00583\234f\327$\207\333i\261\230]:\007"
 207      61760538 
 207      339C66D7 
 207      2487DB69 
 207      B1985D3A 
 208 06e1 0DCF1590 		.ascii	"\015\317\025\220\3560[\\4o\313\315\377\341\261%'\317"
 208      EE305B5C 
 208      346FCBCD 
 208      FFE1B125 
 208      27CF
 209 06f3 8D9B9FB2 		.ascii	"\215\233\237\262p\361\212\004vnN\371\354x\261,sZ\035"
 209      70F18A04 
 209      766E4EF9 
 209      EC78B12C 
 209      735A1D
 210 0706 46B7C593 		.ascii	"F\267\305\223\3414zt)\013\351\331\351R\026\360a>\037"
 210      E1347A74 
 210      290BE9D9 
 210      E95216F0 
 210      613E1F
 211 0719 E6F1E175 		.ascii	"\346\361\341u>\314\345C\022\037^\343\303\034>\274I\207"
 211      3ECCE543 
 211      121F5EE3 
 211      C31C3EBC 
 211      4987
ARM GAS  C:\Users\User\AppData\Local\Temp\ccJ5Hp4P.s 			page 16


 212 072b A09439C9 		.ascii	"\240\2249\311I\254\026\376\006<vX\325"
 212      49AC16FE 
 212      063C7658 
 212      D5
 213              		.text
 214              		.section	.gnu.lto_.symtab.a45aac67,"",%progbits
 215 0000 5F5F6561 		.ascii	"__early_init\000"
 215      726C795F 
 215      696E6974 
 215      00
 216 000d 00       		.ascii	"\000"
 217 000e 00       		.ascii	"\000"
 218 000f 00       		.ascii	"\000"
 219 0010 00000000 		.ascii	"\000\000\000\000\000\000\000\000"
 219      00000000 
 220 0018 AE000000 		.ascii	"\256\000\000\000"
 221 001c 626F6172 		.ascii	"boardInit\000"
 221      64496E69 
 221      7400
 222 0026 00       		.ascii	"\000"
 223 0027 00       		.ascii	"\000"
 224 0028 00       		.ascii	"\000"
 225 0029 00000000 		.ascii	"\000\000\000\000\000\000\000\000"
 225      00000000 
 226 0031 B0000000 		.ascii	"\260\000\000\000"
 227 0035 70616C5F 		.ascii	"pal_default_config\000"
 227      64656661 
 227      756C745F 
 227      636F6E66 
 227      696700
 228 0048 00       		.ascii	"\000"
 229 0049 00       		.ascii	"\000"
 230 004a 00       		.ascii	"\000"
 231 004b 00000000 		.ascii	"\000\000\000\000\000\000\000\000"
 231      00000000 
 232 0053 FD000000 		.ascii	"\375\000\000\000"
 233 0057 73746D33 		.ascii	"stm32_clock_init\000"
 233      325F636C 
 233      6F636B5F 
 233      696E6974 
 233      00
 234 0068 00       		.ascii	"\000"
 235 0069 02       		.ascii	"\002"
 236 006a 00       		.ascii	"\000"
 237 006b 00000000 		.ascii	"\000\000\000\000\000\000\000\000"
 237      00000000 
 238 0073 B2000000 		.ascii	"\262\000\000\000"
 239              		.text
 240              		.section	.gnu.lto_.opts,"",%progbits
 241 0000 272D666D 		.ascii	"'-fmath-errno' '-fsigned-zeros' '-ftrapping-math' '"
 241      6174682D 
 241      6572726E 
 241      6F272027 
 241      2D667369 
 242 0033 2D666E6F 		.ascii	"-fno-trapv' '-fno-openmp' '-fno-openacc' '-mcpu=cor"
 242      2D747261 
 242      70762720 
ARM GAS  C:\Users\User\AppData\Local\Temp\ccJ5Hp4P.s 			page 17


 242      272D666E 
 242      6F2D6F70 
 243 0066 7465782D 		.ascii	"tex-m7' '-mno-thumb-interwork' '-mthumb' '-ggdb' '-"
 243      6D372720 
 243      272D6D6E 
 243      6F2D7468 
 243      756D622D 
 244 0099 4F322720 		.ascii	"O2' '-fomit-frame-pointer' '-falign-functions=16' '"
 244      272D666F 
 244      6D69742D 
 244      6672616D 
 244      652D706F 
 245 00cc 2D666675 		.ascii	"-ffunction-sections' '-fdata-sections' '-fno-common"
 245      6E637469 
 245      6F6E2D73 
 245      65637469 
 245      6F6E7327 
 246 00ff 2720272D 		.ascii	"' '-flto'\000"
 246      666C746F 
 246      2700
 247              		.text
 248              		.comm	__gnu_lto_v1,1,1
 249              		.comm	__gnu_lto_slim,1,1
 250              		.ident	"GCC: (GNU Tools for ARM Embedded Processors 6-2017-q1-update) 6.3.1 20170215 (release) [AR
ARM GAS  C:\Users\User\AppData\Local\Temp\ccJ5Hp4P.s 			page 18


DEFINED SYMBOLS
                            *ABS*:00000000 board.c
                            *COM*:00000001 __gnu_lto_v1
                            *COM*:00000001 __gnu_lto_slim

NO UNDEFINED SYMBOLS
