ARM GAS  C:\Users\User\AppData\Local\Temp\cc0yBPKy.s 			page 1


   1              		.cpu cortex-m7
   2              		.eabi_attribute 20, 1
   3              		.eabi_attribute 21, 1
   4              		.eabi_attribute 23, 3
   5              		.eabi_attribute 24, 1
   6              		.eabi_attribute 25, 1
   7              		.eabi_attribute 26, 1
   8              		.eabi_attribute 30, 2
   9              		.eabi_attribute 34, 1
  10              		.eabi_attribute 18, 4
  11              		.file	"chdynamic.c"
  12              		.text
  13              	.Ltext0:
  14              		.section	.gnu.lto_.profile.9e80f00c,"",%progbits
  15 0000 789C6365 		.ascii	"x\234ce`b`a```d\3100\000\000\001\200\000\245"
  15      60626061 
  15      60606064 
  15      C8300000 
  15      018000A5 
  16              		.text
  17              		.section	.gnu.lto_.icf.9e80f00c,"",%progbits
  18 0000 789C6365 		.ascii	"x\234ce`b\340e@\000&\206\215\273;+\030\267L\\\367\225"
  18      6062E065 
  18      40002686 
  18      8DBB3B2B 
  18      18B74C5C 
  19 0016 89010026 		.ascii	"\211\001\000&l\005o"
  19      6C056F
  20              		.text
  21              		.section	.gnu.lto_.jmpfuncs.9e80f00c,"",%progbits
  22 0000 789C6365 		.ascii	"x\234ce`bX\312\200\000L\014l\214``\317X\017\002,\014"
  22      606258CA 
  22      80004C0C 
  22      6C8C6060 
  22      CF580F02 
  23 0016 8C8C1D4C 		.ascii	"\214\214\035L\323\231\031\267\0349\336\306\321\307<"
  23      D39919B7 
  23      1C39DEC6 
  23      D1C73C
  24 0025 9F1928C0 		.ascii	"\237\031(\300\270\234Q\206\201\021(\270\376\315\316"
  24      B89C5186 
  24      811128B8 
  24      FECDCE
  25 0034 9FBC2041 		.ascii	"\237\274 AFF\006\306\025@A\240~\006F\026\0066\246J\006"
  25      464606C6 
  25      154041A0 
  25      7E064616 
  25      0636A64A 
  26 0049 4620A712 		.ascii	"F \247\022H\200\025\316\332\375\345\024+H!\023#\007"
  26      488015CE 
  26      DAFDE514 
  26      2B482113 
  26      2307
  27 005b E34A9042 		.ascii	"\343J\220BFV\2605\362\250\266\034\375\377\375\000?\304"
  27      4656B035 
  27      F2A8B61C 
  27      FDFFFD00 
ARM GAS  C:\Users\User\AppData\Local\Temp\cc0yBPKy.s 			page 2


  27      3FC4
  28 006d 1626C655 		.ascii	"\026&\306U [\220\215e\202\030\313\000\000\206S \273"
  28      205B908D 
  28      658218CB 
  28      00008653 
  28      20BB
  29              		.text
  30              		.section	.gnu.lto_.inline.9e80f00c,"",%progbits
  31 0000 789C6365 		.ascii	"x\234ce`b\010g@\000&\006\011)#F\006&\211\025[\030\031"
  31      60620867 
  31      40002606 
  31      09292346 
  31      06268915 
  32 0017 D816C833 		.ascii	"\330\026\3103\201\004\231y\200\022\023\374\3004#\003"
  32      81049979 
  32      801213FC 
  32      C0342303 
  33 0027 2B1F5064 		.ascii	"+\037Pd\202\037\220\317\010Q+}\355\024#\003\373-5,j"
  33      821F90CF 
  33      08512B7D 
  33      ED142303 
  33      FB2D352C 
  34 003c C1249007 		.ascii	"\301$\220\007\000\374\215\012\357"
  34      00FC8D0A 
  34      EF
  35              		.text
  36              		.section	.gnu.lto_.pureconst.9e80f00c,"",%progbits
  37 0000 789C6365 		.ascii	"x\234ce`b`g`\000\222\273\030\031w1\002\000\005\355\001"
  37      60626067 
  37      600092BB 
  37      18197731 
  37      020005ED 
  38 0015 88       		.ascii	"\210"
  39              		.text
  40              		.section	.gnu.lto_chThdCreateFromHeap.9e80f00c,"",%progbits
  41 0000 789CA595 		.ascii	"x\234\245\225mL\223W\024\307\357y\356\323>\205\002\212"
  41      6D4C9357 
  41      14C7EF79 
  41      EED33E85 
  41      028A
  42 0012 63CE1163 		.ascii	"c\316\021cj2\242&\233\235\331\213f\331\227\205/\363"
  42      6A32A226 
  42      9B9DD98B 
  42      66D99785 
  42      2FF3
  43 0024 034B264B 		.ascii	"\003K&K\366\205\204a\251\322\304\322\246-\242\373\302"
  43      F6858461 
  43      A9D2C4D2 
  43      A62DA2FB 
  43      C2
  44 0035 43C1B731 		.ascii	"C\301\2671_7\021Z\353\323\314\020\335\030\212L\235\214"
  44      5F37115A 
  44      EBD3CC10 
  44      DD188A4C 
  44      9D8C
  45 0047 9775E22B 		.ascii	"\227u\342+\276!\003\247\202\014-\350\260\312\246A\267"
  45      BE2103A7 
ARM GAS  C:\Users\User\AppData\Local\Temp\cc0yBPKy.s 			page 3


  45      820C2DE8 
  45      B0CAA641 
  45      B7
  46 0058 99A93BE7 		.ascii	"\231\251;\347\266\020(f\373`\023\240\317s\377\377s\316"
  46      B6102866 
  46      FB6013A0 
  46      CF73FFFF 
  46      73CE
  47 006a 3DE7772F 		.ascii	"=\347w/:&\261\305\006\306j\200\261\267\030c\240c m9"
  47      3A26B1C5 
  47      06C66A80 
  47      B1B71863 
  47      A063206D 
  48 007f CF58A941 		.ascii	"\317X\251A\222\344v\316\324D~\242\23515\211\203\034"
  48      92E476CE 
  48      D4447EA2 
  48      9D313589 
  48      831C
  49 0091 7D2F03D0 		.ascii	"}/\003\320\027\325\000\254D\3422\224\300f\276\203\303"
  49      17D500AC 
  49      44E23294 
  49      C066BE83 
  49      C3
  50 00a2 C5F2FA9D 		.ascii	"\305\362\372\235|\023\3278\003\031\037\357\235\363\205"
  50      7C13D738 
  50      03191FEF 
  50      9DF385
  51 00b1 53E811C0 		.ascii	"S\350\021\300\204\217~\265s\2032o\217\252z\325\320\216"
  51      848F7EB5 
  51      7383326F 
  51      8FAA7AD5 
  51      D08E
  52 00c3 2EBDBFA1 		.ascii	".\275\277\241CM\320\270\304\252Q\276\027f\302\036\230"
  52      434DD0B8 
  52      C4AA51BE 
  52      1766C21E 
  52      98
  53 00d4 49D9BF86 		.ascii	"I\331\277\206y(>8\\u?\201\177\010\014\277\3736\017j"
  53      79283E38 
  53      5C753F81 
  53      7F080CBF 
  53      FB360F6A 
  54 00e8 BA3935C2 		.ascii	"\27295\3028\262\235\253\257h\234\3037\300\307\033\361"
  54      38B29DAB 
  54      AF689CC3 
  54      37C0C71B 
  54      F1
  55 00f9 15835A98 		.ascii	"\025\203Z\230\203\362\257J\273\317$\363\217\205u]]\313"
  55      83F2AF4A 
  55      BBCF24F3 
  55      8F85755D 
  55      5DCB
  56 010b 504ACC3A 		.ascii	"PJ\314:\260CXe\3706\336*3\250\023V\357\215\303\227\200"
  56      B0435865 
  56      F836DE2A 
  56      33A81356 
  56      EF8DC397 
ARM GAS  C:\Users\User\AppData\Local\Temp\cc0yBPKy.s 			page 4


  57 0120 E7086BB0 		.ascii	"\347\010k\260;X\034s\366\371\246o/S\337\327\270\016"
  57      3B581C73 
  57      F6F9A66F 
  57      2F53DFD7 
  57      B80E
  58 0132 F6C57BB1 		.ascii	"\366\305{\261Y\373\205\267\326{\353.\347y\302\273\341"
  58      59FB85B7 
  58      D67BEB2E 
  58      E779C2BB 
  58      E1
  59 0143 F4E3B012 		.ascii	"\364\343\260\0223\237\215\246\325C}\274U\317\340\200"
  59      339F8DA6 
  59      D5437DBC 
  59      55CFE080 
  60 0153 B09EBDDD 		.ascii	"\260\236\275\335t\310\300\227\011\353\323#5\017\215"
  60      74C8C097 
  60      09EBD323 
  60      350F8D
  61 0162 31EB4DDF 		.ascii	"1\353M\337\254/E^\005\032\342\315\012\203\357\2049\242"
  61      AC2F455E 
  61      051AE2CD 
  61      0A83EF84 
  61      39A2
  62 0174 56B400B7 		.ascii	"V\264\000\267\011s\367\245\257?\032M[)\322\032\340`"
  62      0973F7A5 
  62      AF3F1A4D 
  62      5B29D21A 
  62      E060
  63 0186 BCD3C0E0 		.ascii	"\274\323\300\340\020\314!\371p\371`\2771:\257\031\370"
  63      10CC21F9 
  63      70F960BF 
  63      313AAF19 
  63      F8
  64 0197 58DF5C7E 		.ascii	"X\337\\~76\257\020\340\363\225\353\315\303\211\334."
  64      3736AF10 
  64      E0F395EB 
  64      CDC389DC 
  64      2E
  65 01a8 22D70DF4 		.ascii	"\"\327\015\364\026e\354VC\252\032\032\366\317\332\246"
  65      1665EC56 
  65      43AA1A1A 
  65      F6CFDAA6 
  66 01b8 AAA75459 		.ascii	"\252\247TY\343\011p$\032\375{\214~X\314\217\221:\024"
  66      E3097024 
  66      1AFD7B8C 
  66      7E58CC8F 
  66      913A14
  67 01cb 09D7CADC 		.ascii	"\011\327\312\334)\234\341\215\3077\313h\245\242\036"
  67      299CE18D 
  67      C737CB68 
  67      A5A21E
  68 01da FAA66D2D 		.ascii	"\372\246m-\213Z\015\360\303\304\302b\326c\203\377t\032"
  68      8B5A0DF0 
  68      C3C4C262 
  68      D66383FF 
  68      741A
  69 01ec B947584B 		.ascii	"\271GXKk\375;\223b\326a_\372\250U\202\346gZo\034x\262"
ARM GAS  C:\Users\User\AppData\Local\Temp\cc0yBPKy.s 			page 5


  69      6BFD3B93 
  69      62D6615F 
  69      FAA85582 
  69      E6675A6F 
  70 0203 3D592F43 		.ascii	"=Y/C\013d@\023\3764B\006\301\205L\265\202\036\341\346"
  70      0B644013 
  70      FE344206 
  70      C1854CB5 
  70      821EE1E6 
  71 0217 E357F677 		.ascii	"\343W\366wBH}\362t\035v9}x\344Aj:`k$\004\033!\322\001"
  71      42487DF2 
  71      741D7639 
  71      7D78E441 
  71      6A3A606B 
  72 0231 F1801D46 		.ascii	"\361\200\035F\255\001h\276F\\LL\006\232\327\024\240"
  72      AD0168BE 
  72      465C4C4C 
  72      069AD714 
  72      A0
  73 0242 C6A70235 		.ascii	"\306\247\00251\215QH\306>\303,t *\020g\374\313#\260"
  73      318D5148 
  73      C63EC32C 
  73      74202A10 
  73      67FCCB23 
  74 0257 3618DEA8 		.ascii	"6\030\336\250P\336\000W\260\264\306\306;=J\311c\325"
  74      50DE0057 
  74      B0B4C6C6 
  74      3B3D4AC9 
  74      63D5
  75 0269 A0716335 		.ascii	"\240qc5\307Z\340G(a\001.\007\270\216\010o\032i\327Q"
  75      C75AE047 
  75      2861012E 
  75      07B88E08 
  75      6F1A69D7 
  76 027e E793C080 		.ascii	"\347\223\300\200\275\237\251\361d6\010^\223(\034\213"
  76      BD9FA9F1 
  76      6436085E 
  76      93281C8B 
  77 028e C0206C00 		.ascii	"\300 l\000\312\257\266\235\367'\305\202\302\374\350"
  77      CAAFB69D 
  77      F727C582 
  77      C2FCE8
  78 029d BE2B107C 		.ascii	"\276+\020|<\235|\010\274\276\241\226\260\221\2261\342"
  78      3C9D7C08 
  78      BCBEA196 
  78      B0919631 
  78      E2
  79 02ae 96CA5D15 		.ascii	"\226\312]\025\212\3715B\0267[E]`\360\023\230\0038~\224"
  79      8AF93542 
  79      16375B45 
  79      5D60F013 
  79      9803387E 
  80 02c3 5626C4EB 		.ascii	"V&\304\353\022\243: \335Q\322)\250+\333\271vccZ4\243"
  80      12A33A20 
  80      DD51D229 
  80      A82BDBB9 
  80      7663635A 
ARM GAS  C:\Users\User\AppData\Local\Temp\cc0yBPKy.s 			page 6


  81 02d9 115F61B5 		.ascii	"\021_a\265\302\375\254D\261\000\022\005h\243\000F\222"
  81      C2FDAC44 
  81      B1001205 
  81      68A30046 
  81      92
  82 02ea FA2625D2 		.ascii	"\372&%\322Gub.\307H\227\374l\235\022\325\311\244;N\272"
  82      4775622E 
  82      C74897FC 
  82      6C9D12D5 
  82      C9A43B4E 
  83 02ff 29137423 		.ascii	")\023t#{\357\365\000\351\014Q\235\216t'H\227\212\255"
  83      7BEFF500 
  83      E90C519D 
  83      8E742748 
  83      978AAD
  84 0312 9388875B 		.ascii	"\223\210\207[\315\353\272\200\027\013\224\016\265^\256"
  84      CDEBBA80 
  84      170B940E 
  84      B55EAE
  85 0321 4A8CA1F4 		.ascii	"J\214\241\364\2736\327Wv\346s5\350\235\252\361\0248"
  85      BB36D757 
  85      76E67335 
  85      E89DAAF1 
  85      1438
  86 0333 39192638 		.ascii	"9\031&8\005\031t{\014\251-2\215%\005Lp\032\327n\343"
  86      0519747B 
  86      0CA92D32 
  86      8D25054C 
  86      701AD76E 
  87 0348 0D1109D4 		.ascii	"\015\021\011\324w\302\030m\345*~B_\034Q\004d\325\\b"
  87      77C2186D 
  87      E52A7E42 
  87      5F1C5104 
  87      64D55C62 
  88 035c 714B3D17 		.ascii	"qK=\027L\271\014\332i\215\307\257E\264\271~N\271\030"
  88      4CB90CDA 
  88      698DC7AF 
  88      45B4B97E 
  88      4EB918
  89 036f 9C21813C 		.ascii	"\234!\201<\216b\006gA\217\225\234#t\001\011\243\233"
  89      8E620667 
  89      418F959C 
  89      23740109 
  89      A39B
  90 0381 4D6BF82B 		.ascii	"Mk\370+q\266\237kj\225I\303~\320\271\0147\251\006\031"
  90      71B69F6B 
  90      6A9549C3 
  90      7ED0B90C 
  90      37A90619 
  91 0395 9B0EE761 		.ascii	"\233\016\347a\2668\005\177\334\351\352\221\360\015\\"
  91      B638057F 
  91      DCE9EA91 
  91      F00D5C
  92 03a4 005914CD 		.ascii	"\000Y\024\315\240C\\\307{[\333\006\223f\357\212\271"
  92      A0435CC7 
  92      7B5BDB06 
  92      9366EF8A 
ARM GAS  C:\Users\User\AppData\Local\Temp\cc0yBPKy.s 			page 7


  92      B9
  93 03b5 A792F6FE 		.ascii	"\247\222\366\376\276\206n\243p_$7t\202,\270\023\015"
  93      BE866EA3 
  93      705F2437 
  93      74822CB8 
  93      130D
  94 03c7 602C02E5 		.ascii	"`,\002\345\375\025\327\332 \012@\332D\216S\253\251\347"
  94      FD15D7DA 
  94      200A40DA 
  94      448E53AB 
  94      A9E7
  95 03d9 F033728C 		.ascii	"\3603r\214\0137\267n\335\300q\001?\301G\240\361i4\025"
  95      0B37B76E 
  95      DDC07101 
  95      3FC147A0 
  95      F1693415 
  96 03ed F231E882 		.ascii	"\3621\350\202\022\215\277@q\203\351\002\350\026\002"
  96      128DBF40 
  96      7183E902 
  96      E81602
  97 03fc 3A8DA639 		.ascii	":\215\2469\362[\337n%6\320\3125G/(\324lI\014\354\317"
  97      F25BDF6E 
  97      2536D0CA 
  97      35472F28 
  97      D46C490C 
  98 0412 93EDEB93 		.ascii	"\223\355\353\2234\010\224R\304\351\032OC\013t\323vp"
  98      34089452 
  98      C4E91A4F 
  98      430B74D3 
  98      7670
  99 0424 B166C0BB 		.ascii	"\261f\300\273O1\327Q6\334\312\213p\0114\250\302\373"
  99      4F31D751 
  99      36DCCA8B 
  99      700934A8 
  99      C2FB
 100 0436 14EBF905 		.ascii	"\024\353\371\005\314\364\357\343\330\311\265\006\012"
 100      CCF4EFE3 
 100      D8C9B506 
 100      0A
 101 0443 361D002E 		.ascii	"6\035\000.\243+\002k\202O7qQ\321\304}\274TMF\270\"\316"
 101      A32B026B 
 101      824F3771 
 101      51D1C47D 
 101      BC544D46 
 102 045a 23ED71FF 		.ascii	"#\355q\377\235\306\277\223\311;\003\033\177\225\016"
 102      9DC6BF93 
 102      C93B031B 
 102      7F950E
 103 0469 E3CBA344 		.ascii	"\343\313\243D\305Q\024\370\037\212z\004Ec\033K\301x"
 103      C55114F8 
 103      1F8A7A04 
 103      45631B4B 
 103      C178
 104 047b BDFF4551 		.ascii	"\275\377EQ\307(E\312\004\020\256\021\010\223\260z\327"
 104      C72845CA 
 104      0410AE11 
 104      0893B07A 
ARM GAS  C:\Users\User\AppData\Local\Temp\cc0yBPKy.s 			page 8


 104      D7
 105 048c C6A08FC4 		.ascii	"\306\240\217\304\206\311X\275\031\340\224\234\301\257"
 105      86C958BD 
 105      19E0949C 
 105      C1AF
 106 049a 93B1EA17 		.ascii	"\223\261\352\027X]\037\207\325\023\355z\253q\224\230"
 106      585D1F87 
 106      D513ED7A 
 106      AB719498 
 107 04aa 5E41CC0D 		.ascii	"^A\314\015AL<\036\3411<(\270\270|dq\337\015\301\321"
 107      414C3C1E 
 107      E1313C28 
 107      B8B87C64 
 107      71DF0DC1 
 108 04bf 5E41094D 		.ascii	"^A\011M\035\215\325\375\241m\272E\207\325\365HB\002"
 108      1D8DD5FD 
 108      A16DBA45 
 108      87D5F548 
 108      4202
 109 04d1 830158C4 		.ascii	"\203\001X\304\356b\007\003\342zy\200#\301AJ}\035\376"
 109      EE620703 
 109      E27A7980 
 109      23C1414A 
 109      7D1DFE
 110 04e4 45D8717E 		.ascii	"E\330q~\365Q\007\025\002\024\011s}\220\371N\216\245"
 110      F5510715 
 110      02140973 
 110      7D90F94E 
 110      8EA5
 111 04f6 C0B6D496 		.ascii	"\300\266\324\226\223I\277\263=E\3716\307\202\205+\337"
 111      9349BFB3 
 111      3D45F936 
 111      C782852B 
 111      DF
 112 0507 C82DB615 		.ascii	"\310-\266\025\346;\212\335\343\337G\225\016\367\202"
 112      E63B8ADD 
 112      E3DF4795 
 112      0EF782
 113 0516 856F9B1D 		.ascii	"\205o\233\035n\263\313cv\273,fKA\376\352\302<\273\315"
 113      6EB3CB63 
 113      76BB2C66 
 113      4B41FEEA 
 113      C23CBBCD 
 114 052a 32DFC274 		.ascii	"2\337\302t\005\326<\247Sv\333>\265\312\370\316*;]6\207"
 114      05D63CA7 
 114      5376DB3E 
 114      B5CAF8CE 
 114      2A3B5D36 
 115 053f E45CC6F3 		.ascii	"\344\\\306\363\\\313%O>/v;%\217S\2672oE\2215\3479R["
 115      5CCB254F 
 115      3E2F763B 
 115      258F53B7 
 115      326F4591 
 116 0558 1C76BBA3 		.ascii	"\034v\273\243\320\354t\270<n\363{K\2622\263Va\035\026"
 116      D0EC74B8 
 116      3C6EF37B 
 116      4BB232B3 
ARM GAS  C:\Users\User\AppData\Local\Temp\cc0yBPKy.s 			page 9


 116      56611D16 
 117 056c 87CB9ABB 		.ascii	"\207\313\232\273r\241}~\001\373\344\371\203[Wy\314\231"
 117      72A17D7E 
 117      01FBE4F9 
 117      835B5779 
 117      CC99
 118 057e 59D98BB3 		.ascii	"Y\331\213\263\315\266B\313\212\242|\253\331bw\333\334"
 118      CDB642CB 
 118      8AA27CAB 
 118      D96277DB 
 118      DC
 119 058f B9CB2D16 		.ascii	"\271\313-\026L\360\234\215\033\013Y\340^\355\306pS\263"
 119      4CF09C8D 
 119      1B0B59E0 
 119      5EEDC670 
 119      53B3
 120 05a1 B2979896 		.ascii	"\262\227\230\226\346\271\255\330\260WM\031\2573\311"
 120      E6B9ADD8 
 120      B0574D19 
 120      AF33C9
 121 05b0 C514BBD5 		.ascii	"\305\024\273\325\356p\255f\377\0022\361+i"
 121      EE70AD66 
 121      FF0232F1 
 121      2B69
 122              		.text
 123              		.section	.gnu.lto_chThdCreateFromMemoryPool.9e80f00c,"",%progbits
 124 0000 789CA594 		.ascii	"x\234\245\224mLSg\024\307\237s\237KomA|a\3161\266\324"
 124      6D4C5367 
 124      14C79F73 
 124      9F4B6F6D 
 124      417C61CE 
 125 0017 64445D36 		.ascii	"dD]6;\263\027\315\262/\013_\266\017,\231\370\305\304"
 125      3BB317CD 
 125      B22F0B5F 
 125      B60F2C99 
 125      F8C5C4
 126 002a 8C61E9A4 		.ascii	"\214a\351\244\211\245\244\005\321O\\\013N\035\333|\213"
 126      89A5A405 
 126      D14F5C0B 
 126      4E1DDB7C 
 126      8B
 127 003b C88BF536 		.ascii	"\310\213\3656\032\"\322\211\310&\003yY'\342\013**\023"
 127      1A22D289 
 127      C8260379 
 127      5927E20B 
 127      2A2A13
 128 004e A6820896 		.ascii	"\246\202\010\226\242\010\272\271\270\271\231\251;\347"
 128      A208BAB9 
 128      B8B999A9 
 128      3BE7
 129 005c 69215088 		.ascii	"i!P\210\373 \037\312\275\367\371\377\3179\3179\277\347"
 129      FB201FCA 
 129      BDF7F9FF 
 129      CF39CF39 
 129      BFE7
 130 006e 896212DB 		.ascii	"\211b\022\333\247g\314\003\214\275\313\030\203(\006"
 130      A767CC03 
ARM GAS  C:\Users\User\AppData\Local\Temp\cc0yBPKy.s 			page 10


 130      8CBDCB18 
 130      832806
 131 007d D2B676C6 		.ascii	"\322\266v\3066\350%In\343L5\360\223m\214\251\321\034"
 131      36E82549 
 131      6EE34C35 
 131      F0936D8C 
 131      A9D11C
 132 0090 E4D07719 		.ascii	"\344\320w\031\200\036T=\260<\211\313\220\007[\371n\016"
 132      801E543D 
 132      B03C89CB 
 132      90075BF9 
 132      6E0E
 133 00a2 970AAAF7 		.ascii	"\227\012\252\367\360o\271\306\031\310\370z\377|i`:\275"
 133      F06FB9C6 
 133      19C8F87A 
 133      FF7C6960 
 133      3ABD
 134 00b4 0298F0B5 		.ascii	"\002\230\360\265L\355\330\242,<\240\252n\325\277\273"
 134      4CEDD8A2 
 134      2C3CA0AA 
 134      6ED5BFBB 
 135 00c4 C3505673 		.ascii	"\303PVsQ\235\246q\211\225\240\274\002\022\340\000$P"
 135      519DA671 
 135      8995A0BC 
 135      0212E000 
 135      2450
 136 00d6 F683B010 		.ascii	"\366\203\260\020\305\267\353Nn\326\363O\201\341s\177"
 136      C5B7EB4E 
 136      6ED6F34F 
 136      81E1737F 
 137 00e6 DFFD57E6 		.ascii	"\337\375W\346\227\013\337@\021W_\3238\207J\340\343}"
 137      970BDF40 
 137      11575FD3 
 137      38874AE0 
 137      E37D
 138 00f8 F889810F 		.ascii	"\370\211\201\017\346\243\332}\263\266\013\370r\341\364"
 138      E6A3DA7D 
 138      B3B60BF8 
 138      72E1F4
 139 0107 767A7347 		.ascii	"vzsG\235sKT\277\254a\261\337EZe\006\207\204\325\347"
 139      9D734B54 
 139      BFAC61B1 
 139      DF455A65 
 139      068784D5 
 140 011c BE7597F3 		.ascii	"\276u\227\363\025\302\272\345\314\343\200\022\366vU"
 140      15C2BAE5 
 140      CCE38012 
 140      F67655
 141 012b C6EFCA57 		.ascii	"\306\357\312W?\322x\024TE\232\261Y\207\205\371\334\235"
 141      3FD27814 
 141      54459AB1 
 141      598785F9 
 141      DC9D
 142 013d 86A37AFE 		.ascii	"\206\243z\376\2310?\255+\377\313\0306\367\354\026%\353"
 142      99303FAD 
 142      2BFFCB18 
 142      36F7EC16 
ARM GAS  C:\Users\User\AppData\Local\Temp\cc0yBPKy.s 			page 11


 142      25EB
 143 014f A03AD2AA 		.ascii	"\240:\322\252cpDX\207\325\302&\340i\302\332\331upy\330"
 143      63704458 
 143      87D5C226 
 143      E069C2DA 
 143      D9757079 
 144 0164 39122E59 		.ascii	"9\022.Y\201\232H\253\302\340{\230O\372{\005\301>c\250"
 144      819A48AB 
 144      C2E07B98 
 144      4FFA7B05 
 144      C13E63A8 
 145 0178 E773F1B5 		.ascii	"\347s\361\265\272\261\340n\270\347~\300\367\253\375"
 145      BAB1E06E 
 145      B8E77EC0 
 145      F7ABFD
 146 0187 8DF70CDC 		.ascii	"\215\367\014\334*B\037\032\350\311I\334\257\372U\325"
 146      2A421F1A 
 146      E8C949DC 
 146      AFFA55D5 
 147 0197 7FCFF7EA 		.ascii	"\177\317\367\352\016U=\255bt=\324\206\242\037\305\350"
 147      0E553DAD 
 147      62743DD4 
 147      86A21FC5 
 147      E8
 148 01a8 3F881930 		.ascii	"?\210\0310R\373\207\003>\231g\010g\340\233\326\2552"
 148      52FB8703 
 148      3E996708 
 148      67E09BD6 
 148      AD32
 149 01ba 5AA9AAC1 		.ascii	"Z\251\252\301\312Y\333\363CV\005\352&\026\026\266\236"
 149      CA59DBF3 
 149      435605EA 
 149      261616B6 
 149      9E
 150 01cb 08FEDB61 		.ascii	"\010\376\333a\344k\204u\203\257lOt\330\332[\031?j\225"
 150      E46B8475 
 150      83AF6C4F 
 150      74D8DA5B 
 150      193F6A95 
 151 01df E0D894D6 		.ascii	"\340\330\224\326\233G\236\354\212\321\311\320\000\211"
 151      9B479EEC 
 151      8AD1C9D0 
 151      0089
 152 01ed 500F89FB 		.ascii	"P\017\211\373Q\361#$\022#\210F#\350\220Q>\272H+\207"
 152      51F12324 
 152      12238846 
 152      23E89051 
 152      3EBA482B 
 153 0202 3BC0AF3E 		.ascii	";\300\257>y\272\011\207\364zi\313`\225\3642`{$\004\024"
 153      79BA0987 
 153      F47A69CB 
 153      6095F432 
 153      607B2404 
 154 0217 69C006A3 		.ascii	"i\300\006\243L\001\032\257\001?O3\342\217!\006hb\261"
 154      4C011AAF 
 154      013F4F33 
 154      E28F2106 
ARM GAS  C:\Users\User\AppData\Local\Temp\cc0yBPKy.s 			page 12


 154      6862B1
 155 022a 40CD9F09 		.ascii	"@\315\237\011\324\3078F!\031\373\012\263\020\327\205"
 155      D4C73846 
 155      2119FB0A 
 155      B310D785 
 156 023a 4825FEE7 		.ascii	"H%\376\347\303P\340\015\354R(\257\207\353\260\272\372"
 156      C350E00D 
 156      EC5228AF 
 156      87EBB0BA 
 156      FA
 157 024b FA916E25 		.ascii	"\372\221n%\357\261\252\327\270\261\204c-\320\004y\314"
 157      EFB1AAD7 
 157      B8B18463 
 157      2DD00479 
 157      CC
 158 025c C37143D1 		.ascii	"\303qC\321,\010n\223(\021s\242\234\015@\301\265\226"
 158      2C086E93 
 158      281173A2 
 158      9C0D40C1 
 158      B596
 159 026e 765F74D8 		.ascii	"v_t\330\016\213B\233,DT\3618\361!p\227\0165\005\215"
 159      0E8B429B 
 159      2C4454F1 
 159      38F12170 
 159      970E3505 
 160 0283 B48CA1B7 		.ascii	"\264\214\241\267\025\355-T\314o\022\240\270\255b\332"
 160      15ED2D54 
 160      CC6F12A0 
 160      B8AD62DA 
 161 0293 2F836630 		.ascii	"/\203f0{p\326(-\232\026\2513\204t@\272\237H\247#\335"
 161      7B70D628 
 161      2D9A16A9 
 161      33847440 
 161      BA9F48A7 
 162 02a9 B1A1D3C1 		.ascii	"\261\241\323\301\331\241\214\006T\027m<~A!\034\270\030"
 162      D9A18C06 
 162      54176D3C 
 162      7E41211C 
 162      B818
 163 02bb C6C3536D 		.ascii	"\306\303Sm\233\2435\360lPU\325\244\361\030\254\0341"
 163      9BA335F0 
 163      6C5055D5 
 163      A4F118AC 
 163      1C31
 164 02cd 49109D2F 		.ascii	"I\020\235/\037pW)\346Cjhi:\374\014\032\024c#0\374q0"
 164      1F705729 
 164      E6436A68 
 164      693AFC0C 
 164      1A146323 
 165 02e5 63ECFC3D 		.ascii	"c\354\374=_\256\010E6b2\214/\352\232j\013\341\322\304"
 165      5FAE0845 
 165      3662328C 
 165      2FEA9A6A 
 165      0BE1D2C4 
 166 02f9 CC5AA834 		.ascii	"\314Z\2504#IK'm!*\244\223Iw\202t1S\353t!]\024\351ZI"
 166      23494B27 
 166      6D212AA4 
ARM GAS  C:\Users\User\AppData\Local\Temp\cc0yBPKy.s 			page 13


 166      93497782 
 166      743153EB 
 167 0314 173B41F7 		.ascii	"\027;A\367\240\342~7\220N\011\351t\244;I\272\2318\024"
 167      A0E27E37 
 167      904E09E9 
 167      74A43B49 
 167      BA993814 
 168 0328 893677AB 		.ascii	"\2116w\253q\323e\340\016\321\204\243\315W\212\015a\""
 168      71D365E0 
 168      0ED184A3 
 168      CD578A0D 
 168      6122
 169 033a 7FDBBBA0 		.ascii	"\177\333\273\2404\377\354\327\252\327=C\343\261pj2\223"
 169      34FFECD7 
 169      AAD73D43 
 169      E3B1706A 
 169      3293
 170 034c 701A12D1 		.ascii	"p\032\022\321\264iHm\222\251\221\261`\2023\270v\007"
 170      B469486D 
 170      92A991B1 
 170      608233B8 
 170      7607
 171 035e 2F1A9FA7 		.ascii	"/\032\237\247\272\003\306\240-\240\326\371w\326\031"
 171      BA03C6A0 
 171      2DA0D6F9 
 171      77D619
 172 036d 05A8255C 		.ascii	"\005\250%\\b\021K\335\355\246T\006m\264\306#\327\206"
 172      62114BDD 
 172      EDA65406 
 172      6DB4C623 
 172      D786
 173 037f F72E28E3 		.ascii	"\367.(\343\224\213\301Y\022\310\343\016\003\203s\200"
 173      948BC159 
 173      12C8E30E 
 173      03837380 
 174 038f 7B82F384 		.ascii	"{\202\363\204?07]\265\373\264\232\277\015\363vrM-\306"
 174      3F30375D 
 174      B5FBB49A 
 174      BF0DF376 
 174      724D2DC6 
 175 03a3 69CD10C7 		.ascii	"i\315\020\307;\320\240\352e\034\030\264\303<1\322\337"
 175      3BD0A0EA 
 175      651C18B4 
 175      C33C31D2 
 175      DF
 176 03b4 472E774B 		.ascii	"G.wK\370\005.\200,\212fpQ\334\314\025\315-\301\350y"
 176      F8052E80 
 176      2C8A6670 
 176      51DCCC15 
 176      CD2DC1E8 
 177 03c9 4561F74C 		.ascii	"Ea\367L\322\376QU\323i\024\356K\344\206\016\220\005"
 177      D2FE5155 
 177      D36914EE 
 177      4BE4860E 
 177      9005
 178 03db D1A2018C 		.ascii	"\321\242\001\214\341Q\350+\274\336\012!\000\342&\236"
 178      E151E82B 
ARM GAS  C:\Users\User\AppData\Local\Temp\cc0yBPKy.s 			page 14


 178      BCDE0A21 
 178      00E2269E 
 179 03eb 85592534 		.ascii	"\205Y%4\033\370\005\317\002.\014n\337\276\205\343\002"
 179      1BF805CF 
 179      022E0C6E 
 179      DFBE85E3 
 179      02
 180 03fc FE791F81 		.ascii	"\376y\037\201\306g\323T\310\307\3402\344i<\216\342z"
 180      C667D354 
 180      C8C7E032 
 180      E4693C8E 
 180      E27A
 181 040e E3C55169 		.ascii	"\343\305Qi\240\243\022G\323|p\273\267\\\011\017t\214"
 181      A0A31247 
 181      D37C70BB 
 181      B75C090F 
 181      748C
 182 0420 5A6912B5 		.ascii	"Zi\022\265\3369\032\177\001-\3209%\266s\240K`\253\320"
 182      DE391A7F 
 182      012DD039 
 182      25B673A0 
 182      4B60ABD0 
 183 0434 E47E0533 		.ascii	"\344~\0053\012Z\237>\364\307R\260\027A\202+\350\022"
 183      0A5A9F3E 
 183      F4C752B0 
 183      1741822B 
 183      E812
 184 0446 07EFC658 		.ascii	"\007\357\306X\262gF\277\336\024\250\345c\321\025\270"
 184      B26746BF 
 184      DE14A8E5 
 184      63D115B8 
 185 0456 2AA2EB29 		.ascii	"*\242\353)\3725\002L\306\306l\364\356G%\355obW\346\226"
 185      FA35024C 
 185      C6C66CF4 
 185      EE4725ED 
 185      6F6257E6 
 186 046b 1089D02D 		.ascii	"\020\211\320-n\010\352\330\341\221\372\177b\250\222"
 186      6E08EAD8 
 186      E191FA7F 
 186      62A892
 187 047a 97708C3D 		.ascii	"\227p\214=\220\240\361\370Q>#\230\364\374\017\223\327"
 187      90A0F1F8 
 187      513E2398 
 187      F4FC0F93 
 187      D7
 188 048b 0593636D 		.ascii	"\005\223cm\212\305x\275\317b\262c\224Ie\002V7\010\253"
 188      8AC578BD 
 188      CF62B263 
 188      94496502 
 188      563708AB 
 189 049f 49907E60 		.ascii	"I\220~`c\320Gb\375dH\337\361pJ\316\240\1772\2447\005"
 189      63D04762 
 189      FD6448DF 
 189      F1704ACE 
 189      A07F32A4 
 190 04b5 A4817190 		.ascii	"\244\201q\220>\321\372\233\215\243\374\365\012\376\006"
 190      3ED1FA9B 
ARM GAS  C:\Users\User\AppData\Local\Temp\cc0yBPKy.s 			page 15


 190      8DA3FCF5 
 190      0AFE06
 191 04c4 047F91B0 		.ascii	"\004\177\221\260\005\307`\243\340\342\222\224\305\015"
 191      05C760A3 
 191      E0E29294 
 191      C50D
 192 04d2 3C04C77B 		.ascii	"<\004\307{\004s\304\020\032K\372\374;\242\226\326\252"
 192      0473C410 
 192      1A4BFAFC 
 192      3BA296D6 
 192      AA
 193 04e3 9B912B3D 		.ascii	"\233\221+=\203AX\312\356b\007=\342\032\374\023\200\006"
 193      834158CA 
 193      EE62073D 
 193      E21AFC13 
 193      8006
 194 04f5 27F55EF4 		.ascii	"'\365^\364-\305\216\363G\307.\001\336\351@\2210\327"
 194      2DC58EF3 
 194      47C72E01 
 194      DEE94091 
 194      30D7
 195 0507 2749EFAF 		.ascii	"'I\357\257\264d\330V\331V&\321oJvN\272\315\261x\311"
 195      B464D856 
 195      D95626D1 
 195      6F4A764E 
 195      BACDB178 
 196 051c DAB75373 		.ascii	"\332\267Ssm\231\351\216\\\327\370\357!\245\303\265x"
 196      6D99E98E 
 196      5CD7F8EF 
 196      21A5C3B5 
 196      78
 197 052d C97B6687 		.ascii	"\311{f\207\313\354\3146\273\234\026\263%#}}f\232\335"
 197      CBECCC36 
 197      BB9C16B3 
 197      25237D7D 
 197      669ADD
 198 0540 66596461 		.ascii	"fYda\222=K\306g\253\234\345\2649\244\254/x\232s\265"
 198      923D4BC6 
 198      67AB9CE5 
 198      B439A4AC 
 198      2F789A73 
 199 0555 949DCE73 		.ascii	"\224\235\316s]YRvV\324\332\26459\326\225\317\221\322"
 199      5D595276 
 199      56D4DAB4 
 199      3539D695 
 199      CF91D2
 200 0568 E2B0DB1D 		.ascii	"\342\260\333\035\231\346,\2073\333e\376pYrR\362:\314"
 200      99E62C87 
 200      33DB65FE 
 200      70597252 
 200      F23ACC
 201 057b 6F7138AD 		.ascii	"oq8\255\251k\227\330\027e\260\317\237?\270u]\2669)9"
 201      A96B97D8 
 201      1765B0CF 
 201      9F3FB875 
 201      5DB63929 
 202 0590 E5E314B3 		.ascii	"\345\343\024\263-\323\262&'\335j\266\330]6W\352j\213"
ARM GAS  C:\Users\User\AppData\Local\Temp\cc0yBPKy.s 			page 16


 202      2DD3B226 
 202      27DD6AB6 
 202      D85D3657 
 202      EA6A8B
 203 05a3 05133C67 		.ascii	"\005\023<g\303\306Bf\270\326\2730\334\214\344\224e\246"
 203      C3C64266 
 203      B8D6BB30 
 203      DC8CE494 
 203      65A6
 204 05b5 55692E2B 		.ascii	"Ui.+6\354\015S\342[Lr2\305n\265;\234\353\331\177x\011"
 204      36EC0D53 
 204      E25B4C72 
 204      32C56EB5 
 204      3B9CEBD9 
 205 05cc 47E6     		.ascii	"G\346"
 206              		.text
 207              		.section	.gnu.lto_.symbol_nodes.9e80f00c,"",%progbits
 208 0000 789C55CE 		.ascii	"x\234U\316\275\021@@\024\004\340\335;\327\206Z\250\354"
 208      BD114040 
 208      1404E0DD 
 208      3BD7865A 
 208      A8EC
 209 0012 5D664624 		.ascii	"]fF$\026\253B,V\203@\017\376\206\261H\334Kv\347\333"
 209      16AB422C 
 209      5683400F 
 209      FE86B148 
 209      DC4B76E7 
 210 0027 E40538B4 		.ascii	"\344\0058\264\320\271\205\0064#\240\350c)YiL\204\007"
 210      D0B98506 
 210      3423A0E8 
 210      63295969 
 210      4C8407
 211 003a CDBD02C4 		.ascii	"\315\275\002\304X\010v\232O`\243e\011\234\264\360\007"
 211      5808769A 
 211      4F60A365 
 211      099CB4F0 
 211      07
 212 004b 8F0CDD74 		.ascii	"\217\014\335t\321\253\015\325\231{=\320\325J\206\317"
 212      D1AB0DD5 
 212      997B3DD0 
 212      D54A86CF 
 213 005b B5CC8FD3 		.ascii	"\265\314\217\323a\226\343\006\\-)\247"
 213      6196E306 
 213      5C2D29A7 
 214              		.text
 215              		.section	.gnu.lto_.refs.9e80f00c,"",%progbits
 216 0000 789C6365 		.ascii	"x\234ce`b`d\000\002\000\000I\000\011"
 216      60626064 
 216      00020000 
 216      490009
 217              		.text
 218              		.section	.gnu.lto_.decls.9e80f00c,"",%progbits
 219 0000 789CBD5A 		.ascii	"x\234\275ZiPTY\226\316\373n.\220$`\241\335a\327\020"
 219      69505459 
 219      96CEFB6E 
 219      2E902460 
 219      A1DD61D7 
ARM GAS  C:\Users\User\AppData\Local\Temp\cc0yBPKy.s 			page 17


 220 0015 D1468D3D 		.ascii	"\321F\215=M\364\242eWM-\323\0233UcLwW\314TWG\3335K\204"
 220      4DF4A265 
 220      574D2DD3 
 220      13335563 
 220      4C7757CC 
 221 0030 3D399864 		.ascii	"=9\230d\011]l\235\231\224e\377\351\307\"\312\242(\270"
 221      095D6C9D 
 221      999465FF 
 221      E9C722CA 
 221      A228B8
 222 0043 B00AA220 		.ascii	"\260\012\242 \253P\256\245\200\"* \312\"\010\226\202"
 222      AB50AEA5 
 222      80222A20 
 222      CA220896 
 222      82
 223 0054 AC022E80 		.ascii	"\254\002.\200\010\026\010(\314\271K\346{\231dZv\224"
 223      08160828 
 223      CCB94BE6 
 223      7B99645A 
 223      7694
 224 0066 3D0437DF 		.ascii	"=\0047\337;\367\235{\316w\316=\347\334\373\026\225B"
 224      3BF79D7B 
 224      CE77CE3D 
 224      E7DCFB16 
 224      9542
 225 0078 50D4AF56 		.ascii	"P\324\257V(<\264\012\305]\244P,\300\037V(\024\245\320"
 225      283CB40A 
 225      C55DA450 
 225      2CC01F56 
 225      2814A5D0 
 226 008c C8D1179A 		.ascii	"\310\321\027\232\032\332G\012\366G\316\317\001_\007"
 226      1ADA470A 
 226      F647CECF 
 226      015F07
 227 009b B44E688F 		.ascii	"\264Nh\217\240MC\233C\212E\177\177\006\001\257\302\321"
 227      A04D439B 
 227      438A457F 
 227      7F0601AF 
 227      C2D1
 228 00ad 07DA3268 		.ascii	"\007\3322hf\340)\206\326\014\347\227\241UC;\016\355"
 228      66E02986 
 228      D60CE797 
 228      A155433B 
 228      0EED
 229 00bf 63680FA0 		.ascii	"ch\017\240\377\347\320\236\"\246k\012\216Up\234\207"
 229      FFE7D09E 
 229      22A66B0A 
 229      8E55709C 
 229      87
 230 00d0 2316140A 		.ascii	"#\026\024\012%4\025\264q\240-\320\336D\034\233\3000"
 230      253415B4 
 230      71A02DD0 
 230      DE441C9B 
 230      C030
 231 00e2 DD025A03 		.ascii	"\335\002Z\003\307{p\034\200\326\017\355\016\264ahC\320"
 231      C77B701C 
 231      80D60FED 
ARM GAS  C:\Users\User\AppData\Local\Temp\cc0yBPKy.s 			page 18


 231      0EB46168 
 231      43D0
 232 00f4 F64173E7 		.ascii	"\366As\347\330\011^w\030\347\001\355\025\201\331@lY"
 232      D8095E77 
 232      18E701ED 
 232      1581D940 
 232      6C59
 233 0106 0AE7DF11 		.ascii	"\012\347\337\021\026\333Q\012v\374\215\203\035m\310"
 233      16DB510A 
 233      76FC8D83 
 233      1D6DC8
 234 0115 B90D043B 		.ascii	"\271\015\004;\261\343\273 g\026\216\327\270\275\177"
 234      B1E3BB20 
 234      67168ED7 
 234      B8BD7F
 235 0124 A92DEE32 		.ascii	"\251-\3562[\232]\330\363\007\316\327\301\375\377<\233"
 235      5B9A5DD8 
 235      F307CED7 
 235      C1FDFF3C 
 235      9B
 236 0135 C8F47CDF 		.ascii	"\310\364|\337\301\266}\030\235\334~\261J\350F]\210\260"
 236      C1B67D18 
 236      9DDC7EB1 
 236      4AE8465D 
 236      88B0
 237 0147 2CA1BD08 		.ascii	",\241\275\010\261_D\033%\027\254\177\010\321~\350\025"
 237      B15F441B 
 237      2517AC7F 
 237      08D17EE8 
 237      15
 238 0158 E82F63A4 		.ascii	"\350/c\244]\310:\202\323\002'\005.\222\376\363\301H"
 238      5DC83A82 
 238      D3022705 
 238      2E92FEF3 
 238      C148
 239 016a 26915D66 		.ascii	"&\221]f\232\254\177\012\306\316\220(\250t6\032\011\222"
 239      9AAC7F0A 
 239      C6CE9028 
 239      A874361A 
 239      0992
 240 017c 0284E403 		.ascii	"\002\204\344\003d\002\031l~\335\206O!\031\207\254\326"
 240      6402196C 
 240      7EDD864F 
 240      211987AC 
 240      D6
 241 018d 3F4ABB3A 		.ascii	"?J\273:\244\355A\267Io\316{\210\366eO\027\314i\260\200"
 241      A4ED41B7 
 241      496FCE7B 
 241      88F6654F 
 241      17CC69B0 
 242 01a2 C879CF4C 		.ascii	"\310y\317L\301/V\225\210\354\317m\225\344\266#%s\345"
 242      C12F5695 
 242      88ECCF6D 
 242      95E4B623 
 242      2573E5
 243 01b5 5A328DE8 		.ascii	"Z2\215\350c\035\332\240$]\327b\3123\361\016\214|\264"
 243      631DDAA0 
ARM GAS  C:\Users\User\AppData\Local\Temp\cc0yBPKy.s 			page 19


 243      245DD762 
 243      CA33F10E 
 243      8C7CB4
 244 01c8 48494437 		.ascii	"HID7\246\017x\001\271L\213V8\037pia\272\332\233\015"
 244      A60F7801 
 244      B94C8B56 
 244      381F7069 
 244      61BADA9B 
 245 01dd 10806C1D 		.ascii	"\020\200l\035\277\232\345\301\006,\001r\344\330\325"
 245      BF9AE5C1 
 245      062C0172 
 245      E4D8D5
 246 01ec 3CBC7C2F 		.ascii	"<\274|/\325\034-.\021\320\177|\027\225#_T\206 R\320"
 246      D51C2D2E 
 246      11D07F7C 
 246      1795235F 
 246      54862052 
 247 0201 176839FC 		.ascii	"\027h9\374\036AJ\006\347x\331\325,\255.^\024\243\304"
 247      1E414A06 
 247      E778D9D5 
 247      2CAD2E5E 
 247      14A3C4
 248 0214 9DD1A2FB 		.ascii	"\235\321\242\373\257\310uT\012\334%\224\373(\322\241"
 248      AFC87554 
 248      0ADC2594 
 248      FB28D2A1 
 249 0224 22B48AF1 		.ascii	"\"\264\212\361\226\325\034\032q\303\337'\366\011\027"
 249      96D51C1A 
 249      71C3DF27 
 249      F60917
 250 0233 5A1A9A3D 		.ascii	"Z\032\232=\220\316\317\305Ht\002\371\311\006\347\023"
 250      90CECFC5 
 250      487402F9 
 250      C906E713 
 251 0243 2CD50B31 		.ascii	",\325\0131\257En\021E\001\035\207\013\307\020\346\027"
 251      AF456E11 
 251      45011D87 
 251      0BC710E6 
 251      17
 252 0254 091F5730 		.ascii	"\011\037W0\2315\251\244\246\022\216bD\215\275]_XL\274"
 252      9935A9A4 
 252      A6128E62 
 252      448DBD5D 
 252      5F584CBC 
 253 0268 F3432D22 		.ascii	"\363C-\"\223\344M\370FN\317x\262.\302\321\2324qH\203"
 253      93E44DF8 
 253      464ECF78 
 253      B22EC2D1 
 253      9A347148 
 254 027d FF4471A5 		.ascii	"\377Dq\2455\334\250Q\"?-\323\370\260\340\237\322&Dq"
 254      35DCA851 
 254      223F2DD3 
 254      F8B0E09F 
 254      D2264471 
 255 0291 05AA405A 		.ascii	"\005\252@ZtZ\322\370C(Y\212m6\350\012\011\367\031\300"
 255      745AD2F8 
 255      4328598A 
ARM GAS  C:\Users\User\AppData\Local\Temp\cc0yBPKy.s 			page 20


 255      6D36E80A 
 255      09F719C0 
 256 02a5 0D62091F 		.ascii	"\015b\011\037\372\022:OA'\250(<\264+W\215\023\350\334"
 256      FA123A4F 
 256      4127A828 
 256      3CB42B57 
 256      8D13E8DC 
 257 02b9 0AB5673B 		.ascii	"\012\265g;\277R\"\255\237S\001g\235\010``\206\033^\253"
 257      BF5222AD 
 257      9F530167 
 257      9D086060 
 257      861B5EAB 
 258 02cd A5E65701 		.ascii	"\245\346W\001\230J\011\014`c\346\213\273\347\262=\211"
 258      984A090C 
 258      6063E68B 
 258      BBE7B23D 
 258      89
 259 02de A9448938 		.ascii	"\251D\2118xiPp\245\344\274K%\323\367W\244\316\022\213"
 259      78695070 
 259      A5E4BC4B 
 259      25D3F757 
 259      A4CE128B 
 260 02f2 AB41C939 		.ascii	"\253A\3119II\225UI\365\271\272D\035\3651\3418\311|\334"
 260      49499555 
 260      49F5B9BA 
 260      441DF531 
 260      E138C97C 
 261 0307 FEA46A56 		.ascii	"\376\244jV\207\347\251fe\357\301\211\007j\344\347\213"
 261      87E7A966 
 261      65EFC189 
 261      076AE4E7 
 261      8B
 262 0318 90165ABE 		.ascii	"\220\026Z\2765\206\025\250\026\006\\@\330Z\003\322E"
 262      358615A8 
 262      16065C40 
 262      D85A03D2 
 262      45
 263 0329 C036FE67 		.ascii	"\3006\376g\322\315|9\236+\342\345\012\364\206/z\035"
 263      D2CD7C39 
 263      9E2BE2E5 
 263      0AF4862F 
 263      7A1D
 264 033b 305E048C 		.ascii	"0^\004\214\344\222\002\325\001\302K\2000]t\243=\240"
 264      E49202D5 
 264      01C24B80 
 264      305D74A3 
 264      3DA0
 265 034d 7067E381 		.ascii	"pg\343\201\014w-\037\265\355\271\243\200{|\262\353\272"
 265      0C772D1F 
 265      B5EDB9A3 
 265      807B7CB2 
 265      EBBA
 266 035f 200FD27A 		.ascii	" \017\322z@\"\005\351e\032?\204\261/\276\377\236\212"
 266      402205E9 
 266      651A3F84 
 266      B12FBEFF 
 266      9E8A
ARM GAS  C:\Users\User\AppData\Local\Temp\cc0yBPKy.s 			page 21


 267 0371 1A077DA8 		.ascii	"\032\007}\250\306>\200>Z\034@\037\261\000:4\363\360"
 267      C63E803E 
 267      5A1C401F 
 267      B1003A34 
 267      F3F0
 268 0383 940E472B 		.ascii	"\224\016G+\251\343\257U\215\366\271\331\"\350F\334\337"
 268      A9E3AF55 
 268      8DF6B9D9 
 268      22E846DC 
 268      DF
 269 0394 7E399C20 		.ascii	"~9\234 \212J\324\014:\033%\207~\3442\204\232\300\204"
 269      8A4AD40C 
 269      3A1B2587 
 269      7EE43284 
 269      9AC084
 270 03a7 8FF8E45C 		.ascii	"\217\370\344\\\205\316+\314\210\272/\242\233Y\036\023"
 270      85CE2BCC 
 270      88BA2FA2 
 270      9B591E13 
 271 03b7 490D0C9B 		.ascii	"I\015\014\2335u}X\352\236\034\272\\\253e\231,\"\240"
 271      35757D58 
 271      EA9E1CBA 
 271      5CAB6599 
 271      2C22A0
 272 03ca D32B1E37 		.ascii	"\323+\0367\250\330e7 O\215\025\237\362d\227\253\311"
 272      A8D86537 
 272      204F8D15 
 272      9FF26497 
 272      ABC9
 273 03dc E8D393E2 		.ascii	"\350\323\223\342q\010\030\0255\342\342\343\236|\035"
 273      71081815 
 273      35E2E2E3 
 273      9E7C1D
 274 03eb DEC38889 		.ascii	"\336\303\210\211\356\202\"w\234\316\210\235]3\225\036"
 274      EE822277 
 274      9CCE889D 
 274      5D33951E 
 275 03fb 38871373 		.ascii	"8\207\023s\317z58\217\021\243yMG\335A\240\237\026\375"
 275      CF7A3538 
 275      8F11A379 
 275      4D47DD41 
 275      A09F16FD 
 276 040f 59E6163F 		.ascii	"Y\346\026?\346\226\314]\375\373\334q1e\025\366\217|"
 276      E696CC5D 
 276      FDFBDC71 
 276      316515F6 
 276      8F7C
 277 0421 15ED294B 		.ascii	"\025\355)K\254\277\313\242\211\325\015\266tI^\361\263"
 277      ACBFCBA2 
 277      89D50DB6 
 277      74495EF1 
 277      B3
 278 0432 7925275A 		.ascii	"y%'Z|%r\215\002]\007\017\264\021\267\334\006\267\370"
 278      7C25728D 
 278      025D070F 
 278      B411B7DC 
 278      06B7F8
ARM GAS  C:\Users\User\AppData\Local\Temp\cc0yBPKy.s 			page 22


 279 0445 71B77442 		.ascii	"q\267tB\347-\346\226\2551\005I\036\370$Sr\2513\3663"
 279      E72DE696 
 279      AD310549 
 279      1EF82453 
 279      72A933F6 
 280 045a 9B8EE186 		.ascii	"\233\216\341\206\237\325\321|\351\003\035=\222\216n"
 280      9FD5D17C 
 280      E9031D3D 
 280      928E6E
 281 0469 E45A49AF 		.ascii	"\344ZI\257s%\335e\235\027\225\370\034S\322\272/\366"
 281      7325DD65 
 281      9D1795F8 
 281      1C53D2BA 
 281      2FF6
 282 047b A14A9AE0 		.ascii	"\241J\232\340\323\370\366\205x2\301w@M\277\244\246\357"
 282      D3F8F685 
 282      7832C177 
 282      404DBFA4 
 282      A6EF
 283 048d 396A069C 		.ascii	"9j\006\234\253\311\213m\037\366\302\007\325\324{%5i"
 283      ABC98B6D 
 283      1FF6C207 
 283      D5D47B25 
 283      3569
 284 049f 0D1EB88C 		.ascii	"\015\036\270\214\021\271\221\355W<\361qF\364\314u\237"
 284      11B991ED 
 284      573CF171 
 284      46F4CC75 
 284      9F
 285 04b0 C0F83423 		.ascii	"\300\3704#\212\346\0377x\343\263\214\350\334_{O\207"
 285      8AE61F37 
 285      78E3B38C 
 285      E8DC5F7B 
 285      4F87
 286 04c2 AF32422A 		.ascii	"\2572B*\374\020M\254\360\337\031O}\340i\213\241\007"
 286      FC104DAC 
 286      F0DF194F 
 286      7DE0698B 
 286      A107
 287 04d4 2C86AE97 		.ascii	",\206\256\227^\312W\311\353=\254\023R\275\037\245\365"
 287      5ECA57C9 
 287      EB3DAC13 
 287      52BD1FA5 
 287      F5
 288 04e5 7EC45AEF 		.ascii	"~\304Z\357O\\\315\316P\311Si\324\256\336\217\311\353"
 288      4F5CCDCE 
 288      50C95369 
 288      D4AEDE8F 
 288      C9EB
 289 04f7 FDB1EE1D 		.ascii	"\375\261\356\035\027<q;E#\304\335\355\037D\366\005_"
 289      173C713B 
 289      4523C4DD 
 289      ED1F44F6 
 289      055F
 290 0509 3E143D02 		.ascii	">\024=\002\227\2149\024\374\033]8\351 \365\3558\\y("
 290      978C3914 
 290      FC1B5D38 
ARM GAS  C:\Users\User\AppData\Local\Temp\cc0yBPKy.s 			page 23


 290      E920F5ED 
 290      385C7928 
 291 051d F976CC5A 		.ascii	"\371v\314Z\361w\357\375\252\310\033\237\323P\203\255"
 291      F177EFFD 
 291      AAC81B9F 
 291      D35083AD 
 292 052d 0B9F0F5F 		.ascii	"\013\237\017_\370\356\236\313\264&\003Y\346\012\312"
 292      F8EE9ECB 
 292      B4260359 
 292      E60ACA
 293 053c 8EDCF0C0 		.ascii	"\216\334\360\300W\030o\361t\314\011o\334\314\010k^\370"
 293      57186FF1 
 293      74CC096F 
 293      DCCC086B 
 293      5EF8
 294 054e F0BC2818 		.ascii	"\360\274(\030\312\334\241c\364;\304A-\335y\030\2673"
 294      CADCA163 
 294      F43BC441 
 294      2DDD7918 
 294      B733
 295 0560 DEAE63DB 		.ascii	"\336\256c\333/\270\341nFT\234\252\254\345\371\365:\220"
 295      2FB8E16E 
 295      46549CAA 
 295      ACE5F9F5 
 295      3A90
 296 0572 D177B2FA 		.ascii	"\321w\262\372\274\360\020\273V\233\024\223\250\305\017"
 296      BCF010BB 
 296      569B1493 
 296      A8C50F
 297 0581 2921146F 		.ascii	")!\024o\3376\342\262\344/<\247\032\377\204U\343y\230"
 297      DF36E2B2 
 297      E42F3CA7 
 297      1AFF8455 
 297      E37998
 298 0594 AE674EAA 		.ascii	"\256gN\252q\306\344\355{\356\014\200\037Yf\316L\346"
 298      71C6E4ED 
 298      7BEE0C80 
 298      1F5966CE 
 298      4CE6
 299 05a6 A9F11C03 		.ascii	"\251\361\034\003pq\240\255^\205c\334(\221S\323\367S"
 299      7071A0AD 
 299      5E8563DC 
 299      289153D3 
 299      F753
 300 05b8 BC879D9F 		.ascii	"\274\207\235\237\331S9\352\206\323\031\321\2770\377"
 300      D95339EA 
 300      86D319D1 
 300      BF30FF
 301 05c7 075CC4CE 		.ascii	"\007\\\304\316\343J\342j\275\360QF\344\236\253\030\321"
 301      E34AE26A 
 301      BDF05146 
 301      E49EAB18 
 301      D1
 302 05d8 E01A4614 		.ascii	"\340\032F\024\334\357y\212\3615F\364u\325\225{\3416"
 302      DCEF798A 
 302      F13546F4 
 302      75D5957B 
ARM GAS  C:\Users\User\AppData\Local\Temp\cc0yBPKy.s 			page 24


 302      E136
 303 05ea 46544C67 		.ascii	"FTLgTx\343[\214h\034X\230\320\342>F\234J\237\257V\342"
 303      5478E35B 
 303      8C681C58 
 303      98D0E23E 
 303      469C4A9F 
 304 0601 BB8CD8B2 		.ascii	"\273\214\330\262\275t\037\231\0145+\242\032\032\214"
 304      BD741F99 
 304      0C352BA2 
 304      1A1A8C
 305 0610 B32795AC 		.ascii	"\263'\225\254\213\030\3739te\245u}\341\205G\350\020"
 305      8B18FB39 
 305      7465A575 
 305      7DE18547 
 305      E810
 306 0622 61A42F2E 		.ascii	"a\244/.\336MV1\336J\033'\256\330%hQ\222`s\205\232g\231"
 306      DE4D5631 
 306      DE4A1B27 
 306      AED82568 
 306      51926073 
 307 063a B8C8AD3B 		.ascii	"\270\310\255;\005?\"\233\272u\207\340\213\266\0134\311"
 307      053F229B 
 307      BA7587E0 
 307      8BB60B34 
 307      C9
 308 064b 2666C68F 		.ascii	"&f\306\217+\361\024\323\021\3377\361\314\233\315\313"
 308      2BF114D3 
 308      11DF37F1 
 308      CC9BCDCB 
 309 065b 6201BB9D 		.ascii	"b\001\273\235\010\260\225\226\023\264\264\244\000\230"
 309      08B09596 
 309      13B4B4A4 
 309      0098
 310 0669 64090C60 		.ascii	"d\011\014`\343\013\2118\227\006\013\"SRQzp\233\326f"
 310      E30B8938 
 310      97060B22 
 310      5352517A 
 310      709BD666 
 311 067d C8F4FD37 		.ascii	"\310\364\3757\331\234\356\203\261{\244\261)\202KK\366"
 311      D99CEE83 
 311      B17BA4B1 
 311      29824B4B 
 311      F6
 312 068e 3AB76436 		.ascii	":\267d6\345\364\011\017\034\343N\035\234\260g4\337\013"
 312      E5F4090F 
 312      1CE34E1D 
 312      9CB06734 
 312      DF0B
 313 06a0 C73362EE 		.ascii	"\3073b\356\356\356\233\210\205\205\016\310\250\212\233"
 313      EEEE9B88 
 313      85850EC8 
 313      A88A9B
 314 06af BBBC5926 		.ascii	"\273\274Y&\364\322Ucv\333\274\022\357c\2747\022\333"
 314      F4D25563 
 314      76DBBC12 
 314      EF63BC37 
 314      12DB
ARM GAS  C:\Users\User\AppData\Local\Temp\cc0yBPKy.s 			page 25


 315 06c1 3AD5389B 		.ascii	":\3258\233\022\302\314\375\372R\017\033\324\206\345"
 315      12C2CCFD 
 315      FA520F1B 
 315      D486E5
 316 06d0 B06EA36C 		.ascii	"\260n\243l\300\231\365B8\367;\307Y\333\2343\351\206"
 316      C099F542 
 316      38F73BC7 
 316      59DB9C33 
 316      E986
 317 06e2 F398BAD3 		.ascii	"\363\230\272\323\273\222!\370\212\031\321\235\232P\341"
 317      BB9221F8 
 317      8A19D19D 
 317      9A50E1
 318 06f1 81CF32E2 		.ascii	"\201\3172\342l\322\304\227\356\370\022#\266>\351/\367"
 318      6CD2C497 
 318      EEF81223 
 318      B63EE92F 
 318      F7
 319 0702 C64D8CB8 		.ascii	"\306M\214\270\037]\335\247\304\355\214(\333r\247\320"
 319      1F5DDDA7 
 319      C4ED8C28 
 319      DB72A7D0 
 320 0712 0D8CF185 		.ascii	"\015\214\361\205HB\262E\307\227-:\307\253'K\225\370"
 320      4842B245 
 320      C7972D3A 
 320      C7AB274B 
 320      95F8
 321 0724 1633E7E4 		.ascii	"\0263\347\344\361;\351ZY\010\255\332\262\225\314Z\021"
 321      F13BE95A 
 321      5908ADDA 
 321      B295CC5A 
 321      11
 322 0735 58542059 		.ascii	"XT Y\344k+\324\366;\220B0\307\227\233s\030\314\311g"
 322      E46B2BD4 
 322      F63B9042 
 322      30C7979B 
 322      7318CCC9 
 323 074a E6146617 		.ascii	"\346\024f\027\\\364\304w\230\206\264=\347\217{\311\226"
 323      5CF4C477 
 323      9886B43D 
 323      E78F7BC9 
 323      96
 324 075b 9CD78ED1 		.ascii	"\234\327\216\321\270(\005\015\305\222\206\"\301\205"
 324      B828050D 
 324      C5928622 
 324      C185
 325 0769 8A12E72A 		.ascii	"\212\022\347*\242R\332J\334\361\010S\321W}!\031\313"
 325      A252DA4A 
 325      DCF10853 
 325      D1577D21 
 325      19CB
 326 077b C2E79D1B 		.ascii	"\302\347\235\033\324\210rPqDRQ\352JE\231s\025{\322\207"
 326      D4887250 
 326      71445251 
 326      EA4A4599 
 326      73157BD2 
 327 0790 96E3C73C 		.ascii	"\226\343\307<v\022\347\3130\236e\352\262\316\316&I\026"
ARM GAS  C:\Users\User\AppData\Local\Temp\cc0yBPKy.s 			page 26


 327      7612E7CB 
 327      309E65EA 
 327      B2CECE26 
 327      4916
 328 07a2 F56BDE43 		.ascii	"\365k\336C\307A\323\321\027\320t\314\271\246\333Y\017"
 328      C741D3D1 
 328      17D074CC 
 328      B9A6DB59 
 328      0F
 329 07b3 2795388A 		.ascii	"'\2258\212o\225.\224]\323\340m\224\020\006\356\035}"
 329      6F952E94 
 329      5DD3E06D 
 329      941006EE 
 329      1D7D
 330 07c5 22ED09EE 		.ascii	"\"\355\011\356\203\252/A\325\311\027"
 330      83AA2F41 
 330      D5C917
 331 07d0 5075CAB9 		.ascii	"Pu\312\271\252\261\230\301^\276\035ZN\022dw\352\033"
 331      AAB198C1 
 331      5EBE1D5A 
 331      4E126477 
 331      EA1B
 332 07e2 7817535C 		.ascii	"x\027S\\\360\360\336e/\371\302u\307n\017X!X\367\200"
 332      F0F0DE65 
 332      2FF9C275 
 332      C76E0F58 
 332      2158F780 
 333 07f6 51FD273B 		.ascii	"Q\375';\020Ne\243\3167F\027z\340,F\364?;pG\203\0172"
 333      104E65A3 
 333      CE374617 
 333      7AE02C46 
 333      F43F3B70 
 334 080e E249EAE5 		.ascii	"\342I\352\345C\236\270\220\021\311%-7\324\270\224\021"
 334      439EB890 
 334      11C9252D 
 334      37D4B894 
 334      11
 335 081f DD47E62B 		.ascii	"\335G\346+\325\270\234\021\331]\217J5\370\030\263\367"
 335      D5B89C11 
 335      D95D8F4A 
 335      35F818B3 
 335      F7
 336 0830 7CFB8142 		.ascii	"|\373\201BO\3735\020\356\255l\351s\021\214\372\330a"
 336      4FFB3510 
 336      EEAD6CE9 
 336      73118CFA 
 336      D861
 337 0842 053C8D1B 		.ascii	"\005<\215\033\007\266\222\025\360\202\000\033R\3113"
 337      07B69215 
 337      F082001B 
 337      52C933
 338 0851 1FF305B0 		.ascii	"\037\363\005\2607\252\266\315\015W2e\217\306\256?\365"
 338      37AAB6CD 
 338      0D573265 
 338      8FC6AE3F 
 338      F5
 339 0862 C4D58C10 		.ascii	"\304\325\214\020g\316\336R\343\213\214\350\334\363\244"
ARM GAS  C:\Users\User\AppData\Local\Temp\cc0yBPKy.s 			page 27


 339      67CEDE52 
 339      E38B8CE8 
 339      DCF3A4
 340 0871 D71DD731 		.ascii	"\327\035\3271\242\276=\341\234\02270\342\360\225^Q\205"
 340      A2BE3DE1 
 340      9C123730 
 340      E2F0955E 
 340      5185
 341 0883 1B195119 		.ascii	"\033\031Q\031\177\345\251\033naD\372\231\255QZ\334\306"
 341      7FE5A91B 
 341      6E6144FA 
 341      99AD515A 
 341      DCC6
 342 0895 88E285C9 		.ascii	"\210\342\205\311$\035\356\340\266W^\313\025\230\233"
 342      241DEEE0 
 342      B6575ECB 
 342      15989B
 343 08a4 57922D48 		.ascii	"W\222-HuB=f\345%\007\026Z\217=\271'.z\241\225\354o\351"
 343      75423D66 
 343      E5250716 
 343      5A8F3DB9 
 343      272E7AA1 
 344 08bc 4ABF95B9 		.ascii	"J\277\225\271\304^X\315U\367\212\033\022\305\234\032"
 344      C45E58CD 
 344      55F78A1B 
 344      12C59C1A 
 345 08cc 44ADA903 		.ascii	"D\255\251\003kn\010K%\373\257\321\231(%\277\0126\244"
 345      6B6E084B 
 345      25FBAFD1 
 345      992825BF 
 345      0A36A4
 346 08df F57FD2C4 		.ascii	"\365\177\322\304\352\030L\331k\035\331O\013\204}\215"
 346      EA184CD9 
 346      6B1DD94F 
 346      0B847D8D 
 347 08ef C45D23E3 		.ascii	"\304]#\343\256w.\\\306\335/\343>\357\310=\271\210\373"
 347      AE772E5C 
 347      C6DD2FE3 
 347      3EEFC83D 
 347      B988FB
 348 0902 F712F755 		.ascii	"\367\022\367UG\356\325\016\314\367e\314W\2342\313\215"
 348      47EED50E 
 348      CCF765CC 
 348      579C32CB 
 348      8D
 349 0913 9C95715F 		.ascii	"\234\225q_v\344n\223\371d\027\255\271\242\370\236\022"
 349      76E46E93 
 349      F96417AD 
 349      B9A2F89E 
 349      12
 350 0924 F66F10F4 		.ascii	"\366o\020\364M\340\000\324\310G@\\\240\233\020@\327"
 350      4DE000D4 
 350      C847405C 
 350      A09B1040 
 350      D7
 351 0935 8595A81D 		.ascii	"\205\225\250\035\332W\320:\240\265Bk\201v\015\332-h"
 351      DA57D03A 
ARM GAS  C:\Users\User\AppData\Local\Temp\cc0yBPKy.s 			page 28


 351      A0B5426B 
 351      81760DDA 
 351      2D68
 352 0947 6DC24A7A 		.ascii	"m\302Jz\367\305tO\310t78\327M\355b\321\330\324\271$"
 352      F7C5744F 
 352      C8743738 
 352      D74DED62 
 352      D1D8D4B9 
 353 095c 521411E1 		.ascii	"R\024\021\341R\360@\224Duw\373$G\213\365\257SY\227\234"
 353      52F04094 
 353      447577FB 
 353      24478BF5 
 353      AF535997 
 354 0971 4F16B303 		.ascii	"O\026\263\003B&\245!e\207R\236\215rf\330\023\333\262"
 354      4226A521 
 354      6587529E 
 354      8D7266D8 
 354      13DBB2
 355 0984 B1BB3277 		.ascii	"\261\2732w\332\023\237\363 q\207\233\037fV\352\320\312"
 355      DA139FF3 
 355      2071879B 
 355      1F6656EA 
 355      D0CA
 356 0996 A57E3CA0 		.ascii	"\245~<\240N\343\364\301+,\240`\004\252\006\245\335\316"
 356      4EE3F4C1 
 356      2B2CA060 
 356      04AA06A5 
 356      DDCE
 357 09a8 E765175F 		.ascii	"\347e\027_\256\210\353l\227\2738?q]\017\270\3566w\015"
 357      AE88EB6C 
 357      97BB383F 
 357      715D0FB8 
 357      EE36770D 
 358 09bc 37B69019 		.ascii	"7\266\220\031\333mo,\311\205\250\341Q\214\257RL\350"
 358      DB6D6F2C 
 358      C985A8E1 
 358      518CAF52 
 358      4CE8
 359 09ce C1507187 		.ascii	"\301Pq\207\200\2571\"\263\247\246\233o\307.\022\372"
 359      80AF3122 
 359      B3A7A69B 
 359      6FC72E12 
 359      FA
 360 09df 64CFEE38 		.ascii	"d\317\3568\035\317\014\362hfxj\252C\215;\031\363\261"
 360      1DCF0CF2 
 360      6866786A 
 360      AA438D3B 
 360      19F3B1
 361 09f2 85C2588C 		.ascii	"\205\302X\214\373\030\3614\257\371+7|\237\021\347\237"
 361      FB18F134 
 361      AFF92B37 
 361      7C9F11E7 
 361      9F
 362 0a03 DDCCD4E2 		.ascii	"\335\314\324\342IJ\374c_\374\341t5\030\015\271\244["
 362      494AFC63 
 362      5FFCE174 
 362      35180DB9 
ARM GAS  C:\Users\User\AppData\Local\Temp\cc0yBPKy.s 			page 29


 362      A45B
 363 0a15 CAFF8182 		.ascii	"\312\377\201\202\274\362#\007\370]\306.A\242\255\324"
 363      BCF22307 
 363      F85DC62E 
 363      41A2ADD4 
 364 0a25 E9E0879C 		.ascii	"\351\340\207\234\360?\270\352\307\275\325\263\240\272"
 364      F03FB8EA 
 364      C7BDD5B3 
 364      A0BA
 365 0a33 7BA98979 		.ascii	"{\251\211y\013\252\035:\003\326\337s5E\362P\033\200"
 365      0BAA1D3A 
 365      03D6DF73 
 365      3545F250 
 365      1B80
 366 0a45 50EB27A1 		.ascii	"P\353'\241\326\307G\020\177ec?\264\037\257DY\3202\241"
 366      D6C74710 
 366      7F65633F 
 366      B41FAF44 
 366      59D032A1 
 367 0a59 65404B87 		.ascii	"e@K\207\226\006\355.\204Y*\034\367A\333\013-\032\332"
 367      9606ED2E 
 367      84592A1C 
 367      F741DB0B 
 367      2D1ADA
 368 0a6c 33E89B82 		.ascii	"3\350\233\202\3665\264\021h\017\240\335\267\013\305"
 368      F635B411 
 368      680FA0DD 
 368      B70BC5
 369 0a7b D65FB350 		.ascii	"\326_\263P\204\012x\307\021\332\264c:v7\372\244\320"
 369      840A78C7 
 369      11DAB463 
 369      3A7637FA 
 369      A4D0
 370 0a8d 60230F21 		.ascii	"`#\017!f\220\003\373\223E\205d\376\3522\306?\012\226"
 370      669003FB 
 370      93458564 
 370      FEEA32C6 
 370      3F0A96
 371 0aa0 CF3AE7A7 		.ascii	"\317:\347\247\342e!9f\027\222\243,$\345\216i\205\213"
 371      E2652139 
 371      661792A3 
 371      2C24E58E 
 371      69858B
 372 0ab3 A4ACA021 		.ascii	"\244\254\240!\300;\306\035\223\013\2169\000\006O\200"
 372      C03BC61D 
 372      930B8E39 
 372      00064F80 
 373 0ac3 810FED0C 		.ascii	"\201\017\355\014\354L\323\314\037\025\30585\032\007"
 373      EC4CD3CC 
 373      1F15C538 
 373      351A07
 374 0ad2 105F216C 		.ascii	"\020_!l\247\301.\323e(\036\331\241\030\177\016\212\203"
 374      A7C12ED3 
 374      65281ED9 
 374      A1187F0E 
 374      8A83
 375 0ae4 A0F99B51 		.ascii	"\240\371\233Q\364\357\303\342\241\345h\022 L9\207\340"
ARM GAS  C:\Users\User\AppData\Local\Temp\cc0yBPKy.s 			page 30


 375      F4EFC3E2 
 375      A1E56812 
 375      204C3987 
 375      E0
 376 0af5 E887C776 		.ascii	"\350\207\307v\010\310@\226\015Nc$\007\024\377\365b\004"
 376      08C84096 
 376      0D4E6324 
 376      0714FFF5 
 376      6204
 377 0b07 62B8BE90 		.ascii	"b\270\276\220\3070\271%z\3528\223s\3663\017i\334\372"
 377      C730B925 
 377      7AEA3893 
 377      73F6330F 
 377      69DCFA
 378 0b1a 6F9134AC 		.ascii	"o\2214\254\246\201-\222\307\225\355>\\t\021\3626\206"
 378      A6812D92 
 378      C795ED3E 
 378      5C7411F2 
 378      3686
 379 0b2c A7501666 		.ascii	"\247P\026f\2709sp>\013\220\236\330Aj*\342\221E\034\023"
 379      B8397370 
 379      3E0B909E 
 379      D8416A2A 
 379      E291451C 
 380 0b41 0D0A665C 		.ascii	"\015\012f\\\024{\247\362\243\370\000\327\362k~\304\322"
 380      147BA7F2 
 380      A3F800D7 
 380      F26B7EC4 
 380      D2
 381 0b52 6292C7CC 		.ascii	"b\222\307\314b\361\262\002=\317k\326\214}\315\342{\211"
 381      62F1B202 
 381      3DCF6BD6 
 381      8C7DCDE2 
 381      7B89
 382 0b64 624DC1C1 		.ascii	"bM\301\301d\262\227 \276\210\221\366\022\204\333\352"
 382      64B29720 
 382      BE8891F6 
 382      1284DBEA 
 383 0b74 2EF07089 		.ascii	".\360p\211\315\303\300\266\3051\025E\341\371E5\012&"
 383      CDC3C0B6 
 383      C5311545 
 383      E1F94535 
 383      0A26
 384 0b86 5DC4CCA2 		.ascii	"]\304\314\242H8_\260\367V\241\314[\304\034\302\372\242"
 384      48385FB0 
 384      F756A1CC 
 384      5BC41CC2 
 384      FAA2
 385 0b98 F53A56C0 		.ascii	"\365:V\300NE3\363j\271\355\300\341\324\366\264hj;1j"
 385      4E4533F3 
 385      6AB9EDC0 
 385      E1D4F6B4 
 385      686A3B31 
 386 0bad AB643BE1 		.ascii	"\253d;\341\226\331\236m\265=\006/C\333\034m\237\224"
 386      96D99E6D 
 386      B53D062F 
 386      43DB1C6D 
ARM GAS  C:\Users\User\AppData\Local\Temp\cc0yBPKy.s 			page 31


 386      9F94
 387 0bbf 4557B213 		.ascii	"EW\262\023\204\012:\214\300\333\003\360vCH\247@K\206"
 387      840A3A8C 
 387      C0DB03F0 
 387      764348A7 
 387      404B86
 388 0bd2 B603DA76 		.ascii	"\266\003\332vh[\241\305B\333\202\345^\271\377\001\233"
 388      685BA1C5 
 388      42DB82E5 
 388      5EB9FF01 
 388      9B
 389 0be3 6312D271 		.ascii	"c\022\322q\240\224Hq\271\271\030\253\227\225\262\370"
 389      A0944871 
 389      B9B918AB 
 389      9795B2F8 
 390 0bf3 6FE2EEFF 		.ascii	"o\342\356\377g&z\033\326\241\004\327\314\262t\217\303"
 390      67267A1B 
 390      D6A104D7 
 390      CCB2748F 
 390      C3
 391 0c04 F2748771 		.ascii	"\362t\207q\216\005'\003r=\235\344z\032\310\213\343\363"
 391      8E052703 
 391      723D9DE4 
 391      7A1AC88B 
 391      E3F3
 392 0c16 91080627 		.ascii	"\221\010\006'\200a\361\222a\344f\245J\363p\342\216("
 392      8061F192 
 392      61E466A5 
 392      4AF370E2 
 392      8E28
 393 0c28 26EBE8DD 		.ascii	"&\353\350\335n\"\037\340\254\340\260\001\367\277K\212"
 393      6E221FE0 
 393      ACE0B001 
 393      F7BF4B8A 
 394 0c38 1389CF54 		.ascii	"\023\211\317T\316kK\025\307X\037\212U\221\273\3238\354"
 394      CE6B4B15 
 394      C7581F8A 
 394      5591BBD3 
 394      38EC
 395 0c4a B8176133 		.ascii	"\270\027a3\371\3400\237Ir\373\232\371Mn\232\252\342"
 395      F9E0309F 
 395      4972FB9A 
 395      F94D6E9A 
 395      AAE2
 396 0c5c 4E4D023F 		.ascii	"NM\002?\345\274\220\237v\002\247\344\247$\346'\027e"
 396      E5BC909F 
 396      7602A7E4 
 396      A724E627 
 396      1765
 397 0c6e 13ED02F7 		.ascii	"\023\355\002\367H\225\323\026\223\211\321\364\3210\021"
 397      4895D316 
 397      9389D1F4 
 397      D13011
 398 0c7d 75408AC9 		.ascii	"u@\212\311IZ\344m\025\257\271\216[\002+c\356s\015!Y"
 398      495AE46D 
 398      15AFB98E 
 398      5B022B63 
ARM GAS  C:\Users\User\AppData\Local\Temp\cc0yBPKy.s 			page 32


 398      EE730D21 
 399 0c92 50C91746 		.ascii	"P\311\027Fb\366\301o\342n\3709\213\016\302|\31053\303"
 399      62F6C16F 
 399      E26EF839 
 399      8B0EC27C 
 399      C83533C3 
 400 0ca6 DB71464D 		.ascii	"\333qFM\034\016<\2137\177Se>\223Qb\352\353\364\2564"
 400      1C0E3C8B 
 400      377F5365 
 400      3E935162 
 400      EAEBF4AE 
 401 0cbb 8FE70DBF 		.ascii	"\217\347\015\277WcYS.[\215\033V\357\023\253#1\275\261"
 401      57635953 
 401      2E5B8D1B 
 401      56EF13AB 
 401      2331BDB1 
 402 0ccf FCC219F3 		.ascii	"\374\302\031\363\033\262\275\364*\306K\356\014O8\343"
 402      1BB2BDF4 
 402      2AC64BEE 
 402      0C4F38E3 
 403 0cdf 95CDE27C 		.ascii	"\225\315\342|\011\237E\362\364\276\322\371\376F~\277"
 403      099F45F2 
 403      F4BED2F9 
 403      FE467EBF 
 404 0cef F013A9B4 		.ascii	"\360\023\251\264V9r/\276\031\231\375\261\304~\3269\273"
 404      5639722F 
 404      BE1999FD 
 404      B1C47ED6 
 404      39BB
 405 0d01 CCB563C5 		.ascii	"\314\265c\305|\"\310\016\363\234#{\333\"\351\375\\:"
 405      7C22C80E 
 405      F39C237B 
 405      DB22E9FD 
 405      5C3A
 406 0d13 D9D0F43A 		.ascii	"\331\320\364:g\227I\277\365ciUKu\\\325\026M\\1\253\214"
 406      679749BF 
 406      F5636955 
 406      4B755CD5 
 406      164D5C31 
 407 0d29 F75CAC0A 		.ascii	"\367\\\254\012\013\217\311\343(\022\257\203R\020\336"
 407      0B8FC9E3 
 407      2812AF83 
 407      5210DE
 408 0d38 932F0A69 		.ascii	"\223/\012i\232\331\211\030\232\306V\205c\317S\330\264"
 408      9AD98918 
 408      9AC65685 
 408      63CF53D8 
 408      B4
 409 0d49 15934819 		.ascii	"\025\223H\031s\246oh\257\206\\#\333\232aI\333\030\325"
 409      73A66F68 
 409      AF865C23 
 409      DB9A6149 
 409      DB18D5
 410 0d5c 065BDF96 		.ascii	"\006[\337\226\242\334\014\035\256\362\"[\337\345Y\271"
 410      A2DC0C1D 
 410      AEF2225B 
 410      DFE559B9 
ARM GAS  C:\Users\User\AppData\Local\Temp\cc0yBPKy.s 			page 33


 411 0d6c 87BABC91 		.ascii	"\207\272\274\221\3372\262\371\325\221-/;\203=-\354j"
 411      DF32B2F9 
 411      D5912D2F 
 411      3B833D2D 
 411      EC6A
 412 0d7e FD98BC9E 		.ascii	"\375\230\274\236\233\232\254\201\035$\213\312!x\357"
 412      9B9AAC81 
 412      1D248BCA 
 412      2178EF
 413 0d8d 49CF48F3 		.ascii	"I\317H\363\3612k\231\316\2012\275\\\266\352\016\002"
 413      F1326B99 
 413      CE8132BD 
 413      5CB6EA0E 
 413      02
 414 0d9e 573EAFD4 		.ascii	"W>\257\324_Bf\236\202\302\365\005\264\303v\305\253;"
 414      5F42669E 
 414      82C2F505 
 414      B4C376C5 
 414      AB3B
 415 0db0 43CB9C5C 		.ascii	"C\313\234\\\000eh\210\017qb\263\263\205]A\007\021\371"
 415      00656888 
 415      0F7162B3 
 415      B3855D41 
 415      0711F9
 416 0dc3 9520BF08 		.ascii	"\225 \277\010d\027\332U\374\216\014\036\035\3449\374"
 416      6417DA55 
 416      FC8E0C1E 
 416      1DE439FC 
 417 0dd3 30623A5C 		.ascii	"0b:\\\337\"6e\360\300.\206Jq\327)\273cy*\261+\343\305"
 417      DF223665 
 417      F0C02E86 
 417      4A71D729 
 417      BB63792A 
 418 0deb 0E651CBC 		.ascii	"\016e\034\274\361\030.\222\014B\025\200\360\010G{\006"
 418      F1182E92 
 418      0C421580 
 418      F008477B 
 418      06
 419 0dfc CE4F03DA 		.ascii	"\316O\003\3322h\245v\336\230\312\364I\021\011\0042s"
 419      3268A576 
 419      DE98CAF4 
 419      49110904 
 419      3273
 420 0e0e 5F030432 		.ascii	"_\003\0042\304\266\367\224\205\277S\035\023|\300\363"
 420      C4B6F794 
 420      85BF531D 
 420      137CC0F3 
 421 0e1e 75F4FBA6 		.ascii	"u\364\373\246\213\325\244\210\200\243\333\371\010\233"
 421      8BD5A488 
 421      80A3DBF9 
 421      089B
 422 0e2c C36539E0 		.ascii	"\303e9\340tR\363@\3547O\352|:\237\324\243 \273\343/"
 422      7452F340 
 422      EC374FEA 
 422      7C3A9FD4 
 422      A320BBE3 
 423 0e41 9DD4A3DC 		.ascii	"\235\324\243\334\204\223 \3778\310>f7\251S\351\262I"
ARM GAS  C:\Users\User\AppData\Local\Temp\cc0yBPKy.s 			page 34


 423      849320FF 
 423      38C83E66 
 423      37A953E9 
 423      B249
 424 0e53 BD81980E 		.ascii	"\275\201\230\016\327\223:\226\316'\365\004f{\241\305"
 424      D7933A96 
 424      CE27F504 
 424      667BA1C5 
 425 0e63 EC8E935A 		.ascii	"\354\216\223Z.\253\317\0122N\226W\351\264:\037]\264"
 425      2EABCF0A 
 425      324E9657 
 425      E9B43A1F 
 425      5DB4
 426 0e75 1C92BBA5 		.ascii	"\034\222\273\245t\337\003\321\342\266h5}\350u\323\265"
 426      74DF03D1 
 426      E2B66835 
 426      7DE875D3 
 426      B5
 427 0e86 D5BC5EA4 		.ascii	"\325\274^\244{\021Q\371\316\012}G&\267\221\274\221\271"
 427      7B1151F9 
 427      CE0A7D47 
 427      26B791BC 
 427      91B9
 428 0e98 CFE7C8E5 		.ascii	"\317\347\310\345\222\321\224\311*\317\021g{\262\332"
 428      92D194C9 
 428      2ACF1167 
 428      7BB2DA
 429 0ea7 B4E5D1E4 		.ascii	"\264\345\321\344\"\211\324C\330\226\267G\350\216\214"
 429      2289D443 
 429      D896B747 
 429      E88E8C
 430 0eb6 B36450A3 		.ascii	"\263dP\243\012\260\343-xe^l\223@_d\221\214ha/\262bk"
 430      0AB0E32D 
 430      78655E6C 
 430      93405F64 
 430      918C6861 
 431 0ece BFAA53CB 		.ascii	"\277\252S\313_d\221J-\275\311:\213\311\233\254*\314"
 431      5F64914A 
 431      2DBDC93A 
 431      8BC99BAC 
 431      2ACC
 432 0ee0 DF6455DE 		.ascii	"\337dU\336\032\215\021^\313\021sz\305\352\207#\232\242"
 432      1A8D115E 
 432      CB11737A 
 432      C5EA8723 
 432      9AA2
 433 0ef2 815A5865 		.ascii	"\201ZXe\321{\204\015\025Je\244\220\274\260F\005\250"
 433      D17B840D 
 433      154A65A4 
 433      90BCB046 
 433      05A8
 434 0f04 07A1C3A8 		.ascii	"\007\241\303\250\033)\3209\374\032\214\2764\224wJ\215"
 434      1B29D039 
 434      FC1A8CBE 
 434      3494774A 
 434      8D
 435 0f15 1F7B3BBC 		.ascii	"\037{;\274i\263}ba\377)\302y\254\\\374\356\274\206u"
ARM GAS  C:\Users\User\AppData\Local\Temp\cc0yBPKy.s 			page 35


 435      69B37D62 
 435      61FF29C2 
 435      79AC5CFC 
 435      EEBC8675 
 436 0f29 DABF73BE 		.ascii	"\332\277s\276\300:\037\244g\245*\361\216%T|jr\311i\204"
 436      C03A1FA4 
 436      67A52AF1 
 436      8E25547C 
 436      6A72C969 
 437 0f3e D329A1FC 		.ascii	"\323)\241\374\262\345\370%5\322\301\215\277,..\333%"
 437      B2E5F825 
 437      35D2C18D 
 437      BF2C2E2E 
 437      DB25
 438 0f50 7B1D8B0B 		.ascii	"{\035\213\0136a\323\211\3563\217\331\026\254\216\307"
 438      3661D389 
 438      EE338FD9 
 438      16AC8EC7 
 439 0f60 D9E5BF60 		.ascii	"\331\345\277`\317]\213\031?\211\372\006\210\372zl\267"
 439      CF5D8B19 
 439      3F89FA06 
 439      88FA7A6C 
 439      B7
 440 0f71 E76685FE 		.ascii	"\347f\205\376\262\343\374\250r/\265m\323\242\225\200"
 440      B2E3FCA8 
 440      722FB56D 
 440      D3A29580 
 441 0f81 923FFC6B 		.ascii	"\222?\374kJ\345\301n\005\321\350\034\004\343\036Ju\210"
 441      4AE5C16E 
 441      05D1E81C 
 441      04E31E4A 
 441      7588
 442 0f93 B24617BB 		.ascii	"\262F\027\273Fg\373R\005\345&\200\233"
 442      4667FB52 
 442      05E52680 
 442      9B
 443 0fa0 00F01548 		.ascii	"\000\360\025H\323fhW\355\201\247\372\320\300lt\226."
 443      D3666857 
 443      ED81A7FA 
 443      D0C06C74 
 443      962E
 444 0fb2 1DA9B23C 		.ascii	"\035\251\262<\276\204\235a\265=\310j\335{\251X\203c"
 444      BE849D61 
 444      B53DC86A 
 444      DD7BA958 
 444      8363
 445 0fc4 5EA1CF77 		.ascii	"^\241\317w\253\267\357= \240\245~Nw\313\255\000\346"
 445      ABB7EF3D 
 445      20A0A57E 
 445      4E77CBAD 
 445      00E6
 446 0fd6 9B814DA5 		.ascii	"\233\201M\245\322\210\277\006\214-RN4b\276<\016\316"
 446      D288BF06 
 446      8C2D524E 
 446      3462BE3C 
 446      0ECE
 447 0fe8 A53C51CB 		.ascii	"\245<Q\313\237\233]\263\233\3716l}nv\344\356\310.w\032"
ARM GAS  C:\Users\User\AppData\Local\Temp\cc0yBPKy.s 			page 36


 447      9F9B5DB3 
 447      9BF9366C 
 447      7D6E76E4 
 447      EEC82E77 
 448 0ffd 55D087   		.ascii	"U\320\207"
 449 1000 2EB2A82A 		.ascii	".\262\250*\313\217~\244r\235 \3554A\256[\023\244\364"
 449      CB8F7EA4 
 449      729D20ED 
 449      3441AE5B 
 449      13A4F4
 450 1013 4CFE0092 		.ascii	"L\376\000\222\022\244p\220'\010\260\241j\011\033\234"
 450      12A47090 
 450      2708B0A1 
 450      6A091B9C 
 451 1023 DA274807 		.ascii	"\332'H\007M\220\204\262\222!-N\246\216A#\017v}\315\022"
 451      4D9084B2 
 451      92212D4E 
 451      A68E4123 
 451      0F767DCD 
 452 1038 84EC3459 		.ascii	"\204\3544Y\206\034\217j\257\360\246}\364^\220!\334\223"
 452      861C8F6A 
 452      AFF0A67D 
 452      F45E9021 
 452      DC93
 453 104a 71A214B9 		.ascii	"q\242\024\271\374\366\350\026\005x\323\012p\317\336"
 453      FCF6E816 
 453      0578D30A 
 453      70CFDE
 454 1059 2B7D2483 		.ascii	"+}$\203{\331\216\277>\011\000\036@\224\015\335\220\000"
 454      7BD98EBF 
 454      3E09001E 
 454      40940DDD 
 454      9000
 455 106b DEC0EC93 		.ascii	"\336\300\354\223\023\324I\201%\027u4)q6\003V7U\232\355"
 455      13D44981 
 455      25177534 
 455      29713603 
 455      5637559A 
 456 1080 8D4F3062 		.ascii	"\215O0b8c{\216\026W0\242x.}@\207\253\031Q^\0313\312"
 456      38637B8E 
 456      165730A2 
 456      782E7D40 
 456      87AB1951 
 457 1098 3FA9AA26 		.ascii	"?\251\252&\357\234\036\210\011U\010\327\322\213n\255"
 457      EF9C1E88 
 457      095508D7 
 457      D28B6EAD 
 458 10a8 ADF9436A 		.ascii	"\255\371CjD\037u\333\236u/\034\372Q_^\254\270\323\237"
 458      441F75DB 
 458      9E752F1C 
 458      FA515F5E 
 458      ACB8D39F 
 459 10bc 3E6AEB06 		.ascii	">j\353\0060\203\256\357{\310.\367{l\367G\270{\034\271"
 459      3083AEEF 
 459      7BC82EF7 
 459      7B6CF747 
 459      B87B1CB9 
ARM GAS  C:\Users\User\AppData\Local\Temp\cc0yBPKy.s 			page 37


 460 10d0 9DAC1CAF 		.ascii	"\235\254\034\257&\333\236~\221\315\242\023\341\213\037"
 460      26DB9E7E 
 460      91CDA213 
 460      E18B1F
 461 10df 3AF4625F 		.ascii	":\364b_\276\007\036\344ax\227<\254\201\020\034\200\326"
 461      BE071EE4 
 461      6178973C 
 461      AC81101C 
 461      80D6
 462 10f1 0FED0EB4 		.ascii	"\017\355\016\264ahCv\313\332X\206/\323\006\305\255\317"
 462      61684376 
 462      CBDA5886 
 462      2FD306C5 
 462      ADCF
 463 1103 11DBE26D 		.ascii	"\021\333\342mrS\006\007G\012\337m\347\374\262%b\214"
 463      72530607 
 463      470ADF6D 
 463      E7FCB225 
 463      628C
 464 1115 67E2A0B3 		.ascii	"g\342\240\263LlJ\343\252\255\033\372\305~Y\303\023\261"
 464      4C6C4AE3 
 464      AAAD1BFA 
 464      C57E59C3 
 464      13B1
 465 1127 A667E80C 		.ascii	"\246g\350\014\306\015,\021\267&\315\034V:$\242\325|"
 465      C60D2C11 
 465      B726CD1C 
 465      563A24A2 
 465      D57C
 466 1139 340256BF 		.ascii	"4\002V\277\250\007xR\262e\350\001\014\272/\305\325\240"
 466      A8077852 
 466      B265E801 
 466      0CBA2FC5 
 466      D5A0
 467 114b 3529E7E2 		.ascii	"5)\347\342#E\335R\256k\233+]\212\347*\"\357\353\207"
 467      2345DD52 
 467      AE6B9B2B 
 467      5D8AE72A 
 467      22EFEB87 
 468 115f 5B6ED87D 		.ascii	"[n\330}\2454j\227\333c\266\334\356\022O\334\365\242"
 468      A5346A97 
 468      DB63B6DC 
 468      EE124FDC 
 468      F5A2
 469 1171 99037D3C 		.ascii	"\231\003}<\233\012*\016>\361p\235\332\3434s\036Z3g\377"
 469      9B0A2A0E 
 469      3EF1709D 
 469      DAE33473 
 469      1E5A3367 
 470 1186 5853BC27 		.ascii	"XS\274'\317\234\371\252WwE\347\370\021\026\324%Y\327"
 470      CF9CF9AA 
 470      577745E7 
 470      F81116D4 
 470      2559D7
 471 1199 65CD9A47 		.ascii	"e\315\232G4k\026\016vWy\342\356W^\354\313\222I\226\315"
 471      346B160E 
 471      765779E2 
ARM GAS  C:\Users\User\AppData\Local\Temp\cc0yBPKy.s 			page 38


 471      EE575EEC 
 471      CB924996 
 472 11ae A35391A2 		.ascii	"\243S\221\242\326\266J?f\235Mgv{\271\374\332d\212\342"
 472      D6B64A3F 
 472      669D4D67 
 472      767BB9FC 
 472      DA648AE2 
 473 11c2 FCDA8633 		.ascii	"\374\332\2063w\272\322\303\232\34175\333\362x\206\003"
 473      77BAD2C3 
 473      9AE13735 
 473      DBF27886 
 473      03
 474 11d3 1B9A90B0 		.ascii	"\033\232\220\260NX\261NS\254\347\277\216\333\256\305"
 474      4E58B14E 
 474      53ACE7BF 
 474      8EDBAEC5 
 475 11e3 8F18D6D6 		.ascii	"\217\030\326\326\346\2368\225\255\0202\260\347\305\207"
 475      E69E3895 
 475      AD1032B0 
 475      E7C587
 476 11f2 CDAE31CC 		.ascii	"\315\2561\314R\0143V\014\005\251)\245\230c\230Lt/\311"
 476      520C3356 
 476      0C05A929 
 476      A5986398 
 476      4C742FC9 
 477 1206 8BADFE0D 		.ascii	"\213\255\376\015eBO$\004O\254\010\346(\202\371\272\244"
 477      65424F24 
 477      044FAC08 
 477      E62882F9 
 477      BAA4
 478 1218 4EBBAF22 		.ascii	"N\273\257\"\011`i*\237\262\251$G`\216?\331\326\255\324"
 478      0960692A 
 478      9FB2A924 
 478      47608E3F 
 478      D9D6ADD4 
 479 122c 4A2FD4C9 		.ascii	"J/\324\311\333\003\211\367\031&\037\263\255\246w\274"
 479      DB0389F7 
 479      19261FB3 
 479      ADA677BC 
 480 123c C09C387A 		.ascii	"\300\2348z-U\347\263\223\307\365\012D?\252\223\260\317"
 480      2D55E7B3 
 480      93C7F50A 
 480      443FAA93 
 480      B0CF
 481 124e 631FEB18 		.ascii	"c\037\353\030J\220\231\231+=\303\277\212Q\0039]\226"
 481      4A909999 
 481      2B3DC3BF 
 481      8A510339 
 481      5D96
 482 1260 D3E4E952 		.ascii	"\323\344\351R\233\250\344\332\0260U\3678~\3134\377\264"
 482      9BA8E4DA 
 482      163055F7 
 482      387ECB34 
 482      FFB4
 483 1272 5423FB30 		.ascii	"T#\3730f\031\3730\246\263\245\244\326\323\021L\224\322"
 483      6619FB30 
 483      A6B3A5A4 
ARM GAS  C:\Users\User\AppData\Local\Temp\cc0yBPKy.s 			page 39


 483      D6D3114C 
 483      94D2
 484 1284 17452A89 		.ascii	"\027E*\211\260h\245\217U$%H\252\014\364\335v\223;f\334"
 484      B068A58F 
 484      55242548 
 484      AA0CF4DD 
 484      76933B66 
 485 1299 CE31314A 		.ascii	"\31611J\346\0308\222\257I\272Z\213\220\234\371\201]"
 485      E6183892 
 485      AF49BA5A 
 485      8B909CF9 
 485      815D
 486 12ab 426CE1CC 		.ascii	"Bl\341\314[(\363\243\212\276\223\236r\346[v\222c9s,"
 486      5B28F3A3 
 486      8ABE939E 
 486      72E65B76 
 486      92633973 
 487 12c0 654EDC52 		.ascii	"eN\334R\024\251\301\317X\204<\211l?\257u\271\346lS\222"
 487      14A9C1CF 
 487      58843C89 
 487      6C3FAF75 
 487      B9E66C53 
 488 12d5 68D8C083 		.ascii	"h\330\300\203\341\362\356\374\335:\010\206jX\023\027"
 488      E1F2EEFC 
 488      DD3A0886 
 488      6A581317 
 489 12e5 EADDC712 		.ascii	"\352\335\307\022\310\353\247H\361\275_\021>\264Ui\013"
 489      C8EBA748 
 489      F1BD5F11 
 489      3EB45569 
 489      0B
 490 12f6 0838B55F 		.ascii	"\0108\265_\025\343\224$0\362\247\237$x\341\016\037\366"
 490      15E39424 
 490      30F2A79F 
 490      2478E10E 
 490      1FF6
 491 1308 4DCCB389 		.ascii	"M\314\263\211^/.\254\255KUt\014\266i`@\014RRi\361\222"
 491      5E2F2EAC 
 491      AD4B5574 
 491      0CB66960 
 491      400C5252 
 492 131f B4784769 		.ascii	"\264xGi\011T\332\215\241\232\000\334\313\204\025\225"
 492      0954DA8D 
 492      A19A00DC 
 492      CB841595 
 493 132f EE2FF7C2 		.ascii	"\356/\367\302c\214H\250\271\220\251\206\240G\333\311"
 493      638C48A8 
 493      B990A986 
 493      A047DBC9 
 494 133f 405A1E67 		.ascii	"@Z\036gz\226\320, \037\217\262,\270X^\374\314\313\245"
 494      7A96D02C 
 494      201F8FB2 
 494      2CB8585E 
 494      FCCCCBA5 
 495 1353 DD3BA9DD 		.ascii	"\335;\251\335IJn\370P\306\336r\017\216u\270\307}Ga7"
 495      494A6EF8 
 495      50C6DE72 
ARM GAS  C:\Users\User\AppData\Local\Temp\cc0yBPKy.s 			page 40


 495      0F8E75B8 
 495      C77D4761 
 496 1368 33BC5E20 		.ascii	"3\274^ \234(\321\212\025\355P*\011e\017w\027\205\333"
 496      9C28D18A 
 496      15ED502A 
 496      09650F77 
 496      1785DB
 497 137b 325691E8 		.ascii	"2V\221\350\201o/e\357\343cv,\250%O\306o\267\363d\262"
 497      816F2F65 
 497      EFE36376 
 497      2CA8254F 
 497      C66FB7F3 
 498 1391 647BB2A3 		.ascii	"d{\262\243\260\024*\2547{8\305\023\337c\302\256\234"
 498      B0142AAC 
 498      377B38C5 
 498      13DF63C2 
 498      AE9C
 499 13a3 3DD8AE92 		.ascii	"=\330\256\222<y\313\301\223\273%i\273\035\245\355\241"
 499      3C79CBC1 
 499      93BB2569 
 499      BB1DA5ED 
 499      A1
 500 13b4 D2522ED7 		.ascii	"\322R.\327gi\344\3213k\027={y\364\354\245\321S\221\235"
 500      6769E4D1 
 500      336B173D 
 500      7B79F4EC 
 500      A5D15391 
 501 13c9 7B4887BF 		.ascii	"{H\207\277f\252\207\207\017\354\346\337\212\275J>vH"
 501      66AA8787 
 501      0FECE6DF 
 501      8ABD4A3E 
 501      7648
 502 13db 399FA566 		.ascii	"9\237\245f\031\322Bv\012\007\032'\367jq\3642\312\373"
 502      19D24276 
 502      0A071A27 
 502      F76A71F4 
 502      32CAFB
 503 13ee 78DFD59B 		.ascii	"x\337\325\233\374\273\353\357\001\231\373\354\374\027"
 503      FCBBEBEF 
 503      0199FBEC 
 503      FC17
 504 13fc AE5331D3 		.ascii	"\256S1\323\232\212\031J\232\212\327\237\305\367\250"
 504      9A8A194A 
 504      9A8AD79F 
 504      C5F7A8
 505 140b 1C932D0D 		.ascii	"\034\223-\015\222-\225&[\026M6:\210pg\015\325\314\333"
 505      922D9526 
 505      5B164D36 
 505      3A887067 
 505      0DD5CCDB 
 506 141f A566FDF3 		.ascii	"\245f\375\363\270\353\306\363\233\275~pPl\251\246[\275"
 506      B8EBC6F3 
 506      9BBD7E70 
 506      506CA9A6 
 506      5BBD
 507 1431 23833162 		.ascii	"#\2031bd,,\312\373\225>(\035\234\007[:\331\340}\320"
 507      642C2CCA 
ARM GAS  C:\Users\User\AppData\Local\Temp\cc0yBPKy.s 			page 41


 507      FB953E28 
 507      1D9C075B 
 507      3AD9E07D 
 508 1446 F33B08AE 		.ascii	"\363;\010\256l\345\017\024K\015\201\277\013\014Xk2\372"
 508      6CE50F14 
 508      4B0D81BF 
 508      0B0C586B 
 508      32FA
 509 1458 5B8CBF30 		.ascii	"[\214\2770\205\205\374\312\350\037\356\366\313_\177"
 509      8585FCCA 
 509      E81FEEF6 
 509      CB5F7F
 510 1467 BC62ED9A 		.ascii	"\274b\355\2325\012\215\345\223\210P\203\336\362\333"
 510      350A8DE5 
 510      93885083 
 510      DEF2DB
 511 1476 B5FFB0DE 		.ascii	"\265\377\260\336\020\030\264!h\375Z\362\273\316\022"
 511      1018B421 
 511      68FD5AF2 
 511      BBCE12
 512 1485 111014B6 		.ascii	"\021\020\024\266\346\355\317\336\320o\012\012\015\010"
 512      E6EDCFDE 
 512      D06F0A0A 
 512      0D08
 513 1493 DB6496F7 		.ascii	"\333d\226\3673\3160\363\232\267\337Z\035f^m\262\254"
 513      33CE30F3 
 513      9AB7DF5A 
 513      1D665E6D 
 513      B2AC
 514 14a5 0E0A3504 		.ascii	"\016\0125\004G\004\030W\033\002-\201\240(\300\274*P"
 514      47041857 
 514      1B022D81 
 514      A028C0BC 
 514      2A50
 515 14b7 A1D5EB23 		.ascii	"\241\325\353#\202B-o\374Lo\211A\006\253x\372k^,^\326"
 515      82422D6F 
 515      FC4C6F89 
 515      4106AB78 
 515      FA6B5E2C 
 516 14cd BFDE1216 		.ascii	"\277\336\022\026\026l^\27714b\005=[\341o\012Ya\014\331"
 516      166C5EBF 
 516      31346205 
 516      3D5BE16F 
 516      0A59610C 
 517 14e2 600C0830 		.ascii	"`\014\0100\006\254\177k\325\033+~\366\372\232\267\377"
 517      06AC7F6B 
 517      D51B2B7E 
 517      F6FA9AB7 
 517      FF
 518 14f3 B8663DF4 		.ascii	"\270f=\364\37744,\324\370S\243?H\346\030\326\207\370"
 518      FF34342C 
 518      D4F853A3 
 518      3F48E618 
 518      D687F8
 519 1506 83AC50E3 		.ascii	"\203\254P\343z}\200\361\023\377\210`\213\336\2629\334"
 519      7A7D80F1 
 519      13FF8860 
ARM GAS  C:\Users\User\AppData\Local\Temp\cc0yBPKy.s 			page 42


 519      8BDEB239 
 519      DC
 520 1517 4800B959 		.ascii	"H\000\271Y\341l\376\177Dc\336l^\2577[\002@5@\320X\302"
 520      E16CFE7F 
 520      4463DE6C 
 520      5EAF375B 
 520      02403540 
 521 152e 4D41617A 		.ascii	"MAaz\313\306o\341nCXHHX\350\352\3600\223\305\274\372"
 521      CBC66FE1 
 521      6E435848 
 521      4858E8EA 
 521      F03093C5 
 522 1544 FDDF7EB8 		.ascii	"\375\337~\270\366\303\317I_xP\260\321d^\375\313\265"
 522      F6C3CF49 
 522      5F7850B0 
 522      D1645EFD 
 522      CBB5
 523 1556 6BC92C70 		.ascii	"k\311,p\223\225\206@\177\223\332\034\364'\243\336\022"
 523      93958640 
 523      7F93DA1C 
 523      F427A3DE 
 523      12
 524 1567 F5D79984 		.ascii	"\365\327\231\204\340\240\015\3537\032\014\016\346\003"
 524      E0A00DEB 
 524      371A0C0E 
 524      E603
 525 1575 C3AA3592 		.ascii	"\303\2525\222\023,0\352\023\300\243\016\204\3400\232"
 525      132C30EA 
 525      13C0A30E 
 525      84E0309A 
 526 1585 949F988C 		.ascii	"\224\237\230\214FU\270\377F\243Y\031j\374\334\242\362"
 526      4655B8FF 
 526      46A35919 
 526      6AFCDCA2 
 526      F2
 527 1596 0F0EDA18 		.ascii	"\017\016\332\030\312\003\346\2557\365\0267\353\211\326"
 527      CA03E6AD 
 527      37F51637 
 527      EB89D6
 528 15a5 6CF9945E 		.ascii	"l\371\224^\324[\376\353e\373,\320\020f2\002(\017\000"
 528      D45BFEEB 
 528      65FB2CD0 
 528      10663202 
 528      280F00
 529 15b8 15AEE7C8 		.ascii	"\025\256\347\310\"\314\306\000%q\230\222\364z\312.\001"
 529      22CCC600 
 529      25719892 
 529      F47ACA2E 
 529      01
 530 15c9 AA7053D8 		.ascii	"\252pS\330gAp\252\0131\206l4\362\324Y\377\355q\205\231"
 530      674170AA 
 530      0B31866C 
 530      34F2D459 
 530      FFED7185 
 531 15de C18BB224 		.ascii	"\301\213\262$\002\361Vlp\032f\332L \204\343\020\313"
 531      02F1566C 
 531      701A66DA 
ARM GAS  C:\Users\User\AppData\Local\Temp\cc0yBPKy.s 			page 43


 531      4C2084E3 
 531      10CB
 532 15f0 E7AAB04D 		.ascii	"\347\252\260M\241F\223\033\344X0\211$\015t\005\303\214"
 532      A146931B 
 532      E4583089 
 532      240D7405 
 532      C38C
 533 1602 B919C38D 		.ascii	"\271\031\303\215\241\020c\033=\214\237\031C-!\376\346"
 533      A110631B 
 533      3D8C9F19 
 533      432D21FE 
 533      E6
 534 1613 4F016E88 		.ascii	"O\001n\210y\343\037#\214\021\306%\206@=\317K=\355P\206"
 534      79E31F23 
 534      8C11C625 
 534      86403DCF 
 534      4B3DED50 
 535 1628 9B8C9F79 		.ascii	"\233\214\237y\333u\351-\232M\376A\026\020\341-\343&"
 535      DB75E92D 
 535      9A4DFE41 
 535      1610E12D 
 535      E326
 536 163a B2BDE484 		.ascii	"\262\275\344\204\336\202\"\324\306MD\201z\223\005\264"
 536      DE8222D4 
 536      C64D4481 
 536      7A9305B4 
 537 164a 87C3C16C 		.ascii	"\207\303\301l\014\011\307\206P\213\273^\3173L\303\217"
 537      0C09C786 
 537      508BBB5E 
 537      CF334CC3 
 537      8F
 538 165b 2AE8855F 		.ascii	"*\350\205_\252A\007r\201\323?<\020L\323\230\011L\363"
 538      AA410772 
 538      81D33F3C 
 538      104CD398 
 538      094CF3
 539 166e 46153460 		.ascii	"F\0254`\330d\261\230\302}\230\"\275\311\370\211\321"
 539      D864B198 
 539      C27D9822 
 539      BDC9F889 
 539      D1
 540 167f 640C3500 		.ascii	"d\0145\000&\020\036\266\341\017\341n\306\317\203,\206"
 540      26101EB6 
 540      E10FE16E 
 540      C6CF832C 
 540      86
 541 1690 B000A3DA 		.ascii	"\260\000\243\332\024\260\031F(\201\305\354\316\302\345"
 541      14B01946 
 541      2881C5EC 
 541      CEC2E5
 542 169f 1DD0663D 		.ascii	"\035\320f=ZH?\210\373$\330\177\243Yc\011\201\021@\231"
 542      5A483F88 
 542      FB24D87F 
 542      A3596309 
 542      81114099 
 543 16b3 2D50F9DC 		.ascii	"-P\371\334,\364@D\372o\3607\033\225\241\376!FUX0\314"
 543      2CF44044 
ARM GAS  C:\Users\User\AppData\Local\Temp\cc0yBPKy.s 			page 44


 543      FA6FF037 
 543      1B95A1FE 
 543      21465558 
 544 16c9 A62AD4B8 		.ascii	"\246*\324\270\311h\302\006\313\347\2029\\\010&\336\335"
 544      C968C206 
 544      CBE78239 
 544      5C0826DE 
 544      DD
 545 16da 08D1ACB7 		.ascii	"\010\321\254\267`\323\2325\320^\027L\357\012\246w\004"
 545      60D39A35 
 545      D05E174C 
 545      EF0AA677 
 545      04
 546 16eb D3DB82E9 		.ascii	"\323\333\202\351-\301\364\367\202\351M\017\022I\304"
 546      2DC1F4F7 
 546      82E94D0F 
 546      1249C4
 547 16fa 5818F412 		.ascii	"X\030\364\022\346\337I\\\352?{;\004\346_G\025\031\302"
 547      E6DF495C 
 547      EA3F7B3B 
 547      04E65F47 
 547      1519C2
 548 170d 422D9026 		.ascii	"B-\220&J2\345\356\266\351Q\205\204Cf\272q\257Y\334\340"
 548      4A32E5EE 
 548      B6E95185 
 548      844366BA 
 548      71AF59DC 
 549 1722 424804F0 		.ascii	"BH\004\360i\350\257\336\362\321\313\252\351fC`\000`"
 549      69E8AFDE 
 549      F2D1CBAA 
 549      E9664360 
 549      0060
 550 1734 F9F5CB92 		.ascii	"\371\365\313\222\007a\003\342\326\2754x\233\315\326"
 550      076103E2 
 550      D6BD3478 
 550      9BCDD6
 551 1743 7AF7D220 		.ascii	"z\367\322 B\240\2028OY\366\351-\377\375\362\023\235"
 551      42A08238 
 551      4F59F6E9 
 551      2DFFFDF2 
 551      139D
 552 1755 08FEF6B0 		.ascii	"\010\376\366\260\315&\003\310\012\330\014!\035dXeP|"
 552      CD2603C8 
 552      0AD80C21 
 552      1D645865 
 552      507C
 553 1767 CF61C5FF 		.ascii	"\317a\305\377\220Z\361\033\010\026\017\310&\243\301"
 553      905AF11B 
 553      08160FC8 
 553      26A3C1
 554 1776 A22705CE 		.ascii	"\242'\005\316\203D\017\257m\277\377\253\3240\242\300"
 554      83440FAF 
 554      6DBFFFAB 
 554      D430A2C0 
 555 1786 2C732355 		.ascii	",s#Uh\201:\260\316\020\370\237\376\237\032#\302\327"
 555      68813AB0 
 555      CE10F89F 
ARM GAS  C:\Users\User\AppData\Local\Temp\cc0yBPKy.s 			page 45


 555      FE9F1A23 
 555      C2D7
 556 1798 7D470675 		.ascii	"}G\006u]\204\231T1c\300\007*RY\303\225\233\200Rm\"\331"
 556      5D849954 
 556      3163C007 
 556      2A5259C3 
 556      959B8052 
 557 17af 8AFD4D1B 		.ascii	"\212\375M\033\227\362@\0170\232\015\246\240pK\030Td"
 557      97F2400F 
 557      309A0DA6 
 557      A0704B18 
 557      5464
 558 17c1 1F4320D9 		.ascii	"\037C \331\316\274\037\034\034fx\237,\023\306"
 558      CEBC1F1C 
 558      1C66789F 
 558      2C13C6
 559 17d0 000F4320 		.ascii	"\000\017C \261\224vA\256\254\333l\376\3670\303\247/"
 559      B1947641 
 559      AEACDB6C 
 559      FEF730C3 
 559      A72F
 560 17e2 2F303613 		.ascii	"/06\023\213\334iZ\202\206O=\365P\324,\372\177y\177\335"
 560      8BDC695A 
 560      82864F3D 
 560      F550D42C 
 560      FA7F797F 
 561 17f7 BFFEE6B7 		.ascii	"\277\376\346\267\037x\372\007o\362\337l\206\312\020"
 561      1F78FA07 
 561      6FF2DF6C 
 561      86CA10
 562 1806 0C5B90FF 		.ascii	"\014[\220\377\375\366^\205\254_\275\366\303u\037\254"
 562      FDF65E85 
 562      AC5FBDF6 
 562      C3751FAC 
 563 1816 93208498 		.ascii	"\223 \204\230\203\314zXq\311\352@\355\3738\224\000a"
 563      83CC7A58 
 563      71C9EA40 
 563      EDFB3894 
 563      0061
 564 1828 25292294 		.ascii	"%)\"\224\203\242k\223~\325[\357\276\373\256\233\225"
 564      83A26B93 
 564      7ED55BEF 
 564      BEFBAE9B 
 564      95
 565 1839 FA3FD8C2 		.ascii	"\372?\330\302&\003"
 565      2603
 566              		.text
 567              		.section	.gnu.lto_.symtab.9e80f00c,"",%progbits
 568 0000 63685468 		.ascii	"chThdCreateFromHeap\000"
 568      64437265 
 568      61746546 
 568      726F6D48 
 568      65617000 
 569 0014 00       		.ascii	"\000"
 570 0015 00       		.ascii	"\000"
 571 0016 00       		.ascii	"\000"
 572 0017 00000000 		.ascii	"\000\000\000\000\000\000\000\000"
ARM GAS  C:\Users\User\AppData\Local\Temp\cc0yBPKy.s 			page 46


 572      00000000 
 573 001f BF010000 		.ascii	"\277\001\000\000"
 574 0023 63685468 		.ascii	"chThdCreateFromMemoryPool\000"
 574      64437265 
 574      61746546 
 574      726F6D4D 
 574      656D6F72 
 575 003d 00       		.ascii	"\000"
 576 003e 00       		.ascii	"\000"
 577 003f 00       		.ascii	"\000"
 578 0040 00000000 		.ascii	"\000\000\000\000\000\000\000\000"
 578      00000000 
 579 0048 D6010000 		.ascii	"\326\001\000\000"
 580 004c 63685363 		.ascii	"chSchWakeupS\000"
 580      6857616B 
 580      65757053 
 580      00
 581 0059 00       		.ascii	"\000"
 582 005a 02       		.ascii	"\002"
 583 005b 00       		.ascii	"\000"
 584 005c 00000000 		.ascii	"\000\000\000\000\000\000\000\000"
 584      00000000 
 585 0064 DB010000 		.ascii	"\333\001\000\000"
 586 0068 63685468 		.ascii	"chThdCreateSuspendedI\000"
 586      64437265 
 586      61746553 
 586      75737065 
 586      6E646564 
 587 007e 00       		.ascii	"\000"
 588 007f 02       		.ascii	"\002"
 589 0080 00       		.ascii	"\000"
 590 0081 00000000 		.ascii	"\000\000\000\000\000\000\000\000"
 590      00000000 
 591 0089 F1010000 		.ascii	"\361\001\000\000"
 592 008d 63684865 		.ascii	"chHeapAllocAligned\000"
 592      6170416C 
 592      6C6F6341 
 592      6C69676E 
 592      656400
 593 00a0 00       		.ascii	"\000"
 594 00a1 02       		.ascii	"\002"
 595 00a2 00       		.ascii	"\000"
 596 00a3 00000000 		.ascii	"\000\000\000\000\000\000\000\000"
 596      00000000 
 597 00ab F7010000 		.ascii	"\367\001\000\000"
 598 00af 6368506F 		.ascii	"chPoolAlloc\000"
 598      6F6C416C 
 598      6C6F6300 
 599 00bb 00       		.ascii	"\000"
 600 00bc 02       		.ascii	"\002"
 601 00bd 00       		.ascii	"\000"
 602 00be 00000000 		.ascii	"\000\000\000\000\000\000\000\000"
 602      00000000 
 603 00c6 FB010000 		.ascii	"\373\001\000\000"
 604              		.text
 605              		.section	.gnu.lto_.opts,"",%progbits
 606 0000 272D666D 		.ascii	"'-fmath-errno' '-fsigned-zeros' '-ftrapping-math' '"
ARM GAS  C:\Users\User\AppData\Local\Temp\cc0yBPKy.s 			page 47


 606      6174682D 
 606      6572726E 
 606      6F272027 
 606      2D667369 
 607 0033 2D666E6F 		.ascii	"-fno-trapv' '-fno-openmp' '-fno-openacc' '-mcpu=cor"
 607      2D747261 
 607      70762720 
 607      272D666E 
 607      6F2D6F70 
 608 0066 7465782D 		.ascii	"tex-m7' '-mno-thumb-interwork' '-mthumb' '-ggdb' '-"
 608      6D372720 
 608      272D6D6E 
 608      6F2D7468 
 608      756D622D 
 609 0099 4F322720 		.ascii	"O2' '-fomit-frame-pointer' '-falign-functions=16' '"
 609      272D666F 
 609      6D69742D 
 609      6672616D 
 609      652D706F 
 610 00cc 2D666675 		.ascii	"-ffunction-sections' '-fdata-sections' '-fno-common"
 610      6E637469 
 610      6F6E2D73 
 610      65637469 
 610      6F6E7327 
 611 00ff 2720272D 		.ascii	"' '-flto'\000"
 611      666C746F 
 611      2700
 612              		.text
 613              		.comm	__gnu_lto_v1,1,1
 614              		.comm	__gnu_lto_slim,1,1
 615              		.ident	"GCC: (GNU Tools for ARM Embedded Processors 6-2017-q1-update) 6.3.1 20170215 (release) [AR
ARM GAS  C:\Users\User\AppData\Local\Temp\cc0yBPKy.s 			page 48


DEFINED SYMBOLS
                            *ABS*:00000000 chdynamic.c
                            *COM*:00000001 __gnu_lto_v1
                            *COM*:00000001 __gnu_lto_slim

NO UNDEFINED SYMBOLS
