ARM GAS  C:\Users\User\AppData\Local\Temp\ccIAOj9q.s 			page 1


   1              		.cpu cortex-m7
   2              		.eabi_attribute 20, 1
   3              		.eabi_attribute 21, 1
   4              		.eabi_attribute 23, 3
   5              		.eabi_attribute 24, 1
   6              		.eabi_attribute 25, 1
   7              		.eabi_attribute 26, 1
   8              		.eabi_attribute 30, 2
   9              		.eabi_attribute 34, 1
  10              		.eabi_attribute 18, 4
  11              		.file	"hal.c"
  12              		.text
  13              	.Ltext0:
  14              		.section	.gnu.lto_.profile.a45aa534,"",%progbits
  15 0000 789C6365 		.ascii	"x\234ce`b`a```d\260\347\000\000\001\006\000T"
  15      60626061 
  15      60606064 
  15      B0E70000 
  15      01060054 
  16              		.text
  17              		.section	.gnu.lto_.icf.a45aa534,"",%progbits
  18 0000 789C6365 		.ascii	"x\234ce`b\340`@\000F\206\267\217\026m\345c\000\000\020"
  18      6062E060 
  18      40004686 
  18      B78F166D 
  18      E5630000 
  19 0015 1F0345   		.ascii	"\037\003E"
  20              		.text
  21              		.section	.gnu.lto_.jmpfuncs.a45aa534,"",%progbits
  22 0000 789C6365 		.ascii	"x\234ce`b\320`@\000F(\315\3048\235\231\261\371\327\376"
  22      6062D060 
  22      40004628 
  22      CDC4389D 
  22      99B1F9D7 
  23 0015 CF7CF57F 		.ascii	"\317|\365\177\033$\34633,f\006\311.g\254g`d\001\262"
  23      1B24E633 
  23      332C6606 
  23      C92E67AC 
  23      67606401 
  24 002a 00B87808 		.ascii	"\000\270x\010\225"
  24      95
  25              		.text
  26              		.section	.gnu.lto_.inline.a45aa534,"",%progbits
  27 0000 789C6365 		.ascii	"x\234ce`b0f@\000F\006\006.{F\240 \003\003\333\002y&"
  27      60623066 
  27      40004606 
  27      062E7B46 
  27      A0200303 
  28 0018 B0101726 		.ascii	"\260\020\027&\301\304\015R\012f2\000\000?\336\001\224"
  28      C1C40D52 
  28      0A663200 
  28      003FDE01 
  28      94
  29              		.text
  30              		.section	.gnu.lto_.pureconst.a45aa534,"",%progbits
  31 0000 789C6365 		.ascii	"x\234ce`b`f```d\220\000\000\000\204\000$"
  31      60626066 
ARM GAS  C:\Users\User\AppData\Local\Temp\ccIAOj9q.s 			page 2


  31      60606064 
  31      90000000 
  31      840024
  32              		.text
  33              		.section	.gnu.lto_halInit.a45aa534,"",%progbits
  34 0000 789C7590 		.ascii	"x\234u\2201HBa\020\307\357\336\247\317\027\24444\024"
  34      31484261 
  34      10C7EFDE 
  34      A7CF17A4 
  34      343414
  35 0013 36B4BA24 		.ascii	"6\264\272$\022$\264:Uc\253\020\245\203R\364\240W9\276"
  35      1224B43A 
  35      5563AB10 
  35      A58352F4 
  35      A05739BE 
  36 0027 67164241 		.ascii	"g\026BA\265\230\031\304{\024\241ei\012\015N=\234j)\250"
  36      B59819C4 
  36      7B14A165 
  36      690A0D4E 
  36      3D9C6A29 
  37 003c B1A98886 		.ascii	"\261\251\210\206,\010\332\012\265\3734\302\341up\337"
  37      2C08DA0A 
  37      B5FB34C2 
  37      E17570DF 
  38 004c 7DDFDD8F 		.ascii	"}\337\335\217\273\377wv\020\340\012\001&\000\300M\216"
  38      BBFF7776 
  38      10E00A01 
  38      2600C04D 
  38      8E
  39 005d 0C50D8BE 		.ascii	"\014P\330\276\001\210K\002\"\277h\022\202*\240\212["
  39      01884B02 
  39      22BF6812 
  39      822AA08A 
  39      5B
  40 006e 2CCDB09A 		.ascii	",\315\260\232|\251\010\236\254Ff\246?\372\265\234\211"
  40      7CA9089E 
  40      AC4666A6 
  40      3FFAB59C 
  40      89
  41 007f 3A03C890 		.ascii	":\003\310\220s\303,z\200\260\247R#\345\024m\355<\346"
  41      73C32C7A 
  41      80B0A752 
  41      23E5146D 
  41      ED3CE6
  42 0092 50A41150 		.ascii	"P\244\021P\274CSk4\223\232\371|\200\367\343\022\300"
  42      BC43536B 
  42      34939AF9 
  42      7C80F7E3 
  42      12C0
  43 00a4 3A95F98C 		.ascii	":\225\371\214\015&\360\310j\2300\276\335\234\347M*\225"
  43      0D26F0C8 
  43      6A9830BE 
  43      DD9CE74D 
  43      2A95
  44 00b6 B707875A 		.ascii	"\267\007\207Z\327$\235a\206Q\007<F\025tbk\270j\034u"
  44      D7249D61 
  44      8651073C 
ARM GAS  C:\Users\User\AppData\Local\Temp\ccIAOj9q.s 			page 3


  44      46157462 
  44      6BB86A1C 
  45 00cb 5B702C43 		.ascii	"[p,CU\300\023\342\250\260\263V\275ul2\235\331\220?\023"
  45      55C013E2 
  45      A8B0B356 
  45      BD756C32 
  45      9DD9903F 
  46 00e0 5F979F2E 		.ascii	"_\227\237.\342\372(q\310\205Q\356z/?\253\343~\274Gg"
  46      E2FA2871 
  46      C88551EE 
  46      7A2F3FAB 
  46      E37EBC47 
  47 00f5 763CA55F 		.ascii	"v<\245_\346q\240Uh\276\226\013]\004\357j\332 op\206"
  47      E671A055 
  47      68BE960B 
  47      5D04EF6A 
  47      DA206F70 
  48 010a 3AB60662 		.ascii	":\266\006b\001U\235\211\300\265\326\235\326Z\2519\026"
  48      01559D89 
  48      C0B5D69D 
  48      D65AA939 
  48      16
  49 011b FFB4268C 		.ascii	"\377\264&\214\013\2275g#\356\274\203{\354\265\346\354"
  49      0B973567 
  49      23EEBC83 
  49      7BECB5E6 
  49      EC
  50 012c C4953AB8 		.ascii	"\304\225:\270\372?\234H\\\371\227{\307\025#\233jk\346"
  50      FA3F9C48 
  50      5CF9977B 
  50      C715239B 
  50      6A6BE6
  51 013f B64E1BA4 		.ascii	"\266N\033\244\035\323z\306\002\243\301P$:\023\015\006"
  51      1DD37AC6 
  51      02A3C150 
  51      243A130D 
  51      06
  52 0150 F839B9B8 		.ascii	"\3709\271\270\024\216\312>\377\362\360T,:\037\226cJ"
  52      148ECA3E 
  52      FFF2F054 
  52      2C3A1F96 
  52      634A
  53 0162 67BE4DCA 		.ascii	"g\276M\312\212\317?\342\225\025odz\316\253,\204x\034"
  53      8ACF3FE2 
  53      95156F64 
  53      7ACEAB2C 
  53      84781C
  54 0175 0AC10F47 		.ascii	"\012\301\017G}\260\267"
  54      7DB0B7
  55              		.text
  56              		.section	.gnu.lto_.symbol_nodes.a45aa534,"",%progbits
  57 0000 789C55C9 		.ascii	"x\234U\311\273\021\2030\024D\321\253\025\302m\270\024"
  57      BB118330 
  57      1444D1AB 
  57      15C26DB8 
  57      14
  58 0011 53D95340 		.ascii	"S\331S@\001.\300\177S\001!1\261k\200\031\327\341\341"
ARM GAS  C:\Users\User\AppData\Local\Temp\ccIAOj9q.s 			page 4


  58      012EC07F 
  58      53012131 
  58      B16B8019 
  58      D7E1E1
  59 0024 5911DAE4 		.ascii	"Y\021\332\344\314\334M\210\021\237.28\177\300\231r\007"
  59      CCDC4D88 
  59      119F2E32 
  59      387FC099 
  59      7207
  60 0036 E92E8EFE 		.ascii	"\351.\216\376\204\267,\224\007r>yx\311T\205\247,V\341"
  60      84B72C94 
  60      07723E79 
  60      78C95485 
  60      A72C56E1 
  61 004a 216BAA70 		.ascii	"!k\252p\223\245*\\e\355>D\016\014\313/DZ\346b\342[l"
  61      93A52A5C 
  61      65ED3E44 
  61      0E0CCB2F 
  61      445AE662 
  62 0061 E8D7BF91 		.ascii	"\350\327\277\221\241(f\227\015W\235,/"
  62      A1286697 
  62      0D579D2C 
  62      2F
  63              		.text
  64              		.section	.gnu.lto_.refs.a45aa534,"",%progbits
  65 0000 789C6365 		.ascii	"x\234ce`b`c```d`bdb\000\000\000\275\000\024"
  65      60626063 
  65      60606064 
  65      60626462 
  65      000000BD 
  66              		.text
  67              		.section	.gnu.lto_.decls.a45aa534,"",%progbits
  68 0000 789CBD56 		.ascii	"x\234\275VkPTG\026\276}{f\230\271\014\321\202\324\256"
  68      6B505447 
  68      16BE7D7B 
  68      6698B90C 
  68      D182D4AE 
  69 0014 3FAC5DCA 		.ascii	"?\254]\312\"%?\022\010\230\225T~d\315bT\022\242l\345"
  69      22253F12 
  69      08989554 
  69      7E64CD62 
  69      5412A26C 
  70 0029 F1638BAA 		.ascii	"\361c\213\252\251\201\031e\252`f23\304X\371s\015O1\210"
  70      A9811965 
  70      AA606632 
  70      33C458F9 
  70      730D4F31 
  71 003e C63C164B 		.ascii	"\306<\026K]\015\324\012\221\000\361\025\337\016>\000"
  71      5D0DD40A 
  71      9100F115 
  71      DF0E3E00 
  72 004e 098F89AE 		.ascii	"\011\217\211\256\010\221W\020\331\370B \032@\201\331"
  72      08915710 
  72      D9F84220 
  72      1A4081D9 
  73 005e D3DDF77A 		.ascii	"\323\335\367z/\027\362#\245\265\267\346\334\276\247"
  73      2F17F223 
ARM GAS  C:\Users\User\AppData\Local\Temp\ccIAOj9q.s 			page 5


  73      A5B5B7E6 
  73      DCBEA7
  74 006d CFD7DF39 		.ascii	"\317\327\3379}\372tO\3539\236\373\331\314q\357\3538"
  74      7DFA744F 
  74      EB399EFB 
  74      D9CC71EF 
  74      EB38
  75 007f AE9CE3B8 		.ascii	"\256\234\343\270 <<\264\337\200 \220\021\216=! \343"
  75      203C3CB4 
  75      DF802090 
  75      118E3D21 
  75      20E3
  76 0091 200F4126 		.ascii	" \017A&A\2469\006\320\201\030\020\303\032\0217\343\031"
  76      41A63906 
  76      D0811810 
  76      C31A1137 
  76      E319
  77 00a3 416CDC7B 		.ascii	"Al\334{ &\370\036\203V@\214s\030\004\243\231\334\006"
  77      2026F81E 
  77      8356408C 
  77      731804A3 
  77      99DC06
  78 00b6 898F904D 		.ascii	"\211\217\220MK~\036rss\177\211\321\017\271\265;\361"
  78      4B7E1E72 
  78      73737F89 
  78      D10FB9B5 
  78      3BF1
  79 00c8 168CC205 		.ascii	"\026\214\302\005\244\003u\244e\307\365g@}V@\221\240"
  79      A40375A4 
  79      65C7F567 
  79      407D5640 
  79      91A0
  80 00da 16574EFF 		.ascii	"\026WN\377\231\031\377\311\203z\364\324\335x\246.\004"
  80      9919FFC9 
  80      837AF4D4 
  80      DD78A62E 
  80      04
  81 00eb ED78F788 		.ascii	"\355x\367\210?\224a\373\020\031+\026\027\230\231y\234"
  81      3F9461FB 
  81      10192B16 
  81      17989979 
  81      9C
  82 00fc E817DB77 		.ascii	"\350\027\333w\015\011\230G\304\315P\356\215\276Pf[\000"
  82      0D099847 
  82      C4CD50EE 
  82      8DBE5066 
  82      5B00
  83 010e EAA5E1E6 		.ascii	"\352\245\341\346]\222:\037\324\256M\371\273\015\330"
  83      5D923A1F 
  83      D4AE4DF9 
  83      BB0DD8
  84 011d 4491DD8D 		.ascii	"D\221\335\215\225\373I@\213\005D\3228\017\272j\356\034"
  84      95FB4940 
  84      8B0544D2 
  84      380FBA6A 
  84      EE1C
  85 012f 9B08635D 		.ascii	"\233\010c]\004\321;Q\261\"\246Jd\217\361O\312\\.\225"
ARM GAS  C:\Users\User\AppData\Local\Temp\ccIAOj9q.s 			page 6


  85      04D13B51 
  85      B122A64A 
  85      648FF14F 
  85      CA5C2E95 
  86 0143 8C9687E0 		.ascii	"\214\226\207\340?\022\020_\332t\365\254\016E\013\377"
  86      3F12105F 
  86      DA74F5AC 
  86      0E450BFF 
  87 0153 2620FFD5 		.ascii	"& \377\325\373\213\267\025\210\"\217\216 \001\035B\030"
  87      FB8BB715 
  87      88228F8E 
  87      20011D42 
  87      18
  88 0164 1D443124 		.ascii	"\035D1$'\213\005x\027\212\342\307\342\326\034\321\264"
  88      278B0578 
  88      178AE2C7 
  88      E2D61CD1 
  88      B4
  89 0175 8A431568 		.ascii	"\212C\025h!\332\207\026r\3500\212&\376\010\016\035\200"
  89      21DA8716 
  89      72E8308A 
  89      26FE080E 
  89      1D80
  90 0187 CE6FA113 		.ascii	"\316o\241\023\\T\226o\373\312\200+\020\365Q\177\372"
  90      5C54966F 
  90      FBCA802B 
  90      10F5517F 
  90      FA
  91 0198 5A870E09 		.ascii	"Z\207\016\011\321s\022\034\233\203\200\005\323V\275"
  91      D173121C 
  91      9B838005 
  91      D356BD
  92 01a7 A83E8F04 		.ascii	"\250>\217\004s\024\202\371N\011\006bc\363\350?\336\265"
  92      731482F9 
  92      4E090662 
  92      63F3E83F 
  92      DEB5
  93 01b9 91C7FB59 		.ascii	"\221\307\373Y\346v\234\270\337\244g\2512\202zo\373\205"
  93      E6769CB8 
  93      DFA467A9 
  93      32827A6F 
  93      FB85
  94 01cb 161ED730 		.ascii	"\026\036\3270\333`GN\251\001\037f\312\326\251N\321\200"
  94      DB60474E 
  94      A9011F66 
  94      CAD6A94E 
  94      D180
  95 01dd 4F31A5F8 		.ascii	"O1\245\370\336\370^\035>\317\224\316\234\261\3660\334"
  95      DEF85E1D 
  95      3ECF94CE 
  95      9CB1F630 
  95      DC
  96 01ee 4415537E 		.ascii	"D\025S~\315\321Cf\024E\236\210\250\250\350\257H\354"
  96      CDD14366 
  96      14459E88 
  96      A8A8E8AF 
  96      48EC
ARM GAS  C:\Users\User\AppData\Local\Temp\ccIAOj9q.s 			page 7


  97 0200 FE60E7F3 		.ascii	"\376`\347\363\215\243\003\242\370\251\231\006\345\207"
  97      8DA303A2 
  97      F8A99906 
  97      E587
  98 020e A0EA5184 		.ascii	"\240\352Q\2042\231jxq(\016^\034\033\360\360\325R\321"
  98      32996A78 
  98      71280E5E 
  98      1C1BF0F0 
  98      D552D1
  99 0221 9F8B29FA 		.ascii	"\237\213)\372\214\026\035\253\001\337\372\253\002>\251"
  99      8C161DAB 
  99      01DFFAAB 
  99      023EA9
 100 0230 059FA0D4 		.ascii	"\005\237\240\324\025H\305\255\202\037\327\302k\264\221"
 100      1548C5AD 
 100      821FD7C2 
 100      6BB491
 101 023f FCA8429F 		.ascii	"\374\250B\237\232\233\234\242\267\221\334o\025\305e"
 101      9A9B9CA2 
 101      B791DC6F 
 101      15C565
 102 024e 3A0EED07 		.ascii	":\016\355\007\373\327\324D\320\220~t\021V\353,\212B"
 102      FBD7D444 
 102      D0907E74 
 102      1156EB2C 
 102      8A42
 103 0260 0D201740 		.ascii	"\015 \027@\316\201\234\007i\004\251CQ\264\302\230\277"
 103      CE819C07 
 103      6904A943 
 103      51B4C298 
 103      BF
 104 0271 2695BFD3 		.ascii	"&\225\277\323s\316\\=\227\246U\012\272v\356\27108+\215"
 104      73CE5C3D 
 104      97A6550A 
 104      BA76EEB9 
 104      30382B8D 
 105 0285 A1D3E11B 		.ascii	"\241\323\341\033E\021\021\030'\225\205T\333g\246s\003"
 105      45111118 
 105      27958554 
 105      DB67A673 
 105      03
 106 0296 067C08D3 		.ascii	"\006|\010\323\302+/j>bD\021\321s\315\0115\303T~\317"
 106      C22B2F6A 
 106      3E624411 
 106      D173CD09 
 106      35C3547E 
 107 02ab B498E7C1 		.ascii	"\264\230\347\301F\003l&\364=\014lRJ\222\304A\335\313"
 107      46036C26 
 107      F43D0C6C 
 107      524A92C4 
 107      41DDCB
 108 02be 7B3D5CDA 		.ascii	"{=\\\332\353\005-\017\366\361\270\201\206\203jO\346"
 108      EB052D0F 
 108      F6F1B881 
 108      86836A4F 
 108      E6
 109 02cf DE7D8619 		.ascii	"\336}\206\031\375\304\2709\257dS\010ne\306_*\016\354"
ARM GAS  C:\Users\User\AppData\Local\Temp\ccIAOj9q.s 			page 8


 109      FDC4B839 
 109      AF645308 
 109      6E65C65F 
 109      2A0EEC
 110 02e2 36326305 		.ascii	"62c\0051\336\234\252\277\255\307W\230\261\252\245\241"
 110      31DE9CAA 
 110      BFADC757 
 110      98B1AAA5 
 110      A1
 111 02f3 4B3A7D0A 		.ascii	"K:}\012\211\361\362X\240@\300]\314\030\274\331Yfb\306"
 111      89F1F258 
 111      A040C05D 
 111      CC18BCD9 
 111      596662C6 
 112 0307 61A2171D 		.ascii	"a\242\027\035\336^6\017_g\306\313\203{s\245\303&@\364"
 112      DE5E360F 
 112      5F67C6CB 
 112      837B73A5 
 112      C32640F4 
 113 031b 2D2507BF 		.ascii	"-%\007\277\025\360-f\254\030\334\271E2\276\014\352\341"
 113      15F02D66 
 113      AC18DCB9 
 113      4532BE0C 
 113      EAE1
 114 032d 96A33D7A 		.ascii	"\226\243=z<\302l]\243\355\005\241x\234)5\223\237\355"
 114      3CC26C5D 
 114      A3ED05A1 
 114      789C2935 
 114      939FED
 115 0340 33E02053 		.ascii	"3\340 S\002;w\311;\355\0209\355\212k\202Fv\274\355\211"
 115      023B77C9 
 115      3BED1039 
 115      ED8A6B82 
 115      4676BCED 
 116 0355 201E4ABB 		.ascii	" \036J\273k\005\234\257#\330\260\251\336\373gBQD\324"
 116      6B059CAF 
 116      23D8B0A9 
 116      DEFB6742 
 116      5144D4
 117 0368 E3273A4A 		.ascii	"\343':J\275\030=\260\030\335tu\373\244\225\270\015+"
 117      BD183DB0 
 117      18DD7475 
 117      FBA495B8 
 117      0D2B
 118 037a D10F591F 		.ascii	"\321\017Y\037\004\371\031\344\006\310\000\310M\220["
 118      04F919E4 
 118      06C800C8 
 118      4D905B
 119 0389 207740FE 		.ascii	" w@\376\013\362\023\310u\245\340\310\312\264\206o\027"
 119      0BF213C8 
 119      75A5E0C8 
 119      CAB4866F 
 119      17
 120 039a C5C617E9 		.ascii	"\305\306\027\351\332|\003kC(\037\257v\325\314\355\003"
 120      DA7C036B 
 120      43281FAF 
 120      76D5CCED 
ARM GAS  C:\Users\User\AppData\Local\Temp\ccIAOj9q.s 			page 9


 120      03
 121 03ab F8B36F6C 		.ascii	"\370\263ol\244%G\340]Z\370\214\255I\300k\024p\257\026"
 121      A42547E0 
 121      5D5AF88C 
 121      AD49C06B 
 121      1470AF16 
 122 03bf 5C89B4E8 		.ascii	"\\\211\264\350d\005\335\256E_\321\242\373\337T\320\035"
 122      6405DDAE 
 122      455FD1A2 
 122      FBDF54D0 
 122      1D
 123 03d0 5AF4D559 		.ascii	"Z\364\325Yq\367\253\342\276\246\205W\317\236\346j\005"
 123      71F7ABE2 
 123      BEA68557 
 123      CF9EE66A 
 123      05
 124 03e1 DEAA85B7 		.ascii	"\336\252\205\267\314\212\\\025\313\217Zt\347\254\310"
 124      CC8A5C15 
 124      CB8F5A74 
 124      E7ACC8
 125 03f0 55F3FC8F 		.ascii	"U\363\374\217\026}yv(o)\360KZ\370\017\012\271\264\307"
 125      167D7976 
 125      286F29F0 
 125      4B5AF80F 
 125      0AB9B4C7 
 126 0404 2FB23DDE 		.ascii	"/\262=\3367s\217K\213\335\242Z\354\200\226\253M\345"
 126      37738F4B 
 126      8BDDA25A 
 126      EC8096AB 
 126      4DE5
 127 0416 1A2AB26E 		.ascii	"\032*\262n\342N\336<\\L+\222\237\352\032\370\213\346"
 127      E24EDE3C 
 127      5C4C2B92 
 127      9FEA1AF8 
 127      8BE6
 128 0428 4890AB10 		.ascii	"H\220\253\020\335\203\342{\222Bd\201\267\267\321#b\010"
 128      DD83E27B 
 128      92426481 
 128      B7B7D123 
 128      6208
 129 043a 88EE2A47 		.ascii	"\210\356*GD\237|D\354\352\363_\327GH\376\013\177\313"
 129      449F7C44 
 129      ECEAF35F 
 129      D74748FE 
 129      0B7FCB
 130 044d 3FF7BB9D 		.ascii	"?\367\273\235\223\277\266\007'>\307\346\242\307\177"
 130      93BFB607 
 130      273EC7E6 
 130      A2C77F
 131 045c B3685875 		.ascii	"\263hXu\214rh\004\231\351E\012Z\000\037)>\177\212\357"
 131      8C726804 
 131      99E9450A 
 131      5A001F29 
 131      3E7F8AEF 
 132 0470 81D2871B 		.ascii	"\201\322\207\033\030\232O)\020boD\205\252A\371A\210"
 132      189A4F29 
 132      10626F44 
ARM GAS  C:\Users\User\AppData\Local\Temp\ccIAOj9q.s 			page 10


 132      85AA41F9 
 132      4188
 133 0482 F6432FCF 		.ascii	"\366C/\317IW0\271\013\311#$\235\227T^\242\244?i0R12"
 133      495730B9 
 133      0BC92324 
 133      9D97545E 
 133      A2A43F69 
 134 049a 33F3243F 		.ascii	"3\363$?\354\006\306>\3500y4\342\025\007\010\251\007"
 134      EC06C63E 
 134      E8307934 
 134      E2150708 
 134      A907
 135 04ac A80859D8 		.ascii	"\250\010Y\330\222\375q|\23429$\247j\244\264yP\350\205"
 135      92FD717C 
 135      9C323924 
 135      A76AA4B4 
 135      7950E885 
 136 04c0 B443CF9E 		.ascii	"\264C\317\236e\210\366\015\037\024\373\005\374%\255"
 136      6588F60D 
 136      1F14FB05 
 136      FC25AD
 137 04cf 13742138 		.ascii	"\023t!8\346\237\307N9^u\023{\226\335\304\3067^\251\023"
 137      E69FC74E 
 137      395E7513 
 137      7B96DDC4 
 137      C6375EA9 
 138 04e4 167C41AF 		.ascii	"\026|A\257V9\342|\036\275\367\007\364+$\372\001M\364"
 138      5639E27C 
 138      1EBDF707 
 138      F42B24FA 
 138      014DF4
 139 04f7 185A00EF 		.ascii	"\030Z\000\3574\235T~\201\342\023\302\242=\342\236>\270"
 139      349D547E 
 139      81E213C2 
 139      A23DE29E 
 139      3EB8
 140 0509 406CC6E3 		.ascii	"@l\306\343U\371b\000\206-\2438t_)\021\370\204\367/p"
 140      55F96200 
 140      862DA338 
 140      745F2911 
 140      F884F72F 
 141 051e C0A05128 		.ascii	"\300\240Q(\012\016\256\207\213\310\177\310\201\241^"
 141      0A0EAE87 
 141      8BC87FC8 
 141      81A15E
 142 052d 3DBEC9C2 		.ascii	"=\276\311\302\332v \320\217\201\254\017\012\255a7\256"
 142      DA7620D0 
 142      8F81AC0F 
 142      0AAD6137 
 142      AE
 143 053e CEA9FF44 		.ascii	"\316\251\377D\334\213\030\325\204B5A\250\310\307CJ\321"
 143      DC8B18D5 
 143      84423541 
 143      A8C8C743 
 143      4AD1
 144 0550 3CD8FD11 		.ascii	"<\330\375\021\256\323S\206\352\317\333\356\205H\014"
 144      AED35386 
ARM GAS  C:\Users\User\AppData\Local\Temp\ccIAOj9q.s 			page 11


 144      EACFDBEE 
 144      85480C
 145 055f D78EE1DB 		.ascii	"\327\216\341\333\023\003b\241\300\010\036)\004\217d"
 145      130362A1 
 145      C0081E29 
 145      048F64
 146 056e 82494AD0 		.ascii	"\202IJ\320\326T6\031\206\253\015\224\341\213\223u\337"
 146      D6543619 
 146      86AB0D94 
 146      E18B9375 
 146      DF
 147 057f 9B2486DB 		.ascii	"\233$\206\333\255\270\2622\337\237\302\010\246\024\202"
 147      ADB8B232 
 147      DF9FC208 
 147      A61482
 148 058e 2999609A 		.ascii	")\231`\232\022\214\037\373\254A\300E!\354\226\033\330"
 148      128C1FFB 
 148      AC41C045 
 148      21EC961B 
 148      D8
 149 059f DF619608 		.ascii	"\337a\226\010.\337\302g\024\202\240B\020\224\011D\236"
 149      2EDFC267 
 149      1482A042 
 149      10940944 
 149      9E
 150 05b0 107C5D55 		.ascii	"\020|]Uz\303\204\007\030A\351\225\261;\006\035\317j"
 150      7AC38407 
 150      1841E995 
 150      B13B061D 
 150      CF6A
 151 05c2 99241AFA 		.ascii	"\231$\032\372\316]\352(\321\375\346\222\344\360dI>\346"
 151      CE5DEA28 
 151      D1FDE692 
 151      E4F06449 
 151      3EE6
 152 05d4 A535296F 		.ascii	"\2455)o\233\372\316(E\360\250\363\371O\312h\004\000"
 152      9BFACE28 
 152      45F0A8F3 
 152      F94FCA68 
 152      0400
 153 05e6 4270A394 		.ascii	"Bp\243\224#\200O\026A.\215\240twI-\306\243,\202OwL\266"
 153      23804F16 
 153      412E8DA0 
 153      7477492D 
 153      C6A32C82 
 154 05fe F2324110 		.ascii	"\3622A\020O\007\225,\346)\014y2C>eh<W\375k(\3565R\206"
 154      4F07952C 
 154      E6290C79 
 154      32433E65 
 154      683C57FD 
 155 0618 9EFAC652 		.ascii	"\236\372\306R\335se\342\260H\356\225/o\316i\025\305"
 155      DD7365E2 
 155      B048EE95 
 155      2F6FCE69 
 155      15C5
 156 062a BD3CDDB2 		.ascii	"\275<\335\262\005\214A\365\367X@\210P!\377\034\271\327"
 156      058C41F5 
ARM GAS  C:\Users\User\AppData\Local\Temp\ccIAOj9q.s 			page 12


 156      F7584088 
 156      5021FF1C 
 156      B9D7
 157 063c 8F5FED31 		.ascii	"\217_\3551\253w9q\252\354\362M\274Yv\017\237\364T\370"
 157      AB773971 
 157      AAECF24D 
 157      BC59760F 
 157      9FF454F8 
 158 0650 57BB4E8D 		.ascii	"W\273N\215'\323T\360E<;\025HkHyc\271\325g\325Y\327z"
 158      27D354F0 
 158      453C3B15 
 158      486B4879 
 158      63B9D567 
 159 0668 328D2B57 		.ascii	"2\215+W\277\033\231\030\027\307\011\026K\266\303\351"
 159      BF1B9918 
 159      17C70916 
 159      4BB6C3E9 
 160 0678 5B126FF1 		.ascii	"[\022o\361\345\242\364WR\3233\034i\016\366\366\372\262"
 160      E5A2F457 
 160      52D3331C 
 160      690EF6F6 
 160      FAB2
 161 068a 6D0E575C 		.ascii	"m\016W\\\302\007K,\353\035N\233k\275W\335\237\352s\271"
 161      C2074B2C 
 161      EB1D4E9B 
 161      6BBD57DD 
 161      9FEA73B9 
 162 069e 32BDA9EB 		.ascii	"2\275\251\353\234\331\221\364+\322\352\311\212\264g"
 162      9CD991F4 
 162      2BD2EAC9 
 162      8AB467
 163 06ad A5D96D36 		.ascii	"\245\331m6\273-ui\314\222\310\370\027\343\022\336\217"
 163      BB2D7569 
 163      CC92C8F8 
 163      17E312DE 
 163      8F
 164 06be 4B85FE17 		.ascii	"K\205\376\027\234.\247\375\005\273\025\230\035\316\364"
 164      9C2EA7FD 
 164      05BB1598 
 164      1DCEF4
 165 06cd CC6C9B3D 		.ascii	"\314l\233=5\313\012\\N{\252\305f_k\315\316\364Y|\033"
 165      35CB0A5C 
 165      4E7BAAC5 
 165      665F6BCD 
 165      CEF4597C 
 166 06e2 DC766F4C 		.ascii	"\334voL\006g\224\303\331\360\177\214\306\273\301\233"
 166      066794C3 
 166      D9F07F8C 
 166      C6BBC19B 
 167 06f2 6AF1FA6C 		.ascii	"j\361\372l\340\032B\300.\233G\357\316v\333<!.\257\333"
 167      E01A42C0 
 167      2E9B47EF 
 167      CE76DB3C 
 167      212EAFDB 
 168 0706 6EB7790C 		.ascii	"n\267y\014.\022\236G\237\345\262\331=$\201\031\266D"
 168      2E129E47 
 168      9FE5B2D9 
ARM GAS  C:\Users\User\AppData\Local\Temp\ccIAOj9q.s 			page 13


 168      3D248119 
 168      B644
 169 0718 39BA44F2 		.ascii	"9\272D\362~{vt\252~\206ty\343\022\226\306\272\274\261"
 169      7E7B7674 
 169      AA7E8674 
 169      79E31296 
 169      C6BABCB1 
 170 072c 19D6CC58 		.ascii	"\031\326\314X\267\313\343\363\306\276\375\316[K\342"
 170      B7CBE3F3 
 170      C6BEFDCE 
 170      5B4BE2
 171 073b 63939397 		.ascii	"c\223\223\227\307\256LIZ\363A<1Y\334 \231\2316\010$"
 171      C7AE4C49 
 171      5AF3413C 
 171      3159DC20 
 171      99993608 
 172 0750 DCEBCB82 		.ascii	"\334\353\313\202T\254s;\\\026\257\335\227\355\266\370"
 172      54AC733B 
 172      5C16AFDD 
 172      97EDB6F8 
 173 0760 0C294964 		.ascii	"\014)Id\021\015)\253X\263\2225+X\363:k\226\263&\221"
 173      110D29AB 
 173      58B39235 
 173      2B58F33A 
 173      6B96B326 
 174 0775 357F63CD 		.ascii	"5\177c\315k\254y\2234\246\224\327\222\023]\316\265\216"
 174      6BAC7993 
 174      34A694D7 
 174      92135DCE 
 174      B58E
 175 0787 7521E031 		.ascii	"u!\3401\311\351\360%=\341|\274\236t\322\306\244s\006"
 175      C9E9F025 
 175      3DE17CBC 
 175      9E74D2C6 
 175      A47306
 176 079a AF8F10A6 		.ascii	"\257\217\020\246<!\241\26444#^\262*\2464\227\325c#\324"
 176      3C21A1B4 
 176      3434235E 
 176      B22AA634 
 176      97D56323 
 177 07af 694F484D 		.ascii	"iOHM\211H\362-\253\337ML~}M\334K/YV$,M\370G\0223\201"
 177      8948F22D 
 177      ABDF4D4C 
 177      7E7D4DDC 
 177      4B2F5956 
 178 07cb 3383977A 		.ascii	"3\203\227zz"
 178      7A
 179 07d0 E7694EC2 		.ascii	"\347iN\302\356q@\2022\270\020\367\372,B\376\367\247"
 179      EE714082 
 179      32B810F7 
 179      FA2C42FE 
 179      F7A7
 180 07e2 480E94C0 		.ascii	"H\016\224\300\034&\327\216\305\001\374\346\014\225b"
 180      1C26D78E 
 180      C501FCE6 
 180      0C9562
 181 07f1 798AF54A 		.ascii	"y\212\365J\337+\022>\37406C)U\342Y\336\313\351\264\264"
ARM GAS  C:\Users\User\AppData\Local\Temp\ccIAOj9q.s 			page 14


 181      DF2B123E 
 181      FC303643 
 181      2955E259 
 181      DECBE9B4 
 182 0806 FE071915 		.ascii	"\376\007\031\025@\337"
 182      40DF
 183              		.text
 184              		.section	.gnu.lto_.symtab.a45aa534,"",%progbits
 185 0000 68616C49 		.ascii	"halInit\000"
 185      6E697400 
 186 0008 00       		.ascii	"\000"
 187 0009 00       		.ascii	"\000"
 188 000a 00       		.ascii	"\000"
 189 000b 00000000 		.ascii	"\000\000\000\000\000\000\000\000"
 189      00000000 
 190 0013 F8000000 		.ascii	"\370\000\000\000"
 191 0017 70616C5F 		.ascii	"pal_default_config\000"
 191      64656661 
 191      756C745F 
 191      636F6E66 
 191      696700
 192 002a 00       		.ascii	"\000"
 193 002b 02       		.ascii	"\002"
 194 002c 00       		.ascii	"\000"
 195 002d 00000000 		.ascii	"\000\000\000\000\000\000\000\000"
 195      00000000 
 196 0035 08010000 		.ascii	"\010\001\000\000"
 197 0039 7374496E 		.ascii	"stInit\000"
 197      697400
 198 0040 00       		.ascii	"\000"
 199 0041 02       		.ascii	"\002"
 200 0042 00       		.ascii	"\000"
 201 0043 00000000 		.ascii	"\000\000\000\000\000\000\000\000"
 201      00000000 
 202 004b FA000000 		.ascii	"\372\000\000\000"
 203 004f 626F6172 		.ascii	"boardInit\000"
 203      64496E69 
 203      7400
 204 0059 00       		.ascii	"\000"
 205 005a 02       		.ascii	"\002"
 206 005b 00       		.ascii	"\000"
 207 005c 00000000 		.ascii	"\000\000\000\000\000\000\000\000"
 207      00000000 
 208 0064 FC000000 		.ascii	"\374\000\000\000"
 209 0068 7364496E 		.ascii	"sdInit\000"
 209      697400
 210 006f 00       		.ascii	"\000"
 211 0070 02       		.ascii	"\002"
 212 0071 00       		.ascii	"\000"
 213 0072 00000000 		.ascii	"\000\000\000\000\000\000\000\000"
 213      00000000 
 214 007a FE000000 		.ascii	"\376\000\000\000"
 215 007e 70776D49 		.ascii	"pwmInit\000"
 215      6E697400 
 216 0086 00       		.ascii	"\000"
 217 0087 02       		.ascii	"\002"
 218 0088 00       		.ascii	"\000"
ARM GAS  C:\Users\User\AppData\Local\Temp\ccIAOj9q.s 			page 15


 219 0089 00000000 		.ascii	"\000\000\000\000\000\000\000\000"
 219      00000000 
 220 0091 00010000 		.ascii	"\000\001\000\000"
 221 0095 5F70616C 		.ascii	"_pal_lld_init\000"
 221      5F6C6C64 
 221      5F696E69 
 221      7400
 222 00a3 00       		.ascii	"\000"
 223 00a4 02       		.ascii	"\002"
 224 00a5 00       		.ascii	"\000"
 225 00a6 00000000 		.ascii	"\000\000\000\000\000\000\000\000"
 225      00000000 
 226 00ae 04010000 		.ascii	"\004\001\000\000"
 227 00b2 68616C5F 		.ascii	"hal_lld_init\000"
 227      6C6C645F 
 227      696E6974 
 227      00
 228 00bf 00       		.ascii	"\000"
 229 00c0 02       		.ascii	"\002"
 230 00c1 00       		.ascii	"\000"
 231 00c2 00000000 		.ascii	"\000\000\000\000\000\000\000\000"
 231      00000000 
 232 00ca 06010000 		.ascii	"\006\001\000\000"
 233              		.text
 234              		.section	.gnu.lto_.opts,"",%progbits
 235 0000 272D666D 		.ascii	"'-fmath-errno' '-fsigned-zeros' '-ftrapping-math' '"
 235      6174682D 
 235      6572726E 
 235      6F272027 
 235      2D667369 
 236 0033 2D666E6F 		.ascii	"-fno-trapv' '-fno-openmp' '-fno-openacc' '-mcpu=cor"
 236      2D747261 
 236      70762720 
 236      272D666E 
 236      6F2D6F70 
 237 0066 7465782D 		.ascii	"tex-m7' '-mno-thumb-interwork' '-mthumb' '-ggdb' '-"
 237      6D372720 
 237      272D6D6E 
 237      6F2D7468 
 237      756D622D 
 238 0099 4F322720 		.ascii	"O2' '-fomit-frame-pointer' '-falign-functions=16' '"
 238      272D666F 
 238      6D69742D 
 238      6672616D 
 238      652D706F 
 239 00cc 2D666675 		.ascii	"-ffunction-sections' '-fdata-sections' '-fno-common"
 239      6E637469 
 239      6F6E2D73 
 239      65637469 
 239      6F6E7327 
 240 00ff 2720272D 		.ascii	"' '-flto'\000"
 240      666C746F 
 240      2700
 241              		.text
 242              		.comm	__gnu_lto_v1,1,1
 243              		.comm	__gnu_lto_slim,1,1
 244              		.ident	"GCC: (GNU Tools for ARM Embedded Processors 6-2017-q1-update) 6.3.1 20170215 (release) [AR
ARM GAS  C:\Users\User\AppData\Local\Temp\ccIAOj9q.s 			page 16


ARM GAS  C:\Users\User\AppData\Local\Temp\ccIAOj9q.s 			page 17


DEFINED SYMBOLS
                            *ABS*:00000000 hal.c
                            *COM*:00000001 __gnu_lto_v1
                            *COM*:00000001 __gnu_lto_slim

NO UNDEFINED SYMBOLS
