ARM GAS  C:\Users\User\AppData\Local\Temp\ccqS5eW1.s 			page 1


   1              		.cpu cortex-m7
   2              		.eabi_attribute 20, 1
   3              		.eabi_attribute 21, 1
   4              		.eabi_attribute 23, 3
   5              		.eabi_attribute 24, 1
   6              		.eabi_attribute 25, 1
   7              		.eabi_attribute 26, 1
   8              		.eabi_attribute 30, 2
   9              		.eabi_attribute 34, 1
  10              		.eabi_attribute 18, 4
  11              		.file	"hal_pal.c"
  12              		.text
  13              	.Ltext0:
  14              		.section	.gnu.lto_.profile.a45ae5fd,"",%progbits
  15 0000 789C6365 		.ascii	"x\234ce`b`a```d\320\220\001\000\000\354\000Q"
  15      60626061 
  15      60606064 
  15      D0900100 
  15      00EC0051 
  16              		.text
  17              		.section	.gnu.lto_.icf.a45ae5fd,"",%progbits
  18 0000 789C6365 		.ascii	"x\234ce`b\020a@\000f\206\343\227n\235fc\334\276\377"
  18      60621061 
  18      40006686 
  18      E3976E9D 
  18      6663DCBE 
  19 0015 D00F76A6 		.ascii	"\320\017v\246u;\036\256\342e\000\000hQ\011\233"
  19      753B1EAE 
  19      E2650000 
  19      6851099B 
  20              		.text
  21              		.section	.gnu.lto_.jmpfuncs.a45ae5fd,"",%progbits
  22 0000 789C6365 		.ascii	"x\234ce`bPb@\000f\006FF\306zF&FF\346\372z&0\305\310"
  22      60625062 
  22      40006606 
  22      4646C67A 
  22      46264646 
  23 001b 069162AA 		.ascii	"\006\221b\252d\004Q\0009\324\002\300"
  23      64045100 
  23      39D402C0 
  24              		.text
  25              		.section	.gnu.lto_.inline.a45ae5fd,"",%progbits
  26 0000 789C6365 		.ascii	"x\234ce`b\370\316\200\000\314\014\014\234\034\214\314"
  26      6062F8CE 
  26      8000CC0C 
  26      0C9C1C8C 
  26      CC
  27 0011 0C0A8C20 		.ascii	"\014\012\214 &\210t\000\223\012\034l\037\364\030\330"
  27      26887400 
  27      930A1C6C 
  27      1FF418D8 
  28 0021 16C83331 		.ascii	"\026\310310\276`g\201\220 \202\003\314\344\000\021\002"
  28      30BE6067 
  28      81902082 
  28      03CCE400 
  28      1102
  29 0033 60A600C8 		.ascii	"`\246\000\310\030F\006>^F\026\210)\214@\022b\224\002"
ARM GAS  C:\Users\User\AppData\Local\Temp\ccqS5eW1.s 			page 2


  29      1846063E 
  29      5E461688 
  29      298C4012 
  29      629402
  30 0046 C4406EA6 		.ascii	"\304@n\246\013\374\030F\001\305P\014aY /\001b)010\357"
  30      0BFC1846 
  30      01C5500C 
  30      6159202F 
  30      01622930 
  31 005d 10576000 		.ascii	"\020W`\000Zo\0012\231\211\201[\030\305}PC9\201r\304"
  31      5A6F0132 
  31      9989815B 
  31      18C57D50 
  31      43398172 
  32 0072 390F6893 		.ascii	"9\017h\223\004\310$\026^\240w'\370\201 \003\000\006"
  32      04C82416 
  32      5EA07727 
  32      F8812003 
  32      0006
  33 0084 0820CB   		.ascii	"\010 \313"
  34              		.text
  35              		.section	.gnu.lto_.pureconst.a45ae5fd,"",%progbits
  36 0000 789C6365 		.ascii	"x\234ce`b`g```f\220b\224b\222\004\000\001\307\000b"
  36      60626067 
  36      60606066 
  36      90629462 
  36      92040001 
  37              		.text
  38              		.section	.gnu.lto_palReadBus.a45ae5fd,"",%progbits
  39 0000 789C9591 		.ascii	"x\234\225\221\277O\024Q\020\307\347\373fowO\321\177"
  39      BF4F1451 
  39      10C7E7FB 
  39      666F774F 
  39      D17F
  40 0012 408A2B4C 		.ascii	"@\212+L\010\215\033b\"\211-\211\235\211\011-\011\201"
  40      088D1B62 
  40      22892D89 
  40      9D89092D 
  40      0981
  41 0024 A3E012E2 		.ascii	"\243\340\022\342\031W\244\344\335\012\250\020\301\020"
  41      1957A4E4 
  41      DD0AA810 
  41      C110
  42 0032 F5FC756E 		.ascii	"\365\374un\241\004Q\371\351\217\202\352\002&&&\376\200"
  42      A10451F9 
  42      E98F82EA 
  42      02262626 
  42      FE80
  43 0044 C6CA48D0 		.ascii	"\306\312H\320\346\022-\274\306\306\2403\273\220\\AC"
  43      E6122DBC 
  43      C6C6A033 
  43      BB905C41 
  43      43
  44 0055 B1F366E6 		.ascii	"\261\363f\346\315|f\276\3732d(4D\235DtL>0\301\334\374"
  44      CD7C66BE 
  44      FB326428 
  44      34449D44 
ARM GAS  C:\Users\User\AppData\Local\Temp\ccqS5eW1.s 			page 3


  44      744C3E30 
  45 006c 4854F20D 		.ascii	"HT\362\015\240\216\365A\303\006\303\230\3422ccd\351"
  45      A08EF541 
  45      C306C398 
  45      E2326363 
  45      64E9
  46 007e 214F722C 		.ascii	"!Or,e\216\204\277?\334\377~TC '\341\003\273y\335k\235"
  46      658E84BF 
  46      3FDCFF7E 
  46      54432027 
  46      E103BB79 
  47 0095 B536B2D5 		.ascii	"\2656\262\325\362\264\373h\345\263\315\306l\350\236"
  47      F2B4FB68 
  47      E5B3CDC6 
  47      6CE89E
  48 00a4 943F4533 		.ascii	"\224?E3f\321\2543\346\320*\305\243\033\3451\346s \361"
  48      66D1AC33 
  48      E6D02AC5 
  48      A31BE531 
  48      E67320F1 
  49 00b8 BF7EDB9A 		.ascii	"\277~\333\232\363[f\222\306\267\267\330\036\217\231"
  49      F35B6692 
  49      C6B7B7D8 
  49      1E8F99
  50 00c7 F10CDCD8 		.ascii	"\361\014\334\330()\302s\264h\375\366\362\316\355#\256"
  50      2829C273 
  50      B468FDF6 
  50      F2CEED23 
  50      AE
  51 00d8 F39849D9 		.ascii	"\363\230I\331\202|\001\027r.n\242jw\376]\265\325\237"
  51      827C0117 
  51      722E6EA2 
  51      6A77FE5D 
  51      B5D59F
  52 00eb 4F503993 		.ascii	"OP9\223\025\015\322\301\322\3538b2\0311\256\253\236"
  52      150DD2C1 
  52      D2EB3862 
  52      321931AE 
  52      AB9E
  53 00fd A7C627DD 		.ascii	"\247\306'\335\216\306\005\241R'$\220\223k\210Vk7\326"
  53      8EC605A1 
  53      52272490 
  53      936B8856 
  53      6B37D6
  54 0110 5DA55658 		.ascii	"]\245VXe\337\031]\373\344\251NN\326\375\363\356\375"
  54      65DF195D 
  54      FBE4A94E 
  54      4ED6FDF3 
  54      EEFD
  55 0122 B5A61895 		.ascii	"\265\246\030\225\222\2656\027\263Wa\203y\325&w3?\242"
  55      92B53617 
  55      B3576183 
  55      79D52677 
  55      333FA2
  56 0135 052F98B7 		.ascii	"\005/\230\267\351\225\217\005\304\270\253;\022\026\021"
  56      E9958F05 
  56      C4B8AB3B 
ARM GAS  C:\Users\User\AppData\Local\Temp\ccqS5eW1.s 			page 4


  56      121611
  57 0144 500D6BAB 		.ascii	"P\015k\253\331\024\3544\202\375\375\300Y\231\216\245"
  57      D914EC34 
  57      82FDFDC0 
  57      59998EA5 
  58 0154 5DF0977A 		.ascii	"]\360\227z}\275I\300#%\275:\204\345\004\254\252\261"
  58      7DBD49C0 
  58      2325BD3A 
  58      84E504AC 
  58      AAB1
  59 0166 9280A33D 		.ascii	"\222\200\243=p\346@+\036\306\313\204d\224\364*!]\251"
  59      70E6402B 
  59      1EC6CB84 
  59      6494F42A 
  59      215DA9
  60 0179 8F2145E9 		.ascii	"\217!E\351\232\002l\244{\007\242\033\274N\350\311+\275"
  60      9A026CA4 
  60      7B07A21B 
  60      BC4EE8C9 
  60      2BBD
  61 018b 49E97FF7 		.ascii	"I\351\177\367\350~2\300\243_\210r\273\031\375Q\343\242"
  61      E87E32C0 
  61      A35F8872 
  61      BB19FD51 
  61      E3A2
  62 019d 4ADE4116 		.ascii	"J\336A\026:\333q\272+\337_\350-tu\250\355\2744\330W"
  62      3ADB71BA 
  62      2BDF5FE8 
  62      2D7475A8 
  62      EDBC34D8 
  63 01b2 28B6B55F 		.ascii	"(\266\265_>\331=T8\337W\034\012\033\363ie1lk?\025\024"
  63      3ED93D54 
  63      38DF571C 
  63      0A1BF369 
  63      65316C6B 
  64 01c9 C3A0BF67 		.ascii	"\303\240\277g \010/\346\365\354\276\3203p\"O\334;\030"
  64      20082FE6 
  64      F5ECBED0 
  64      3370224F 
  64      DC3B18
  65 01dc FE078082 		.ascii	"\376\007\200\202\333\243"
  65      DBA3
  66              		.text
  67              		.section	.gnu.lto_palWriteBus.a45ae5fd,"",%progbits
  68 0000 789C9553 		.ascii	"x\234\225SKh\023Q\024}g\336d2\223\217\272\024\354\242"
  68      4B681351 
  68      147D67DE 
  68      6432938F 
  68      BA14ECA2 
  69 0014 0B2174E3 		.ascii	"\013!t\343P\004\013n\013\356\024A\027.\012\245I\027"
  69      50040B6E 
  69      0BEE1441 
  69      172E0AA5 
  69      4917
  70 0026 0D1423A6 		.ascii	"\015\024#\246\265\313Nb\223J\213\037\220&U\032F\224"
  70      B5CB4E62 
  70      934A8B1F 
ARM GAS  C:\Users\User\AppData\Local\Temp\ccqS5eW1.s 			page 5


  70      9026551A 
  70      4694
  71 0038 5AA3F6E7 		.ascii	"Z\243\366\347?]H\210\213\202T\245]\350FQl\025\272\020"
  71      3F5D4888 
  71      8B8254A5 
  71      5DE84651 
  71      6C15BA10 
  72 004c 6A117421 		.ascii	"j\021t!\211\367\276i4\212\233>x\367\275\373;\357\336"
  72      89F7BE69 
  72      348A9B3E 
  72      78F7BDFB 
  72      3BEFDE
  73 005f 73677C42 		.ascii	"sg|B\023G\244\020'\204\020{hC\012h\227^\012\22125\200"
  73      1347A410 
  73      2784107B 
  73      68430A68 
  73      975E0A91 
  74 0076 2F8E0931 		.ascii	"/\216\0111\250a\020\027e^\2422\374\271\244\265L9\264"
  74      A8611017 
  74      655EA232 
  74      FCB9A4B5 
  74      4C39B4
  75 0089 CAF96F46 		.ascii	"\312\371oF\326\311\354v)\375\012m^\230B\013E-\017\315"
  75      D6C9EC76 
  75      29FD0A6D 
  75      5E98420B 
  75      452D0FCD 
  76 009d 4DC80BD2 		.ascii	"M\310\013\322\225\200N\352\327\027WWw\260\252\241\231"
  76      95804EEA 
  76      D7175757 
  76      77B0AAA1 
  76      99
  77 00ae D4CC723E 		.ascii	"\324\314r>+\345Q\010\272\277{\377\241hF&\035'\355\224"
  77      2BE55108 
  77      BABF7BFF 
  77      A1684626 
  77      1D27ED94 
  78 00c2 972E4B67 		.ascii	"\227.Kg\257+%nC\022 \212h\302-4\0112\011\334A\204\302"
  78      AF2B256E 
  78      4312208A 
  78      68C22D34 
  78      093209DC 
  79 00d9 0BD5EB8B 		.ascii	"\013\325\353\213Ay\\\245\226\334\211\242\261\225\372"
  79      41795CA5 
  79      96DC89A2 
  79      B195FA
  80 00e8 764CA5EA 		.ascii	"vL\245\352\270\373o\252.0\215\010\307\177\234\257\216"
  80      B8FB6FAA 
  80      2E308D08 
  80      C77F9CAF 
  80      8E
  81 00f9 850DFD46 		.ascii	"\205\015\375F\275\\\314\300\000\235\263+(;\325\3320"
  81      BD5CCCC0 
  81      009DB32B 
  81      283BD5DA 
  81      30
  82 010a 157013B5 		.ascii	"\025p\023\265C;\251ozLR\256O\007'\373\350j\030,\374"
ARM GAS  C:\Users\User\AppData\Local\Temp\ccqS5eW1.s 			page 6


  82      433BA96F 
  82      7A4C52AE 
  82      4F0727FB 
  82      E86A182C 
  83 011f 2C4C127E 		.ascii	",L\022~\213E\200\325 \213\020\2130\013!F\010\234\211"
  83      8B4580D5 
  83      208B108B 
  83      300B2146 
  83      089C89
  84 0132 1B951A9F 		.ascii	"\033\225\032\237r\035\351\205\365\2471~\256 \231\303"
  84      721DE985 
  84      F5A7317E 
  84      AE2099C3 
  85 0142 5CA6F2CA 		.ascii	"\\\246\362\312\317tH\325\307\367\305\347\347B.\012)"
  85      CF7448D5 
  85      C7F7C5E7 
  85      E7422E0A 
  85      29
  86 0153 E2B4D995 		.ascii	"\342\264\331\225f\201h\232\245\332\3317\271\226\236"
  86      6681689A 
  86      A5DAD937 
  86      B9969E
  87 0162 F1DBD38E 		.ascii	"\361\333\323\216\347\2620\007\027\343\212k\314\303\026"
  87      E7B23007 
  87      17E38A6B 
  87      CCC316
  88 0171 045DCDC2 		.ascii	"\004]\315\302C\366\025\250W~\313\362tc[\320:\356)h&"
  88      43F615A8 
  88      577ECBF2 
  88      74635BD0 
  88      3AEE2968 
  89 0186 04F715F4 		.ascii	"\004\367\025\364\331\237uh\277B7\032\321\315m\241\007"
  89      D99F7568 
  89      BF42371A 
  89      D1CD6DA1 
  89      07
  90 0197 F040A16B 		.ascii	"\360@\241k\214\376\320C\317\325\321-\017mec\251\020"
  90      8CFED043 
  90      CFD5D12D 
  90      0F6D6563 
  90      A910
  91 01a9 6456FCD8 		.ascii	"dV\374\330\205G\004C1\033\365\230\200*\302\372\253\252"
  91      85470443 
  91      311BF598 
  91      802AC2FA 
  91      ABAA
  92 01bb 2035EC55 		.ascii	" 5\354U\365'.\244\314&\333~\324ma\225\036\"[%\247\252"
  92      F5272EA4 
  92      CC26DB7E 
  92      D46D6195 
  92      1E225B25 
  93 01d1 6F1C81F5 		.ascii	"o\034\201\365\277\021\020\204\304\343\255N\336ln>\013"
  93      BF111084 
  93      C4E3AD4E 
  93      DE6C6E3E 
  93      0B
  94 01e2 51274329 		.ascii	"Q'C)v\205\360Du\3023 \347\350\332\247\327\276\337\316"
ARM GAS  C:\Users\User\AppData\Local\Temp\ccqS5eW1.s 			page 7


  94      7685F044 
  94      75C23320 
  94      E7E8DAA7 
  94      D7BEDFCE 
  95 01f6 304AB0C7 		.ascii	"0J\260\307i\014\324\345\002lzZ|A\372Z\355\274\252D\375"
  95      690CD4E5 
  95      026C7A5A 
  95      7C41FA5A 
  95      EDBCAA44 
  96 020b 2023C430 		.ascii	" #\3040}\024D\304\341\366\203\035\261\236x4\336\321"
  96      7D1444C4 
  96      E1F6831D 
  96      B19E7834 
  96      DED1
  97 021d CEF2585F 		.ascii	"\316\362X_\177w<\321\332vf\177\347@\374dwb \331h\367"
  97      7F773CD1 
  97      DA76667F 
  97      E740FC64 
  97      776220D9 
  98 0233 2213C9D6 		.ascii	"\"\023\311\326\266\003v\"i\367t\365\332\311\3231>;O"
  98      B6037622 
  98      69F774F5 
  98      DAC9D331 
  98      3E3B4F
  99 0246 75F5EE8B 		.ascii	"u\365\356\213\011\031\355O\352\321x_\362\027\374|\034"
  99      0919ED4F 
  99      EAD1785F 
  99      F217FC7C 
  99      1C
 100 0257 10       		.ascii	"\020"
 101              		.text
 102              		.section	.gnu.lto_palSetBusMode.a45ae5fd,"",%progbits
 103 0000 789C9592 		.ascii	"x\234\225\222OhSA\020\306\347{\363\222\367b[\317\202"
 103      4F685341 
 103      10C6E77B 
 103      F392F762 
 103      5BCF82
 104 0013 3DE42084 		.ascii	"=\344 \204^|\024\301\202\327\036<\011\202\036z(\224"
 104      5E7C14C1 
 104      82D71E3C 
 104      09821E7A 
 104      2894
 105 0025 36111AA8 		.ascii	"6\021\032\250F|\326\036\263\215&\225\012\255Pj\254\030"
 105      467CD61E 
 105      B38D2695 
 105      0AAD506A 
 105      AC18
 106 0037 9E20A156 		.ascii	"\236 \241V\355?\253B\024!\364\"\370\227\366\252EQ\021"
 106      ED3FAB42 
 106      1421F422 
 106      F897F6AA 
 106      455111
 107 004a 8A162A1E 		.ascii	"\212\026*\036\274huf\243\240\336\272\260\273\263\273"
 107      BC687566 
 107      A3A0DEBA 
 107      B0BBB3BB 
 108 005a F3FD76F6 		.ascii	"\363\375v\366cc\344P\306!\352\"\242\335\322\301\004"
ARM GAS  C:\Users\User\AppData\Local\Temp\ccqS5eW1.s 			page 8


 108      6363E450 
 108      C621EA22 
 108      A2DDD2C1 
 108      04
 109 006b E7E20BA2 		.ascii	"\347\342\013\242a\337\00140>(\357 \217q.3\226G>\326"
 109      61DF0134 
 109      303E28EF 
 109      208F712E 
 109      3396473E 
 110 0080 9CB66923 		.ascii	"\234\266i#\255^^\365J\246\270+b\242)\351\3320\2156\311"
 110      AD5E5EF5 
 110      4AA6B82B 
 110      62A229E9 
 110      DA308D36 
 111 0095 5A39B770 		.ascii	"Z9\267p\225\3078b\300\225\345\227\347W\336\357\324\245"
 111      95C73862 
 111      C095E597 
 111      E757DEEF 
 111      D4A5
 112 00a7 83A42C8B 		.ascii	"\203\244,\213+\345\022\363a\220\304ko\336\316\370\251"
 112      2BE512F3 
 112      6190C46B 
 112      6FDECEF8 
 112      A9
 113 00b8 AA310553 		.ascii	"\2521\005S\177=\301fO\304\214\233`\001b\006\255\270"
 113      7F3DC166 
 113      4FC48C9B 
 113      60016206 
 113      ADB8
 114 00ca 8156922D 		.ascii	"\201V\222-\302-\244$\375\353Ru\242\211\217Z\351\323"
 114      C22DA424 
 114      FDEB5275 
 114      A2898F5A 
 114      E9D3
 115 00dc B1475DBF 		.ascii	"\261G]\277\225\317&\255\322\305\355\377\225.a\026)M"
 115      95CF26AD 
 115      D2C5EDFF 
 115      952E6116 
 115      294D
 116 00ee 7FB7B835 		.ascii	"\177\267\2705\331\022w\257\377\251\026s\210C\346\371"
 116      D91277AF 
 116      FFA91673 
 116      8843E6F9 
 117 00fe 55D4CDD6 		.ascii	"U\324\315\326\317\021S\377^\305\332\301\204<[\356b\321"
 117      CF1153FF 
 117      5EC5DAC1 
 117      843C5BEE 
 117      62D1
 118 0110 C65C19E2 		.ascii	"\306\\\031\3421\031\274\270F\036,\213FE\256\316\\`G"
 118      3119BCB8 
 118      461E2C8B 
 118      4645AECE 
 118      5C6047
 119 0123 675E47E1 		.ascii	"g^G\341\301\372FZ\201\025V\223.\025\227_z\372^\266\205"
 119      C1FA465A 
 119      81155693 
 119      2E15975F 
ARM GAS  C:\Users\User\AppData\Local\Temp\ccqS5eW1.s 			page 9


 119      7AFA5EB6 
 120 0138 7E7BFCE4 		.ascii	"~{\374\344|s\204\312\260\230\226\214\330\257\210\017"
 120      7C7384CA 
 120      B098968C 
 120      D8AF880F 
 121 0148 F3529D9E 		.ascii	"\363R\235\236U?\024\346\274`\3264\216\022X@\204\313"
 121      553F14E6 
 121      BC60D634 
 121      8E125840 
 121      84CB
 122 015a D64C2C22 		.ascii	"\326L,\" E'\032`w[\244\035\270cI\372B,\375K\212m\213"
 122      2045271A 
 122      60775BA4 
 122      1DB86349 
 122      FA422CFD 
 123 0172 D484BB96 		.ascii	"\324\204\273\226\344(\351\236%\235\335,\241\201\322"
 123      E428E99E 
 123      259DDD2C 
 123      A181D2
 124 0181 BA04489F 		.ascii	"\272\004H\237PJ\352\216\312k\265\317\257\274\374\017"
 124      504AEA8E 
 124      CA6BB5CF 
 124      AFBCFC0F 
 125 0191 E347DC3C 		.ascii	"\343G\334<\245\005\340>\362$\316\330t/\342\026\332@"
 125      A505E03E 
 125      F224CED8 
 125      742FE216 
 125      DA40
 126 01a3 E1DAC371 		.ascii	"\341\332\303q\313\260\337fT\322\304I\271\342P\347\201"
 126      CBB0DF66 
 126      54D2C449 
 126      B9E250E7 
 126      81
 127 01b4 EE747FB6 		.ascii	"\356t\177\266/\333\335\251\343\221\323\203\231l\256"
 127      2FDBDDA9 
 127      E391D383 
 127      996CAE
 128 01c3 BDE3CCBE 		.ascii	"\275\343\314\276\236\241\354\211Ln(\374{\277\221\231"
 128      9EA1EC89 
 128      4C6E28FC 
 128      7BBF9199 
 129 01d3 0BDB3BF6 		.ascii	"\013\333;\366\007\2710\350\357\035\010\302Si\235{N\366"
 129      07B930E8 
 129      EF1D08C2 
 129      53699D7B 
 129      4EF6
 130 01e5 0EEC4D13 		.ascii	"\016\354M\023\367\015\206\356\361\\\346\330/\222\247"
 130      F70D86EE 
 130      F15CE6D8 
 130      2F92A7
 131 01f4 D982     		.ascii	"\331\202"
 132              		.text
 133              		.section	.gnu.lto_.symbol_nodes.a45ae5fd,"",%progbits
 134 0000 789C6365 		.ascii	"x\234ce`b\010d\000\002\2469L\365\014\014\023\31610\000"
 134      60620864 
 134      0002A639 
 134      4CF50C0C 
ARM GAS  C:\Users\User\AppData\Local\Temp\ccqS5eW1.s 			page 10


 134      13CE3130 
 135 0015 A95D0D8E 		.ascii	"\251]\015\216@\221\271L\365\214\250\"\363\230\352\231"
 135      4091B94C 
 135      F58CA822 
 135      F398EA99 
 136 0025 50441817 		.ascii	"PD\030\0272\3253\203E\030\030\032\032\034\030\030\230"
 136      32D53383 
 136      4518181A 
 136      1A1C1818 
 136      98
 137 0036 99981996 		.ascii	"\231\230\031\226<\374\307\310\000\000A\023\024\024"
 137      3CFCC7C8 
 137      00004113 
 137      1414
 138              		.text
 139              		.section	.gnu.lto_.refs.a45ae5fd,"",%progbits
 140 0000 789C6365 		.ascii	"x\234ce`b`d\000\002\000\000I\000\011"
 140      60626064 
 140      00020000 
 140      490009
 141              		.text
 142              		.section	.gnu.lto_.decls.a45ae5fd,"",%progbits
 143 0000 789CBD58 		.ascii	"x\234\275X{P\024G\032\237oz\027\226eA\013\274\234U1"
 143      7B501447 
 143      1A9F6F7A 
 143      17966541 
 143      0BBC9C55 
 144 0015 292E21BA 		.ascii	").!\272wu\021\301:\275\272$U^\324\304\324\231\303[\363"
 144      777511C1 
 144      3ABDBA24 
 144      555ED4C4 
 144      D499C35B 
 145 002a B8ABA26A 		.ascii	"\270\253\242j\213\260\253R\207\254\307.I\345\257\033"
 145      8BB0AB52 
 145      87ACC72E 
 145      49E5AF1B 
 146 003a 600D3E79 		.ascii	"`\015>y\250!\210\217\003|\"(\304\370\"\200r\200/\020"
 146      A821888F 
 146      037C2228 
 146      C4F82280 
 146      72802F10 
 147 004e F1CD4310 		.ascii	"\361\315C\020\342\333H\004\221(\242\342}\335=\2633\256"
 147      E2DB4804 
 147      9128A2E2 
 147      7DDD3DB3 
 147      33AE
 148 0060 BBA9AB4A 		.ascii	"\273\251\253JU\246\350\351\351o~\375}\277\357\321=\275"
 148      55A6E8E9 
 148      E96F7EFD 
 148      7DBFEFD1 
 148      3DBD
 149 0072 E8055108 		.ascii	"\350\005Q\010\016\027\204j\"\010\022\010\302S\274t\202"
 149      0E17846A 
 149      22081208 
 149      C253BC74 
 149      82
 150 0083 20EC14D4 		.ascii	" \354\024\324\213\216\203\361\335hlc\261\275\014\302"
ARM GAS  C:\Users\User\AppData\Local\Temp\ccqS5eW1.s 			page 11


 150      8B8E83F1 
 150      DD686C63 
 150      B1BD0CC2 
 151 0093 73D7AF45 		.ascii	"s\327\257EA0a\037\206m\014\266Jl\006\304\015b?\001["
 151      4130611F 
 151      866D0CB6 
 151      4A6C06C4 
 151      0D623F01 
 152 00a8 2CB6401C 		.ascii	",\266@\034?\300~\000\333Al#\262n@\371m\252\004{\021"
 152      3FC07E00 
 152      DB416C23 
 152      B26E40F9 
 152      6DAA047B 
 153 00bd 58C7ECD1 		.ascii	"X\307\354\321\376u/[\277A;\241\330\177\244\261E\355"
 153      FE752F5B 
 153      BF413BA1 
 153      D87FA4B1 
 153      45ED
 154 00cf 507BBE6C 		.ascii	"P{\276l\215\310\366\332e\233z\331\036\265C\015\334\301"
 154      8DC8F6DA 
 154      659B7AD9 
 154      1EB5430D 
 154      DCC1
 155 00e1 AE8D3F32 		.ascii	"\256\215?2\377h\037\343e3\332\217\315p?\376U\312v'\343"
 155      FF681FE3 
 155      6533DA8F 
 155      CD703FFE 
 155      55CA7627 
 156 00f6 F8256CC4 		.ascii	"\370%l\304\313&\252\363\304\221\212\336\360\262\367"
 156      CB26AAF3 
 156      C4918ADE 
 156      F0B2F7
 157 0105 15817D2B 		.ascii	"\025\201}+\033j\304K\320\011\210\205\321L\012\300\357"
 157      1B6AC44B 
 157      D0098885 
 157      D14C0AC0 
 157      EF
 158 0116 C01A1B3E 		.ascii	"\300\032\033>U.\000&G\251(\310J\025\021(3\344\261(\017"
 158      552E0026 
 158      47A928C8 
 158      4A151128 
 158      33E4B128 
 159 012b 455925FB 		.ascii	"EY%\373\223'\203F#\177\315-)\027\247\317\037\3304e6"
 159      93278346 
 159      237FCD2D 
 159      2917A7CF 
 159      1FD83465 
 160 0140 88AA0100 		.ascii	"\210\252\001\000\355\004\215BN[~\357\341'\250\316\201"
 160      ED048D42 
 160      4E5B7EEF 
 160      E127A8CE 
 160      81
 161 0151 E2FDDDB5 		.ascii	"\342\375\335\265'\256\033\273\241\213J\013\247\001\223"
 161      27AE1BBB 
 161      A18B4A0B 
 161      A70193
 162 0160 7D77A6FA 		.ascii	"}w\246\372\211\201`\010\361\271\373\341\366w&\226I\374"
ARM GAS  C:\Users\User\AppData\Local\Temp\ccqS5eW1.s 			page 12


 162      89816008 
 162      F1B9FBE1 
 162      F6772696 
 162      49FC
 163 0172 32BCA486 		.ascii	"2\274\244\206\355\264\273b=\311\"\020f\004\035\325\323"
 163      EDB4BB62 
 163      3DC92210 
 163      66041DD5 
 163      D3
 164 0183 5C702514 		.ascii	"\\p%\024\207c\214\020\201\303\202\252\301F=\177k\300"
 164      87638C10 
 164      81C382AA 
 164      C1463D7F 
 164      6BC0
 165 0195 E1D3AD15 		.ascii	"\341\323\255\025K\015\344\005\246\261\353XI)\2358\301"
 165      4B0DE405 
 165      A6B1EB58 
 165      49299D38 
 165      C1
 166 01a6 0894EC28 		.ascii	"\010\224\354(\024\225\367V>\014\341\"\2128\223=\260"
 166      1495F756 
 166      3E0CE122 
 166      8A38933D 
 166      B0
 167 01b7 3990BC48 		.ascii	"9\220\274H\237\305\265\215\255u:0\033\267R\373\265\017"
 167      9FC5B58D 
 167      AD753A30 
 167      1BB752FB 
 167      B50F
 168 01c9 0627E466 		.ascii	"\006'\344fJ\222\010\337\200\021\276\006\002;`\"\365"
 168      4A9208DF 
 168      8011BE06 
 168      023B6022 
 168      F5
 169 01da 668211EF 		.ascii	"f\202\021\357K$)]\312\311\220\202f\011P\006\343\240"
 169      4B24295D 
 169      CAC99082 
 169      66095006 
 169      E3A0
 170 01ec 14C609B0 		.ascii	"\024\306\011\260\033\314T-\305A\005\012\313Q\210&J6"
 170      1BCC542D 
 170      C541050A 
 170      CB518826 
 170      4A36
 171 01fe E7160790 		.ascii	"\347\026\007\2202`6\216\034\274\330\246\003\243\331"
 171      3260368E 
 171      1CBCD8A6 
 171      03A3D9
 172 020d A7827D3E 		.ascii	"\247\202}>\024p2}\273^9\262\230\222\331\213d\366\250"
 172      1470327D 
 172      BB5E39B2 
 172      9892D98B 
 172      64F6A8
 173 0220 64901B0F 		.ascii	"d\220\033\017\221\273\341~n\010)g\201\024\263\016\037"
 173      91BBE17E 
 173      6E082967 
 173      8114B30E 
ARM GAS  C:\Users\User\AppData\Local\Temp\ccqS5eW1.s 			page 13


 173      1F
 174 0231 7DA8F738 		.ascii	"}\250\3678r\243\345\315\226s\222\024\001\2258w\277:"
 174      72A3E5CD 
 174      96739214 
 174      01953877 
 174      BF3A
 175 0243 772FF8F5 		.ascii	"w/\370\365\344\200oO\316\337\035\310\013%E\204En\335"
 175      E4806F4F 
 175      CEDF1DC8 
 175      0B254584 
 175      456EDD
 176 0256 BDAE5B41 		.ascii	"\275\256[A<\354fMR\302xR\206\212\256\256\022\311v\016"
 176      3CEC664D 
 176      52C27852 
 176      868AAEAE 
 176      12C9760E 
 177 026a 5D529655 		.ascii	"]R\226UO\214h)\343\377r\031gT<]\323\023Bv\362\351w\334"
 177      4F8C6829 
 177      E3FF7219 
 177      67543C5D 
 177      D3134276 
 178 0282 D77A82B9 		.ascii	"\327z\202\271\352\2618\3349\324\275OOv\363w+\327\324"
 178      EAB138DC 
 178      39D4BD4F 
 178      4F76F377 
 178      2BD7D4
 179 0295 D5E9C87E 		.ascii	"\325\351\310~>\330\26467SO\252\371\240dUN\205\221\034"
 179      3ED8B436 
 179      37534FAA 
 179      F9A06455 
 179      4E85911C 
 180 02a9 E48333FD 		.ascii	"\344\2033\375'6\004\363\222\031\215\303\303O\037\324"
 180      273604F3 
 180      92198DC3 
 180      C34F1FD4 
 181 02b9 8EE21A45 		.ascii	"\216\342\032E\034\346\357h\035\016\"\265\034\272e\370"
 181      1CE6EF68 
 181      1D0E22B5 
 181      1CBA65F8 
 182 02c9 513FAD99 		.ascii	"Q?\255\231\361\264f\210\246b\306\363\2129\324t|\253"
 182      F1B46688 
 182      A662C6F3 
 182      8A39D474 
 182      7CAB
 183 02db 891C6160 		.ascii	"\211\034a`1\247\250ty\220\222NtOo\026\3400\272q\204"
 183      31A7A874 
 183      7990924E 
 183      744F6F16 
 183      E030BA71 
 184 02f0 FA76027D 		.ascii	"\372v\002}\033/\373v\034\205\307<\351|\260\347\345J"
 184      1B2FFB76 
 184      1C85C73C 
 184      E97CB0E7 
 184      E54A
 185 0302 491A0D4D 		.ascii	"I\032\015M\230\221F5#\343\345d\036\314\275x\335HNs\023"
 185      98914635 
 185      23E3E564 
ARM GAS  C:\Users\User\AppData\Local\Temp\ccqS5eW1.s 			page 14


 185      1ECCBD78 
 185      DD484E73 
 186 0317 8F33F2FA 		.ascii	"\2173\362\372\324\252\354\333\025\323\300\012\241\005"
 186      D4AAECDB 
 186      15D3C00A 
 186      A105
 187 0325 A736AB53 		.ascii	"\2476\253S\233\324dz\3238\351\203\006\032I\037*\256"
 187      9BD4647A 
 187      D338E983 
 187      061A491F 
 187      2AAE
 188 0337 36900E66 		.ascii	"6\220\016fDw\357\376\212\016#\204GF\232s\251\231\034"
 188      4477EFFE 
 188      8A0E2384 
 188      47469A73 
 188      A9991C
 189 034a 499A26AA 		.ascii	"I\232&\252Y\022\3404\204S\005p\016u\235\205H8\003\221"
 189      5912E034 
 189      84530570 
 189      0E759D85 
 189      48380391 
 190 035e 6C711653 		.ascii	"lq\026S\203Xa\2215\003=\222\264\314\304h\035EZt\202"
 190      83586191 
 190      35033D92 
 190      B4CCC468 
 190      1D455A74 
 191 0373 87411455 		.ascii	"\207A\024Uq\230*\222'\324\275\225/\325\246\023\206>"
 191      71982A92 
 191      27D4BD95 
 191      2FD5A613 
 191      863E
 192 0385 E5131D4D 		.ascii	"\345\023\035M\301\334\345\221j#n\007\024#\310\336\362"
 192      C1DCE591 
 192      6A236E07 
 192      1423C8DE 
 192      F2
 193 0396 6D4177EE 		.ascii	"mAw\356\322\235U\000\221c\314\221\305\014x\241&4\215"
 193      D29D5500 
 193      9163CC91 
 193      C50C78A1 
 193      26348D
 194 03a9 A9A5EA1A 		.ascii	"\251\245\352\032P\355\005\030\243V\232\252v\025s1C\232"
 194      50ED0518 
 194      A3569AAA 
 194      76157331 
 194      439A
 195 03bb A6D3BA48 		.ascii	"\246\323\272H\301\324\305Vt\261\015]</\273\310I\334"
 195      C1D4C556 
 195      74B10D5D 
 195      3C2FBBC8 
 195      49DC
 196 03cd A91E9B26 		.ascii	"\251\036\233&I@QZ\026\334\235\373\325a\2533\244c\223"
 196      4940515A 
 196      16DC9DFB 
 196      D561AB33 
 196      A46393
 197 03e0 D8EAACF7 		.ascii	"\330\352\254\367o\030\243>P\335tB\034\203\014\322\374"
ARM GAS  C:\Users\User\AppData\Local\Temp\ccqS5eW1.s 			page 15


 197      6F18A33E 
 197      50DD7442 
 197      1C830CD2 
 197      FC
 198 03f1 32109E31 		.ascii	"2\020\2361\257)\3360^\274\356\372\363{M\344\022\257"
 198      AF29DE30 
 198      5EBCEEFA 
 198      F37B4DE4 
 198      12AF
 199 0403 D66B4DE5 		.ascii	"\326kM\345\351\006r\231\01766\357j\322\223\353|PU\272"
 199      E9067299 
 199      0F3636EF 
 199      6AD293EB 
 199      7C5055BA 
 200 0417 EB8C487A 		.ascii	"\353\214Hz\371\240\254\262\1779\220A>\270\233Y\356\""
 200      F9A0ACB2 
 200      7F399041 
 200      3EB89B59 
 200      EE22
 201 0429 8FF8B37B 		.ascii	"\217\370\263{CN\213\310u\377\036\207yK\327\367\350\370"
 201      434E8BC8 
 201      75FF1E87 
 201      794BD7F7 
 201      E8F8
 202 043b 3AE9A12B 		.ascii	":\351\241+c\367\205\355U\006\222\246\243\330\220\234"
 202      63F785ED 
 202      550692A6 
 202      A3D8909C 
 203 044b 929CFD46 		.ascii	"\222\234\375F\210\304+<\222_\346b\311\235\201\351|s"
 203      88C42B3C 
 203      925FE662 
 203      C99D81E9 
 203      7C73
 204 045d AD54EBC6 		.ascii	"\255T\353\306\272E\367\273\321\375\233\030\377g\335"
 204      BA45F7BB 
 204      D1FD9B18 
 204      FF67DD
 205 046c 2F93934F 		.ascii	"/\223\223O\321\303o\251\350+\336\350*\360D\213\243\277"
 205      D1C36FA9 
 205      E82BDEE8 
 205      2AF0448B 
 205      A3BF
 206 047e D7A00F79 		.ascii	"\327\240\017y\243\253\275\321\003\032t\215o4\247\342"
 206      A3ABBDD1 
 206      031A748D 
 206      6F34A7E2 
 207 048e 2973CCC0 		.ascii	")s\314\300e\004|\307\336\335\224\313\274\037k\240\027"
 207      65047CC7 
 207      DEDD94CB 
 207      BC1F6BA0 
 207      17
 208 049f 937015DB 		.ascii	"\223p\025\333-l?`\273\215\255\017\333\035l\337c\273"
 208      2D6C3F60 
 208      BB8DAD0F 
 208      DB1D6CDF 
 208      63BB
 209 04b1 8EED06B6 		.ascii	"\216\355\006\266k\236\245@\0114jBq\311\233\300No\272"
ARM GAS  C:\Users\User\AppData\Local\Temp\ccqS5eW1.s 			page 16


 209      6B9EA540 
 209      09346A42 
 209      71C99BC0 
 209      4E6FBA
 210 04c4 973574FF 		.ascii	"\2275t\377\353\215\256\005\357\310uh\224wz\303;\274"
 210      EB8DAE05 
 210      EFC87568 
 210      94777AC3 
 210      3BBC
 211 04d6 950FBFA1 		.ascii	"\225\017\277\241\242{|fE\003>\243Q\335\345\233\267\207"
 211      A27B7C66 
 211      45033EA3 
 211      51DDE59B 
 211      B787
 212 04e8 092EB24B 		.ascii	"\011.\262K5F\216o\307\232\255\363\315\\\243\375\272"
 212      35468E6F 
 212      C79AADF3 
 212      CD5CA3FD 
 212      BA
 213 04f9 B240A8FA 		.ascii	"\262@\250\372\213\276\231s\365\362j\253\012c\253\355"
 213      8BBE9973 
 213      F5F26AAB 
 213      0A63ABED 
 214 0509 A6F79A87 		.ascii	"\246\367\232\207\332\346\241=z\262\230\025\244xk\335"
 214      DAE6A13D 
 214      7AB29815 
 214      A4786BDD 
 215 0519 CDD24008 		.ascii	"\315\322@\0107\373J&\334\303\034\376\234|r&G\016\006"
 215      37FB4A26 
 215      DCC31CFE 
 215      9C7C7226 
 215      470E06
 216 052c D0CD6700 		.ascii	"\320\315g\000\025\335Uw[\312\213\321Y\326\330\221\035"
 216      15DD5577 
 216      5BCA8BD1 
 216      59D6D891 
 216      1D
 217 053d 6A5AE6F9 		.ascii	"jZ\346\371\2062\240\272\242\007\301$OA\354\376\245\371"
 217      8632A0BA 
 217      A207C124 
 217      4F41ECFE 
 217      A5F9
 218 054f 3742C82A 		.ascii	"7B\310*N\375\374\311\273\225\241`6q+';FgP\177\037 \376"
 218      4EFDFCC9 
 218      BB95A160 
 218      36712B27 
 218      3B466750 
 219 0567 47D50C4E 		.ascii	"G\325\014N\307\316\217v\270\217N=c\340\321\3155\355"
 219      C7CE8F76 
 219      B88F4E3D 
 219      63E0D1CD 
 219      35ED
 220 0579 C0D7B289 		.ascii	"\300\327\262\211n\360U\355\271\243\344\265L_\017\256"
 220      6EF055ED 
 220      B9A3E4B5 
 220      4C5F0FAE 
 221 0589 EEE80E25 		.ascii	"\356\350\016%\033t\317\234\214b\237?\031\305\362\357"
ARM GAS  C:\Users\User\AppData\Local\Temp\ccqS5eW1.s 			page 17


 221      1B74CF9C 
 221      8C629F3F 
 221      19C5F2EF 
 222 0599 5CEFA996 		.ascii	"\\\357\251\226\263@6s\272\015\033\257\354\016\360wl"
 222      B3403673 
 222      BA0D1BAF 
 222      EC0EF077 
 222      6C
 223 05aa 798A4462 		.ascii	"y\212Db\345\017\314c\024>\362|\347Z\262^\355\035\241"
 223      E50FCC63 
 223      143EF27C 
 223      E75AB25E 
 223      ED1DA1
 224 05bd 478F11CC 		.ascii	"G\217\021\314\373\023\325\261X\376\241\323\237\253i"
 224      FB13D5B1 
 224      58FEA1D3 
 224      9FAB69
 225 05cc CCD7D31D 		.ascii	"\314\327\323\035%\334\314w\322\007e\344\300\226\223"
 225      25DCCC77 
 225      D20765E4 
 225      C09693
 226 05db 2BA4C23A 		.ascii	"+\244\302:`s\206qN\206\350o\011\321\031\003\277\345"
 226      60738671 
 226      4E86E86F 
 226      09D11903 
 226      BFE5
 227 05ed 854843F7 		.ascii	"\205HC\367\2557:\312\013|\371w\034LOB\273|\202\237\337"
 227      AD373ACA 
 227      0B7CF977 
 227      1C4C4F42 
 227      BB7C829F 
 228 0602 1D1EE2FB 		.ascii	"\035\036\342\373!f\225\242i5\271E3\244\211\221\220\216"
 228      216695A2 
 228      6935B945 
 228      33A48991 
 228      908E
 229 0614 4D12B5D5 		.ascii	"M\022\265\325r\241\204\327-\"\275\352\366a\311\275A"
 229      72A184D7 
 229      2D22BDEA 
 229      F661C9BD 
 229      41
 230 0625 4286F4FC 		.ascii	"B\206\364\374|vg\250\300\000\346p9\371\245\254\3042"
 230      7C7667A8 
 230      C000E670 
 230      39F9A5AC 
 230      C432
 231 0637 51FB62D1 		.ascii	"Q\373b\321\023\"\252\3027\021\370\002\355\377\024\027"
 231      1322AAC2 
 231      3711F802 
 231      EDFF1417 
 232 0647 34772127 		.ascii	"4w!'k{\260\266.3Em].\021M2\360\333\266\333WE\235\310"
 232      6B7BB0B6 
 232      2E33456D 
 232      5D2E114D 
 232      32F0DBB6 
 233 0660 65F0898E 		.ascii	"e\360\211\216\312\226g\327l\016\032\233\307\216\341"
 233      CA9667D7 
ARM GAS  C:\Users\User\AppData\Local\Temp\ccqS5eW1.s 			page 18


 233      6C0E1A9B 
 233      C78EE1
 234 066f 19D26891 		.ascii	"\031\322h\221\205K\371<\013\260L\034\213\367\245\242"
 234      854BF93C 
 234      0BB04C1C 
 234      8BF7A5A2 
 235 067f 8E6B58D2 		.ascii	"\216kX\322y\340(\274R(\025\366`\372\016\221\245\365"
 235      79E028BC 
 235      522815F6 
 235      60FA0E91 
 235      A5F5
 236 0691 47317D30 		.ascii	"G1}0\215\302\240DM9>\342};~\037`\033\356\214\002,\027"
 236      8DC2A044 
 236      4D393EE2 
 236      7D3B7E1F 
 236      601BEE8C 
 237 06a8 5FC1D9DB 		.ascii	"_\301\331\333\3623\232\202\311\211\000Vr\005]\235W\215"
 237      F2339A82 
 237      C9890056 
 237      72055D9D 
 237      578D
 238 06ba 8C0CB5C8 		.ascii	"\214\014\265\310\311\234\356:q\\\347!\270Rd\302\263"
 238      C99CEE3A 
 238      715CE721 
 238      B85264C2 
 238      B3
 239 06cb 55DB6A0D 		.ascii	"U\333j\015Z\206\037\275\240!\230\315\010f)\004\317\247"
 239      5A861FBD 
 239      A02198CD 
 239      08662904 
 239      CFA7
 240 06dd 37551299 		.ascii	"7U\022\231\340\205u&\254\000<#\341\011\012a\260B\015"
 240      E0857526 
 240      AC003C23 
 240      E1090A61 
 240      B0420D
 241 06f0 383E3E4B 		.ascii	"8>>K0\207\021|r\351\312\200H\3328\301\035\315%\217u"
 241      3087117C 
 241      72E9CA80 
 241      48DA38C1 
 241      1DCD258F 
 242 0705 E43A1B88 		.ascii	"\344:\033\210+\353\326\367\232\374\255\2115\242\277"
 242      2BEBD6F7 
 242      9AFCAD89 
 242      35A2BF
 243 0714 A3FC8D96 		.ascii	"\243\374\215\226Im\3548\276Z4\302*\321\3538NS\222\275"
 243      496DEC38 
 243      BE5A34C2 
 243      2AD1EB38 
 243      4E5392BD 
 244 0728 6588308F 		.ascii	"e\2100\217)\202G\241[\032\350%\236(|\311\243p\255o\370"
 244      298247A1 
 244      5B1AE825 
 244      9E287CC9 
 244      A370AD6F 
 245 073d AB40BF51 		.ascii	"\253@\277Q\370\212E!O\211\302\201u\235\033\003\3254"
 245      F88A4521 
ARM GAS  C:\Users\User\AppData\Local\Temp\ccqS5eW1.s 			page 19


 245      4F89C281 
 245      759D1B03 
 245      D534
 246 074f DDAABF26 		.ascii	"\335\252\277&IF\035EA\256J\"\327;\010\371,\010?l\311"
 246      49461D45 
 246      41AE4A22 
 246      D73B08F9 
 246      2C083F6C 
 247 0764 583D8AF4 		.ascii	"X=\212\364\361 \370\342\367c\346\265\223\340\311\\\001"
 247      F120F8E2 
 247      F763E6B5 
 247      93E0C95C 
 247      01
 248 0775 E757D476 		.ascii	"\347W\324veC(\023\322\305\271\216\013O\346mi$~Io`\244"
 248      65432813 
 248      D2C5B98E 
 248      0B4FE66D 
 248      69247E49 
 249 078c D72BA4EF 		.ascii	"\327+\244\357\236\356\335\031\200\244{x\334Vd\034Y!"
 249      9EEEDD19 
 249      80A47B78 
 249      DC56641C 
 249      5921
 250 079e 150183C1 		.ascii	"\025\001\203\301Z\225\365Z\312\232>ldl\2532\017g\007"
 250      5A95F55A 
 250      CA9A3E6C 
 250      646CAB32 
 250      0F6707
 251 07b1 90C5818C 		.ascii	"\220\305\201\214mk\273\273R\336\024\203\351&\374\335"
 251      6D6BBBBB 
 251      52DE1483 
 251      E926FCDD 
 252 07c1 978782F8 		.ascii	"\227\207\202\370\246\330\30686\337\3133\222\325\034"
 252      A6D8C638 
 252      36DFCB33 
 252      92D51C
 253 07d0 FBA4FFD4 		.ascii	"\373\244\377\324\023\023\307\032\251\243\351\025\335"
 253      1313C71A 
 253      A9A3E915 
 253      DD
 254 07dd 7AFAB345 		.ascii	"z\372\263E\222\027\021\312\3255\264Y\304|\341\246\001"
 254      921711CA 
 254      D535B459 
 254      C47CE1A6 
 254      01
 255 07ee 9B44FEE3 		.ascii	"\233D\376\343h\250f\330D\3263M\272\236M\003\267\003"
 255      68A866D8 
 255      44D6334D 
 255      BA9E4D03 
 255      B703
 256 0800 C03C0EC0 		.ascii	"\300<\016\300\210m\253\362\233\026C\213!\333\"\323\305"
 256      886DABF2 
 256      9B16438B 
 256      21DB22D3 
 256      C5
 257 0811 AB4042F5 		.ascii	"\253@B\365\375\377\246b~x\357/\226\310X\001&\217\203"
 257      FDFFA662 
ARM GAS  C:\Users\User\AppData\Local\Temp\ccqS5eW1.s 			page 20


 257      7E78EF2F 
 257      96C85801 
 257      268F83
 258 0824 4958455B 		.ascii	"IXE[\261\212\2663;%\3428\330\206\206\012p\247\240\022"
 258      B18AB633 
 258      3B25E238 
 258      D886860A 
 258      70A7A012 
 259 0838 34D89E75 		.ascii	"4\330\236u\277S\027\226#\357\020\021\300t\027!\256P"
 259      BF531796 
 259      23EF1011 
 259      C0741721 
 259      AE50
 260 084a A4FC7688 		.ascii	"\244\374v\210a\012K\212\316i.Z\027d\224m,\371I\033\210"
 260      610A4B8A 
 260      CE692E5A 
 260      1764946D 
 260      2CF9491B 
 261 085f AE6F1FAC 		.ascii	"\256o\037\254\016\321\352.\375)\335\333\372\032\036"
 261      0ED1EA2E 
 261      FD29DDDB 
 261      FA1A1E
 262 086e 1B5EDB24 		.ascii	"\033^\333$\235\252e\265\265\374\212[J\373\002\267\301"
 262      9DAA65B5 
 262      B5FC8A5B 
 262      4AFB02B7 
 262      C1
 263 087f 32310C8A 		.ascii	"21\014\2121M\270\3245\223\377\203\222\017\360\327\305"
 263      314DB8D4 
 263      3593FF83 
 263      920FF0D7 
 263      C5
 264 0890 4EF1359C 		.ascii	"N\3615\234{\261\334]\246#E<\0019M\335\177\367\033\360"
 264      7BB1DC5D 
 264      A623453C 
 264      01394DDD 
 264      7FF71BF0 
 265 08a4 7225E085 		.ascii	"r%\340\205\234c\332\275M\267C\274\375Ww\353\012\306"
 265      9C63DABD 
 265      4DB743BC 
 265      FD5777EB 
 265      0AC6
 266 08b6 B15CE1D8 		.ascii	"\261\\\341\330Zx\243\301\344\355\221_t\341\345\322F"
 266      5A78A3C1 
 266      E4ED915F 
 266      74E1E5D2 
 266      46
 267 08c7 93ECD1E5 		.ascii	"\223\354\321\345\027\323\012k\323\"\340k\331\033\334"
 267      17D30A6B 
 267      D322E06B 
 267      D91BDC
 268 08d6 17341377 		.ascii	"\0274\023w\311\336\354f\336\034;Zw\236h\367]Z\251\252"
 268      C9DEEC66 
 268      DE1C3B5A 
 268      779E68F7 
 268      5D5AA9AA 
 269 08ea 0BDFF07D 		.ascii	"\013\337\360}\227\366\010~\234\177p)\220r\271\366:\323"
ARM GAS  C:\Users\User\AppData\Local\Temp\ccqS5eW1.s 			page 21


 269      97F6087E 
 269      9C7F7029 
 269      9072B9F6 
 269      3AD3
 270 08fc 46E48378 		.ascii	"F\344\203x(\375/\306\255\366Mr\235\366\263\237\266\337"
 270      28FD2FC6 
 270      ADF64D72 
 270      9DF6B39F 
 270      B6DF
 271 090e 57D6CBFF 		.ascii	"W\326\313\377\344\010\301\341HC\177k\210\337H\035P\""
 271      E408C1E1 
 271      48437F6B 
 271      88DF481D 
 271      5022
 272 0920 B59F472A 		.ascii	"\265\237G*\273\265+=\310;R\3730!{YB*\231\357\007\024"
 272      BBB52B3D 
 272      C83B52FB 
 272      30217B59 
 272      422A99EF 
 273 0936 DF1BCEB9 		.ascii	"\337\033\316\271/\022\357H\371E7o\255\357\016\225#\325"
 273      2F12EF48 
 273      F945376F 
 273      ADEF0E95 
 273      23D5
 274 0948 F1328FD4 		.ascii	"\3612\217\324\267r\244p\363\320L\334#G\252J|M0.\212"
 274      B772A470 
 274      F3D04CDC 
 274      2347AA4A 
 274      7C4D302E 
 275 095d 4FB2D8E3 		.ascii	"O\262\330\343mo\247:\015\357\376\365\303\210\351\321"
 275      6D6FA73A 
 275      0DEFFEF5 
 275      C388E9D1 
 276 096d D1826E61 		.ascii	"\321\202na\274\363\237F\253551\33159\306\352rC\302\237"
 276      BCF39F46 
 276      AB353531 
 276      D93539C6 
 276      EA7243C2 
 277 0982 E2121624 		.ascii	"\342\022\026$~\222\310\357NW\252-\321\021=\365\323\311"
 277      7E92C8EF 
 277      4E57AA2D 
 277      D1113DF5 
 277      D3C9
 278 0994 D6CF1293 		.ascii	"\326\317\022\223m\216\317\234Zy\234\313\341Hr\306\315"
 278      6D8ECF9C 
 278      5A799CCB 
 278      E14872C6 
 278      CD
 279 09a5 4F4E8D60 		.ascii	"ON\215`O\021\361)\013#\354\013?\261\333lv[\334\224\211"
 279      4F11F129 
 279      0B23EC0B 
 279      3FB1DB6C 
 279      765BDC94 
 280 09ba 93236226 		.ascii	"\223#b&EO\375Wt\034\312_Ov$\333_\267\307\243\346\304"
 280      454FFD57 
 280      741CCA5F 
 280      4F7624DB 
ARM GAS  C:\Users\User\AppData\Local\Temp\ccqS5eW1.s 			page 22


 280      5FB7C7A3 
 281 09d0 E484A454 		.ascii	"\344\204\244T\233=na<\352J\266\307Ym\366y\361\251I."
 281      9B3D6E61 
 281      3CEA4AB6 
 281      C7596DF6 
 281      79F1A949 
 282 09e5 ABEBF345 		.ascii	"\253\353\363Ev\347\304\005\202A\241\363\371/\310\306"
 282      76E7C405 
 282      8241A1F3 
 282      F92FC8C6 
 283 09f5 F9B933CE 		.ascii	"\371\2713\316\352t\331\3204R0%:\0269R\\4<V\227m\272"
 283      EA74D9D0 
 283      34523025 
 283      3A163952 
 283      5C343C56 
 284 0a0c 42633ABD 		.ascii	"Bc:\275\317}\236\206F\316\221\016g\364\324)Q\016g\324"
 284      CF7D9E86 
 284      46CE910E 
 284      67F4D429 
 284      510E67D4 
 285 0a20 82F8A428 		.ascii	"\202\370\244(\252\311\0315\367\203\367'\307D\315\236"
 285      AAC91935 
 285      F783F727 
 285      C744CD9E 
 286 0a30 3D23EADD 		.ascii	"=#\352\3359\357\305~\032C_Y1'\326\244$\033Z\014\240"
 286      39EFC57E 
 286      1A435F59 
 286      3127D6A4 
 286      241B5A0C 
 287 0a45 A8449BEE 		.ascii	"\250D\233\356\317\357Xf\321\333l\335\354\351\177\261"
 287      CFEF5866 
 287      D1DB6CDD 
 287      ECE97FB1 
 288 0a55 E8DE9E6B 		.ascii	"\350\336\236k\261\300\3070K\237\220d\217O\221S\025="
 288      B1C0C730 
 288      4B9F9064 
 288      8F4F9153 
 288      153D
 289 0a67 C5EA3228 		.ascii	"\305\3522(\017\304iw\221\330\031\026\362\336\014\213"
 289      0FC46977 
 289      91D81916 
 289      F2DE0C8B 
 290 0a77 7ECE8773 		.ascii	"~\316\207sfX\002c\347\316\2319s\206% \366\203\177\314"
 290      66580263 
 290      E7CE9939 
 290      73862520 
 290      F6837FCC 
 291 0a8b 9969D1BF 		.ascii	"\231i\321\277\037;c\246\205\274m\261\230\234\256\205"
 291      1F3B63A6 
 291      85BC6DB1 
 291      989CAE85 
 292 0a9b 18D7F98B 		.ascii	"\030\327\371\213\022\035V\227\221\273\230h\263\272\002"
 292      121D5697 
 292      91BB9868 
 292      B3BA02
 293 0aaa 1CF3E6A1 		.ascii	"\034\363\346\241\026\023Ui\235\027\357t\375\321\352"
 293      16135569 
ARM GAS  C:\Users\User\AppData\Local\Temp\ccqS5eW1.s 			page 23


 293      9D17EF74 
 293      FDD1EA
 294 0ab9 72FD92B1 		.ascii	"r\375\222\261W\302\376\267\237\031iY\241\022Z\324\250"
 294      57C2FEB7 
 294      9F196959 
 294      A1125AD4 
 294      A8
 295 0aca 7F2F160B 		.ascii	"\177/\026\013\376\375\237\251\327\231\222\340\321\231"
 295      FEFD9FA9 
 295      D79992E0 
 295      D199
 296 0ad8 200463F7 		.ascii	" \004c\367qJ\242\313\216\232C\360y\256\335Em8lvC\242"
 296      714AA2CB 
 296      8E9A43F0 
 296      79AEDD45 
 296      6D386C76 
 297 0aee 63217656 		.ascii	"c!vV\327\257\224\314Z1\256\363S\034\251\213\250<\304"
 297      D7AF94CC 
 297      5A31AEF3 
 297      531CA98B 
 297      A83CC4
 298 0b01 6A9D979A 		.ascii	"j\235\227\232\234`\265N\234:5z\222A\031\351\022\026"
 298      9C60B54E 
 298      9C3A357A 
 298      924119E9 
 298      1216
 299 0b13 C4A73CF3 		.ascii	"\304\247<\363\356\017\332Q\314\244\377\001\265\231\247"
 299      EE0FDA51 
 299      CCA4FF01 
 299      B599A7
 300 0b22 06       		.ascii	"\006"
 301              		.text
 302              		.section	.gnu.lto_.symtab.a45ae5fd,"",%progbits
 303 0000 70616C52 		.ascii	"palReadBus\000"
 303      65616442 
 303      757300
 304 000b 00       		.ascii	"\000"
 305 000c 00       		.ascii	"\000"
 306 000d 00       		.ascii	"\000"
 307 000e 00000000 		.ascii	"\000\000\000\000\000\000\000\000"
 307      00000000 
 308 0016 0B010000 		.ascii	"\013\001\000\000"
 309 001a 70616C57 		.ascii	"palWriteBus\000"
 309      72697465 
 309      42757300 
 310 0026 00       		.ascii	"\000"
 311 0027 00       		.ascii	"\000"
 312 0028 00       		.ascii	"\000"
 313 0029 00000000 		.ascii	"\000\000\000\000\000\000\000\000"
 313      00000000 
 314 0031 10010000 		.ascii	"\020\001\000\000"
 315 0035 70616C53 		.ascii	"palSetBusMode\000"
 315      65744275 
 315      734D6F64 
 315      6500
 316 0043 00       		.ascii	"\000"
 317 0044 00       		.ascii	"\000"
ARM GAS  C:\Users\User\AppData\Local\Temp\ccqS5eW1.s 			page 24


 318 0045 00       		.ascii	"\000"
 319 0046 00000000 		.ascii	"\000\000\000\000\000\000\000\000"
 319      00000000 
 320 004e 18010000 		.ascii	"\030\001\000\000"
 321 0052 5F70616C 		.ascii	"_pal_lld_setgroupmode\000"
 321      5F6C6C64 
 321      5F736574 
 321      67726F75 
 321      706D6F64 
 322 0068 00       		.ascii	"\000"
 323 0069 02       		.ascii	"\002"
 324 006a 00       		.ascii	"\000"
 325 006b 00000000 		.ascii	"\000\000\000\000\000\000\000\000"
 325      00000000 
 326 0073 1E010000 		.ascii	"\036\001\000\000"
 327              		.text
 328              		.section	.gnu.lto_.opts,"",%progbits
 329 0000 272D666D 		.ascii	"'-fmath-errno' '-fsigned-zeros' '-ftrapping-math' '"
 329      6174682D 
 329      6572726E 
 329      6F272027 
 329      2D667369 
 330 0033 2D666E6F 		.ascii	"-fno-trapv' '-fno-openmp' '-fno-openacc' '-mcpu=cor"
 330      2D747261 
 330      70762720 
 330      272D666E 
 330      6F2D6F70 
 331 0066 7465782D 		.ascii	"tex-m7' '-mno-thumb-interwork' '-mthumb' '-ggdb' '-"
 331      6D372720 
 331      272D6D6E 
 331      6F2D7468 
 331      756D622D 
 332 0099 4F322720 		.ascii	"O2' '-fomit-frame-pointer' '-falign-functions=16' '"
 332      272D666F 
 332      6D69742D 
 332      6672616D 
 332      652D706F 
 333 00cc 2D666675 		.ascii	"-ffunction-sections' '-fdata-sections' '-fno-common"
 333      6E637469 
 333      6F6E2D73 
 333      65637469 
 333      6F6E7327 
 334 00ff 2720272D 		.ascii	"' '-flto'\000"
 334      666C746F 
 334      2700
 335              		.text
 336              		.comm	__gnu_lto_v1,1,1
 337              		.comm	__gnu_lto_slim,1,1
 338              		.ident	"GCC: (GNU Tools for ARM Embedded Processors 6-2017-q1-update) 6.3.1 20170215 (release) [AR
ARM GAS  C:\Users\User\AppData\Local\Temp\ccqS5eW1.s 			page 25


DEFINED SYMBOLS
                            *ABS*:00000000 hal_pal.c
                            *COM*:00000001 __gnu_lto_v1
                            *COM*:00000001 __gnu_lto_slim

NO UNDEFINED SYMBOLS
