ARM GAS  C:\Users\User\AppData\Local\Temp\ccgyVcMz.s 			page 1


   1              		.cpu cortex-m7
   2              		.eabi_attribute 20, 1
   3              		.eabi_attribute 21, 1
   4              		.eabi_attribute 23, 3
   5              		.eabi_attribute 24, 1
   6              		.eabi_attribute 25, 1
   7              		.eabi_attribute 26, 1
   8              		.eabi_attribute 30, 2
   9              		.eabi_attribute 34, 1
  10              		.eabi_attribute 18, 4
  11              		.file	"hal_st.c"
  12              		.text
  13              	.Ltext0:
  14              		.section	.gnu.lto_.profile.a45adfd8,"",%progbits
  15 0000 789C6365 		.ascii	"x\234ce`b`a```d\220\342\001\000\000\300\0003"
  15      60626061 
  15      60606064 
  15      90E20100 
  15      00C00033 
  16              		.text
  17              		.section	.gnu.lto_.icf.a45adfd8,"",%progbits
  18 0000 789C6365 		.ascii	"x\234ce`bP`@\000V\206\205??\354\345a|\177c\371J\026"
  18      60625060 
  18      40005686 
  18      853F3FEC 
  18      E5617C7F 
  19 0018 A67D171E 		.ascii	"\246}\027\036\254ga~\177\256\367/;\313\211\217\213\026"
  19      AC67617E 
  19      7FAEF72F 
  19      3BCB898F 
  19      8B16
  20 002a F0320000 		.ascii	"\3602\000\000\0217\020\034"
  20      1137101C 
  21              		.text
  22              		.section	.gnu.lto_.jmpfuncs.a45adfd8,"",%progbits
  23 0000 789C6365 		.ascii	"x\234ce`b\020c@\000V\020\301\010\004\365L\014\014\314"
  23      60621063 
  23      40005610 
  23      C10804F5 
  23      4C0C0CCC 
  24 0014 209A0528 		.ascii	" \232\005(\000\000\016\012\0011"
  24      00000E0A 
  24      0131
  25              		.text
  26              		.section	.gnu.lto_.inline.a45adfd8,"",%progbits
  27 0000 789C6365 		.ascii	"x\234ce`b\310g@\000V\006\006\026\036F\240 \003\003\333"
  27      6062C867 
  27      40005606 
  27      06161E46 
  27      A0200303 
  28 0015 027910C5 		.ascii	"\002y\020\305\300\310\005\"\030\330X\031\031\031\004"
  28      C0C80522 
  28      18D85819 
  28      191904
  29 0024 18191898 		.ascii	"\030\031\030\230\330>\350\301%\231\030X\230\201\312"
  29      D83EE8C1 
  29      25991858 
ARM GAS  C:\Users\User\AppData\Local\Temp\ccgyVcMz.s 			page 2


  29      9881CA
  30 0033 992EF0C3 		.ascii	"\231.\360\303\205\230ABP\245\310\342,\230J\031\000\312"
  30      85984142 
  30      50A5C8E2 
  30      2C984A19 
  30      00CA
  31 0045 39089E   		.ascii	"9\010\236"
  32              		.text
  33              		.section	.gnu.lto_.pureconst.a45adfd8,"",%progbits
  34 0000 789C6365 		.ascii	"x\234ce`b\340f```e\220`\224b\222b\226b\221\002\000\004"
  34      6062E066 
  34      60606065 
  34      90609462 
  34      92629662 
  35 0018 1000A2   		.ascii	"\020\000\242"
  36              		.text
  37              		.section	.gnu.lto_stInit.a45adfd8,"",%progbits
  38 0000 789C6365 		.ascii	"x\234ce`bX\314\300\300\340\007\304\322@\314\310\314"
  38      606258CC 
  38      C0C0E007 
  38      C4D240CC 
  38      C8CC
  39 0012 C0C834E1 		.ascii	"\300\3104\341\034\003C#\007\023##\210\321\300\301\310"
  39      1C034323 
  39      07132323 
  39      88D1C0C1 
  39      C8
  40 0023 50CFC458 		.ascii	"P\317\304X\317\330\317<\235\231\361P\373\263\235L\232"
  40      CFD8CF3C 
  40      9D99F150 
  40      FBB39D4C 
  40      9A
  41 0034 CB1B80E0 		.ascii	"\313\033\200\340\300\364\037\222\015+\0160\316gf`\230"
  41      C0F41F92 
  41      0D2B0E30 
  41      CE676660 
  41      98
  42 0045 09C420C0 		.ascii	"\011\304 \300\270\234Q\223\001\250\354\321\306\177S"
  42      B89C5193 
  42      01A8ECD1 
  42      C67F53
  43 0054 79D95820 		.ascii	"y\331X \342\214+\030\331\030\201\364\372K\214\007\032"
  43      E28C2B18 
  43      D91881F4 
  43      FA4B8C07 
  43      1A
  44 0065 FEFD6F6F 		.ascii	"\376\375oo8pg\021\343\177V\240T\027\020\203\354\350"
  44      38706711 
  44      E37F56A0 
  44      54171083 
  44      ECE8
  45 0077 666602D1 		.ascii	"ff\002\321\314\257\031\233\027\374\226\006\251\007\031"
  45      CCAF199B 
  45      17FC9606 
  45      A90719
  46 0086 B273E79B 		.ascii	"\262s\347\233\333\354\365\177\0338\34633\316d\006\232"
  46      DBECF57F 
ARM GAS  C:\Users\User\AppData\Local\Temp\ccgyVcMz.s 			page 3


  46      1B38E633 
  46      33CE6406 
  46      9A
  47 0097 C0B892B1 		.ascii	"\300\270\222\261\236a>P\355[\306\246\005\377\271\301"
  47      9E613E50 
  47      ED5BC6A6 
  47      05FFB9C1 
  48 00a7 EA40A00B 		.ascii	"\352@\240\013(\011\324\316\304\300\340\343l\025\223"
  48      2809D4CE 
  48      C4C0E0E3 
  48      6C1593
  49 00b6 9C919994 		.ascii	"\234\221\231\224\031\343\014\"\203KJS2\363\015\315\313"
  49      19E30C22 
  49      834B4A53 
  49      32F30DCD 
  49      CB
  50 00c7 8CE3CB33 		.ascii	"\214\343\3133\363R\362\313\213\221\305!*\363\213\015"
  50      F352F2CB 
  50      8B91C521 
  50      2AF38B0D 
  51 00d7 CDCDF4F3 		.ascii	"\315\315\364\363\213\3653\022s\364\213\213\222At|q\211"
  51      8BF53312 
  51      73F48B8B 
  51      9241747C 
  51      7189
  52 00e9 5E320300 		.ascii	"^2\003\000\227\332S\305"
  52      97DA53C5 
  53              		.text
  54              		.section	.gnu.lto_stStartAlarm.a45adfd8,"",%progbits
  55 0000 789CA552 		.ascii	"x\234\245RKH\224Q\024\276\337\275\343?\303\364\260E"
  55      4B489451 
  55      14BEDFBD 
  55      E33FC3F4 
  55      B045
  56 0012 8BA05944 		.ascii	"\213\240YD b\013\177&!\241\255\021\004J\013\2056\202"
  56      20620B7F 
  56      2621A1AD 
  56      11044A0B 
  56      853682
  57 0025 E8183860 		.ascii	"\350\0308`M\370O\272\313\353\244Ic\257M3\316b\372\205"
  57      4DF84FBA 
  57      CBEBA449 
  57      63AF4D33 
  57      CE62FA85 
  58 0039 29D4319F 		.ascii	")\3241\237=\324\262\370\231\2126\345\210-\012J\210@"
  58      3DD4B2F8 
  58      998A36E5 
  58      882D0A4A 
  58      8840
  59 004b 29281093 		.ascii	")(\020\223$\002\247s\357La\273\250\013\367q\316\375"
  59      2402A773 
  59      EF4C61BB 
  59      A80BF771 
  59      CEFD
  60 005d CE77BE73 		.ascii	"\316w\276s\357)b\234e9c\217\031c{iB0\360k\363\214uy"
  60      EF29629C 
  60      6539638F 
ARM GAS  C:\Users\User\AppData\Local\Temp\ccgyVcMz.s 			page 4


  60      19637B69 
  60      4230F06B 
  61 0075 38A00ED2 		.ascii	"8\240\016\322\003\326\311\321\211\253\".\220\351]\231"
  61      03D6C9D1 
  61      89AB222E 
  61      90E95D99 
  62 0085 E5658392 		.ascii	"\345e\203\222\206\023\2371.\310\236=\266`,AS\015\014"
  62      86139F31 
  62      2EC89E3D 
  62      B6602C41 
  62      530D0C
  63 0098 A28C50CF 		.ascii	"\242\214P\317r\033N\361\025a\013\200\223\271\270\372"
  63      721B4EF1 
  63      15610B80 
  63      93B9B8FA 
  64 00a8 22B94D99 		.ascii	"\"\271M\231\034\273\310\374\221\236xW,\216\203\321y"
  64      1CBBC8FC 
  64      919E7857 
  64      2C8E83D1 
  64      79
  65 00b9 ED86B3BF 		.ascii	"\355\206\263\277\364\226\224\021\351|>/\344n[\010\244"
  65      F4969411 
  65      E97C3E2F 
  65      E46E5B08 
  65      A4
  66 00ca 21880FC3 		.ascii	"!\210\017\303\360a\010>F.\206\021\224*\370\207\311\315"
  66      F061083E 
  66      462E8611 
  66      942AF887 
  66      C9CD
  67 00dc EB3B0C57 		.ascii	"\353;\014W\352WJ\334\206\001\332\307\027\341\310\315"
  67      EA574ADC 
  67      8601DAC7 
  67      17E1C8CD 
  68 00ec 5CAF74D6 		.ascii	"\\\257t\326o\342\325Q7i\247\010A\261.\306\242\204T\225"
  68      6FE2D551 
  68      3769A708 
  68      41B12EC6 
  68      A2845495 
  69 0100 F409AE76 		.ascii	"\364\011\256v\261\014\256\270.:\321\247^qB\313x\375"
  69      B10CAEB8 
  69      2E3AD1A7 
  69      5E7142CB 
  69      78FD
  70 0112 3619F796 		.ascii	"6\031\367\226\244\264\216\225\304\366~\351D\366))\243"
  70      A4B48E95 
  70      C4F67EE9 
  70      44F62929 
  70      A3
  71 0123 7F4AD125 		.ascii	"\177J\321%\216\241$IL\237\020Y\353\315N\277\031\011"
  71      8EA12449 
  71      4C9F1059 
  71      EBCD4EBF 
  71      1909
  72 0135 FFD6D59D 		.ascii	"\377\326\325\235\177\226\005C(\220\026\227\020\330\242"
  72      7F960543 
  72      28901697 
ARM GAS  C:\Users\User\AppData\Local\Temp\ccgyVcMz.s 			page 5


  72      10D8A2
  73 0144 9B611C06 		.ascii	"\233a\034\006QL\300H\012\221g\311\304\276\317=Y\212"
  73      514CC048 
  73      0A9167C9 
  73      C4BECF3D 
  73      598A
  74 0156 B8959390 		.ascii	"\270\225\223\220\261\236L\326\255\336\252H\007\316\217"
  74      B19E4CD6 
  74      ADDEAA48 
  74      07CE8F
  75 0165 6EAC7AF3 		.ascii	"n\254z\363\246\"w\221+5\366\355\271\307F\022\26600E"
  75      A6227791 
  75      2B35F6ED 
  75      B9C74612 
  75      B6303045 
  76 0179 CA269532 		.ascii	"\312&\2252\272H\277\\\377\3526Gew\227\0348g\0137\356"
  76      BA48BF5C 
  76      FFEA3647 
  76      6577971C 
  76      38670B37 
  77 018e C0463F15 		.ascii	"\300F?\025\257\263\022 \027\233\\2\374\343\0320E\341"
  77      AFB31220 
  77      179B5C32 
  77      FCE31A30 
  77      45E1
  78 01a0 1EDC8589 		.ascii	"\036\334\205\211\003\276\002\002\367\340'YJ\323\372"
  78      03BE0202 
  78      F7E02759 
  78      4AD3FA
  79 01af C7B99E9D 		.ascii	"\307\271\236\235\005E\177\233\317\203\373:\037\012l"
  79      05457F9B 
  79      CF83FB3A 
  79      1F0A6C
  80 01be D330B7D6 		.ascii	"\3230\267\326Cm\204\031\212\324\354\217\376\201}V\263"
  80      436D8419 
  80      8AD4EC8F 
  80      FE817D56 
  80      B3
  81 01cf F302FB03 		.ascii	"\363\002\373\003\315>g_\032\366\346\3319\036R\3442\""
  81      CD3E675F 
  81      1AF6E6D9 
  81      391E52E4 
  81      3222
  82 01e1 EFFB8602 		.ascii	"\357\373\206\002\272/\324\037\260/\210\014\014^\206"
  82      BA2FD41F 
  82      B02F880C 
  82      0C5E86
  83 01f0 72E8EF8B 		.ascii	"r\350\357\213\222>j\002j\371\352\252\303\365\201\226"
  83      923E6A02 
  83      6AF9EAAA 
  83      C3F58196 
  84 0200 6053B0BE 		.ascii	"`S\260\276J\255\265\341\263\315\301\220\277\262\275"
  84      4AADB5E1 
  84      B3CDC190 
  84      BFB2BD
  85 020f A2A12378 		.ascii	"\242\241#x\2729\324am\365\347\221!\313_y\310\014YfK"
  85      BA39D461 
ARM GAS  C:\Users\User\AppData\Local\Temp\ccgyVcMz.s 			page 6


  85      6DF5E791 
  85      21CB5F79 
  85      C80C5966 
  86 0224 63AB69B5 		.ascii	"c\253i\265\005\324\336`\205\313\003\314\335\330d\205"
  86      05D4DE60 
  86      85CB03CC 
  86      DDD86485 
  87 0234 83A74EBA 		.ascii	"\203\247N\272\324\322\364\237\314gBma\313\254\255\253"
  87      D4D2F49F 
  87      CC67426D 
  87      61CBACAD 
  87      AB
  88 0245 A9386856 		.ascii	"\2518hVW\0371\353\216\325\264\373\013\271\032Z[\233"
  88      571F31EB 
  88      8ED5B4FB 
  88      0BB91A5A 
  88      5B9B
  89 0257 CB5BD84F 		.ascii	"\313[\330O\015\232,\377"
  89      0D9A2CFF 
  90              		.text
  91              		.section	.gnu.lto_stStopAlarm.a45adfd8,"",%progbits
  92 0000 789CA550 		.ascii	"x\234\245P\277KBQ\024>\337\273\366\222\240=(Z\232\\"
  92      BF4B4251 
  92      143EDFBB 
  92      F692A03D 
  92      285A9A5C 
  93 0014 BC5890D0 		.ascii	"\274X\220\320\320b\004\201N6\012R:\370@z\341\263\034"
  93      D0620481 
  93      4E360A52 
  93      3AF8407A 
  93      E1B31C
  94 0027 7D862558 		.ascii	"}\206%XTK?\034\342\015\016\366\303\03786\004bAS\005"
  94      544B3F1C 
  94      E20D0EF6 
  94      C31F3836 
  94      04624153 
  95 003c FD05E150 		.ascii	"\375\005\341P4\004ARA\220\335\373\214p\357\300\271\347"
  95      34044152 
  95      4190DDFB 
  95      8C70EFC0 
  95      B9E7
  96 004e DEEF7CF7 		.ascii	"\336\357|\367\373\316\275}\244\020\007Q\235\210\206"
  96      FBCEBD7D 
  96      A4100751 
  96      9D8886
  97 005d 45821194 		.ascii	"E\202\021\224\335[\242\214S\001\344\306t\202\322\012"
  97      DD5BA28C 
  97      5301E4C6 
  97      7482D20A 
  98 006d D2D86107 		.ascii	"\322\330a\007\014\315\334\343\271\342*\231\"\032\007"
  98      0CCDDCE3 
  98      B9E22A99 
  98      221A07
  99 007c 6D75C35C 		.ascii	"mu\303\\\037\262\030QA\244\014\224\340\"Ak\325\277\367"
  99      1FB21851 
  99      41A40C94 
  99      E022416B 
ARM GAS  C:\Users\User\AppData\Local\Temp\ccgyVcMz.s 			page 7


  99      D5BFF7
 100 008f 06554717 		.ascii	"\006UG\027\3071TaA\265{4\314\357N\316l\\\025\3615+Z"
 100      C7315461 
 100      41B57B34 
 100      CCEF4ECE 
 100      6C5C15F1 
 101 00a6 7991D263 		.ascii	"y\221\322c\223)\262\262g4\333\237\326\345S\253\357O"
 101      9329B2B2 
 101      6734DB9F 
 101      D6E553AB 
 101      EF4F
 102 00b8 23DBB5FA 		.ascii	"#\333\265\372T\231\255S`\350\325\307\011Tap\012U\200"
 102      5499AD53 
 102      60E8D5C7 
 102      09546170 
 102      0A5580
 103 00cb FBEBCDBB 		.ascii	"\373\353\315\273\376mf1\330\234\333\312\307\353@\367"
 103      FE6D6631 
 103      D89CDBCA 
 103      C7EB40F7 
 104 00db 28351C02 		.ascii	"(5\034\002*V\337\257\235\026\216`1\005e\214\340\014"
 104      2A56DFAF 
 104      9D168E60 
 104      3105658C 
 104      E00C
 105 00ed 2324B9A7 		.ascii	"#$\271\2477\355\267~^1\263\031\363\241\2635Z\236\266"
 105      37EDB77E 
 105      5E31B319 
 105      F3A1B335 
 105      5A9EB6
 106 0100 18430516 		.ascii	"\030C\005\026\016\305\204\266\011\252\340\275\036b\016"
 106      0EC584B6 
 106      09AAE0BD 
 106      1E620E
 107 010f D4C4ED17 		.ascii	"\324\304\355\027\254=l^\214\311\331\354\037\310\213"
 107      AC3D6C5E 
 107      8CC9D9EC 
 107      1FC88B
 108 011e 86788A42 		.ascii	"\206x\212B\344\367M\205\"1mQ\013\371\344\032L\256D5"
 108      E4F74D85 
 108      22316D51 
 108      0BF9E41A 
 108      4CAE4435 
 109 0132 DDE35D9D 		.ascii	"\335\343]\235\010\247\264\245\250\2362z\361.S7<\336"
 109      08A7B4A5 
 109      A89E327A 
 109      F12E5337 
 109      3CDE
 110 0144 49AE1B3C 		.ascii	"I\256\033<\266\020\347F\"\"k\330H\272#\264\370O\261"
 110      B610E746 
 110      22226BD8 
 110      48BA23B4 
 110      F84FB1
 111 0157 653D9134 		.ascii	"e=\2214xp>01\316\375\376\031>?\027X\365\374\312\207"
 111      78703E30 
 111      31CEFDFE 
 111      193E3F17 
ARM GAS  C:\Users\User\AppData\Local\Temp\ccgyVcMz.s 			page 8


 111      58F5FCCA 
 112 016c E3F1A83B 		.ascii	"\343\361\250;F?d\253\247\013"
 112      463F64AB 
 112      A70B
 113              		.text
 114              		.section	.gnu.lto_stSetAlarm.a45adfd8,"",%progbits
 115 0000 789CA552 		.ascii	"x\234\245RMh\023A\024\236o'\311\206\250T\320\203`\016"
 115      4D681341 
 115      149E6F27 
 115      C986A854 
 115      D083600E 
 116 0014 2294520F 		.ascii	"\"\224R\017]b\301\202\327\012\"\244xh\301K!4\211\220"
 116      5D62C182 
 116      D70A22A4 
 116      7868C14B 
 116      21348990 
 117 0028 4034D28D 		.ascii	"@4\322\215\355\315N\327\326`\012\325\213I{X\267\020"
 117      EDCD4ED7 
 117      D6600AD5 
 117      8B497B58 
 117      B710
 118 003a A51ACD5F 		.ascii	"\245\032\315_UT\024Y\342\337E[\350E\241\021D\254\340"
 118      55541459 
 118      E2DF455B 
 118      E845A111 
 118      44ACE0
 119 004d 4128F527 		.ascii	"A(\365'\210\320\370fS\245\236\035\230y\363\336|\357"
 119      88D0F866 
 119      53A59E1D 
 119      9879F3DE 
 119      7CEF
 120 005f 7BDF7B8C 		.ascii	"{\337{\214\233)l\227\302\330\023\306\330^\332\340\014"
 120      9B296C97 
 120      C2D813C6 
 120      D85EDAE0 
 120      0C
 121 0070 CAE545C6 		.ascii	"\312\345E\306\306\275\012 /\302\0136\246`\014\227x\216"
 121      C6BD0A20 
 121      2FC20B36 
 121      A6600C97 
 121      788E
 122 0082 A396FEF4 		.ascii	"\243\226\376\364P\351\234\027\264\354\\E\275 &\367X"
 122      50E99C17 
 122      B4EC5C45 
 122      BD2026F7 
 122      58
 123 0093 9CB159DA 		.ascii	"\234\261Y\332ra\036\235\204z\336l\330m\323\334\342\200"
 123      72611E9D 
 123      847ADE6C 
 123      D86DD3DC 
 123      E280
 124 00a5 42EEF2DA 		.ascii	"B\356\362\332+s\233t\025\354$\367W\241Ro\343\307\301"
 124      2B739B74 
 124      15EC24F7 
 124      57A1526F 
 124      E3C7C1
 125 00b8 E8BE7ED5 		.ascii	"\350\276~\325\336\337q]\010C\330\365\363\\\354\2668"
ARM GAS  C:\Users\User\AppData\Local\Temp\ccgyVcMz.s 			page 9


 125      DEDF715D 
 125      0843D8F5 
 125      F35CECB6 
 125      38
 126 00c9 47019CF8 		.ascii	"G\001\234\370p\023~\334\200\237Q\210\341\026:$\374C"
 126      70137EDC 
 126      809F5188 
 126      E1163A24 
 126      FC43
 127 00db 75E3CA0E 		.ascii	"u\343\312\016\217+\377\247$n\303\003\262\345e\330b\243"
 127      8F2BFFA7 
 127      246EC303 
 127      B2E565D8 
 127      62A3
 128 00ed 9916F6C7 		.ascii	"\231\026\366\307kxt\324M\332)\203S\256\213\261\014!"
 128      6B7874D4 
 128      4DDA2983 
 128      53AE8BB1 
 128      0C21
 129 00ff 6527535C 		.ascii	"e'S\\\221\226\257B\221\\\027\355\3143\037?\341\310x"
 129      9196AF42 
 129      915C17ED 
 129      CC331F3F 
 129      E1C878
 130 0112 B362E67C 		.ascii	"\263b\346|\355yG\307\013s\373\214\260\215}RJ\361_)N"
 130      ED7947C7 
 130      0B73FB8C 
 130      B08D7D52 
 130      4AF15F29 
 131 0127 8B25B49B 		.ascii	"\213%\264\233\304\364\031\306zz\351\376\333R\352\257"
 131      C4F419C6 
 131      7A7AE9FE 
 131      DB52EAAF 
 132 0137 AE89D658 		.ascii	"\256\211\326X\036\250\\\202\034q\263\034[t3\224\341"
 132      1EA85C82 
 132      1C71B31C 
 132      5B743394 
 132      E1
 133 0148 218A0A3C 		.ascii	"!\212\012<&\347-\226Z\366\347\343\247\337\015U\006\011"
 133      26E72D96 
 133      5AF6E7E3 
 133      A7DF0D55 
 133      0609
 134 015a 999DAC2D 		.ascii	"\231\235\254-\251rVn'q\261\330X\363\265\\I\356\242P"
 134      A972566E 
 134      2771B1D8 
 134      58F3B55C 
 134      49EEA250 
 135 016e BEF4E3A5 		.ascii	"\276\364\343\245\327\202\011\213{\260@\312\252R\031"
 135      D782098B 
 135      7BB040CA 
 135      AA5219
 136 017d 3D145E7F 		.ascii	"=\024^\177\373\252jE11.\346\316Y\\\305\035X\230\241"
 136      FBAA6A45 
 136      31312EE6 
 136      CE595CC5 
 136      1D5898A1 
ARM GAS  C:\Users\User\AppData\Local\Temp\ccgyVcMz.s 			page 10


 137 0191 E69DAA04 		.ascii	"\346\235\252\004hf\253\357<\201\262\003X\240t/\356B"
 137      6866ABEF 
 137      3C81B203 
 137      58A0742F 
 137      EE42
 138 01a3 C301FF26 		.ascii	"\303\001\377&\002\367\020 Yl\025\306\373\251z\304\231"
 138      02F71020 
 138      596C15C6 
 138      FBA97AC4 
 138      99
 139 01b4 ADEC837D 		.ascii	"\255\354\203}\2011\327\230\206\0148#\310PS4H\3726\301"
 139      8131D798 
 139      860C3823 
 139      C8505334 
 139      48FA36C1 
 140 01c8 DEC38391 		.ascii	"\336\303\203\221X<\034\037\354\225g\177\352l4\236\014"
 140      583C1C1F 
 140      EC95677F 
 140      EA6C349E 
 140      0C
 141 01d9 F48C7487 		.ascii	"\364\214t\207F\343\247\243\311Q}k\274\205L\352\201\236"
 141      46E3A7A3 
 141      C9517D6B 
 141      BC854CEA 
 141      819E
 142 01eb 435A52D7 		.ascii	"CZR\327bC\011M\037\216H\033\322S]\021\246\016\205\365"
 142      6243094D 
 142      1F8E481B 
 142      D2535D11 
 142      A60E85F5 
 143 01ff 54FCD449 		.ascii	"T\374\324I\227<\302\377\311|&9\234\322\265\376\201\276"
 143      973CC2FF 
 143      C97C2639 
 143      9CD2B5FE 
 143      81BE
 144 0211 EE835A30 		.ascii	"\356\203Z0xD\0338\3267\022\330\254\025J$\242]1\366\033"
 144      78441B38 
 144      D63712D8 
 144      AC154A24 
 144      A25D31F6 
 145 0226 29C5EFAB 		.ascii	")\305\357\253"
 146              		.text
 147              		.section	.gnu.lto_stGetAlarm.a45adfd8,"",%progbits
 148 0000 789CA590 		.ascii	"x\234\245\220OH\024a\030\306\337g\336\335\231\251\210"
 148      4F481461 
 148      18C6DF67 
 148      DEDD99A9 
 148      88
 149 0011 3ADBD2DD 		.ascii	":\333\322\335\016\016\223\240\320\325 \202\365\244G"
 149      0E0E93A0 
 149      D0D52082 
 149      F5A447
 150 0020 61C9DDC3 		.ascii	"a\311\335\303.,M8\233\036\375\\\014\373\207J\240\253"
 150      2E2C4D38 
 150      9B1EFD5C 
 150      0CFB874A 
 150      A0AB
ARM GAS  C:\Users\User\AppData\Local\Temp\ccgyVcMz.s 			page 11


 151 0032 C432C10A 		.ascii	"\3042\301\012\376\251u\334k\207\030\214\350R\026\336"
 151      FEA975DC 
 151      6B87188C 
 151      E85216DE 
 152 0042 03112F1E 		.ascii	"\003\021/\036\202E%\023\303\351\375v%\274\367\301\367"
 152      82452513 
 152      C3E9FD76 
 152      25BCF7C1 
 152      F7
 153 0053 E77DF9F1 		.ascii	"\347}\371\361\274\317\363%\311\240\247 j\020\321\015"
 153      BCCFF325 
 153      C9A0A720 
 153      6A10D10D 
 154 0063 D9608231 		.ascii	"\331`\2021\273E4a\033\200~(\0334n`\0343\\a|\212\217"
 154      BB453461 
 154      1B807E28 
 154      1B346E60 
 154      1C335C61 
 155 007a A36BD31C 		.ascii	"\243k\323\034hL\312\355\346\227\352\025]\002\327\245"
 155      684CCAED 
 155      E697EA15 
 155      5D02D7A5 
 156 008a 5C5B0A0F 		.ascii	"\\[\012\017\354\316e\245\312*\2524\255\327\033\337U"
 156      ECCE65A5 
 156      CA2AAA34 
 156      ADD71BDF 
 156      55
 157 009b 32608316 		.ascii	"2`\203\026\005_A\012\313H\351\031\253\350$\241w\033"
 157      055F410A 
 157      CB48E919 
 157      ABE824A1 
 157      771B
 158 00ad 677357CD 		.ascii	"gsW\315D\215I\003\322_\203)V(\334F\244\316\342)\025"
 158      448D4903 
 158      D25F8329 
 158      5628DC46 
 158      A4CEE229 
 159 00c2 EDD5707A 		.ascii	"\355\325pz/aP\300\314r$\210\236\013\250]\275\020U\271"
 159      2F6150C0 
 159      CC722488 
 159      9E0BA85D 
 159      BD1055B9 
 160 00d6 791F9B1F 		.ascii	"y\037\233\037N\202\217\361\356\245\177\202\223JVT\371"
 160      4E828FF1 
 160      EEA57F82 
 160      934A5654 
 160      F9
 161 00e7 6D75B414 		.ascii	"mu\264\024\027\031\027\206\021\336\302\224Q\357`VY'"
 161      17191786 
 161      11DEC294 
 161      51EF6056 
 161      5927
 162 00f9 987FB2F9 		.ascii	"\230\177\262\371\315\322\011\222-l\253~\334\274\334"
 162      CDD20992 
 162      2D6CAB7E 
 162      DCBCDC
 163 0108 2EB54C42 		.ascii	".\265LBZ\265\365_\237\355\000U\004lb]R\324u\012\235"
ARM GAS  C:\Users\User\AppData\Local\Temp\ccgyVcMz.s 			page 12


 163      5AB5F55F 
 163      9FED0055 
 163      046C625D 
 163      52D4750A 
 164 011d F6EBD1A1 		.ascii	"\366\353\321\241\345\324\325\344\204\332\211_\336\014"
 164      E5D4D5E4 
 164      84DA895F 
 164      DE0C
 165 012b 5F096121 		.ascii	"_\011a!D\200\005q\331\032$T<\337\370a\272\241\246\336"
 165      44800571 
 165      D91A2454 
 165      3CDFF861 
 165      BAA1A6DE 
 166 013f BC3702B6 		.ascii	"\2747\002\266\261\001\007\267R\347\004\032pi\037\345"
 166      B10107B7 
 166      52E7041A 
 166      70691FE5 
 167 014f 83A9556E 		.ascii	"\203\251Un\273b1F?Q\336y\366\207u\000\351\310\247Hr"
 167      BB623146 
 167      3F51DE79 
 167      F6877500 
 167      E9C8A748 
 168 0164 E8C40651 		.ascii	"\350\304\006Q\272\357\316P6_\030.\014\365\351s\240\364"
 168      BAEFCE50 
 168      365F182E 
 168      0CF5E973 
 168      A0F4
 169 0176 3857F0DC 		.ascii	"8W\360\334\336\321\356\314X\341a\316\033\363/\366\333"
 169      DED1EECC 
 169      58E161CE 
 169      1BF32FF6 
 169      DB
 170 0187 A4E7BBBD 		.ascii	"\244\347\273\275=\216\347;\371\007E\307\037\311\352"
 170      3D8EE73B 
 170      F90745C7 
 170      1FC9EA
 171 0196 3BE397BA 		.ascii	";\343\227\272\2624\374\237b\217\274\221\222\357\014"
 171      B234FC9F 
 171      628FBC91 
 171      92EF0C
 172 01a5 0CF677DF 		.ascii	"\014\366w\337v\322\351\273\316\340\375\376Q\367\\>S"
 172      76D2E9BB 
 172      CEE0FDFE 
 172      51F75C3E 
 172      53
 173 01b6 2CE6BAF2 		.ascii	",\346\272\362\364\027\231\262\303'"
 173      F41799B2 
 173      C327
 174              		.text
 175              		.section	.gnu.lto_.symbol_nodes.a45adfd8,"",%progbits
 176 0000 789C55C8 		.ascii	"x\234U\310K\015\200@\014\006\341\351\277\254/\020\305"
 176      4B0D8040 
 176      0C06E1E9 
 176      BFAC2F10 
 176      C5
 177 0011 B92B0101 		.ascii	"\271+\001\001<\023T \002\015(!4\334:\227I\276\212\030"
 177      3C135420 
ARM GAS  C:\Users\User\AppData\Local\Temp\ccgyVcMz.s 			page 13


 177      020D2821 
 177      34DC3A97 
 177      49BE8A18 
 178 0025 8934CB61 		.ascii	"\2114\313a\272!v\265!d\221[\226U\256,\233\274d\331\345"
 178      BA2176B5 
 178      2164915B 
 178      9655AE2C 
 178      9BBC64D9 
 179 003a 5D123BE4 		.ascii	"]\022;\344\365\027h\255\207B\345|^\343\003\325E\035"
 179      F51768AD 
 179      8742E57C 
 179      5EE303D5 
 179      451D
 180 004c 35       		.ascii	"5"
 181              		.text
 182              		.section	.gnu.lto_.refs.a45adfd8,"",%progbits
 183 0000 789C6365 		.ascii	"x\234ce`b`d\000\002\000\000I\000\011"
 183      60626064 
 183      00020000 
 183      490009
 184              		.text
 185              		.section	.gnu.lto_.decls.a45adfd8,"",%progbits
 186 0000 789CBD57 		.ascii	"x\234\275W}LTW\026\177\347\335\001a\000\265\243\333"
 186      7D4C5457 
 186      167FE7DD 
 186      016100B5 
 186      A3DB
 187 0012 75B36E96 		.ascii	"u\263n\226\030\024\262I\301\201F\223\375\303\330\216"
 187      1814B249 
 187      C1814693 
 187      FDC3D88E 
 188 0022 DDB6496D 		.ascii	"\335\266Im7\203\333l\262l&\010\264\222\360\341:c\233"
 188      3783DB6C 
 188      B26C2608 
 188      B492F0E1 
 188      3A639B
 189 0035 66FFE893 		.ascii	"f\377\350\223\241-\242U\251\242\202_|\010\242\370\001"
 189      A12DA255 
 189      A9A2825F 
 189      7C08A2F8 
 189      01
 190 0046 52B188C2 		.ascii	"R\261\210\302\010:E>\\\212UD\024\320\326o\253\224\372"
 190      083A453E 
 190      5C8A5544 
 190      14D0D66F 
 190      AB94FA
 191 0059 81A89D3D 		.ascii	"\201\250\235=\367\343\361\236\317\241\273\233\246\373"
 191      F7E3F19E 
 191      CFA1BB9B 
 191      A6FB
 192 0067 32E7CD3D 		.ascii	"2\347\315=\367\376\316\357\234{\316\275\357\276\027"
 192      F7FECEEF 
 192      9C7BCEBD 
 192      EFBE17
 193 0076 20C95289 		.ascii	" \311R\211E\222N\020I\252\002I\362\341\025(I\322\036"
 193      45924E10 
 193      49AA0249 
ARM GAS  C:\Users\User\AppData\Local\Temp\ccgyVcMz.s 			page 14


 193      F2E11528 
 193      49D21E
 194 0089 49BBA8BE 		.ascii	"I\273\250\276\027\345\010J#\312Q\224c(^\351\331\353"
 194      17E5084A 
 194      23CA5194 
 194      63285EE9 
 194      D9EB
 195 009b EFC88154 		.ascii	"\357\310\201T\322\333('t<\262\340\360g\363O\264\011"
 195      D2DB2827 
 195      743CB2E0 
 195      F067F34F 
 195      B409
 196 00ad 1636188A 		.ascii	"\0266\030\2124\031\345\020J$\312\257pl2\312elwK\234"
 196      3419E510 
 196      4A24CAAF 
 196      706C32CA 
 196      656C774B 
 197 00c2 FB39D465 		.ascii	"\3739\324e\224\000\340\2744\256_c\033\177\322\014x\232"
 197      9400E0BC 
 197      34AE5F63 
 197      1B7FD20C 
 197      789A
 198 00d4 FB43D44D 		.ascii	"\373C\324M\202[\345\242<\024\246\332\3239E\031\354\350"
 198      825BE5A2 
 198      3C14A6DA 
 198      D3394519 
 198      ECE8
 199 00e6 E5FE1FE2 		.ascii	"\345\376\037\342\0025.\221\237?\210xb\015\274\313\005"
 199      02352E91 
 199      9F3F8878 
 199      620DBCCB 
 199      05
 200 00f7 A7916FC6 		.ascii	"\247\221o\306\177\340\244\371~Qp\3162pn P\373\351\261"
 200      7FE0A4F9 
 200      7E5170CE 
 200      32706E20 
 200      50FBE9B1 
 201 010b 23721F9C 		.ascii	"#r\037\234\007\304\302D\326\013\300\357\300\204\251"
 201      07C4C244 
 201      D60BC0EF 
 201      C084A9
 202 011a 3EF50260 		.ascii	">\365\002`\375\330+K\202T\355\002\325B\350\262PeA\311"
 202      FDD82B4B 
 202      8254ED02 
 202      D542E8B2 
 202      506541C9 
 203 012e 7EC21874 		.ascii	"~\302\030t\214|\230{R/>\007\336`f\2525\310\232\003\000"
 203      8C7C987B 
 203      522F3E07 
 203      DE6066AA 
 203      35C89A03 
 204 0143 BD818E90 		.ascii	"\275\201\216\220\207-\306G\343\223\264\311\201:\373"
 204      872DC647 
 204      E393B4C9 
 204      813AFB
 205 0152 EF0BDAAF 		.ascii	"\357\013\332\257\230\373\341\002\355-\232\013\254\357"
 205      98FBE102 
ARM GAS  C:\Users\User\AppData\Local\Temp\ccgyVcMz.s 			page 15


 205      ED2D9A0B 
 205      ACEF
 206 0160 93FDB7FB 		.ascii	"\223\375\267\373\003\010.\023l\367?\254\370S\364n\205"
 206      03082E13 
 206      6CF73FAC 
 206      F853F46E 
 206      85
 207 0171 5F41BFD1 		.ascii	"_A\277\321\322v\334\367\3003a\025\001\213\031dT\273"
 207      D276DCF7 
 207      C0336115 
 207      018B1964 
 207      54BB
 208 0183 06DBB784 		.ascii	"\006\333\267\204\240:\331\014\023Q\035^v\372\250y\312"
 208      A03AD90C 
 208      13511D5E 
 208      76FAA879 
 208      CA
 209 0194 7A66E556 		.ascii	"zf\345V&\312\360\366\363\260\033\246B%LE\347{`\012\336"
 209      26CAF0F6 
 209      F3B01BA6 
 209      42254C45 
 209      E77B600A 
 210 01a9 179A3893 		.ascii	"\027\2328\223'k\355\236q\323\212\224\242\001\305\323"
 210      276BED9E 
 210      71D38A94 
 210      A201C5D3 
 211 01b9 9DF5FBF5 		.ascii	"\235\365\373\365n\245\002\255\302)\012v\002\201]\020"
 211      6EA502AD 
 211      C2290A76 
 211      02815D10 
 212 01c9 4D23C626 		.ascii	"M#\306&\336+\240\037`\007\364\341|\366\3024\264v\357"
 212      DE2BA01F 
 212      6007F4E1 
 212      7CF6C234 
 212      B476EF
 213 01dc 3E971B40 		.ascii	">\227\033@\034,\330\262\221G\203\004\203\230a\006\237"
 213      1C2CD8B2 
 213      91478304 
 213      83986106 
 213      9F
 214 01ed 8F60C7BE 		.ascii	"\217`\307\276[u\017\303x\007\035ol;Q\036J\322h[^S\\"
 214      5B750FC3 
 214      78071D6F 
 214      6C3B511E 
 214      4AD2685B 
 215 0204 B92218CC 		.ascii	"\271\"\030\314Q9\212\222Ec\014\210\222F#\204\317!\212"
 215      51398A92 
 215      45630C88 
 215      92462384 
 215      CF218A
 216 0217 DA50CF50 		.ascii	"\332P\317P\215\235U\330YN\347\342\361m\235\261\341\023"
 216      8D9D55D8 
 216      594EE7E2 
 216      F16D9DB1 
 216      E113
 217 0229 4591A106 		.ascii	"E\221\241\006\314\260_\213n\206\231O\246!\257\367\212"
 217      CCB05F8B 
ARM GAS  C:\Users\User\AppData\Local\Temp\ccgyVcMz.s 			page 16


 217      6E86994F 
 217      A621AFF7 
 217      8A
 218 023a 993C01E6 		.ascii	"\231<\001\346\343\261{\375\035\023D\231\271\351\203"
 218      E3B17BFD 
 218      1D134499 
 218      B9E983
 219 0249 96D8631F 		.ascii	"\226\330c\037Q\323\203hz@3E&\374\363\033G\255\2378\320"
 219      51D38368 
 219      7A403345 
 219      26FCF31B 
 219      47AD9F38 
 220 025e C9EA03BD 		.ascii	"\311\352\003\275\217'\020\2050'\025[6}\0278\352\244"
 220      8F271085 
 220      3027155B 
 220      367D1738 
 220      EAA4
 221 0270 FBFA8BE5 		.ascii	"\373\372\213\345\314\311!t\362\205\346\344\340\330N"
 221      CCC92174 
 221      F285E6E4 
 221      E0D84E
 222 027f EAFC3BD9 		.ascii	"\352\374;\331s\324\323\036f\242\233\202Ra\261h\237\333"
 222      73D4D31E 
 222      66A29B82 
 222      5261B168 
 222      9FDB
 223 0291 97337ECC 		.ascii	"\2273~\314\262\036fe\255\007QWwO^\265V\327\310\213\373"
 223      B21E6665 
 223      AD075157 
 223      774F5EB5 
 223      56D7C88B 
 224 02a6 15052353 		.ascii	"\025\005#SL\024\007\373\264\320\366\031\013{\204\025"
 224      4C1407FB 
 224      B4D0F619 
 224      0B7B8415 
 225 02b6 F6C4A3FD 		.ascii	"\366\304\243\375\343I\037\233#\\\037\256\360\206\012"
 225      E3491F9B 
 225      235C1FAE 
 225      F0860A
 226 02c5 AAAEDF16 		.ascii	"\252\256\337\026(\036\234\005\316\221\256\220\006\215"
 226      281E9C05 
 226      CE91AE90 
 226      068D
 227 02d3 A8C148D4 		.ascii	"\250\301H\324\310\210>\253y\260-\200\334\340L#W\333"
 227      C8883EAB 
 227      79B02D80 
 227      DCE04C23 
 227      57DB
 228 02e5 9A020553 		.ascii	"\232\002\005S\323\357F\231hH\036\215\311cd:\312\230"
 228      D3EF4699 
 228      68481E8D 
 228      C963643A 
 228      CA98
 229 02f7 76DFEDDC 		.ascii	"v\337\355\334\037F\356q\246\212\3122%D\237\013\232&"
 229      1F46EE71 
 229      A68ACA32 
 229      25449F0B 
ARM GAS  C:\Users\User\AppData\Local\Temp\ccgyVcMz.s 			page 17


 229      9A26
 230 0309 2D19CD4F 		.ascii	"-\031\315O\255\361\336\262\322J\325\255w\333\363y\352"
 230      ADF1DEB2 
 230      D24AD5AD 
 230      77DBF379 
 230      EA
 231 031a 1A471434 		.ascii	"\032G\0244i~\233\214~\2171\277\337\257\274S\204\365"
 231      697E9B8C 
 231      7E8F31BF 
 231      DFAFBC53 
 231      84F5
 232 032c 3631BFDB 		.ascii	"61\277\333jV\255\016C\252\001\254\366\325\345\344\221"
 232      6A56AD0E 
 232      43AA01AC 
 232      F6D5E5E4 
 232      91
 233 033d DBBB5229 		.ascii	"\333\273R)\006\266\251\340\270Fu\234R\321\206\227Q|"
 233      06B6A9E0 
 233      B846759C 
 233      52D18697 
 233      517C
 234 034f 955DB599 		.ascii	"\225]\265\231\360\355j\242\214\035\205\337\214\347\333"
 234      F0ED6AA2 
 234      8C1D85DF 
 234      8CE7DB
 235 035e 359CEEF2 		.ascii	"5\234\356\362\341\356\276\320\320\\\272:\326\270\225"
 235      E1EEBED0 
 235      D05CBA3A 
 235      D6B895
 236 036d E0D71859 		.ascii	"\340\327\030Y\013\316\345K6\227\023\020\252\322b\023"
 236      0BCEE54B 
 236      36971310 
 236      AAD26213 
 237 037d F1072FE6 		.ascii	"\361\007/\3467\006s\266\2634\246\302\372\273\255\001"
 237      370673B6 
 237      B334A6C2 
 237      FABBAD01 
 238 038d 5C0FA2C3 		.ascii	"\\\017\242\303\267+\017\206qv\017\035>u\2458;\224\017"
 238      B72B0F86 
 238      71760F1D 
 238      3E75A538 
 238      3B940F
 239 03a0 7752BDF9 		.ascii	"wR\275\371\314\227\203&r\207\317\347B\313\316J\032Y"
 239      CC978326 
 239      7287CFE7 
 239      42CBCE4A 
 239      1A59
 240 03b2 24DDB43E 		.ascii	"$\335\264>\337\004\335\266\215\344\333\266k\365\320"
 240      DF04DDB6 
 240      8DE4DBB6 
 240      6BF5D0
 241 03c1 F671E41E 		.ascii	"\366q\344\036\203\313\005\255\335M\332\236\362m\235"
 241      83CB05AD 
 241      DD4DDA9E 
 241      F26D9D
 242 03d0 53304413 		.ascii	"S0D\023y\012\223\377\2256\373\310\321\325\316\346#\215"
 242      790A93FF 
ARM GAS  C:\Users\User\AppData\Local\Temp\ccgyVcMz.s 			page 18


 242      9536FBC8 
 242      D1D5CEE6 
 242      238D
 243 03e2 4E06BA70 		.ascii	"N\006\272p\265G\212\325\336\211\235\377\342\253}\347"
 243      B5478AD5 
 243      DE899DFF 
 243      E2AB7DE7 
 244 03f2 F6BC9240 		.ascii	"\366\274\222@\242\0040\037\336\206\336\263&\365\331"
 244      A204301F 
 244      DE86DEB3 
 244      26F5D9
 245 0401 602438E3 		.ascii	"`$8\343\207@\335\340\323\274l\357\235\306`\276\326\202"
 245      8740DDE0 
 245      D3BC6CEF 
 245      9DC660BE 
 245      D682
 246 0413 3905E2E1 		.ascii	"9\005\342\341\220\263{U31\347\320\365\362\337\260\242"
 246      90B37B55 
 246      3331E7D0 
 246      F5F2DFB0 
 246      A2
 247 0424 457BFBA3 		.ascii	"E{\373\243\216\000\262\234\205\005+\216\037\360\212"
 247      8E00B29C 
 247      85052B8E 
 247      1FF08A
 248 0433 1AB6507D 		.ascii	"\032\266P}\335\241\346\372\020\262\222\017~\223{\251"
 248      DDA1E6FA 
 248      10B2920F 
 248      7E937BA9 
 249 0443 3990E471 		.ascii	"9\220\344qE-\200E\024`[\357\275V \371|\260\376\340a"
 249      452D8045 
 249      14605BEF 
 249      BD5620F9 
 249      7CB0FEE0 
 250 0458 AF28D64C 		.ascii	"\257(\326L\335\223\333\302\237\334\265WNx\315\274v\012"
 250      DD93DBC2 
 250      9FDCB557 
 250      4E78CDBC 
 250      760A
 251 046a A07EA4EB 		.ascii	"\240~\244\353\374\\R\310-\233\206\252v\210:\322\247"
 251      FC5C52C8 
 251      2D9B86AA 
 251      76883AD2 
 251      A7
 252 047b 6B4EC150 		.ascii	"kN\301P\347\004:\035E\254\032\032\330\350\242\371\206"
 252      E7043A1D 
 252      45AC1A1A 
 252      D8E8A2F9 
 252      86
 253 048c CE1A62A6 		.ascii	"\316\032b\246\302%>\225\236\341\343\347\002,k\030\032"
 253      C2253E95 
 253      9EE1E3E7 
 253      022C6B18 
 253      1A
 254 049d 2B666259 		.ascii	"+fbY\032@x?\203\177\013\026\325\210\035/\371\267\307"
 254      1A40783F 
 254      837F0B16 
ARM GAS  C:\Users\User\AppData\Local\Temp\ccgyVcMz.s 			page 19


 254      D5881D2F 
 254      F9B7C7
 255 04b0 EBC1DD3F 		.ascii	"\353\301\335?\005\336[Z\266\301L\266\362 7\375p\341"
 255      05DE5B5A 
 255      B6C14CB6 
 255      F22037FD 
 255      70E1
 256 04c2 BA589B51 		.ascii	"\272X\233Q\250\226\337\257w\007\221\022>\266\266aK\307"
 256      A896DFAF 
 256      77079112 
 256      3EB6B661 
 256      4BC7
 257 04d4 3852CE15 		.ascii	"8R\316\025u\017X\370\036\310\352~\231\354\342#\215y"
 257      750F58F8 
 257      1EC8EA7E 
 257      99ECE223 
 257      8D79
 258 04e6 9F5D00B2 		.ascii	"\237]\000\262\227+\267\263/\017\210\374LA5\277\355f"
 258      972BB7B3 
 258      2F0F88FC 
 258      4C4135BF 
 258      ED66
 259 04f8 24A9E143 		.ascii	"$\251\341C?\2664G\222:\336\366\326V\354\000\322\310"
 259      3FB63447 
 259      923ADEF6 
 259      D656EC00 
 259      D2C8
 260 050a 95A142EF 		.ascii	"\225\241B\357M3i\346JQ\327\346/\202\210\227+\345\303"
 260      4D3369E6 
 260      4A51D7E6 
 260      2F828897 
 260      2BE5C3
 261 051d EBF1086A 		.ascii	"\353\361\010j\343\312\327u\247sBH'Wr\252\2537\206\220"
 261      E3CAD775 
 261      A7734248 
 261      275772AA 
 261      AB378690 
 262 0531 AFB99255 		.ascii	"\257\271\222U\337\223'N\327\001\252\177[\366mQ\260\250"
 262      DF93274E 
 262      D701AA7F 
 262      5BF66D51 
 262      B0A8
 263 0543 4A20EAB9 		.ascii	"J \352\271]\355\017\200\234\345\340\334\332S}\2461\353"
 263      5DED0F80 
 263      9CE5E0DC 
 263      DA537DA6 
 263      31EB
 264 0555 F050ADC3 		.ascii	"\360P\255\303LV\206\374#\371\007\306\033\313\320\216"
 264      4C5686FC 
 264      23F907C6 
 264      1BCBD08E 
 265 0565 E836861E 		.ascii	"\3506\206\036a\231}\250f\266\363ri\231\311X\207\261"
 265      61997DA8 
 265      66B6F372 
 265      6999C958 
 265      87B1
 266 0577 D0CFDFC9 		.ascii	"\320\317\337\311=z/\014\"\"\"&E\350\256(v/Q\262\335"
ARM GAS  C:\Users\User\AppData\Local\Temp\ccgyVcMz.s 			page 20


 266      3D7A2F0C 
 266      22222226 
 266      45E8AE28 
 266      762F51B2 
 267 058c 8AE74E3D 		.ascii	"\212\347N=\271\266\347\344J\245\250\011\030\025\246"
 267      B9B6E7E4 
 267      4AA5A809 
 267      1815A6
 268 059b 197C3049 		.ascii	"\031|0I\333\007\347\031o\013\275K\334\344R\006>\245"
 268      DB07E719 
 268      6F0BBD4B 
 268      DCE45206 
 268      3EA5
 269 05ad B309839F 		.ascii	"\263\011\203\2374\302;\236\201\267\352\340\275Fx\017"
 269      34C23B9E 
 269      81B7EAE0 
 269      BD46780F 
 270 05bd 835B293A 		.ascii	"\203[):O\314i\256I\202\0078~\237\015Q4\356AX)G\3012"
 270      4FCC69AE 
 270      49820738 
 270      7E9F0D51 
 270      34EE4158 
 271 05d5 39021494 		.ascii	"9\002\024\224\034\224\217P\262P\326\240d\243\254@\371"
 271      1C948F50 
 271      B250D6A0 
 271      64A3AC40 
 271      F9
 272 05e6 186539CA 		.ascii	"\030e9\312\247(\253P>A\311Cy\014\021\360#J.\266\335"
 272      A728AB50 
 272      3E41C943 
 272      790C11F0 
 272      234A2EB6 
 273 05fb 284FB0BD 		.ascii	"(O\260\275Z\216`Oc\036\343\2714-\306\273\306\030c\214"
 273      5A8E604F 
 273      631EE3B9 
 273      342DC6BB 
 273      C618638C 
 274 060f 33EAD2A1 		.ascii	"3\352\322\241\357\371E[5\360\220\016\374\275\021\334"
 274      EFF9455B 
 274      35F0900E 
 274      FCBD11DC 
 275 061f 0F06F439 		.ascii	"\017\006\3649]\262\316\372\317\255\016\335\224\256\241"
 275      5DB2CEFA 
 275      CFAD0EDD 
 275      94AEA1
 276 062e EF18D1DF 		.ascii	"\357\030\321\337\031\3217t\221\014\031\321m\317\324"
 276      19D13774 
 276      910C19D1 
 276      6DCFD4
 277 063d AD4B477E 		.ascii	"\255KG~\313\010\277a$\037\322\241\257\030\321}F\364"
 277      CB08BF61 
 277      241FD2A1 
 277      AF18D17D 
 277      46F4
 278 064f 255D283F 		.ascii	"%](?\370\017E\237\024\035\367M\377\221<\025\270.\207"
 278      F80F459F 
 278      141DF74D 
ARM GAS  C:\Users\User\AppData\Local\Temp\ccgyVcMz.s 			page 21


 278      FF913C15 
 278      B82E87
 279 0662 E7FC2FB8 		.ascii	"\347\374/\270\247\326\247\216\375\266\377$r8?SN\336"
 279      A7D6A78E 
 279      FDB6FF24 
 279      72383F53 
 279      4EDE
 280 0674 B22C5314 		.ascii	"\262,S\024\2400I\234'\332:\272\362\235e\255[i\231\311"
 280      A030499C 
 280      27DA3ABA 
 280      F29D65AD 
 280      5B6999C9 
 281 0688 C8AE1BC9 		.ascii	"\310\256\033\311\256>S\021\235\353k\376\321\243\221"
 281      AE3E5311 
 281      9DEB6BFE 
 281      D1A391
 282 0697 2E4378C6 		.ascii	".Cx\3062\006\177\004\026\030\026pu\353C\253\221|D\227"
 282      32067F04 
 282      16181670 
 282      75EB43AB 
 282      917C4497 
 283 06ab E341FF0B 		.ascii	"\343A\377\013OO>\222\316\311/#\371E\001W\237\357\242"
 283      4F4F3E92 
 283      CEC92F23 
 283      F9450157 
 283      9FEFA2
 284 06be 801C4EDF 		.ascii	"\200\034N\337\020\332\317T\214'\215\201\354ln\332z\270"
 284      10DACF54 
 284      8C278D81 
 284      EC6C6EDA 
 284      7AB8
 285 06d0 00CFFF49 		.ascii	"\000\317\377I<=\367o\007\342g\011\254\223'\301g\362"
 285      3C3DF76F 
 285      07E26709 
 285      AC9327C1 
 285      67F2
 286 06e2 E8814B93 		.ascii	"\350\201K\223\345\177\207\303Z\334\330\277\364&\247"
 286      E57F87C3 
 286      5ADCD8BF 
 286      F426A7
 287 06f1 27C3F5D5 		.ascii	"'\303\365\325\027e\375\013\025\215P{&\347\313\241\354"
 287      1765FD0B 
 287      158D507B 
 287      26E7CBA1 
 287      EC
 288 0702 DD0CFF11 		.ascii	"\335\014\377\021\\\\s\2670\214\264\005\362s\374Lk/\340"
 288      5C5C73B7 
 288      308CB405 
 288      F273FC4C 
 288      6B2FE0
 289 0715 EB9D6780 		.ascii	"\353\235g\200\275\336\325}\324\206O\313e\312\334\327"
 289      BDDED57D 
 289      D4864FCB 
 289      65CADCD7 
 290 0725 D83BEA7A 		.ascii	"\330;\352zm\222\330|\372]q\203\314\276\207\326\\j3\223"
 290      6D92D87C 
 290      FA5D7183 
ARM GAS  C:\Users\User\AppData\Local\Temp\ccgyVcMz.s 			page 22


 290      CCBE87D6 
 290      5C6A3393 
 291 0739 3E4E567A 		.ascii	">NVz\243\256Y\034\365a\250\236/YWf\342\247\3105:\\\334"
 291      A3AE591C 
 291      F561A89E 
 291      2F595766 
 291      E2A7C835 
 292 0750 F1C37A33 		.ascii	"\361\303z3\271\305\261\217\256\255\353\001\216\245A"
 292      B9C5B18F 
 292      AEADEB01 
 292      8EA541
 293 075f 35DFFAFC 		.ascii	"5\337\372\374\301\330\207\373\026Y\034*\233ev\252\234"
 293      C1D887FB 
 293      16591C2A 
 293      9B6576AA 
 293      9C
 294 0770 1E3E3212 		.ascii	"\036>2\022J\3561&\323@\351\320M\374\"\231\012`F)W?\036"
 294      4AEE3126 
 294      D340E9D0 
 294      4DFC2299 
 294      0A604629 
 295 0787 252896CD 		.ascii	"%(\226\315\260U&\352\307w\241\202\364\203\037\322n\376"
 295      B05526EA 
 295      C777A182 
 295      F4831FD2 
 295      6EFE
 296 0799 AE3658A2 		.ascii	"\2566X\242\220)\022\304\261\263\012\266ay\212\231\237"
 296      902912C4 
 296      B1B30AB6 
 296      61798A99 
 296      9F
 297 07aa 12792A14 		.ascii	"\022y*\024\241\243B,5\355A\207_t\326m\012\321\016&`"
 297      A1A3422C 
 297      35ED4187 
 297      5F74D66D 
 297      0AD10E26 
 298 07bf DC85882B 		.ascii	"\334\205\210+\220i|\245\262E\215\222\242\327t\024o"
 298      90697CA5 
 298      B2458D92 
 298      A2D77414 
 298      6F
 299 07d0 0A360B1F 		.ascii	"\0126\013\0379?\351\003\3215=\037o\014\326so\377)\356"
 299      393FE903 
 299      D1353D1F 
 299      6F0CD673 
 299      6FFF29EE 
 300 07e4 81F215F5 		.ascii	"\201\362\025\365dz\251\322\351\301\317\234\246\310\352"
 300      647AA9D2 
 300      E9C1CF9C 
 300      A6C8EA
 301 07f3 2C8FE29E 		.ascii	",\217\342\236\013e\262\0056a\261\360[Fg\272\021{\026"
 301      0B65B205 
 301      3661B1F0 
 301      5B4667BA 
 301      117B16
 302 0806 C81294CB 		.ascii	"\310\022\224\313\323\351G\201\257\256(\214\214\360\364"
 302      D3E94781 
ARM GAS  C:\Users\User\AppData\Local\Temp\ccgyVcMz.s 			page 23


 302      AFAE288C 
 302      8CF0F4
 303 0815 7F9C9B55 		.ascii	"\177\234\233U\035\250\325\275C\253;}\027\337\241\325"
 303      1DA8D5BD 
 303      43AB3B7D 
 303      17DFA1D5 
 304 0825 7D87B1EE 		.ascii	"}\207\261\356\025\254\356\215\327\267\027\232\310\312"
 304      15ACEE8D 
 304      D7B7179A 
 304      C8CA
 305 0833 719C6C57 		.ascii	"q\234lW\347\276q\202\2545\232\177\345\024\363\257\234"
 305      E7BE7182 
 305      AC359A7F 
 305      E514F3AF 
 305      9C
 306 0844 9D1AD34E 		.ascii	"\235\032\323N#\323.\306\364xc\303r [8SwOv\235X\025!"
 306      23D32EC6 
 306      F47863C3 
 306      72205B38 
 306      53774F76 
 307 085c BA17FFC9 		.ascii	"\272\027\377\311\342\305\377\311`\347\023\361FhF\365"
 307      E2C5FFC9 
 307      60E713F1 
 307      466846F5 
 308 086c 5056557F 		.ascii	"PVU\177\300\230\213f\237\272h\366\362<\367\254\272\177"
 308      C0988B66 
 308      9FBA68F6 
 308      F23CF7AC 
 308      BA7F
 309 087e DE64ACE1 		.ascii	"\336d\254\341\036L\326n\226\254*\226\347}j\236\233{"
 309      1E4CD66E 
 309      96AC2A96 
 309      E77D6A9E 
 309      9B7B
 310 0890 EE1E0E33 		.ascii	"\356\036\0163VeL\264\267\246\252@\253\312,Q\225jQ\025"
 310      56654CB4 
 310      B7A6AA40 
 310      ABCA2C51 
 310      956A5115 
 311 08a4 FC9CD399 		.ascii	"\374\234\323\231V\212\252\354gU\251\335\220?\207T\362"
 311      568AAAEC 
 311      6755A9DD 
 311      903F8754 
 311      F2
 312 08b5 D9376FAC 		.ascii	"\3317o\254i\222\265\242<);\251\026\205~\270\325h\251"
 312      6992B5A2 
 312      3C293BA9 
 312      16857EB8 
 312      D568A9
 313 08c8 AC31A6F2 		.ascii	"\2541\246\362s\226J\337\205\206'\241\3440'\353\367\366"
 313      73964ADF 
 313      858627A1 
 313      E43027EB 
 313      F7F6
 314 08da FE6D34A2 		.ascii	"\376m4\2429\206\210\216=\025\321\001\021Q\255<]\012"
 314      3986888E 
 314      3D15D101 
ARM GAS  C:\Users\User\AppData\Local\Temp\ccgyVcMz.s 			page 24


 314      1151AD3C 
 314      5D0A
 315 08ec 74BA5ECF 		.ascii	"t\272^\317Hu\005\275\372\346_\302mV\253\364\206\355"
 315      487505BD 
 315      FAE65FC2 
 315      6D56ABF4 
 315      86ED
 316 08fe 8F09498B 		.ascii	"\217\011I\213R\027\246&\330\350=\336\265495\323:\373"
 316      5217A626 
 316      D8E83DDE 
 316      B5343935 
 316      D33AFB
 317 0911 BD38C7FB 		.ascii	"\2758\307\373\251\031\311\231\357;\365\375\034\231\351"
 317      A919C999 
 317      EF3BF5FD 
 317      1C99E9
 318 0920 B4CE9E15 		.ascii	"\264\316\236\025\223\351\214Y\224\230\026\343\\\222"
 318      93E98C59 
 318      949816E3 
 318      5C92
 319 092e 44FF1D4E 		.ascii	"D\377\035NWt\222\024\352t\305\273\022\227\270^JK\\\222"
 319      57749214 
 319      EA74C5BB 
 319      1297B85E 
 319      4A4B5C92 
 320 0942 6E763896 		.ascii	"nv8\226\246f\270\254\263\034\256lHR\275\260\273\363"
 320      A666B8AC 
 320      B31CAE6C 
 320      4852BDB0 
 320      BBF3
 321 0954 592FBAFE 		.ascii	"Y/\272\376\004Wff\2323\341\335\214\245\341\254\025\216"
 321      04576666 
 321      9A33E1DD 
 321      8CA5E1AC 
 321      158E
 322 0966 64E129E9 		.ascii	"d\341)\351\013S\222\223S\222\023fE\307\205\307\316\264"
 322      0B539293 
 322      53921366 
 322      45C785C7 
 322      CEB4
 323 0978 CEFE8735 		.ascii	"\316\376\2075\001\373_\310\310\314Hy!%\021\231S3\222"
 323      01FB5FC8 
 323      C8CC4879 
 323      21251199 
 323      533392
 324 098b D29626A7 		.ascii	"\322\226&\247$\244'\"WFJ\202#9\345\235\304\245i.\207"
 324      24A42722 
 324      57464A82 
 324      2339E59D 
 324      C4A5692E 
 325 09a0 EB83C529 		.ascii	"\353\203\305)\316\350ER\220\032\316\007\377\307h\234"
 325      CEE84552 
 325      901ACE07 
 325      FFC7689C 
 326 09b0 1F381330 		.ascii	"\0378\02309\311\350\032C\010F\325\225\232\236\342p\305"
 326      39C9E81A 
 326      430846D5 
ARM GAS  C:\Users\User\AppData\Local\Temp\ccgyVcMz.s 			page 25


 326      959A9EE2 
 326      70C5
 327 09c2 FF8CBC2F 		.ascii	"\377\214\274/q\305\010\372\230\244E\224QL0\204\246?"
 327      71C508FA 
 327      98A44594 
 327      514C3084 
 327      A63F
 328 09d4 7331CF3E 		.ascii	"s1\317>\266S\\j\363U\321D\204#--\331\221\212K`\341\317"
 328      B6535C6A 
 328      F355D144 
 328      84232D2D 
 328      D9918A4B 
 329 09eb ACFCE2CC 		.ascii	"\254\374\342\314%.gL\374\202\371q\2611o\2741/f\301\353"
 329      252E674C 
 329      FC82F971 
 329      B1316FBC 
 329      312F66C1 
 330 0a00 F3DFB38A 		.ascii	"\363\337\263\212\265@\235`@\0016\333|{\234X\010q\261"
 330      B5409D60 
 330      400136DB 
 330      7C7B9C58 
 330      0871B1
 331 0a13 0E5790DA 		.ascii	"\016W\220\332\220\337\262\233\346\315\177\311N\346\331"
 331      90DFB29B 
 331      E6CD7FC9 
 331      4EE6D9
 332 0a22 ECA697E7 		.ascii	"\354\246\227\347-\260\023\233\315N\354(/\331\355\344"
 332      2DB0139B 
 332      CD4EEC28 
 332      2FD9EDE4 
 333 0a32 CFF13662 		.ascii	"\317\3616b{s\201\311f{\305\3168b\331\335J^y\325.\307"
 333      7B7381C9 
 333      667BC5CE 
 333      3862D9DD 
 333      4A5E79D5 
 334 0a48 A3E5EBAF 		.ascii	"\243\345\353\257\330M\361\363\021m\263\307\242X\021"
 334      D84DF1F3 
 334      116DB3C7 
 334      A25811
 335 0a57 F9577BE2 		.ascii	"\371W{\342/2!\247+\235\006\234\232\316\023,\024\207"
 335      2F3221A7 
 335      2B9D069C 
 335      9ACE132C 
 335      1487
 336 0a69 CB2252E9 		.ascii	"\313\"R\351\244\013\336\221H\263\033\346p\274\2634#"
 336      A40BDE91 
 336      48B31BE6 
 336      70BCB334 
 336      23
 337 0a7a C9E1889E 		.ascii	"\311\341\210\236=\333\032\027\244j\246\244E\211K\236"
 337      3DDB1A17 
 337      A46AA6A4 
 337      45894B9E 
 338 0a8a 1B85672E 		.ascii	"\033\205g.\346\350\211jO\212\037\363\330\231\352\360"
 338      E6E8896A 
 338      4F8A1FF3 
 338      D899EAF0 
ARM GAS  C:\Users\User\AppData\Local\Temp\ccgyVcMz.s 			page 26


 339 0a9a BB7E875F 		.ascii	"\273~\207_\3747\261n\2627"
 339      FC37B16E 
 339      B237
 340              		.text
 341              		.section	.gnu.lto_.symtab.a45adfd8,"",%progbits
 342 0000 7374496E 		.ascii	"stInit\000"
 342      697400
 343 0007 00       		.ascii	"\000"
 344 0008 00       		.ascii	"\000"
 345 0009 00       		.ascii	"\000"
 346 000a 00000000 		.ascii	"\000\000\000\000\000\000\000\000"
 346      00000000 
 347 0012 AE000000 		.ascii	"\256\000\000\000"
 348 0016 73745374 		.ascii	"stStartAlarm\000"
 348      61727441 
 348      6C61726D 
 348      00
 349 0023 00       		.ascii	"\000"
 350 0024 00       		.ascii	"\000"
 351 0025 00       		.ascii	"\000"
 352 0026 00000000 		.ascii	"\000\000\000\000\000\000\000\000"
 352      00000000 
 353 002e BD000000 		.ascii	"\275\000\000\000"
 354 0032 73745374 		.ascii	"stStopAlarm\000"
 354      6F70416C 
 354      61726D00 
 355 003e 00       		.ascii	"\000"
 356 003f 00       		.ascii	"\000"
 357 0040 00       		.ascii	"\000"
 358 0041 00000000 		.ascii	"\000\000\000\000\000\000\000\000"
 358      00000000 
 359 0049 BF000000 		.ascii	"\277\000\000\000"
 360 004d 73745365 		.ascii	"stSetAlarm\000"
 360      74416C61 
 360      726D00
 361 0058 00       		.ascii	"\000"
 362 0059 00       		.ascii	"\000"
 363 005a 00       		.ascii	"\000"
 364 005b 00000000 		.ascii	"\000\000\000\000\000\000\000\000"
 364      00000000 
 365 0063 C1000000 		.ascii	"\301\000\000\000"
 366 0067 73744765 		.ascii	"stGetAlarm\000"
 366      74416C61 
 366      726D00
 367 0072 00       		.ascii	"\000"
 368 0073 00       		.ascii	"\000"
 369 0074 00       		.ascii	"\000"
 370 0075 00000000 		.ascii	"\000\000\000\000\000\000\000\000"
 370      00000000 
 371 007d C4000000 		.ascii	"\304\000\000\000"
 372 0081 73745F6C 		.ascii	"st_lld_init\000"
 372      6C645F69 
 372      6E697400 
 373 008d 00       		.ascii	"\000"
 374 008e 02       		.ascii	"\002"
 375 008f 00       		.ascii	"\000"
 376 0090 00000000 		.ascii	"\000\000\000\000\000\000\000\000"
ARM GAS  C:\Users\User\AppData\Local\Temp\ccgyVcMz.s 			page 27


 376      00000000 
 377 0098 C6000000 		.ascii	"\306\000\000\000"
 378              		.text
 379              		.section	.gnu.lto_.opts,"",%progbits
 380 0000 272D666D 		.ascii	"'-fmath-errno' '-fsigned-zeros' '-ftrapping-math' '"
 380      6174682D 
 380      6572726E 
 380      6F272027 
 380      2D667369 
 381 0033 2D666E6F 		.ascii	"-fno-trapv' '-fno-openmp' '-fno-openacc' '-mcpu=cor"
 381      2D747261 
 381      70762720 
 381      272D666E 
 381      6F2D6F70 
 382 0066 7465782D 		.ascii	"tex-m7' '-mno-thumb-interwork' '-mthumb' '-ggdb' '-"
 382      6D372720 
 382      272D6D6E 
 382      6F2D7468 
 382      756D622D 
 383 0099 4F322720 		.ascii	"O2' '-fomit-frame-pointer' '-falign-functions=16' '"
 383      272D666F 
 383      6D69742D 
 383      6672616D 
 383      652D706F 
 384 00cc 2D666675 		.ascii	"-ffunction-sections' '-fdata-sections' '-fno-common"
 384      6E637469 
 384      6F6E2D73 
 384      65637469 
 384      6F6E7327 
 385 00ff 2720272D 		.ascii	"' '-flto'\000"
 385      666C746F 
 385      2700
 386              		.text
 387              		.comm	__gnu_lto_v1,1,1
 388              		.comm	__gnu_lto_slim,1,1
 389              		.ident	"GCC: (GNU Tools for ARM Embedded Processors 6-2017-q1-update) 6.3.1 20170215 (release) [AR
ARM GAS  C:\Users\User\AppData\Local\Temp\ccgyVcMz.s 			page 28


DEFINED SYMBOLS
                            *ABS*:00000000 hal_st.c
                            *COM*:00000001 __gnu_lto_v1
                            *COM*:00000001 __gnu_lto_slim

NO UNDEFINED SYMBOLS
