ARM GAS  C:\Users\User\AppData\Local\Temp\ccPqFuP2.s 			page 1


   1              		.cpu cortex-m7
   2              		.eabi_attribute 20, 1
   3              		.eabi_attribute 21, 1
   4              		.eabi_attribute 23, 3
   5              		.eabi_attribute 24, 1
   6              		.eabi_attribute 25, 1
   7              		.eabi_attribute 26, 1
   8              		.eabi_attribute 30, 2
   9              		.eabi_attribute 34, 1
  10              		.eabi_attribute 18, 4
  11              		.file	"nvic.c"
  12              		.text
  13              	.Ltext0:
  14              		.section	.gnu.lto_.profile.a45a9cad,"",%progbits
  15 0000 789C6365 		.ascii	"x\234ce`b`a```d\220\022\003\000\000\312\000="
  15      60626061 
  15      60606064 
  15      90120300 
  15      00CA003D 
  16              		.text
  17              		.section	.gnu.lto_.icf.a45a9cad,"",%progbits
  18 0000 789C6365 		.ascii	"x\234ce`b\220b@\000\026\206\027\337\372'q3~\336ur'\033"
  18      60629062 
  18      40001686 
  18      17DFFA27 
  18      71337EDE 
  19 0018 D385E635 		.ascii	"\323\205\3465\217\270\231;\356\375hab\000\000\253P\014"
  19      8FB8993B 
  19      EEFD6861 
  19      620000AB 
  19      500C
  20 002a 3B       		.ascii	";"
  21              		.text
  22              		.section	.gnu.lto_.jmpfuncs.a45a9cad,"",%progbits
  23 0000 789C6365 		.ascii	"x\234ce`b\220b@\000\026\006&FF\346\372zF \250g\202\260"
  23      60629062 
  23      40001606 
  23      264646E6 
  23      FA7A4620 
  24 0018 99416C06 		.ascii	"\231Al\006\000)\250\003:"
  24      0029A803 
  24      3A
  25              		.text
  26              		.section	.gnu.lto_.inline.a45a9cad,"",%progbits
  27 0000 789C4D8C 		.ascii	"x\234M\214\321\021\2000\014B!M\323\350\217#\324\011"
  27      D1118030 
  27      0C42214D 
  27      D3E88F23 
  27      D409
  28 0012 5CD2453A 		.ascii	"\\\322E:\222\2438\202\261\236U>\270\343\036\220!\330"
  28      92A33882 
  28      B19E553E 
  28      B8E31E90 
  28      21D8
  29 0024 F1498179 		.ascii	"\361I\201y\242pe\204\333\324\316\015\326\252@\216E\021"
  29      A2706584 
  29      DBD4CE0D 
ARM GAS  C:\Users\User\AppData\Local\Temp\ccPqFuP2.s 			page 2


  29      D6AA408E 
  29      4511
  30 0036 C9833808 		.ascii	"\311\2038\010/d\257$m\365\251\004\325~\"\310J\366\227"
  30      2F64AF24 
  30      6DF5A904 
  30      D57E22C8 
  30      4AF697
  31 0049 14BBDF41 		.ascii	"\024\273\337A(\241\330;\035pLq\001\226\277\015\245"
  31      28A1D83B 
  31      1D704C71 
  31      0196BF0D 
  31      A5
  32              		.text
  33              		.section	.gnu.lto_.pureconst.a45a9cad,"",%progbits
  34 0000 789C6365 		.ascii	"x\234ce`b\340d```a\220b\224b\222b\226\002\000\002\321"
  34      6062E064 
  34      60606061 
  34      90629462 
  34      92629602 
  35 0017 0083     		.ascii	"\000\203"
  36              		.text
  37              		.section	.gnu.lto_nvicEnableVector.a45a9cad,"",%progbits
  38 0000 789C9D53 		.ascii	"x\234\235SMHTQ\024\276\337;3\363ft\234\326\321\220."
  38      4D485451 
  38      14BEDF3B 
  38      33F36674 
  38      9CD6D190 
  39 0015 0271D363 		.ascii	"\002q\323c\010\022\332\325@;7\265\013Cj\\8\220\363\304"
  39      0812DAD5 
  39      403B37B5 
  39      0B436A5C 
  39      3890F3C4 
  40 0029 316DE775 		.ascii	"1m\347u\264\221,J\312\237\214\2067\201\345_:jVj\005"
  40      B4912C4A 
  40      CA9F8C86 
  40      3781E55F 
  40      3A6A566A 
  41 003e C320C42C 		.ascii	"\303 \304,,\012wA\213&\212Y\0306\264h\241\326\271\357"
  41      2C0A7741 
  41      8B268A59 
  41      1836B468 
  41      A1D6B9EF 
  42 0052 0D24548B 		.ascii	"\015$T\213\272p\177\3169\337w\316\371\356}\317-4q\202"
  42      BA707FCE 
  42      39DF77CE 
  42      F9EE7DCF 
  42      2D347182 
  43 0066 84880821 		.ascii	"\204\210\010!\016\360\004\011h\203\257\204\350\361j"
  43      0EF00409 
  43      6883AF84 
  43      E8F16A
  44 0075 803A482F 		.ascii	"\200:H/D\267\206n\334\240QB\256\377\323\212V7!ydGK\373"
  44      44B7866E 
  44      DCA05142 
  44      AEFFD38A 
  44      56372179 
  45 008d E5641616 		.ascii	"\345d\026\026\323\307x\252\201\011\3241\352M\337\374"
ARM GAS  C:\Users\User\AppData\Local\Temp\ccPqFuP2.s 			page 3


  45      D3C778AA 
  45      8109D431 
  45      EA4DDFFC 
  46 009d 5DBA4E16 		.ascii	"]\272N\026\001.6\277\256\337)\004\224\251\241\206\315"
  46      012E36BF 
  46      AEDF2904 
  46      94A9A186 
  46      CD
  47 00ae 1D393412 		.ascii	"\03594\022\240\263\020|\036\313\015\277\253\252\275"
  47      A0B3107C 
  47      1ECB0DBF 
  47      ABAABD
  48 00bd 2F654266 		.ascii	"/eBf\327\206H\036\262\2100\015\342\204\230B\020\223"
  48      D786481E 
  48      B288300D 
  48      E2849842 
  48      1093
  49 00cf 080A7609 		.ascii	"\010\012v\011\314\240\226\3413\211\317\233DM6\365J~"
  49      CCA096E1 
  49      3389CF9B 
  49      444D36F5 
  49      4A7E
  50 00e1 A7A097A9 		.ascii	"\247\240\227\251\037\207\313\324\207\177\240\316\242"
  50      1F87CBD4 
  50      877FA0CE 
  50      A2
  51 00ee 56E13F2C 		.ascii	"V\341?,\354\016Wy\\N\257\230\203\007\274g\336\"+w\177"
  51      EC0E5779 
  51      5C4EAF98 
  51      8307BC67 
  51      DE222B77 
  52 0103 F4CBECC6 		.ascii	"\364\313\354\306\003\214\236\364\003\012\2561\321Ej"
  52      038C9EF4 
  52      030AAE31 
  52      D1456A
  53 0112 714355D6 		.ascii	"qCU\326\371\350\366\252\305\307\213G\210\001\316\241"
  53      F9E8F6AA 
  53      C5C78B47 
  53      8801CEA1 
  54 0122 2EE72A69 		.ascii	".\347*ij\247\"\022\245\376\235L\205J\233\"-E\020E\364"
  54      6AA72212 
  54      A5FE9D4C 
  54      854A9B22 
  54      2D451045 
  55 0137 6E25E138 		.ascii	"n%\3418\210}{\257\305\003\0272\334^\021\271\221|\265"
  55      887D7BAF 
  55      C5031732 
  55      DC5E11B9 
  55      917CB5
  56 014a C27074E4 		.ascii	"\302pt\344r\356\265\256\242\272-o\351\336\227\357~\307"
  56      72EEB5AE 
  56      A2BA2D6F 
  56      E9DE97EF 
  56      7EC7
  57 015c 94B95E19 		.ascii	"\224\271^\031`\327\315\315\322r\300B\252\207o?}\320"
  57      60D7CDCD 
  57      D272C042 
ARM GAS  C:\Users\User\AppData\Local\Temp\ccPqFuP2.s 			page 4


  57      AA876F3F 
  57      7DD0
  58 016e 222F1658 		.ascii	"\"/\026X\347<'R\204\365\367\213\203\373\214Y\331\327"
  58      E73C2752 
  58      84F5F78B 
  58      83FB8C59 
  58      D9D7
  59 0180 236B2CF2 		.ascii	"#k,\362a\021\026n\333\357\242\262M\177\233\244PF\005"
  59      6111166E 
  59      DBEFA2B2 
  59      4D7F9BA4 
  59      504605
  60 0193 D3318B2A 		.ascii	"\3231\213*\360\010F\212\334\366\233-!\304-\252\206K"
  60      F008468A 
  60      DCF69B2D 
  60      21C42DAA 
  60      864B
  61 01a5 C9D442BA 		.ascii	"\311\324B\272\334\263\316a&\346\307W\267\375N\317n<"
  61      DCB3CE61 
  61      26E6C757 
  61      B7FD4ECF 
  61      6E3C
  62 01b7 B67BEEDD 		.ascii	"\266{\356\335NN\371\034\220\327\001\335\032\237[\251"
  62      4E4EF91C 
  62      90D701DD 
  62      1A9F5BA9 
  63 01c7 522037AA 		.ascii	"R 7\252\361\304\001m%\363\272\003\362\251\372k/\223"
  63      F1C4016D 
  63      25F3BA03 
  63      F2A9FA6B 
  63      2F93
  64 01d9 5E270DF0 		.ascii	"^'\015\360\024A\246:\352\215\262\372\177\321V\211e["
  64      1441A63A 
  64      EA8DB2FA 
  64      7FD15689 
  64      655B
  65 01eb 1B7ED7D6 		.ascii	"\033~\327\326i\221\037+J\233nk[U\332|v\251\342@\241"
  65      69911F2B 
  65      4A9B6E6B 
  65      5B55DA7C 
  65      76A9E240 
  66 0200 F2BF8A3D 		.ascii	"\362\277\212=\263\213i\177)\366\374W\261\027N\261M$"
  66      B38B697F 
  66      29F6FC57 
  66      B1174EB1 
  66      4D24
  67 0212 D2996BF6 		.ascii	"\322\231k\3665\332?\305\0007\312\037\011'8\023>\326"
  67      35DA3FC5 
  67      0037CA1F 
  67      09273813 
  67      3ED6
  68 0224 1869899E 		.ascii	"\030i\211\236\2176\206\325z\272\343bs\324\014\325w\036"
  68      8F3686D5 
  68      7ABAE362 
  68      73D40CD5 
  68      771E
  69 0236 69EA8AC6 		.ascii	"i\352\212\306\232\315\256\370^\277\2034\343\241\372"
ARM GAS  C:\Users\User\AppData\Local\Temp\ccPqFuP2.s 			page 5


  69      9ACDAEF8 
  69      5EBF8334 
  69      E3A1FA
  70 0245 A3861937 		.ascii	"\243\206\0317Z\316]0\332\314\366\216\270\0211[[\315"
  70      5ACE5D30 
  70      DACCF68E 
  70      B811315B 
  70      5BCD
  71 0257 9871FC54 		.ascii	"\230q\374TC\270\341\222\021\353\214F\016G\004b\256\266"
  71      43B8E192 
  71      11EB8C46 
  71      0E470462 
  71      AEB6
  72 0269 F6A8F913 		.ascii	"\366\250\371\023\270\262)\332"
  72      B8B229DA 
  73              		.text
  74              		.section	.gnu.lto_nvicDisableVector.a45a9cad,"",%progbits
  75 0000 789C9592 		.ascii	"x\234\225\222Mh\023Q\020\307\337\177g\223lm\223^\005"
  75      4D681351 
  75      10C7DF7F 
  75      67936C6D 
  75      935E05
  76 0013 83F62094 		.ascii	"\203\366 \224^\\\202`\301\233\004\274\365\2427\251\212"
  76      5E5C8260 
  76      C19B04BC 
  76      F5A237A9 
  76      8A
  77 0024 A64217EC 		.ascii	"\246B\027\354\256\230\232z\353K?R\250\250E\333\324\212"
  77      AE989A7A 
  77      EB4B3F52 
  77      A8A845DB 
  77      D48A
  78 0036 6123449A 		.ascii	"a#D\232\266\266\351G\324\326S\010\202\004\214\242\340"
  78      B6B6E947 
  78      D4D65308 
  78      82048CA2 
  78      E0
  79 0047 49F06045 		.ascii	"I\360`E\364P\251\245\007\017\265:o\327C\301\223\017"
  79      F450A9A5 
  79      070FB53A 
  79      6FD743C1 
  79      930F
  80 0059 DEC7BCFD 		.ascii	"\336\307\274\375\315\374g\346m@h\342\222&\3049!\304"
  80      CDFC67E6 
  80      6D4068E2 
  80      9226C439 
  80      21C4
  81 006b 019E2001 		.ascii	"\001\236 \001m\354\265\020iC\003\324A\032\020\375\032"
  81      6DECB510 
  81      694303D4 
  81      411A10FD 
  81      1A
  82 007c FA719B26 		.ascii	"\372q\233&\011\325\221/kZ\333\264\344Q\231,\0073rx\277"
  82      09D5912F 
  82      6B5ADBB4 
  82      E451992C 
  82      07337278 
ARM GAS  C:\Users\User\AppData\Local\Temp\ccPqFuP2.s 			page 6


  83 0091 4B424CF1 		.ascii	"KBL\361T\003\323hc\352\355\320\342\003\272E.\001:\233"
  83      5403D368 
  83      63EAEDD0 
  83      E203BA45 
  83      2E013A9B 
  84 00a5 3FEAF7D7 		.ascii	"?\352\367\327#\312\324\320\302\346/9\236\215\320Y\010"
  84      23CAD4D0 
  84      C2E62F39 
  84      9E8DD059 
  84      08
  85 00b6 3E4F5527 		.ascii	">OU'>\204[\037I9 +\257\306I\036v\2110\013\342\200\230"
  85      3E845B1F 
  85      4939202B 
  85      AFC6491E 
  85      7689300B 
  86 00cd 41144544 		.ascii	"A\024ED\005_\011\314\241U\361\237\226v'\302A\335\027"
  86      055F09CC 
  86      A155F19F 
  86      967627C2 
  86      41DD17
  87 00e0 C46304C1 		.ascii	"\304c\004\301{\351\035*r\367\367\210\254|.\340\375I"
  87      7BE91D2A 
  87      72F7F788 
  87      AC7C2EE0 
  87      FD49
  88 00f2 0350B8C6 		.ascii	"\003P\270\306\216:\251E\347% \304(\373\250\212n\220"
  88      8E3AA945 
  88      E72520C4 
  88      28FBA88A 
  88      6E90
  89 0104 A676FA86 		.ascii	"\246v\372\206\301\255L}%\017\025'GZ\216\300\012\265"
  89      C1AD4C7D 
  89      250F1527 
  89      475A8EC0 
  89      0AB5
  90 0116 C2F39D26 		.ascii	"\302\363\235&\225l\000\001\314\263<c;\231\231\006\037"
  90      956C0001 
  90      CCB33C63 
  90      3B999906 
  90      1F
  91 0127 221FBA5B 		.ascii	"\"\037\272[XX\013+H\307!,\370\320f\246\026\362!Us\371"
  91      58580B2B 
  91      48C7212C 
  91      F8D066A6 
  91      16F22155 
  92 013d C5CB8CE1 		.ascii	"\305\313\214\341\207\001J\210\262+C\325l\315T\014\003"
  92      87014A88 
  92      B22B43D5 
  92      6CCD540C 
  92      03
  93 014e D9E1EA9B 		.ascii	"\331\341\352\233\220\002\202^#\312\017\277\377l\362"
  93      9002825E 
  93      23CA0FBF 
  93      FF6CF2
  94 015d 4D591D94 		.ascii	"MY\035\224\021\276\272\263\261\265\032q\221Ks\263\363"
  94      11BEBAB3 
  94      B1B51A71 
ARM GAS  C:\Users\User\AppData\Local\Temp\ccPqFuP2.s 			page 7


  94      914B73B3 
  94      F3
  95 016e 075D0A61 		.ascii	"\007]\012a\211;\262\310j\312\241\376qy\254\331\234\227"
  95      893BB2C8 
  95      6ACAA1FE 
  95      7179ACD9 
  95      9C97
  96 0180 4369D9E2 		.ascii	"Ci\331\342\222\201e\270\270\347=\203\2126\273]\244X"
  96      928165B8 
  96      B8E73D83 
  96      8A36BB5D 
  96      A458
  97 0192 497DCCA7 		.ascii	"I}\314\247\\j\300\012L\256\320{\2422b\234\242Jf\373"
  97      5C6AC00A 
  97      4CAED07B 
  97      A232629C 
  97      A24A66FB 
  98 01a6 6B713DF4 		.ascii	"kq=\3647\235\377\021\333\207'\236\030\376\025\263]j"
  98      379DFF11 
  98      DB87279E 
  98      18FE15B3 
  98      5D6A
  99 01b8 C4532506 		.ascii	"\304S%\006O\354\031b{km\204\300*\307\334\300@~\356\246"
  99      4FEC1962 
  99      7B6B6D84 
  99      C02AC7DC 
  99      C0407EEE 
 100 01cd D778EFBF 		.ascii	"\327x\357\277\031e\234\237\204\023<\023?\336\231\350"
 100      19659C9F 
 100      84133C13 
 100      3FDE99E8 
 101 01dd B62E5A9D 		.ascii	"\266.Z\235q\265\236\356\275\326e9\261\366\324\321\363"
 101      71B59EEE 
 101      BDD66539 
 101      B1F6D4D1 
 101      F3
 102 01ee 7D96DDE5 		.ascii	"}\226\335\345\364%\367\336\373\244\223\214\265\0373"
 102      F425F7DE 
 102      FBA4938C 
 102      B51F33
 103 01fd 9DA4D97D 		.ascii	"\235\244\331}\341\262y\305\271\332\2334\023NO\217c\233"
 103      E1B279C5 
 103      B9DA9B34 
 103      134E4F8F 
 103      639B
 104 020f 274E75C4 		.ascii	"'Nu\304;\256\233v\312J\034I\010\330\177\000\340s\344"
 104      3BAE9B76 
 104      CA4A1C49 
 104      08D87F00 
 104      E073E4
 105 0222 C9       		.ascii	"\311"
 106              		.text
 107              		.section	.gnu.lto_nvicSetSystemHandlerPriority.a45a9cad,"",%progbits
 108 0000 789C6D51 		.ascii	"x\234mQMh\023Q\020\236o'\311\256\202=\027\355\241\007"
 108      4D681351 
 108      109E6F27 
 108      C9AE823D 
ARM GAS  C:\Users\User\AppData\Local\Temp\ccPqFuP2.s 			page 8


 108      17EDA107 
 109 0014 21F4D225 		.ascii	"!\364\322%\010\026\274I\316\275\350M*R\223B\026\332"
 109      0816BC49 
 109      CEBDE84D 
 109      2A529342 
 109      16DA
 110 0026 6C496AEB 		.ascii	"lIj\353\255o\223\266\301\012U\3244U\014\033(Rm\215i"
 110      AD6F93B6 
 110      C10A55D4 
 110      34550C1B 
 110      28526D8D 
 111 003b D54BB048 		.ascii	"\325K\260H\310\311\034T\364\330\223ZQ\002\006\374\351"
 111      C8C91C54 
 111      F4D8935A 
 111      510206FC 
 111      E9
 112 004c D5EABC6D 		.ascii	"\325\352\274m\204\036|\360~f\346\373\346\3157\023&\203"
 112      841E7CF0 
 112      7E66E6FB 
 112      E6CD3713 
 112      2683
 113 005e 3A207288 		.ascii	": r\210\350\204l0\301\270\371\206\310\263\014@?\224"
 113      E8846C30 
 113      C1B8F986 
 113      C8B30C40 
 113      3F94
 114 0070 059A3530 		.ascii	"\005\23250\213\033\\b4\013_\352\306\300\232\222\325"
 114      8B1B5C62 
 114      340B5FEA 
 114      C6C09A92 
 114      D5
 115 0081 28ED4516 		.ascii	"(\355E\026\324|\257\317Dwe\353\2055\014\010\352\335"
 115      D47CAFCF 
 115      447765EB 
 115      85350C08 
 115      EADD
 116 0093 DCE67D5E 		.ascii	"\334\346}^b\237\201\220\230?^\337\333\355\321\246\201"
 116      629F8190 
 116      983F5EDF 
 116      DBEDD1A6 
 116      81
 117 00a4 7E31F3B7 		.ascii	"~1\363\267_n[|\021$\357\216jy\221\350\003\245r\252\361"
 117      5F6E5B7C 
 117      1124EF8E 
 117      6A7991E8 
 117      03A572AA 
 118 00b9 B9C8EAA4 		.ascii	"\271\310\352\244\317\214u\260$\304#\364\341!\372H\\"
 118      CF8C75B0 
 118      24C423F4 
 118      E121FA48 
 118      5C
 119 00ca 840D4405 		.ascii	"\204\015D\005\276\221\373\332a\036\013\250\327Z\277"
 119      BE91FBDA 
 119      611E0BA8 
 119      D75ABF
 120 00d9 77CD2E75 		.ascii	"w\315.u\257\324\245>\376\017\265\212\250\306\177\332"
 120      AFD4A53E 
ARM GAS  C:\Users\User\AppData\Local\Temp\ccPqFuP2.s 			page 9


 120      FE0FB58A 
 120      A8C67FDA 
 121 00e9 DA2F1E8B 		.ascii	"\332/\036\213\204V\377\225\213'\210\210r\252\275GC\355"
 121      8456FF95 
 121      8B278888 
 121      72AABD47 
 121      43ED
 122 00fb FF294801 		.ascii	"\377)H\001\275;\277,\023\320\014C\270!\326G\030\372"
 122      BD3BBF2C 
 122      13D00C43 
 122      B821D647 
 122      18FA
 123 010d 73A24521 		.ascii	"s\242E!\351\206\\gC\337\334F\356g\241Z\377\000\235\250"
 123      E9865C67 
 123      43DFDC46 
 123      EE67A15A 
 123      FF009DA8 
 124 0121 CC469941 		.ascii	"\314F\231Am\344\277/t\035,\276\303\275\010#\204\232"
 124      6DE4BF2F 
 124      741D2CBE 
 124      C3BD0823 
 124      849A
 125 0133 D4D44673 		.ascii	"\324\324Fs\2715\2501\022]\236o\2765u4\022h\362\352\333"
 125      B935A831 
 125      125D9E6F 
 125      BE357534 
 125      1268F2EA 
 126 0148 77C207A6 		.ascii	"w\302\007\246\332\311\253\036\315_\311}\264|\224=iy"
 126      DAC9AB1E 
 126      CD5FC97D 
 126      B47C943D 
 126      6979
 127 015a E5B8CF26 		.ascii	"\345\270\317&\266D\334\246$\322\204o\305W\353G\355\252"
 127      B644DCA6 
 127      24D2846F 
 127      C557EB47 
 127      EDAA
 128 016c 9AF354BF 		.ascii	"\232\363T\277\317\026\236\302\307J0\014\011\256\336"
 128      CF169EC2 
 128      C74A300C 
 128      09AEDE
 129 017b 2AC76335 		.ascii	"*\307c5\035\253d|>\202g\260\313\034\016\346\364\034"
 129      1DAB647C 
 129      3E8267B0 
 129      CB1C0EE6 
 129      F41C
 130 018d 31A95046 		.ascii	"1\251PF\237\253\274X\012\012\016\346\267(\032D\233A"
 130      9FABBC58 
 130      0A0A0EE6 
 130      B7281A44 
 130      9B41
 131 019f 74217E66 		.ascii	"t!~f$\221r.;#q}\236\237\272\222t\334\330\320\364\251"
 131      2491722E 
 131      3B23717D 
 131      9E9FBA92 
 131      74DCD8D0 
 132 01b5 4B334E3A 		.ascii	"K3N:\351\316d\017\373\017\220n66t\332v\263vjt\334\236"
ARM GAS  C:\Users\User\AppData\Local\Temp\ccPqFuP2.s 			page 10


 132      E9CE640F 
 132      FB0F906E 
 132      363674DA 
 132      76B3766A 
 133 01cc 74335359 		.ascii	"t3SY;\341NL\270i\373\354\271\341\370\360U;=\355$\006"
 133      3BE14E4C 
 133      B869FBEC 
 133      B9E1F8F0 
 133      553B3DED 
 134 01e2 1364A646 		.ascii	"\023d\246F\323\311\361\261Lh2\343\270\177\001b\365\300"
 134      D3C9F1B1 
 134      4C6832E3 
 134      B87F0162 
 134      F5C0
 135 01f4 A7       		.ascii	"\247"
 136              		.text
 137              		.section	.gnu.lto_nvicClearPending.a45a9cad,"",%progbits
 138 0000 789C4D51 		.ascii	"x\234MQML\023Q\020\236og\267-\011\255W\023\033\345`"
 138      4D4C1351 
 138      109E6F67 
 138      B72D09AD 
 138      57131BE5 
 139 0015 4288099B 		.ascii	"B\210\011\233\306D\022o\246\007N\\\364fP\243\345\300"
 139      C644126F 
 139      A6074E5C 
 139      F46650A3 
 139      E5C0
 140 0027 26D23516 		.ascii	"&\3225\026\2137^\013\264\021\023!\012E\214\315\326X"
 140      8B375E0B 
 140      B4111321 
 140      0A458CCD 
 140      D658
 141 0039 C38F4201 		.ascii	"\303\217B\001=\010^\232\215\027\016h\360\252\361\240"
 141      3D085E9A 
 141      8D170E68 
 141      F0AAF1A0 
 142 0049 89890708 		.ascii	"\211\211\007\0106\036<\0002\257\353\301\227\274\331"
 142      361E3C00 
 142      32AFEBC1 
 142      97BCD9
 143 0058 996FBFF9 		.ascii	"\231o\277\371f\336\214E\006\355\202\350*\021\235\220"
 143      66DE8C45 
 143      06ED82E8 
 143      2A119D90 
 144 0068 0B261893 		.ascii	"\013&\030\223\037\210r\021\003\320\216\212\200\206\015"
 144      1F887211 
 144      03D08E8A 
 144      80860D
 145 0077 0C638267 		.ascii	"\014c\202g\030~\361\307\272\3211\247\344\324g6\302\005"
 145      187EF1C7 
 145      BAD131A7 
 145      E4D46736 
 145      C205
 146 0089 3576DC63 		.ascii	"5v\334c\242Y\271\372`\016\035\302\332\036]y\312\017"
 146      A259B9FA 
 146      600E1DC2 
 146      DA1E5D79 
ARM GAS  C:\Users\User\AppData\Local\Temp\ccPqFuP2.s 			page 11


 146      CA0F
 147 009b D863C094 		.ascii	"\330c\300\224\360\327\326\223\3571\035\032h\223\360"
 147      F0D7D693 
 147      EF311D1A 
 147      6893F0
 148 00aa 404D9562 		.ascii	"@M\225b|\005$\376\254?\3759\332\376B\251\274\252\277"
 148      7C0524FE 
 148      AC3FFD39 
 148      DAFE42A9 
 148      BCAABF
 149 00bd 9F6275DA 		.ascii	"\237bu\332c\306\"X\004\261\2008\346\021'\201\010/\321"
 149      63C62258 
 149      04B18038 
 149      E6112781 
 149      082FD1
 150 00d0 AEF9DF56 		.ascii	"\256\371\337V\017\247\243!3(\210W\010I\357T\373\204"
 150      0FA7A321 
 150      33288857 
 150      0849EF54 
 150      FB84
 151 00e2 BA3AFC5B 		.ascii	"\272:\374[T\365/UlwG\000M7$\321dmL1\226\245=\242qI\324"
 151      54F52F55 
 151      6C774700 
 151      4D3724D1 
 151      646D4C31 
 152 00fd CFBACF86 		.ascii	"\317\272\317\206\376\362O\2144\012\007\357*\320be6\312"
 152      FEF24F8C 
 152      340A07EF 
 152      2AD06265 
 152      36CA
 153 010f 0C29B359 		.ascii	"\014)\263Y\335\330o\325\035[\260\260$=\010m\277p\257"
 153      DDD86FD5 
 153      1D5BB0B0 
 153      243D086D 
 153      BF70AF
 154 0122 25207140 		.ascii	"% q@zT]^\217j\222\211SX\016H{\205\205p@2q&.T\001\363"
 154      7A545D5E 
 154      8F6A9289 
 154      53580E48 
 154      7B858570 
 155 013e 8DE23F75 		.ascii	"\215\342?uK`\001\374\322f\247\006D\2434\346\177\014"
 155      4B6001FC 
 155      D266A706 
 155      44A334E6 
 155      7F0C
 156 0150 6B8D5073 		.ascii	"k\215Ps\034o\236\355\376i\015B\345\217\250\230@\017"
 156      1C6F9EED 
 156      FE690D42 
 156      E58FA898 
 156      400F
 157 0162 771A6F63 		.ascii	"w\032oc\036\3129\031y\345\244\307a\254\310\\jRN'l}]"
 157      1ECA3919 
 157      79E5A4C7 
 157      61ACC85C 
 157      6A524E27 
 158 0179 9B3C662F 		.ascii	"\233<f/\251\321\234j\3638\202Uxx\334\\\206V[\374=\317"
 158      A9D19C6A 
ARM GAS  C:\Users\User\AppData\Local\Temp\ccPqFuP2.s 			page 12


 158      F3388255 
 158      7878DC5C 
 158      86565BFC 
 159 018f 899AFE59 		.ascii	"\211\232\376Y\311z\334\2025\330\362\304\346\242^#!\375"
 159      C97ADC82 
 159      35D8F2C4 
 159      E6A25E23 
 159      21FD
 160 01a1 D00EF295 		.ascii	"\320\016\362\225\347\023\315\366\232\013\034g\350\261"
 160      E713CDF6 
 160      9A0B1C67 
 160      E8B1
 161 01af 08E772F2 		.ascii	"\010\347r\362|o\252\337\271\341\364&\265\2754x\247\317"
 161      7C6FAADF 
 161      B9E1F426 
 161      B5BD3478 
 161      A7CF
 162 01c1 71135DD9 		.ascii	"q\023]\331\263\327\206\234t\237;\224\371\037\017\230"
 162      B3D7869C 
 162      749F3B94 
 162      F91F0F98 
 163 01d1 6E26D175 		.ascii	"n&\321u\316v3v\377\365\233\366-\367\366`\306N\271\003"
 163      CE763376 
 163      FFF59BF6 
 163      2DF7F660 
 163      C64EB903 
 164 01e5 036EDABE 		.ascii	"\003n\332\276p\261'\331s\327Ng\235Tg\212\220>\002}\316"
 164      70B127D9 
 164      73D74E67 
 164      9D54678A 
 164      903E027D 
 165 01fa BC73     		.ascii	"\274s"
 166              		.text
 167              		.section	.gnu.lto_.symbol_nodes.a45a9cad,"",%progbits
 168 0000 789C6365 		.ascii	"x\234ce`b\360b\000\002\2469L\365\014\014\023\31610\000"
 168      6062F062 
 168      0002A639 
 168      4CF50C0C 
 168      13CE3130 
 169 0015 A95D0D8E 		.ascii	"\251]\015\216@\221\271L\365\214\250\"\363\230\352\231"
 169      4091B94C 
 169      F58CA822 
 169      F398EA99 
 170 0025 5045E633 		.ascii	"PE\3463\3253\243\2100\000\000\276\274\022:"
 170      D533A388 
 170      300000BE 
 170      BC123A
 171              		.text
 172              		.section	.gnu.lto_.refs.a45a9cad,"",%progbits
 173 0000 789C6365 		.ascii	"x\234ce`b`d\000\002\000\000I\000\011"
 173      60626064 
 173      00020000 
 173      490009
 174              		.text
 175              		.section	.gnu.lto_.decls.a45a9cad,"",%progbits
 176 0000 789CDD59 		.ascii	"x\234\335Y{PTYz\357\323\247\033\232\026\320Ej2\331\260"
 176      7B505459 
ARM GAS  C:\Users\User\AppData\Local\Temp\ccPqFuP2.s 			page 13


 176      7AEFD3A7 
 176      1B9A16D0 
 176      456A32D9 
 177 0015 8999756B 		.ascii	"\211\231uk\250$+\242\233q*\225\252\210\215F\252\306"
 177      A8242BA2 
 177      9B712A95 
 177      AA888D46 
 177      AAC6
 178 0027 5DAA5137 		.ascii	"]\252Q7\225\262\212r\220]\331R\330\010\356\254\273\311"
 178      95B28A72 
 178      905DD952 
 178      D808EEAC 
 178      BBC9
 179 0039 4C23A03C 		.ascii	"L#\240<\024AAl\036\212 \017\005\004\004\001\005\264"
 179      1441416C 
 179      1E8A200F 
 179      05040401 
 179      05B4
 180 004b 45054441 		.ascii	"E\005DAEAA\336\"\"\242\303\303\027\210\220\357<.}\270"
 180      454141DE 
 180      2222A2C3 
 180      C3178890 
 180      EF3C2E7D 
 181 0060 745B5395 		.ascii	"t[S\225T\376H\027\337\275\367;\347w\277\363;\337\367"
 181      54FE4817 
 181      DFBDF73B 
 181      E777BFF3 
 181      3BDFF7
 182 0073 9DD745AD 		.ascii	"\235\327E\255P*N\377T\241\030\306\012\3051\244P\314"
 182      502A4EFF 
 182      54A118C6 
 182      0AC531A4 
 182      50CC
 183 0085 C04FAD50 		.ascii	"\300O\255P(\012\024\346\237\012\344\"\310%\020\023H"
 183      280A14E6 
 183      9F0AE422 
 183      C8251013 
 183      48
 184 0096 8D62FE6F 		.ascii	"\215b\376o7\274\353\000\367\315 N \316 % . \237\203"
 184      37BCEB00 
 184      F7CD204E 
 184      20CE2025 
 184      202E209F 
 185 00ab FC8A9401 		.ascii	"\374\212\224\001f1\310#xn\007y\0162\004\002M+\224Pn"
 185      6631C823 
 185      786E0779 
 185      0E320402 
 185      4D2B9450 
 186 00c0 07620B82 		.ascii	"\007b\013\202x{\362\337\177A\205\275\2056\344\366%\273"
 186      787BF2DF 
 186      7F4185BD 
 186      8536E4F6 
 186      25BB
 187 00d2 523B4A10 		.ascii	"R;J\020\015bm \336\017\371/\024*\264V\370\023\333\025"
 187      0D626D20 
 187      DE0FF92F 
 187      142AB456 
ARM GAS  C:\Users\User\AppData\Local\Temp\ccPqFuP2.s 			page 14


 187      F813DB15 
 188 00e6 505F06F2 		.ascii	"P_\006\362\015b6\211\235\024n\317\304\365:4\327f\204"
 188      0D623689 
 188      9D146ECF 
 188      C4F53A34 
 188      D76684
 189 00f9 159B84AF 		.ascii	"\025\233\204\257\267\005\276\344u;n\323\222\217\223"
 189      B705BEE4 
 189      753B6ED3 
 189      928F93
 190 0108 302A3B78 		.ascii	"0*;x\255Z\331\205:\020\364\011-\242\245\010\261+\242"
 190      AD5AD985 
 190      3A10F409 
 190      2DA2A508 
 190      B12BA2
 191 011b 42D519E9 		.ascii	"B\325\031\351\207\020-\207R\245\202\033\226\212\220"
 191      87102D87 
 191      52A5821B 
 191      968A90
 192 012a F406D795 		.ascii	"\364\006\327\225\\Ur\223\364\217\277\214\004\213\254"
 192      5C557293 
 192      F48FBF8C 
 192      048BAC
 193 0139 9AB524FD 		.ascii	"\232\265$\375\030w\366@_\223\336FJs\003\010\211/\010"
 193      1877F640 
 193      5F93DE46 
 193      4A730308 
 193      892F08
 194 014c 06196D5E 		.ascii	"\006\031m^?\313Oa\356\034\222z?j\2745\240\355F\235\244"
 194      3FCB4F61 
 194      EE1C927A 
 194      3F6ABC35 
 194      A0ED469D 
 195 0161 347D35A2 		.ascii	"4}5\242e)\367\3732\225\030B\013\317\335\023\271\353"
 195      6529F7FB 
 195      32951842 
 195      0BCFDD13 
 195      B9EB
 196 0173 96E51BD8 		.ascii	"\226\345\033\330O\363\367f\267u\326\237\316\303\261"
 196      4FF3F766 
 196      B775D69F 
 196      CEC3B1
 197 0182 187DAE45 		.ascii	"\030}\256E\244\315\205PT8|a\302\201\025\021D\363\241"
 197      A4CD8550 
 197      54387C61 
 197      C2811511 
 197      44F3A1
 198 0195 B153B6D8 		.ascii	"\261S\266\330\205>\337\015/J%h'-R\221V\033\223\037;"
 198      853EDF0D 
 198      2F4A2568 
 198      272D5291 
 198      561B931F 
 199 01aa 82EAAC45 		.ascii	"\202\352\254EK\222\260\322\330\360\240F\205\\\265\331"
 199      4B92B0D2 
 199      D8F0A046 
 199      855CB5D9 
 200 01ba A411D3CC 		.ascii	"\244\021\323\314\253\317\343\367\033\014JT\214\264\250"
ARM GAS  C:\Users\User\AppData\Local\Temp\ccPqFuP2.s 			page 15


 200      ABCFE3F7 
 200      1B0C4A54 
 200      8CB4A8
 201 01c9 00617406 		.ascii	"\000at\006-#\224?'\201\2174\030\366\032\342\302\014"
 201      2D23943F 
 201      27818F34 
 201      18F61AE2 
 201      C20C
 202 01db 76EB15A8 		.ascii	"v\353\025\250\020\271\240\263\310E\201\212\220+i\224"
 202      10B9A0B3 
 202      C845818A 
 202      902B6994 
 203 01eb E0503E14 		.ascii	"\340P>\024\346A!\264r\372T|\206\015.@\204\201\262\366"
 203      E64121B4 
 203      72FA547C 
 203      860D2E40 
 203      8481B2F6 
 204 01ff D2A3872A 		.ascii	"\322\243\207*\244u\265h\240\324\202\001F\346\355\331"
 204      A475B568 
 204      A0D48201 
 204      46E6EDD9 
 205 020f CF6A2308 		.ascii	"\317j#\010\231\022 s\316L\006\2701?\324Lt/R\221\324"
 205      99122073 
 205      CE4C06B8 
 205      313FD44C 
 205      742F5291 
 206 0224 2180AF55 		.ascii	"!\200\257U\244(:\353\306$\236-;\217h\341\365\231\267"
 206      A4283AEB 
 206      C6249E2D 
 206      3B8F68E1 
 206      F599B7
 207 0237 A685CC03 		.ascii	"\246\205\314\003J\342\234\221[i\013\230\007\026\201"
 207      4AE29C91 
 207      5B690B98 
 207      071681
 208 0246 7AF3EED8 		.ascii	"z\363\356\330\003\373O\217R/\207\031\026)\321\346OP"
 208      03FB4F8F 
 208      522F8719 
 208      1629D1E6 
 208      4F50
 209 0258 05102907 		.ascii	"\005\020)\007\"\012t\001}\012\3272\244bMN=\014\035\266"
 209      220A7401 
 209      7D0AD732 
 209      A4624D4E 
 209      3D0C1DB6 
 210 026c F92CDD90 		.ascii	"\371,\335\220\336c0\3255-}z\316`\000\212\006\025\301"
 210      DE6330D5 
 210      352D7D7A 
 210      CE60008A 
 210      0615C1
 211 027f A1D3668E 		.ascii	"\241\323f\216\360\010\327\\\324\215P\016\352\202\014"
 211      F008D75C 
 211      D48D500E 
 211      EA820C
 212 028e B8883E83 		.ascii	"\270\210>\203\327[\272\252G0\216\301\310\012\375kEy"
 212      D75BBAAA 
 212      47308EC1 
ARM GAS  C:\Users\User\AppData\Local\Temp\ccPqFuP2.s 			page 16


 212      C80AFD6B 
 212      4579
 213 02a0 1F1CAD72 		.ascii	"\037\034\255r\251\246\\\252$.G\317\025N+9\227\346\277"
 213      A9A65CAA 
 213      242E47CF 
 213      154E2B39 
 213      97E6BF
 214 02b3 341A4C7B 		.ascii	"4\032L{\015\304[\200B\225f&\225r&\227(\223\342w\317"
 214      0DC45B80 
 214      42956626 
 214      95722697 
 214      2893E277 
 215 02c8 C3304E63 		.ascii	"\3030NcL\262\237O^\260\227,\375\325\254%\322\247\313"
 215      4CB29F4F 
 215      5EB0972C 
 215      FDD5AC25 
 215      D2A7CB
 216 02db 664B97E5 		.ascii	"fK\227\345\226L\324RuN\222\027\276\310\014UV\264\277"
 216      964CD452 
 216      754E9217 
 216      BEC80C55 
 216      56B4BF
 217 02ee D5704343 		.ascii	"\325pCC?\231C\351\212\331\320\025\271\241\032j(\277"
 217      3F9943E9 
 217      8AD9D015 
 217      B9A11A6A 
 217      28BF
 218 0300 E544A53D 		.ascii	"\345D\245=\013\223\301\205d\352\225\375\245\\\037\261"
 218      0B93C185 
 218      64EA95FD 
 218      A55C1FB1 
 219 0310 053DA1E0 		.ascii	"\005=\241\340q9bz\2343\350\203-9\311\016,\216\206\223"
 219      7139627A 
 219      9C33E883 
 219      2D39C90E 
 219      2C8E8693 
 220 0324 080AD2A6 		.ascii	"\010\012\322\246\246\302U\370&\243\322\333:}\223\247"
 220      A6C255F8 
 220      26A3D2DB 
 220      3A7D93A7 
 221 0334 7D989A0C 		.ascii	"}\230\232\014\203\262g\207\027h#\211gi\012\222\012)"
 221      83B26787 
 221      17682389 
 221      67690A92 
 221      0A29
 222 0346 0915E806 		.ascii	"\011\025\350\006\311)\344\346\202\352Y\376\216?\272"
 222      C929E4E6 
 222      82EA59FE 
 222      8E3FBA
 223 0355 92AE758A 		.ascii	"\222\256u\212\243h\203a\211\212\306\250\026\340\327"
 223      A3688361 
 223      898AC6A8 
 223      16E0D7
 224 0364 29BC0139 		.ascii	")\274\0019I/\021t\177V\177\272\035gn\003\372\276\370"
 224      492F1174 
 224      7F567FBA 
 224      1D676E03 
ARM GAS  C:\Users\User\AppData\Local\Temp\ccPqFuP2.s 			page 17


 224      FABEF8
 225 0377 BE4C47CE 		.ascii	"\276LG\316\234\020\273\023\177\340\210\2123%\2435\366"
 225      9C10BB13 
 225      7FE0888A 
 225      3325A335 
 225      F6
 226 0388 41FCBFE0 		.ascii	"A\374\277\340\026\306\363a\361\221\"5\303~O\260\243"
 226      16C6F361 
 226      F1912235 
 226      C37E4FB0 
 226      A3
 227 0399 D3598936 		.ascii	"\323Y\2116Vy\336\221x\336f<\013#\372Ok\340m\027\230"
 227      5679DE91 
 227      78DE663C 
 227      0B23FA4F 
 227      6BE06D17 
 228 03ae 0A90300F 		.ascii	"\012\2200\017\270\260y\240\3244^\240\302\017iK\312\262"
 228      B8B079A0 
 228      D4345EA0 
 228      C20F694B 
 228      CAB2
 229 03c0 D2FE64AD 		.ascii	"\322\376d\2550\324?\2510\030\026\241\026\350\330=sl"
 229      30D43FA9 
 229      301816A1 
 229      16E8D83D 
 229      736C
 230 03d2 5C6647FA 		.ascii	"\\fG\372H\206\001\177\252@+]\320r\030\246\367a\230\272"
 230      4886017F 
 230      AA402B5D 
 230      D07218A6 
 230      F76198BA 
 231 03e6 F061DA0C 		.ascii	"\360a\332\014t\356\362q~\"\367\232\003\356c\015\030"
 231      74EEF271 
 231      7E22F79A 
 231      03EE630D 
 231      18
 232 03f7 13AF943A 		.ascii	"\023\257\224:\3166\000\303\267\204\016\337\207\320B"
 232      CE3600C3 
 232      B7840EDF 
 232      87D042
 233 0406 ABB98516 		.ascii	"\253\271\205\026d\245\211\007\226\233\030\177RUnc\016"
 233      64A58907 
 233      969B187F 
 233      52556E63 
 233      0E
 234 0417 05A2F61A 		.ascii	"\005\242\366\032\241\376\026\365H\033\015\305\035)\024"
 234      A1FE16F5 
 234      481B0DC5 
 234      1D2914
 235 0426 E9F9C661 		.ascii	"\351\371\306a[\342\276\260\037f\275\333\0201d+Zo\377"
 235      5BE2BEB0 
 235      1F66BDDB 
 235      1031642B 
 235      5A6FFF
 236 0439 98F5B2EE 		.ascii	"\230\365\262\356\204(\236\222\351d2\275\3309jZ\300\364"
 236      84289E92 
 236      E96432BD 
ARM GAS  C:\Users\User\AppData\Local\Temp\ccPqFuP2.s 			page 18


 236      D8396A5A 
 236      C0F4
 237 044b 1EE2FE89 		.ascii	"\036\342\376\211\341c-\032\036hG\320\257\216\247\216"
 237      E1632D1A 
 237      1E6847D0 
 237      AF8EA78E 
 238 045b DAE3213E 		.ascii	"\332\343!>\336\037UG\362H\257\002u\357Pq\212\235\325"
 238      DE1F5547 
 238      F248AF02 
 238      75EF5071 
 238      8A9DD5
 239 046e 40F74A81 		.ascii	"@\367J\201\356a<#\006\322:\224\362\204\354\002x'\205"
 239      EE613C23 
 239      06D23A94 
 239      F284EC02 
 239      782785
 240 0481 F7519EBD 		.ascii	"\367Q\236\275\022\317\244\027\023?\346\371(\316\371"
 240      12CFA417 
 240      133FE6F9 
 240      28CEF9
 241 0490 4E74CE47 		.ascii	"Nt\316Gg\007/\247j9K2!^\275\227\222g\213_1\226\257\242"
 241      67072FA7 
 241      6A394B32 
 241      215EBD97 
 241      92678B5F 
 242 04a8 23DEF271 		.ascii	"#\336\362qC\006\335\203\223O\336i\255\262\034\224X>"
 242      4306DD83 
 242      934FDE69 
 242      ADB21C94 
 242      583E
 243 04ba 652CA353 		.ascii	"e,\243S3\322l\344,\237\000\274\237\302\237Q\226\203"
 243      33D26CE4 
 243      2C9F00BC 
 243      9FC29F51 
 243      9683
 244 04cc 12CBC8FC 		.ascii	"\022\313\310\374\330\253\230\305\352\207\254\012\360"
 244      D8AB98C5 
 244      EA87AC0A 
 244      F0
 245 04d9 C68DF432 		.ascii	"\306\215\3642\343\234a9\3641\373o\313\336?\342\335N"
 245      E39C6139 
 245      F431FB6F 
 245      CBDE3FE2 
 245      DD4E
 246 04eb C7C4E395 		.ascii	"\307\304\343\225m\361|\035\350\021\207\2553\037\266"
 246      6DF17C1D 
 246      E81187AD 
 246      331FB6
 247 04fa A18345FB 		.ascii	"\241\203E\3731\236`~\030O\212\210\3220\360_\200Z\237"
 247      319E607E 
 247      184F8A88 
 247      D230F05F 
 247      805A9F
 248 050d 92FAD756 		.ascii	"\222\372\327V\3350*\271a\204\321\274\324\364\250\302"
 248      DD302AB9 
 248      6184D1BC 
 248      D4F4A8C2 
ARM GAS  C:\Users\User\AppData\Local\Temp\ccPqFuP2.s 			page 19


 249 051d 4EEE8697 		.ascii	"N\356\206\227\000\177A\341c\224\346\250D\263\264z4K"
 249      007F41E1 
 249      6394E6A8 
 249      44B3B47A 
 249      344B
 250 052f 9A3D08CD 		.ascii	"\232=\010\315'y}\231Z\034\246\2424\316\230b\352y8\322"
 250      27797D99 
 250      5A1CA6A2 
 250      34CE9862 
 250      EA7938D2 
 251 0543 49AC6652 		.ascii	"I\254fRF\322\354q$\253\224\002\351\304\003y\373YY\261"
 251      46D2EC71 
 251      24AB9402 
 251      E9C40379 
 251      FB5959B1 
 252 0557 121F6695 		.ascii	"\022\037f\225\037\272\343\342l\371\233$7\273\333Z\212"
 252      1FBAE3E2 
 252      6CF99B24 
 252      37BBDB5A 
 252      8A
 253 0568 ED7112AB 		.ascii	"\355q\022\253,\033\270Q+\275I*\243\012\373b\3248\235"
 253      2C1BB851 
 253      2BBD492A 
 253      A30AFB62 
 253      D4389D
 254 057b 55F6763E 		.ascii	"U\366v>\215v\304YL\251\253\335\373;\\\310\236o>\016"
 254      8D76C459 
 254      4CA9ABDD 
 254      FB3B5CC8 
 254      9E6F3E0E 
 255 058f FF07F652 		.ascii	"\377\007\366R8\231\240\257\237*>\201\231\377\322i\372"
 255      3899A0AF 
 255      9F2A3E81 
 255      99FFD269 
 255      FA
 256 05a0 975C890E 		.ascii	"\227\\\211\016[\210K)x\341\325\336\234\024\015Z\312"
 256      5B884B29 
 256      78E1D5DE 
 256      9C140D5A 
 256      CA
 257 05b1 7F8BC9C5 		.ascii	"\177\213\311\305ui\206!<\324`\272}\010_\272\335`0\364"
 257      75698621 
 257      3CD460BA 
 257      7D085FBA 
 257      DD6030F4 
 258 05c5 98107A84 		.ascii	"\230\020z\204\234P\023\314\016\321\312\305\263\343\016"
 258      9C5013CC 
 258      0ED1CAC5 
 258      B3E30E
 259 05d4 DDA47E72 		.ascii	"\335\244~r'\333U\366F\315\237\341\022\216\321s@\277"
 259      27DB55F6 
 259      46CD9FE1 
 259      128ED173 
 259      40BF
 260 05e6 E36829EE 		.ascii	"\343h)\356\350\355\034t\030\240\377\323H\321$;B\225"
 260      E8ED1C74 
 260      18A0FFD3 
ARM GAS  C:\Users\User\AppData\Local\Temp\ccPqFuP2.s 			page 20


 260      48D1243B 
 260      4295
 261 05f8 0C3D9B5A 		.ascii	"\014=\233ZWE4\231\250\206\376\304lCX\320\007n[\012\026"
 261      57453499 
 261      A886FEC4 
 261      6C4358D0 
 261      076E5B0A 
 262 060d 4F2C01DD 		.ascii	"O,\001\335\360g3\372\215\034\375Z\316\273\357Of\336"
 262      F06733FA 
 262      8D1CFD5A 
 262      CEBBEF4F 
 262      66DE
 263 061f D372DE6E 		.ascii	"\323r\336n2\360\230\000\236\222\203\337\313M7\013.y"
 263      32F09800 
 263      9E9283DF 
 263      CB4D370B 
 263      2E79
 264 0631 25478F9B 		.ascii	"%G\217\233\321\361<\015W\253\024\220%.\260N\220*\202"
 264      D1F13C0D 
 264      57AB1490 
 264      252EB04E 
 264      902A82
 265 0644 86D1850E 		.ascii	"\206\321\205\016)]\321~\345R\024\001\022\011\022\013"
 265      295DD17E 
 265      E5521401 
 265      1209120B 
 266 0654 1206B20F 		.ascii	"\022\006\262\017$\012$\006\344 H\034\310^\220\003 \341"
 266      240A2406 
 266      E420481C 
 266      C85E9003 
 266      20E1
 267 0666 CAA5742B 		.ascii	"\312\245t+\312\034\322.8\344{\271C\206\345\356\233\344"
 267      CA1CD22E 
 267      38E47BB9 
 267      4386E5EE 
 267      9BE4
 268 0678 68584151 		.ascii	"hXAQ\035GK\353*\2726\317}B\037\007\344}|<\317\266\020"
 268      1D474BEB 
 268      2ABA36CF 
 268      7D421F07 
 268      E47D7C3C 
 269 068f C8493993 		.ascii	"\310I9\223\0113\232\255O\255\223N\241\006\003\"(\005"
 269      09339AAD 
 269      4FAD934E 
 269      A1060322 
 269      2805
 270 06a1 5F9BCC9D 		.ascii	"_\233\314\235z\371\336\371\260\301P\277\234L\254\260"
 270      7AF9DEF9 
 270      B0C150BF 
 270      9C4CACB0 
 271 06b1 4F61B6A4 		.ascii	"Oa\266\244\351\026\016,\263\266 \353\247[\273\257!l"
 271      E9160E2C 
 271      B3B620EB 
 271      A75BBBAF 
 271      216C
 272 06c3 54D33530 		.ascii	"T\32350\264\352D\323\002\344\272\230\265\3214\245\201"
 272      B4EA44D3 
ARM GAS  C:\Users\User\AppData\Local\Temp\ccPqFuP2.s 			page 21


 272      02E4BA98 
 272      B5D134A5 
 272      81
 273 06d4 AD3B3A02 		.ascii	"\255;:\002/\307+gW@\322\242\345\270\240\303\020\216"
 273      2FC72B67 
 273      5740D2A2 
 273      E5B8A0C3 
 273      108E
 274 06e6 FF8DD090 		.ascii	"\377\215\320\220\301\032[<\346h\037=\273\347\246,\314"
 274      C11A5B3C 
 274      E6681F3D 
 274      BBE7A62C 
 274      CC
 275 06f7 735682D2 		.ascii	"sV\202\322\236\036I\340\016\340\332\330\316\004\276"
 275      9E1E49E0 
 275      0EE0DAD8 
 275      CE04BE
 276 0706 36E592DD 		.ascii	"6\345\222\335R\323\343\253\321|aK'zg\324K\017\234I\273"
 276      52D3E3AB 
 276      D17C614B 
 276      277A67D4 
 276      4B0F9C49 
 277 071b 88A2CBEE 		.ascii	"\210\242\313\356u\251\254\316\205\307\224|.t\243Sa\377"
 277      75A9ACCE 
 277      85C7947C 
 277      2E74A353 
 277      61FF
 278 072d EDA29285 		.ascii	"\355\242\222\205|*\014\223\246B3\332\250t\222\336!\350"
 278      7C2A0C93 
 278      A64233DA 
 278      A87492DE 
 278      21E8
 279 073f BED4BE56 		.ascii	"\276\324\276V\007\\\300\332\011/\350\354\342\213\355"
 279      075CC0DA 
 279      092FE8EC 
 279      E28BED
 280 074e 31C22122 		.ascii	"1\302!\"\247\247\026\341RV\371v_W\007\306\027\230rz"
 280      A7A716E1 
 280      5256F976 
 280      5F5707C6 
 280      1798727A 
 281 0762 B4248CB3 		.ascii	"\264$\214\263\215#\310\221\370\304\350\205\330\304*"
 281      8D23C891 
 281      F8C4E885 
 281      D8C42A
 282 0771 53D3DEFF 		.ascii	"S\323\336\377\030\327\261\3473\235y\347\371T\373\216"
 282      18D7B1E7 
 282      339D79E7 
 282      F954FB8E 
 283 0781 2C8C2FC3 		.ascii	",\214/\303\237\364\360\027?\005\265\250*\374\005?\033"
 283      9FF4F017 
 283      3F05B5A8 
 283      2AFC053F 
 283      1B
 284 0792 99C87C36 		.ascii	"\231\310|6\225;\360\011nb\257\3368uq\212\263!M\2748"
 284      953BF009 
 284      6E62AFDE 
ARM GAS  C:\Users\User\AppData\Local\Temp\ccPqFuP2.s 			page 22


 284      3875718A 
 284      B3214DBC 
 285 07a7 1C39E460 		.ascii	"\0349\344`\325\011\331\222\023\262\224l\335:\374$\307"
 285      D509D992 
 285      13B2946C 
 285      DD3AFC24 
 285      C7
 286 07b8 51BE2064 		.ascii	"Q\276 dB\3203\224\004\236C\275\220-y\341q\346\3651\033"
 286      42D03394 
 286      049E43BD 
 286      902D79E1 
 286      71E6F531 
 287 07cd BE7D24   		.ascii	"\276}$"
 288 07d0 2CF7DD3D 		.ascii	",\367\335=\3627\370!\243q\374~Z\244\032w3e\312\030g"
 288      F237F821 
 288      A371FC7E 
 288      5AA41A77 
 288      3365CA18 
 289 07e5 E23BE241 		.ascii	"\342;\342A\002L\2561n\307\203\254n`\274\3771\302/\231"
 289      024CAE31 
 289      6EC783AC 
 289      6E60BCFF 
 289      31C22F99 
 290 07f9 D23AD4D5 		.ascii	"\322:\324\325\315W\221\036\002\034\274\227\365T\215"
 290      CD57911E 
 290      021CBC97 
 290      F5548D
 291 0808 DF706462 		.ascii	"\337pdbe\265\006O3\245%\341V\222\212!\037\022\344t^"
 291      65B5064F 
 291      33A525E1 
 291      56928A21 
 291      1F12E474 
 292 081d D6B41D0E 		.ascii	"\326\264\035\016\267\241\225C\306{\351\216\370\000S"
 292      B7A19543 
 292      C67BE98E 
 292      F80053
 293 082c 32DF1497 		.ascii	"2\337\024\227\362\325\365\016A\316\324\274}\350\200"
 293      F2D5F50E 
 293      41CED4BC 
 293      7DE880
 294 083b 1358E5D3 		.ascii	"\023X\345\323\373ya6\3708S\316g\227\234\341\310z\202"
 294      FB796136 
 294      F83853CE 
 294      67979CE1 
 294      C87A82
 295 084e 7C611CB9 		.ascii	"|a\034\271\277\020g\263\312\364\351\370\214\005\322"
 295      BF1067B3 
 295      CAF4E9F8 
 295      8C05D2
 296 085d 2620F287 		.ascii	"& \362\207l\002j{3\223y\020M\304\334\233*\023\264\225"
 296      6C026A7B 
 296      33937910 
 296      4DC4DC9B 
 296      2A13B495 
 297 0871 CFCC19F7 		.ascii	"\317\314\031\367\325\354\267\301\347\230r(\254\353["
 297      D5ECB7C1 
 297      E7987228 
ARM GAS  C:\Users\User\AppData\Local\Temp\ccPqFuP2.s 			page 23


 297      ACEB5B
 298 0880 06FC67D0 		.ascii	"\006\374g\320\016\034\313\211\263a\321\355!\353\354"
 298      0E1CCB89 
 298      B361D1ED 
 298      21EBEC
 299 088f 878ED069 		.ascii	"\207\216\320i%\253&{\265\367{\273b\255G\324$E\3642\213"
 299      25AB267B 
 299      B5F77BBB 
 299      62AD47D4 
 299      2445F432 
 300 08a4 E8EDACB8 		.ascii	"\350\355\254\2700\225<\242\227 \242\3254\242WhDMRD\363"
 300      30953CA2 
 300      9720A2D5 
 300      34A25768 
 300      444D5244 
 301 08b9 1BEB3AB8 		.ascii	"\033\353:\270\377#Ib\025T\275\210\342]xE\026\356\350"
 301      FF234962 
 301      1554BD88 
 301      E25D7845 
 301      16EEE8
 302 08cc BAFEC285 		.ascii	"\272\376\302\205|%%\273\215\274}mi|\363\321A\336\177"
 302      7C2525BB 
 302      8DBC7D6D 
 302      697CF3D1 
 302      41DE7F
 303 08df 5671B955 		.ascii	"Vq\271Uc\225[\255\304\355:\343\226|\377Z\204\255\234"
 303      63955BAD 
 303      C4ED3AE3 
 303      967CFF5A 
 303      84AD9C
 304 08f2 DB35E076 		.ascii	"\3335\340v\225r\253\243\334j%nC\257\237\314hp\005\363"
 304      9572ABA3 
 304      DC6A256E 
 304      43AF9FCC 
 304      687005F3 
 305 0906 586AE991 		.ascii	"Xj\351\221\337\341K\3549\1774>\013\341\353L\211\354"
 305      DFE14BEC 
 305      397F343E 
 305      0BE1EB4C 
 305      89EC
 306 0918 DD7F8F6F 		.ascii	"\335\177\217o\030\336\321}sL|\243#\276\305*k\217\246"
 306      18DED17D 
 306      734C7CA3 
 306      23BEC52A 
 306      6B8FA6
 307 092b 24DAE13B 		.ascii	"$\332\341;L\231y\326\226\311\3736B?sL\245\225s\335Y"
 307      4C9979D6 
 307      96C9FB36 
 307      423F734C 
 307      A59573DD 
 308 0940 D89638F3 		.ascii	"\330\2268\363mIotJ\022\302\255\354\335\251\230j\243"
 308      6D496F74 
 308      4A12C2AD 
 308      ECDDA998 
 308      6AA3
 309 0952 F5C34FB3 		.ascii	"\365\303O\263\324\317\263,\021&\302\313{\220\274\237"
 309      D4CFB32C 
ARM GAS  C:\Users\User\AppData\Local\Temp\ccPqFuP2.s 			page 24


 309      1126C2CB 
 309      7B90BC9F 
 310 0962 77A09FB7 		.ascii	"w\240\237\267i?\357\321~6K\375\214j\35187\007}A\371"
 310      693FEFD1 
 310      7E364BFD 
 310      8C6AE938 
 310      37077D41 
 311 0977 11F4BD81 		.ascii	"\021\364\275\201\223\341|\270\337\241_T\370G\003'\366"
 311      93E17CB8 
 311      DFA15F54 
 311      F8470327 
 311      F6
 312 0988 D140DA3F 		.ascii	"\321@\332?9\363\375\323\370\241\270.\204\273X/j\306"
 312      39F3FDD3 
 312      F8A1B82E 
 312      84BB582F 
 312      6AC6
 313 099a 8A72F8BB 		.ascii	"\212r\370\273$\317\"\215cw\026Z\355T\273\324\2516\026"
 313      24CF228D 
 313      6377165A 
 313      ED54BBD4 
 313      A93616
 314 09ad BCB677D7 		.ascii	"\274\266w\327\333\325\362N=\000\232\255\224\346#J\263"
 314      DBD5F24E 
 314      3D009AAD 
 314      94E6234A 
 314      B3
 315 09be 5DA2D955 		.ascii	"]\242\331Ub\034\260\225w\312*:\346\372\371Z\236\206"
 315      621CB095 
 315      77CA2A3A 
 315      E6FAF95A 
 315      9E86
 316 09d0 F5447F5F 		.ascii	"\365D\177_z\356\214\032?\341\3439%\267X\203\207\231"
 316      7AEE8C1A 
 316      3FE1E339 
 316      25B75883 
 316      8799
 317 09e2 52FE32AF 		.ascii	"R\3762\257\334\201\2171\232R\225\257\032\370\372\240"
 317      DC818F31 
 317      9A5295AF 
 317      1AF8FAA0 
 318 09f2 11AA9D79 		.ascii	"\021\252\235yu\315\241\314\325x\334\346\007,\017\375"
 318      75CDA1CC 
 318      D578DCE6 
 318      072C0FFD 
 319 0a02 527797D3 		.ascii	"Rw\227\323\336&V'\236\23771\366\001\377^\312\377\011"
 319      DE265627 
 319      9E9F3731 
 319      F601FF5E 
 319      CAFF09
 320 0a15 E5DF2FF1 		.ascii	"\345\337/\361?\373z\374\242V\336[\253\350\334\201\324"
 320      3FFB7AFC 
 320      A256DE5B 
 320      ABE8DC81 
 320      D4
 321 0a26 581E862F 		.ascii	"X\036\206/A=6qr\310\001O2\222/^N\025:\342\031\246T\226"
 321      413D3671 
ARM GAS  C:\Users\User\AppData\Local\Temp\ccPqFuP2.s 			page 25


 321      72C8014F 
 321      32922F5E 
 321      4E153AE2 
 322 0a3e 57D5F2CE 		.ascii	"W\325\362\316-'\203/\377J\323\002\034n\31322\356D\211"
 322      2D27832F 
 322      FF4AD302 
 322      1C6ECB32 
 322      32EE4489 
 323 0a52 1D8E664A 		.ascii	"\035\216fJ\312x\3473\236\312\256\244\327\231\307\017"
 323      CA78E733 
 323      9ECAAEA4 
 323      D799C70F 
 324 0a62 DBE143AC 		.ascii	"\333\341C\254n&.\322h\213\023\230\222\320\224\220\271"
 324      6E262ED2 
 324      688B1398 
 324      92D09490 
 324      B9
 325 0a73 001B99F2 		.ascii	"\000\033\231\362~0\241\215\317\322\366\302)\304\231"
 325      7E30A18D 
 325      CFD2F6C2 
 325      29C499
 326 0a82 9F424C39 		.ascii	"\237BL9\011\177\213O0\350\203\266\360\013\034\272\000"
 326      097F8B4F 
 326      30E883B6 
 326      F00B1CBA 
 326      00
 327 0a93 D4B89BDD 		.ascii	"\324\270\233\335\377f\325\223\257%O\276b\211\323P\177"
 327      FF66D593 
 327      AF254FBE 
 327      6289D350 
 327      7F
 328 0aa4 EBA04A7E 		.ascii	"\353\240J~N\036\003\347\214R\347\274\241\316y-9'\323"
 328      4E1E03E7 
 328      8C52E7BC 
 328      A1CE792D 
 328      3927D3
 329 0ab7 1836A996 		.ascii	"\0306\251\226\237{\255\242\253\233;V\343S\214\343\353"
 329      9F7BADA2 
 329      AB9B3B56 
 329      E3538CE3 
 329      EB
 330 0ac8 A68E5E84 		.ascii	"\246\216^\204s\231\022~\363F\216-\316g\312\360\351\306"
 330      7399127E 
 330      F3468E2D 
 330      CE67CAF0 
 330      E9C6
 331 0ada 7A987B99 		.ascii	"z\230{\231\322?0Y\201q9S\262\2073\016\332\341*\246\324"
 331      D23F3059 
 331      81713953 
 331      B287330E 
 331      DAE12AA6 
 332 0aef 15DC48E2 		.ascii	"\025\334H\342\307\260|\262\224Nu\\\376\336\236;\344"
 332      C7B07CB2 
 332      944E755C 
 332      FEDE9E3B 
 332      E4
 333 0b00 EFC87277 		.ascii	"\357\310rw\353r\243=\256\241\340_d'\345W\330\316\236"
ARM GAS  C:\Users\User\AppData\Local\Temp\ccPqFuP2.s 			page 26


 333      EB72A33D 
 333      AEA1E05F 
 333      6427E557 
 333      D8CE9E
 334 0b13 223EF65B 		.ascii	"\">\366[\314n\256\222\316\216\002\3231\370\3149\203"
 334      CC6EAE92 
 334      CE8E02D3 
 334      31F8CC39 
 334      83
 335 0b24 21CA861E 		.ascii	"!\312\206\036\006N\303&,\013\013\207\201\\\332\333B"
 335      064EC326 
 335      2C0B0B87 
 335      815CDADB 
 335      42
 336 0b35 C4369109 		.ascii	"\3046\221\011\360\302X$f\207\007\222[]r|\347\034<\335"
 336      F0C25824 
 336      66870792 
 336      5B5D727C 
 336      E71C3CDD 
 337 0b49 7446733C 		.ascii	"tFs<le\320y9\276t\236\375\366h\301~\245\034\177q\016"
 337      6C65D079 
 337      39BE749E 
 337      FDF668C1 
 337      7EA51C7F 
 338 0b5f 9E7460F2 		.ascii	"\236t`\362[\363YfJ\016w\223\243\207\242\260\031~C\016"
 338      5BF35966 
 338      4A0E7793 
 338      A387A2B0 
 338      197E430E 
 339 0b73 67678839 		.ascii	"gg\2109\370\357\314\360\0219\274\177\036\274=F0_(\307"
 339      F8EFCCF0 
 339      1139BC7F 
 339      1EBC3D46 
 339      305F28C7 
 340 0b87 9F9D47BE 		.ascii	"\237\235G\276&R\300\017\313\361CJ\331\271mH4\237/\207"
 340      2652C00F 
 340      CBF1434A 
 340      D9B96D48 
 340      349F2F87 
 341 0b9b E7CD33DF 		.ascii	"\347\3153\337 \342\317\311\361\305\363\351\210\370\022"
 341      20E2CFC9 
 341      F1C5F3E9 
 341      88F812
 342 0baa CB7891CE 		.ascii	"\313x\221\316\001\001\236,\207\037\225\303'E\270\001"
 342      01019E2C 
 342      871F95C3 
 342      2745B801 
 343 0bba CBE08972 		.ascii	"\313\340\211r\370\230\340\372\357\345\306_\310\3215"
 343      F898E0FA 
 343      EFE5C65F 
 343      C8D135
 344 0bc9 02FABD1C 		.ascii	"\002\372\275\034\335+\242i\022\177k\316\261\017\026"
 344      DD2BA269 
 344      127F6BCE 
 344      B10F16
 345 0bd8 93463CD1 		.ascii	"\223F<\321Fcvn\202M\013=\353\020\264\264\225\341\247"
 345      4663766E 
ARM GAS  C:\Users\User\AppData\Local\Temp\ccPqFuP2.s 			page 27


 345      824D0B3D 
 345      EB10B4B4 
 345      95E1A7
 346 0beb 2CD18BCD 		.ascii	",\321\213\315bP\237\311\255?\225s\031\022\007T\267\345"
 346      62509FC9 
 346      AD3F9573 
 346      19120754 
 346      B7E5
 347 0bfd 01259EC6 		.ascii	"\001%\236\306\305\361T\207d\360\362y\343\257!J\300\177"
 347      C5F15487 
 347      64F0F279 
 347      E3AF214A 
 347      C07F
 348 0c0f 90E39BE6 		.ascii	"\220\343\233\346\345@\237\030\245T9\235\224y\370f\301"
 348      E5409F18 
 348      A554399D 
 348      9479F866 
 348      C1
 349 0c20 F1137278 		.ascii	"\361\023rx\353\274\240\212\343\257^\016\257\221w\266"
 349      EBBCA08A 
 349      E3AF5E0E 
 349      AF9177B6 
 350 0c30 E600773D 		.ascii	"\346\000w=\234\000\320)\016\227\316\005\350\344\034"
 350      9C00D029 
 350      0E97CE05 
 350      E8E41C
 351 0c3f EBE438FC 		.ascii	"\353\3448\374\035\\B\341\360\003\350q\216\226\346l~"
 351      1D5C42E1 
 351      F003E871 
 351      8E96E66C 
 351      7E
 352 0c50 9410B8F4 		.ascii	"\224\020\270\364\211\331^`y4\211\351+t\364\245\345|"
 352      89D95E60 
 352      793489E9 
 352      2B74F4A5 
 352      E57C
 353 0c62 9CE317D1 		.ascii	"\234\343\027\321\217'\344\370\343\363\307\252`~\322"
 353      8F27E4F8 
 353      E3F3C7AA 
 353      607ED2
 354 0c71 7202CF81 		.ascii	"r\002\317\201\213I\366\334\362\314!N\253}\342\264Z!"
 354      8B49F6DC 
 354      F2CC214E 
 354      AB7DE2B4 
 354      5A21
 355 0c83 C797CB93 		.ascii	"\307\227\313\223\2629J\2007\312\3417\347\301E\353U\226"
 355      B2394A80 
 355      37CAE137 
 355      E7C145EB 
 355      5596
 356 0c95 276DC195 		.ascii	"'m\301\225\355B_\337Y\316\031\306]\374\0060\003\201"
 356      ED425FDF 
 356      59CE19C6 
 356      5DFC0630 
 356      0381
 357 0ca7 9CA67504 		.ascii	"\234\246u\004N>\000\344cW\024\217\227\242\010\2208\220"
 357      4E3E00E4 
ARM GAS  C:\Users\User\AppData\Local\Temp\ccPqFuP2.s 			page 28


 357      6357148F 
 357      97A20890 
 357      3890
 358 0cb9 1320C740 		.ascii	"\023 \307@N\201\244\200\354\0079\004\222\006\022\005"
 358      4E81A480 
 358      EC073904 
 358      92061205 
 359 0cc9 920E7204 		.ascii	"\222\016r\004\244\020\244\030$\001d/H6H\011\310Q\220"
 359      A410A418 
 359      2401642F 
 359      48364809 
 359      C85190
 360 0cdc 0C90B320 		.ascii	"\014\220\263 \247A\366\201\030A\212@\316\200\034\006"
 360      A741F681 
 360      18418A40 
 360      CE801C06 
 361 0cec C9040907 		.ascii	"\311\004\011\0079\011\222\010\222\013\022\006r\000$"
 361      39099208 
 361      920B1206 
 361      720024
 362 0cfb 06A41424 		.ascii	"\006\244\024$\022$\025$\032\344\034H(H2H\036\310q\220"
 362      12241524 
 362      1AE41C48 
 362      28483248 
 362      1EC87190 
 363 0d0f 02902490 		.ascii	"\002\220$\220\203 9 \261X\372^\224\000\371;\031\311"
 363      83203920 
 363      B158FA5E 
 363      9400F93B 
 363      19C9
 364 0d21 73BE03B2 		.ascii	"s\276\003\262\370!\367\216\264eE-\362!2v@\030\337I\226"
 364      F821F78E 
 364      B465452D 
 364      F2213276 
 364      4018DF49 
 365 0d36 27613171 		.ascii	"'a1q\306\242\205\304)\263\274\036\013\221\355\023\023"
 365      C6A285C4 
 365      29B3BC1E 
 365      0B91ED13 
 365      13
 366 0d47 A1C1F282 		.ascii	"\241\301\362\202)N\303\242\365P9\374\261\034\336 \016"
 366      294EC3A2 
 366      F55039FC 
 366      B11CDE20 
 366      0E
 367 0d58 9274CB83 		.ascii	"\222t\313\203D\370$50\315>I\001j\356')b\253\353\200"
 367      44F82435 
 367      30CD3E49 
 367      016AEE27 
 367      2962ABEB 
 368 0d6d B89349B3 		.ascii	"\270\223I\263<s\011=k\027{v\313r\212\317Y\333\305\021"
 368      3C73093D 
 368      6B177B76 
 368      CB728ACF 
 368      59DBC511 
 369 0d81 3768795A 		.ascii	"7hyZ\237\263\361\211\342q\204\363$\375\360G\360\322"
 369      9FB3F189 
ARM GAS  C:\Users\User\AppData\Local\Temp\ccPqFuP2.s 			page 29


 369      E27184F3 
 369      24FDF047 
 369      F0D2
 370 0d93 29934F75 		.ascii	")\223Ou\263#\224L^R\334\007\000\377\230\333\2276\357"
 370      B323944C 
 370      5E52DC07 
 370      00FF98DB 
 370      9736EF
 371 0da6 A867DE4C 		.ascii	"\250g\336L*\316^g,\357\333\334\315\326k$6\367\301\372"
 371      2ACE5E67 
 371      2CEFDBDC 
 371      CDD66B24 
 371      36F7C1FA 
 372 0dba 5D0E974E 		.ascii	"]\016\227Nw\374\273\273`\275Y\264^dy##}\337k\352NlR"
 372      77FCBBBB 
 372      60BD59B4 
 372      5E647923 
 372      237DDF6B 
 373 0dd2 E17ABA1F 		.ascii	"\341z\272\037U\336\355}sT\215\026\273Z\032\271\250\034"
 373      55DEED7D 
 373      73548D16 
 373      BB5A1AB9 
 373      A81C
 374 0de4 06ECFFD7 		.ascii	"\006\354\377\327\301\3132\264\366 \016#\031Z\006\275"
 374      C1CB32B4 
 374      F6200E23 
 374      195A06BD 
 375 0df4 3C8F67BF 		.ascii	"<\217g\277h\222\204\245\276\272\177\277\355\240Z\374"
 375      689284A5 
 375      BEBA7FBF 
 375      EDA05AFC 
 376 0e04 E85826F8 		.ascii	"\350X&\370U\201*0\373\350\010w\362\255\346\331\373l"
 376      55812A30 
 376      FBE80877 
 376      F2ADE6D9 
 376      FB6C
 377 0e16 84EFB253 		.ascii	"\204\357\262SA\306`\343\015~\010\373\011\371\016ud8"
 377      41C660E3 
 377      0D7E08FB 
 377      09F90E75 
 377      6438
 378 0e28 16B143C1 		.ascii	"\026\261C\301 9`\237l\034?\252\305\335\014[Q\375b\005"
 378      2039609F 
 378      6C1C3FAA 
 378      C5DD0C5B 
 378      51FD6205 
 379 0e3c 83927F43 		.ascii	"\203\222\177C\334=\236\334\207\254\036\223.a~L\252\306"
 379      DC3D9EDC 
 379      87AC1E93 
 379      2E617E4C 
 379      AAC6
 380 0e4e F498D4F2 		.ascii	"\364\230\324\362\256z\322\036\017RC\252\236\314\261"
 380      AE7AD21E 
 380      0F5243AA 
 380      9ECCB1
 381 0e5d E736C8D5 		.ascii	"\3476\310\325\005!-\010\355\"\3744\220\276X\213.c\314"
 381      05212D08 
ARM GAS  C:\Users\User\AppData\Local\Temp\ccPqFuP2.s 			page 30


 381      ED22FC34 
 381      90BE588B 
 381      2E63CC
 382 0e70 07A022D9 		.ascii	"\007\240\"\331\000\346G\276#\305\226\376si\202X\327"
 382      00E647BE 
 382      23C596FE 
 382      73698258 
 382      D7
 383 0e81 D076AE62 		.ascii	"\320v\256b\027t\005\032J6hh\011\371\346\3706;K#\236"
 383      1774051A 
 383      4A366868 
 383      09F9E6F8 
 383      363B4B23 
 384 0e96 B488ED4A 		.ascii	"\264\210\355J\300]\304\204\3375\354$\261$\350\270\306"
 384      C05DC484 
 384      DF35EC24 
 384      B124E8B8 
 384      C6
 385 0ea7 93ECBF82 		.ascii	"\223\354\277\202\244\215\310\217\266\001\350\243\335"
 385      A48DC88F 
 385      B601E8A3 
 385      DD
 386 0eb4 C99D5AD1 		.ascii	"\311\235Z\321\366\365\217\331N\253\315\310\262\373Y"
 386      F6F58FD9 
 386      4EABCDC8 
 386      B2FB59
 387 0ec3 A6E18EC9 		.ascii	"\246\341\216\311`\272\332\264<e\257\311\020\266\032"
 387      60BADAB4 
 387      3C65AFC9 
 387      10B61A
 388 0ed2 D5622754 		.ascii	"\325b'T\005\2414\241\317\204W/@\311F\245\002\325\341"
 388      05A134A1 
 388      CF84572F 
 388      40C946A5 
 388      02D5E1
 389 0ee5 9F291605 		.ascii	"\237)\026\005\376!\300om\340\326\257w\370o\366\367\013"
 389      FE21C06F 
 389      6DE0D6AF 
 389      77F86FF6 
 389      F70B
 390 0ef7 09DAA5F9 		.ascii	"\011\332\245\371\327_nZ\242swWh}}w\007\004\206\254\\"
 390      D75F6E5A 
 390      A2737757 
 390      687D7D77 
 390      070486AC 
 391 0f0c E11B128E 		.ascii	"\341\033\022\216\374\376i\213\337\366\200\257\003\330"
 391      FCFE698B 
 391      DFF680AF 
 391      03D8
 392 0f1a 353864F7 		.ascii	"58d\367\266\200 \367U\177X\351\373M@\340\266\240o\202"
 392      B68020F7 
 392      557F58E9 
 392      FB4D40E0 
 392      B6A06F82 
 393 0f2e C5F22D21 		.ascii	"\305\362-!AA;\202\267\3746p\367\022\372\264d\353\256"
 393      41413B82 
 393      B7FC3670 
ARM GAS  C:\Users\User\AppData\Local\Temp\ccPqFuP2.s 			page 31


 393      F712FAB4 
 393      64EBAE
 394 0f41 9D4BFC77 		.ascii	"\235K\374w~\355\277m\233\377\266-_,[\271d\305r\367U"
 394      7EEDBF6D 
 394      9BFFB62D 
 394      5F2C5BB9 
 394      64C572F7 
 395 0f56 FFE1BE05 		.ascii	"\377\341\276\005\312\177\036\030\024\350\377s\377\255"
 395      CA7F1E18 
 395      14E8FF73 
 395      FFAD
 396 0f64 603920D0 		.ascii	"`9 \320o\307\356m\376[vn\005[\201\376[|\267\371\377"
 396      6FC7EE6D 
 396      FE5B766E 
 396      055B81FE 
 396      5B7CB7F9 
 397 0f79 66EBEE1D 		.ascii	"f\353\356\035!\276!{~\357\037\274l\273B#\321\331\363"
 397      21BE217B 
 397      7EEF1FBC 
 397      6CBB4223 
 397      D1D9F3
 398 0f8c 7FC82678 		.ascii	"\177\310&xO\360\026\337\340\220m\3204P\370w\235\324"
 398      4FF016DF 
 398      E0906DD0 
 398      3450F877 
 398      9DD4
 399 0f9e B28E     		.ascii	"\262\216"
 400 0fa0 5C7DE6B7 		.ascii	"\\}\346\267,\2243dP\260\373\252/\334\202\202\335\266"
 400      2C943364 
 400      50B0FBAA 
 400      2FDC8282 
 400      DDB6
 401 0fb2 6FDDE1F6 		.ascii	"o\335\341\366\373\240]!\301n~A;w\006\005\272y\3507\350"
 401      FBA05D21 
 401      C16E7E41 
 401      3B770605 
 401      BA79E837 
 402 0fc7 36FCD18D 		.ascii	"6\374\321\215\004`\231\237\342G\344\356\031\020l\216"
 402      0460999F 
 402      E247E4EE 
 402      19106C8E 
 403 0fd7 840B29F1 		.ascii	"\204\013)\361\361\017\361\331\023\034\342\277s\375\326"
 403      F10FF1D9 
 403      131CE2BF 
 403      73FDD6
 404 0fe6 C06D3BFC 		.ascii	"\300m;\374wy\357\012\010\332\025\020\262\207\306M\267"
 404      7779EF0A 
 404      08DA1510 
 404      B287C64D 
 404      B7
 405 0ff7 C37FEB2E 		.ascii	"\303\177\353.o\377@`\367"
 405      6FFF4060 
 405      F7
 406 1000 5B3BFD5A 		.ascii	"[;\375Z\237\265\372\315k=\377Q\351\345m\307b\367\245"
 406      9FB5FACD 
 406      6B3DFF51 
 406      E9E56DC7 
ARM GAS  C:\Users\User\AppData\Local\Temp\ccPqFuP2.s 			page 32


 406      62F7A5
 407 1013 6F882DBF 		.ascii	"o\210-\277\317V\377B\345\345\261F?\253\256Ty\351\274"
 407      CF56FF42 
 407      E5E5B146 
 407      3FABAE54 
 407      79E9BC
 408 1026 CDEA0A95 		.ascii	"\315\352\012\225\227\217\267^\243g\232;T\2565W.\207"
 408      978FB75E 
 408      A3679A3B 
 408      54AE3557 
 408      2E87
 409 1038 CAB57A95 		.ascii	"\312\265z\225\317F/\275\357\377\300\021\274\373\376"
 409      CF462FBD 
 409      EFFFC011 
 409      BCFBFE
 410 1047 7F0C71D3 		.ascii	"\177\014q\323m\360\361\362q\343\276\206\212]\376\276"
 410      6DF0F1F2 
 410      71E3BE86 
 410      8A5DFEBE 
 411 1057 7E3B5781 		.ascii	"~;W\201\243\355~\271\331K\347\273\021\"?\333\372\227"
 411      A3ED7EB9 
 411      D94BE7BB 
 411      11223FDB 
 411      FA97
 412 1069 361EEBD7 		.ascii	"6\036\353\327\370\350\364*\235\207NO\236\275\341\346"
 412      F8E8F42A 
 412      9D874E4F 
 412      9EBDE1E6 
 413 1079 B951B701 		.ascii	"\271Q\267\001n^\3646\013]e\343\251\323y\371\374ZCn\033"
 413      6E5EF436 
 413      0B5D65E3 
 413      A9D379F9 
 413      FC5A436E 
 414 108e 367BE8D4 		.ascii	"6{\350\324\360\340\363k[\270\022\215\3377A\251\027-"
 414      F0E0F36B 
 414      5BB8128D 
 414      DF3741A9 
 414      172D
 415 10a0 A5185B2F 		.ascii	"\245\030[/z\3374k\345\013R\342\361\325W\233\324\033"
 415      7ADF346B 
 415      E50B52E2 
 415      F1D5579B 
 415      D41B
 416 10b2 36AFD3AF 		.ascii	"6\257\323\257\240Wwz]\256\326y\023\022:\037\237\265"
 416      A057777A 
 416      5DAED679 
 416      13123A1F 
 416      9FB5
 417 10c4 5FC14DE7 		.ascii	"_\301M\347\343\345\251\307\272\215z\265\356+x\262\365"
 417      E3E5A9C7 
 417      BA8D7AB5 
 417      EE2B78B2 
 417      F5
 418 10d5 F2F4F5F2 		.ascii	"\362\364\365\362\361\000Z\236\276\033\326\321\233\007"
 418      F1005A9E 
 418      BE1BD6D1 
 418      9B07
ARM GAS  C:\Users\User\AppData\Local\Temp\ccPqFuP2.s 			page 33


 419 10e3 BB79B29B 		.ascii	"\273y\262\233\367:\275\312c\235\217^\265f\235\207^\275"
 419      F73ABDCA 
 419      639D8F5E 
 419      B5669D87 
 419      5EBD
 420 10f5 61035C55 		.ascii	"a\003\\U\236D_O.:\270\250}\326\353\340\321g\2757\330"
 420      9E445F4F 
 420      2E3AB8A8 
 420      7DD6EBE0 
 420      D167BD37 
 421 110a D5E931F4 		.ascii	"\325\3511\364[\355\341\245\207\336o\336\370+=\204\005"
 421      5BEDE1A5 
 421      87DE6FDE 
 421      F82B3D84 
 421      05
 422 111b 203AEF4D 		.ascii	" :\357M^\236j\2175\000\327\370\350\326Po9\370\372\376"
 422      5E9E6A8F 
 422      3500D7F8 
 422      E8D6506F 
 422      39F8FAFE 
 423 112f 6677A09F 		.ascii	"fw\240\237\257\357\262U\253\334\277\324H\232\312o\373"
 423      AFEFB255 
 423      ABDCBFD4 
 423      489ACA6F 
 423      FB
 424 1140 D65DFF0D 		.ascii	"\326]\377\0159\231#$"
 424      39992324 
 425              		.text
 426              		.section	.gnu.lto_.symtab.a45a9cad,"",%progbits
 427 0000 6E766963 		.ascii	"nvicEnableVector\000"
 427      456E6162 
 427      6C655665 
 427      63746F72 
 427      00
 428 0011 00       		.ascii	"\000"
 429 0012 00       		.ascii	"\000"
 430 0013 00       		.ascii	"\000"
 431 0014 00000000 		.ascii	"\000\000\000\000\000\000\000\000"
 431      00000000 
 432 001c BA000000 		.ascii	"\272\000\000\000"
 433 0020 6E766963 		.ascii	"nvicDisableVector\000"
 433      44697361 
 433      626C6556 
 433      6563746F 
 433      7200
 434 0032 00       		.ascii	"\000"
 435 0033 00       		.ascii	"\000"
 436 0034 00       		.ascii	"\000"
 437 0035 00000000 		.ascii	"\000\000\000\000\000\000\000\000"
 437      00000000 
 438 003d BE000000 		.ascii	"\276\000\000\000"
 439 0041 6E766963 		.ascii	"nvicSetSystemHandlerPriority\000"
 439      53657453 
 439      79737465 
 439      6D48616E 
 439      646C6572 
 440 005e 00       		.ascii	"\000"
ARM GAS  C:\Users\User\AppData\Local\Temp\ccPqFuP2.s 			page 34


 441 005f 00       		.ascii	"\000"
 442 0060 00       		.ascii	"\000"
 443 0061 00000000 		.ascii	"\000\000\000\000\000\000\000\000"
 443      00000000 
 444 0069 C0000000 		.ascii	"\300\000\000\000"
 445 006d 6E766963 		.ascii	"nvicClearPending\000"
 445      436C6561 
 445      7250656E 
 445      64696E67 
 445      00
 446 007e 00       		.ascii	"\000"
 447 007f 00       		.ascii	"\000"
 448 0080 00       		.ascii	"\000"
 449 0081 00000000 		.ascii	"\000\000\000\000\000\000\000\000"
 449      00000000 
 450 0089 C2000000 		.ascii	"\302\000\000\000"
 451              		.text
 452              		.section	.gnu.lto_.opts,"",%progbits
 453 0000 272D666D 		.ascii	"'-fmath-errno' '-fsigned-zeros' '-ftrapping-math' '"
 453      6174682D 
 453      6572726E 
 453      6F272027 
 453      2D667369 
 454 0033 2D666E6F 		.ascii	"-fno-trapv' '-fno-openmp' '-fno-openacc' '-mcpu=cor"
 454      2D747261 
 454      70762720 
 454      272D666E 
 454      6F2D6F70 
 455 0066 7465782D 		.ascii	"tex-m7' '-mno-thumb-interwork' '-mthumb' '-ggdb' '-"
 455      6D372720 
 455      272D6D6E 
 455      6F2D7468 
 455      756D622D 
 456 0099 4F322720 		.ascii	"O2' '-fomit-frame-pointer' '-falign-functions=16' '"
 456      272D666F 
 456      6D69742D 
 456      6672616D 
 456      652D706F 
 457 00cc 2D666675 		.ascii	"-ffunction-sections' '-fdata-sections' '-fno-common"
 457      6E637469 
 457      6F6E2D73 
 457      65637469 
 457      6F6E7327 
 458 00ff 2720272D 		.ascii	"' '-flto'\000"
 458      666C746F 
 458      2700
 459              		.text
 460              		.comm	__gnu_lto_v1,1,1
 461              		.comm	__gnu_lto_slim,1,1
 462              		.ident	"GCC: (GNU Tools for ARM Embedded Processors 6-2017-q1-update) 6.3.1 20170215 (release) [AR
ARM GAS  C:\Users\User\AppData\Local\Temp\ccPqFuP2.s 			page 35


DEFINED SYMBOLS
                            *ABS*:00000000 nvic.c
                            *COM*:00000001 __gnu_lto_v1
                            *COM*:00000001 __gnu_lto_slim

NO UNDEFINED SYMBOLS
